<?xml version="1.0" encoding="utf-8"?>
<TestRun id="6c6f185d-a1e4-42f5-8268-e53349b26226" name="c2kbuild@CLTBUILD23 2021-04-12 08:12:48" runUser="CMC\c2kbuild" xmlns="http://microsoft.com/schemas/VisualStudio/TeamTest/2010">
  <Times creation="2021-04-12T08:12:48.8063981-04:00" queuing="2021-04-12T08:12:48.8063981-04:00" start="2021-04-12T08:12:24.9069778-04:00" finish="2021-04-12T09:32:05.0564778-04:00" />
  <TestSettings name="default" id="b0e47a77-309e-4923-85a3-511b0bde750d">
    <Deployment runDeploymentRoot="c2kbuild_CLTBUILD23_2021-04-12_08_12_48" />
  </TestSettings>
  <Results>
    <TestResultAggregation executionId="eb28ea9c-5bb6-414b-8cfe-50da0bf2c3d3" testId="c916afc0-4642-48a1-9bd4-16a1b4aac04f" testName="OT-06F-FISAP-ColumnA-19_20" computerName="CLTBUILD23" duration="00:00:43.2845992" startTime="2021-04-12T08:48:18.6400465-04:00" endTime="2021-04-12T08:49:01.9246094-04:00" testType="ec4800e8-40e5-4ab3-8510-b8bf29b1904d" outcome="Passed" testListId="8c84fa94-04c1-424b-9868-57a2d4851a1d" relativeResultsDirectory="eb28ea9c-5bb6-414b-8cfe-50da0bf2c3d3">
      <InnerResults>
        <UnitTestResult executionId="dd55fa00-a782-4195-b8eb-eaeaf702848f" parentExecutionId="eb28ea9c-5bb6-414b-8cfe-50da0bf2c3d3" testId="768ec9a5-a95d-4b12-aba1-b637d9ab462a" testName="1- prereq-fisap-datacorrection@columna-19_20-createstudent-generictest (OT-06F-FISAP-ColumnA-19_20)" computerName="CLTBUILD23" duration="00:00:08.1486658" startTime="2021-04-12T08:48:18.6440474-04:00" endTime="2021-04-12T08:48:26.7937839-04:00" testType="13cdc9d9-ddb5-4fa4-a97d-d965ccfc6d4b" outcome="Passed" testListId="8c84fa94-04c1-424b-9868-57a2d4851a1d" relativeResultsDirectory="dd55fa00-a782-4195-b8eb-eaeaf702848f">
          <Output>
            <StdOut>C:\Agt6\_work\_temp\TestResults\c2kbuild_CLTBUILD23 2021-04-12 08_12_36\In\dd55fa00-a782-4195-b8eb-eaeaf702848f\CLTBUILD23&gt;if not defined TestLocation (set TestLocation=. ) &#xD;
&#xD;
C:\Agt6\_work\_temp\TestResults\c2kbuild_CLTBUILD23 2021-04-12 08_12_36\In\dd55fa00-a782-4195-b8eb-eaeaf702848f\CLTBUILD23&gt;set CollectionFileName=c:\agt6\_work\6\a\api\environment\regapiautomation\testdata\fisap-datacorrection\prereq-columna-19-20\..\..\..\..\..\PreReq\PreReq-CreateStudent.postman_collection.json &#xD;
&#xD;
C:\Agt6\_work\_temp\TestResults\c2kbuild_CLTBUILD23 2021-04-12 08_12_36\In\dd55fa00-a782-4195-b8eb-eaeaf702848f\CLTBUILD23&gt;set DataFileName=c:\agt6\_work\6\a\api\environment\regapiautomation\testdata\fisap-datacorrection\prereq-columna-19-20\PreReq-FISAP-DataCorrection@ColumnA-19_20-CreateStudent.data.csv &#xD;
&#xD;
C:\Agt6\_work\_temp\TestResults\c2kbuild_CLTBUILD23 2021-04-12 08_12_36\In\dd55fa00-a782-4195-b8eb-eaeaf702848f\CLTBUILD23&gt;set EnvironmentFilePath=c:\agt6\_work\6\a\api\environment\regapiautomation\testdata\fisap-datacorrection\prereq-columna-19-20\..\..\..\RegApiAutoEnvironment.postman_environment.json &#xD;
&#xD;
C:\Agt6\_work\_temp\TestResults\c2kbuild_CLTBUILD23 2021-04-12 08_12_36\In\dd55fa00-a782-4195-b8eb-eaeaf702848f\CLTBUILD23&gt;set HtmlResultsFile=CreateStudent_Html.html &#xD;
&#xD;
C:\Agt6\_work\_temp\TestResults\c2kbuild_CLTBUILD23 2021-04-12 08_12_36\In\dd55fa00-a782-4195-b8eb-eaeaf702848f\CLTBUILD23&gt;set JunitResultsFile=CreateStudent_Junit.xml &#xD;
&#xD;
C:\Agt6\_work\_temp\TestResults\c2kbuild_CLTBUILD23 2021-04-12 08_12_36\In\dd55fa00-a782-4195-b8eb-eaeaf702848f\CLTBUILD23&gt;newman run "c:\agt6\_work\6\a\api\environment\regapiautomation\testdata\fisap-datacorrection\prereq-columna-19-20\..\..\..\..\..\PreReq\PreReq-CreateStudent.postman_collection.json" -k -d "c:\agt6\_work\6\a\api\environment\regapiautomation\testdata\fisap-datacorrection\prereq-columna-19-20\PreReq-FISAP-DataCorrection@ColumnA-19_20-CreateStudent.data.csv" -e "c:\agt6\_work\6\a\api\environment\regapiautomation\testdata\fisap-datacorrection\prereq-columna-19-20\..\..\..\RegApiAutoEnvironment.postman_environment.json" -r junit,html --reporter-html-export "CreateStudent_Html.html" --reporter-junit-export "CreateStudent_Junit.xml"</StdOut>
          </Output>
          <ResultFiles>
            <ResultFile path="CLTBUILD23\CreateStudent_Html.html" />
            <ResultFile path="CLTBUILD23\CreateStudent_Junit.xml" />
          </ResultFiles>
        </UnitTestResult>
        <UnitTestResult executionId="fff06fad-e0b4-4592-b3de-ed114067b5da" parentExecutionId="eb28ea9c-5bb6-414b-8cfe-50da0bf2c3d3" testId="6850bb59-81ed-46b8-8b22-9e36dea744f8" testName="2- prereq-fisap-datacorrection@columna-19_20-importisir-generictest (OT-06F-FISAP-ColumnA-19_20)" computerName="CLTBUILD23" duration="00:00:08.2171455" startTime="2021-04-12T08:48:26.7947813-04:00" endTime="2021-04-12T08:48:35.0205107-04:00" testType="13cdc9d9-ddb5-4fa4-a97d-d965ccfc6d4b" outcome="Passed" testListId="8c84fa94-04c1-424b-9868-57a2d4851a1d" relativeResultsDirectory="fff06fad-e0b4-4592-b3de-ed114067b5da">
          <Output>
            <StdOut>C:\Agt6\_work\_temp\TestResults\c2kbuild_CLTBUILD23 2021-04-12 08_12_36\In\fff06fad-e0b4-4592-b3de-ed114067b5da\CLTBUILD23&gt;if not defined TestLocation (set TestLocation=. ) &#xD;
&#xD;
C:\Agt6\_work\_temp\TestResults\c2kbuild_CLTBUILD23 2021-04-12 08_12_36\In\fff06fad-e0b4-4592-b3de-ed114067b5da\CLTBUILD23&gt;set CollectionFileName=c:\agt6\_work\6\a\api\environment\regapiautomation\testdata\fisap-datacorrection\prereq-columna-19-20\..\..\..\..\..\PreReq\PreReq-ImportIsir.postman_collection.json &#xD;
&#xD;
C:\Agt6\_work\_temp\TestResults\c2kbuild_CLTBUILD23 2021-04-12 08_12_36\In\fff06fad-e0b4-4592-b3de-ed114067b5da\CLTBUILD23&gt;set DataFileName=c:\agt6\_work\6\a\api\environment\regapiautomation\testdata\fisap-datacorrection\prereq-columna-19-20\PreReq-FISAP-DataCorrection@ColumnA-19_20-ImportIsir.data.json &#xD;
&#xD;
C:\Agt6\_work\_temp\TestResults\c2kbuild_CLTBUILD23 2021-04-12 08_12_36\In\fff06fad-e0b4-4592-b3de-ed114067b5da\CLTBUILD23&gt;set EnvironmentFilePath=c:\agt6\_work\6\a\api\environment\regapiautomation\testdata\fisap-datacorrection\prereq-columna-19-20\..\..\..\RegApiAutoEnvironment.postman_environment.json &#xD;
&#xD;
C:\Agt6\_work\_temp\TestResults\c2kbuild_CLTBUILD23 2021-04-12 08_12_36\In\fff06fad-e0b4-4592-b3de-ed114067b5da\CLTBUILD23&gt;set HtmlResultsFile=ImportIsir_Html.html &#xD;
&#xD;
C:\Agt6\_work\_temp\TestResults\c2kbuild_CLTBUILD23 2021-04-12 08_12_36\In\fff06fad-e0b4-4592-b3de-ed114067b5da\CLTBUILD23&gt;set JunitResultsFile=ImportIsir_Junit.xml &#xD;
&#xD;
C:\Agt6\_work\_temp\TestResults\c2kbuild_CLTBUILD23 2021-04-12 08_12_36\In\fff06fad-e0b4-4592-b3de-ed114067b5da\CLTBUILD23&gt;newman run "c:\agt6\_work\6\a\api\environment\regapiautomation\testdata\fisap-datacorrection\prereq-columna-19-20\..\..\..\..\..\PreReq\PreReq-ImportIsir.postman_collection.json" -k -d "c:\agt6\_work\6\a\api\environment\regapiautomation\testdata\fisap-datacorrection\prereq-columna-19-20\PreReq-FISAP-DataCorrection@ColumnA-19_20-ImportIsir.data.json" -e "c:\agt6\_work\6\a\api\environment\regapiautomation\testdata\fisap-datacorrection\prereq-columna-19-20\..\..\..\RegApiAutoEnvironment.postman_environment.json" -r junit,html --reporter-html-export "ImportIsir_Html.html" --reporter-junit-export "ImportIsir_Junit.xml"</StdOut>
          </Output>
          <ResultFiles>
            <ResultFile path="CLTBUILD23\ImportIsir_Html.html" />
            <ResultFile path="CLTBUILD23\ImportIsir_Junit.xml" />
          </ResultFiles>
        </UnitTestResult>
        <UnitTestResult executionId="b4fb0b5f-85f1-4843-afb3-ca0b9c673443" parentExecutionId="eb28ea9c-5bb6-414b-8cfe-50da0bf2c3d3" testId="cafbfd80-4149-40e6-8b08-aac70bc3c7f8" testName="3- prereq-fisap-datacorrection@columna-19_20-enrollstudent-generictest (OT-06F-FISAP-ColumnA-19_20)" computerName="CLTBUILD23" duration="00:00:11.7817485" startTime="2021-04-12T08:48:35.0225185-04:00" endTime="2021-04-12T08:48:46.8091367-04:00" testType="13cdc9d9-ddb5-4fa4-a97d-d965ccfc6d4b" outcome="Passed" testListId="8c84fa94-04c1-424b-9868-57a2d4851a1d" relativeResultsDirectory="b4fb0b5f-85f1-4843-afb3-ca0b9c673443">
          <Output>
            <StdOut>C:\Agt6\_work\_temp\TestResults\c2kbuild_CLTBUILD23 2021-04-12 08_12_36\In\b4fb0b5f-85f1-4843-afb3-ca0b9c673443\CLTBUILD23&gt;if not defined TestLocation (set TestLocation=. ) &#xD;
&#xD;
C:\Agt6\_work\_temp\TestResults\c2kbuild_CLTBUILD23 2021-04-12 08_12_36\In\b4fb0b5f-85f1-4843-afb3-ca0b9c673443\CLTBUILD23&gt;set CollectionFileName=c:\agt6\_work\6\a\api\environment\regapiautomation\testdata\fisap-datacorrection\prereq-columna-19-20\..\..\..\..\..\PreReq\PreReq-EnrollStudent.postman_collection.json &#xD;
&#xD;
C:\Agt6\_work\_temp\TestResults\c2kbuild_CLTBUILD23 2021-04-12 08_12_36\In\b4fb0b5f-85f1-4843-afb3-ca0b9c673443\CLTBUILD23&gt;set DataFileName=c:\agt6\_work\6\a\api\environment\regapiautomation\testdata\fisap-datacorrection\prereq-columna-19-20\PreReq-FISAP-DataCorrection@ColumnA-19_20-EnrollStudent.data.csv &#xD;
&#xD;
C:\Agt6\_work\_temp\TestResults\c2kbuild_CLTBUILD23 2021-04-12 08_12_36\In\b4fb0b5f-85f1-4843-afb3-ca0b9c673443\CLTBUILD23&gt;set EnvironmentFilePath=c:\agt6\_work\6\a\api\environment\regapiautomation\testdata\fisap-datacorrection\prereq-columna-19-20\..\..\..\RegApiAutoEnvironment.postman_environment.json &#xD;
&#xD;
C:\Agt6\_work\_temp\TestResults\c2kbuild_CLTBUILD23 2021-04-12 08_12_36\In\b4fb0b5f-85f1-4843-afb3-ca0b9c673443\CLTBUILD23&gt;set HtmlResultsFile=NoClasses-EnrollStudent_Html.html &#xD;
&#xD;
C:\Agt6\_work\_temp\TestResults\c2kbuild_CLTBUILD23 2021-04-12 08_12_36\In\b4fb0b5f-85f1-4843-afb3-ca0b9c673443\CLTBUILD23&gt;set JunitResultsFile=NoClasses-EnrollStudent_Junit.xml &#xD;
&#xD;
C:\Agt6\_work\_temp\TestResults\c2kbuild_CLTBUILD23 2021-04-12 08_12_36\In\b4fb0b5f-85f1-4843-afb3-ca0b9c673443\CLTBUILD23&gt;newman run "c:\agt6\_work\6\a\api\environment\regapiautomation\testdata\fisap-datacorrection\prereq-columna-19-20\..\..\..\..\..\PreReq\PreReq-EnrollStudent.postman_collection.json" -k -d "c:\agt6\_work\6\a\api\environment\regapiautomation\testdata\fisap-datacorrection\prereq-columna-19-20\PreReq-FISAP-DataCorrection@ColumnA-19_20-EnrollStudent.data.csv" -e "c:\agt6\_work\6\a\api\environment\regapiautomation\testdata\fisap-datacorrection\prereq-columna-19-20\..\..\..\RegApiAutoEnvironment.postman_environment.json" -r junit,html --reporter-html-export "NoClasses-EnrollStudent_Html.html" --reporter-junit-export "NoClasses-EnrollStudent_Junit.xml"</StdOut>
          </Output>
          <ResultFiles>
            <ResultFile path="CLTBUILD23\NoClasses-EnrollStudent_Html.html" />
            <ResultFile path="CLTBUILD23\NoClasses-EnrollStudent_Junit.xml" />
          </ResultFiles>
        </UnitTestResult>
        <UnitTestResult executionId="b2b6fb53-6533-4db1-86be-f1d9113b8039" parentExecutionId="eb28ea9c-5bb6-414b-8cfe-50da0bf2c3d3" testId="0cd6de74-1be3-4054-8a82-3b01f88588b2" testName="4- prereq-fisap-datacorrection@columna-19_20-registerclassandpostattendance-generictest (OT-06F-FISAP-ColumnA-19_20)" computerName="CLTBUILD23" duration="00:00:08.3384959" startTime="2021-04-12T08:48:46.8101368-04:00" endTime="2021-04-12T08:48:55.1568674-04:00" testType="13cdc9d9-ddb5-4fa4-a97d-d965ccfc6d4b" outcome="Passed" testListId="8c84fa94-04c1-424b-9868-57a2d4851a1d" relativeResultsDirectory="b2b6fb53-6533-4db1-86be-f1d9113b8039">
          <Output>
            <StdOut>C:\Agt6\_work\_temp\TestResults\c2kbuild_CLTBUILD23 2021-04-12 08_12_36\In\b2b6fb53-6533-4db1-86be-f1d9113b8039\CLTBUILD23&gt;if not defined TestLocation (set TestLocation=. ) &#xD;
&#xD;
C:\Agt6\_work\_temp\TestResults\c2kbuild_CLTBUILD23 2021-04-12 08_12_36\In\b2b6fb53-6533-4db1-86be-f1d9113b8039\CLTBUILD23&gt;set CollectionFileName=c:\agt6\_work\6\a\api\environment\regapiautomation\testdata\fisap-datacorrection\prereq-columna-19-20\..\..\..\..\..\PreReq\PreReq-RegisterClassAndPostAttendanceForStudent.postman_collection.json &#xD;
&#xD;
C:\Agt6\_work\_temp\TestResults\c2kbuild_CLTBUILD23 2021-04-12 08_12_36\In\b2b6fb53-6533-4db1-86be-f1d9113b8039\CLTBUILD23&gt;set DataFileName=c:\agt6\_work\6\a\api\environment\regapiautomation\testdata\fisap-datacorrection\prereq-columna-19-20\PreReq-FISAP-DataCorrection@ColumnA-19_20-RegisterClassAndPostAttendance.csv &#xD;
&#xD;
C:\Agt6\_work\_temp\TestResults\c2kbuild_CLTBUILD23 2021-04-12 08_12_36\In\b2b6fb53-6533-4db1-86be-f1d9113b8039\CLTBUILD23&gt;set EnvironmentFilePath=c:\agt6\_work\6\a\api\environment\regapiautomation\testdata\fisap-datacorrection\prereq-columna-19-20\..\..\..\RegApiAutoEnvironment.postman_environment.json &#xD;
&#xD;
C:\Agt6\_work\_temp\TestResults\c2kbuild_CLTBUILD23 2021-04-12 08_12_36\In\b2b6fb53-6533-4db1-86be-f1d9113b8039\CLTBUILD23&gt;set HtmlResultsFile=PreReq-RegisterClassAndPostAttendance_Html.html &#xD;
&#xD;
C:\Agt6\_work\_temp\TestResults\c2kbuild_CLTBUILD23 2021-04-12 08_12_36\In\b2b6fb53-6533-4db1-86be-f1d9113b8039\CLTBUILD23&gt;set JunitResultsFile=PreReq-RegisterClassAndPostAttendance_Junit.xml &#xD;
&#xD;
C:\Agt6\_work\_temp\TestResults\c2kbuild_CLTBUILD23 2021-04-12 08_12_36\In\b2b6fb53-6533-4db1-86be-f1d9113b8039\CLTBUILD23&gt;newman run "c:\agt6\_work\6\a\api\environment\regapiautomation\testdata\fisap-datacorrection\prereq-columna-19-20\..\..\..\..\..\PreReq\PreReq-RegisterClassAndPostAttendanceForStudent.postman_collection.json" -k -d "c:\agt6\_work\6\a\api\environment\regapiautomation\testdata\fisap-datacorrection\prereq-columna-19-20\PreReq-FISAP-DataCorrection@ColumnA-19_20-RegisterClassAndPostAttendance.csv" -e "c:\agt6\_work\6\a\api\environment\regapiautomation\testdata\fisap-datacorrection\prereq-columna-19-20\..\..\..\RegApiAutoEnvironment.postman_environment.json" -r junit,html --reporter-html-export "PreReq-RegisterClassAndPostAttendance_Html.html" --reporter-junit-export "PreReq-RegisterClassAndPostAttendance_Junit.xml"</StdOut>
          </Output>
          <ResultFiles>
            <ResultFile path="CLTBUILD23\PreReq-RegisterClassAndPostAttendance_Html.html" />
            <ResultFile path="CLTBUILD23\PreReq-RegisterClassAndPostAttendance_Junit.xml" />
          </ResultFiles>
        </UnitTestResult>
        <UnitTestResult executionId="5b8a508a-1943-4db6-8b4d-8694e1d3f8d0" parentExecutionId="eb28ea9c-5bb6-414b-8cfe-50da0bf2c3d3" testId="efb1ad48-d093-442e-b5e5-d71193fee412" testName="5- fisap-datacorrection@columna-19_20-generictest (OT-06F-FISAP-ColumnA-19_20)" computerName="CLTBUILD23" duration="00:00:06.7575702" startTime="2021-04-12T08:48:55.1648676-04:00" endTime="2021-04-12T08:49:01.9236110-04:00" testType="13cdc9d9-ddb5-4fa4-a97d-d965ccfc6d4b" outcome="Passed" testListId="8c84fa94-04c1-424b-9868-57a2d4851a1d" relativeResultsDirectory="5b8a508a-1943-4db6-8b4d-8694e1d3f8d0">
          <Output>
            <StdOut>C:\Agt6\_work\_temp\TestResults\c2kbuild_CLTBUILD23 2021-04-12 08_12_36\In\5b8a508a-1943-4db6-8b4d-8694e1d3f8d0\CLTBUILD23&gt;if not defined TestLocation (set TestLocation=. ) &#xD;
&#xD;
C:\Agt6\_work\_temp\TestResults\c2kbuild_CLTBUILD23 2021-04-12 08_12_36\In\5b8a508a-1943-4db6-8b4d-8694e1d3f8d0\CLTBUILD23&gt;set CollectionFileName=c:\agt6\_work\6\a\api\environment\regapiautomation\testdata\fisap-datacorrection\..\..\..\..\Tests\FISAP-DataCorrection\FISAP-DataCorrection@ColumnA.postman_collection.json &#xD;
&#xD;
C:\Agt6\_work\_temp\TestResults\c2kbuild_CLTBUILD23 2021-04-12 08_12_36\In\5b8a508a-1943-4db6-8b4d-8694e1d3f8d0\CLTBUILD23&gt;set DataFileName=c:\agt6\_work\6\a\api\environment\regapiautomation\testdata\fisap-datacorrection\FISAP-DataCorrection@ColumnA-19_20.data.json &#xD;
&#xD;
C:\Agt6\_work\_temp\TestResults\c2kbuild_CLTBUILD23 2021-04-12 08_12_36\In\5b8a508a-1943-4db6-8b4d-8694e1d3f8d0\CLTBUILD23&gt;set EnvironmentFilePath=c:\agt6\_work\6\a\api\environment\regapiautomation\testdata\fisap-datacorrection\..\..\RegApiAutoEnvironment.postman_environment.json &#xD;
&#xD;
C:\Agt6\_work\_temp\TestResults\c2kbuild_CLTBUILD23 2021-04-12 08_12_36\In\5b8a508a-1943-4db6-8b4d-8694e1d3f8d0\CLTBUILD23&gt;set HtmlResultsFile=FISAP-DataCorrection@ColumnA-19_20-Html.html &#xD;
&#xD;
C:\Agt6\_work\_temp\TestResults\c2kbuild_CLTBUILD23 2021-04-12 08_12_36\In\5b8a508a-1943-4db6-8b4d-8694e1d3f8d0\CLTBUILD23&gt;set JunitResultsFile=FISAP-DataCorrection@ColumnA-19_20-Junit.xml &#xD;
&#xD;
C:\Agt6\_work\_temp\TestResults\c2kbuild_CLTBUILD23 2021-04-12 08_12_36\In\5b8a508a-1943-4db6-8b4d-8694e1d3f8d0\CLTBUILD23&gt;newman run "c:\agt6\_work\6\a\api\environment\regapiautomation\testdata\fisap-datacorrection\..\..\..\..\Tests\FISAP-DataCorrection\FISAP-DataCorrection@ColumnA.postman_collection.json" -k -d "c:\agt6\_work\6\a\api\environment\regapiautomation\testdata\fisap-datacorrection\FISAP-DataCorrection@ColumnA-19_20.data.json" -e "c:\agt6\_work\6\a\api\environment\regapiautomation\testdata\fisap-datacorrection\..\..\RegApiAutoEnvironment.postman_environment.json" -r junit,html --reporter-html-export "FISAP-DataCorrection@ColumnA-19_20-Html.html" --reporter-junit-export "FISAP-DataCorrection@ColumnA-19_20-Junit.xml"</StdOut>
          </Output>
          <ResultFiles>
            <ResultFile path="CLTBUILD23\FISAP-DataCorrection@ColumnA-19_20-Html.html" />
            <ResultFile path="CLTBUILD23\FISAP-DataCorrection@ColumnA-19_20-Junit.xml" />
          </ResultFiles>
        </UnitTestResult>
      </InnerResults>
    </TestResultAggregation>
    <TestResultAggregation executionId="92c277e4-69b2-4643-88f6-7d6d221107a3" testId="654d5d4c-cfba-4e84-82a8-b6849b36e60b" testName="OT-12C-StudentIsir-Corrections-Submit-21_22" computerName="CLTBUILD23" duration="00:00:14.8103566" startTime="2021-04-12T09:29:17.9022734-04:00" endTime="2021-04-12T09:29:32.7122309-04:00" testType="ec4800e8-40e5-4ab3-8510-b8bf29b1904d" outcome="Passed" testListId="8c84fa94-04c1-424b-9868-57a2d4851a1d" relativeResultsDirectory="92c277e4-69b2-4643-88f6-7d6d221107a3">
      <InnerResults>
        <UnitTestResult executionId="0cf36ab0-3d66-40ee-a391-c21f380adb4b" parentExecutionId="92c277e4-69b2-4643-88f6-7d6d221107a3" testId="0eae1b98-54a3-47a3-8254-c307991db850" testName="1- prereq-appproc-studentisir-corrections@hp-submit-21_22-generictest (OT-12C-StudentIsir-Corrections-Submit-21_22)" computerName="CLTBUILD23" duration="00:00:08.1883044" startTime="2021-04-12T09:29:17.9032753-04:00" endTime="2021-04-12T09:29:26.0926925-04:00" testType="13cdc9d9-ddb5-4fa4-a97d-d965ccfc6d4b" outcome="Passed" testListId="8c84fa94-04c1-424b-9868-57a2d4851a1d" relativeResultsDirectory="0cf36ab0-3d66-40ee-a391-c21f380adb4b">
          <Output>
            <StdOut>C:\Agt6\_work\_temp\TestResults\c2kbuild_CLTBUILD23 2021-04-12 08_12_36\In\0cf36ab0-3d66-40ee-a391-c21f380adb4b\CLTBUILD23&gt;if not defined TestLocation (set TestLocation=. ) &#xD;
&#xD;
C:\Agt6\_work\_temp\TestResults\c2kbuild_CLTBUILD23 2021-04-12 08_12_36\In\0cf36ab0-3d66-40ee-a391-c21f380adb4b\CLTBUILD23&gt;set CollectionFileName=c:\agt6\_work\6\a\api\environment\regapiautomation\testdata\studentisir\prereq-corrections-hp-submit-21_22\..\..\..\..\..\PreReq\PreReq-ImportISIR.postman_collection.json &#xD;
&#xD;
C:\Agt6\_work\_temp\TestResults\c2kbuild_CLTBUILD23 2021-04-12 08_12_36\In\0cf36ab0-3d66-40ee-a391-c21f380adb4b\CLTBUILD23&gt;set DataFileName=c:\agt6\_work\6\a\api\environment\regapiautomation\testdata\studentisir\prereq-corrections-hp-submit-21_22\PreReq-AppProc-StudentISIR-Corrections@HP-Submit-21_22.data.json &#xD;
&#xD;
C:\Agt6\_work\_temp\TestResults\c2kbuild_CLTBUILD23 2021-04-12 08_12_36\In\0cf36ab0-3d66-40ee-a391-c21f380adb4b\CLTBUILD23&gt;set EnvironmentFilePath=c:\agt6\_work\6\a\api\environment\regapiautomation\testdata\studentisir\prereq-corrections-hp-submit-21_22\..\..\..\RegApiAutoEnvironment.postman_environment.json &#xD;
&#xD;
C:\Agt6\_work\_temp\TestResults\c2kbuild_CLTBUILD23 2021-04-12 08_12_36\In\0cf36ab0-3d66-40ee-a391-c21f380adb4b\CLTBUILD23&gt;set HtmlResultsFile=PreReq-AppProc-StudentISIR-Corrections@HP-Submit-21_22_Html.html &#xD;
&#xD;
C:\Agt6\_work\_temp\TestResults\c2kbuild_CLTBUILD23 2021-04-12 08_12_36\In\0cf36ab0-3d66-40ee-a391-c21f380adb4b\CLTBUILD23&gt;set JunitResultsFile=PreReq-AppProc-StudentISIR-Corrections@HP-Submit-21_22_Junit.xml &#xD;
&#xD;
C:\Agt6\_work\_temp\TestResults\c2kbuild_CLTBUILD23 2021-04-12 08_12_36\In\0cf36ab0-3d66-40ee-a391-c21f380adb4b\CLTBUILD23&gt;newman run "c:\agt6\_work\6\a\api\environment\regapiautomation\testdata\studentisir\prereq-corrections-hp-submit-21_22\..\..\..\..\..\PreReq\PreReq-ImportISIR.postman_collection.json" -k -d "c:\agt6\_work\6\a\api\environment\regapiautomation\testdata\studentisir\prereq-corrections-hp-submit-21_22\PreReq-AppProc-StudentISIR-Corrections@HP-Submit-21_22.data.json" -e "c:\agt6\_work\6\a\api\environment\regapiautomation\testdata\studentisir\prereq-corrections-hp-submit-21_22\..\..\..\RegApiAutoEnvironment.postman_environment.json" -r junit,html --reporter-html-export "PreReq-AppProc-StudentISIR-Corrections@HP-Submit-21_22_Html.html" --reporter-junit-export "PreReq-AppProc-StudentISIR-Corrections@HP-Submit-21_22_Junit.xml"</StdOut>
          </Output>
          <ResultFiles>
            <ResultFile path="CLTBUILD23\PreReq-AppProc-StudentISIR-Corrections@HP-Submit-21_22_Html.html" />
            <ResultFile path="CLTBUILD23\PreReq-AppProc-StudentISIR-Corrections@HP-Submit-21_22_Junit.xml" />
          </ResultFiles>
        </UnitTestResult>
        <UnitTestResult executionId="9ee49bec-f759-433e-b2f9-f1eb4baea1e2" parentExecutionId="92c277e4-69b2-4643-88f6-7d6d221107a3" testId="b69c1963-70e4-4759-9f98-e185892c0bd9" testName="2- appproc-studentisir-corrections@hp-submit-21_22-generictest (OT-12C-StudentIsir-Corrections-Submit-21_22)" computerName="CLTBUILD23" duration="00:00:06.6087212" startTime="2021-04-12T09:29:26.0936988-04:00" endTime="2021-04-12T09:29:32.7112299-04:00" testType="13cdc9d9-ddb5-4fa4-a97d-d965ccfc6d4b" outcome="Passed" testListId="8c84fa94-04c1-424b-9868-57a2d4851a1d" relativeResultsDirectory="9ee49bec-f759-433e-b2f9-f1eb4baea1e2">
          <Output>
            <StdOut>C:\Agt6\_work\_temp\TestResults\c2kbuild_CLTBUILD23 2021-04-12 08_12_36\In\9ee49bec-f759-433e-b2f9-f1eb4baea1e2\CLTBUILD23&gt;if not defined TestLocation (set TestLocation=. ) &#xD;
&#xD;
C:\Agt6\_work\_temp\TestResults\c2kbuild_CLTBUILD23 2021-04-12 08_12_36\In\9ee49bec-f759-433e-b2f9-f1eb4baea1e2\CLTBUILD23&gt;set CollectionFileName=c:\agt6\_work\6\a\api\environment\regapiautomation\testdata\studentisir\..\..\..\..\Tests\StudentIsir\AppProc-StudentISIR-Corrections@HP-Submit.postman_collection.json &#xD;
&#xD;
C:\Agt6\_work\_temp\TestResults\c2kbuild_CLTBUILD23 2021-04-12 08_12_36\In\9ee49bec-f759-433e-b2f9-f1eb4baea1e2\CLTBUILD23&gt;set DataFileName=c:\agt6\_work\6\a\api\environment\regapiautomation\testdata\studentisir\AppProc-StudentISIR-Corrections@HP-Submit-21_22.data.json &#xD;
&#xD;
C:\Agt6\_work\_temp\TestResults\c2kbuild_CLTBUILD23 2021-04-12 08_12_36\In\9ee49bec-f759-433e-b2f9-f1eb4baea1e2\CLTBUILD23&gt;set EnvironmentFilePath=c:\agt6\_work\6\a\api\environment\regapiautomation\testdata\studentisir\..\..\RegApiAutoEnvironment.postman_environment.json &#xD;
&#xD;
C:\Agt6\_work\_temp\TestResults\c2kbuild_CLTBUILD23 2021-04-12 08_12_36\In\9ee49bec-f759-433e-b2f9-f1eb4baea1e2\CLTBUILD23&gt;set HtmlResultsFile=AppProc-StudentISIR-Corrections@HP-Submit-21_22_Html.html &#xD;
&#xD;
C:\Agt6\_work\_temp\TestResults\c2kbuild_CLTBUILD23 2021-04-12 08_12_36\In\9ee49bec-f759-433e-b2f9-f1eb4baea1e2\CLTBUILD23&gt;set JunitResultsFile=AppProc-StudentISIR-Corrections@HP-Submit-21_22_Junit.xml &#xD;
&#xD;
C:\Agt6\_work\_temp\TestResults\c2kbuild_CLTBUILD23 2021-04-12 08_12_36\In\9ee49bec-f759-433e-b2f9-f1eb4baea1e2\CLTBUILD23&gt;newman run "c:\agt6\_work\6\a\api\environment\regapiautomation\testdata\studentisir\..\..\..\..\Tests\StudentIsir\AppProc-StudentISIR-Corrections@HP-Submit.postman_collection.json" -k -d "c:\agt6\_work\6\a\api\environment\regapiautomation\testdata\studentisir\AppProc-StudentISIR-Corrections@HP-Submit-21_22.data.json" -e "c:\agt6\_work\6\a\api\environment\regapiautomation\testdata\studentisir\..\..\RegApiAutoEnvironment.postman_environment.json" -r junit,html --reporter-html-export "AppProc-StudentISIR-Corrections@HP-Submit-21_22_Html.html" --reporter-junit-export "AppProc-StudentISIR-Corrections@HP-Submit-21_22_Junit.xml"</StdOut>
          </Output>
          <ResultFiles>
            <ResultFile path="CLTBUILD23\AppProc-StudentISIR-Corrections@HP-Submit-21_22_Html.html" />
            <ResultFile path="CLTBUILD23\AppProc-StudentISIR-Corrections@HP-Submit-21_22_Junit.xml" />
          </ResultFiles>
        </UnitTestResult>
      </InnerResults>
    </TestResultAggregation>
    <TestResultAggregation executionId="8971dc7e-2b15-41da-8713-87a8ed9cc069" testId="20e8c348-5bbf-4880-a147-dbcd16fa467a" testName="OT-08A-IsirMatch-21_22" computerName="CLTBUILD23" duration="00:00:16.6778722" startTime="2021-04-12T09:18:32.9958127-04:00" endTime="2021-04-12T09:18:49.6766212-04:00" testType="ec4800e8-40e5-4ab3-8510-b8bf29b1904d" outcome="Passed" testListId="8c84fa94-04c1-424b-9868-57a2d4851a1d" relativeResultsDirectory="8971dc7e-2b15-41da-8713-87a8ed9cc069">
      <InnerResults>
        <UnitTestResult executionId="42c5669d-c9c2-46b9-b769-f48b2bd37da4" parentExecutionId="8971dc7e-2b15-41da-8713-87a8ed9cc069" testId="43285357-7831-4013-9eb6-f5a372e723cc" testName="1- prereq-appproc-isirmatching@hp-automatch-21_22-generictest (OT-08A-IsirMatch-21_22)" computerName="CLTBUILD23" duration="00:00:08.2724115" startTime="2021-04-12T09:18:32.9988098-04:00" endTime="2021-04-12T09:18:41.2722183-04:00" testType="13cdc9d9-ddb5-4fa4-a97d-d965ccfc6d4b" outcome="Passed" testListId="8c84fa94-04c1-424b-9868-57a2d4851a1d" relativeResultsDirectory="42c5669d-c9c2-46b9-b769-f48b2bd37da4">
          <Output>
            <StdOut>C:\Agt6\_work\_temp\TestResults\c2kbuild_CLTBUILD23 2021-04-12 08_12_36\In\42c5669d-c9c2-46b9-b769-f48b2bd37da4\CLTBUILD23&gt;if not defined TestLocation (set TestLocation=. ) &#xD;
&#xD;
C:\Agt6\_work\_temp\TestResults\c2kbuild_CLTBUILD23 2021-04-12 08_12_36\In\42c5669d-c9c2-46b9-b769-f48b2bd37da4\CLTBUILD23&gt;set CollectionFileName=c:\agt6\_work\6\a\api\environment\regapiautomation\testdata\isirmatch\prereq-appproc-isirmatching-automatch-21_22\..\..\..\..\..\PreReq\PreReq-ImportISIR.postman_collection.json &#xD;
&#xD;
C:\Agt6\_work\_temp\TestResults\c2kbuild_CLTBUILD23 2021-04-12 08_12_36\In\42c5669d-c9c2-46b9-b769-f48b2bd37da4\CLTBUILD23&gt;set DataFileName=c:\agt6\_work\6\a\api\environment\regapiautomation\testdata\isirmatch\prereq-appproc-isirmatching-automatch-21_22\PreReq-AppProc-ISIRMatching@HP-Automatch-21_22.data.json &#xD;
&#xD;
C:\Agt6\_work\_temp\TestResults\c2kbuild_CLTBUILD23 2021-04-12 08_12_36\In\42c5669d-c9c2-46b9-b769-f48b2bd37da4\CLTBUILD23&gt;set EnvironmentFilePath=c:\agt6\_work\6\a\api\environment\regapiautomation\testdata\isirmatch\prereq-appproc-isirmatching-automatch-21_22\..\..\..\RegApiAutoEnvironment.postman_environment.json &#xD;
&#xD;
C:\Agt6\_work\_temp\TestResults\c2kbuild_CLTBUILD23 2021-04-12 08_12_36\In\42c5669d-c9c2-46b9-b769-f48b2bd37da4\CLTBUILD23&gt;set HtmlResultsFile=PreReq-AppProc-ISIRMatching@HP-Automatch-21_22_Html.html &#xD;
&#xD;
C:\Agt6\_work\_temp\TestResults\c2kbuild_CLTBUILD23 2021-04-12 08_12_36\In\42c5669d-c9c2-46b9-b769-f48b2bd37da4\CLTBUILD23&gt;set JunitResultsFile=PreReq-AppProc-ISIRMatching@HP-Automatch-21_22_Junit.xml &#xD;
&#xD;
C:\Agt6\_work\_temp\TestResults\c2kbuild_CLTBUILD23 2021-04-12 08_12_36\In\42c5669d-c9c2-46b9-b769-f48b2bd37da4\CLTBUILD23&gt;newman run "c:\agt6\_work\6\a\api\environment\regapiautomation\testdata\isirmatch\prereq-appproc-isirmatching-automatch-21_22\..\..\..\..\..\PreReq\PreReq-ImportISIR.postman_collection.json" -k -d "c:\agt6\_work\6\a\api\environment\regapiautomation\testdata\isirmatch\prereq-appproc-isirmatching-automatch-21_22\PreReq-AppProc-ISIRMatching@HP-Automatch-21_22.data.json" -e "c:\agt6\_work\6\a\api\environment\regapiautomation\testdata\isirmatch\prereq-appproc-isirmatching-automatch-21_22\..\..\..\RegApiAutoEnvironment.postman_environment.json" -r junit,html --reporter-html-export "PreReq-AppProc-ISIRMatching@HP-Automatch-21_22_Html.html" --reporter-junit-export "PreReq-AppProc-ISIRMatching@HP-Automatch-21_22_Junit.xml"</StdOut>
          </Output>
          <ResultFiles>
            <ResultFile path="CLTBUILD23\PreReq-AppProc-ISIRMatching@HP-Automatch-21_22_Html.html" />
            <ResultFile path="CLTBUILD23\PreReq-AppProc-ISIRMatching@HP-Automatch-21_22_Junit.xml" />
          </ResultFiles>
        </UnitTestResult>
        <UnitTestResult executionId="d0a892e2-690d-4fc5-90ac-69bed0506fdd" parentExecutionId="8971dc7e-2b15-41da-8713-87a8ed9cc069" testId="9c22ca16-deaf-4302-b19a-e8ad13215312" testName="2- appproc-isirmatching@hp-automatch-21_22-generictest (OT-08A-IsirMatch-21_22)" computerName="CLTBUILD23" duration="00:00:08.3972520" startTime="2021-04-12T09:18:41.2732211-04:00" endTime="2021-04-12T09:18:49.6736209-04:00" testType="13cdc9d9-ddb5-4fa4-a97d-d965ccfc6d4b" outcome="Passed" testListId="8c84fa94-04c1-424b-9868-57a2d4851a1d" relativeResultsDirectory="d0a892e2-690d-4fc5-90ac-69bed0506fdd">
          <Output>
            <StdOut>C:\Agt6\_work\_temp\TestResults\c2kbuild_CLTBUILD23 2021-04-12 08_12_36\In\d0a892e2-690d-4fc5-90ac-69bed0506fdd\CLTBUILD23&gt;if not defined TestLocation (set TestLocation=. ) &#xD;
&#xD;
C:\Agt6\_work\_temp\TestResults\c2kbuild_CLTBUILD23 2021-04-12 08_12_36\In\d0a892e2-690d-4fc5-90ac-69bed0506fdd\CLTBUILD23&gt;set CollectionFileName=c:\agt6\_work\6\a\api\environment\regapiautomation\testdata\isirmatch\..\..\..\..\Tests\IsirMatch\AppProc-ISIRMatching@HP-Automatch.postman_collection.json &#xD;
&#xD;
C:\Agt6\_work\_temp\TestResults\c2kbuild_CLTBUILD23 2021-04-12 08_12_36\In\d0a892e2-690d-4fc5-90ac-69bed0506fdd\CLTBUILD23&gt;set DataFileName=c:\agt6\_work\6\a\api\environment\regapiautomation\testdata\isirmatch\AppProc-ISIRMatching@HP-Automatch-21_22.data.json &#xD;
&#xD;
C:\Agt6\_work\_temp\TestResults\c2kbuild_CLTBUILD23 2021-04-12 08_12_36\In\d0a892e2-690d-4fc5-90ac-69bed0506fdd\CLTBUILD23&gt;set EnvironmentFilePath=c:\agt6\_work\6\a\api\environment\regapiautomation\testdata\isirmatch\..\..\RegApiAutoEnvironment.postman_environment.json &#xD;
&#xD;
C:\Agt6\_work\_temp\TestResults\c2kbuild_CLTBUILD23 2021-04-12 08_12_36\In\d0a892e2-690d-4fc5-90ac-69bed0506fdd\CLTBUILD23&gt;set HtmlResultsFile=AppProc-ISIRMatching@HP-Automatch-21_22_Html.html &#xD;
&#xD;
C:\Agt6\_work\_temp\TestResults\c2kbuild_CLTBUILD23 2021-04-12 08_12_36\In\d0a892e2-690d-4fc5-90ac-69bed0506fdd\CLTBUILD23&gt;set JunitResultsFile=AppProc-ISIRMatching@HP-Automatch-21_22_Junit.xml &#xD;
&#xD;
C:\Agt6\_work\_temp\TestResults\c2kbuild_CLTBUILD23 2021-04-12 08_12_36\In\d0a892e2-690d-4fc5-90ac-69bed0506fdd\CLTBUILD23&gt;newman run "c:\agt6\_work\6\a\api\environment\regapiautomation\testdata\isirmatch\..\..\..\..\Tests\IsirMatch\AppProc-ISIRMatching@HP-Automatch.postman_collection.json" -k -d "c:\agt6\_work\6\a\api\environment\regapiautomation\testdata\isirmatch\AppProc-ISIRMatching@HP-Automatch-21_22.data.json" -e "c:\agt6\_work\6\a\api\environment\regapiautomation\testdata\isirmatch\..\..\RegApiAutoEnvironment.postman_environment.json" -r junit,html --reporter-html-export "AppProc-ISIRMatching@HP-Automatch-21_22_Html.html" --reporter-junit-export "AppProc-ISIRMatching@HP-Automatch-21_22_Junit.xml"</StdOut>
          </Output>
          <ResultFiles>
            <ResultFile path="CLTBUILD23\AppProc-ISIRMatching@HP-Automatch-21_22_Html.html" />
            <ResultFile path="CLTBUILD23\AppProc-ISIRMatching@HP-Automatch-21_22_Junit.xml" />
          </ResultFiles>
        </UnitTestResult>
      </InnerResults>
    </TestResultAggregation>
    <TestResultAggregation executionId="b76deeda-7a4f-4611-b3f9-e8f5ad920870" testId="85b526cd-12e5-4fe4-bc7a-986fbd221b89" testName="OT-06E-FISAP-NoClasses-20_21" computerName="CLTBUILD23" duration="00:01:05.4826830" startTime="2021-04-12T08:47:13.1595548-04:00" endTime="2021-04-12T08:48:18.6390468-04:00" testType="ec4800e8-40e5-4ab3-8510-b8bf29b1904d" outcome="Passed" testListId="8c84fa94-04c1-424b-9868-57a2d4851a1d" relativeResultsDirectory="b76deeda-7a4f-4611-b3f9-e8f5ad920870">
      <InnerResults>
        <UnitTestResult executionId="609bf747-efe2-4eb0-a03d-e3cf127e291a" parentExecutionId="b76deeda-7a4f-4611-b3f9-e8f5ad920870" testId="a096ec06-228f-4546-922d-39019dcf22f9" testName="1- prereq-fisap-datacorrection@noclasses-20_21-createstudent-generictest (OT-06E-FISAP-NoClasses-20_21)" computerName="CLTBUILD23" duration="00:00:07.4714314" startTime="2021-04-12T08:47:13.1605577-04:00" endTime="2021-04-12T08:47:20.6334081-04:00" testType="13cdc9d9-ddb5-4fa4-a97d-d965ccfc6d4b" outcome="Passed" testListId="8c84fa94-04c1-424b-9868-57a2d4851a1d" relativeResultsDirectory="609bf747-efe2-4eb0-a03d-e3cf127e291a">
          <Output>
            <StdOut>C:\Agt6\_work\_temp\TestResults\c2kbuild_CLTBUILD23 2021-04-12 08_12_36\In\609bf747-efe2-4eb0-a03d-e3cf127e291a\CLTBUILD23&gt;if not defined TestLocation (set TestLocation=. ) &#xD;
&#xD;
C:\Agt6\_work\_temp\TestResults\c2kbuild_CLTBUILD23 2021-04-12 08_12_36\In\609bf747-efe2-4eb0-a03d-e3cf127e291a\CLTBUILD23&gt;set CollectionFileName=c:\agt6\_work\6\a\api\environment\regapiautomation\testdata\fisap-datacorrection\prereq-noclasses-20_21\..\..\..\..\..\PreReq\PreReq-CreateStudent.postman_collection.json &#xD;
&#xD;
C:\Agt6\_work\_temp\TestResults\c2kbuild_CLTBUILD23 2021-04-12 08_12_36\In\609bf747-efe2-4eb0-a03d-e3cf127e291a\CLTBUILD23&gt;set DataFileName=c:\agt6\_work\6\a\api\environment\regapiautomation\testdata\fisap-datacorrection\prereq-noclasses-20_21\PreReq-FISAP-DataCorrection@NoClasses-20_21-CreateStudent.data.csv &#xD;
&#xD;
C:\Agt6\_work\_temp\TestResults\c2kbuild_CLTBUILD23 2021-04-12 08_12_36\In\609bf747-efe2-4eb0-a03d-e3cf127e291a\CLTBUILD23&gt;set EnvironmentFilePath=c:\agt6\_work\6\a\api\environment\regapiautomation\testdata\fisap-datacorrection\prereq-noclasses-20_21\..\..\..\RegApiAutoEnvironment.postman_environment.json &#xD;
&#xD;
C:\Agt6\_work\_temp\TestResults\c2kbuild_CLTBUILD23 2021-04-12 08_12_36\In\609bf747-efe2-4eb0-a03d-e3cf127e291a\CLTBUILD23&gt;set HtmlResultsFile=PreReq-CreateStudent_Html.html &#xD;
&#xD;
C:\Agt6\_work\_temp\TestResults\c2kbuild_CLTBUILD23 2021-04-12 08_12_36\In\609bf747-efe2-4eb0-a03d-e3cf127e291a\CLTBUILD23&gt;set JunitResultsFile=PreReq-CreateStudent_Junit.xml &#xD;
&#xD;
C:\Agt6\_work\_temp\TestResults\c2kbuild_CLTBUILD23 2021-04-12 08_12_36\In\609bf747-efe2-4eb0-a03d-e3cf127e291a\CLTBUILD23&gt;newman run "c:\agt6\_work\6\a\api\environment\regapiautomation\testdata\fisap-datacorrection\prereq-noclasses-20_21\..\..\..\..\..\PreReq\PreReq-CreateStudent.postman_collection.json" -k -d "c:\agt6\_work\6\a\api\environment\regapiautomation\testdata\fisap-datacorrection\prereq-noclasses-20_21\PreReq-FISAP-DataCorrection@NoClasses-20_21-CreateStudent.data.csv" -e "c:\agt6\_work\6\a\api\environment\regapiautomation\testdata\fisap-datacorrection\prereq-noclasses-20_21\..\..\..\RegApiAutoEnvironment.postman_environment.json" -r junit,html --reporter-html-export "PreReq-CreateStudent_Html.html" --reporter-junit-export "PreReq-CreateStudent_Junit.xml"</StdOut>
          </Output>
          <ResultFiles>
            <ResultFile path="CLTBUILD23\PreReq-CreateStudent_Html.html" />
            <ResultFile path="CLTBUILD23\PreReq-CreateStudent_Junit.xml" />
          </ResultFiles>
        </UnitTestResult>
        <UnitTestResult executionId="fe47b40a-0464-4ffd-bdff-39fe49e47151" parentExecutionId="b76deeda-7a4f-4611-b3f9-e8f5ad920870" testId="0012cd8d-32a2-4770-98dc-0d510c041228" testName="2- prereq-fisap-datacorrection@noclasses-20_21-importisir-generictest (OT-06E-FISAP-NoClasses-20_21)" computerName="CLTBUILD23" duration="00:00:07.9965050" startTime="2021-04-12T08:47:20.6364104-04:00" endTime="2021-04-12T08:47:28.6422552-04:00" testType="13cdc9d9-ddb5-4fa4-a97d-d965ccfc6d4b" outcome="Passed" testListId="8c84fa94-04c1-424b-9868-57a2d4851a1d" relativeResultsDirectory="fe47b40a-0464-4ffd-bdff-39fe49e47151">
          <Output>
            <StdOut>C:\Agt6\_work\_temp\TestResults\c2kbuild_CLTBUILD23 2021-04-12 08_12_36\In\fe47b40a-0464-4ffd-bdff-39fe49e47151\CLTBUILD23&gt;if not defined TestLocation (set TestLocation=. ) &#xD;
&#xD;
C:\Agt6\_work\_temp\TestResults\c2kbuild_CLTBUILD23 2021-04-12 08_12_36\In\fe47b40a-0464-4ffd-bdff-39fe49e47151\CLTBUILD23&gt;set CollectionFileName=c:\agt6\_work\6\a\api\environment\regapiautomation\testdata\fisap-datacorrection\prereq-noclasses-20_21\..\..\..\..\..\PreReq\PreReq-ImportIsir.postman_collection.json &#xD;
&#xD;
C:\Agt6\_work\_temp\TestResults\c2kbuild_CLTBUILD23 2021-04-12 08_12_36\In\fe47b40a-0464-4ffd-bdff-39fe49e47151\CLTBUILD23&gt;set DataFileName=c:\agt6\_work\6\a\api\environment\regapiautomation\testdata\fisap-datacorrection\prereq-noclasses-20_21\PreReq-FISAP-DataCorrection@NoClasses-20_21-ImportIsir.data.json &#xD;
&#xD;
C:\Agt6\_work\_temp\TestResults\c2kbuild_CLTBUILD23 2021-04-12 08_12_36\In\fe47b40a-0464-4ffd-bdff-39fe49e47151\CLTBUILD23&gt;set EnvironmentFilePath=c:\agt6\_work\6\a\api\environment\regapiautomation\testdata\fisap-datacorrection\prereq-noclasses-20_21\..\..\..\RegApiAutoEnvironment.postman_environment.json &#xD;
&#xD;
C:\Agt6\_work\_temp\TestResults\c2kbuild_CLTBUILD23 2021-04-12 08_12_36\In\fe47b40a-0464-4ffd-bdff-39fe49e47151\CLTBUILD23&gt;set HtmlResultsFile=PreReq-ImportIsir_Html.html &#xD;
&#xD;
C:\Agt6\_work\_temp\TestResults\c2kbuild_CLTBUILD23 2021-04-12 08_12_36\In\fe47b40a-0464-4ffd-bdff-39fe49e47151\CLTBUILD23&gt;set JunitResultsFile=PreReq-ImportIsir_Junit.xml &#xD;
&#xD;
C:\Agt6\_work\_temp\TestResults\c2kbuild_CLTBUILD23 2021-04-12 08_12_36\In\fe47b40a-0464-4ffd-bdff-39fe49e47151\CLTBUILD23&gt;newman run "c:\agt6\_work\6\a\api\environment\regapiautomation\testdata\fisap-datacorrection\prereq-noclasses-20_21\..\..\..\..\..\PreReq\PreReq-ImportIsir.postman_collection.json" -k -d "c:\agt6\_work\6\a\api\environment\regapiautomation\testdata\fisap-datacorrection\prereq-noclasses-20_21\PreReq-FISAP-DataCorrection@NoClasses-20_21-ImportIsir.data.json" -e "c:\agt6\_work\6\a\api\environment\regapiautomation\testdata\fisap-datacorrection\prereq-noclasses-20_21\..\..\..\RegApiAutoEnvironment.postman_environment.json" -r junit,html --reporter-html-export "PreReq-ImportIsir_Html.html" --reporter-junit-export "PreReq-ImportIsir_Junit.xml"</StdOut>
          </Output>
          <ResultFiles>
            <ResultFile path="CLTBUILD23\PreReq-ImportIsir_Html.html" />
            <ResultFile path="CLTBUILD23\PreReq-ImportIsir_Junit.xml" />
          </ResultFiles>
        </UnitTestResult>
        <UnitTestResult executionId="4ef1a3d5-a14e-4983-a8ba-b1e343cd88ef" parentExecutionId="b76deeda-7a4f-4611-b3f9-e8f5ad920870" testId="c927b025-03e7-4dd4-8f57-769c9dd30832" testName="3- prereq-fisap-datacorrection@noclasses-20_21-enrollstudent-generictest (OT-06E-FISAP-NoClasses-20_21)" computerName="CLTBUILD23" duration="00:00:12.2979199" startTime="2021-04-12T08:47:28.6432585-04:00" endTime="2021-04-12T08:47:40.9470202-04:00" testType="13cdc9d9-ddb5-4fa4-a97d-d965ccfc6d4b" outcome="Passed" testListId="8c84fa94-04c1-424b-9868-57a2d4851a1d" relativeResultsDirectory="4ef1a3d5-a14e-4983-a8ba-b1e343cd88ef">
          <Output>
            <StdOut>C:\Agt6\_work\_temp\TestResults\c2kbuild_CLTBUILD23 2021-04-12 08_12_36\In\4ef1a3d5-a14e-4983-a8ba-b1e343cd88ef\CLTBUILD23&gt;if not defined TestLocation (set TestLocation=. ) &#xD;
&#xD;
C:\Agt6\_work\_temp\TestResults\c2kbuild_CLTBUILD23 2021-04-12 08_12_36\In\4ef1a3d5-a14e-4983-a8ba-b1e343cd88ef\CLTBUILD23&gt;set CollectionFileName=c:\agt6\_work\6\a\api\environment\regapiautomation\testdata\fisap-datacorrection\prereq-noclasses-20_21\..\..\..\..\..\PreReq\PreReq-EnrollStudent.postman_collection.json &#xD;
&#xD;
C:\Agt6\_work\_temp\TestResults\c2kbuild_CLTBUILD23 2021-04-12 08_12_36\In\4ef1a3d5-a14e-4983-a8ba-b1e343cd88ef\CLTBUILD23&gt;set DataFileName=c:\agt6\_work\6\a\api\environment\regapiautomation\testdata\fisap-datacorrection\prereq-noclasses-20_21\PreReq-FISAP-DataCorrection@NoClasses-20_21-EnrollStudent.data.csv &#xD;
&#xD;
C:\Agt6\_work\_temp\TestResults\c2kbuild_CLTBUILD23 2021-04-12 08_12_36\In\4ef1a3d5-a14e-4983-a8ba-b1e343cd88ef\CLTBUILD23&gt;set EnvironmentFilePath=c:\agt6\_work\6\a\api\environment\regapiautomation\testdata\fisap-datacorrection\prereq-noclasses-20_21\..\..\..\RegApiAutoEnvironment.postman_environment.json &#xD;
&#xD;
C:\Agt6\_work\_temp\TestResults\c2kbuild_CLTBUILD23 2021-04-12 08_12_36\In\4ef1a3d5-a14e-4983-a8ba-b1e343cd88ef\CLTBUILD23&gt;set HtmlResultsFile=PreReq-EnrollStudent_Html.html &#xD;
&#xD;
C:\Agt6\_work\_temp\TestResults\c2kbuild_CLTBUILD23 2021-04-12 08_12_36\In\4ef1a3d5-a14e-4983-a8ba-b1e343cd88ef\CLTBUILD23&gt;set JunitResultsFile=PreReq-EnrollStudent_Junit.xml &#xD;
&#xD;
C:\Agt6\_work\_temp\TestResults\c2kbuild_CLTBUILD23 2021-04-12 08_12_36\In\4ef1a3d5-a14e-4983-a8ba-b1e343cd88ef\CLTBUILD23&gt;newman run "c:\agt6\_work\6\a\api\environment\regapiautomation\testdata\fisap-datacorrection\prereq-noclasses-20_21\..\..\..\..\..\PreReq\PreReq-EnrollStudent.postman_collection.json" -k -d "c:\agt6\_work\6\a\api\environment\regapiautomation\testdata\fisap-datacorrection\prereq-noclasses-20_21\PreReq-FISAP-DataCorrection@NoClasses-20_21-EnrollStudent.data.csv" -e "c:\agt6\_work\6\a\api\environment\regapiautomation\testdata\fisap-datacorrection\prereq-noclasses-20_21\..\..\..\RegApiAutoEnvironment.postman_environment.json" -r junit,html --reporter-html-export "PreReq-EnrollStudent_Html.html" --reporter-junit-export "PreReq-EnrollStudent_Junit.xml"</StdOut>
          </Output>
          <ResultFiles>
            <ResultFile path="CLTBUILD23\PreReq-EnrollStudent_Html.html" />
            <ResultFile path="CLTBUILD23\PreReq-EnrollStudent_Junit.xml" />
          </ResultFiles>
        </UnitTestResult>
        <UnitTestResult executionId="8d83bc02-f074-4232-b7ab-ec74042b44ee" parentExecutionId="b76deeda-7a4f-4611-b3f9-e8f5ad920870" testId="339fd6fa-7d50-4119-b4e8-7173b431a7bf" testName="4- prereq-fisap-datacorrection@noclasses-20_21-updatebudgetforacademicyearforpackaging-generictest (OT-06E-FISAP-NoClasses-20_21)" computerName="CLTBUILD23" duration="00:00:08.4778602" startTime="2021-04-12T08:47:40.9480208-04:00" endTime="2021-04-12T08:47:49.4278079-04:00" testType="13cdc9d9-ddb5-4fa4-a97d-d965ccfc6d4b" outcome="Passed" testListId="8c84fa94-04c1-424b-9868-57a2d4851a1d" relativeResultsDirectory="8d83bc02-f074-4232-b7ab-ec74042b44ee">
          <Output>
            <StdOut>C:\Agt6\_work\_temp\TestResults\c2kbuild_CLTBUILD23 2021-04-12 08_12_36\In\8d83bc02-f074-4232-b7ab-ec74042b44ee\CLTBUILD23&gt;if not defined TestLocation (set TestLocation=. ) &#xD;
&#xD;
C:\Agt6\_work\_temp\TestResults\c2kbuild_CLTBUILD23 2021-04-12 08_12_36\In\8d83bc02-f074-4232-b7ab-ec74042b44ee\CLTBUILD23&gt;set CollectionFileName=c:\agt6\_work\6\a\api\environment\regapiautomation\testdata\fisap-datacorrection\prereq-noclasses-20_21\..\..\..\..\..\PreReq\PreReq-UpdateBudgetForAcademicYearForPackaging.postman_collection.json &#xD;
&#xD;
C:\Agt6\_work\_temp\TestResults\c2kbuild_CLTBUILD23 2021-04-12 08_12_36\In\8d83bc02-f074-4232-b7ab-ec74042b44ee\CLTBUILD23&gt;set DataFileName=c:\agt6\_work\6\a\api\environment\regapiautomation\testdata\fisap-datacorrection\prereq-noclasses-20_21\PreReq-FISAP-DataCorrection@NoClasses-20_21-UpdateBudgetForAcademicYearForPackaging.data.csv &#xD;
&#xD;
C:\Agt6\_work\_temp\TestResults\c2kbuild_CLTBUILD23 2021-04-12 08_12_36\In\8d83bc02-f074-4232-b7ab-ec74042b44ee\CLTBUILD23&gt;set EnvironmentFilePath=c:\agt6\_work\6\a\api\environment\regapiautomation\testdata\fisap-datacorrection\prereq-noclasses-20_21\..\..\..\RegApiAutoEnvironment.postman_environment.json &#xD;
&#xD;
C:\Agt6\_work\_temp\TestResults\c2kbuild_CLTBUILD23 2021-04-12 08_12_36\In\8d83bc02-f074-4232-b7ab-ec74042b44ee\CLTBUILD23&gt;set HtmlResultsFile=PreReq-UpdateBudgetForAcademicYearForPackaging_Html.html &#xD;
&#xD;
C:\Agt6\_work\_temp\TestResults\c2kbuild_CLTBUILD23 2021-04-12 08_12_36\In\8d83bc02-f074-4232-b7ab-ec74042b44ee\CLTBUILD23&gt;set JunitResultsFile=PreReq-UpdateBudgetForAcademicYearForPackaging_Junit.xml &#xD;
&#xD;
C:\Agt6\_work\_temp\TestResults\c2kbuild_CLTBUILD23 2021-04-12 08_12_36\In\8d83bc02-f074-4232-b7ab-ec74042b44ee\CLTBUILD23&gt;newman run "c:\agt6\_work\6\a\api\environment\regapiautomation\testdata\fisap-datacorrection\prereq-noclasses-20_21\..\..\..\..\..\PreReq\PreReq-UpdateBudgetForAcademicYearForPackaging.postman_collection.json" -k -d "c:\agt6\_work\6\a\api\environment\regapiautomation\testdata\fisap-datacorrection\prereq-noclasses-20_21\PreReq-FISAP-DataCorrection@NoClasses-20_21-UpdateBudgetForAcademicYearForPackaging.data.csv" -e "c:\agt6\_work\6\a\api\environment\regapiautomation\testdata\fisap-datacorrection\prereq-noclasses-20_21\..\..\..\RegApiAutoEnvironment.postman_environment.json" -r junit,html --reporter-html-export "PreReq-UpdateBudgetForAcademicYearForPackaging_Html.html" --reporter-junit-export "PreReq-UpdateBudgetForAcademicYearForPackaging_Junit.xml"</StdOut>
          </Output>
          <ResultFiles>
            <ResultFile path="CLTBUILD23\PreReq-UpdateBudgetForAcademicYearForPackaging_Html.html" />
            <ResultFile path="CLTBUILD23\PreReq-UpdateBudgetForAcademicYearForPackaging_Junit.xml" />
          </ResultFiles>
        </UnitTestResult>
        <UnitTestResult executionId="2f60ebf5-93f5-44e3-b5ff-a11dcf0f6350" parentExecutionId="b76deeda-7a4f-4611-b3f9-e8f5ad920870" testId="1609dac3-1c26-435a-a78f-35e300ce9b89" testName="5- prereq-fisap-datacorrection@noclasses-20_21-awardgrantforpackaging-generictest (OT-06E-FISAP-NoClasses-20_21)" computerName="CLTBUILD23" duration="00:00:08.7518465" startTime="2021-04-12T08:47:49.4288076-04:00" endTime="2021-04-12T08:47:58.1835838-04:00" testType="13cdc9d9-ddb5-4fa4-a97d-d965ccfc6d4b" outcome="Passed" testListId="8c84fa94-04c1-424b-9868-57a2d4851a1d" relativeResultsDirectory="2f60ebf5-93f5-44e3-b5ff-a11dcf0f6350">
          <Output>
            <StdOut>C:\Agt6\_work\_temp\TestResults\c2kbuild_CLTBUILD23 2021-04-12 08_12_36\In\2f60ebf5-93f5-44e3-b5ff-a11dcf0f6350\CLTBUILD23&gt;if not defined TestLocation (set TestLocation=. ) &#xD;
&#xD;
C:\Agt6\_work\_temp\TestResults\c2kbuild_CLTBUILD23 2021-04-12 08_12_36\In\2f60ebf5-93f5-44e3-b5ff-a11dcf0f6350\CLTBUILD23&gt;set CollectionFileName=c:\agt6\_work\6\a\api\environment\regapiautomation\testdata\fisap-datacorrection\prereq-noclasses-20_21\..\..\..\..\..\PreReq\PreReq-AwardGrantForPackaging.postman_collection.json &#xD;
&#xD;
C:\Agt6\_work\_temp\TestResults\c2kbuild_CLTBUILD23 2021-04-12 08_12_36\In\2f60ebf5-93f5-44e3-b5ff-a11dcf0f6350\CLTBUILD23&gt;set DataFileName=c:\agt6\_work\6\a\api\environment\regapiautomation\testdata\fisap-datacorrection\prereq-noclasses-20_21\PreReq-FISAP-DataCorrection@NoClasses-20_21-AwardGrantForPackaging.data.csv &#xD;
&#xD;
C:\Agt6\_work\_temp\TestResults\c2kbuild_CLTBUILD23 2021-04-12 08_12_36\In\2f60ebf5-93f5-44e3-b5ff-a11dcf0f6350\CLTBUILD23&gt;set EnvironmentFilePath=c:\agt6\_work\6\a\api\environment\regapiautomation\testdata\fisap-datacorrection\prereq-noclasses-20_21\..\..\..\RegApiAutoEnvironment.postman_environment.json &#xD;
&#xD;
C:\Agt6\_work\_temp\TestResults\c2kbuild_CLTBUILD23 2021-04-12 08_12_36\In\2f60ebf5-93f5-44e3-b5ff-a11dcf0f6350\CLTBUILD23&gt;set HtmlResultsFile=PreReq-AwardGrantForPackaging_Html.html &#xD;
&#xD;
C:\Agt6\_work\_temp\TestResults\c2kbuild_CLTBUILD23 2021-04-12 08_12_36\In\2f60ebf5-93f5-44e3-b5ff-a11dcf0f6350\CLTBUILD23&gt;set JunitResultsFile=PreReq-AwardGrantForPackaging_Junit.xml &#xD;
&#xD;
C:\Agt6\_work\_temp\TestResults\c2kbuild_CLTBUILD23 2021-04-12 08_12_36\In\2f60ebf5-93f5-44e3-b5ff-a11dcf0f6350\CLTBUILD23&gt;newman run "c:\agt6\_work\6\a\api\environment\regapiautomation\testdata\fisap-datacorrection\prereq-noclasses-20_21\..\..\..\..\..\PreReq\PreReq-AwardGrantForPackaging.postman_collection.json" -k -d "c:\agt6\_work\6\a\api\environment\regapiautomation\testdata\fisap-datacorrection\prereq-noclasses-20_21\PreReq-FISAP-DataCorrection@NoClasses-20_21-AwardGrantForPackaging.data.csv" -e "c:\agt6\_work\6\a\api\environment\regapiautomation\testdata\fisap-datacorrection\prereq-noclasses-20_21\..\..\..\RegApiAutoEnvironment.postman_environment.json" -r junit,html --reporter-html-export "PreReq-AwardGrantForPackaging_Html.html" --reporter-junit-export "PreReq-AwardGrantForPackaging_Junit.xml"</StdOut>
          </Output>
          <ResultFiles>
            <ResultFile path="CLTBUILD23\PreReq-AwardGrantForPackaging_Html.html" />
            <ResultFile path="CLTBUILD23\PreReq-AwardGrantForPackaging_Junit.xml" />
          </ResultFiles>
        </UnitTestResult>
        <UnitTestResult executionId="918fd09f-2736-4313-bfb7-5ac6766fbad1" parentExecutionId="b76deeda-7a4f-4611-b3f9-e8f5ad920870" testId="567d8946-fb1d-4f41-970d-7b52bfb514a7" testName="6- prereq-fisap-datacorrection@noclasses-20_21-postpaymentledgercard-generictest (OT-06E-FISAP-NoClasses-20_21)" computerName="CLTBUILD23" duration="00:00:07.5365837" startTime="2021-04-12T08:47:58.1865820-04:00" endTime="2021-04-12T08:48:05.7253886-04:00" testType="13cdc9d9-ddb5-4fa4-a97d-d965ccfc6d4b" outcome="Passed" testListId="8c84fa94-04c1-424b-9868-57a2d4851a1d" relativeResultsDirectory="918fd09f-2736-4313-bfb7-5ac6766fbad1">
          <Output>
            <StdOut>C:\Agt6\_work\_temp\TestResults\c2kbuild_CLTBUILD23 2021-04-12 08_12_36\In\918fd09f-2736-4313-bfb7-5ac6766fbad1\CLTBUILD23&gt;if not defined TestLocation (set TestLocation=. ) &#xD;
&#xD;
C:\Agt6\_work\_temp\TestResults\c2kbuild_CLTBUILD23 2021-04-12 08_12_36\In\918fd09f-2736-4313-bfb7-5ac6766fbad1\CLTBUILD23&gt;set CollectionFileName=c:\agt6\_work\6\a\api\environment\regapiautomation\testdata\fisap-datacorrection\prereq-noclasses-20_21\..\..\..\..\..\PreReq\PreReq-PostPaymentLedgerCard.postman_collection.json &#xD;
&#xD;
C:\Agt6\_work\_temp\TestResults\c2kbuild_CLTBUILD23 2021-04-12 08_12_36\In\918fd09f-2736-4313-bfb7-5ac6766fbad1\CLTBUILD23&gt;set DataFileName=c:\agt6\_work\6\a\api\environment\regapiautomation\testdata\fisap-datacorrection\prereq-noclasses-20_21\PreReq-FISAP-DataCorrection@NoClasses-20_21-PostPaymentLedgerCard.data.json &#xD;
&#xD;
C:\Agt6\_work\_temp\TestResults\c2kbuild_CLTBUILD23 2021-04-12 08_12_36\In\918fd09f-2736-4313-bfb7-5ac6766fbad1\CLTBUILD23&gt;set EnvironmentFilePath=c:\agt6\_work\6\a\api\environment\regapiautomation\testdata\fisap-datacorrection\prereq-noclasses-20_21\..\..\..\RegApiAutoEnvironment.postman_environment.json &#xD;
&#xD;
C:\Agt6\_work\_temp\TestResults\c2kbuild_CLTBUILD23 2021-04-12 08_12_36\In\918fd09f-2736-4313-bfb7-5ac6766fbad1\CLTBUILD23&gt;set HtmlResultsFile=PreReq-PostPaymentLedgerCard_Html.html &#xD;
&#xD;
C:\Agt6\_work\_temp\TestResults\c2kbuild_CLTBUILD23 2021-04-12 08_12_36\In\918fd09f-2736-4313-bfb7-5ac6766fbad1\CLTBUILD23&gt;set JunitResultsFile=PreReq-PostPaymentLdegerCard_Junit.xml &#xD;
&#xD;
C:\Agt6\_work\_temp\TestResults\c2kbuild_CLTBUILD23 2021-04-12 08_12_36\In\918fd09f-2736-4313-bfb7-5ac6766fbad1\CLTBUILD23&gt;newman run "c:\agt6\_work\6\a\api\environment\regapiautomation\testdata\fisap-datacorrection\prereq-noclasses-20_21\..\..\..\..\..\PreReq\PreReq-PostPaymentLedgerCard.postman_collection.json" -k -d "c:\agt6\_work\6\a\api\environment\regapiautomation\testdata\fisap-datacorrection\prereq-noclasses-20_21\PreReq-FISAP-DataCorrection@NoClasses-20_21-PostPaymentLedgerCard.data.json" -e "c:\agt6\_work\6\a\api\environment\regapiautomation\testdata\fisap-datacorrection\prereq-noclasses-20_21\..\..\..\RegApiAutoEnvironment.postman_environment.json" -r junit,html --reporter-html-export "PreReq-PostPaymentLedgerCard_Html.html" --reporter-junit-export "PreReq-PostPaymentLdegerCard_Junit.xml"</StdOut>
          </Output>
          <ResultFiles>
            <ResultFile path="CLTBUILD23\PreReq-PostPaymentLdegerCard_Junit.xml" />
            <ResultFile path="CLTBUILD23\PreReq-PostPaymentLedgerCard_Html.html" />
          </ResultFiles>
        </UnitTestResult>
        <UnitTestResult executionId="0b57ebb8-fdb0-4cfb-9d0e-4cee1fb4cc9a" parentExecutionId="b76deeda-7a4f-4611-b3f9-e8f5ad920870" testId="a13e5944-1357-4d8d-ac4e-c40b30fab4b1" testName="7- prereq-fisap-datacorrection@noclasses-20_21-changestudentstatus-generictest (OT-06E-FISAP-NoClasses-20_21)" computerName="CLTBUILD23" duration="00:00:06.3796812" startTime="2021-04-12T08:48:05.7253886-04:00" endTime="2021-04-12T08:48:12.1082206-04:00" testType="13cdc9d9-ddb5-4fa4-a97d-d965ccfc6d4b" outcome="Passed" testListId="8c84fa94-04c1-424b-9868-57a2d4851a1d" relativeResultsDirectory="0b57ebb8-fdb0-4cfb-9d0e-4cee1fb4cc9a">
          <Output>
            <StdOut>C:\Agt6\_work\_temp\TestResults\c2kbuild_CLTBUILD23 2021-04-12 08_12_36\In\0b57ebb8-fdb0-4cfb-9d0e-4cee1fb4cc9a\CLTBUILD23&gt;if not defined TestLocation (set TestLocation=. ) &#xD;
&#xD;
C:\Agt6\_work\_temp\TestResults\c2kbuild_CLTBUILD23 2021-04-12 08_12_36\In\0b57ebb8-fdb0-4cfb-9d0e-4cee1fb4cc9a\CLTBUILD23&gt;set CollectionFileName=c:\agt6\_work\6\a\api\environment\regapiautomation\testdata\fisap-datacorrection\prereq-noclasses-20_21\..\..\..\..\..\PreReq\PreReq-GraduateStudentStatus.postman_collection.json &#xD;
&#xD;
C:\Agt6\_work\_temp\TestResults\c2kbuild_CLTBUILD23 2021-04-12 08_12_36\In\0b57ebb8-fdb0-4cfb-9d0e-4cee1fb4cc9a\CLTBUILD23&gt;set DataFileName=c:\agt6\_work\6\a\api\environment\regapiautomation\testdata\fisap-datacorrection\prereq-noclasses-20_21\PreReq-FISAP-DataCorrection@NoClasses-20_21-ChangeStudentStatus.data.json &#xD;
&#xD;
C:\Agt6\_work\_temp\TestResults\c2kbuild_CLTBUILD23 2021-04-12 08_12_36\In\0b57ebb8-fdb0-4cfb-9d0e-4cee1fb4cc9a\CLTBUILD23&gt;set EnvironmentFilePath=c:\agt6\_work\6\a\api\environment\regapiautomation\testdata\fisap-datacorrection\prereq-noclasses-20_21\..\..\..\RegApiAutoEnvironment.postman_environment.json &#xD;
&#xD;
C:\Agt6\_work\_temp\TestResults\c2kbuild_CLTBUILD23 2021-04-12 08_12_36\In\0b57ebb8-fdb0-4cfb-9d0e-4cee1fb4cc9a\CLTBUILD23&gt;set HtmlResultsFile=PreReq-ChangeStudentStatus_Html.html &#xD;
&#xD;
C:\Agt6\_work\_temp\TestResults\c2kbuild_CLTBUILD23 2021-04-12 08_12_36\In\0b57ebb8-fdb0-4cfb-9d0e-4cee1fb4cc9a\CLTBUILD23&gt;set JunitResultsFile=PreReq-ChangeStudentStatus_Junit.xml &#xD;
&#xD;
C:\Agt6\_work\_temp\TestResults\c2kbuild_CLTBUILD23 2021-04-12 08_12_36\In\0b57ebb8-fdb0-4cfb-9d0e-4cee1fb4cc9a\CLTBUILD23&gt;newman run "c:\agt6\_work\6\a\api\environment\regapiautomation\testdata\fisap-datacorrection\prereq-noclasses-20_21\..\..\..\..\..\PreReq\PreReq-GraduateStudentStatus.postman_collection.json" -k -d "c:\agt6\_work\6\a\api\environment\regapiautomation\testdata\fisap-datacorrection\prereq-noclasses-20_21\PreReq-FISAP-DataCorrection@NoClasses-20_21-ChangeStudentStatus.data.json" -e "c:\agt6\_work\6\a\api\environment\regapiautomation\testdata\fisap-datacorrection\prereq-noclasses-20_21\..\..\..\RegApiAutoEnvironment.postman_environment.json" -r junit,html --reporter-html-export "PreReq-ChangeStudentStatus_Html.html" --reporter-junit-export "PreReq-ChangeStudentStatus_Junit.xml"</StdOut>
          </Output>
          <ResultFiles>
            <ResultFile path="CLTBUILD23\PreReq-ChangeStudentStatus_Html.html" />
            <ResultFile path="CLTBUILD23\PreReq-ChangeStudentStatus_Junit.xml" />
          </ResultFiles>
        </UnitTestResult>
        <UnitTestResult executionId="7006f32e-dc7f-4c09-9a5e-e93eb801caed" parentExecutionId="b76deeda-7a4f-4611-b3f9-e8f5ad920870" testId="ad9f75c1-a13a-4811-be3f-451257ab6f48" testName="8- fisap-datacorrection@noclasses-20_21-generictest (OT-06E-FISAP-NoClasses-20_21)" computerName="CLTBUILD23" duration="00:00:06.5275077" startTime="2021-04-12T08:48:12.1092252-04:00" endTime="2021-04-12T08:48:18.6380448-04:00" testType="13cdc9d9-ddb5-4fa4-a97d-d965ccfc6d4b" outcome="Passed" testListId="8c84fa94-04c1-424b-9868-57a2d4851a1d" relativeResultsDirectory="7006f32e-dc7f-4c09-9a5e-e93eb801caed">
          <Output>
            <StdOut>C:\Agt6\_work\_temp\TestResults\c2kbuild_CLTBUILD23 2021-04-12 08_12_36\In\7006f32e-dc7f-4c09-9a5e-e93eb801caed\CLTBUILD23&gt;if not defined TestLocation (set TestLocation=. ) &#xD;
&#xD;
C:\Agt6\_work\_temp\TestResults\c2kbuild_CLTBUILD23 2021-04-12 08_12_36\In\7006f32e-dc7f-4c09-9a5e-e93eb801caed\CLTBUILD23&gt;set CollectionFileName=c:\agt6\_work\6\a\api\environment\regapiautomation\testdata\fisap-datacorrection\..\..\..\..\Tests\FISAP-DataCorrection\FISAP-DataCorrection@NoClasses.postman_collection.json &#xD;
&#xD;
C:\Agt6\_work\_temp\TestResults\c2kbuild_CLTBUILD23 2021-04-12 08_12_36\In\7006f32e-dc7f-4c09-9a5e-e93eb801caed\CLTBUILD23&gt;set DataFileName=c:\agt6\_work\6\a\api\environment\regapiautomation\testdata\fisap-datacorrection\FISAP-DataCorrection@NoClasses-20_21.data.json &#xD;
&#xD;
C:\Agt6\_work\_temp\TestResults\c2kbuild_CLTBUILD23 2021-04-12 08_12_36\In\7006f32e-dc7f-4c09-9a5e-e93eb801caed\CLTBUILD23&gt;set EnvironmentFilePath=c:\agt6\_work\6\a\api\environment\regapiautomation\testdata\fisap-datacorrection\..\..\RegApiAutoEnvironment.postman_environment.json &#xD;
&#xD;
C:\Agt6\_work\_temp\TestResults\c2kbuild_CLTBUILD23 2021-04-12 08_12_36\In\7006f32e-dc7f-4c09-9a5e-e93eb801caed\CLTBUILD23&gt;set HtmlResultsFile=FISAP-DataCorrection@NoClasses-20_21-Html.html &#xD;
&#xD;
C:\Agt6\_work\_temp\TestResults\c2kbuild_CLTBUILD23 2021-04-12 08_12_36\In\7006f32e-dc7f-4c09-9a5e-e93eb801caed\CLTBUILD23&gt;set JunitResultsFile=FISAP-DataCorrection@NoClasses-20_21-Junit.xml &#xD;
&#xD;
C:\Agt6\_work\_temp\TestResults\c2kbuild_CLTBUILD23 2021-04-12 08_12_36\In\7006f32e-dc7f-4c09-9a5e-e93eb801caed\CLTBUILD23&gt;newman run "c:\agt6\_work\6\a\api\environment\regapiautomation\testdata\fisap-datacorrection\..\..\..\..\Tests\FISAP-DataCorrection\FISAP-DataCorrection@NoClasses.postman_collection.json" -k -d "c:\agt6\_work\6\a\api\environment\regapiautomation\testdata\fisap-datacorrection\FISAP-DataCorrection@NoClasses-20_21.data.json" -e "c:\agt6\_work\6\a\api\environment\regapiautomation\testdata\fisap-datacorrection\..\..\RegApiAutoEnvironment.postman_environment.json" -r junit,html --reporter-html-export "FISAP-DataCorrection@NoClasses-20_21-Html.html" --reporter-junit-export "FISAP-DataCorrection@NoClasses-20_21-Junit.xml"</StdOut>
          </Output>
          <ResultFiles>
            <ResultFile path="CLTBUILD23\FISAP-DataCorrection@NoClasses-20_21-Html.html" />
            <ResultFile path="CLTBUILD23\FISAP-DataCorrection@NoClasses-20_21-Junit.xml" />
          </ResultFiles>
        </UnitTestResult>
      </InnerResults>
    </TestResultAggregation>
    <TestResultAggregation executionId="974e42be-1ae7-4083-84f3-e5188d755a0a" testId="7d4f2c0d-3435-45ce-b99a-52e0ab9993ca" testName="OT-06U-FISAP-InvalidTransId-20_21" computerName="CLTBUILD23" duration="00:01:15.9253205" startTime="2021-04-12T09:02:47.0281704-04:00" endTime="2021-04-12T09:04:02.9456601-04:00" testType="ec4800e8-40e5-4ab3-8510-b8bf29b1904d" outcome="Passed" testListId="8c84fa94-04c1-424b-9868-57a2d4851a1d" relativeResultsDirectory="974e42be-1ae7-4083-84f3-e5188d755a0a">
      <InnerResults>
        <UnitTestResult executionId="20c78432-8bb0-40b2-8ff8-f0f96ef2eac1" parentExecutionId="974e42be-1ae7-4083-84f3-e5188d755a0a" testId="0aa578d9-bc2c-470d-a461-bf598e90dff9" testName="01- prereq-fisap-datacorrection@invalidtransid-20_21-createstudent-generictest (OT-06U-FISAP-InvalidTransId-20_21)" computerName="CLTBUILD23" duration="00:00:07.9833830" startTime="2021-04-12T09:02:47.0301710-04:00" endTime="2021-04-12T09:02:55.0135838-04:00" testType="13cdc9d9-ddb5-4fa4-a97d-d965ccfc6d4b" outcome="Passed" testListId="8c84fa94-04c1-424b-9868-57a2d4851a1d" relativeResultsDirectory="20c78432-8bb0-40b2-8ff8-f0f96ef2eac1">
          <Output>
            <StdOut>C:\Agt6\_work\_temp\TestResults\c2kbuild_CLTBUILD23 2021-04-12 08_12_36\In\20c78432-8bb0-40b2-8ff8-f0f96ef2eac1\CLTBUILD23&gt;if not defined TestLocation (set TestLocation=. ) &#xD;
&#xD;
C:\Agt6\_work\_temp\TestResults\c2kbuild_CLTBUILD23 2021-04-12 08_12_36\In\20c78432-8bb0-40b2-8ff8-f0f96ef2eac1\CLTBUILD23&gt;set CollectionFileName=c:\agt6\_work\6\a\api\environment\regapiautomation\testdata\fisap-datacorrection\prereq-invalidtransid-20_21\..\..\..\..\..\PreReq\PreReq-CreateStudent.postman_collection.json &#xD;
&#xD;
C:\Agt6\_work\_temp\TestResults\c2kbuild_CLTBUILD23 2021-04-12 08_12_36\In\20c78432-8bb0-40b2-8ff8-f0f96ef2eac1\CLTBUILD23&gt;set DataFileName=c:\agt6\_work\6\a\api\environment\regapiautomation\testdata\fisap-datacorrection\prereq-invalidtransid-20_21\PreReq-FISAP-DataCorrection@InvalidTransId-20_21-CreateStudent.data.csv &#xD;
&#xD;
C:\Agt6\_work\_temp\TestResults\c2kbuild_CLTBUILD23 2021-04-12 08_12_36\In\20c78432-8bb0-40b2-8ff8-f0f96ef2eac1\CLTBUILD23&gt;set EnvironmentFilePath=c:\agt6\_work\6\a\api\environment\regapiautomation\testdata\fisap-datacorrection\prereq-invalidtransid-20_21\..\..\..\RegApiAutoEnvironment.postman_environment.json &#xD;
&#xD;
C:\Agt6\_work\_temp\TestResults\c2kbuild_CLTBUILD23 2021-04-12 08_12_36\In\20c78432-8bb0-40b2-8ff8-f0f96ef2eac1\CLTBUILD23&gt;set HtmlResultsFile=PreReq-CreateStudent_Html.html &#xD;
&#xD;
C:\Agt6\_work\_temp\TestResults\c2kbuild_CLTBUILD23 2021-04-12 08_12_36\In\20c78432-8bb0-40b2-8ff8-f0f96ef2eac1\CLTBUILD23&gt;set JunitResultsFile=PreReq-CreateStudent_Junit.xml &#xD;
&#xD;
C:\Agt6\_work\_temp\TestResults\c2kbuild_CLTBUILD23 2021-04-12 08_12_36\In\20c78432-8bb0-40b2-8ff8-f0f96ef2eac1\CLTBUILD23&gt;newman run "c:\agt6\_work\6\a\api\environment\regapiautomation\testdata\fisap-datacorrection\prereq-invalidtransid-20_21\..\..\..\..\..\PreReq\PreReq-CreateStudent.postman_collection.json" -k -d "c:\agt6\_work\6\a\api\environment\regapiautomation\testdata\fisap-datacorrection\prereq-invalidtransid-20_21\PreReq-FISAP-DataCorrection@InvalidTransId-20_21-CreateStudent.data.csv" -e "c:\agt6\_work\6\a\api\environment\regapiautomation\testdata\fisap-datacorrection\prereq-invalidtransid-20_21\..\..\..\RegApiAutoEnvironment.postman_environment.json" -r junit,html --reporter-html-export "PreReq-CreateStudent_Html.html" --reporter-junit-export "PreReq-CreateStudent_Junit.xml"</StdOut>
          </Output>
          <ResultFiles>
            <ResultFile path="CLTBUILD23\PreReq-CreateStudent_Html.html" />
            <ResultFile path="CLTBUILD23\PreReq-CreateStudent_Junit.xml" />
          </ResultFiles>
        </UnitTestResult>
        <UnitTestResult executionId="0bfceb71-921f-48dd-a6f5-103d0cb9ac1d" parentExecutionId="974e42be-1ae7-4083-84f3-e5188d755a0a" testId="2c19ee7c-2698-4094-9b8d-edd24316d584" testName="02- prereq-fisap-datacorrection@invalidtransid-20_21-importisir-generictest (OT-06U-FISAP-InvalidTransId-20_21)" computerName="CLTBUILD23" duration="00:00:07.9279401" startTime="2021-04-12T09:02:55.0145839-04:00" endTime="2021-04-12T09:03:02.9470082-04:00" testType="13cdc9d9-ddb5-4fa4-a97d-d965ccfc6d4b" outcome="Passed" testListId="8c84fa94-04c1-424b-9868-57a2d4851a1d" relativeResultsDirectory="0bfceb71-921f-48dd-a6f5-103d0cb9ac1d">
          <Output>
            <StdOut>C:\Agt6\_work\_temp\TestResults\c2kbuild_CLTBUILD23 2021-04-12 08_12_36\In\0bfceb71-921f-48dd-a6f5-103d0cb9ac1d\CLTBUILD23&gt;if not defined TestLocation (set TestLocation=. ) &#xD;
&#xD;
C:\Agt6\_work\_temp\TestResults\c2kbuild_CLTBUILD23 2021-04-12 08_12_36\In\0bfceb71-921f-48dd-a6f5-103d0cb9ac1d\CLTBUILD23&gt;set CollectionFileName=c:\agt6\_work\6\a\api\environment\regapiautomation\testdata\fisap-datacorrection\prereq-invalidtransid-20_21\..\..\..\..\..\PreReq\PreReq-ImportIsir.postman_collection.json &#xD;
&#xD;
C:\Agt6\_work\_temp\TestResults\c2kbuild_CLTBUILD23 2021-04-12 08_12_36\In\0bfceb71-921f-48dd-a6f5-103d0cb9ac1d\CLTBUILD23&gt;set DataFileName=c:\agt6\_work\6\a\api\environment\regapiautomation\testdata\fisap-datacorrection\prereq-invalidtransid-20_21\PreReq-FISAP-DataCorrection@InvalidTransId-20_21-ImportIsir.data.json &#xD;
&#xD;
C:\Agt6\_work\_temp\TestResults\c2kbuild_CLTBUILD23 2021-04-12 08_12_36\In\0bfceb71-921f-48dd-a6f5-103d0cb9ac1d\CLTBUILD23&gt;set EnvironmentFilePath=c:\agt6\_work\6\a\api\environment\regapiautomation\testdata\fisap-datacorrection\prereq-invalidtransid-20_21\..\..\..\RegApiAutoEnvironment.postman_environment.json &#xD;
&#xD;
C:\Agt6\_work\_temp\TestResults\c2kbuild_CLTBUILD23 2021-04-12 08_12_36\In\0bfceb71-921f-48dd-a6f5-103d0cb9ac1d\CLTBUILD23&gt;set HtmlResultsFile=PreReq-ImportIsir_Html.html &#xD;
&#xD;
C:\Agt6\_work\_temp\TestResults\c2kbuild_CLTBUILD23 2021-04-12 08_12_36\In\0bfceb71-921f-48dd-a6f5-103d0cb9ac1d\CLTBUILD23&gt;set JunitResultsFile=PreReq-ImportIsir_Junit.xml &#xD;
&#xD;
C:\Agt6\_work\_temp\TestResults\c2kbuild_CLTBUILD23 2021-04-12 08_12_36\In\0bfceb71-921f-48dd-a6f5-103d0cb9ac1d\CLTBUILD23&gt;newman run "c:\agt6\_work\6\a\api\environment\regapiautomation\testdata\fisap-datacorrection\prereq-invalidtransid-20_21\..\..\..\..\..\PreReq\PreReq-ImportIsir.postman_collection.json" -k -d "c:\agt6\_work\6\a\api\environment\regapiautomation\testdata\fisap-datacorrection\prereq-invalidtransid-20_21\PreReq-FISAP-DataCorrection@InvalidTransId-20_21-ImportIsir.data.json" -e "c:\agt6\_work\6\a\api\environment\regapiautomation\testdata\fisap-datacorrection\prereq-invalidtransid-20_21\..\..\..\RegApiAutoEnvironment.postman_environment.json" -r junit,html --reporter-html-export "PreReq-ImportIsir_Html.html" --reporter-junit-export "PreReq-ImportIsir_Junit.xml"</StdOut>
          </Output>
          <ResultFiles>
            <ResultFile path="CLTBUILD23\PreReq-ImportIsir_Html.html" />
            <ResultFile path="CLTBUILD23\PreReq-ImportIsir_Junit.xml" />
          </ResultFiles>
        </UnitTestResult>
        <UnitTestResult executionId="a45ecb23-5b78-4eb2-ab48-20d79f11c53f" parentExecutionId="974e42be-1ae7-4083-84f3-e5188d755a0a" testId="fe3e2930-c4c6-4b83-bfb9-fdc9b43f91c9" testName="03- prereq-fisap-datacorrection@invalidtransid-20_21-enrollstudent-generictest (OT-06U-FISAP-InvalidTransId-20_21)" computerName="CLTBUILD23" duration="00:00:12.5516072" startTime="2021-04-12T09:03:02.9470082-04:00" endTime="2021-04-12T09:03:15.5020992-04:00" testType="13cdc9d9-ddb5-4fa4-a97d-d965ccfc6d4b" outcome="Passed" testListId="8c84fa94-04c1-424b-9868-57a2d4851a1d" relativeResultsDirectory="a45ecb23-5b78-4eb2-ab48-20d79f11c53f">
          <Output>
            <StdOut>C:\Agt6\_work\_temp\TestResults\c2kbuild_CLTBUILD23 2021-04-12 08_12_36\In\a45ecb23-5b78-4eb2-ab48-20d79f11c53f\CLTBUILD23&gt;if not defined TestLocation (set TestLocation=. ) &#xD;
&#xD;
C:\Agt6\_work\_temp\TestResults\c2kbuild_CLTBUILD23 2021-04-12 08_12_36\In\a45ecb23-5b78-4eb2-ab48-20d79f11c53f\CLTBUILD23&gt;set CollectionFileName=c:\agt6\_work\6\a\api\environment\regapiautomation\testdata\fisap-datacorrection\prereq-invalidtransid-20_21\..\..\..\..\..\PreReq\PreReq-EnrollStudent.postman_collection.json &#xD;
&#xD;
C:\Agt6\_work\_temp\TestResults\c2kbuild_CLTBUILD23 2021-04-12 08_12_36\In\a45ecb23-5b78-4eb2-ab48-20d79f11c53f\CLTBUILD23&gt;set DataFileName=c:\agt6\_work\6\a\api\environment\regapiautomation\testdata\fisap-datacorrection\prereq-invalidtransid-20_21\PreReq-FISAP-DataCorrection@InvalidTransId-20_21-EnrollStudent.data.csv &#xD;
&#xD;
C:\Agt6\_work\_temp\TestResults\c2kbuild_CLTBUILD23 2021-04-12 08_12_36\In\a45ecb23-5b78-4eb2-ab48-20d79f11c53f\CLTBUILD23&gt;set EnvironmentFilePath=c:\agt6\_work\6\a\api\environment\regapiautomation\testdata\fisap-datacorrection\prereq-invalidtransid-20_21\..\..\..\RegApiAutoEnvironment.postman_environment.json &#xD;
&#xD;
C:\Agt6\_work\_temp\TestResults\c2kbuild_CLTBUILD23 2021-04-12 08_12_36\In\a45ecb23-5b78-4eb2-ab48-20d79f11c53f\CLTBUILD23&gt;set HtmlResultsFile=PreReq-EnrollStudent_Html.html &#xD;
&#xD;
C:\Agt6\_work\_temp\TestResults\c2kbuild_CLTBUILD23 2021-04-12 08_12_36\In\a45ecb23-5b78-4eb2-ab48-20d79f11c53f\CLTBUILD23&gt;set JunitResultsFile=PreReq-EnrollStudent_Junit.xml &#xD;
&#xD;
C:\Agt6\_work\_temp\TestResults\c2kbuild_CLTBUILD23 2021-04-12 08_12_36\In\a45ecb23-5b78-4eb2-ab48-20d79f11c53f\CLTBUILD23&gt;newman run "c:\agt6\_work\6\a\api\environment\regapiautomation\testdata\fisap-datacorrection\prereq-invalidtransid-20_21\..\..\..\..\..\PreReq\PreReq-EnrollStudent.postman_collection.json" -k -d "c:\agt6\_work\6\a\api\environment\regapiautomation\testdata\fisap-datacorrection\prereq-invalidtransid-20_21\PreReq-FISAP-DataCorrection@InvalidTransId-20_21-EnrollStudent.data.csv" -e "c:\agt6\_work\6\a\api\environment\regapiautomation\testdata\fisap-datacorrection\prereq-invalidtransid-20_21\..\..\..\RegApiAutoEnvironment.postman_environment.json" -r junit,html --reporter-html-export "PreReq-EnrollStudent_Html.html" --reporter-junit-export "PreReq-EnrollStudent_Junit.xml"</StdOut>
          </Output>
          <ResultFiles>
            <ResultFile path="CLTBUILD23\PreReq-EnrollStudent_Html.html" />
            <ResultFile path="CLTBUILD23\PreReq-EnrollStudent_Junit.xml" />
          </ResultFiles>
        </UnitTestResult>
        <UnitTestResult executionId="ae07ddb5-68b7-4fa1-a3a1-249d66c53b14" parentExecutionId="974e42be-1ae7-4083-84f3-e5188d755a0a" testId="00c6da6d-e2ae-4a20-bb21-b7d86d96c8a0" testName="04- prereq-fisap-datacorrection@invalidtransid-20_21-registerclassandpostattendance-generictest (OT-06U-FISAP-InvalidTransId-20_21)" computerName="CLTBUILD23" duration="00:00:08.5439856" startTime="2021-04-12T09:03:15.5030980-04:00" endTime="2021-04-12T09:03:24.0504787-04:00" testType="13cdc9d9-ddb5-4fa4-a97d-d965ccfc6d4b" outcome="Passed" testListId="8c84fa94-04c1-424b-9868-57a2d4851a1d" relativeResultsDirectory="ae07ddb5-68b7-4fa1-a3a1-249d66c53b14">
          <Output>
            <StdOut>C:\Agt6\_work\_temp\TestResults\c2kbuild_CLTBUILD23 2021-04-12 08_12_36\In\ae07ddb5-68b7-4fa1-a3a1-249d66c53b14\CLTBUILD23&gt;if not defined TestLocation (set TestLocation=. ) &#xD;
&#xD;
C:\Agt6\_work\_temp\TestResults\c2kbuild_CLTBUILD23 2021-04-12 08_12_36\In\ae07ddb5-68b7-4fa1-a3a1-249d66c53b14\CLTBUILD23&gt;set CollectionFileName=c:\agt6\_work\6\a\api\environment\regapiautomation\testdata\fisap-datacorrection\prereq-invalidtransid-20_21\..\..\..\..\..\PreReq\PreReq-RegisterClassAndPostAttendanceForStudent.postman_collection.json &#xD;
&#xD;
C:\Agt6\_work\_temp\TestResults\c2kbuild_CLTBUILD23 2021-04-12 08_12_36\In\ae07ddb5-68b7-4fa1-a3a1-249d66c53b14\CLTBUILD23&gt;set DataFileName=c:\agt6\_work\6\a\api\environment\regapiautomation\testdata\fisap-datacorrection\prereq-invalidtransid-20_21\PreReq-FISAP-DataCorrection@InvalidTransId-20_21-RegisterClassAndPostAttendance.csv &#xD;
&#xD;
C:\Agt6\_work\_temp\TestResults\c2kbuild_CLTBUILD23 2021-04-12 08_12_36\In\ae07ddb5-68b7-4fa1-a3a1-249d66c53b14\CLTBUILD23&gt;set EnvironmentFilePath=c:\agt6\_work\6\a\api\environment\regapiautomation\testdata\fisap-datacorrection\prereq-invalidtransid-20_21\..\..\..\RegApiAutoEnvironment.postman_environment.json &#xD;
&#xD;
C:\Agt6\_work\_temp\TestResults\c2kbuild_CLTBUILD23 2021-04-12 08_12_36\In\ae07ddb5-68b7-4fa1-a3a1-249d66c53b14\CLTBUILD23&gt;set HtmlResultsFile=PreReq-RegisterClassAndPostAttendance_Html.html &#xD;
&#xD;
C:\Agt6\_work\_temp\TestResults\c2kbuild_CLTBUILD23 2021-04-12 08_12_36\In\ae07ddb5-68b7-4fa1-a3a1-249d66c53b14\CLTBUILD23&gt;set JunitResultsFile=PreReq-RegisterClassAndPostAttendance_Junit.xml &#xD;
&#xD;
C:\Agt6\_work\_temp\TestResults\c2kbuild_CLTBUILD23 2021-04-12 08_12_36\In\ae07ddb5-68b7-4fa1-a3a1-249d66c53b14\CLTBUILD23&gt;newman run "c:\agt6\_work\6\a\api\environment\regapiautomation\testdata\fisap-datacorrection\prereq-invalidtransid-20_21\..\..\..\..\..\PreReq\PreReq-RegisterClassAndPostAttendanceForStudent.postman_collection.json" -k -d "c:\agt6\_work\6\a\api\environment\regapiautomation\testdata\fisap-datacorrection\prereq-invalidtransid-20_21\PreReq-FISAP-DataCorrection@InvalidTransId-20_21-RegisterClassAndPostAttendance.csv" -e "c:\agt6\_work\6\a\api\environment\regapiautomation\testdata\fisap-datacorrection\prereq-invalidtransid-20_21\..\..\..\RegApiAutoEnvironment.postman_environment.json" -r junit,html --reporter-html-export "PreReq-RegisterClassAndPostAttendance_Html.html" --reporter-junit-export "PreReq-RegisterClassAndPostAttendance_Junit.xml"</StdOut>
          </Output>
          <ResultFiles>
            <ResultFile path="CLTBUILD23\PreReq-RegisterClassAndPostAttendance_Html.html" />
            <ResultFile path="CLTBUILD23\PreReq-RegisterClassAndPostAttendance_Junit.xml" />
          </ResultFiles>
        </UnitTestResult>
        <UnitTestResult executionId="75732307-b420-47f7-b688-48eb4a5ddedd" parentExecutionId="974e42be-1ae7-4083-84f3-e5188d755a0a" testId="9e54c607-ccc8-4e47-ab0d-69f64fbecf39" testName="05- prereq-fisap-datacorrection@invalidtransid-20_21-updatebudgetforacademicyearforpackaging-generictest (OT-06U-FISAP-InvalidTransId-20_21)" computerName="CLTBUILD23" duration="00:00:07.8940590" startTime="2021-04-12T09:03:24.0504787-04:00" endTime="2021-04-12T09:03:31.9479028-04:00" testType="13cdc9d9-ddb5-4fa4-a97d-d965ccfc6d4b" outcome="Passed" testListId="8c84fa94-04c1-424b-9868-57a2d4851a1d" relativeResultsDirectory="75732307-b420-47f7-b688-48eb4a5ddedd">
          <Output>
            <StdOut>C:\Agt6\_work\_temp\TestResults\c2kbuild_CLTBUILD23 2021-04-12 08_12_36\In\75732307-b420-47f7-b688-48eb4a5ddedd\CLTBUILD23&gt;if not defined TestLocation (set TestLocation=. ) &#xD;
&#xD;
C:\Agt6\_work\_temp\TestResults\c2kbuild_CLTBUILD23 2021-04-12 08_12_36\In\75732307-b420-47f7-b688-48eb4a5ddedd\CLTBUILD23&gt;set CollectionFileName=c:\agt6\_work\6\a\api\environment\regapiautomation\testdata\fisap-datacorrection\prereq-invalidtransid-20_21\..\..\..\..\..\PreReq\PreReq-UpdateBudgetForAcademicYearForPackaging.postman_collection.json &#xD;
&#xD;
C:\Agt6\_work\_temp\TestResults\c2kbuild_CLTBUILD23 2021-04-12 08_12_36\In\75732307-b420-47f7-b688-48eb4a5ddedd\CLTBUILD23&gt;set DataFileName=c:\agt6\_work\6\a\api\environment\regapiautomation\testdata\fisap-datacorrection\prereq-invalidtransid-20_21\PreReq-FISAP-DataCorrection@InvalidTransId-20_21-UpdateBudgetForAcademicYearForPackaging.data.csv &#xD;
&#xD;
C:\Agt6\_work\_temp\TestResults\c2kbuild_CLTBUILD23 2021-04-12 08_12_36\In\75732307-b420-47f7-b688-48eb4a5ddedd\CLTBUILD23&gt;set EnvironmentFilePath=c:\agt6\_work\6\a\api\environment\regapiautomation\testdata\fisap-datacorrection\prereq-invalidtransid-20_21\..\..\..\RegApiAutoEnvironment.postman_environment.json &#xD;
&#xD;
C:\Agt6\_work\_temp\TestResults\c2kbuild_CLTBUILD23 2021-04-12 08_12_36\In\75732307-b420-47f7-b688-48eb4a5ddedd\CLTBUILD23&gt;set HtmlResultsFile=PreReq-UpdateBudgetForAcademicYearForPackaging_Html.html &#xD;
&#xD;
C:\Agt6\_work\_temp\TestResults\c2kbuild_CLTBUILD23 2021-04-12 08_12_36\In\75732307-b420-47f7-b688-48eb4a5ddedd\CLTBUILD23&gt;set JunitResultsFile=PreReq-UpdateBudgetForAcademicYearForPackaging_Junit.xml &#xD;
&#xD;
C:\Agt6\_work\_temp\TestResults\c2kbuild_CLTBUILD23 2021-04-12 08_12_36\In\75732307-b420-47f7-b688-48eb4a5ddedd\CLTBUILD23&gt;newman run "c:\agt6\_work\6\a\api\environment\regapiautomation\testdata\fisap-datacorrection\prereq-invalidtransid-20_21\..\..\..\..\..\PreReq\PreReq-UpdateBudgetForAcademicYearForPackaging.postman_collection.json" -k -d "c:\agt6\_work\6\a\api\environment\regapiautomation\testdata\fisap-datacorrection\prereq-invalidtransid-20_21\PreReq-FISAP-DataCorrection@InvalidTransId-20_21-UpdateBudgetForAcademicYearForPackaging.data.csv" -e "c:\agt6\_work\6\a\api\environment\regapiautomation\testdata\fisap-datacorrection\prereq-invalidtransid-20_21\..\..\..\RegApiAutoEnvironment.postman_environment.json" -r junit,html --reporter-html-export "PreReq-UpdateBudgetForAcademicYearForPackaging_Html.html" --reporter-junit-export "PreReq-UpdateBudgetForAcademicYearForPackaging_Junit.xml"</StdOut>
          </Output>
          <ResultFiles>
            <ResultFile path="CLTBUILD23\PreReq-UpdateBudgetForAcademicYearForPackaging_Html.html" />
            <ResultFile path="CLTBUILD23\PreReq-UpdateBudgetForAcademicYearForPackaging_Junit.xml" />
          </ResultFiles>
        </UnitTestResult>
        <UnitTestResult executionId="b037d37a-13ec-444e-aa56-1ca45b3a7f0e" parentExecutionId="974e42be-1ae7-4083-84f3-e5188d755a0a" testId="c0dd9809-5a51-46c8-8fd4-7daa8e835800" testName="06- prereq-fisap-datacorrection@invalidtransid-20_21-awardgrantforpackaging-generictest (OT-06U-FISAP-InvalidTransId-20_21)" computerName="CLTBUILD23" duration="00:00:09.1267856" startTime="2021-04-12T09:03:31.9479028-04:00" endTime="2021-04-12T09:03:41.0812415-04:00" testType="13cdc9d9-ddb5-4fa4-a97d-d965ccfc6d4b" outcome="Passed" testListId="8c84fa94-04c1-424b-9868-57a2d4851a1d" relativeResultsDirectory="b037d37a-13ec-444e-aa56-1ca45b3a7f0e">
          <Output>
            <StdOut>C:\Agt6\_work\_temp\TestResults\c2kbuild_CLTBUILD23 2021-04-12 08_12_36\In\b037d37a-13ec-444e-aa56-1ca45b3a7f0e\CLTBUILD23&gt;if not defined TestLocation (set TestLocation=. ) &#xD;
&#xD;
C:\Agt6\_work\_temp\TestResults\c2kbuild_CLTBUILD23 2021-04-12 08_12_36\In\b037d37a-13ec-444e-aa56-1ca45b3a7f0e\CLTBUILD23&gt;set CollectionFileName=c:\agt6\_work\6\a\api\environment\regapiautomation\testdata\fisap-datacorrection\prereq-invalidtransid-20_21\..\..\..\..\..\PreReq\PreReq-AwardGrantForPackaging.postman_collection.json &#xD;
&#xD;
C:\Agt6\_work\_temp\TestResults\c2kbuild_CLTBUILD23 2021-04-12 08_12_36\In\b037d37a-13ec-444e-aa56-1ca45b3a7f0e\CLTBUILD23&gt;set DataFileName=c:\agt6\_work\6\a\api\environment\regapiautomation\testdata\fisap-datacorrection\prereq-invalidtransid-20_21\PreReq-FISAP-DataCorrection@InvalidTransId-20_21-AwardGrantForPackaging.data.csv &#xD;
&#xD;
C:\Agt6\_work\_temp\TestResults\c2kbuild_CLTBUILD23 2021-04-12 08_12_36\In\b037d37a-13ec-444e-aa56-1ca45b3a7f0e\CLTBUILD23&gt;set EnvironmentFilePath=c:\agt6\_work\6\a\api\environment\regapiautomation\testdata\fisap-datacorrection\prereq-invalidtransid-20_21\..\..\..\RegApiAutoEnvironment.postman_environment.json &#xD;
&#xD;
C:\Agt6\_work\_temp\TestResults\c2kbuild_CLTBUILD23 2021-04-12 08_12_36\In\b037d37a-13ec-444e-aa56-1ca45b3a7f0e\CLTBUILD23&gt;set HtmlResultsFile=PreReq-AwardGrantForPackaging_Html.html &#xD;
&#xD;
C:\Agt6\_work\_temp\TestResults\c2kbuild_CLTBUILD23 2021-04-12 08_12_36\In\b037d37a-13ec-444e-aa56-1ca45b3a7f0e\CLTBUILD23&gt;set JunitResultsFile=PreReq-AwardGrantForPackaging_Junit.xml &#xD;
&#xD;
C:\Agt6\_work\_temp\TestResults\c2kbuild_CLTBUILD23 2021-04-12 08_12_36\In\b037d37a-13ec-444e-aa56-1ca45b3a7f0e\CLTBUILD23&gt;newman run "c:\agt6\_work\6\a\api\environment\regapiautomation\testdata\fisap-datacorrection\prereq-invalidtransid-20_21\..\..\..\..\..\PreReq\PreReq-AwardGrantForPackaging.postman_collection.json" -k -d "c:\agt6\_work\6\a\api\environment\regapiautomation\testdata\fisap-datacorrection\prereq-invalidtransid-20_21\PreReq-FISAP-DataCorrection@InvalidTransId-20_21-AwardGrantForPackaging.data.csv" -e "c:\agt6\_work\6\a\api\environment\regapiautomation\testdata\fisap-datacorrection\prereq-invalidtransid-20_21\..\..\..\RegApiAutoEnvironment.postman_environment.json" -r junit,html --reporter-html-export "PreReq-AwardGrantForPackaging_Html.html" --reporter-junit-export "PreReq-AwardGrantForPackaging_Junit.xml"</StdOut>
          </Output>
          <ResultFiles>
            <ResultFile path="CLTBUILD23\PreReq-AwardGrantForPackaging_Html.html" />
            <ResultFile path="CLTBUILD23\PreReq-AwardGrantForPackaging_Junit.xml" />
          </ResultFiles>
        </UnitTestResult>
        <UnitTestResult executionId="5e969b5b-b3ff-41ab-ba9d-1755cd02b9e0" parentExecutionId="974e42be-1ae7-4083-84f3-e5188d755a0a" testId="68ca004c-8929-4dbc-acf9-b573475e98b8" testName="07- prereq-fisap-datacorrection@invalidtransid-20_21-postpaymentledgercard-generictest (OT-06U-FISAP-InvalidTransId-20_21)" computerName="CLTBUILD23" duration="00:00:07.8539359" startTime="2021-04-12T09:03:41.0812415-04:00" endTime="2021-04-12T09:03:48.9446676-04:00" testType="13cdc9d9-ddb5-4fa4-a97d-d965ccfc6d4b" outcome="Passed" testListId="8c84fa94-04c1-424b-9868-57a2d4851a1d" relativeResultsDirectory="5e969b5b-b3ff-41ab-ba9d-1755cd02b9e0">
          <Output>
            <StdOut>C:\Agt6\_work\_temp\TestResults\c2kbuild_CLTBUILD23 2021-04-12 08_12_36\In\5e969b5b-b3ff-41ab-ba9d-1755cd02b9e0\CLTBUILD23&gt;if not defined TestLocation (set TestLocation=. ) &#xD;
&#xD;
C:\Agt6\_work\_temp\TestResults\c2kbuild_CLTBUILD23 2021-04-12 08_12_36\In\5e969b5b-b3ff-41ab-ba9d-1755cd02b9e0\CLTBUILD23&gt;set CollectionFileName=c:\agt6\_work\6\a\api\environment\regapiautomation\testdata\fisap-datacorrection\prereq-invalidtransid-20_21\..\..\..\..\..\PreReq\PreReq-PostPaymentLedgerCard.postman_collection.json &#xD;
&#xD;
C:\Agt6\_work\_temp\TestResults\c2kbuild_CLTBUILD23 2021-04-12 08_12_36\In\5e969b5b-b3ff-41ab-ba9d-1755cd02b9e0\CLTBUILD23&gt;set DataFileName=c:\agt6\_work\6\a\api\environment\regapiautomation\testdata\fisap-datacorrection\prereq-invalidtransid-20_21\PreReq-FISAP-DataCorrection@InvalidTransId-20_21-PostPaymentLedgerCard.data.json &#xD;
&#xD;
C:\Agt6\_work\_temp\TestResults\c2kbuild_CLTBUILD23 2021-04-12 08_12_36\In\5e969b5b-b3ff-41ab-ba9d-1755cd02b9e0\CLTBUILD23&gt;set EnvironmentFilePath=c:\agt6\_work\6\a\api\environment\regapiautomation\testdata\fisap-datacorrection\prereq-invalidtransid-20_21\..\..\..\RegApiAutoEnvironment.postman_environment.json &#xD;
&#xD;
C:\Agt6\_work\_temp\TestResults\c2kbuild_CLTBUILD23 2021-04-12 08_12_36\In\5e969b5b-b3ff-41ab-ba9d-1755cd02b9e0\CLTBUILD23&gt;set HtmlResultsFile=PreReq-PostPaymentLedgerCard_Html.html &#xD;
&#xD;
C:\Agt6\_work\_temp\TestResults\c2kbuild_CLTBUILD23 2021-04-12 08_12_36\In\5e969b5b-b3ff-41ab-ba9d-1755cd02b9e0\CLTBUILD23&gt;set JunitResultsFile=PreReq-PostPaymentLdegerCard_Junit.xml &#xD;
&#xD;
C:\Agt6\_work\_temp\TestResults\c2kbuild_CLTBUILD23 2021-04-12 08_12_36\In\5e969b5b-b3ff-41ab-ba9d-1755cd02b9e0\CLTBUILD23&gt;newman run "c:\agt6\_work\6\a\api\environment\regapiautomation\testdata\fisap-datacorrection\prereq-invalidtransid-20_21\..\..\..\..\..\PreReq\PreReq-PostPaymentLedgerCard.postman_collection.json" -k -d "c:\agt6\_work\6\a\api\environment\regapiautomation\testdata\fisap-datacorrection\prereq-invalidtransid-20_21\PreReq-FISAP-DataCorrection@InvalidTransId-20_21-PostPaymentLedgerCard.data.json" -e "c:\agt6\_work\6\a\api\environment\regapiautomation\testdata\fisap-datacorrection\prereq-invalidtransid-20_21\..\..\..\RegApiAutoEnvironment.postman_environment.json" -r junit,html --reporter-html-export "PreReq-PostPaymentLedgerCard_Html.html" --reporter-junit-export "PreReq-PostPaymentLdegerCard_Junit.xml"</StdOut>
          </Output>
          <ResultFiles>
            <ResultFile path="CLTBUILD23\PreReq-PostPaymentLdegerCard_Junit.xml" />
            <ResultFile path="CLTBUILD23\PreReq-PostPaymentLedgerCard_Html.html" />
          </ResultFiles>
        </UnitTestResult>
        <UnitTestResult executionId="ef4be94f-da27-4541-8da3-cc97ac0a695f" parentExecutionId="974e42be-1ae7-4083-84f3-e5188d755a0a" testId="b91a9c97-0371-46f7-a3d2-53fdec1cba84" testName="08- prereq-fisap-datacorrection@invalidtransid-20_21-changestudentstatus-generictest (OT-06U-FISAP-InvalidTransId-20_21)" computerName="CLTBUILD23" duration="00:00:06.3460890" startTime="2021-04-12T09:03:48.9486716-04:00" endTime="2021-04-12T09:03:55.2952084-04:00" testType="13cdc9d9-ddb5-4fa4-a97d-d965ccfc6d4b" outcome="Passed" testListId="8c84fa94-04c1-424b-9868-57a2d4851a1d" relativeResultsDirectory="ef4be94f-da27-4541-8da3-cc97ac0a695f">
          <Output>
            <StdOut>C:\Agt6\_work\_temp\TestResults\c2kbuild_CLTBUILD23 2021-04-12 08_12_36\In\ef4be94f-da27-4541-8da3-cc97ac0a695f\CLTBUILD23&gt;if not defined TestLocation (set TestLocation=. ) &#xD;
&#xD;
C:\Agt6\_work\_temp\TestResults\c2kbuild_CLTBUILD23 2021-04-12 08_12_36\In\ef4be94f-da27-4541-8da3-cc97ac0a695f\CLTBUILD23&gt;set CollectionFileName=c:\agt6\_work\6\a\api\environment\regapiautomation\testdata\fisap-datacorrection\prereq-invalidtransid-20_21\..\..\..\..\..\PreReq\PreReq-GraduateStudentStatus.postman_collection.json &#xD;
&#xD;
C:\Agt6\_work\_temp\TestResults\c2kbuild_CLTBUILD23 2021-04-12 08_12_36\In\ef4be94f-da27-4541-8da3-cc97ac0a695f\CLTBUILD23&gt;set DataFileName=c:\agt6\_work\6\a\api\environment\regapiautomation\testdata\fisap-datacorrection\prereq-invalidtransid-20_21\PreReq-FISAP-DataCorrection@InvalidTransId-20_21-ChangeStudentStatus.data.json &#xD;
&#xD;
C:\Agt6\_work\_temp\TestResults\c2kbuild_CLTBUILD23 2021-04-12 08_12_36\In\ef4be94f-da27-4541-8da3-cc97ac0a695f\CLTBUILD23&gt;set EnvironmentFilePath=c:\agt6\_work\6\a\api\environment\regapiautomation\testdata\fisap-datacorrection\prereq-invalidtransid-20_21\..\..\..\RegApiAutoEnvironment.postman_environment.json &#xD;
&#xD;
C:\Agt6\_work\_temp\TestResults\c2kbuild_CLTBUILD23 2021-04-12 08_12_36\In\ef4be94f-da27-4541-8da3-cc97ac0a695f\CLTBUILD23&gt;set HtmlResultsFile=PreReq-ChangeStudentStatus_Html.html &#xD;
&#xD;
C:\Agt6\_work\_temp\TestResults\c2kbuild_CLTBUILD23 2021-04-12 08_12_36\In\ef4be94f-da27-4541-8da3-cc97ac0a695f\CLTBUILD23&gt;set JunitResultsFile=PreReq-ChangeStudentStatus_Junit.xml &#xD;
&#xD;
C:\Agt6\_work\_temp\TestResults\c2kbuild_CLTBUILD23 2021-04-12 08_12_36\In\ef4be94f-da27-4541-8da3-cc97ac0a695f\CLTBUILD23&gt;newman run "c:\agt6\_work\6\a\api\environment\regapiautomation\testdata\fisap-datacorrection\prereq-invalidtransid-20_21\..\..\..\..\..\PreReq\PreReq-GraduateStudentStatus.postman_collection.json" -k -d "c:\agt6\_work\6\a\api\environment\regapiautomation\testdata\fisap-datacorrection\prereq-invalidtransid-20_21\PreReq-FISAP-DataCorrection@InvalidTransId-20_21-ChangeStudentStatus.data.json" -e "c:\agt6\_work\6\a\api\environment\regapiautomation\testdata\fisap-datacorrection\prereq-invalidtransid-20_21\..\..\..\RegApiAutoEnvironment.postman_environment.json" -r junit,html --reporter-html-export "PreReq-ChangeStudentStatus_Html.html" --reporter-junit-export "PreReq-ChangeStudentStatus_Junit.xml"</StdOut>
          </Output>
          <ResultFiles>
            <ResultFile path="CLTBUILD23\PreReq-ChangeStudentStatus_Html.html" />
            <ResultFile path="CLTBUILD23\PreReq-ChangeStudentStatus_Junit.xml" />
          </ResultFiles>
        </UnitTestResult>
        <UnitTestResult executionId="53bd322a-2b09-4824-a3c8-424f19d4dddd" parentExecutionId="974e42be-1ae7-4083-84f3-e5188d755a0a" testId="e306d73b-4c4c-48fc-a107-9896ce4977e7" testName="09- fisap-datacorrection@invalidtransid-20_21-generictest (OT-06U-FISAP-InvalidTransId-20_21)" computerName="CLTBUILD23" duration="00:00:07.6457558" startTime="2021-04-12T09:03:55.2962116-04:00" endTime="2021-04-12T09:04:02.9456601-04:00" testType="13cdc9d9-ddb5-4fa4-a97d-d965ccfc6d4b" outcome="Passed" testListId="8c84fa94-04c1-424b-9868-57a2d4851a1d" relativeResultsDirectory="53bd322a-2b09-4824-a3c8-424f19d4dddd">
          <Output>
            <StdOut>C:\Agt6\_work\_temp\TestResults\c2kbuild_CLTBUILD23 2021-04-12 08_12_36\In\53bd322a-2b09-4824-a3c8-424f19d4dddd\CLTBUILD23&gt;if not defined TestLocation (set TestLocation=. ) &#xD;
&#xD;
C:\Agt6\_work\_temp\TestResults\c2kbuild_CLTBUILD23 2021-04-12 08_12_36\In\53bd322a-2b09-4824-a3c8-424f19d4dddd\CLTBUILD23&gt;set CollectionFileName=c:\agt6\_work\6\a\api\environment\regapiautomation\testdata\fisap-datacorrection\..\..\..\..\Tests\FISAP-DataCorrection\FISAP-DataCorrection@InvalidTransId.postman_collection.json &#xD;
&#xD;
C:\Agt6\_work\_temp\TestResults\c2kbuild_CLTBUILD23 2021-04-12 08_12_36\In\53bd322a-2b09-4824-a3c8-424f19d4dddd\CLTBUILD23&gt;set DataFileName=c:\agt6\_work\6\a\api\environment\regapiautomation\testdata\fisap-datacorrection\FISAP-DataCorrection@InvalidTransId-20_21.data.json &#xD;
&#xD;
C:\Agt6\_work\_temp\TestResults\c2kbuild_CLTBUILD23 2021-04-12 08_12_36\In\53bd322a-2b09-4824-a3c8-424f19d4dddd\CLTBUILD23&gt;set EnvironmentFilePath=c:\agt6\_work\6\a\api\environment\regapiautomation\testdata\fisap-datacorrection\..\..\RegApiAutoEnvironment.postman_environment.json &#xD;
&#xD;
C:\Agt6\_work\_temp\TestResults\c2kbuild_CLTBUILD23 2021-04-12 08_12_36\In\53bd322a-2b09-4824-a3c8-424f19d4dddd\CLTBUILD23&gt;set HtmlResultsFile=FISAP-DataCorrection@InvalidTransId-20_21-Html.html &#xD;
&#xD;
C:\Agt6\_work\_temp\TestResults\c2kbuild_CLTBUILD23 2021-04-12 08_12_36\In\53bd322a-2b09-4824-a3c8-424f19d4dddd\CLTBUILD23&gt;set JunitResultsFile=FISAP-DataCorrection@InvalidTransId-20_21-Junit.xml &#xD;
&#xD;
C:\Agt6\_work\_temp\TestResults\c2kbuild_CLTBUILD23 2021-04-12 08_12_36\In\53bd322a-2b09-4824-a3c8-424f19d4dddd\CLTBUILD23&gt;newman run "c:\agt6\_work\6\a\api\environment\regapiautomation\testdata\fisap-datacorrection\..\..\..\..\Tests\FISAP-DataCorrection\FISAP-DataCorrection@InvalidTransId.postman_collection.json" -k -d "c:\agt6\_work\6\a\api\environment\regapiautomation\testdata\fisap-datacorrection\FISAP-DataCorrection@InvalidTransId-20_21.data.json" -e "c:\agt6\_work\6\a\api\environment\regapiautomation\testdata\fisap-datacorrection\..\..\RegApiAutoEnvironment.postman_environment.json" -r junit,html --reporter-html-export "FISAP-DataCorrection@InvalidTransId-20_21-Html.html" --reporter-junit-export "FISAP-DataCorrection@InvalidTransId-20_21-Junit.xml"</StdOut>
          </Output>
          <ResultFiles>
            <ResultFile path="CLTBUILD23\FISAP-DataCorrection@InvalidTransId-20_21-Html.html" />
            <ResultFile path="CLTBUILD23\FISAP-DataCorrection@InvalidTransId-20_21-Junit.xml" />
          </ResultFiles>
        </UnitTestResult>
      </InnerResults>
    </TestResultAggregation>
    <TestResultAggregation executionId="28a2e2c4-c47f-4020-84de-4df230717c3e" testId="ac5324bd-9fa6-4772-a033-0f1f648fc28d" testName="OT-03A-ApplicationData-Import-ErrorReport" computerName="CLTBUILD23" duration="00:00:18.7677717" startTime="2021-04-12T08:32:09.2065052-04:00" endTime="2021-04-12T08:32:27.9722101-04:00" testType="ec4800e8-40e5-4ab3-8510-b8bf29b1904d" outcome="Passed" testListId="8c84fa94-04c1-424b-9868-57a2d4851a1d" relativeResultsDirectory="28a2e2c4-c47f-4020-84de-4df230717c3e">
      <InnerResults>
        <UnitTestResult executionId="ebb39123-73f3-417a-af95-bc93664179a9" parentExecutionId="28a2e2c4-c47f-4020-84de-4df230717c3e" testId="b4a1300b-0eb7-4c19-99c7-95b321295b6a" testName="1- appproc-appdata-import@hp-errorreport-generictest (OT-03A-ApplicationData-Import-ErrorReport)" computerName="CLTBUILD23" duration="00:00:18.7589506" startTime="2021-04-12T08:32:09.2075030-04:00" endTime="2021-04-12T08:32:27.9722101-04:00" testType="13cdc9d9-ddb5-4fa4-a97d-d965ccfc6d4b" outcome="Passed" testListId="8c84fa94-04c1-424b-9868-57a2d4851a1d" relativeResultsDirectory="ebb39123-73f3-417a-af95-bc93664179a9">
          <Output>
            <StdOut>C:\Agt6\_work\_temp\TestResults\c2kbuild_CLTBUILD23 2021-04-12 08_12_36\In\ebb39123-73f3-417a-af95-bc93664179a9\CLTBUILD23&gt;if not defined TestLocation (set TestLocation=. ) &#xD;
&#xD;
C:\Agt6\_work\_temp\TestResults\c2kbuild_CLTBUILD23 2021-04-12 08_12_36\In\ebb39123-73f3-417a-af95-bc93664179a9\CLTBUILD23&gt;set CollectionFileName=c:\agt6\_work\6\a\api\environment\regapiautomation\testdata\applicationdata\import\..\..\..\..\..\Tests\ApplicationData\Import\AppProc-AppData-Import@HP-ErrorReport.postman_collection.json &#xD;
&#xD;
C:\Agt6\_work\_temp\TestResults\c2kbuild_CLTBUILD23 2021-04-12 08_12_36\In\ebb39123-73f3-417a-af95-bc93664179a9\CLTBUILD23&gt;set DataFileName=c:\agt6\_work\6\a\api\environment\regapiautomation\testdata\applicationdata\import\AppProc-AppData-Import@HP-ErrorReport.data.json &#xD;
&#xD;
C:\Agt6\_work\_temp\TestResults\c2kbuild_CLTBUILD23 2021-04-12 08_12_36\In\ebb39123-73f3-417a-af95-bc93664179a9\CLTBUILD23&gt;set EnvironmentFilePath=c:\agt6\_work\6\a\api\environment\regapiautomation\testdata\applicationdata\import\..\..\..\RegApiAutoEnvironment.postman_environment.json &#xD;
&#xD;
C:\Agt6\_work\_temp\TestResults\c2kbuild_CLTBUILD23 2021-04-12 08_12_36\In\ebb39123-73f3-417a-af95-bc93664179a9\CLTBUILD23&gt;set HtmlResultsFile=AppProc-AppData-Import@HP-ErrorReport-Html.html &#xD;
&#xD;
C:\Agt6\_work\_temp\TestResults\c2kbuild_CLTBUILD23 2021-04-12 08_12_36\In\ebb39123-73f3-417a-af95-bc93664179a9\CLTBUILD23&gt;set JunitResultsFile=AppProc-AppData-Import@HP-ErrorReport-Junit.xml &#xD;
&#xD;
C:\Agt6\_work\_temp\TestResults\c2kbuild_CLTBUILD23 2021-04-12 08_12_36\In\ebb39123-73f3-417a-af95-bc93664179a9\CLTBUILD23&gt;newman run "c:\agt6\_work\6\a\api\environment\regapiautomation\testdata\applicationdata\import\..\..\..\..\..\Tests\ApplicationData\Import\AppProc-AppData-Import@HP-ErrorReport.postman_collection.json" -k -d "c:\agt6\_work\6\a\api\environment\regapiautomation\testdata\applicationdata\import\AppProc-AppData-Import@HP-ErrorReport.data.json" -e "c:\agt6\_work\6\a\api\environment\regapiautomation\testdata\applicationdata\import\..\..\..\RegApiAutoEnvironment.postman_environment.json" -r junit,html --reporter-html-export "AppProc-AppData-Import@HP-ErrorReport-Html.html" --reporter-junit-export "AppProc-AppData-Import@HP-ErrorReport-Junit.xml"</StdOut>
          </Output>
          <ResultFiles>
            <ResultFile path="CLTBUILD23\AppProc-AppData-Import@HP-ErrorReport-Html.html" />
            <ResultFile path="CLTBUILD23\AppProc-AppData-Import@HP-ErrorReport-Junit.xml" />
          </ResultFiles>
        </UnitTestResult>
      </InnerResults>
    </TestResultAggregation>
    <TestResultAggregation executionId="38aa47f8-e95b-41ae-b249-c170209fe184" testId="487b3cf8-d5f2-49ae-ae83-e168d6df4d49" testName="OT-10M-CollegeFinancePlan-Student-Saved-20_21" computerName="CLTBUILD23" duration="00:00:16.5142939" startTime="2021-04-12T09:22:53.3152379-04:00" endTime="2021-04-12T09:23:09.8290576-04:00" testType="ec4800e8-40e5-4ab3-8510-b8bf29b1904d" outcome="Passed" testListId="8c84fa94-04c1-424b-9868-57a2d4851a1d" relativeResultsDirectory="38aa47f8-e95b-41ae-b249-c170209fe184">
      <InnerResults>
        <UnitTestResult executionId="13efff85-8af2-46b5-94f4-12a1223dac7f" parentExecutionId="38aa47f8-e95b-41ae-b249-c170209fe184" testId="8f501d3f-8637-4717-bfac-d9852c9f5473" testName="1- collegefinanceplan-student@hp-saved-20_21-generictest (OT-10M-CollegeFinancePlan-Student-Saved-20_21)" computerName="CLTBUILD23" duration="00:00:16.5058629" startTime="2021-04-12T09:22:53.3162389-04:00" endTime="2021-04-12T09:23:09.8280553-04:00" testType="13cdc9d9-ddb5-4fa4-a97d-d965ccfc6d4b" outcome="Passed" testListId="8c84fa94-04c1-424b-9868-57a2d4851a1d" relativeResultsDirectory="13efff85-8af2-46b5-94f4-12a1223dac7f">
          <Output>
            <StdOut>C:\Agt6\_work\_temp\TestResults\c2kbuild_CLTBUILD23 2021-04-12 08_12_36\In\13efff85-8af2-46b5-94f4-12a1223dac7f\CLTBUILD23&gt;if not defined TestLocation (set TestLocation=. ) &#xD;
&#xD;
C:\Agt6\_work\_temp\TestResults\c2kbuild_CLTBUILD23 2021-04-12 08_12_36\In\13efff85-8af2-46b5-94f4-12a1223dac7f\CLTBUILD23&gt;set CollectionFileName=c:\agt6\_work\6\a\api\environment\regapiautomation\testdata\shoppingsheets\..\..\..\..\Tests\ShoppingSheets\ShoppingSheets-Student@HP-Saved.postman_collection.json &#xD;
&#xD;
C:\Agt6\_work\_temp\TestResults\c2kbuild_CLTBUILD23 2021-04-12 08_12_36\In\13efff85-8af2-46b5-94f4-12a1223dac7f\CLTBUILD23&gt;set DataFileName=c:\agt6\_work\6\a\api\environment\regapiautomation\testdata\shoppingsheets\CollegeFinancePlan-Student@HP-Saved-20_21.data.json &#xD;
&#xD;
C:\Agt6\_work\_temp\TestResults\c2kbuild_CLTBUILD23 2021-04-12 08_12_36\In\13efff85-8af2-46b5-94f4-12a1223dac7f\CLTBUILD23&gt;set EnvironmentFilePath=c:\agt6\_work\6\a\api\environment\regapiautomation\testdata\shoppingsheets\..\..\RegApiAutoEnvironment.postman_environment.json &#xD;
&#xD;
C:\Agt6\_work\_temp\TestResults\c2kbuild_CLTBUILD23 2021-04-12 08_12_36\In\13efff85-8af2-46b5-94f4-12a1223dac7f\CLTBUILD23&gt;set HtmlResultsFile=CollegeFinancePlan-Student@HP-Saved-20_21_Html.html &#xD;
&#xD;
C:\Agt6\_work\_temp\TestResults\c2kbuild_CLTBUILD23 2021-04-12 08_12_36\In\13efff85-8af2-46b5-94f4-12a1223dac7f\CLTBUILD23&gt;set JunitResultsFile=CollegeFinancePlan-Student@HP-Saved-20_21_Junit.xml &#xD;
&#xD;
C:\Agt6\_work\_temp\TestResults\c2kbuild_CLTBUILD23 2021-04-12 08_12_36\In\13efff85-8af2-46b5-94f4-12a1223dac7f\CLTBUILD23&gt;newman run "c:\agt6\_work\6\a\api\environment\regapiautomation\testdata\shoppingsheets\..\..\..\..\Tests\ShoppingSheets\ShoppingSheets-Student@HP-Saved.postman_collection.json" -k -d "c:\agt6\_work\6\a\api\environment\regapiautomation\testdata\shoppingsheets\CollegeFinancePlan-Student@HP-Saved-20_21.data.json" -e "c:\agt6\_work\6\a\api\environment\regapiautomation\testdata\shoppingsheets\..\..\RegApiAutoEnvironment.postman_environment.json" -r junit,html --reporter-html-export "CollegeFinancePlan-Student@HP-Saved-20_21_Html.html" --reporter-junit-export "CollegeFinancePlan-Student@HP-Saved-20_21_Junit.xml"</StdOut>
          </Output>
          <ResultFiles>
            <ResultFile path="CLTBUILD23\CollegeFinancePlan-Student@HP-Saved-20_21_Html.html" />
            <ResultFile path="CLTBUILD23\CollegeFinancePlan-Student@HP-Saved-20_21_Junit.xml" />
          </ResultFiles>
        </UnitTestResult>
      </InnerResults>
    </TestResultAggregation>
    <TestResultAggregation executionId="1dc9e166-d7ca-41ee-8d6c-b5317b4ce4f1" testId="4cc018d6-9c36-4e05-ac7d-90edda63fc53" testName="OT-10-ShoppingSheet" computerName="CLTBUILD23" duration="00:00:39.1416878" startTime="2021-04-12T09:19:46.2475849-04:00" endTime="2021-04-12T09:20:25.3868012-04:00" testType="ec4800e8-40e5-4ab3-8510-b8bf29b1904d" outcome="Passed" testListId="8c84fa94-04c1-424b-9868-57a2d4851a1d" relativeResultsDirectory="1dc9e166-d7ca-41ee-8d6c-b5317b4ce4f1">
      <InnerResults>
        <UnitTestResult executionId="b0a3d578-7d7c-489a-9979-0f9c27d98752" parentExecutionId="1dc9e166-d7ca-41ee-8d6c-b5317b4ce4f1" testId="7bd6ad64-70f9-4b50-8dab-f8cc34acede3" testName="1- prereq-shoppingsheets-student@hp-print-importisir-generictest (OT-10-ShoppingSheet)" computerName="CLTBUILD23" duration="00:00:08.8416978" startTime="2021-04-12T09:19:46.2505870-04:00" endTime="2021-04-12T09:19:55.0929544-04:00" testType="13cdc9d9-ddb5-4fa4-a97d-d965ccfc6d4b" outcome="Passed" testListId="8c84fa94-04c1-424b-9868-57a2d4851a1d" relativeResultsDirectory="b0a3d578-7d7c-489a-9979-0f9c27d98752">
          <Output>
            <StdOut>C:\Agt6\_work\_temp\TestResults\c2kbuild_CLTBUILD23 2021-04-12 08_12_36\In\b0a3d578-7d7c-489a-9979-0f9c27d98752\CLTBUILD23&gt;if not defined TestLocation (set TestLocation=. ) &#xD;
&#xD;
C:\Agt6\_work\_temp\TestResults\c2kbuild_CLTBUILD23 2021-04-12 08_12_36\In\b0a3d578-7d7c-489a-9979-0f9c27d98752\CLTBUILD23&gt;set CollectionFileName=c:\agt6\_work\6\a\api\environment\regapiautomation\testdata\shoppingsheets\prereq\..\..\..\..\..\PreReq\PreReq-ImportISIR.postman_collection.json &#xD;
&#xD;
C:\Agt6\_work\_temp\TestResults\c2kbuild_CLTBUILD23 2021-04-12 08_12_36\In\b0a3d578-7d7c-489a-9979-0f9c27d98752\CLTBUILD23&gt;set DataFileName=c:\agt6\_work\6\a\api\environment\regapiautomation\testdata\shoppingsheets\prereq\PreReq-ShoppingSheets-Student@HP-Print-ImportISIR.data.json &#xD;
&#xD;
C:\Agt6\_work\_temp\TestResults\c2kbuild_CLTBUILD23 2021-04-12 08_12_36\In\b0a3d578-7d7c-489a-9979-0f9c27d98752\CLTBUILD23&gt;set EnvironmentFilePath=c:\agt6\_work\6\a\api\environment\regapiautomation\testdata\shoppingsheets\prereq\..\..\..\RegApiAutoEnvironment.postman_environment.json &#xD;
&#xD;
C:\Agt6\_work\_temp\TestResults\c2kbuild_CLTBUILD23 2021-04-12 08_12_36\In\b0a3d578-7d7c-489a-9979-0f9c27d98752\CLTBUILD23&gt;set HtmlResultsFile=PreReq-ShoppingSheets-Student@HP-Print-ImportISIR_Html.html &#xD;
&#xD;
C:\Agt6\_work\_temp\TestResults\c2kbuild_CLTBUILD23 2021-04-12 08_12_36\In\b0a3d578-7d7c-489a-9979-0f9c27d98752\CLTBUILD23&gt;set JunitResultsFile=PreReq-ShoppingSheets-Student@HP-Print-ImportISIR_Junit.xml &#xD;
&#xD;
C:\Agt6\_work\_temp\TestResults\c2kbuild_CLTBUILD23 2021-04-12 08_12_36\In\b0a3d578-7d7c-489a-9979-0f9c27d98752\CLTBUILD23&gt;newman run "c:\agt6\_work\6\a\api\environment\regapiautomation\testdata\shoppingsheets\prereq\..\..\..\..\..\PreReq\PreReq-ImportISIR.postman_collection.json" -k -d "c:\agt6\_work\6\a\api\environment\regapiautomation\testdata\shoppingsheets\prereq\PreReq-ShoppingSheets-Student@HP-Print-ImportISIR.data.json" -e "c:\agt6\_work\6\a\api\environment\regapiautomation\testdata\shoppingsheets\prereq\..\..\..\RegApiAutoEnvironment.postman_environment.json" -r junit,html --reporter-html-export "PreReq-ShoppingSheets-Student@HP-Print-ImportISIR_Html.html" --reporter-junit-export "PreReq-ShoppingSheets-Student@HP-Print-ImportISIR_Junit.xml"</StdOut>
          </Output>
          <ResultFiles>
            <ResultFile path="CLTBUILD23\PreReq-ShoppingSheets-Student@HP-Print-ImportISIR_Html.html" />
            <ResultFile path="CLTBUILD23\PreReq-ShoppingSheets-Student@HP-Print-ImportISIR_Junit.xml" />
          </ResultFiles>
        </UnitTestResult>
        <UnitTestResult executionId="f92410ab-e5a1-4708-b138-aa001d4baf04" parentExecutionId="1dc9e166-d7ca-41ee-8d6c-b5317b4ce4f1" testId="6db8057f-ae0e-42ee-bf8e-8f10bd04cf1c" testName="2- prereq-shoppingsheets-student@hp-print-enroll-generictest (OT-10-ShoppingSheet)" computerName="CLTBUILD23" duration="00:00:12.8300896" startTime="2021-04-12T09:19:55.0929544-04:00" endTime="2021-04-12T09:20:07.9250415-04:00" testType="13cdc9d9-ddb5-4fa4-a97d-d965ccfc6d4b" outcome="Passed" testListId="8c84fa94-04c1-424b-9868-57a2d4851a1d" relativeResultsDirectory="f92410ab-e5a1-4708-b138-aa001d4baf04">
          <Output>
            <StdOut>C:\Agt6\_work\_temp\TestResults\c2kbuild_CLTBUILD23 2021-04-12 08_12_36\In\f92410ab-e5a1-4708-b138-aa001d4baf04\CLTBUILD23&gt;if not defined TestLocation (set TestLocation=. ) &#xD;
&#xD;
C:\Agt6\_work\_temp\TestResults\c2kbuild_CLTBUILD23 2021-04-12 08_12_36\In\f92410ab-e5a1-4708-b138-aa001d4baf04\CLTBUILD23&gt;set CollectionFileName=c:\agt6\_work\6\a\api\environment\regapiautomation\testdata\shoppingsheets\prereq\..\..\..\..\..\PreReq\PreReq-EnrollStudent.postman_collection.json &#xD;
&#xD;
C:\Agt6\_work\_temp\TestResults\c2kbuild_CLTBUILD23 2021-04-12 08_12_36\In\f92410ab-e5a1-4708-b138-aa001d4baf04\CLTBUILD23&gt;set DataFileName=c:\agt6\_work\6\a\api\environment\regapiautomation\testdata\shoppingsheets\prereq\PreReq-ShoppingSheets-Student@HP-Print-Enroll.data.csv &#xD;
&#xD;
C:\Agt6\_work\_temp\TestResults\c2kbuild_CLTBUILD23 2021-04-12 08_12_36\In\f92410ab-e5a1-4708-b138-aa001d4baf04\CLTBUILD23&gt;set EnvironmentFilePath=c:\agt6\_work\6\a\api\environment\regapiautomation\testdata\shoppingsheets\prereq\..\..\..\RegApiAutoEnvironment.postman_environment.json &#xD;
&#xD;
C:\Agt6\_work\_temp\TestResults\c2kbuild_CLTBUILD23 2021-04-12 08_12_36\In\f92410ab-e5a1-4708-b138-aa001d4baf04\CLTBUILD23&gt;set HtmlResultsFile=PreReq-ShoppingSheets-Student@HP-Print-Enroll_Html.html &#xD;
&#xD;
C:\Agt6\_work\_temp\TestResults\c2kbuild_CLTBUILD23 2021-04-12 08_12_36\In\f92410ab-e5a1-4708-b138-aa001d4baf04\CLTBUILD23&gt;set JunitResultsFile=PreReq-ShoppingSheets-Student@HP-Print-Enroll_Junit.xml &#xD;
&#xD;
C:\Agt6\_work\_temp\TestResults\c2kbuild_CLTBUILD23 2021-04-12 08_12_36\In\f92410ab-e5a1-4708-b138-aa001d4baf04\CLTBUILD23&gt;newman run "c:\agt6\_work\6\a\api\environment\regapiautomation\testdata\shoppingsheets\prereq\..\..\..\..\..\PreReq\PreReq-EnrollStudent.postman_collection.json" -k -d "c:\agt6\_work\6\a\api\environment\regapiautomation\testdata\shoppingsheets\prereq\PreReq-ShoppingSheets-Student@HP-Print-Enroll.data.csv" -e "c:\agt6\_work\6\a\api\environment\regapiautomation\testdata\shoppingsheets\prereq\..\..\..\RegApiAutoEnvironment.postman_environment.json" -r junit,html --reporter-html-export "PreReq-ShoppingSheets-Student@HP-Print-Enroll_Html.html" --reporter-junit-export "PreReq-ShoppingSheets-Student@HP-Print-Enroll_Junit.xml"</StdOut>
          </Output>
          <ResultFiles>
            <ResultFile path="CLTBUILD23\PreReq-ShoppingSheets-Student@HP-Print-Enroll_Html.html" />
            <ResultFile path="CLTBUILD23\PreReq-ShoppingSheets-Student@HP-Print-Enroll_Junit.xml" />
          </ResultFiles>
        </UnitTestResult>
        <UnitTestResult executionId="62048f68-6f97-486d-9d06-1f28fc96b8ae" parentExecutionId="1dc9e166-d7ca-41ee-8d6c-b5317b4ce4f1" testId="451322d8-1584-4c96-a4d2-cd83269d4dbb" testName="3- shoppingsheets-student@hp-print-generictest (OT-10-ShoppingSheet)" computerName="CLTBUILD23" duration="00:00:17.4577558" startTime="2021-04-12T09:20:07.9250415-04:00" endTime="2021-04-12T09:20:25.3868012-04:00" testType="13cdc9d9-ddb5-4fa4-a97d-d965ccfc6d4b" outcome="Passed" testListId="8c84fa94-04c1-424b-9868-57a2d4851a1d" relativeResultsDirectory="62048f68-6f97-486d-9d06-1f28fc96b8ae">
          <Output>
            <StdOut>C:\Agt6\_work\_temp\TestResults\c2kbuild_CLTBUILD23 2021-04-12 08_12_36\In\62048f68-6f97-486d-9d06-1f28fc96b8ae\CLTBUILD23&gt;if not defined TestLocation (set TestLocation=. ) &#xD;
&#xD;
C:\Agt6\_work\_temp\TestResults\c2kbuild_CLTBUILD23 2021-04-12 08_12_36\In\62048f68-6f97-486d-9d06-1f28fc96b8ae\CLTBUILD23&gt;set CollectionFileName=c:\agt6\_work\6\a\api\environment\regapiautomation\testdata\shoppingsheets\..\..\..\..\Tests\ShoppingSheets\ShoppingSheets-Student@HP-Print.postman_collection.json &#xD;
&#xD;
C:\Agt6\_work\_temp\TestResults\c2kbuild_CLTBUILD23 2021-04-12 08_12_36\In\62048f68-6f97-486d-9d06-1f28fc96b8ae\CLTBUILD23&gt;set DataFileName=c:\agt6\_work\6\a\api\environment\regapiautomation\testdata\shoppingsheets\ShoppingSheets-Student@HP-Print.data.json &#xD;
&#xD;
C:\Agt6\_work\_temp\TestResults\c2kbuild_CLTBUILD23 2021-04-12 08_12_36\In\62048f68-6f97-486d-9d06-1f28fc96b8ae\CLTBUILD23&gt;set EnvironmentFilePath=c:\agt6\_work\6\a\api\environment\regapiautomation\testdata\shoppingsheets\..\..\RegApiAutoEnvironment.postman_environment.json &#xD;
&#xD;
C:\Agt6\_work\_temp\TestResults\c2kbuild_CLTBUILD23 2021-04-12 08_12_36\In\62048f68-6f97-486d-9d06-1f28fc96b8ae\CLTBUILD23&gt;set HtmlResultsFile=ShoppingSheets-Student@HP-Print_Html.html &#xD;
&#xD;
C:\Agt6\_work\_temp\TestResults\c2kbuild_CLTBUILD23 2021-04-12 08_12_36\In\62048f68-6f97-486d-9d06-1f28fc96b8ae\CLTBUILD23&gt;set JunitResultsFile=ShoppingSheets-Student@HP-Print_Junit.xml &#xD;
&#xD;
C:\Agt6\_work\_temp\TestResults\c2kbuild_CLTBUILD23 2021-04-12 08_12_36\In\62048f68-6f97-486d-9d06-1f28fc96b8ae\CLTBUILD23&gt;newman run "c:\agt6\_work\6\a\api\environment\regapiautomation\testdata\shoppingsheets\..\..\..\..\Tests\ShoppingSheets\ShoppingSheets-Student@HP-Print.postman_collection.json" -k -d "c:\agt6\_work\6\a\api\environment\regapiautomation\testdata\shoppingsheets\ShoppingSheets-Student@HP-Print.data.json" -e "c:\agt6\_work\6\a\api\environment\regapiautomation\testdata\shoppingsheets\..\..\RegApiAutoEnvironment.postman_environment.json" -r junit,html --reporter-html-export "ShoppingSheets-Student@HP-Print_Html.html" --reporter-junit-export "ShoppingSheets-Student@HP-Print_Junit.xml"</StdOut>
          </Output>
          <ResultFiles>
            <ResultFile path="CLTBUILD23\ShoppingSheets-Student@HP-Print_Html.html" />
            <ResultFile path="CLTBUILD23\ShoppingSheets-Student@HP-Print_Junit.xml" />
          </ResultFiles>
        </UnitTestResult>
      </InnerResults>
    </TestResultAggregation>
    <TestResultAggregation executionId="9454772b-7cb9-4724-9fd5-34814095d14b" testId="80a407a7-80a5-4fa3-b671-e6947097256f" testName="OT-06ZB-FISAP-Report-Variance-19_20" computerName="CLTBUILD23" duration="00:01:23.2543705" startTime="2021-04-12T09:14:33.4679115-04:00" endTime="2021-04-12T09:15:56.7139722-04:00" testType="ec4800e8-40e5-4ab3-8510-b8bf29b1904d" outcome="Passed" testListId="8c84fa94-04c1-424b-9868-57a2d4851a1d" relativeResultsDirectory="9454772b-7cb9-4724-9fd5-34814095d14b">
      <InnerResults>
        <UnitTestResult executionId="e5ec38f2-28e8-41b8-8e69-cf1c45ef5506" parentExecutionId="9454772b-7cb9-4724-9fd5-34814095d14b" testId="7321673c-0110-45ae-b2a4-2dd372fd326e" testName="01- prereq-fisap-datacorrection@report-variance-19_20-createstudent-generictest (OT-06ZB-FISAP-Report-Variance-19_20)" computerName="CLTBUILD23" duration="00:00:08.8792642" startTime="2021-04-12T09:14:33.4699122-04:00" endTime="2021-04-12T09:14:42.3492737-04:00" testType="13cdc9d9-ddb5-4fa4-a97d-d965ccfc6d4b" outcome="Passed" testListId="8c84fa94-04c1-424b-9868-57a2d4851a1d" relativeResultsDirectory="e5ec38f2-28e8-41b8-8e69-cf1c45ef5506">
          <Output>
            <StdOut>C:\Agt6\_work\_temp\TestResults\c2kbuild_CLTBUILD23 2021-04-12 08_12_36\In\e5ec38f2-28e8-41b8-8e69-cf1c45ef5506\CLTBUILD23&gt;if not defined TestLocation (set TestLocation=. ) &#xD;
&#xD;
C:\Agt6\_work\_temp\TestResults\c2kbuild_CLTBUILD23 2021-04-12 08_12_36\In\e5ec38f2-28e8-41b8-8e69-cf1c45ef5506\CLTBUILD23&gt;set CollectionFileName=c:\agt6\_work\6\a\api\environment\regapiautomation\testdata\fisap-datacorrection\prereq-report-variance-19_20\..\..\..\..\..\PreReq\PreReq-CreateStudent.postman_collection.json &#xD;
&#xD;
C:\Agt6\_work\_temp\TestResults\c2kbuild_CLTBUILD23 2021-04-12 08_12_36\In\e5ec38f2-28e8-41b8-8e69-cf1c45ef5506\CLTBUILD23&gt;set DataFileName=c:\agt6\_work\6\a\api\environment\regapiautomation\testdata\fisap-datacorrection\prereq-report-variance-19_20\PreReq-FISAP-DataCorrection@Report-Variance-19_20-CreateStudent.data.csv &#xD;
&#xD;
C:\Agt6\_work\_temp\TestResults\c2kbuild_CLTBUILD23 2021-04-12 08_12_36\In\e5ec38f2-28e8-41b8-8e69-cf1c45ef5506\CLTBUILD23&gt;set EnvironmentFilePath=c:\agt6\_work\6\a\api\environment\regapiautomation\testdata\fisap-datacorrection\prereq-report-variance-19_20\..\..\..\RegApiAutoEnvironment.postman_environment.json &#xD;
&#xD;
C:\Agt6\_work\_temp\TestResults\c2kbuild_CLTBUILD23 2021-04-12 08_12_36\In\e5ec38f2-28e8-41b8-8e69-cf1c45ef5506\CLTBUILD23&gt;set HtmlResultsFile=CreateStudent_Html.html &#xD;
&#xD;
C:\Agt6\_work\_temp\TestResults\c2kbuild_CLTBUILD23 2021-04-12 08_12_36\In\e5ec38f2-28e8-41b8-8e69-cf1c45ef5506\CLTBUILD23&gt;set JunitResultsFile=CreateStudent_Junit.xml &#xD;
&#xD;
C:\Agt6\_work\_temp\TestResults\c2kbuild_CLTBUILD23 2021-04-12 08_12_36\In\e5ec38f2-28e8-41b8-8e69-cf1c45ef5506\CLTBUILD23&gt;newman run "c:\agt6\_work\6\a\api\environment\regapiautomation\testdata\fisap-datacorrection\prereq-report-variance-19_20\..\..\..\..\..\PreReq\PreReq-CreateStudent.postman_collection.json" -k -d "c:\agt6\_work\6\a\api\environment\regapiautomation\testdata\fisap-datacorrection\prereq-report-variance-19_20\PreReq-FISAP-DataCorrection@Report-Variance-19_20-CreateStudent.data.csv" -e "c:\agt6\_work\6\a\api\environment\regapiautomation\testdata\fisap-datacorrection\prereq-report-variance-19_20\..\..\..\RegApiAutoEnvironment.postman_environment.json" -r junit,html --reporter-html-export "CreateStudent_Html.html" --reporter-junit-export "CreateStudent_Junit.xml"</StdOut>
          </Output>
          <ResultFiles>
            <ResultFile path="CLTBUILD23\CreateStudent_Html.html" />
            <ResultFile path="CLTBUILD23\CreateStudent_Junit.xml" />
          </ResultFiles>
        </UnitTestResult>
        <UnitTestResult executionId="2b1d5cc4-14f9-44de-9397-6e852d1f7b73" parentExecutionId="9454772b-7cb9-4724-9fd5-34814095d14b" testId="950ef0be-d626-49a3-8c3b-042d35c316ce" testName="02- prereq-fisap-datacorrection@report-variance-19_20-importisir-generictest (OT-06ZB-FISAP-Report-Variance-19_20)" computerName="CLTBUILD23" duration="00:00:08.6838655" startTime="2021-04-12T09:14:42.3502782-04:00" endTime="2021-04-12T09:14:51.0356503-04:00" testType="13cdc9d9-ddb5-4fa4-a97d-d965ccfc6d4b" outcome="Passed" testListId="8c84fa94-04c1-424b-9868-57a2d4851a1d" relativeResultsDirectory="2b1d5cc4-14f9-44de-9397-6e852d1f7b73">
          <Output>
            <StdOut>C:\Agt6\_work\_temp\TestResults\c2kbuild_CLTBUILD23 2021-04-12 08_12_36\In\2b1d5cc4-14f9-44de-9397-6e852d1f7b73\CLTBUILD23&gt;if not defined TestLocation (set TestLocation=. ) &#xD;
&#xD;
C:\Agt6\_work\_temp\TestResults\c2kbuild_CLTBUILD23 2021-04-12 08_12_36\In\2b1d5cc4-14f9-44de-9397-6e852d1f7b73\CLTBUILD23&gt;set CollectionFileName=c:\agt6\_work\6\a\api\environment\regapiautomation\testdata\fisap-datacorrection\prereq-report-variance-19_20\..\..\..\..\..\PreReq\PreReq-ImportIsir.postman_collection.json &#xD;
&#xD;
C:\Agt6\_work\_temp\TestResults\c2kbuild_CLTBUILD23 2021-04-12 08_12_36\In\2b1d5cc4-14f9-44de-9397-6e852d1f7b73\CLTBUILD23&gt;set DataFileName=c:\agt6\_work\6\a\api\environment\regapiautomation\testdata\fisap-datacorrection\prereq-report-variance-19_20\PreReq-FISAP-DataCorrection@Report-Variance-19_20-ImportIsir.data.json &#xD;
&#xD;
C:\Agt6\_work\_temp\TestResults\c2kbuild_CLTBUILD23 2021-04-12 08_12_36\In\2b1d5cc4-14f9-44de-9397-6e852d1f7b73\CLTBUILD23&gt;set EnvironmentFilePath=c:\agt6\_work\6\a\api\environment\regapiautomation\testdata\fisap-datacorrection\prereq-report-variance-19_20\..\..\..\RegApiAutoEnvironment.postman_environment.json &#xD;
&#xD;
C:\Agt6\_work\_temp\TestResults\c2kbuild_CLTBUILD23 2021-04-12 08_12_36\In\2b1d5cc4-14f9-44de-9397-6e852d1f7b73\CLTBUILD23&gt;set HtmlResultsFile=PreReq-ImportIsir_Html.html &#xD;
&#xD;
C:\Agt6\_work\_temp\TestResults\c2kbuild_CLTBUILD23 2021-04-12 08_12_36\In\2b1d5cc4-14f9-44de-9397-6e852d1f7b73\CLTBUILD23&gt;set JunitResultsFile=PreReq-ImportIsir_Junit.xml &#xD;
&#xD;
C:\Agt6\_work\_temp\TestResults\c2kbuild_CLTBUILD23 2021-04-12 08_12_36\In\2b1d5cc4-14f9-44de-9397-6e852d1f7b73\CLTBUILD23&gt;newman run "c:\agt6\_work\6\a\api\environment\regapiautomation\testdata\fisap-datacorrection\prereq-report-variance-19_20\..\..\..\..\..\PreReq\PreReq-ImportIsir.postman_collection.json" -k -d "c:\agt6\_work\6\a\api\environment\regapiautomation\testdata\fisap-datacorrection\prereq-report-variance-19_20\PreReq-FISAP-DataCorrection@Report-Variance-19_20-ImportIsir.data.json" -e "c:\agt6\_work\6\a\api\environment\regapiautomation\testdata\fisap-datacorrection\prereq-report-variance-19_20\..\..\..\RegApiAutoEnvironment.postman_environment.json" -r junit,html --reporter-html-export "PreReq-ImportIsir_Html.html" --reporter-junit-export "PreReq-ImportIsir_Junit.xml"</StdOut>
          </Output>
          <ResultFiles>
            <ResultFile path="CLTBUILD23\PreReq-ImportIsir_Html.html" />
            <ResultFile path="CLTBUILD23\PreReq-ImportIsir_Junit.xml" />
          </ResultFiles>
        </UnitTestResult>
        <UnitTestResult executionId="c9ace802-a6d5-4d44-93bb-c94f43b246f1" parentExecutionId="9454772b-7cb9-4724-9fd5-34814095d14b" testId="58a90e70-8f6b-4af2-906e-32eb52517b05" testName="03- prereq-fisap-datacorrection@report-variance-19_20-enrollstudent-generictest (OT-06ZB-FISAP-Report-Variance-19_20)" computerName="CLTBUILD23" duration="00:00:12.3816420" startTime="2021-04-12T09:14:51.0396534-04:00" endTime="2021-04-12T09:15:03.4227708-04:00" testType="13cdc9d9-ddb5-4fa4-a97d-d965ccfc6d4b" outcome="Passed" testListId="8c84fa94-04c1-424b-9868-57a2d4851a1d" relativeResultsDirectory="c9ace802-a6d5-4d44-93bb-c94f43b246f1">
          <Output>
            <StdOut>C:\Agt6\_work\_temp\TestResults\c2kbuild_CLTBUILD23 2021-04-12 08_12_36\In\c9ace802-a6d5-4d44-93bb-c94f43b246f1\CLTBUILD23&gt;if not defined TestLocation (set TestLocation=. ) &#xD;
&#xD;
C:\Agt6\_work\_temp\TestResults\c2kbuild_CLTBUILD23 2021-04-12 08_12_36\In\c9ace802-a6d5-4d44-93bb-c94f43b246f1\CLTBUILD23&gt;set CollectionFileName=c:\agt6\_work\6\a\api\environment\regapiautomation\testdata\fisap-datacorrection\prereq-report-variance-19_20\..\..\..\..\..\PreReq\PreReq-EnrollStudent.postman_collection.json &#xD;
&#xD;
C:\Agt6\_work\_temp\TestResults\c2kbuild_CLTBUILD23 2021-04-12 08_12_36\In\c9ace802-a6d5-4d44-93bb-c94f43b246f1\CLTBUILD23&gt;set DataFileName=c:\agt6\_work\6\a\api\environment\regapiautomation\testdata\fisap-datacorrection\prereq-report-variance-19_20\PreReq-FISAP-DataCorrection@Report-Variance-19_20-EnrollStudent.data.csv &#xD;
&#xD;
C:\Agt6\_work\_temp\TestResults\c2kbuild_CLTBUILD23 2021-04-12 08_12_36\In\c9ace802-a6d5-4d44-93bb-c94f43b246f1\CLTBUILD23&gt;set EnvironmentFilePath=c:\agt6\_work\6\a\api\environment\regapiautomation\testdata\fisap-datacorrection\prereq-report-variance-19_20\..\..\..\RegApiAutoEnvironment.postman_environment.json &#xD;
&#xD;
C:\Agt6\_work\_temp\TestResults\c2kbuild_CLTBUILD23 2021-04-12 08_12_36\In\c9ace802-a6d5-4d44-93bb-c94f43b246f1\CLTBUILD23&gt;set HtmlResultsFile=EnrollStudent_Html.html &#xD;
&#xD;
C:\Agt6\_work\_temp\TestResults\c2kbuild_CLTBUILD23 2021-04-12 08_12_36\In\c9ace802-a6d5-4d44-93bb-c94f43b246f1\CLTBUILD23&gt;set JunitResultsFile=EnrollStudent_Junit.xml &#xD;
&#xD;
C:\Agt6\_work\_temp\TestResults\c2kbuild_CLTBUILD23 2021-04-12 08_12_36\In\c9ace802-a6d5-4d44-93bb-c94f43b246f1\CLTBUILD23&gt;newman run "c:\agt6\_work\6\a\api\environment\regapiautomation\testdata\fisap-datacorrection\prereq-report-variance-19_20\..\..\..\..\..\PreReq\PreReq-EnrollStudent.postman_collection.json" -k -d "c:\agt6\_work\6\a\api\environment\regapiautomation\testdata\fisap-datacorrection\prereq-report-variance-19_20\PreReq-FISAP-DataCorrection@Report-Variance-19_20-EnrollStudent.data.csv" -e "c:\agt6\_work\6\a\api\environment\regapiautomation\testdata\fisap-datacorrection\prereq-report-variance-19_20\..\..\..\RegApiAutoEnvironment.postman_environment.json" -r junit,html --reporter-html-export "EnrollStudent_Html.html" --reporter-junit-export "EnrollStudent_Junit.xml"</StdOut>
          </Output>
          <ResultFiles>
            <ResultFile path="CLTBUILD23\EnrollStudent_Html.html" />
            <ResultFile path="CLTBUILD23\EnrollStudent_Junit.xml" />
          </ResultFiles>
        </UnitTestResult>
        <UnitTestResult executionId="85e97141-6d38-4994-902c-46b10ca001d9" parentExecutionId="9454772b-7cb9-4724-9fd5-34814095d14b" testId="fb03a231-8927-401d-a22b-e25aba1ee768" testName="04- prereq-fisap-datacorrection@report-variance-19_20-seteffectivedate-generictest (OT-06ZB-FISAP-Report-Variance-19_20)" computerName="CLTBUILD23" duration="00:00:05.5989614" startTime="2021-04-12T09:15:03.4247728-04:00" endTime="2021-04-12T09:15:09.0253694-04:00" testType="13cdc9d9-ddb5-4fa4-a97d-d965ccfc6d4b" outcome="Passed" testListId="8c84fa94-04c1-424b-9868-57a2d4851a1d" relativeResultsDirectory="85e97141-6d38-4994-902c-46b10ca001d9">
          <Output>
            <StdOut>C:\Agt6\_work\_temp\TestResults\c2kbuild_CLTBUILD23 2021-04-12 08_12_36\In\85e97141-6d38-4994-902c-46b10ca001d9\CLTBUILD23&gt;if not defined TestLocation (set TestLocation=. ) &#xD;
&#xD;
C:\Agt6\_work\_temp\TestResults\c2kbuild_CLTBUILD23 2021-04-12 08_12_36\In\85e97141-6d38-4994-902c-46b10ca001d9\CLTBUILD23&gt;set CollectionFileName=c:\agt6\_work\6\a\api\environment\regapiautomation\testdata\fisap-datacorrection\prereq-report-variance-19_20\..\..\..\..\..\PreReq\PreReq-SetEffectiveDateAfterStudentEnroll.postman_collection.json &#xD;
&#xD;
C:\Agt6\_work\_temp\TestResults\c2kbuild_CLTBUILD23 2021-04-12 08_12_36\In\85e97141-6d38-4994-902c-46b10ca001d9\CLTBUILD23&gt;set DataFileName=c:\agt6\_work\6\a\api\environment\regapiautomation\testdata\fisap-datacorrection\prereq-report-variance-19_20\PreReq-FISAP-DataCorrection@Report-Variance-19_20-SetEffectiveDate.data.json &#xD;
&#xD;
C:\Agt6\_work\_temp\TestResults\c2kbuild_CLTBUILD23 2021-04-12 08_12_36\In\85e97141-6d38-4994-902c-46b10ca001d9\CLTBUILD23&gt;set EnvironmentFilePath=c:\agt6\_work\6\a\api\environment\regapiautomation\testdata\fisap-datacorrection\prereq-report-variance-19_20\..\..\..\RegApiAutoEnvironment.postman_environment.json &#xD;
&#xD;
C:\Agt6\_work\_temp\TestResults\c2kbuild_CLTBUILD23 2021-04-12 08_12_36\In\85e97141-6d38-4994-902c-46b10ca001d9\CLTBUILD23&gt;set HtmlResultsFile=SetEffectiveDate_Html.html &#xD;
&#xD;
C:\Agt6\_work\_temp\TestResults\c2kbuild_CLTBUILD23 2021-04-12 08_12_36\In\85e97141-6d38-4994-902c-46b10ca001d9\CLTBUILD23&gt;set JunitResultsFile=SetEffectiveDate_Junit.xml &#xD;
&#xD;
C:\Agt6\_work\_temp\TestResults\c2kbuild_CLTBUILD23 2021-04-12 08_12_36\In\85e97141-6d38-4994-902c-46b10ca001d9\CLTBUILD23&gt;newman run "c:\agt6\_work\6\a\api\environment\regapiautomation\testdata\fisap-datacorrection\prereq-report-variance-19_20\..\..\..\..\..\PreReq\PreReq-SetEffectiveDateAfterStudentEnroll.postman_collection.json" -k -d "c:\agt6\_work\6\a\api\environment\regapiautomation\testdata\fisap-datacorrection\prereq-report-variance-19_20\PreReq-FISAP-DataCorrection@Report-Variance-19_20-SetEffectiveDate.data.json" -e "c:\agt6\_work\6\a\api\environment\regapiautomation\testdata\fisap-datacorrection\prereq-report-variance-19_20\..\..\..\RegApiAutoEnvironment.postman_environment.json" -r junit,html --reporter-html-export "SetEffectiveDate_Html.html" --reporter-junit-export "SetEffectiveDate_Junit.xml"</StdOut>
          </Output>
          <ResultFiles>
            <ResultFile path="CLTBUILD23\SetEffectiveDate_Html.html" />
            <ResultFile path="CLTBUILD23\SetEffectiveDate_Junit.xml" />
          </ResultFiles>
        </UnitTestResult>
        <UnitTestResult executionId="02894e11-9132-49bb-bffb-788120ebaacd" parentExecutionId="9454772b-7cb9-4724-9fd5-34814095d14b" testId="b3733122-39e2-4166-aca0-fee4ee3beb84" testName="05- prereq-fisap-datacorrection@report-variance-19_20-registerclassandpostattendance-generictest (OT-06ZB-FISAP-Report-Variance-19_20)" computerName="CLTBUILD23" duration="00:00:08.4283575" startTime="2021-04-12T09:15:09.0283706-04:00" endTime="2021-04-12T09:15:17.4647677-04:00" testType="13cdc9d9-ddb5-4fa4-a97d-d965ccfc6d4b" outcome="Passed" testListId="8c84fa94-04c1-424b-9868-57a2d4851a1d" relativeResultsDirectory="02894e11-9132-49bb-bffb-788120ebaacd">
          <Output>
            <StdOut>C:\Agt6\_work\_temp\TestResults\c2kbuild_CLTBUILD23 2021-04-12 08_12_36\In\02894e11-9132-49bb-bffb-788120ebaacd\CLTBUILD23&gt;if not defined TestLocation (set TestLocation=. ) &#xD;
&#xD;
C:\Agt6\_work\_temp\TestResults\c2kbuild_CLTBUILD23 2021-04-12 08_12_36\In\02894e11-9132-49bb-bffb-788120ebaacd\CLTBUILD23&gt;set CollectionFileName=c:\agt6\_work\6\a\api\environment\regapiautomation\testdata\fisap-datacorrection\prereq-report-variance-19_20\..\..\..\..\..\PreReq\PreReq-RegisterClassAndPostAttendanceForStudent.postman_collection.json &#xD;
&#xD;
C:\Agt6\_work\_temp\TestResults\c2kbuild_CLTBUILD23 2021-04-12 08_12_36\In\02894e11-9132-49bb-bffb-788120ebaacd\CLTBUILD23&gt;set DataFileName=c:\agt6\_work\6\a\api\environment\regapiautomation\testdata\fisap-datacorrection\prereq-report-variance-19_20\PreReq-FISAP-DataCorrection@Report-Variance-19_20-RegisterClassAndPostAttendance.csv &#xD;
&#xD;
C:\Agt6\_work\_temp\TestResults\c2kbuild_CLTBUILD23 2021-04-12 08_12_36\In\02894e11-9132-49bb-bffb-788120ebaacd\CLTBUILD23&gt;set EnvironmentFilePath=c:\agt6\_work\6\a\api\environment\regapiautomation\testdata\fisap-datacorrection\prereq-report-variance-19_20\..\..\..\RegApiAutoEnvironment.postman_environment.json &#xD;
&#xD;
C:\Agt6\_work\_temp\TestResults\c2kbuild_CLTBUILD23 2021-04-12 08_12_36\In\02894e11-9132-49bb-bffb-788120ebaacd\CLTBUILD23&gt;set HtmlResultsFile=PreReq-RegisterClassAndPostAttendance_Html.html &#xD;
&#xD;
C:\Agt6\_work\_temp\TestResults\c2kbuild_CLTBUILD23 2021-04-12 08_12_36\In\02894e11-9132-49bb-bffb-788120ebaacd\CLTBUILD23&gt;set JunitResultsFile=PreReq-RegisterClassAndPostAttendance_Junit.xml &#xD;
&#xD;
C:\Agt6\_work\_temp\TestResults\c2kbuild_CLTBUILD23 2021-04-12 08_12_36\In\02894e11-9132-49bb-bffb-788120ebaacd\CLTBUILD23&gt;newman run "c:\agt6\_work\6\a\api\environment\regapiautomation\testdata\fisap-datacorrection\prereq-report-variance-19_20\..\..\..\..\..\PreReq\PreReq-RegisterClassAndPostAttendanceForStudent.postman_collection.json" -k -d "c:\agt6\_work\6\a\api\environment\regapiautomation\testdata\fisap-datacorrection\prereq-report-variance-19_20\PreReq-FISAP-DataCorrection@Report-Variance-19_20-RegisterClassAndPostAttendance.csv" -e "c:\agt6\_work\6\a\api\environment\regapiautomation\testdata\fisap-datacorrection\prereq-report-variance-19_20\..\..\..\RegApiAutoEnvironment.postman_environment.json" -r junit,html --reporter-html-export "PreReq-RegisterClassAndPostAttendance_Html.html" --reporter-junit-export "PreReq-RegisterClassAndPostAttendance_Junit.xml"</StdOut>
          </Output>
          <ResultFiles>
            <ResultFile path="CLTBUILD23\PreReq-RegisterClassAndPostAttendance_Html.html" />
            <ResultFile path="CLTBUILD23\PreReq-RegisterClassAndPostAttendance_Junit.xml" />
          </ResultFiles>
        </UnitTestResult>
        <UnitTestResult executionId="01135e69-eb1d-4e13-b181-2b7b4a0bb83e" parentExecutionId="9454772b-7cb9-4724-9fd5-34814095d14b" testId="0d6f8b8f-6b3d-42c4-87f2-bf736ca40d57" testName="06- prereq-fisap-datacorrection@report-variance-19_20-updatebudgetforacademicyearforpackaging-generictest (OT-06ZB-FISAP-Report-Variance-19_20)" computerName="CLTBUILD23" duration="00:00:08.0746718" startTime="2021-04-12T09:15:17.4647677-04:00" endTime="2021-04-12T09:15:25.5431858-04:00" testType="13cdc9d9-ddb5-4fa4-a97d-d965ccfc6d4b" outcome="Passed" testListId="8c84fa94-04c1-424b-9868-57a2d4851a1d" relativeResultsDirectory="01135e69-eb1d-4e13-b181-2b7b4a0bb83e">
          <Output>
            <StdOut>C:\Agt6\_work\_temp\TestResults\c2kbuild_CLTBUILD23 2021-04-12 08_12_36\In\01135e69-eb1d-4e13-b181-2b7b4a0bb83e\CLTBUILD23&gt;if not defined TestLocation (set TestLocation=. ) &#xD;
&#xD;
C:\Agt6\_work\_temp\TestResults\c2kbuild_CLTBUILD23 2021-04-12 08_12_36\In\01135e69-eb1d-4e13-b181-2b7b4a0bb83e\CLTBUILD23&gt;set CollectionFileName=c:\agt6\_work\6\a\api\environment\regapiautomation\testdata\fisap-datacorrection\prereq-report-variance-19_20\..\..\..\..\..\PreReq\PreReq-UpdateBudgetForAcademicYearForPackaging.postman_collection.json &#xD;
&#xD;
C:\Agt6\_work\_temp\TestResults\c2kbuild_CLTBUILD23 2021-04-12 08_12_36\In\01135e69-eb1d-4e13-b181-2b7b4a0bb83e\CLTBUILD23&gt;set DataFileName=c:\agt6\_work\6\a\api\environment\regapiautomation\testdata\fisap-datacorrection\prereq-report-variance-19_20\PreReq-FISAP-DataCorrection@Report-Variance-19_20-UpdateBudgetForAcademicYearForPackaging.data.csv &#xD;
&#xD;
C:\Agt6\_work\_temp\TestResults\c2kbuild_CLTBUILD23 2021-04-12 08_12_36\In\01135e69-eb1d-4e13-b181-2b7b4a0bb83e\CLTBUILD23&gt;set EnvironmentFilePath=c:\agt6\_work\6\a\api\environment\regapiautomation\testdata\fisap-datacorrection\prereq-report-variance-19_20\..\..\..\RegApiAutoEnvironment.postman_environment.json &#xD;
&#xD;
C:\Agt6\_work\_temp\TestResults\c2kbuild_CLTBUILD23 2021-04-12 08_12_36\In\01135e69-eb1d-4e13-b181-2b7b4a0bb83e\CLTBUILD23&gt;set HtmlResultsFile=PreReq-UpdateBudgetForAcademicYearForPackaging_Html.html &#xD;
&#xD;
C:\Agt6\_work\_temp\TestResults\c2kbuild_CLTBUILD23 2021-04-12 08_12_36\In\01135e69-eb1d-4e13-b181-2b7b4a0bb83e\CLTBUILD23&gt;set JunitResultsFile=PreReq-UpdateBudgetForAcademicYearForPackaging_Junit.xml &#xD;
&#xD;
C:\Agt6\_work\_temp\TestResults\c2kbuild_CLTBUILD23 2021-04-12 08_12_36\In\01135e69-eb1d-4e13-b181-2b7b4a0bb83e\CLTBUILD23&gt;newman run "c:\agt6\_work\6\a\api\environment\regapiautomation\testdata\fisap-datacorrection\prereq-report-variance-19_20\..\..\..\..\..\PreReq\PreReq-UpdateBudgetForAcademicYearForPackaging.postman_collection.json" -k -d "c:\agt6\_work\6\a\api\environment\regapiautomation\testdata\fisap-datacorrection\prereq-report-variance-19_20\PreReq-FISAP-DataCorrection@Report-Variance-19_20-UpdateBudgetForAcademicYearForPackaging.data.csv" -e "c:\agt6\_work\6\a\api\environment\regapiautomation\testdata\fisap-datacorrection\prereq-report-variance-19_20\..\..\..\RegApiAutoEnvironment.postman_environment.json" -r junit,html --reporter-html-export "PreReq-UpdateBudgetForAcademicYearForPackaging_Html.html" --reporter-junit-export "PreReq-UpdateBudgetForAcademicYearForPackaging_Junit.xml"</StdOut>
          </Output>
          <ResultFiles>
            <ResultFile path="CLTBUILD23\PreReq-UpdateBudgetForAcademicYearForPackaging_Html.html" />
            <ResultFile path="CLTBUILD23\PreReq-UpdateBudgetForAcademicYearForPackaging_Junit.xml" />
          </ResultFiles>
        </UnitTestResult>
        <UnitTestResult executionId="d1a85401-8439-4c04-8bc7-6f927ba37b2c" parentExecutionId="9454772b-7cb9-4724-9fd5-34814095d14b" testId="bbd9fe39-9995-4469-b41a-5e11cae359f1" testName="07- prereq-fisap-datacorrection@report-variance-19_20-awardgrantforpackaging-generictest (OT-06ZB-FISAP-Report-Variance-19_20)" computerName="CLTBUILD23" duration="00:00:08.9674877" startTime="2021-04-12T09:15:25.5441872-04:00" endTime="2021-04-12T09:15:34.5205486-04:00" testType="13cdc9d9-ddb5-4fa4-a97d-d965ccfc6d4b" outcome="Passed" testListId="8c84fa94-04c1-424b-9868-57a2d4851a1d" relativeResultsDirectory="d1a85401-8439-4c04-8bc7-6f927ba37b2c">
          <Output>
            <StdOut>C:\Agt6\_work\_temp\TestResults\c2kbuild_CLTBUILD23 2021-04-12 08_12_36\In\d1a85401-8439-4c04-8bc7-6f927ba37b2c\CLTBUILD23&gt;if not defined TestLocation (set TestLocation=. ) &#xD;
&#xD;
C:\Agt6\_work\_temp\TestResults\c2kbuild_CLTBUILD23 2021-04-12 08_12_36\In\d1a85401-8439-4c04-8bc7-6f927ba37b2c\CLTBUILD23&gt;set CollectionFileName=c:\agt6\_work\6\a\api\environment\regapiautomation\testdata\fisap-datacorrection\prereq-report-variance-19_20\..\..\..\..\..\PreReq\PreReq-AwardGrantForPackaging.postman_collection.json &#xD;
&#xD;
C:\Agt6\_work\_temp\TestResults\c2kbuild_CLTBUILD23 2021-04-12 08_12_36\In\d1a85401-8439-4c04-8bc7-6f927ba37b2c\CLTBUILD23&gt;set DataFileName=c:\agt6\_work\6\a\api\environment\regapiautomation\testdata\fisap-datacorrection\prereq-report-variance-19_20\PreReq-FISAP-DataCorrection@Report-Variance-19_20-AwardGrantForPackaging.data.csv &#xD;
&#xD;
C:\Agt6\_work\_temp\TestResults\c2kbuild_CLTBUILD23 2021-04-12 08_12_36\In\d1a85401-8439-4c04-8bc7-6f927ba37b2c\CLTBUILD23&gt;set EnvironmentFilePath=c:\agt6\_work\6\a\api\environment\regapiautomation\testdata\fisap-datacorrection\prereq-report-variance-19_20\..\..\..\RegApiAutoEnvironment.postman_environment.json &#xD;
&#xD;
C:\Agt6\_work\_temp\TestResults\c2kbuild_CLTBUILD23 2021-04-12 08_12_36\In\d1a85401-8439-4c04-8bc7-6f927ba37b2c\CLTBUILD23&gt;set HtmlResultsFile=PreReq-AwardGrantForPackaging_Html.html &#xD;
&#xD;
C:\Agt6\_work\_temp\TestResults\c2kbuild_CLTBUILD23 2021-04-12 08_12_36\In\d1a85401-8439-4c04-8bc7-6f927ba37b2c\CLTBUILD23&gt;set JunitResultsFile=PreReq-AwardGrantForPackaging_Junit.xml &#xD;
&#xD;
C:\Agt6\_work\_temp\TestResults\c2kbuild_CLTBUILD23 2021-04-12 08_12_36\In\d1a85401-8439-4c04-8bc7-6f927ba37b2c\CLTBUILD23&gt;newman run "c:\agt6\_work\6\a\api\environment\regapiautomation\testdata\fisap-datacorrection\prereq-report-variance-19_20\..\..\..\..\..\PreReq\PreReq-AwardGrantForPackaging.postman_collection.json" -k -d "c:\agt6\_work\6\a\api\environment\regapiautomation\testdata\fisap-datacorrection\prereq-report-variance-19_20\PreReq-FISAP-DataCorrection@Report-Variance-19_20-AwardGrantForPackaging.data.csv" -e "c:\agt6\_work\6\a\api\environment\regapiautomation\testdata\fisap-datacorrection\prereq-report-variance-19_20\..\..\..\RegApiAutoEnvironment.postman_environment.json" -r junit,html --reporter-html-export "PreReq-AwardGrantForPackaging_Html.html" --reporter-junit-export "PreReq-AwardGrantForPackaging_Junit.xml"</StdOut>
          </Output>
          <ResultFiles>
            <ResultFile path="CLTBUILD23\PreReq-AwardGrantForPackaging_Html.html" />
            <ResultFile path="CLTBUILD23\PreReq-AwardGrantForPackaging_Junit.xml" />
          </ResultFiles>
        </UnitTestResult>
        <UnitTestResult executionId="4832472f-5b8c-4fb9-b672-222c8587c575" parentExecutionId="9454772b-7cb9-4724-9fd5-34814095d14b" testId="7112a49a-6d01-4863-ac8c-7de38bc289d8" testName="08- prereq-fisap-datacorrection@report-variance-19_20-postpaymentledgercard-generictest (OT-06ZB-FISAP-Report-Variance-19_20)" computerName="CLTBUILD23" duration="00:00:07.3829819" startTime="2021-04-12T09:15:34.5215500-04:00" endTime="2021-04-12T09:15:41.9050208-04:00" testType="13cdc9d9-ddb5-4fa4-a97d-d965ccfc6d4b" outcome="Passed" testListId="8c84fa94-04c1-424b-9868-57a2d4851a1d" relativeResultsDirectory="4832472f-5b8c-4fb9-b672-222c8587c575">
          <Output>
            <StdOut>C:\Agt6\_work\_temp\TestResults\c2kbuild_CLTBUILD23 2021-04-12 08_12_36\In\4832472f-5b8c-4fb9-b672-222c8587c575\CLTBUILD23&gt;if not defined TestLocation (set TestLocation=. ) &#xD;
&#xD;
C:\Agt6\_work\_temp\TestResults\c2kbuild_CLTBUILD23 2021-04-12 08_12_36\In\4832472f-5b8c-4fb9-b672-222c8587c575\CLTBUILD23&gt;set CollectionFileName=c:\agt6\_work\6\a\api\environment\regapiautomation\testdata\fisap-datacorrection\prereq-report-variance-19_20\..\..\..\..\..\PreReq\PreReq-PostPaymentLedgerCard.postman_collection.json &#xD;
&#xD;
C:\Agt6\_work\_temp\TestResults\c2kbuild_CLTBUILD23 2021-04-12 08_12_36\In\4832472f-5b8c-4fb9-b672-222c8587c575\CLTBUILD23&gt;set DataFileName=c:\agt6\_work\6\a\api\environment\regapiautomation\testdata\fisap-datacorrection\prereq-report-variance-19_20\PreReq-FISAP-DataCorrection@Report-Variance-19_20-PostPaymentLedgerCard.data.json &#xD;
&#xD;
C:\Agt6\_work\_temp\TestResults\c2kbuild_CLTBUILD23 2021-04-12 08_12_36\In\4832472f-5b8c-4fb9-b672-222c8587c575\CLTBUILD23&gt;set EnvironmentFilePath=c:\agt6\_work\6\a\api\environment\regapiautomation\testdata\fisap-datacorrection\prereq-report-variance-19_20\..\..\..\RegApiAutoEnvironment.postman_environment.json &#xD;
&#xD;
C:\Agt6\_work\_temp\TestResults\c2kbuild_CLTBUILD23 2021-04-12 08_12_36\In\4832472f-5b8c-4fb9-b672-222c8587c575\CLTBUILD23&gt;set HtmlResultsFile=PreReq-PostPaymentLedgerCard_Html.html &#xD;
&#xD;
C:\Agt6\_work\_temp\TestResults\c2kbuild_CLTBUILD23 2021-04-12 08_12_36\In\4832472f-5b8c-4fb9-b672-222c8587c575\CLTBUILD23&gt;set JunitResultsFile=PreReq-PostPaymentLdegerCard_Junit.xml &#xD;
&#xD;
C:\Agt6\_work\_temp\TestResults\c2kbuild_CLTBUILD23 2021-04-12 08_12_36\In\4832472f-5b8c-4fb9-b672-222c8587c575\CLTBUILD23&gt;newman run "c:\agt6\_work\6\a\api\environment\regapiautomation\testdata\fisap-datacorrection\prereq-report-variance-19_20\..\..\..\..\..\PreReq\PreReq-PostPaymentLedgerCard.postman_collection.json" -k -d "c:\agt6\_work\6\a\api\environment\regapiautomation\testdata\fisap-datacorrection\prereq-report-variance-19_20\PreReq-FISAP-DataCorrection@Report-Variance-19_20-PostPaymentLedgerCard.data.json" -e "c:\agt6\_work\6\a\api\environment\regapiautomation\testdata\fisap-datacorrection\prereq-report-variance-19_20\..\..\..\RegApiAutoEnvironment.postman_environment.json" -r junit,html --reporter-html-export "PreReq-PostPaymentLedgerCard_Html.html" --reporter-junit-export "PreReq-PostPaymentLdegerCard_Junit.xml"</StdOut>
          </Output>
          <ResultFiles>
            <ResultFile path="CLTBUILD23\PreReq-PostPaymentLdegerCard_Junit.xml" />
            <ResultFile path="CLTBUILD23\PreReq-PostPaymentLedgerCard_Html.html" />
          </ResultFiles>
        </UnitTestResult>
        <UnitTestResult executionId="67c3b342-dbba-4f74-a94f-fe607c95d03e" parentExecutionId="9454772b-7cb9-4724-9fd5-34814095d14b" testId="3c19b3de-a2e8-4668-ad16-2224893c5e30" testName="09- prereq-fisap-datacorrection@report-variance-19_20-changestudentstatus-generictest (OT-06ZB-FISAP-Report-Variance-19_20)" computerName="CLTBUILD23" duration="00:00:06.0461873" startTime="2021-04-12T09:15:41.9050208-04:00" endTime="2021-04-12T09:15:47.9525950-04:00" testType="13cdc9d9-ddb5-4fa4-a97d-d965ccfc6d4b" outcome="Passed" testListId="8c84fa94-04c1-424b-9868-57a2d4851a1d" relativeResultsDirectory="67c3b342-dbba-4f74-a94f-fe607c95d03e">
          <Output>
            <StdOut>C:\Agt6\_work\_temp\TestResults\c2kbuild_CLTBUILD23 2021-04-12 08_12_36\In\67c3b342-dbba-4f74-a94f-fe607c95d03e\CLTBUILD23&gt;if not defined TestLocation (set TestLocation=. ) &#xD;
&#xD;
C:\Agt6\_work\_temp\TestResults\c2kbuild_CLTBUILD23 2021-04-12 08_12_36\In\67c3b342-dbba-4f74-a94f-fe607c95d03e\CLTBUILD23&gt;set CollectionFileName=c:\agt6\_work\6\a\api\environment\regapiautomation\testdata\fisap-datacorrection\prereq-report-variance-19_20\..\..\..\..\..\PreReq\PreReq-GraduateStudentStatus.postman_collection.json &#xD;
&#xD;
C:\Agt6\_work\_temp\TestResults\c2kbuild_CLTBUILD23 2021-04-12 08_12_36\In\67c3b342-dbba-4f74-a94f-fe607c95d03e\CLTBUILD23&gt;set DataFileName=c:\agt6\_work\6\a\api\environment\regapiautomation\testdata\fisap-datacorrection\prereq-report-variance-19_20\PreReq-FISAP-DataCorrection@Report-Variance-19_20-ChangeStudentStatus.data.json &#xD;
&#xD;
C:\Agt6\_work\_temp\TestResults\c2kbuild_CLTBUILD23 2021-04-12 08_12_36\In\67c3b342-dbba-4f74-a94f-fe607c95d03e\CLTBUILD23&gt;set EnvironmentFilePath=c:\agt6\_work\6\a\api\environment\regapiautomation\testdata\fisap-datacorrection\prereq-report-variance-19_20\..\..\..\RegApiAutoEnvironment.postman_environment.json &#xD;
&#xD;
C:\Agt6\_work\_temp\TestResults\c2kbuild_CLTBUILD23 2021-04-12 08_12_36\In\67c3b342-dbba-4f74-a94f-fe607c95d03e\CLTBUILD23&gt;set HtmlResultsFile=PreReq-ChangeStudentStatus_Html.html &#xD;
&#xD;
C:\Agt6\_work\_temp\TestResults\c2kbuild_CLTBUILD23 2021-04-12 08_12_36\In\67c3b342-dbba-4f74-a94f-fe607c95d03e\CLTBUILD23&gt;set JunitResultsFile=PreReq-ChangeStudentStatus_Junit.xml &#xD;
&#xD;
C:\Agt6\_work\_temp\TestResults\c2kbuild_CLTBUILD23 2021-04-12 08_12_36\In\67c3b342-dbba-4f74-a94f-fe607c95d03e\CLTBUILD23&gt;newman run "c:\agt6\_work\6\a\api\environment\regapiautomation\testdata\fisap-datacorrection\prereq-report-variance-19_20\..\..\..\..\..\PreReq\PreReq-GraduateStudentStatus.postman_collection.json" -k -d "c:\agt6\_work\6\a\api\environment\regapiautomation\testdata\fisap-datacorrection\prereq-report-variance-19_20\PreReq-FISAP-DataCorrection@Report-Variance-19_20-ChangeStudentStatus.data.json" -e "c:\agt6\_work\6\a\api\environment\regapiautomation\testdata\fisap-datacorrection\prereq-report-variance-19_20\..\..\..\RegApiAutoEnvironment.postman_environment.json" -r junit,html --reporter-html-export "PreReq-ChangeStudentStatus_Html.html" --reporter-junit-export "PreReq-ChangeStudentStatus_Junit.xml"</StdOut>
          </Output>
          <ResultFiles>
            <ResultFile path="CLTBUILD23\PreReq-ChangeStudentStatus_Html.html" />
            <ResultFile path="CLTBUILD23\PreReq-ChangeStudentStatus_Junit.xml" />
          </ResultFiles>
        </UnitTestResult>
        <UnitTestResult executionId="01ab9343-d08e-4c99-ae8b-b28f3ce937e7" parentExecutionId="9454772b-7cb9-4724-9fd5-34814095d14b" testId="624cb548-fe1d-42f0-b3d9-6ee763f29bd6" testName="10- fisap-datacorrection@report-variance-19_20-generictest (OT-06ZB-FISAP-Report-Variance-19_20)" computerName="CLTBUILD23" duration="00:00:08.7552479" startTime="2021-04-12T09:15:47.9535933-04:00" endTime="2021-04-12T09:15:56.7129716-04:00" testType="13cdc9d9-ddb5-4fa4-a97d-d965ccfc6d4b" outcome="Passed" testListId="8c84fa94-04c1-424b-9868-57a2d4851a1d" relativeResultsDirectory="01ab9343-d08e-4c99-ae8b-b28f3ce937e7">
          <Output>
            <StdOut>C:\Agt6\_work\_temp\TestResults\c2kbuild_CLTBUILD23 2021-04-12 08_12_36\In\01ab9343-d08e-4c99-ae8b-b28f3ce937e7\CLTBUILD23&gt;if not defined TestLocation (set TestLocation=. ) &#xD;
&#xD;
C:\Agt6\_work\_temp\TestResults\c2kbuild_CLTBUILD23 2021-04-12 08_12_36\In\01ab9343-d08e-4c99-ae8b-b28f3ce937e7\CLTBUILD23&gt;set CollectionFileName=c:\agt6\_work\6\a\api\environment\regapiautomation\testdata\fisap-datacorrection\..\..\..\..\Tests\FISAP-DataCorrection\FISAP-DataCorrection@Report-Variance.postman_collection.json &#xD;
&#xD;
C:\Agt6\_work\_temp\TestResults\c2kbuild_CLTBUILD23 2021-04-12 08_12_36\In\01ab9343-d08e-4c99-ae8b-b28f3ce937e7\CLTBUILD23&gt;set DataFileName=c:\agt6\_work\6\a\api\environment\regapiautomation\testdata\fisap-datacorrection\FISAP-DataCorrection@Report-Variance-19_20.data.json &#xD;
&#xD;
C:\Agt6\_work\_temp\TestResults\c2kbuild_CLTBUILD23 2021-04-12 08_12_36\In\01ab9343-d08e-4c99-ae8b-b28f3ce937e7\CLTBUILD23&gt;set EnvironmentFilePath=c:\agt6\_work\6\a\api\environment\regapiautomation\testdata\fisap-datacorrection\..\..\RegApiAutoEnvironment.postman_environment.json &#xD;
&#xD;
C:\Agt6\_work\_temp\TestResults\c2kbuild_CLTBUILD23 2021-04-12 08_12_36\In\01ab9343-d08e-4c99-ae8b-b28f3ce937e7\CLTBUILD23&gt;set HtmlResultsFile=FISAP-DataCorrection@Report-Variance-19_20-Html.html &#xD;
&#xD;
C:\Agt6\_work\_temp\TestResults\c2kbuild_CLTBUILD23 2021-04-12 08_12_36\In\01ab9343-d08e-4c99-ae8b-b28f3ce937e7\CLTBUILD23&gt;set JunitResultsFile=FISAP-DataCorrection@Report-Variance-19_20-Junit.xml &#xD;
&#xD;
C:\Agt6\_work\_temp\TestResults\c2kbuild_CLTBUILD23 2021-04-12 08_12_36\In\01ab9343-d08e-4c99-ae8b-b28f3ce937e7\CLTBUILD23&gt;newman run "c:\agt6\_work\6\a\api\environment\regapiautomation\testdata\fisap-datacorrection\..\..\..\..\Tests\FISAP-DataCorrection\FISAP-DataCorrection@Report-Variance.postman_collection.json" -k -d "c:\agt6\_work\6\a\api\environment\regapiautomation\testdata\fisap-datacorrection\FISAP-DataCorrection@Report-Variance-19_20.data.json" -e "c:\agt6\_work\6\a\api\environment\regapiautomation\testdata\fisap-datacorrection\..\..\RegApiAutoEnvironment.postman_environment.json" -r junit,html --reporter-html-export "FISAP-DataCorrection@Report-Variance-19_20-Html.html" --reporter-junit-export "FISAP-DataCorrection@Report-Variance-19_20-Junit.xml"</StdOut>
          </Output>
          <ResultFiles>
            <ResultFile path="CLTBUILD23\FISAP-DataCorrection@Report-Variance-19_20-Html.html" />
            <ResultFile path="CLTBUILD23\FISAP-DataCorrection@Report-Variance-19_20-Junit.xml" />
          </ResultFiles>
        </UnitTestResult>
      </InnerResults>
    </TestResultAggregation>
    <TestResultAggregation executionId="a9a1f5eb-8669-4a9c-b9ed-bbe09a2661a8" testId="0396ad18-b46a-46f2-ab6c-a46d223396d8" testName="OT-13-SubsidizedUsage" computerName="CLTBUILD23" duration="00:01:04.2770240" startTime="2021-04-12T09:30:05.3059182-04:00" endTime="2021-04-12T09:31:09.5813777-04:00" testType="ec4800e8-40e5-4ab3-8510-b8bf29b1904d" outcome="Passed" testListId="8c84fa94-04c1-424b-9868-57a2d4851a1d" relativeResultsDirectory="a9a1f5eb-8669-4a9c-b9ed-bbe09a2661a8">
      <InnerResults>
        <UnitTestResult executionId="f8ec6f2c-d2ec-4447-b1ce-56cece1b1b2e" parentExecutionId="a9a1f5eb-8669-4a9c-b9ed-bbe09a2661a8" testId="4be213eb-38e9-4642-9fe9-6f2a66312bf1" testName="1- prereq-appproc-subsidizedusageinformation-view@hp-createstudent-generictest (OT-13-SubsidizedUsage)" computerName="CLTBUILD23" duration="00:00:08.4672450" startTime="2021-04-12T09:30:05.3119224-04:00" endTime="2021-04-12T09:30:13.7873233-04:00" testType="13cdc9d9-ddb5-4fa4-a97d-d965ccfc6d4b" outcome="Passed" testListId="8c84fa94-04c1-424b-9868-57a2d4851a1d" relativeResultsDirectory="f8ec6f2c-d2ec-4447-b1ce-56cece1b1b2e">
          <Output>
            <StdOut>C:\Agt6\_work\_temp\TestResults\c2kbuild_CLTBUILD23 2021-04-12 08_12_36\In\f8ec6f2c-d2ec-4447-b1ce-56cece1b1b2e\CLTBUILD23&gt;if not defined TestLocation (set TestLocation=. ) &#xD;
&#xD;
C:\Agt6\_work\_temp\TestResults\c2kbuild_CLTBUILD23 2021-04-12 08_12_36\In\f8ec6f2c-d2ec-4447-b1ce-56cece1b1b2e\CLTBUILD23&gt;set CollectionFileName=c:\agt6\_work\6\a\api\environment\regapiautomation\testdata\subsidizedusage\prereq\..\..\..\..\..\PreReq\PreReq-CreateStudent.postman_collection.json &#xD;
&#xD;
C:\Agt6\_work\_temp\TestResults\c2kbuild_CLTBUILD23 2021-04-12 08_12_36\In\f8ec6f2c-d2ec-4447-b1ce-56cece1b1b2e\CLTBUILD23&gt;set DataFileName=c:\agt6\_work\6\a\api\environment\regapiautomation\testdata\subsidizedusage\prereq\PreReq-AppProc-SubsidizedUsageInformation-View@HP-CreateStudent.data.csv &#xD;
&#xD;
C:\Agt6\_work\_temp\TestResults\c2kbuild_CLTBUILD23 2021-04-12 08_12_36\In\f8ec6f2c-d2ec-4447-b1ce-56cece1b1b2e\CLTBUILD23&gt;set EnvironmentFilePath=c:\agt6\_work\6\a\api\environment\regapiautomation\testdata\subsidizedusage\prereq\..\..\..\RegApiAutoEnvironment.postman_environment.json &#xD;
&#xD;
C:\Agt6\_work\_temp\TestResults\c2kbuild_CLTBUILD23 2021-04-12 08_12_36\In\f8ec6f2c-d2ec-4447-b1ce-56cece1b1b2e\CLTBUILD23&gt;set HtmlResultsFile=CreateStudent_Html.html &#xD;
&#xD;
C:\Agt6\_work\_temp\TestResults\c2kbuild_CLTBUILD23 2021-04-12 08_12_36\In\f8ec6f2c-d2ec-4447-b1ce-56cece1b1b2e\CLTBUILD23&gt;set JunitResultsFile=CreateStudent_Junit.xml &#xD;
&#xD;
C:\Agt6\_work\_temp\TestResults\c2kbuild_CLTBUILD23 2021-04-12 08_12_36\In\f8ec6f2c-d2ec-4447-b1ce-56cece1b1b2e\CLTBUILD23&gt;newman run "c:\agt6\_work\6\a\api\environment\regapiautomation\testdata\subsidizedusage\prereq\..\..\..\..\..\PreReq\PreReq-CreateStudent.postman_collection.json" -k -d "c:\agt6\_work\6\a\api\environment\regapiautomation\testdata\subsidizedusage\prereq\PreReq-AppProc-SubsidizedUsageInformation-View@HP-CreateStudent.data.csv" -e "c:\agt6\_work\6\a\api\environment\regapiautomation\testdata\subsidizedusage\prereq\..\..\..\RegApiAutoEnvironment.postman_environment.json" -r junit,html --reporter-html-export "CreateStudent_Html.html" --reporter-junit-export "CreateStudent_Junit.xml"</StdOut>
          </Output>
          <ResultFiles>
            <ResultFile path="CLTBUILD23\CreateStudent_Html.html" />
            <ResultFile path="CLTBUILD23\CreateStudent_Junit.xml" />
          </ResultFiles>
        </UnitTestResult>
        <UnitTestResult executionId="fe1fc722-45f0-48c3-a129-e836aecb9304" parentExecutionId="a9a1f5eb-8669-4a9c-b9ed-bbe09a2661a8" testId="5a7ba8af-64ac-4683-bbeb-3309a6881135" testName="2- prereq-appproc-subsidizedusageinformation-view@hp-importisir-generictest (OT-13-SubsidizedUsage)" computerName="CLTBUILD23" duration="00:00:07.9816014" startTime="2021-04-12T09:30:13.7883260-04:00" endTime="2021-04-12T09:30:21.7717629-04:00" testType="13cdc9d9-ddb5-4fa4-a97d-d965ccfc6d4b" outcome="Passed" testListId="8c84fa94-04c1-424b-9868-57a2d4851a1d" relativeResultsDirectory="fe1fc722-45f0-48c3-a129-e836aecb9304">
          <Output>
            <StdOut>C:\Agt6\_work\_temp\TestResults\c2kbuild_CLTBUILD23 2021-04-12 08_12_36\In\fe1fc722-45f0-48c3-a129-e836aecb9304\CLTBUILD23&gt;if not defined TestLocation (set TestLocation=. ) &#xD;
&#xD;
C:\Agt6\_work\_temp\TestResults\c2kbuild_CLTBUILD23 2021-04-12 08_12_36\In\fe1fc722-45f0-48c3-a129-e836aecb9304\CLTBUILD23&gt;set CollectionFileName=c:\agt6\_work\6\a\api\environment\regapiautomation\testdata\subsidizedusage\prereq\..\..\..\..\..\PreReq\PreReq-ImportISIR.postman_collection.json &#xD;
&#xD;
C:\Agt6\_work\_temp\TestResults\c2kbuild_CLTBUILD23 2021-04-12 08_12_36\In\fe1fc722-45f0-48c3-a129-e836aecb9304\CLTBUILD23&gt;set DataFileName=c:\agt6\_work\6\a\api\environment\regapiautomation\testdata\subsidizedusage\prereq\PreReq-AppProc-SubsidizedUsageInformation-View@HP-ImportISIR.data.json &#xD;
&#xD;
C:\Agt6\_work\_temp\TestResults\c2kbuild_CLTBUILD23 2021-04-12 08_12_36\In\fe1fc722-45f0-48c3-a129-e836aecb9304\CLTBUILD23&gt;set EnvironmentFilePath=c:\agt6\_work\6\a\api\environment\regapiautomation\testdata\subsidizedusage\prereq\..\..\..\RegApiAutoEnvironment.postman_environment.json &#xD;
&#xD;
C:\Agt6\_work\_temp\TestResults\c2kbuild_CLTBUILD23 2021-04-12 08_12_36\In\fe1fc722-45f0-48c3-a129-e836aecb9304\CLTBUILD23&gt;set HtmlResultsFile=ImportISIR_Html.html &#xD;
&#xD;
C:\Agt6\_work\_temp\TestResults\c2kbuild_CLTBUILD23 2021-04-12 08_12_36\In\fe1fc722-45f0-48c3-a129-e836aecb9304\CLTBUILD23&gt;set JunitResultsFile=ImportISIR_Junit.xml &#xD;
&#xD;
C:\Agt6\_work\_temp\TestResults\c2kbuild_CLTBUILD23 2021-04-12 08_12_36\In\fe1fc722-45f0-48c3-a129-e836aecb9304\CLTBUILD23&gt;newman run "c:\agt6\_work\6\a\api\environment\regapiautomation\testdata\subsidizedusage\prereq\..\..\..\..\..\PreReq\PreReq-ImportISIR.postman_collection.json" -k -d "c:\agt6\_work\6\a\api\environment\regapiautomation\testdata\subsidizedusage\prereq\PreReq-AppProc-SubsidizedUsageInformation-View@HP-ImportISIR.data.json" -e "c:\agt6\_work\6\a\api\environment\regapiautomation\testdata\subsidizedusage\prereq\..\..\..\RegApiAutoEnvironment.postman_environment.json" -r junit,html --reporter-html-export "ImportISIR_Html.html" --reporter-junit-export "ImportISIR_Junit.xml"</StdOut>
          </Output>
          <ResultFiles>
            <ResultFile path="CLTBUILD23\ImportISIR_Html.html" />
            <ResultFile path="CLTBUILD23\ImportISIR_Junit.xml" />
          </ResultFiles>
        </UnitTestResult>
        <UnitTestResult executionId="2999c44b-6933-41b2-98f9-ef7221f65294" parentExecutionId="a9a1f5eb-8669-4a9c-b9ed-bbe09a2661a8" testId="7fa200b2-8755-4cbd-9cc8-d5e46a1b6157" testName="3- prereq-appproc-subsidizedusageinformation-view@hp-enrollstudent-generictest (OT-13-SubsidizedUsage)" computerName="CLTBUILD23" duration="00:00:12.5158937" startTime="2021-04-12T09:30:21.7717629-04:00" endTime="2021-04-12T09:30:34.2948779-04:00" testType="13cdc9d9-ddb5-4fa4-a97d-d965ccfc6d4b" outcome="Passed" testListId="8c84fa94-04c1-424b-9868-57a2d4851a1d" relativeResultsDirectory="2999c44b-6933-41b2-98f9-ef7221f65294">
          <Output>
            <StdOut>C:\Agt6\_work\_temp\TestResults\c2kbuild_CLTBUILD23 2021-04-12 08_12_36\In\2999c44b-6933-41b2-98f9-ef7221f65294\CLTBUILD23&gt;if not defined TestLocation (set TestLocation=. ) &#xD;
&#xD;
C:\Agt6\_work\_temp\TestResults\c2kbuild_CLTBUILD23 2021-04-12 08_12_36\In\2999c44b-6933-41b2-98f9-ef7221f65294\CLTBUILD23&gt;set CollectionFileName=c:\agt6\_work\6\a\api\environment\regapiautomation\testdata\subsidizedusage\prereq\..\..\..\..\..\PreReq\PreReq-EnrollStudent.postman_collection.json &#xD;
&#xD;
C:\Agt6\_work\_temp\TestResults\c2kbuild_CLTBUILD23 2021-04-12 08_12_36\In\2999c44b-6933-41b2-98f9-ef7221f65294\CLTBUILD23&gt;set DataFileName=c:\agt6\_work\6\a\api\environment\regapiautomation\testdata\subsidizedusage\prereq\PreReq-AppProc-SubsidizedUsageInformation-View@HP-EnrollStudent.data.csv &#xD;
&#xD;
C:\Agt6\_work\_temp\TestResults\c2kbuild_CLTBUILD23 2021-04-12 08_12_36\In\2999c44b-6933-41b2-98f9-ef7221f65294\CLTBUILD23&gt;set EnvironmentFilePath=c:\agt6\_work\6\a\api\environment\regapiautomation\testdata\subsidizedusage\prereq\..\..\..\RegApiAutoEnvironment.postman_environment.json &#xD;
&#xD;
C:\Agt6\_work\_temp\TestResults\c2kbuild_CLTBUILD23 2021-04-12 08_12_36\In\2999c44b-6933-41b2-98f9-ef7221f65294\CLTBUILD23&gt;set HtmlResultsFile=EnrollStudent_Html.html &#xD;
&#xD;
C:\Agt6\_work\_temp\TestResults\c2kbuild_CLTBUILD23 2021-04-12 08_12_36\In\2999c44b-6933-41b2-98f9-ef7221f65294\CLTBUILD23&gt;set JunitResultsFile=EnrollStudent_Junit.xml &#xD;
&#xD;
C:\Agt6\_work\_temp\TestResults\c2kbuild_CLTBUILD23 2021-04-12 08_12_36\In\2999c44b-6933-41b2-98f9-ef7221f65294\CLTBUILD23&gt;newman run "c:\agt6\_work\6\a\api\environment\regapiautomation\testdata\subsidizedusage\prereq\..\..\..\..\..\PreReq\PreReq-EnrollStudent.postman_collection.json" -k -d "c:\agt6\_work\6\a\api\environment\regapiautomation\testdata\subsidizedusage\prereq\PreReq-AppProc-SubsidizedUsageInformation-View@HP-EnrollStudent.data.csv" -e "c:\agt6\_work\6\a\api\environment\regapiautomation\testdata\subsidizedusage\prereq\..\..\..\RegApiAutoEnvironment.postman_environment.json" -r junit,html --reporter-html-export "EnrollStudent_Html.html" --reporter-junit-export "EnrollStudent_Junit.xml"</StdOut>
          </Output>
          <ResultFiles>
            <ResultFile path="CLTBUILD23\EnrollStudent_Html.html" />
            <ResultFile path="CLTBUILD23\EnrollStudent_Junit.xml" />
          </ResultFiles>
        </UnitTestResult>
        <UnitTestResult executionId="670f0aa0-58fb-406b-a45f-9b8fb9e889f5" parentExecutionId="a9a1f5eb-8669-4a9c-b9ed-bbe09a2661a8" testId="719b5654-a028-42a2-a85a-e27164bbd267" testName="4- prereq-appproc-subsidizedusageinformation-view@hp-updatebudgetforacademicyearforpackaging-generictest (OT-13-SubsidizedUsage)" computerName="CLTBUILD23" duration="00:00:08.2261721" startTime="2021-04-12T09:30:34.2958780-04:00" endTime="2021-04-12T09:30:42.5312939-04:00" testType="13cdc9d9-ddb5-4fa4-a97d-d965ccfc6d4b" outcome="Passed" testListId="8c84fa94-04c1-424b-9868-57a2d4851a1d" relativeResultsDirectory="670f0aa0-58fb-406b-a45f-9b8fb9e889f5">
          <Output>
            <StdOut>C:\Agt6\_work\_temp\TestResults\c2kbuild_CLTBUILD23 2021-04-12 08_12_36\In\670f0aa0-58fb-406b-a45f-9b8fb9e889f5\CLTBUILD23&gt;if not defined TestLocation (set TestLocation=. ) &#xD;
&#xD;
C:\Agt6\_work\_temp\TestResults\c2kbuild_CLTBUILD23 2021-04-12 08_12_36\In\670f0aa0-58fb-406b-a45f-9b8fb9e889f5\CLTBUILD23&gt;set CollectionFileName=c:\agt6\_work\6\a\api\environment\regapiautomation\testdata\subsidizedusage\prereq\..\..\..\..\..\PreReq\PreReq-UpdateBudgetForAcademicYearForPackaging.postman_collection.json &#xD;
&#xD;
C:\Agt6\_work\_temp\TestResults\c2kbuild_CLTBUILD23 2021-04-12 08_12_36\In\670f0aa0-58fb-406b-a45f-9b8fb9e889f5\CLTBUILD23&gt;set DataFileName=c:\agt6\_work\6\a\api\environment\regapiautomation\testdata\subsidizedusage\prereq\PreReq-AppProc-SubsidizedUsageInformation-View@HP-UpdateBudgetForAcademicYearForPackaging.data.csv &#xD;
&#xD;
C:\Agt6\_work\_temp\TestResults\c2kbuild_CLTBUILD23 2021-04-12 08_12_36\In\670f0aa0-58fb-406b-a45f-9b8fb9e889f5\CLTBUILD23&gt;set EnvironmentFilePath=c:\agt6\_work\6\a\api\environment\regapiautomation\testdata\subsidizedusage\prereq\..\..\..\RegApiAutoEnvironment.postman_environment.json &#xD;
&#xD;
C:\Agt6\_work\_temp\TestResults\c2kbuild_CLTBUILD23 2021-04-12 08_12_36\In\670f0aa0-58fb-406b-a45f-9b8fb9e889f5\CLTBUILD23&gt;set HtmlResultsFile=UpdateBudgetForAcademicYearForPackaging_Html.html &#xD;
&#xD;
C:\Agt6\_work\_temp\TestResults\c2kbuild_CLTBUILD23 2021-04-12 08_12_36\In\670f0aa0-58fb-406b-a45f-9b8fb9e889f5\CLTBUILD23&gt;set JunitResultsFile=UpdateBudgetForAcademicYearForPackaging_Junit.xml &#xD;
&#xD;
C:\Agt6\_work\_temp\TestResults\c2kbuild_CLTBUILD23 2021-04-12 08_12_36\In\670f0aa0-58fb-406b-a45f-9b8fb9e889f5\CLTBUILD23&gt;newman run "c:\agt6\_work\6\a\api\environment\regapiautomation\testdata\subsidizedusage\prereq\..\..\..\..\..\PreReq\PreReq-UpdateBudgetForAcademicYearForPackaging.postman_collection.json" -k -d "c:\agt6\_work\6\a\api\environment\regapiautomation\testdata\subsidizedusage\prereq\PreReq-AppProc-SubsidizedUsageInformation-View@HP-UpdateBudgetForAcademicYearForPackaging.data.csv" -e "c:\agt6\_work\6\a\api\environment\regapiautomation\testdata\subsidizedusage\prereq\..\..\..\RegApiAutoEnvironment.postman_environment.json" -r junit,html --reporter-html-export "UpdateBudgetForAcademicYearForPackaging_Html.html" --reporter-junit-export "UpdateBudgetForAcademicYearForPackaging_Junit.xml"</StdOut>
          </Output>
          <ResultFiles>
            <ResultFile path="CLTBUILD23\UpdateBudgetForAcademicYearForPackaging_Html.html" />
            <ResultFile path="CLTBUILD23\UpdateBudgetForAcademicYearForPackaging_Junit.xml" />
          </ResultFiles>
        </UnitTestResult>
        <UnitTestResult executionId="9dd3eb50-133b-4f80-a3a8-1d3117ce34a7" parentExecutionId="a9a1f5eb-8669-4a9c-b9ed-bbe09a2661a8" testId="09d3debb-3c38-4d98-bf20-6b0285b7439b" testName="5- prereq-appproc-subsidizedusageinformation-view@hp-awardgrantorloanforpackaging-generictest (OT-13-SubsidizedUsage)" computerName="CLTBUILD23" duration="00:00:10.1415857" startTime="2021-04-12T09:30:42.5312939-04:00" endTime="2021-04-12T09:30:52.6785667-04:00" testType="13cdc9d9-ddb5-4fa4-a97d-d965ccfc6d4b" outcome="Passed" testListId="8c84fa94-04c1-424b-9868-57a2d4851a1d" relativeResultsDirectory="9dd3eb50-133b-4f80-a3a8-1d3117ce34a7">
          <Output>
            <StdOut>C:\Agt6\_work\_temp\TestResults\c2kbuild_CLTBUILD23 2021-04-12 08_12_36\In\9dd3eb50-133b-4f80-a3a8-1d3117ce34a7\CLTBUILD23&gt;if not defined TestLocation (set TestLocation=. ) &#xD;
&#xD;
C:\Agt6\_work\_temp\TestResults\c2kbuild_CLTBUILD23 2021-04-12 08_12_36\In\9dd3eb50-133b-4f80-a3a8-1d3117ce34a7\CLTBUILD23&gt;set CollectionFileName=c:\agt6\_work\6\a\api\environment\regapiautomation\testdata\subsidizedusage\prereq\..\..\..\..\..\PreReq\PreReq-AwardLoanForPackaging.postman_collection.json &#xD;
&#xD;
C:\Agt6\_work\_temp\TestResults\c2kbuild_CLTBUILD23 2021-04-12 08_12_36\In\9dd3eb50-133b-4f80-a3a8-1d3117ce34a7\CLTBUILD23&gt;set DataFileName=c:\agt6\_work\6\a\api\environment\regapiautomation\testdata\subsidizedusage\prereq\PreReq-AppProc-SubsidizedUsageInformation-View@AwardGrantorLoanForPackaging.data.csv &#xD;
&#xD;
C:\Agt6\_work\_temp\TestResults\c2kbuild_CLTBUILD23 2021-04-12 08_12_36\In\9dd3eb50-133b-4f80-a3a8-1d3117ce34a7\CLTBUILD23&gt;set EnvironmentFilePath=c:\agt6\_work\6\a\api\environment\regapiautomation\testdata\subsidizedusage\prereq\..\..\..\RegApiAutoEnvironment.postman_environment.json &#xD;
&#xD;
C:\Agt6\_work\_temp\TestResults\c2kbuild_CLTBUILD23 2021-04-12 08_12_36\In\9dd3eb50-133b-4f80-a3a8-1d3117ce34a7\CLTBUILD23&gt;set HtmlResultsFile=AwardGrantOrLoanForPackaging_Html.html &#xD;
&#xD;
C:\Agt6\_work\_temp\TestResults\c2kbuild_CLTBUILD23 2021-04-12 08_12_36\In\9dd3eb50-133b-4f80-a3a8-1d3117ce34a7\CLTBUILD23&gt;set JunitResultsFile=AwardGrantOrLoanForPackaging_Junit.xml &#xD;
&#xD;
C:\Agt6\_work\_temp\TestResults\c2kbuild_CLTBUILD23 2021-04-12 08_12_36\In\9dd3eb50-133b-4f80-a3a8-1d3117ce34a7\CLTBUILD23&gt;newman run "c:\agt6\_work\6\a\api\environment\regapiautomation\testdata\subsidizedusage\prereq\..\..\..\..\..\PreReq\PreReq-AwardLoanForPackaging.postman_collection.json" -k -d "c:\agt6\_work\6\a\api\environment\regapiautomation\testdata\subsidizedusage\prereq\PreReq-AppProc-SubsidizedUsageInformation-View@AwardGrantorLoanForPackaging.data.csv" -e "c:\agt6\_work\6\a\api\environment\regapiautomation\testdata\subsidizedusage\prereq\..\..\..\RegApiAutoEnvironment.postman_environment.json" -r junit,html --reporter-html-export "AwardGrantOrLoanForPackaging_Html.html" --reporter-junit-export "AwardGrantOrLoanForPackaging_Junit.xml"</StdOut>
          </Output>
          <ResultFiles>
            <ResultFile path="CLTBUILD23\AwardGrantOrLoanForPackaging_Html.html" />
            <ResultFile path="CLTBUILD23\AwardGrantOrLoanForPackaging_Junit.xml" />
          </ResultFiles>
        </UnitTestResult>
        <UnitTestResult executionId="bf89003e-80b3-412b-a6c2-f25bde00f592" parentExecutionId="a9a1f5eb-8669-4a9c-b9ed-bbe09a2661a8" testId="97753765-48b1-4500-81bd-3b365ddb9ce2" testName="6- prereq-appproc-subsidizedusageinformation-view@hp-codimport-generictest (OT-13-SubsidizedUsage)" computerName="CLTBUILD23" duration="00:00:11.5643467" startTime="2021-04-12T09:30:52.6795686-04:00" endTime="2021-04-12T09:31:04.2437544-04:00" testType="13cdc9d9-ddb5-4fa4-a97d-d965ccfc6d4b" outcome="Passed" testListId="8c84fa94-04c1-424b-9868-57a2d4851a1d" relativeResultsDirectory="bf89003e-80b3-412b-a6c2-f25bde00f592">
          <Output>
            <StdOut>C:\Agt6\_work\_temp\TestResults\c2kbuild_CLTBUILD23 2021-04-12 08_12_36\In\bf89003e-80b3-412b-a6c2-f25bde00f592\CLTBUILD23&gt;if not defined TestLocation (set TestLocation=. ) &#xD;
&#xD;
C:\Agt6\_work\_temp\TestResults\c2kbuild_CLTBUILD23 2021-04-12 08_12_36\In\bf89003e-80b3-412b-a6c2-f25bde00f592\CLTBUILD23&gt;set CollectionFileName=c:\agt6\_work\6\a\api\environment\regapiautomation\testdata\subsidizedusage\prereq\..\..\..\..\..\PreReq\PreReq-CODImport.postman_collection.json &#xD;
&#xD;
C:\Agt6\_work\_temp\TestResults\c2kbuild_CLTBUILD23 2021-04-12 08_12_36\In\bf89003e-80b3-412b-a6c2-f25bde00f592\CLTBUILD23&gt;set DataFileName=c:\agt6\_work\6\a\api\environment\regapiautomation\testdata\subsidizedusage\prereq\PreReq-AppProc-SubsidizedUsageInformation-View@HP-CODImport.data.json &#xD;
&#xD;
C:\Agt6\_work\_temp\TestResults\c2kbuild_CLTBUILD23 2021-04-12 08_12_36\In\bf89003e-80b3-412b-a6c2-f25bde00f592\CLTBUILD23&gt;set EnvironmentFilePath=c:\agt6\_work\6\a\api\environment\regapiautomation\testdata\subsidizedusage\prereq\..\..\..\RegApiAutoEnvironment.postman_environment.json &#xD;
&#xD;
C:\Agt6\_work\_temp\TestResults\c2kbuild_CLTBUILD23 2021-04-12 08_12_36\In\bf89003e-80b3-412b-a6c2-f25bde00f592\CLTBUILD23&gt;set HtmlResultsFile=Tests_CODImport@HP-Import_Html.html &#xD;
&#xD;
C:\Agt6\_work\_temp\TestResults\c2kbuild_CLTBUILD23 2021-04-12 08_12_36\In\bf89003e-80b3-412b-a6c2-f25bde00f592\CLTBUILD23&gt;set JunitResultsFile=Tests_CODImport@HP-Import_Junit.xml &#xD;
&#xD;
C:\Agt6\_work\_temp\TestResults\c2kbuild_CLTBUILD23 2021-04-12 08_12_36\In\bf89003e-80b3-412b-a6c2-f25bde00f592\CLTBUILD23&gt;newman run "c:\agt6\_work\6\a\api\environment\regapiautomation\testdata\subsidizedusage\prereq\..\..\..\..\..\PreReq\PreReq-CODImport.postman_collection.json" -k -d "c:\agt6\_work\6\a\api\environment\regapiautomation\testdata\subsidizedusage\prereq\PreReq-AppProc-SubsidizedUsageInformation-View@HP-CODImport.data.json" -e "c:\agt6\_work\6\a\api\environment\regapiautomation\testdata\subsidizedusage\prereq\..\..\..\RegApiAutoEnvironment.postman_environment.json" -r junit,html --reporter-html-export "Tests_CODImport@HP-Import_Html.html" --reporter-junit-export "Tests_CODImport@HP-Import_Junit.xml"</StdOut>
          </Output>
          <ResultFiles>
            <ResultFile path="CLTBUILD23\Tests_CODImport@HP-Import_Html.html" />
            <ResultFile path="CLTBUILD23\Tests_CODImport@HP-Import_Junit.xml" />
          </ResultFiles>
        </UnitTestResult>
        <UnitTestResult executionId="033afe86-16fc-4682-bdd6-9c46b448ebf5" parentExecutionId="a9a1f5eb-8669-4a9c-b9ed-bbe09a2661a8" testId="91a264f9-31e7-40d3-a790-d1ceb1c67a16" testName="7- appproc-subsidizedusageinformation-view-generictest (OT-13-SubsidizedUsage)" computerName="CLTBUILD23" duration="00:00:05.3297769" startTime="2021-04-12T09:31:04.2447550-04:00" endTime="2021-04-12T09:31:09.5803794-04:00" testType="13cdc9d9-ddb5-4fa4-a97d-d965ccfc6d4b" outcome="Passed" testListId="8c84fa94-04c1-424b-9868-57a2d4851a1d" relativeResultsDirectory="033afe86-16fc-4682-bdd6-9c46b448ebf5">
          <Output>
            <StdOut>C:\Agt6\_work\_temp\TestResults\c2kbuild_CLTBUILD23 2021-04-12 08_12_36\In\033afe86-16fc-4682-bdd6-9c46b448ebf5\CLTBUILD23&gt;if not defined TestLocation (set TestLocation=. ) &#xD;
&#xD;
C:\Agt6\_work\_temp\TestResults\c2kbuild_CLTBUILD23 2021-04-12 08_12_36\In\033afe86-16fc-4682-bdd6-9c46b448ebf5\CLTBUILD23&gt;set CollectionFileName=c:\agt6\_work\6\a\api\environment\regapiautomation\testdata\subsidizedusage\..\..\..\..\Tests\SubsidizedUsage\AppProc-SubsidizedUsageInformation-View.postman_collection.json &#xD;
&#xD;
C:\Agt6\_work\_temp\TestResults\c2kbuild_CLTBUILD23 2021-04-12 08_12_36\In\033afe86-16fc-4682-bdd6-9c46b448ebf5\CLTBUILD23&gt;set DataFileName=c:\agt6\_work\6\a\api\environment\regapiautomation\testdata\subsidizedusage\AppProc-SubsidizedUsageInformation-View.data.json &#xD;
&#xD;
C:\Agt6\_work\_temp\TestResults\c2kbuild_CLTBUILD23 2021-04-12 08_12_36\In\033afe86-16fc-4682-bdd6-9c46b448ebf5\CLTBUILD23&gt;set EnvironmentFilePath=c:\agt6\_work\6\a\api\environment\regapiautomation\testdata\subsidizedusage\..\..\RegApiAutoEnvironment.postman_environment.json &#xD;
&#xD;
C:\Agt6\_work\_temp\TestResults\c2kbuild_CLTBUILD23 2021-04-12 08_12_36\In\033afe86-16fc-4682-bdd6-9c46b448ebf5\CLTBUILD23&gt;set HtmlResultsFile=Tests_AppProc-SubsidizedUsageInformation-View-Html.html &#xD;
&#xD;
C:\Agt6\_work\_temp\TestResults\c2kbuild_CLTBUILD23 2021-04-12 08_12_36\In\033afe86-16fc-4682-bdd6-9c46b448ebf5\CLTBUILD23&gt;set JunitResultsFile=Tests_AppProc-SubsidizedUsageInformation-View-Junit.xml &#xD;
&#xD;
C:\Agt6\_work\_temp\TestResults\c2kbuild_CLTBUILD23 2021-04-12 08_12_36\In\033afe86-16fc-4682-bdd6-9c46b448ebf5\CLTBUILD23&gt;newman run "c:\agt6\_work\6\a\api\environment\regapiautomation\testdata\subsidizedusage\..\..\..\..\Tests\SubsidizedUsage\AppProc-SubsidizedUsageInformation-View.postman_collection.json" -k -d "c:\agt6\_work\6\a\api\environment\regapiautomation\testdata\subsidizedusage\AppProc-SubsidizedUsageInformation-View.data.json" -e "c:\agt6\_work\6\a\api\environment\regapiautomation\testdata\subsidizedusage\..\..\RegApiAutoEnvironment.postman_environment.json" -r junit,html --reporter-html-export "Tests_AppProc-SubsidizedUsageInformation-View-Html.html" --reporter-junit-export "Tests_AppProc-SubsidizedUsageInformation-View-Junit.xml"</StdOut>
          </Output>
          <ResultFiles>
            <ResultFile path="CLTBUILD23\Tests_AppProc-SubsidizedUsageInformation-View-Html.html" />
            <ResultFile path="CLTBUILD23\Tests_AppProc-SubsidizedUsageInformation-View-Junit.xml" />
          </ResultFiles>
        </UnitTestResult>
      </InnerResults>
    </TestResultAggregation>
    <TestResultAggregation executionId="7670e30d-3149-4f02-a0dc-2f6a8671af79" testId="7a906a63-5a73-4362-841a-b07b2853aa7e" testName="OT-10O-CollegeFinancePlan-Program-Undergrad-All-Print-21_22" computerName="CLTBUILD23" duration="00:00:09.0605885" startTime="2021-04-12T09:23:17.9764752-04:00" endTime="2021-04-12T09:23:27.0378290-04:00" testType="ec4800e8-40e5-4ab3-8510-b8bf29b1904d" outcome="Passed" testListId="8c84fa94-04c1-424b-9868-57a2d4851a1d" relativeResultsDirectory="7670e30d-3149-4f02-a0dc-2f6a8671af79">
      <InnerResults>
        <UnitTestResult executionId="3a94a570-acef-4145-85f7-ca4e93585c79" parentExecutionId="7670e30d-3149-4f02-a0dc-2f6a8671af79" testId="41ba4c58-9882-4cd2-8bc0-ff67deca74e3" testName="1- shoppingsheets-program@undergrad-all-print-21_22-generictest (OT-10O-CollegeFinancePlan-Program-Undergrad-All-Print-21_22)" computerName="CLTBUILD23" duration="00:00:09.0542292" startTime="2021-04-12T09:23:17.9774816-04:00" endTime="2021-04-12T09:23:27.0368254-04:00" testType="13cdc9d9-ddb5-4fa4-a97d-d965ccfc6d4b" outcome="Passed" testListId="8c84fa94-04c1-424b-9868-57a2d4851a1d" relativeResultsDirectory="3a94a570-acef-4145-85f7-ca4e93585c79">
          <Output>
            <StdOut>C:\Agt6\_work\_temp\TestResults\c2kbuild_CLTBUILD23 2021-04-12 08_12_36\In\3a94a570-acef-4145-85f7-ca4e93585c79\CLTBUILD23&gt;if not defined TestLocation (set TestLocation=. ) &#xD;
&#xD;
C:\Agt6\_work\_temp\TestResults\c2kbuild_CLTBUILD23 2021-04-12 08_12_36\In\3a94a570-acef-4145-85f7-ca4e93585c79\CLTBUILD23&gt;set CollectionFileName=c:\agt6\_work\6\a\api\environment\regapiautomation\testdata\shoppingsheets\..\..\..\..\Tests\ShoppingSheets\ShoppingSheets-Program@HP-Print-21_22.postman_collection.json &#xD;
&#xD;
C:\Agt6\_work\_temp\TestResults\c2kbuild_CLTBUILD23 2021-04-12 08_12_36\In\3a94a570-acef-4145-85f7-ca4e93585c79\CLTBUILD23&gt;set DataFileName=c:\agt6\_work\6\a\api\environment\regapiautomation\testdata\shoppingsheets\ShoppingSheets-Program@Undergrad-All-Print-21_22.data.json &#xD;
&#xD;
C:\Agt6\_work\_temp\TestResults\c2kbuild_CLTBUILD23 2021-04-12 08_12_36\In\3a94a570-acef-4145-85f7-ca4e93585c79\CLTBUILD23&gt;set EnvironmentFilePath=c:\agt6\_work\6\a\api\environment\regapiautomation\testdata\shoppingsheets\..\..\RegApiAutoEnvironment.postman_environment.json &#xD;
&#xD;
C:\Agt6\_work\_temp\TestResults\c2kbuild_CLTBUILD23 2021-04-12 08_12_36\In\3a94a570-acef-4145-85f7-ca4e93585c79\CLTBUILD23&gt;set HtmlResultsFile=ShoppingSheets-Program@Undergrad-All-Print-21_22_Html.html &#xD;
&#xD;
C:\Agt6\_work\_temp\TestResults\c2kbuild_CLTBUILD23 2021-04-12 08_12_36\In\3a94a570-acef-4145-85f7-ca4e93585c79\CLTBUILD23&gt;set JunitResultsFile=ShoppingSheets-Program@Undergrad-All-Print-21_22_Junit.xml &#xD;
&#xD;
C:\Agt6\_work\_temp\TestResults\c2kbuild_CLTBUILD23 2021-04-12 08_12_36\In\3a94a570-acef-4145-85f7-ca4e93585c79\CLTBUILD23&gt;newman run "c:\agt6\_work\6\a\api\environment\regapiautomation\testdata\shoppingsheets\..\..\..\..\Tests\ShoppingSheets\ShoppingSheets-Program@HP-Print-21_22.postman_collection.json" -d "c:\agt6\_work\6\a\api\environment\regapiautomation\testdata\shoppingsheets\ShoppingSheets-Program@Undergrad-All-Print-21_22.data.json" -e "c:\agt6\_work\6\a\api\environment\regapiautomation\testdata\shoppingsheets\..\..\RegApiAutoEnvironment.postman_environment.json" -k -r junit,html --reporter-html-export "ShoppingSheets-Program@Undergrad-All-Print-21_22_Html.html" --reporter-junit-export "ShoppingSheets-Program@Undergrad-All-Print-21_22_Junit.xml"</StdOut>
          </Output>
          <ResultFiles>
            <ResultFile path="CLTBUILD23\ShoppingSheets-Program@Undergrad-All-Print-21_22_Html.html" />
            <ResultFile path="CLTBUILD23\ShoppingSheets-Program@Undergrad-All-Print-21_22_Junit.xml" />
          </ResultFiles>
        </UnitTestResult>
      </InnerResults>
    </TestResultAggregation>
    <TestResultAggregation executionId="91a4ca53-10d7-4540-9086-eb88b81d36c6" testId="0c12cc8e-40e0-4fa2-bc90-0faef29251ed" testName="OT-06-FISAP-HP-Ineligible-20_21" computerName="CLTBUILD23" duration="00:01:24.4021680" startTime="2021-04-12T08:41:26.4841586-04:00" endTime="2021-04-12T08:42:50.8960936-04:00" testType="ec4800e8-40e5-4ab3-8510-b8bf29b1904d" outcome="Passed" testListId="8c84fa94-04c1-424b-9868-57a2d4851a1d" relativeResultsDirectory="91a4ca53-10d7-4540-9086-eb88b81d36c6">
      <InnerResults>
        <UnitTestResult executionId="48e7362a-11d3-41b1-80c6-d48be01c8209" parentExecutionId="91a4ca53-10d7-4540-9086-eb88b81d36c6" testId="4d99aa95-b116-4b1c-a343-b04b4eb4ed1a" testName="1- prereq-fisap-datacorrection@hp-createstudent-generictest (OT-06-FISAP-HP-Ineligible-20_21)" computerName="CLTBUILD23" duration="00:00:08.3556161" startTime="2021-04-12T08:41:26.4870940-04:00" endTime="2021-04-12T08:41:34.8483010-04:00" testType="13cdc9d9-ddb5-4fa4-a97d-d965ccfc6d4b" outcome="Passed" testListId="8c84fa94-04c1-424b-9868-57a2d4851a1d" relativeResultsDirectory="48e7362a-11d3-41b1-80c6-d48be01c8209">
          <Output>
            <StdOut>C:\Agt6\_work\_temp\TestResults\c2kbuild_CLTBUILD23 2021-04-12 08_12_36\In\48e7362a-11d3-41b1-80c6-d48be01c8209\CLTBUILD23&gt;if not defined TestLocation (set TestLocation=. ) &#xD;
&#xD;
C:\Agt6\_work\_temp\TestResults\c2kbuild_CLTBUILD23 2021-04-12 08_12_36\In\48e7362a-11d3-41b1-80c6-d48be01c8209\CLTBUILD23&gt;set CollectionFileName=c:\agt6\_work\6\a\api\environment\regapiautomation\testdata\fisap-datacorrection\prereq\..\..\..\..\..\PreReq\PreReq-CreateStudent.postman_collection.json &#xD;
&#xD;
C:\Agt6\_work\_temp\TestResults\c2kbuild_CLTBUILD23 2021-04-12 08_12_36\In\48e7362a-11d3-41b1-80c6-d48be01c8209\CLTBUILD23&gt;set DataFileName=c:\agt6\_work\6\a\api\environment\regapiautomation\testdata\fisap-datacorrection\prereq\PreReq-FISAP-DataCorrection@HP-CreateStudent.data.csv &#xD;
&#xD;
C:\Agt6\_work\_temp\TestResults\c2kbuild_CLTBUILD23 2021-04-12 08_12_36\In\48e7362a-11d3-41b1-80c6-d48be01c8209\CLTBUILD23&gt;set EnvironmentFilePath=c:\agt6\_work\6\a\api\environment\regapiautomation\testdata\fisap-datacorrection\prereq\..\..\..\RegApiAutoEnvironment.postman_environment.json &#xD;
&#xD;
C:\Agt6\_work\_temp\TestResults\c2kbuild_CLTBUILD23 2021-04-12 08_12_36\In\48e7362a-11d3-41b1-80c6-d48be01c8209\CLTBUILD23&gt;set HtmlResultsFile=CreateStudent_Html.html &#xD;
&#xD;
C:\Agt6\_work\_temp\TestResults\c2kbuild_CLTBUILD23 2021-04-12 08_12_36\In\48e7362a-11d3-41b1-80c6-d48be01c8209\CLTBUILD23&gt;set JunitResultsFile=CreateStudent_Junit.xml &#xD;
&#xD;
C:\Agt6\_work\_temp\TestResults\c2kbuild_CLTBUILD23 2021-04-12 08_12_36\In\48e7362a-11d3-41b1-80c6-d48be01c8209\CLTBUILD23&gt;newman run "c:\agt6\_work\6\a\api\environment\regapiautomation\testdata\fisap-datacorrection\prereq\..\..\..\..\..\PreReq\PreReq-CreateStudent.postman_collection.json" -k -d "c:\agt6\_work\6\a\api\environment\regapiautomation\testdata\fisap-datacorrection\prereq\PreReq-FISAP-DataCorrection@HP-CreateStudent.data.csv" -e "c:\agt6\_work\6\a\api\environment\regapiautomation\testdata\fisap-datacorrection\prereq\..\..\..\RegApiAutoEnvironment.postman_environment.json" -r junit,html --reporter-html-export "CreateStudent_Html.html" --reporter-junit-export "CreateStudent_Junit.xml"</StdOut>
          </Output>
          <ResultFiles>
            <ResultFile path="CLTBUILD23\CreateStudent_Html.html" />
            <ResultFile path="CLTBUILD23\CreateStudent_Junit.xml" />
          </ResultFiles>
        </UnitTestResult>
        <UnitTestResult executionId="74b7c0fe-8acb-480a-a94e-47764722def8" parentExecutionId="91a4ca53-10d7-4540-9086-eb88b81d36c6" testId="72003129-f343-4e78-b69f-e42e6301979b" testName="2- prereq-fisap-datacorrection@hp-enrollstudent-generictest (OT-06-FISAP-HP-Ineligible-20_21)" computerName="CLTBUILD23" duration="00:00:12.1739081" startTime="2021-04-12T08:41:34.8483010-04:00" endTime="2021-04-12T08:41:47.0279417-04:00" testType="13cdc9d9-ddb5-4fa4-a97d-d965ccfc6d4b" outcome="Passed" testListId="8c84fa94-04c1-424b-9868-57a2d4851a1d" relativeResultsDirectory="74b7c0fe-8acb-480a-a94e-47764722def8">
          <Output>
            <StdOut>C:\Agt6\_work\_temp\TestResults\c2kbuild_CLTBUILD23 2021-04-12 08_12_36\In\74b7c0fe-8acb-480a-a94e-47764722def8\CLTBUILD23&gt;if not defined TestLocation (set TestLocation=. ) &#xD;
&#xD;
C:\Agt6\_work\_temp\TestResults\c2kbuild_CLTBUILD23 2021-04-12 08_12_36\In\74b7c0fe-8acb-480a-a94e-47764722def8\CLTBUILD23&gt;set CollectionFileName=c:\agt6\_work\6\a\api\environment\regapiautomation\testdata\fisap-datacorrection\prereq\..\..\..\..\..\PreReq\PreReq-EnrollStudent.postman_collection.json &#xD;
&#xD;
C:\Agt6\_work\_temp\TestResults\c2kbuild_CLTBUILD23 2021-04-12 08_12_36\In\74b7c0fe-8acb-480a-a94e-47764722def8\CLTBUILD23&gt;set DataFileName=c:\agt6\_work\6\a\api\environment\regapiautomation\testdata\fisap-datacorrection\prereq\PreReq-FISAP-DataCorrection@HP-EnrollStudent.data.csv &#xD;
&#xD;
C:\Agt6\_work\_temp\TestResults\c2kbuild_CLTBUILD23 2021-04-12 08_12_36\In\74b7c0fe-8acb-480a-a94e-47764722def8\CLTBUILD23&gt;set EnvironmentFilePath=c:\agt6\_work\6\a\api\environment\regapiautomation\testdata\fisap-datacorrection\prereq\..\..\..\RegApiAutoEnvironment.postman_environment.json &#xD;
&#xD;
C:\Agt6\_work\_temp\TestResults\c2kbuild_CLTBUILD23 2021-04-12 08_12_36\In\74b7c0fe-8acb-480a-a94e-47764722def8\CLTBUILD23&gt;set HtmlResultsFile=EnrollStudent_Html.html &#xD;
&#xD;
C:\Agt6\_work\_temp\TestResults\c2kbuild_CLTBUILD23 2021-04-12 08_12_36\In\74b7c0fe-8acb-480a-a94e-47764722def8\CLTBUILD23&gt;set JunitResultsFile=EnrollStudent_Junit.xml &#xD;
&#xD;
C:\Agt6\_work\_temp\TestResults\c2kbuild_CLTBUILD23 2021-04-12 08_12_36\In\74b7c0fe-8acb-480a-a94e-47764722def8\CLTBUILD23&gt;newman run "c:\agt6\_work\6\a\api\environment\regapiautomation\testdata\fisap-datacorrection\prereq\..\..\..\..\..\PreReq\PreReq-EnrollStudent.postman_collection.json" -k -d "c:\agt6\_work\6\a\api\environment\regapiautomation\testdata\fisap-datacorrection\prereq\PreReq-FISAP-DataCorrection@HP-EnrollStudent.data.csv" -e "c:\agt6\_work\6\a\api\environment\regapiautomation\testdata\fisap-datacorrection\prereq\..\..\..\RegApiAutoEnvironment.postman_environment.json" -r junit,html --reporter-html-export "EnrollStudent_Html.html" --reporter-junit-export "EnrollStudent_Junit.xml"</StdOut>
          </Output>
          <ResultFiles>
            <ResultFile path="CLTBUILD23\EnrollStudent_Html.html" />
            <ResultFile path="CLTBUILD23\EnrollStudent_Junit.xml" />
          </ResultFiles>
        </UnitTestResult>
        <UnitTestResult executionId="5456c4df-ae72-4704-b387-9e68575fa2b6" parentExecutionId="91a4ca53-10d7-4540-9086-eb88b81d36c6" testId="6aad2a67-77a0-4af9-82c1-c2bb090e1ee6" testName="3- prereq-fisap-datacorrection@hp-updatebudgetforacademicyearforpackaging-generictest (OT-06-FISAP-HP-Ineligible-20_21)" computerName="CLTBUILD23" duration="00:00:09.0319590" startTime="2021-04-12T08:41:47.0279417-04:00" endTime="2021-04-12T08:41:56.0640934-04:00" testType="13cdc9d9-ddb5-4fa4-a97d-d965ccfc6d4b" outcome="Passed" testListId="8c84fa94-04c1-424b-9868-57a2d4851a1d" relativeResultsDirectory="5456c4df-ae72-4704-b387-9e68575fa2b6">
          <Output>
            <StdOut>C:\Agt6\_work\_temp\TestResults\c2kbuild_CLTBUILD23 2021-04-12 08_12_36\In\5456c4df-ae72-4704-b387-9e68575fa2b6\CLTBUILD23&gt;if not defined TestLocation (set TestLocation=. ) &#xD;
&#xD;
C:\Agt6\_work\_temp\TestResults\c2kbuild_CLTBUILD23 2021-04-12 08_12_36\In\5456c4df-ae72-4704-b387-9e68575fa2b6\CLTBUILD23&gt;set CollectionFileName=c:\agt6\_work\6\a\api\environment\regapiautomation\testdata\fisap-datacorrection\prereq\..\..\..\..\..\PreReq\PreReq-UpdateBudgetForAcademicYearForPackaging.postman_collection.json &#xD;
&#xD;
C:\Agt6\_work\_temp\TestResults\c2kbuild_CLTBUILD23 2021-04-12 08_12_36\In\5456c4df-ae72-4704-b387-9e68575fa2b6\CLTBUILD23&gt;set DataFileName=c:\agt6\_work\6\a\api\environment\regapiautomation\testdata\fisap-datacorrection\prereq\PreReq-FISAP-DataCorrection@HP-UpdateBudgetForAcademicYearForPackaging.data.csv &#xD;
&#xD;
C:\Agt6\_work\_temp\TestResults\c2kbuild_CLTBUILD23 2021-04-12 08_12_36\In\5456c4df-ae72-4704-b387-9e68575fa2b6\CLTBUILD23&gt;set EnvironmentFilePath=c:\agt6\_work\6\a\api\environment\regapiautomation\testdata\fisap-datacorrection\prereq\..\..\..\RegApiAutoEnvironment.postman_environment.json &#xD;
&#xD;
C:\Agt6\_work\_temp\TestResults\c2kbuild_CLTBUILD23 2021-04-12 08_12_36\In\5456c4df-ae72-4704-b387-9e68575fa2b6\CLTBUILD23&gt;set HtmlResultsFile=UpdateBudgetForAcademicYearForPackaging_Html.html &#xD;
&#xD;
C:\Agt6\_work\_temp\TestResults\c2kbuild_CLTBUILD23 2021-04-12 08_12_36\In\5456c4df-ae72-4704-b387-9e68575fa2b6\CLTBUILD23&gt;set JunitResultsFile=UpdateBudgetForAcademicYearForPackaging_Junit.xml &#xD;
&#xD;
C:\Agt6\_work\_temp\TestResults\c2kbuild_CLTBUILD23 2021-04-12 08_12_36\In\5456c4df-ae72-4704-b387-9e68575fa2b6\CLTBUILD23&gt;newman run "c:\agt6\_work\6\a\api\environment\regapiautomation\testdata\fisap-datacorrection\prereq\..\..\..\..\..\PreReq\PreReq-UpdateBudgetForAcademicYearForPackaging.postman_collection.json" -k -d "c:\agt6\_work\6\a\api\environment\regapiautomation\testdata\fisap-datacorrection\prereq\PreReq-FISAP-DataCorrection@HP-UpdateBudgetForAcademicYearForPackaging.data.csv" -e "c:\agt6\_work\6\a\api\environment\regapiautomation\testdata\fisap-datacorrection\prereq\..\..\..\RegApiAutoEnvironment.postman_environment.json" -r junit,html --reporter-html-export "UpdateBudgetForAcademicYearForPackaging_Html.html" --reporter-junit-export "UpdateBudgetForAcademicYearForPackaging_Junit.xml"</StdOut>
          </Output>
          <ResultFiles>
            <ResultFile path="CLTBUILD23\UpdateBudgetForAcademicYearForPackaging_Html.html" />
            <ResultFile path="CLTBUILD23\UpdateBudgetForAcademicYearForPackaging_Junit.xml" />
          </ResultFiles>
        </UnitTestResult>
        <UnitTestResult executionId="551bde1a-2afb-4256-ae8c-a2c46ada3c5b" parentExecutionId="91a4ca53-10d7-4540-9086-eb88b81d36c6" testId="c63fff57-072b-468d-a1df-2ab8ef2b9019" testName="4- prereq-fisap-datacorrection@hp-awardgrantorloanforpackaging-generictest (OT-06-FISAP-HP-Ineligible-20_21)" computerName="CLTBUILD23" duration="00:00:10.2318168" startTime="2021-04-12T08:41:56.0650892-04:00" endTime="2021-04-12T08:42:06.3053116-04:00" testType="13cdc9d9-ddb5-4fa4-a97d-d965ccfc6d4b" outcome="Passed" testListId="8c84fa94-04c1-424b-9868-57a2d4851a1d" relativeResultsDirectory="551bde1a-2afb-4256-ae8c-a2c46ada3c5b">
          <Output>
            <StdOut>C:\Agt6\_work\_temp\TestResults\c2kbuild_CLTBUILD23 2021-04-12 08_12_36\In\551bde1a-2afb-4256-ae8c-a2c46ada3c5b\CLTBUILD23&gt;if not defined TestLocation (set TestLocation=. ) &#xD;
&#xD;
C:\Agt6\_work\_temp\TestResults\c2kbuild_CLTBUILD23 2021-04-12 08_12_36\In\551bde1a-2afb-4256-ae8c-a2c46ada3c5b\CLTBUILD23&gt;set CollectionFileName=c:\agt6\_work\6\a\api\environment\regapiautomation\testdata\fisap-datacorrection\prereq\..\..\..\..\..\PreReq\PreReq-AwardGrantOrLoanForPackaging.postman_collection.json &#xD;
&#xD;
C:\Agt6\_work\_temp\TestResults\c2kbuild_CLTBUILD23 2021-04-12 08_12_36\In\551bde1a-2afb-4256-ae8c-a2c46ada3c5b\CLTBUILD23&gt;set DataFileName=c:\agt6\_work\6\a\api\environment\regapiautomation\testdata\fisap-datacorrection\prereq\PreReq-FISAP-DataCorrection@HP-AwardGrantorLoanForPackaging.data.csv &#xD;
&#xD;
C:\Agt6\_work\_temp\TestResults\c2kbuild_CLTBUILD23 2021-04-12 08_12_36\In\551bde1a-2afb-4256-ae8c-a2c46ada3c5b\CLTBUILD23&gt;set EnvironmentFilePath=c:\agt6\_work\6\a\api\environment\regapiautomation\testdata\fisap-datacorrection\prereq\..\..\..\RegApiAutoEnvironment.postman_environment.json &#xD;
&#xD;
C:\Agt6\_work\_temp\TestResults\c2kbuild_CLTBUILD23 2021-04-12 08_12_36\In\551bde1a-2afb-4256-ae8c-a2c46ada3c5b\CLTBUILD23&gt;set HtmlResultsFile=AwardGrantOrLoanForPackaging_Html.html &#xD;
&#xD;
C:\Agt6\_work\_temp\TestResults\c2kbuild_CLTBUILD23 2021-04-12 08_12_36\In\551bde1a-2afb-4256-ae8c-a2c46ada3c5b\CLTBUILD23&gt;set JunitResultsFile=AwardGrantOrLoanForPackaging_Junit.xml &#xD;
&#xD;
C:\Agt6\_work\_temp\TestResults\c2kbuild_CLTBUILD23 2021-04-12 08_12_36\In\551bde1a-2afb-4256-ae8c-a2c46ada3c5b\CLTBUILD23&gt;newman run "c:\agt6\_work\6\a\api\environment\regapiautomation\testdata\fisap-datacorrection\prereq\..\..\..\..\..\PreReq\PreReq-AwardGrantOrLoanForPackaging.postman_collection.json" -k -d "c:\agt6\_work\6\a\api\environment\regapiautomation\testdata\fisap-datacorrection\prereq\PreReq-FISAP-DataCorrection@HP-AwardGrantorLoanForPackaging.data.csv" -e "c:\agt6\_work\6\a\api\environment\regapiautomation\testdata\fisap-datacorrection\prereq\..\..\..\RegApiAutoEnvironment.postman_environment.json" -r junit,html --reporter-html-export "AwardGrantOrLoanForPackaging_Html.html" --reporter-junit-export "AwardGrantOrLoanForPackaging_Junit.xml"</StdOut>
          </Output>
          <ResultFiles>
            <ResultFile path="CLTBUILD23\AwardGrantOrLoanForPackaging_Html.html" />
            <ResultFile path="CLTBUILD23\AwardGrantOrLoanForPackaging_Junit.xml" />
          </ResultFiles>
        </UnitTestResult>
        <UnitTestResult executionId="ec3db067-7c31-4164-bd62-9191ffb6eaa2" parentExecutionId="91a4ca53-10d7-4540-9086-eb88b81d36c6" testId="739c7cf0-023c-4896-93b7-9e061f43c3a6" testName="5- prereq-fisap-datacorrection@hp-postpaymentledgercard-generictest (OT-06-FISAP-HP-Ineligible-20_21)" computerName="CLTBUILD23" duration="00:00:25.8092034" startTime="2021-04-12T08:42:06.3063101-04:00" endTime="2021-04-12T08:42:32.1220594-04:00" testType="13cdc9d9-ddb5-4fa4-a97d-d965ccfc6d4b" outcome="Passed" testListId="8c84fa94-04c1-424b-9868-57a2d4851a1d" relativeResultsDirectory="ec3db067-7c31-4164-bd62-9191ffb6eaa2">
          <Output>
            <StdOut>C:\Agt6\_work\_temp\TestResults\c2kbuild_CLTBUILD23 2021-04-12 08_12_36\In\ec3db067-7c31-4164-bd62-9191ffb6eaa2\CLTBUILD23&gt;if not defined TestLocation (set TestLocation=. ) &#xD;
&#xD;
C:\Agt6\_work\_temp\TestResults\c2kbuild_CLTBUILD23 2021-04-12 08_12_36\In\ec3db067-7c31-4164-bd62-9191ffb6eaa2\CLTBUILD23&gt;set CollectionFileName=c:\agt6\_work\6\a\api\environment\regapiautomation\testdata\fisap-datacorrection\prereq\..\..\..\..\..\PreReq\PreReq-PostPaymentLedgerCard.postman_collection.json &#xD;
&#xD;
C:\Agt6\_work\_temp\TestResults\c2kbuild_CLTBUILD23 2021-04-12 08_12_36\In\ec3db067-7c31-4164-bd62-9191ffb6eaa2\CLTBUILD23&gt;set DataFileName=c:\agt6\_work\6\a\api\environment\regapiautomation\testdata\fisap-datacorrection\prereq\PreReq-FISAP-DataCorrection@HP-PostPaymentLedgerCard.data.json &#xD;
&#xD;
C:\Agt6\_work\_temp\TestResults\c2kbuild_CLTBUILD23 2021-04-12 08_12_36\In\ec3db067-7c31-4164-bd62-9191ffb6eaa2\CLTBUILD23&gt;set EnvironmentFilePath=c:\agt6\_work\6\a\api\environment\regapiautomation\testdata\fisap-datacorrection\prereq\..\..\..\RegApiAutoEnvironment.postman_environment.json &#xD;
&#xD;
C:\Agt6\_work\_temp\TestResults\c2kbuild_CLTBUILD23 2021-04-12 08_12_36\In\ec3db067-7c31-4164-bd62-9191ffb6eaa2\CLTBUILD23&gt;set HtmlResultsFile=AwardGrantOrLoanForPackaging_Html.html &#xD;
&#xD;
C:\Agt6\_work\_temp\TestResults\c2kbuild_CLTBUILD23 2021-04-12 08_12_36\In\ec3db067-7c31-4164-bd62-9191ffb6eaa2\CLTBUILD23&gt;set JunitResultsFile=AwardGrantOrLoanForPackaging_Junit.xml &#xD;
&#xD;
C:\Agt6\_work\_temp\TestResults\c2kbuild_CLTBUILD23 2021-04-12 08_12_36\In\ec3db067-7c31-4164-bd62-9191ffb6eaa2\CLTBUILD23&gt;newman run "c:\agt6\_work\6\a\api\environment\regapiautomation\testdata\fisap-datacorrection\prereq\..\..\..\..\..\PreReq\PreReq-PostPaymentLedgerCard.postman_collection.json" -k -d "c:\agt6\_work\6\a\api\environment\regapiautomation\testdata\fisap-datacorrection\prereq\PreReq-FISAP-DataCorrection@HP-PostPaymentLedgerCard.data.json" -e "c:\agt6\_work\6\a\api\environment\regapiautomation\testdata\fisap-datacorrection\prereq\..\..\..\RegApiAutoEnvironment.postman_environment.json" -r junit,html --reporter-html-export "AwardGrantOrLoanForPackaging_Html.html" --reporter-junit-export "AwardGrantOrLoanForPackaging_Junit.xml"</StdOut>
          </Output>
          <ResultFiles>
            <ResultFile path="CLTBUILD23\AwardGrantOrLoanForPackaging_Html.html" />
            <ResultFile path="CLTBUILD23\AwardGrantOrLoanForPackaging_Junit.xml" />
          </ResultFiles>
        </UnitTestResult>
        <UnitTestResult executionId="6aa06cc2-aa7f-4b9a-be99-4b4ff4f13308" parentExecutionId="91a4ca53-10d7-4540-9086-eb88b81d36c6" testId="69b96d07-cad0-45c9-9ea4-102e6fce2f1a" testName="6- prereq-fisap-datacorrection@hp-graduatestudentstatus-generictest (OT-06-FISAP-HP-Ineligible-20_21)" computerName="CLTBUILD23" duration="00:00:09.0508889" startTime="2021-04-12T08:42:32.1230588-04:00" endTime="2021-04-12T08:42:41.1779116-04:00" testType="13cdc9d9-ddb5-4fa4-a97d-d965ccfc6d4b" outcome="Passed" testListId="8c84fa94-04c1-424b-9868-57a2d4851a1d" relativeResultsDirectory="6aa06cc2-aa7f-4b9a-be99-4b4ff4f13308">
          <Output>
            <StdOut>C:\Agt6\_work\_temp\TestResults\c2kbuild_CLTBUILD23 2021-04-12 08_12_36\In\6aa06cc2-aa7f-4b9a-be99-4b4ff4f13308\CLTBUILD23&gt;if not defined TestLocation (set TestLocation=. ) &#xD;
&#xD;
C:\Agt6\_work\_temp\TestResults\c2kbuild_CLTBUILD23 2021-04-12 08_12_36\In\6aa06cc2-aa7f-4b9a-be99-4b4ff4f13308\CLTBUILD23&gt;set CollectionFileName=c:\agt6\_work\6\a\api\environment\regapiautomation\testdata\fisap-datacorrection\prereq\..\..\..\..\..\PreReq\PreReq-GraduateStudentStatus.postman_collection.json &#xD;
&#xD;
C:\Agt6\_work\_temp\TestResults\c2kbuild_CLTBUILD23 2021-04-12 08_12_36\In\6aa06cc2-aa7f-4b9a-be99-4b4ff4f13308\CLTBUILD23&gt;set DataFileName=c:\agt6\_work\6\a\api\environment\regapiautomation\testdata\fisap-datacorrection\prereq\PreReq-FISAP-DataCorrection@HP-GraduateStudentStatus.data.json &#xD;
&#xD;
C:\Agt6\_work\_temp\TestResults\c2kbuild_CLTBUILD23 2021-04-12 08_12_36\In\6aa06cc2-aa7f-4b9a-be99-4b4ff4f13308\CLTBUILD23&gt;set EnvironmentFilePath=c:\agt6\_work\6\a\api\environment\regapiautomation\testdata\fisap-datacorrection\prereq\..\..\..\RegApiAutoEnvironment.postman_environment.json &#xD;
&#xD;
C:\Agt6\_work\_temp\TestResults\c2kbuild_CLTBUILD23 2021-04-12 08_12_36\In\6aa06cc2-aa7f-4b9a-be99-4b4ff4f13308\CLTBUILD23&gt;set HtmlResultsFile=PreReq-FISAP-DataCorrection@HP-GraduateStudentStatus_Html.html &#xD;
&#xD;
C:\Agt6\_work\_temp\TestResults\c2kbuild_CLTBUILD23 2021-04-12 08_12_36\In\6aa06cc2-aa7f-4b9a-be99-4b4ff4f13308\CLTBUILD23&gt;set JunitResultsFile=PreReq-FISAP-DataCorrection@HP-GraduateStudentStatus_Junit.xml &#xD;
&#xD;
C:\Agt6\_work\_temp\TestResults\c2kbuild_CLTBUILD23 2021-04-12 08_12_36\In\6aa06cc2-aa7f-4b9a-be99-4b4ff4f13308\CLTBUILD23&gt;newman run "c:\agt6\_work\6\a\api\environment\regapiautomation\testdata\fisap-datacorrection\prereq\..\..\..\..\..\PreReq\PreReq-GraduateStudentStatus.postman_collection.json" -k -d "c:\agt6\_work\6\a\api\environment\regapiautomation\testdata\fisap-datacorrection\prereq\PreReq-FISAP-DataCorrection@HP-GraduateStudentStatus.data.json" -e "c:\agt6\_work\6\a\api\environment\regapiautomation\testdata\fisap-datacorrection\prereq\..\..\..\RegApiAutoEnvironment.postman_environment.json" -r junit,html --reporter-html-export "PreReq-FISAP-DataCorrection@HP-GraduateStudentStatus_Html.html" --reporter-junit-export "PreReq-FISAP-DataCorrection@HP-GraduateStudentStatus_Junit.xml"</StdOut>
          </Output>
          <ResultFiles>
            <ResultFile path="CLTBUILD23\PreReq-FISAP-DataCorrection@HP-GraduateStudentStatus_Html.html" />
            <ResultFile path="CLTBUILD23\PreReq-FISAP-DataCorrection@HP-GraduateStudentStatus_Junit.xml" />
          </ResultFiles>
        </UnitTestResult>
        <UnitTestResult executionId="aed7ea44-83e4-4875-a5b1-da6ef5baf074" parentExecutionId="91a4ca53-10d7-4540-9086-eb88b81d36c6" testId="b2e335c0-fa7a-42c3-bf4f-8453470e5c55" testName="7- fisap-datacorrection@hp-ineligible-generictest (OT-06-FISAP-HP-Ineligible-20_21)" computerName="CLTBUILD23" duration="00:00:09.7106897" startTime="2021-04-12T08:42:41.1789154-04:00" endTime="2021-04-12T08:42:50.8927763-04:00" testType="13cdc9d9-ddb5-4fa4-a97d-d965ccfc6d4b" outcome="Passed" testListId="8c84fa94-04c1-424b-9868-57a2d4851a1d" relativeResultsDirectory="aed7ea44-83e4-4875-a5b1-da6ef5baf074">
          <Output>
            <StdOut>C:\Agt6\_work\_temp\TestResults\c2kbuild_CLTBUILD23 2021-04-12 08_12_36\In\aed7ea44-83e4-4875-a5b1-da6ef5baf074\CLTBUILD23&gt;if not defined TestLocation (set TestLocation=. ) &#xD;
&#xD;
C:\Agt6\_work\_temp\TestResults\c2kbuild_CLTBUILD23 2021-04-12 08_12_36\In\aed7ea44-83e4-4875-a5b1-da6ef5baf074\CLTBUILD23&gt;set CollectionFileName=c:\agt6\_work\6\a\api\environment\regapiautomation\testdata\fisap-datacorrection\..\..\..\..\Tests\FISAP-DataCorrection\FISAP-DataCorrection@HP-Ineligible.postman_collection.json &#xD;
&#xD;
C:\Agt6\_work\_temp\TestResults\c2kbuild_CLTBUILD23 2021-04-12 08_12_36\In\aed7ea44-83e4-4875-a5b1-da6ef5baf074\CLTBUILD23&gt;set DataFileName=c:\agt6\_work\6\a\api\environment\regapiautomation\testdata\fisap-datacorrection\FISAP-DataCorrection@HP-Ineligible.data.json &#xD;
&#xD;
C:\Agt6\_work\_temp\TestResults\c2kbuild_CLTBUILD23 2021-04-12 08_12_36\In\aed7ea44-83e4-4875-a5b1-da6ef5baf074\CLTBUILD23&gt;set EnvironmentFilePath=c:\agt6\_work\6\a\api\environment\regapiautomation\testdata\fisap-datacorrection\..\..\RegApiAutoEnvironment.postman_environment.json &#xD;
&#xD;
C:\Agt6\_work\_temp\TestResults\c2kbuild_CLTBUILD23 2021-04-12 08_12_36\In\aed7ea44-83e4-4875-a5b1-da6ef5baf074\CLTBUILD23&gt;set HtmlResultsFile=FISAP-DataCorrection@HP-Ineligible-Html.html &#xD;
&#xD;
C:\Agt6\_work\_temp\TestResults\c2kbuild_CLTBUILD23 2021-04-12 08_12_36\In\aed7ea44-83e4-4875-a5b1-da6ef5baf074\CLTBUILD23&gt;set JunitResultsFile=FISAP-DataCorrection@HP-Ineligible-Junit.xml &#xD;
&#xD;
C:\Agt6\_work\_temp\TestResults\c2kbuild_CLTBUILD23 2021-04-12 08_12_36\In\aed7ea44-83e4-4875-a5b1-da6ef5baf074\CLTBUILD23&gt;newman run "c:\agt6\_work\6\a\api\environment\regapiautomation\testdata\fisap-datacorrection\..\..\..\..\Tests\FISAP-DataCorrection\FISAP-DataCorrection@HP-Ineligible.postman_collection.json" -k -d "c:\agt6\_work\6\a\api\environment\regapiautomation\testdata\fisap-datacorrection\FISAP-DataCorrection@HP-Ineligible.data.json" -e "c:\agt6\_work\6\a\api\environment\regapiautomation\testdata\fisap-datacorrection\..\..\RegApiAutoEnvironment.postman_environment.json" -r junit,html --reporter-html-export "FISAP-DataCorrection@HP-Ineligible-Html.html" --reporter-junit-export "FISAP-DataCorrection@HP-Ineligible-Junit.xml"</StdOut>
          </Output>
          <ResultFiles>
            <ResultFile path="CLTBUILD23\FISAP-DataCorrection@HP-Ineligible-Html.html" />
            <ResultFile path="CLTBUILD23\FISAP-DataCorrection@HP-Ineligible-Junit.xml" />
          </ResultFiles>
        </UnitTestResult>
      </InnerResults>
    </TestResultAggregation>
    <TestResultAggregation executionId="fd999e51-b9de-4c6a-ab79-1fd20351574d" testId="90f9fec1-894c-4047-bea5-4eae7486a866" testName="OT-10N-CollegeFinancePlan-Program-Graduate-All-Print-21_22" computerName="CLTBUILD23" duration="00:00:08.1329229" startTime="2021-04-12T09:23:09.8300573-04:00" endTime="2021-04-12T09:23:17.9724833-04:00" testType="ec4800e8-40e5-4ab3-8510-b8bf29b1904d" outcome="Passed" testListId="8c84fa94-04c1-424b-9868-57a2d4851a1d" relativeResultsDirectory="fd999e51-b9de-4c6a-ab79-1fd20351574d">
      <InnerResults>
        <UnitTestResult executionId="c004d9b4-ca57-411f-9bfd-55b60925a620" parentExecutionId="fd999e51-b9de-4c6a-ab79-1fd20351574d" testId="881b9e47-fdf9-4481-98c4-d1f009f2620b" testName="1- shoppingsheets-program@graduate-all-print-21_22-generictest (OT-10N-CollegeFinancePlan-Program-Graduate-All-Print-21_22)" computerName="CLTBUILD23" duration="00:00:08.1307268" startTime="2021-04-12T09:23:09.8380549-04:00" endTime="2021-04-12T09:23:17.9684807-04:00" testType="13cdc9d9-ddb5-4fa4-a97d-d965ccfc6d4b" outcome="Passed" testListId="8c84fa94-04c1-424b-9868-57a2d4851a1d" relativeResultsDirectory="c004d9b4-ca57-411f-9bfd-55b60925a620">
          <Output>
            <StdOut>C:\Agt6\_work\_temp\TestResults\c2kbuild_CLTBUILD23 2021-04-12 08_12_36\In\c004d9b4-ca57-411f-9bfd-55b60925a620\CLTBUILD23&gt;if not defined TestLocation (set TestLocation=. ) &#xD;
&#xD;
C:\Agt6\_work\_temp\TestResults\c2kbuild_CLTBUILD23 2021-04-12 08_12_36\In\c004d9b4-ca57-411f-9bfd-55b60925a620\CLTBUILD23&gt;set CollectionFileName=c:\agt6\_work\6\a\api\environment\regapiautomation\testdata\shoppingsheets\..\..\..\..\Tests\ShoppingSheets\ShoppingSheets-Program@HP-Print-21_22.postman_collection.json &#xD;
&#xD;
C:\Agt6\_work\_temp\TestResults\c2kbuild_CLTBUILD23 2021-04-12 08_12_36\In\c004d9b4-ca57-411f-9bfd-55b60925a620\CLTBUILD23&gt;set DataFileName=c:\agt6\_work\6\a\api\environment\regapiautomation\testdata\shoppingsheets\ShoppingSheets-Program@Graduate-All-Print-21_22.data.json &#xD;
&#xD;
C:\Agt6\_work\_temp\TestResults\c2kbuild_CLTBUILD23 2021-04-12 08_12_36\In\c004d9b4-ca57-411f-9bfd-55b60925a620\CLTBUILD23&gt;set EnvironmentFilePath=c:\agt6\_work\6\a\api\environment\regapiautomation\testdata\shoppingsheets\..\..\RegApiAutoEnvironment.postman_environment.json &#xD;
&#xD;
C:\Agt6\_work\_temp\TestResults\c2kbuild_CLTBUILD23 2021-04-12 08_12_36\In\c004d9b4-ca57-411f-9bfd-55b60925a620\CLTBUILD23&gt;set HtmlResultsFile=ShoppingSheets-Program@Graduate-All-Print-21_22_Html.html &#xD;
&#xD;
C:\Agt6\_work\_temp\TestResults\c2kbuild_CLTBUILD23 2021-04-12 08_12_36\In\c004d9b4-ca57-411f-9bfd-55b60925a620\CLTBUILD23&gt;set JunitResultsFile=ShoppingSheets-Program@Graduate-All-Print-21_22_Junit.xml &#xD;
&#xD;
C:\Agt6\_work\_temp\TestResults\c2kbuild_CLTBUILD23 2021-04-12 08_12_36\In\c004d9b4-ca57-411f-9bfd-55b60925a620\CLTBUILD23&gt;newman run "c:\agt6\_work\6\a\api\environment\regapiautomation\testdata\shoppingsheets\..\..\..\..\Tests\ShoppingSheets\ShoppingSheets-Program@HP-Print-21_22.postman_collection.json" -d "c:\agt6\_work\6\a\api\environment\regapiautomation\testdata\shoppingsheets\ShoppingSheets-Program@Graduate-All-Print-21_22.data.json" -e "c:\agt6\_work\6\a\api\environment\regapiautomation\testdata\shoppingsheets\..\..\RegApiAutoEnvironment.postman_environment.json" -k -r junit,html --reporter-html-export "ShoppingSheets-Program@Graduate-All-Print-21_22_Html.html" --reporter-junit-export "ShoppingSheets-Program@Graduate-All-Print-21_22_Junit.xml"</StdOut>
          </Output>
          <ResultFiles>
            <ResultFile path="CLTBUILD23\ShoppingSheets-Program@Graduate-All-Print-21_22_Html.html" />
            <ResultFile path="CLTBUILD23\ShoppingSheets-Program@Graduate-All-Print-21_22_Junit.xml" />
          </ResultFiles>
        </UnitTestResult>
      </InnerResults>
    </TestResultAggregation>
    <TestResultAggregation executionId="4ff42948-cea1-4315-ab09-f05635d83582" testId="f407b2bc-f210-477d-a0f9-0cbd27fd4b46" testName="OT-10R-CollegeFinancePlan-Student-Saved-Grad-All-21_22" computerName="CLTBUILD23" duration="00:01:20.9941871" startTime="2021-04-12T09:24:52.9850038-04:00" endTime="2021-04-12T09:26:13.9722789-04:00" testType="ec4800e8-40e5-4ab3-8510-b8bf29b1904d" outcome="Passed" testListId="8c84fa94-04c1-424b-9868-57a2d4851a1d" relativeResultsDirectory="4ff42948-cea1-4315-ab09-f05635d83582">
      <InnerResults>
        <UnitTestResult executionId="b4200d36-acb6-4b80-bad4-5a4d4fd22e16" parentExecutionId="4ff42948-cea1-4315-ab09-f05635d83582" testId="c4ce48df-bba4-4f47-b69d-ee33d1981eb3" testName="1- prereq-collegefinanceplan-student@saved-grad-all-21_22-createstudent-generictest (OT-10R-CollegeFinancePlan-Student-Saved-Grad-All-21_22)" computerName="CLTBUILD23" duration="00:00:07.9134778" startTime="2021-04-12T09:24:52.9880085-04:00" endTime="2021-04-12T09:25:00.9024463-04:00" testType="13cdc9d9-ddb5-4fa4-a97d-d965ccfc6d4b" outcome="Passed" testListId="8c84fa94-04c1-424b-9868-57a2d4851a1d" relativeResultsDirectory="b4200d36-acb6-4b80-bad4-5a4d4fd22e16">
          <Output>
            <StdOut>C:\Agt6\_work\_temp\TestResults\c2kbuild_CLTBUILD23 2021-04-12 08_12_36\In\b4200d36-acb6-4b80-bad4-5a4d4fd22e16\CLTBUILD23&gt;if not defined TestLocation (set TestLocation=. ) &#xD;
&#xD;
C:\Agt6\_work\_temp\TestResults\c2kbuild_CLTBUILD23 2021-04-12 08_12_36\In\b4200d36-acb6-4b80-bad4-5a4d4fd22e16\CLTBUILD23&gt;set CollectionFileName=c:\agt6\_work\6\a\api\environment\regapiautomation\testdata\shoppingsheets\prereq-student-saved-grad-all-21_22\..\..\..\..\..\PreReq\PreReq-CreateStudent.postman_collection.json &#xD;
&#xD;
C:\Agt6\_work\_temp\TestResults\c2kbuild_CLTBUILD23 2021-04-12 08_12_36\In\b4200d36-acb6-4b80-bad4-5a4d4fd22e16\CLTBUILD23&gt;set DataFileName=c:\agt6\_work\6\a\api\environment\regapiautomation\testdata\shoppingsheets\prereq-student-saved-grad-all-21_22\PreReq-CollegeFinancePlan-Student@Saved-Grad-All-21_22-CreateStudent.data.csv &#xD;
&#xD;
C:\Agt6\_work\_temp\TestResults\c2kbuild_CLTBUILD23 2021-04-12 08_12_36\In\b4200d36-acb6-4b80-bad4-5a4d4fd22e16\CLTBUILD23&gt;set EnvironmentFilePath=c:\agt6\_work\6\a\api\environment\regapiautomation\testdata\shoppingsheets\prereq-student-saved-grad-all-21_22\..\..\..\RegApiAutoEnvironment.postman_environment.json &#xD;
&#xD;
C:\Agt6\_work\_temp\TestResults\c2kbuild_CLTBUILD23 2021-04-12 08_12_36\In\b4200d36-acb6-4b80-bad4-5a4d4fd22e16\CLTBUILD23&gt;set HtmlResultsFile=CreateStudent_Html.html &#xD;
&#xD;
C:\Agt6\_work\_temp\TestResults\c2kbuild_CLTBUILD23 2021-04-12 08_12_36\In\b4200d36-acb6-4b80-bad4-5a4d4fd22e16\CLTBUILD23&gt;set JunitResultsFile=CreateStudent_Junit.xml &#xD;
&#xD;
C:\Agt6\_work\_temp\TestResults\c2kbuild_CLTBUILD23 2021-04-12 08_12_36\In\b4200d36-acb6-4b80-bad4-5a4d4fd22e16\CLTBUILD23&gt;newman run "c:\agt6\_work\6\a\api\environment\regapiautomation\testdata\shoppingsheets\prereq-student-saved-grad-all-21_22\..\..\..\..\..\PreReq\PreReq-CreateStudent.postman_collection.json" -k -d "c:\agt6\_work\6\a\api\environment\regapiautomation\testdata\shoppingsheets\prereq-student-saved-grad-all-21_22\PreReq-CollegeFinancePlan-Student@Saved-Grad-All-21_22-CreateStudent.data.csv" -e "c:\agt6\_work\6\a\api\environment\regapiautomation\testdata\shoppingsheets\prereq-student-saved-grad-all-21_22\..\..\..\RegApiAutoEnvironment.postman_environment.json" -r junit,html --reporter-html-export "CreateStudent_Html.html" --reporter-junit-export "CreateStudent_Junit.xml"</StdOut>
          </Output>
          <ResultFiles>
            <ResultFile path="CLTBUILD23\CreateStudent_Html.html" />
            <ResultFile path="CLTBUILD23\CreateStudent_Junit.xml" />
          </ResultFiles>
        </UnitTestResult>
        <UnitTestResult executionId="4efa6448-97fc-4ac3-a812-6f248681f9c7" parentExecutionId="4ff42948-cea1-4315-ab09-f05635d83582" testId="6d5c09d2-046f-4dae-8858-41fa0be1c3de" testName="2- prereq-collegefinanceplan-student@saved-grad-all-21_22-importisir-generictest (OT-10R-CollegeFinancePlan-Student-Saved-Grad-All-21_22)" computerName="CLTBUILD23" duration="00:00:08.8426325" startTime="2021-04-12T09:25:00.9034460-04:00" endTime="2021-04-12T09:25:09.7488235-04:00" testType="13cdc9d9-ddb5-4fa4-a97d-d965ccfc6d4b" outcome="Passed" testListId="8c84fa94-04c1-424b-9868-57a2d4851a1d" relativeResultsDirectory="4efa6448-97fc-4ac3-a812-6f248681f9c7">
          <Output>
            <StdOut>C:\Agt6\_work\_temp\TestResults\c2kbuild_CLTBUILD23 2021-04-12 08_12_36\In\4efa6448-97fc-4ac3-a812-6f248681f9c7\CLTBUILD23&gt;if not defined TestLocation (set TestLocation=. ) &#xD;
&#xD;
C:\Agt6\_work\_temp\TestResults\c2kbuild_CLTBUILD23 2021-04-12 08_12_36\In\4efa6448-97fc-4ac3-a812-6f248681f9c7\CLTBUILD23&gt;set CollectionFileName=c:\agt6\_work\6\a\api\environment\regapiautomation\testdata\shoppingsheets\prereq-student-saved-grad-all-21_22\..\..\..\..\..\PreReq\PreReq-ImportISIR.postman_collection.json &#xD;
&#xD;
C:\Agt6\_work\_temp\TestResults\c2kbuild_CLTBUILD23 2021-04-12 08_12_36\In\4efa6448-97fc-4ac3-a812-6f248681f9c7\CLTBUILD23&gt;set DataFileName=c:\agt6\_work\6\a\api\environment\regapiautomation\testdata\shoppingsheets\prereq-student-saved-grad-all-21_22\PreReq-CollegeFinancePlan-Student@Saved-Grad-All-21_22-ImportISIR.data.json &#xD;
&#xD;
C:\Agt6\_work\_temp\TestResults\c2kbuild_CLTBUILD23 2021-04-12 08_12_36\In\4efa6448-97fc-4ac3-a812-6f248681f9c7\CLTBUILD23&gt;set EnvironmentFilePath=c:\agt6\_work\6\a\api\environment\regapiautomation\testdata\shoppingsheets\prereq-student-saved-grad-all-21_22\..\..\..\RegApiAutoEnvironment.postman_environment.json &#xD;
&#xD;
C:\Agt6\_work\_temp\TestResults\c2kbuild_CLTBUILD23 2021-04-12 08_12_36\In\4efa6448-97fc-4ac3-a812-6f248681f9c7\CLTBUILD23&gt;set HtmlResultsFile=ImportISIR_Html.html &#xD;
&#xD;
C:\Agt6\_work\_temp\TestResults\c2kbuild_CLTBUILD23 2021-04-12 08_12_36\In\4efa6448-97fc-4ac3-a812-6f248681f9c7\CLTBUILD23&gt;set JunitResultsFile=ImportISIR_Junit.xml &#xD;
&#xD;
C:\Agt6\_work\_temp\TestResults\c2kbuild_CLTBUILD23 2021-04-12 08_12_36\In\4efa6448-97fc-4ac3-a812-6f248681f9c7\CLTBUILD23&gt;newman run "c:\agt6\_work\6\a\api\environment\regapiautomation\testdata\shoppingsheets\prereq-student-saved-grad-all-21_22\..\..\..\..\..\PreReq\PreReq-ImportISIR.postman_collection.json" -k -d "c:\agt6\_work\6\a\api\environment\regapiautomation\testdata\shoppingsheets\prereq-student-saved-grad-all-21_22\PreReq-CollegeFinancePlan-Student@Saved-Grad-All-21_22-ImportISIR.data.json" -e "c:\agt6\_work\6\a\api\environment\regapiautomation\testdata\shoppingsheets\prereq-student-saved-grad-all-21_22\..\..\..\RegApiAutoEnvironment.postman_environment.json" -r junit,html --reporter-html-export "ImportISIR_Html.html" --reporter-junit-export "ImportISIR_Junit.xml"</StdOut>
          </Output>
          <ResultFiles>
            <ResultFile path="CLTBUILD23\ImportISIR_Html.html" />
            <ResultFile path="CLTBUILD23\ImportISIR_Junit.xml" />
          </ResultFiles>
        </UnitTestResult>
        <UnitTestResult executionId="53a8df73-a7e0-41a7-be29-41883ed73a80" parentExecutionId="4ff42948-cea1-4315-ab09-f05635d83582" testId="fa0959fe-e713-4e38-aad8-1fb3aa0e25fd" testName="3- prereq-collegefinanceplan-student@saved-grad-all-21_22-enrollstudent-generictest (OT-10R-CollegeFinancePlan-Student-Saved-Grad-All-21_22)" computerName="CLTBUILD23" duration="00:00:10.3185654" startTime="2021-04-12T09:25:09.7488235-04:00" endTime="2021-04-12T09:25:20.0680907-04:00" testType="13cdc9d9-ddb5-4fa4-a97d-d965ccfc6d4b" outcome="Passed" testListId="8c84fa94-04c1-424b-9868-57a2d4851a1d" relativeResultsDirectory="53a8df73-a7e0-41a7-be29-41883ed73a80">
          <Output>
            <StdOut>C:\Agt6\_work\_temp\TestResults\c2kbuild_CLTBUILD23 2021-04-12 08_12_36\In\53a8df73-a7e0-41a7-be29-41883ed73a80\CLTBUILD23&gt;if not defined TestLocation (set TestLocation=. ) &#xD;
&#xD;
C:\Agt6\_work\_temp\TestResults\c2kbuild_CLTBUILD23 2021-04-12 08_12_36\In\53a8df73-a7e0-41a7-be29-41883ed73a80\CLTBUILD23&gt;set CollectionFileName=c:\agt6\_work\6\a\api\environment\regapiautomation\testdata\shoppingsheets\prereq-student-saved-grad-all-21_22\..\..\..\..\..\PreReq\PreReq-EnrollStudent.postman_collection.json &#xD;
&#xD;
C:\Agt6\_work\_temp\TestResults\c2kbuild_CLTBUILD23 2021-04-12 08_12_36\In\53a8df73-a7e0-41a7-be29-41883ed73a80\CLTBUILD23&gt;set DataFileName=c:\agt6\_work\6\a\api\environment\regapiautomation\testdata\shoppingsheets\prereq-student-saved-grad-all-21_22\PreReq-CollegeFinancePlan-Student@Saved-Grad-All-21_22-EnrollStudent.data.csv &#xD;
&#xD;
C:\Agt6\_work\_temp\TestResults\c2kbuild_CLTBUILD23 2021-04-12 08_12_36\In\53a8df73-a7e0-41a7-be29-41883ed73a80\CLTBUILD23&gt;set EnvironmentFilePath=c:\agt6\_work\6\a\api\environment\regapiautomation\testdata\shoppingsheets\prereq-student-saved-grad-all-21_22\..\..\..\RegApiAutoEnvironment.postman_environment.json &#xD;
&#xD;
C:\Agt6\_work\_temp\TestResults\c2kbuild_CLTBUILD23 2021-04-12 08_12_36\In\53a8df73-a7e0-41a7-be29-41883ed73a80\CLTBUILD23&gt;set HtmlResultsFile=EnrollStudent_Html.html &#xD;
&#xD;
C:\Agt6\_work\_temp\TestResults\c2kbuild_CLTBUILD23 2021-04-12 08_12_36\In\53a8df73-a7e0-41a7-be29-41883ed73a80\CLTBUILD23&gt;set JunitResultsFile=EnrollStudent_Junit.xml &#xD;
&#xD;
C:\Agt6\_work\_temp\TestResults\c2kbuild_CLTBUILD23 2021-04-12 08_12_36\In\53a8df73-a7e0-41a7-be29-41883ed73a80\CLTBUILD23&gt;newman run "c:\agt6\_work\6\a\api\environment\regapiautomation\testdata\shoppingsheets\prereq-student-saved-grad-all-21_22\..\..\..\..\..\PreReq\PreReq-EnrollStudent.postman_collection.json" -k -d "c:\agt6\_work\6\a\api\environment\regapiautomation\testdata\shoppingsheets\prereq-student-saved-grad-all-21_22\PreReq-CollegeFinancePlan-Student@Saved-Grad-All-21_22-EnrollStudent.data.csv" -e "c:\agt6\_work\6\a\api\environment\regapiautomation\testdata\shoppingsheets\prereq-student-saved-grad-all-21_22\..\..\..\RegApiAutoEnvironment.postman_environment.json" -r junit,html --reporter-html-export "EnrollStudent_Html.html" --reporter-junit-export "EnrollStudent_Junit.xml"</StdOut>
          </Output>
          <ResultFiles>
            <ResultFile path="CLTBUILD23\EnrollStudent_Html.html" />
            <ResultFile path="CLTBUILD23\EnrollStudent_Junit.xml" />
          </ResultFiles>
        </UnitTestResult>
        <UnitTestResult executionId="bd173d5d-11b7-4eb5-b5e7-72d1d7a1994e" parentExecutionId="4ff42948-cea1-4315-ab09-f05635d83582" testId="e1204454-f111-420f-9994-8229d7f3a43f" testName="4- prereq-collegefinanceplan-student@saved-grad-all-21_22-updatebudgetforacademicyearforpackaging-generictest (OT-10R-CollegeFinancePlan-Student-Saved-Grad-All-21_22)" computerName="CLTBUILD23" duration="00:00:08.0866625" startTime="2021-04-12T09:25:20.0720916-04:00" endTime="2021-04-12T09:25:28.1595203-04:00" testType="13cdc9d9-ddb5-4fa4-a97d-d965ccfc6d4b" outcome="Passed" testListId="8c84fa94-04c1-424b-9868-57a2d4851a1d" relativeResultsDirectory="bd173d5d-11b7-4eb5-b5e7-72d1d7a1994e">
          <Output>
            <StdOut>C:\Agt6\_work\_temp\TestResults\c2kbuild_CLTBUILD23 2021-04-12 08_12_36\In\bd173d5d-11b7-4eb5-b5e7-72d1d7a1994e\CLTBUILD23&gt;if not defined TestLocation (set TestLocation=. ) &#xD;
&#xD;
C:\Agt6\_work\_temp\TestResults\c2kbuild_CLTBUILD23 2021-04-12 08_12_36\In\bd173d5d-11b7-4eb5-b5e7-72d1d7a1994e\CLTBUILD23&gt;set CollectionFileName=c:\agt6\_work\6\a\api\environment\regapiautomation\testdata\shoppingsheets\prereq-student-saved-grad-all-21_22\..\..\..\..\..\PreReq\PreReq-UpdateBudgetForAcademicYearForPackaging.postman_collection.json &#xD;
&#xD;
C:\Agt6\_work\_temp\TestResults\c2kbuild_CLTBUILD23 2021-04-12 08_12_36\In\bd173d5d-11b7-4eb5-b5e7-72d1d7a1994e\CLTBUILD23&gt;set DataFileName=c:\agt6\_work\6\a\api\environment\regapiautomation\testdata\shoppingsheets\prereq-student-saved-grad-all-21_22\PreReq-CollegeFinancePlan-Student@Saved-Grad-All-21_22-UpdateBudgetForAcademicYearForPackaging.data.csv &#xD;
&#xD;
C:\Agt6\_work\_temp\TestResults\c2kbuild_CLTBUILD23 2021-04-12 08_12_36\In\bd173d5d-11b7-4eb5-b5e7-72d1d7a1994e\CLTBUILD23&gt;set EnvironmentFilePath=c:\agt6\_work\6\a\api\environment\regapiautomation\testdata\shoppingsheets\prereq-student-saved-grad-all-21_22\..\..\..\RegApiAutoEnvironment.postman_environment.json &#xD;
&#xD;
C:\Agt6\_work\_temp\TestResults\c2kbuild_CLTBUILD23 2021-04-12 08_12_36\In\bd173d5d-11b7-4eb5-b5e7-72d1d7a1994e\CLTBUILD23&gt;set HtmlResultsFile=UpdateBudgetForAcademicYearForPackaging_Html.html &#xD;
&#xD;
C:\Agt6\_work\_temp\TestResults\c2kbuild_CLTBUILD23 2021-04-12 08_12_36\In\bd173d5d-11b7-4eb5-b5e7-72d1d7a1994e\CLTBUILD23&gt;set JunitResultsFile=UpdateBudgetForAcademicYearForPackaging_Junit.xml &#xD;
&#xD;
C:\Agt6\_work\_temp\TestResults\c2kbuild_CLTBUILD23 2021-04-12 08_12_36\In\bd173d5d-11b7-4eb5-b5e7-72d1d7a1994e\CLTBUILD23&gt;newman run "c:\agt6\_work\6\a\api\environment\regapiautomation\testdata\shoppingsheets\prereq-student-saved-grad-all-21_22\..\..\..\..\..\PreReq\PreReq-UpdateBudgetForAcademicYearForPackaging.postman_collection.json" -k -d "c:\agt6\_work\6\a\api\environment\regapiautomation\testdata\shoppingsheets\prereq-student-saved-grad-all-21_22\PreReq-CollegeFinancePlan-Student@Saved-Grad-All-21_22-UpdateBudgetForAcademicYearForPackaging.data.csv" -e "c:\agt6\_work\6\a\api\environment\regapiautomation\testdata\shoppingsheets\prereq-student-saved-grad-all-21_22\..\..\..\RegApiAutoEnvironment.postman_environment.json" -r junit,html --reporter-html-export "UpdateBudgetForAcademicYearForPackaging_Html.html" --reporter-junit-export "UpdateBudgetForAcademicYearForPackaging_Junit.xml"</StdOut>
          </Output>
          <ResultFiles>
            <ResultFile path="CLTBUILD23\UpdateBudgetForAcademicYearForPackaging_Html.html" />
            <ResultFile path="CLTBUILD23\UpdateBudgetForAcademicYearForPackaging_Junit.xml" />
          </ResultFiles>
        </UnitTestResult>
        <UnitTestResult executionId="11c71a57-434b-4e47-a951-ce719e62990f" parentExecutionId="4ff42948-cea1-4315-ab09-f05635d83582" testId="c958152b-26ac-4f4b-9276-5d8e2d52bf83" testName="5- prereq-collegefinanceplan-student@saved-grad-all-21_22-awardgrantorloanforpackaging-generictest (OT-10R-CollegeFinancePlan-Student-Saved-Grad-All-21_22)" computerName="CLTBUILD23" duration="00:00:14.5368021" startTime="2021-04-12T09:25:28.1655200-04:00" endTime="2021-04-12T09:25:42.7024870-04:00" testType="13cdc9d9-ddb5-4fa4-a97d-d965ccfc6d4b" outcome="Passed" testListId="8c84fa94-04c1-424b-9868-57a2d4851a1d" relativeResultsDirectory="11c71a57-434b-4e47-a951-ce719e62990f">
          <Output>
            <StdOut>C:\Agt6\_work\_temp\TestResults\c2kbuild_CLTBUILD23 2021-04-12 08_12_36\In\11c71a57-434b-4e47-a951-ce719e62990f\CLTBUILD23&gt;if not defined TestLocation (set TestLocation=. ) &#xD;
&#xD;
C:\Agt6\_work\_temp\TestResults\c2kbuild_CLTBUILD23 2021-04-12 08_12_36\In\11c71a57-434b-4e47-a951-ce719e62990f\CLTBUILD23&gt;set CollectionFileName=c:\agt6\_work\6\a\api\environment\regapiautomation\testdata\shoppingsheets\prereq-student-saved-grad-all-21_22\..\..\..\..\..\PreReq\PreReq-AwardGrantorLoanForPackaging.postman_collection.json &#xD;
&#xD;
C:\Agt6\_work\_temp\TestResults\c2kbuild_CLTBUILD23 2021-04-12 08_12_36\In\11c71a57-434b-4e47-a951-ce719e62990f\CLTBUILD23&gt;set DataFileName=c:\agt6\_work\6\a\api\environment\regapiautomation\testdata\shoppingsheets\prereq-student-saved-grad-all-21_22\PreReq-CollegeFinancePlan-Student@Saved-Grad-All-21_22-AwardGrantorLoanForPackaging.data.csv &#xD;
&#xD;
C:\Agt6\_work\_temp\TestResults\c2kbuild_CLTBUILD23 2021-04-12 08_12_36\In\11c71a57-434b-4e47-a951-ce719e62990f\CLTBUILD23&gt;set EnvironmentFilePath=c:\agt6\_work\6\a\api\environment\regapiautomation\testdata\shoppingsheets\prereq-student-saved-grad-all-21_22\..\..\..\RegApiAutoEnvironment.postman_environment.json &#xD;
&#xD;
C:\Agt6\_work\_temp\TestResults\c2kbuild_CLTBUILD23 2021-04-12 08_12_36\In\11c71a57-434b-4e47-a951-ce719e62990f\CLTBUILD23&gt;set HtmlResultsFile=AwardGrantorLoanForPackaging_Html.html &#xD;
&#xD;
C:\Agt6\_work\_temp\TestResults\c2kbuild_CLTBUILD23 2021-04-12 08_12_36\In\11c71a57-434b-4e47-a951-ce719e62990f\CLTBUILD23&gt;set JunitResultsFile=AwardGrantorLoanForPackaging_Junit.xml &#xD;
&#xD;
C:\Agt6\_work\_temp\TestResults\c2kbuild_CLTBUILD23 2021-04-12 08_12_36\In\11c71a57-434b-4e47-a951-ce719e62990f\CLTBUILD23&gt;newman run "c:\agt6\_work\6\a\api\environment\regapiautomation\testdata\shoppingsheets\prereq-student-saved-grad-all-21_22\..\..\..\..\..\PreReq\PreReq-AwardGrantorLoanForPackaging.postman_collection.json" -d "c:\agt6\_work\6\a\api\environment\regapiautomation\testdata\shoppingsheets\prereq-student-saved-grad-all-21_22\PreReq-CollegeFinancePlan-Student@Saved-Grad-All-21_22-AwardGrantorLoanForPackaging.data.csv" -e "c:\agt6\_work\6\a\api\environment\regapiautomation\testdata\shoppingsheets\prereq-student-saved-grad-all-21_22\..\..\..\RegApiAutoEnvironment.postman_environment.json" -k -r junit,html --reporter-html-export "AwardGrantorLoanForPackaging_Html.html" --reporter-junit-export "AwardGrantorLoanForPackaging_Junit.xml"</StdOut>
          </Output>
          <ResultFiles>
            <ResultFile path="CLTBUILD23\AwardGrantorLoanForPackaging_Html.html" />
            <ResultFile path="CLTBUILD23\AwardGrantorLoanForPackaging_Junit.xml" />
          </ResultFiles>
        </UnitTestResult>
        <UnitTestResult executionId="e2c1d7b7-0484-47af-9ce7-0fc0a6b9550f" parentExecutionId="4ff42948-cea1-4315-ab09-f05635d83582" testId="139e63b3-2051-4895-a8f4-3f57b30db4ee" testName="6- prereq-collegefinanceplan-student@saved-grad-all-21_22-awardloanforpackaging-generictest (OT-10R-CollegeFinancePlan-Student-Saved-Grad-All-21_22)" computerName="CLTBUILD23" duration="00:00:15.3560787" startTime="2021-04-12T09:25:42.7024870-04:00" endTime="2021-04-12T09:25:58.0644010-04:00" testType="13cdc9d9-ddb5-4fa4-a97d-d965ccfc6d4b" outcome="Passed" testListId="8c84fa94-04c1-424b-9868-57a2d4851a1d" relativeResultsDirectory="e2c1d7b7-0484-47af-9ce7-0fc0a6b9550f">
          <Output>
            <StdOut>C:\Agt6\_work\_temp\TestResults\c2kbuild_CLTBUILD23 2021-04-12 08_12_36\In\e2c1d7b7-0484-47af-9ce7-0fc0a6b9550f\CLTBUILD23&gt;if not defined TestLocation (set TestLocation=. ) &#xD;
&#xD;
C:\Agt6\_work\_temp\TestResults\c2kbuild_CLTBUILD23 2021-04-12 08_12_36\In\e2c1d7b7-0484-47af-9ce7-0fc0a6b9550f\CLTBUILD23&gt;set CollectionFileName=c:\agt6\_work\6\a\api\environment\regapiautomation\testdata\shoppingsheets\prereq-student-saved-grad-all-21_22\..\..\..\..\..\PreReq\PreReq-AwardLoanForPackaging.postman_collection.json &#xD;
&#xD;
C:\Agt6\_work\_temp\TestResults\c2kbuild_CLTBUILD23 2021-04-12 08_12_36\In\e2c1d7b7-0484-47af-9ce7-0fc0a6b9550f\CLTBUILD23&gt;set DataFileName=c:\agt6\_work\6\a\api\environment\regapiautomation\testdata\shoppingsheets\prereq-student-saved-grad-all-21_22\PreReq-CollegeFinancePlan-Student@Saved-Grad-All-21_22-AwardLoanForPackaging.data.csv &#xD;
&#xD;
C:\Agt6\_work\_temp\TestResults\c2kbuild_CLTBUILD23 2021-04-12 08_12_36\In\e2c1d7b7-0484-47af-9ce7-0fc0a6b9550f\CLTBUILD23&gt;set EnvironmentFilePath=c:\agt6\_work\6\a\api\environment\regapiautomation\testdata\shoppingsheets\prereq-student-saved-grad-all-21_22\..\..\..\RegApiAutoEnvironment.postman_environment.json &#xD;
&#xD;
C:\Agt6\_work\_temp\TestResults\c2kbuild_CLTBUILD23 2021-04-12 08_12_36\In\e2c1d7b7-0484-47af-9ce7-0fc0a6b9550f\CLTBUILD23&gt;set HtmlResultsFile=AwardLoanForPackaging_Html.html &#xD;
&#xD;
C:\Agt6\_work\_temp\TestResults\c2kbuild_CLTBUILD23 2021-04-12 08_12_36\In\e2c1d7b7-0484-47af-9ce7-0fc0a6b9550f\CLTBUILD23&gt;set JunitResultsFile=AwardLoanForPackaging_Junit.xml &#xD;
&#xD;
C:\Agt6\_work\_temp\TestResults\c2kbuild_CLTBUILD23 2021-04-12 08_12_36\In\e2c1d7b7-0484-47af-9ce7-0fc0a6b9550f\CLTBUILD23&gt;newman run "c:\agt6\_work\6\a\api\environment\regapiautomation\testdata\shoppingsheets\prereq-student-saved-grad-all-21_22\..\..\..\..\..\PreReq\PreReq-AwardLoanForPackaging.postman_collection.json" -d "c:\agt6\_work\6\a\api\environment\regapiautomation\testdata\shoppingsheets\prereq-student-saved-grad-all-21_22\PreReq-CollegeFinancePlan-Student@Saved-Grad-All-21_22-AwardLoanForPackaging.data.csv" -e "c:\agt6\_work\6\a\api\environment\regapiautomation\testdata\shoppingsheets\prereq-student-saved-grad-all-21_22\..\..\..\RegApiAutoEnvironment.postman_environment.json" -k -r junit,html --reporter-html-export "AwardLoanForPackaging_Html.html" --reporter-junit-export "AwardLoanForPackaging_Junit.xml"</StdOut>
          </Output>
          <ResultFiles>
            <ResultFile path="CLTBUILD23\AwardLoanForPackaging_Html.html" />
            <ResultFile path="CLTBUILD23\AwardLoanForPackaging_Junit.xml" />
          </ResultFiles>
        </UnitTestResult>
        <UnitTestResult executionId="52a75829-7a53-4492-ab72-73be0c328368" parentExecutionId="4ff42948-cea1-4315-ab09-f05635d83582" testId="8f501d3f-8637-4717-bfac-d9852c9f5475" testName="7- collegefinanceplan-student@saved-grad-all-21_22-generictest (OT-10R-CollegeFinancePlan-Student-Saved-Grad-All-21_22)" computerName="CLTBUILD23" duration="00:00:15.9048841" startTime="2021-04-12T09:25:58.0644010-04:00" endTime="2021-04-12T09:26:13.9702800-04:00" testType="13cdc9d9-ddb5-4fa4-a97d-d965ccfc6d4b" outcome="Passed" testListId="8c84fa94-04c1-424b-9868-57a2d4851a1d" relativeResultsDirectory="52a75829-7a53-4492-ab72-73be0c328368">
          <Output>
            <StdOut>C:\Agt6\_work\_temp\TestResults\c2kbuild_CLTBUILD23 2021-04-12 08_12_36\In\52a75829-7a53-4492-ab72-73be0c328368\CLTBUILD23&gt;if not defined TestLocation (set TestLocation=. ) &#xD;
&#xD;
C:\Agt6\_work\_temp\TestResults\c2kbuild_CLTBUILD23 2021-04-12 08_12_36\In\52a75829-7a53-4492-ab72-73be0c328368\CLTBUILD23&gt;set CollectionFileName=c:\agt6\_work\6\a\api\environment\regapiautomation\testdata\shoppingsheets\..\..\..\..\Tests\ShoppingSheets\ShoppingSheets-Student@HP-Saved.postman_collection.json &#xD;
&#xD;
C:\Agt6\_work\_temp\TestResults\c2kbuild_CLTBUILD23 2021-04-12 08_12_36\In\52a75829-7a53-4492-ab72-73be0c328368\CLTBUILD23&gt;set DataFileName=c:\agt6\_work\6\a\api\environment\regapiautomation\testdata\shoppingsheets\CollegeFinancePlan-Student@Saved-Grad-All-21_22.data.json &#xD;
&#xD;
C:\Agt6\_work\_temp\TestResults\c2kbuild_CLTBUILD23 2021-04-12 08_12_36\In\52a75829-7a53-4492-ab72-73be0c328368\CLTBUILD23&gt;set EnvironmentFilePath=c:\agt6\_work\6\a\api\environment\regapiautomation\testdata\shoppingsheets\..\..\RegApiAutoEnvironment.postman_environment.json &#xD;
&#xD;
C:\Agt6\_work\_temp\TestResults\c2kbuild_CLTBUILD23 2021-04-12 08_12_36\In\52a75829-7a53-4492-ab72-73be0c328368\CLTBUILD23&gt;set HtmlResultsFile=CollegeFinancePlan-Student@HP-Saved-21_22_Html.html &#xD;
&#xD;
C:\Agt6\_work\_temp\TestResults\c2kbuild_CLTBUILD23 2021-04-12 08_12_36\In\52a75829-7a53-4492-ab72-73be0c328368\CLTBUILD23&gt;set JunitResultsFile=CollegeFinancePlan-Student@HP-Saved-21_22_Junit.xml &#xD;
&#xD;
C:\Agt6\_work\_temp\TestResults\c2kbuild_CLTBUILD23 2021-04-12 08_12_36\In\52a75829-7a53-4492-ab72-73be0c328368\CLTBUILD23&gt;newman run "c:\agt6\_work\6\a\api\environment\regapiautomation\testdata\shoppingsheets\..\..\..\..\Tests\ShoppingSheets\ShoppingSheets-Student@HP-Saved.postman_collection.json" -k -d "c:\agt6\_work\6\a\api\environment\regapiautomation\testdata\shoppingsheets\CollegeFinancePlan-Student@Saved-Grad-All-21_22.data.json" -e "c:\agt6\_work\6\a\api\environment\regapiautomation\testdata\shoppingsheets\..\..\RegApiAutoEnvironment.postman_environment.json" -r junit,html --reporter-html-export "CollegeFinancePlan-Student@HP-Saved-21_22_Html.html" --reporter-junit-export "CollegeFinancePlan-Student@HP-Saved-21_22_Junit.xml"</StdOut>
          </Output>
          <ResultFiles>
            <ResultFile path="CLTBUILD23\CollegeFinancePlan-Student@HP-Saved-21_22_Html.html" />
            <ResultFile path="CLTBUILD23\CollegeFinancePlan-Student@HP-Saved-21_22_Junit.xml" />
          </ResultFiles>
        </UnitTestResult>
      </InnerResults>
    </TestResultAggregation>
    <TestResultAggregation executionId="87652423-fe9f-4484-a86f-fd7dd6794389" testId="49486da9-02b1-45c5-910d-a983d1a5e095" testName="OT-06O-FISAP-DependentGrad-20_21" computerName="CLTBUILD23" duration="00:00:51.2436016" startTime="2021-04-12T08:55:59.2967771-04:00" endTime="2021-04-12T08:56:50.5360526-04:00" testType="ec4800e8-40e5-4ab3-8510-b8bf29b1904d" outcome="Passed" testListId="8c84fa94-04c1-424b-9868-57a2d4851a1d" relativeResultsDirectory="87652423-fe9f-4484-a86f-fd7dd6794389">
      <InnerResults>
        <UnitTestResult executionId="04b5e28a-4ad7-40af-8d46-13fe5bdff212" parentExecutionId="87652423-fe9f-4484-a86f-fd7dd6794389" testId="0243994a-1c16-4a24-beb9-37472e8c3b40" testName="1- prereq-fisap-datacorrection@dependentgrad-20_21-createstudent-generictest (OT-06O-FISAP-DependentGrad-20_21)" computerName="CLTBUILD23" duration="00:00:08.3848562" startTime="2021-04-12T08:55:59.2987746-04:00" endTime="2021-04-12T08:56:07.6851673-04:00" testType="13cdc9d9-ddb5-4fa4-a97d-d965ccfc6d4b" outcome="Passed" testListId="8c84fa94-04c1-424b-9868-57a2d4851a1d" relativeResultsDirectory="04b5e28a-4ad7-40af-8d46-13fe5bdff212">
          <Output>
            <StdOut>C:\Agt6\_work\_temp\TestResults\c2kbuild_CLTBUILD23 2021-04-12 08_12_36\In\04b5e28a-4ad7-40af-8d46-13fe5bdff212\CLTBUILD23&gt;if not defined TestLocation (set TestLocation=. ) &#xD;
&#xD;
C:\Agt6\_work\_temp\TestResults\c2kbuild_CLTBUILD23 2021-04-12 08_12_36\In\04b5e28a-4ad7-40af-8d46-13fe5bdff212\CLTBUILD23&gt;set CollectionFileName=c:\agt6\_work\6\a\api\environment\regapiautomation\testdata\fisap-datacorrection\prereq-dependentgrad-20-21\..\..\..\..\..\PreReq\PreReq-CreateStudent.postman_collection.json &#xD;
&#xD;
C:\Agt6\_work\_temp\TestResults\c2kbuild_CLTBUILD23 2021-04-12 08_12_36\In\04b5e28a-4ad7-40af-8d46-13fe5bdff212\CLTBUILD23&gt;set DataFileName=c:\agt6\_work\6\a\api\environment\regapiautomation\testdata\fisap-datacorrection\prereq-dependentgrad-20-21\PreReq-FISAP-DataCorrection@DependentGrad-20_21-CreateStudent.data.csv &#xD;
&#xD;
C:\Agt6\_work\_temp\TestResults\c2kbuild_CLTBUILD23 2021-04-12 08_12_36\In\04b5e28a-4ad7-40af-8d46-13fe5bdff212\CLTBUILD23&gt;set EnvironmentFilePath=c:\agt6\_work\6\a\api\environment\regapiautomation\testdata\fisap-datacorrection\prereq-dependentgrad-20-21\..\..\..\RegApiAutoEnvironment.postman_environment.json &#xD;
&#xD;
C:\Agt6\_work\_temp\TestResults\c2kbuild_CLTBUILD23 2021-04-12 08_12_36\In\04b5e28a-4ad7-40af-8d46-13fe5bdff212\CLTBUILD23&gt;set HtmlResultsFile=PreReq-CreateStudent_Html.html &#xD;
&#xD;
C:\Agt6\_work\_temp\TestResults\c2kbuild_CLTBUILD23 2021-04-12 08_12_36\In\04b5e28a-4ad7-40af-8d46-13fe5bdff212\CLTBUILD23&gt;set JunitResultsFile=PreReq-CreateStudent_Junit.xml &#xD;
&#xD;
C:\Agt6\_work\_temp\TestResults\c2kbuild_CLTBUILD23 2021-04-12 08_12_36\In\04b5e28a-4ad7-40af-8d46-13fe5bdff212\CLTBUILD23&gt;newman run "c:\agt6\_work\6\a\api\environment\regapiautomation\testdata\fisap-datacorrection\prereq-dependentgrad-20-21\..\..\..\..\..\PreReq\PreReq-CreateStudent.postman_collection.json" -k -d "c:\agt6\_work\6\a\api\environment\regapiautomation\testdata\fisap-datacorrection\prereq-dependentgrad-20-21\PreReq-FISAP-DataCorrection@DependentGrad-20_21-CreateStudent.data.csv" -e "c:\agt6\_work\6\a\api\environment\regapiautomation\testdata\fisap-datacorrection\prereq-dependentgrad-20-21\..\..\..\RegApiAutoEnvironment.postman_environment.json" -r junit,html --reporter-html-export "PreReq-CreateStudent_Html.html" --reporter-junit-export "PreReq-CreateStudent_Junit.xml"</StdOut>
          </Output>
          <ResultFiles>
            <ResultFile path="CLTBUILD23\PreReq-CreateStudent_Html.html" />
            <ResultFile path="CLTBUILD23\PreReq-CreateStudent_Junit.xml" />
          </ResultFiles>
        </UnitTestResult>
        <UnitTestResult executionId="7ae02637-3f61-4bac-8e7b-fc2a3e73980f" parentExecutionId="87652423-fe9f-4484-a86f-fd7dd6794389" testId="85bed093-2bfc-4f07-85f2-8c95f2075272" testName="2- prereq-fisap-datacorrection@dependentgrad-20_21-importisir-generictest (OT-06O-FISAP-DependentGrad-20_21)" computerName="CLTBUILD23" duration="00:00:08.7742250" startTime="2021-04-12T08:56:07.6851673-04:00" endTime="2021-04-12T08:56:16.4635241-04:00" testType="13cdc9d9-ddb5-4fa4-a97d-d965ccfc6d4b" outcome="Passed" testListId="8c84fa94-04c1-424b-9868-57a2d4851a1d" relativeResultsDirectory="7ae02637-3f61-4bac-8e7b-fc2a3e73980f">
          <Output>
            <StdOut>C:\Agt6\_work\_temp\TestResults\c2kbuild_CLTBUILD23 2021-04-12 08_12_36\In\7ae02637-3f61-4bac-8e7b-fc2a3e73980f\CLTBUILD23&gt;if not defined TestLocation (set TestLocation=. ) &#xD;
&#xD;
C:\Agt6\_work\_temp\TestResults\c2kbuild_CLTBUILD23 2021-04-12 08_12_36\In\7ae02637-3f61-4bac-8e7b-fc2a3e73980f\CLTBUILD23&gt;set CollectionFileName=c:\agt6\_work\6\a\api\environment\regapiautomation\testdata\fisap-datacorrection\prereq-dependentgrad-20-21\..\..\..\..\..\PreReq\PreReq-ImportIsir.postman_collection.json &#xD;
&#xD;
C:\Agt6\_work\_temp\TestResults\c2kbuild_CLTBUILD23 2021-04-12 08_12_36\In\7ae02637-3f61-4bac-8e7b-fc2a3e73980f\CLTBUILD23&gt;set DataFileName=c:\agt6\_work\6\a\api\environment\regapiautomation\testdata\fisap-datacorrection\prereq-dependentgrad-20-21\PreReq-FISAP-DataCorrection@DependentGrad-20_21-ImportIsir.data.json &#xD;
&#xD;
C:\Agt6\_work\_temp\TestResults\c2kbuild_CLTBUILD23 2021-04-12 08_12_36\In\7ae02637-3f61-4bac-8e7b-fc2a3e73980f\CLTBUILD23&gt;set EnvironmentFilePath=c:\agt6\_work\6\a\api\environment\regapiautomation\testdata\fisap-datacorrection\prereq-dependentgrad-20-21\..\..\..\RegApiAutoEnvironment.postman_environment.json &#xD;
&#xD;
C:\Agt6\_work\_temp\TestResults\c2kbuild_CLTBUILD23 2021-04-12 08_12_36\In\7ae02637-3f61-4bac-8e7b-fc2a3e73980f\CLTBUILD23&gt;set HtmlResultsFile=PreReq-ImportIsir_Html.html &#xD;
&#xD;
C:\Agt6\_work\_temp\TestResults\c2kbuild_CLTBUILD23 2021-04-12 08_12_36\In\7ae02637-3f61-4bac-8e7b-fc2a3e73980f\CLTBUILD23&gt;set JunitResultsFile=PreReq-ImportIsir_Junit.xml &#xD;
&#xD;
C:\Agt6\_work\_temp\TestResults\c2kbuild_CLTBUILD23 2021-04-12 08_12_36\In\7ae02637-3f61-4bac-8e7b-fc2a3e73980f\CLTBUILD23&gt;newman run "c:\agt6\_work\6\a\api\environment\regapiautomation\testdata\fisap-datacorrection\prereq-dependentgrad-20-21\..\..\..\..\..\PreReq\PreReq-ImportIsir.postman_collection.json" -k -d "c:\agt6\_work\6\a\api\environment\regapiautomation\testdata\fisap-datacorrection\prereq-dependentgrad-20-21\PreReq-FISAP-DataCorrection@DependentGrad-20_21-ImportIsir.data.json" -e "c:\agt6\_work\6\a\api\environment\regapiautomation\testdata\fisap-datacorrection\prereq-dependentgrad-20-21\..\..\..\RegApiAutoEnvironment.postman_environment.json" -r junit,html --reporter-html-export "PreReq-ImportIsir_Html.html" --reporter-junit-export "PreReq-ImportIsir_Junit.xml"</StdOut>
          </Output>
          <ResultFiles>
            <ResultFile path="CLTBUILD23\PreReq-ImportIsir_Html.html" />
            <ResultFile path="CLTBUILD23\PreReq-ImportIsir_Junit.xml" />
          </ResultFiles>
        </UnitTestResult>
        <UnitTestResult executionId="05857841-df09-4285-a4e7-e8c7a5de24b7" parentExecutionId="87652423-fe9f-4484-a86f-fd7dd6794389" testId="75da5b28-5b14-4a75-80fe-de314733a2a2" testName="3- prereq-fisap-datacorrection@dependentgrad-20_21-enrollstudent-generictest (OT-06O-FISAP-DependentGrad-20_21)" computerName="CLTBUILD23" duration="00:00:12.6076866" startTime="2021-04-12T08:56:16.4655283-04:00" endTime="2021-04-12T08:56:29.0836133-04:00" testType="13cdc9d9-ddb5-4fa4-a97d-d965ccfc6d4b" outcome="Passed" testListId="8c84fa94-04c1-424b-9868-57a2d4851a1d" relativeResultsDirectory="05857841-df09-4285-a4e7-e8c7a5de24b7">
          <Output>
            <StdOut>C:\Agt6\_work\_temp\TestResults\c2kbuild_CLTBUILD23 2021-04-12 08_12_36\In\05857841-df09-4285-a4e7-e8c7a5de24b7\CLTBUILD23&gt;if not defined TestLocation (set TestLocation=. ) &#xD;
&#xD;
C:\Agt6\_work\_temp\TestResults\c2kbuild_CLTBUILD23 2021-04-12 08_12_36\In\05857841-df09-4285-a4e7-e8c7a5de24b7\CLTBUILD23&gt;set CollectionFileName=c:\agt6\_work\6\a\api\environment\regapiautomation\testdata\fisap-datacorrection\prereq-dependentgrad-20-21\..\..\..\..\..\PreReq\PreReq-EnrollStudent.postman_collection.json &#xD;
&#xD;
C:\Agt6\_work\_temp\TestResults\c2kbuild_CLTBUILD23 2021-04-12 08_12_36\In\05857841-df09-4285-a4e7-e8c7a5de24b7\CLTBUILD23&gt;set DataFileName=c:\agt6\_work\6\a\api\environment\regapiautomation\testdata\fisap-datacorrection\prereq-dependentgrad-20-21\PreReq-FISAP-DataCorrection@DependentGrad-20_21-EnrollStudent.data.csv &#xD;
&#xD;
C:\Agt6\_work\_temp\TestResults\c2kbuild_CLTBUILD23 2021-04-12 08_12_36\In\05857841-df09-4285-a4e7-e8c7a5de24b7\CLTBUILD23&gt;set EnvironmentFilePath=c:\agt6\_work\6\a\api\environment\regapiautomation\testdata\fisap-datacorrection\prereq-dependentgrad-20-21\..\..\..\RegApiAutoEnvironment.postman_environment.json &#xD;
&#xD;
C:\Agt6\_work\_temp\TestResults\c2kbuild_CLTBUILD23 2021-04-12 08_12_36\In\05857841-df09-4285-a4e7-e8c7a5de24b7\CLTBUILD23&gt;set HtmlResultsFile=PreReq-EnrollStudent_Html.html &#xD;
&#xD;
C:\Agt6\_work\_temp\TestResults\c2kbuild_CLTBUILD23 2021-04-12 08_12_36\In\05857841-df09-4285-a4e7-e8c7a5de24b7\CLTBUILD23&gt;set JunitResultsFile=PreReq-EnrollStudent_Junit.xml &#xD;
&#xD;
C:\Agt6\_work\_temp\TestResults\c2kbuild_CLTBUILD23 2021-04-12 08_12_36\In\05857841-df09-4285-a4e7-e8c7a5de24b7\CLTBUILD23&gt;newman run "c:\agt6\_work\6\a\api\environment\regapiautomation\testdata\fisap-datacorrection\prereq-dependentgrad-20-21\..\..\..\..\..\PreReq\PreReq-EnrollStudent.postman_collection.json" -k -d "c:\agt6\_work\6\a\api\environment\regapiautomation\testdata\fisap-datacorrection\prereq-dependentgrad-20-21\PreReq-FISAP-DataCorrection@DependentGrad-20_21-EnrollStudent.data.csv" -e "c:\agt6\_work\6\a\api\environment\regapiautomation\testdata\fisap-datacorrection\prereq-dependentgrad-20-21\..\..\..\RegApiAutoEnvironment.postman_environment.json" -r junit,html --reporter-html-export "PreReq-EnrollStudent_Html.html" --reporter-junit-export "PreReq-EnrollStudent_Junit.xml"</StdOut>
          </Output>
          <ResultFiles>
            <ResultFile path="CLTBUILD23\PreReq-EnrollStudent_Html.html" />
            <ResultFile path="CLTBUILD23\PreReq-EnrollStudent_Junit.xml" />
          </ResultFiles>
        </UnitTestResult>
        <UnitTestResult executionId="d6ff4787-5b18-4b92-97d6-83b011bf8474" parentExecutionId="87652423-fe9f-4484-a86f-fd7dd6794389" testId="8df20a03-0449-4e05-af13-695b3804b0a5" testName="4- prereq-fisap-datacorrection@dependentgrad-20_21-registerclassandpostattendance-generictest (OT-06O-FISAP-DependentGrad-20_21)" computerName="CLTBUILD23" duration="00:00:08.3049701" startTime="2021-04-12T08:56:29.0846112-04:00" endTime="2021-04-12T08:56:37.3920087-04:00" testType="13cdc9d9-ddb5-4fa4-a97d-d965ccfc6d4b" outcome="Passed" testListId="8c84fa94-04c1-424b-9868-57a2d4851a1d" relativeResultsDirectory="d6ff4787-5b18-4b92-97d6-83b011bf8474">
          <Output>
            <StdOut>C:\Agt6\_work\_temp\TestResults\c2kbuild_CLTBUILD23 2021-04-12 08_12_36\In\d6ff4787-5b18-4b92-97d6-83b011bf8474\CLTBUILD23&gt;if not defined TestLocation (set TestLocation=. ) &#xD;
&#xD;
C:\Agt6\_work\_temp\TestResults\c2kbuild_CLTBUILD23 2021-04-12 08_12_36\In\d6ff4787-5b18-4b92-97d6-83b011bf8474\CLTBUILD23&gt;set CollectionFileName=c:\agt6\_work\6\a\api\environment\regapiautomation\testdata\fisap-datacorrection\prereq-dependentgrad-20-21\..\..\..\..\..\PreReq\PreReq-RegisterClassAndPostAttendanceForStudent.postman_collection.json &#xD;
&#xD;
C:\Agt6\_work\_temp\TestResults\c2kbuild_CLTBUILD23 2021-04-12 08_12_36\In\d6ff4787-5b18-4b92-97d6-83b011bf8474\CLTBUILD23&gt;set DataFileName=c:\agt6\_work\6\a\api\environment\regapiautomation\testdata\fisap-datacorrection\prereq-dependentgrad-20-21\PreReq-FISAP-DataCorrection@DependentGrad-20_21-RegisterClassAndPostAttendance.csv &#xD;
&#xD;
C:\Agt6\_work\_temp\TestResults\c2kbuild_CLTBUILD23 2021-04-12 08_12_36\In\d6ff4787-5b18-4b92-97d6-83b011bf8474\CLTBUILD23&gt;set EnvironmentFilePath=c:\agt6\_work\6\a\api\environment\regapiautomation\testdata\fisap-datacorrection\prereq-dependentgrad-20-21\..\..\..\RegApiAutoEnvironment.postman_environment.json &#xD;
&#xD;
C:\Agt6\_work\_temp\TestResults\c2kbuild_CLTBUILD23 2021-04-12 08_12_36\In\d6ff4787-5b18-4b92-97d6-83b011bf8474\CLTBUILD23&gt;set HtmlResultsFile=PreReq-RegisterClassAndPostAttendance_Html.html &#xD;
&#xD;
C:\Agt6\_work\_temp\TestResults\c2kbuild_CLTBUILD23 2021-04-12 08_12_36\In\d6ff4787-5b18-4b92-97d6-83b011bf8474\CLTBUILD23&gt;set JunitResultsFile=PreReq-RegisterClassAndPostAttendance_Junit.xml &#xD;
&#xD;
C:\Agt6\_work\_temp\TestResults\c2kbuild_CLTBUILD23 2021-04-12 08_12_36\In\d6ff4787-5b18-4b92-97d6-83b011bf8474\CLTBUILD23&gt;newman run "c:\agt6\_work\6\a\api\environment\regapiautomation\testdata\fisap-datacorrection\prereq-dependentgrad-20-21\..\..\..\..\..\PreReq\PreReq-RegisterClassAndPostAttendanceForStudent.postman_collection.json" -k -d "c:\agt6\_work\6\a\api\environment\regapiautomation\testdata\fisap-datacorrection\prereq-dependentgrad-20-21\PreReq-FISAP-DataCorrection@DependentGrad-20_21-RegisterClassAndPostAttendance.csv" -e "c:\agt6\_work\6\a\api\environment\regapiautomation\testdata\fisap-datacorrection\prereq-dependentgrad-20-21\..\..\..\RegApiAutoEnvironment.postman_environment.json" -r junit,html --reporter-html-export "PreReq-RegisterClassAndPostAttendance_Html.html" --reporter-junit-export "PreReq-RegisterClassAndPostAttendance_Junit.xml"</StdOut>
          </Output>
          <ResultFiles>
            <ResultFile path="CLTBUILD23\PreReq-RegisterClassAndPostAttendance_Html.html" />
            <ResultFile path="CLTBUILD23\PreReq-RegisterClassAndPostAttendance_Junit.xml" />
          </ResultFiles>
        </UnitTestResult>
        <UnitTestResult executionId="c305392b-1979-4fb5-aac1-b3a42b3b537e" parentExecutionId="87652423-fe9f-4484-a86f-fd7dd6794389" testId="61b4d299-c5f1-4f0d-a587-eaf9080806e4" testName="5- prereq-fisap-datacorrection@dependentgrad-20_21-changestudentstatus-generictest (OT-06O-FISAP-DependentGrad-20_21)" computerName="CLTBUILD23" duration="00:00:06.1002944" startTime="2021-04-12T08:56:37.3930079-04:00" endTime="2021-04-12T08:56:43.4985663-04:00" testType="13cdc9d9-ddb5-4fa4-a97d-d965ccfc6d4b" outcome="Passed" testListId="8c84fa94-04c1-424b-9868-57a2d4851a1d" relativeResultsDirectory="c305392b-1979-4fb5-aac1-b3a42b3b537e">
          <Output>
            <StdOut>C:\Agt6\_work\_temp\TestResults\c2kbuild_CLTBUILD23 2021-04-12 08_12_36\In\c305392b-1979-4fb5-aac1-b3a42b3b537e\CLTBUILD23&gt;if not defined TestLocation (set TestLocation=. ) &#xD;
&#xD;
C:\Agt6\_work\_temp\TestResults\c2kbuild_CLTBUILD23 2021-04-12 08_12_36\In\c305392b-1979-4fb5-aac1-b3a42b3b537e\CLTBUILD23&gt;set CollectionFileName=c:\agt6\_work\6\a\api\environment\regapiautomation\testdata\fisap-datacorrection\prereq-dependentgrad-20-21\..\..\..\..\..\PreReq\PreReq-GraduateStudentStatus.postman_collection.json &#xD;
&#xD;
C:\Agt6\_work\_temp\TestResults\c2kbuild_CLTBUILD23 2021-04-12 08_12_36\In\c305392b-1979-4fb5-aac1-b3a42b3b537e\CLTBUILD23&gt;set DataFileName=c:\agt6\_work\6\a\api\environment\regapiautomation\testdata\fisap-datacorrection\prereq-dependentgrad-20-21\PreReq-FISAP-DataCorrection@DependentGrad-20_21-ChangeStudentStatus.data.json &#xD;
&#xD;
C:\Agt6\_work\_temp\TestResults\c2kbuild_CLTBUILD23 2021-04-12 08_12_36\In\c305392b-1979-4fb5-aac1-b3a42b3b537e\CLTBUILD23&gt;set EnvironmentFilePath=c:\agt6\_work\6\a\api\environment\regapiautomation\testdata\fisap-datacorrection\prereq-dependentgrad-20-21\..\..\..\RegApiAutoEnvironment.postman_environment.json &#xD;
&#xD;
C:\Agt6\_work\_temp\TestResults\c2kbuild_CLTBUILD23 2021-04-12 08_12_36\In\c305392b-1979-4fb5-aac1-b3a42b3b537e\CLTBUILD23&gt;set HtmlResultsFile=PreReq-ChangeStudentStatus_Html.html &#xD;
&#xD;
C:\Agt6\_work\_temp\TestResults\c2kbuild_CLTBUILD23 2021-04-12 08_12_36\In\c305392b-1979-4fb5-aac1-b3a42b3b537e\CLTBUILD23&gt;set JunitResultsFile=PreReq-ChangeStudentStatus_Junit.xml &#xD;
&#xD;
C:\Agt6\_work\_temp\TestResults\c2kbuild_CLTBUILD23 2021-04-12 08_12_36\In\c305392b-1979-4fb5-aac1-b3a42b3b537e\CLTBUILD23&gt;newman run "c:\agt6\_work\6\a\api\environment\regapiautomation\testdata\fisap-datacorrection\prereq-dependentgrad-20-21\..\..\..\..\..\PreReq\PreReq-GraduateStudentStatus.postman_collection.json" -k -d "c:\agt6\_work\6\a\api\environment\regapiautomation\testdata\fisap-datacorrection\prereq-dependentgrad-20-21\PreReq-FISAP-DataCorrection@DependentGrad-20_21-ChangeStudentStatus.data.json" -e "c:\agt6\_work\6\a\api\environment\regapiautomation\testdata\fisap-datacorrection\prereq-dependentgrad-20-21\..\..\..\RegApiAutoEnvironment.postman_environment.json" -r junit,html --reporter-html-export "PreReq-ChangeStudentStatus_Html.html" --reporter-junit-export "PreReq-ChangeStudentStatus_Junit.xml"</StdOut>
          </Output>
          <ResultFiles>
            <ResultFile path="CLTBUILD23\PreReq-ChangeStudentStatus_Html.html" />
            <ResultFile path="CLTBUILD23\PreReq-ChangeStudentStatus_Junit.xml" />
          </ResultFiles>
        </UnitTestResult>
        <UnitTestResult executionId="cedd8759-cca5-4a02-8ff5-4e3cbc1236c2" parentExecutionId="87652423-fe9f-4484-a86f-fd7dd6794389" testId="7e42ac95-3d6c-4b0f-b49b-eb72b9449727" testName="6- fisap-datacorrection@dependentgrad-20_21-generictest (OT-06O-FISAP-DependentGrad-20_21)" computerName="CLTBUILD23" duration="00:00:07.0304074" startTime="2021-04-12T08:56:43.4985663-04:00" endTime="2021-04-12T08:56:50.5350543-04:00" testType="13cdc9d9-ddb5-4fa4-a97d-d965ccfc6d4b" outcome="Passed" testListId="8c84fa94-04c1-424b-9868-57a2d4851a1d" relativeResultsDirectory="cedd8759-cca5-4a02-8ff5-4e3cbc1236c2">
          <Output>
            <StdOut>C:\Agt6\_work\_temp\TestResults\c2kbuild_CLTBUILD23 2021-04-12 08_12_36\In\cedd8759-cca5-4a02-8ff5-4e3cbc1236c2\CLTBUILD23&gt;if not defined TestLocation (set TestLocation=. ) &#xD;
&#xD;
C:\Agt6\_work\_temp\TestResults\c2kbuild_CLTBUILD23 2021-04-12 08_12_36\In\cedd8759-cca5-4a02-8ff5-4e3cbc1236c2\CLTBUILD23&gt;set CollectionFileName=c:\agt6\_work\6\a\api\environment\regapiautomation\testdata\fisap-datacorrection\..\..\..\..\Tests\FISAP-DataCorrection\FISAP-DataCorrection@DependentGrad.postman_collection.json &#xD;
&#xD;
C:\Agt6\_work\_temp\TestResults\c2kbuild_CLTBUILD23 2021-04-12 08_12_36\In\cedd8759-cca5-4a02-8ff5-4e3cbc1236c2\CLTBUILD23&gt;set DataFileName=c:\agt6\_work\6\a\api\environment\regapiautomation\testdata\fisap-datacorrection\FISAP-DataCorrection@DependentGrad-20_21.data.json &#xD;
&#xD;
C:\Agt6\_work\_temp\TestResults\c2kbuild_CLTBUILD23 2021-04-12 08_12_36\In\cedd8759-cca5-4a02-8ff5-4e3cbc1236c2\CLTBUILD23&gt;set EnvironmentFilePath=c:\agt6\_work\6\a\api\environment\regapiautomation\testdata\fisap-datacorrection\..\..\RegApiAutoEnvironment.postman_environment.json &#xD;
&#xD;
C:\Agt6\_work\_temp\TestResults\c2kbuild_CLTBUILD23 2021-04-12 08_12_36\In\cedd8759-cca5-4a02-8ff5-4e3cbc1236c2\CLTBUILD23&gt;set HtmlResultsFile=FISAP-DataCorrection@DependentGrad-20_21-Html.html &#xD;
&#xD;
C:\Agt6\_work\_temp\TestResults\c2kbuild_CLTBUILD23 2021-04-12 08_12_36\In\cedd8759-cca5-4a02-8ff5-4e3cbc1236c2\CLTBUILD23&gt;set JunitResultsFile=FISAP-DataCorrection@DependentGrad-20_21-Junit.xml &#xD;
&#xD;
C:\Agt6\_work\_temp\TestResults\c2kbuild_CLTBUILD23 2021-04-12 08_12_36\In\cedd8759-cca5-4a02-8ff5-4e3cbc1236c2\CLTBUILD23&gt;newman run "c:\agt6\_work\6\a\api\environment\regapiautomation\testdata\fisap-datacorrection\..\..\..\..\Tests\FISAP-DataCorrection\FISAP-DataCorrection@DependentGrad.postman_collection.json" -k -d "c:\agt6\_work\6\a\api\environment\regapiautomation\testdata\fisap-datacorrection\FISAP-DataCorrection@DependentGrad-20_21.data.json" -e "c:\agt6\_work\6\a\api\environment\regapiautomation\testdata\fisap-datacorrection\..\..\RegApiAutoEnvironment.postman_environment.json" -r junit,html --reporter-html-export "FISAP-DataCorrection@DependentGrad-20_21-Html.html" --reporter-junit-export "FISAP-DataCorrection@DependentGrad-20_21-Junit.xml"</StdOut>
          </Output>
          <ResultFiles>
            <ResultFile path="CLTBUILD23\FISAP-DataCorrection@DependentGrad-20_21-Html.html" />
            <ResultFile path="CLTBUILD23\FISAP-DataCorrection@DependentGrad-20_21-Junit.xml" />
          </ResultFiles>
        </UnitTestResult>
      </InnerResults>
    </TestResultAggregation>
    <TestResultAggregation executionId="dd65fd67-5067-44cd-8850-842e53274555" testId="3dd863d0-8059-47c6-8b65-3e0e180a9f3f" testName="OT-01B-CODExport.OriginationsOnly-21_22" computerName="CLTBUILD23" duration="00:01:02.8239149" startTime="2021-04-12T08:17:45.5053156-04:00" endTime="2021-04-12T08:18:48.3218572-04:00" testType="ec4800e8-40e5-4ab3-8510-b8bf29b1904d" outcome="Passed" testListId="8c84fa94-04c1-424b-9868-57a2d4851a1d" relativeResultsDirectory="dd65fd67-5067-44cd-8850-842e53274555">
      <InnerResults>
        <UnitTestResult executionId="2e43ea94-8c53-4343-b675-20f727568777" parentExecutionId="dd65fd67-5067-44cd-8850-842e53274555" testId="93a25dc8-cdd6-4bc3-88de-e9c5c84c7a15" testName="1- prereq-codexport@hp-originationsonly-21_22-createstudent-generictest (OT-01B-CODExport.OriginationsOnly-21_22)" computerName="CLTBUILD23" duration="00:00:08.0480183" startTime="2021-04-12T08:17:45.5073140-04:00" endTime="2021-04-12T08:17:53.5566386-04:00" testType="13cdc9d9-ddb5-4fa4-a97d-d965ccfc6d4b" outcome="Passed" testListId="8c84fa94-04c1-424b-9868-57a2d4851a1d" relativeResultsDirectory="2e43ea94-8c53-4343-b675-20f727568777">
          <Output>
            <StdOut>C:\Agt6\_work\_temp\TestResults\c2kbuild_CLTBUILD23 2021-04-12 08_12_36\In\2e43ea94-8c53-4343-b675-20f727568777\CLTBUILD23&gt;if not defined TestLocation (set TestLocation=. ) &#xD;
&#xD;
C:\Agt6\_work\_temp\TestResults\c2kbuild_CLTBUILD23 2021-04-12 08_12_36\In\2e43ea94-8c53-4343-b675-20f727568777\CLTBUILD23&gt;set CollectionFileName=c:\agt6\_work\6\a\api\environment\regapiautomation\testdata\codexport\prereq-originationsonly-21_22\..\..\..\..\..\PreReq\PreReq-CreateStudent.postman_collection.json &#xD;
&#xD;
C:\Agt6\_work\_temp\TestResults\c2kbuild_CLTBUILD23 2021-04-12 08_12_36\In\2e43ea94-8c53-4343-b675-20f727568777\CLTBUILD23&gt;set DataFileName=c:\agt6\_work\6\a\api\environment\regapiautomation\testdata\codexport\prereq-originationsonly-21_22\PreReq-CODExport@HP-OriginationsOnly-21_22-CreateStudent.data.csv &#xD;
&#xD;
C:\Agt6\_work\_temp\TestResults\c2kbuild_CLTBUILD23 2021-04-12 08_12_36\In\2e43ea94-8c53-4343-b675-20f727568777\CLTBUILD23&gt;set EnvironmentFilePath=c:\agt6\_work\6\a\api\environment\regapiautomation\testdata\codexport\prereq-originationsonly-21_22\..\..\..\RegApiAutoEnvironment.postman_environment.json &#xD;
&#xD;
C:\Agt6\_work\_temp\TestResults\c2kbuild_CLTBUILD23 2021-04-12 08_12_36\In\2e43ea94-8c53-4343-b675-20f727568777\CLTBUILD23&gt;set HtmlResultsFile=CreateStudent_Html.html &#xD;
&#xD;
C:\Agt6\_work\_temp\TestResults\c2kbuild_CLTBUILD23 2021-04-12 08_12_36\In\2e43ea94-8c53-4343-b675-20f727568777\CLTBUILD23&gt;set JunitResultsFile=CreateStudent_Junit.xml &#xD;
&#xD;
C:\Agt6\_work\_temp\TestResults\c2kbuild_CLTBUILD23 2021-04-12 08_12_36\In\2e43ea94-8c53-4343-b675-20f727568777\CLTBUILD23&gt;newman run "c:\agt6\_work\6\a\api\environment\regapiautomation\testdata\codexport\prereq-originationsonly-21_22\..\..\..\..\..\PreReq\PreReq-CreateStudent.postman_collection.json" -k -d "c:\agt6\_work\6\a\api\environment\regapiautomation\testdata\codexport\prereq-originationsonly-21_22\PreReq-CODExport@HP-OriginationsOnly-21_22-CreateStudent.data.csv" -e "c:\agt6\_work\6\a\api\environment\regapiautomation\testdata\codexport\prereq-originationsonly-21_22\..\..\..\RegApiAutoEnvironment.postman_environment.json" -r junit,html --reporter-html-export "CreateStudent_Html.html" --reporter-junit-export "CreateStudent_Junit.xml"</StdOut>
          </Output>
          <ResultFiles>
            <ResultFile path="CLTBUILD23\CreateStudent_Html.html" />
            <ResultFile path="CLTBUILD23\CreateStudent_Junit.xml" />
          </ResultFiles>
        </UnitTestResult>
        <UnitTestResult executionId="6227a6eb-4a71-407c-a5c2-2d662a6c97e9" parentExecutionId="dd65fd67-5067-44cd-8850-842e53274555" testId="64499c42-73f4-4e1c-bdd8-5b434a1bb134" testName="2- prereq-codexport@hp-originationsonly-21_22-importisir-generictest (OT-01B-CODExport.OriginationsOnly-21_22)" computerName="CLTBUILD23" duration="00:00:08.1386065" startTime="2021-04-12T08:17:53.5566386-04:00" endTime="2021-04-12T08:18:01.6979683-04:00" testType="13cdc9d9-ddb5-4fa4-a97d-d965ccfc6d4b" outcome="Passed" testListId="8c84fa94-04c1-424b-9868-57a2d4851a1d" relativeResultsDirectory="6227a6eb-4a71-407c-a5c2-2d662a6c97e9">
          <Output>
            <StdOut>C:\Agt6\_work\_temp\TestResults\c2kbuild_CLTBUILD23 2021-04-12 08_12_36\In\6227a6eb-4a71-407c-a5c2-2d662a6c97e9\CLTBUILD23&gt;if not defined TestLocation (set TestLocation=. ) &#xD;
&#xD;
C:\Agt6\_work\_temp\TestResults\c2kbuild_CLTBUILD23 2021-04-12 08_12_36\In\6227a6eb-4a71-407c-a5c2-2d662a6c97e9\CLTBUILD23&gt;set CollectionFileName=c:\agt6\_work\6\a\api\environment\regapiautomation\testdata\codexport\prereq-originationsonly-21_22\..\..\..\..\..\PreReq\PreReq-ImportISIR.postman_collection.json &#xD;
&#xD;
C:\Agt6\_work\_temp\TestResults\c2kbuild_CLTBUILD23 2021-04-12 08_12_36\In\6227a6eb-4a71-407c-a5c2-2d662a6c97e9\CLTBUILD23&gt;set DataFileName=c:\agt6\_work\6\a\api\environment\regapiautomation\testdata\codexport\prereq-originationsonly-21_22\PreReq-CODExport@HP-OriginationsOnly-21_22-ImportISIR.data.json &#xD;
&#xD;
C:\Agt6\_work\_temp\TestResults\c2kbuild_CLTBUILD23 2021-04-12 08_12_36\In\6227a6eb-4a71-407c-a5c2-2d662a6c97e9\CLTBUILD23&gt;set EnvironmentFilePath=c:\agt6\_work\6\a\api\environment\regapiautomation\testdata\codexport\prereq-originationsonly-21_22\..\..\..\RegApiAutoEnvironment.postman_environment.json &#xD;
&#xD;
C:\Agt6\_work\_temp\TestResults\c2kbuild_CLTBUILD23 2021-04-12 08_12_36\In\6227a6eb-4a71-407c-a5c2-2d662a6c97e9\CLTBUILD23&gt;set HtmlResultsFile=ImportISIR_Html.html &#xD;
&#xD;
C:\Agt6\_work\_temp\TestResults\c2kbuild_CLTBUILD23 2021-04-12 08_12_36\In\6227a6eb-4a71-407c-a5c2-2d662a6c97e9\CLTBUILD23&gt;set JunitResultsFile=ImportISIR_Junit.xml &#xD;
&#xD;
C:\Agt6\_work\_temp\TestResults\c2kbuild_CLTBUILD23 2021-04-12 08_12_36\In\6227a6eb-4a71-407c-a5c2-2d662a6c97e9\CLTBUILD23&gt;newman run "c:\agt6\_work\6\a\api\environment\regapiautomation\testdata\codexport\prereq-originationsonly-21_22\..\..\..\..\..\PreReq\PreReq-ImportISIR.postman_collection.json" -k -d "c:\agt6\_work\6\a\api\environment\regapiautomation\testdata\codexport\prereq-originationsonly-21_22\PreReq-CODExport@HP-OriginationsOnly-21_22-ImportISIR.data.json" -e "c:\agt6\_work\6\a\api\environment\regapiautomation\testdata\codexport\prereq-originationsonly-21_22\..\..\..\RegApiAutoEnvironment.postman_environment.json" -r junit,html --reporter-html-export "ImportISIR_Html.html" --reporter-junit-export "ImportISIR_Junit.xml"</StdOut>
          </Output>
          <ResultFiles>
            <ResultFile path="CLTBUILD23\ImportISIR_Html.html" />
            <ResultFile path="CLTBUILD23\ImportISIR_Junit.xml" />
          </ResultFiles>
        </UnitTestResult>
        <UnitTestResult executionId="27e2cecd-cfaf-4f75-92ca-b63b742b4ee4" parentExecutionId="dd65fd67-5067-44cd-8850-842e53274555" testId="826073cb-14af-4c3b-9fe4-e896995006a1" testName="3- prereq-codexport@hp-originationsonly-21_22-enrollstudent-generictest (OT-01B-CODExport.OriginationsOnly-21_22)" computerName="CLTBUILD23" duration="00:00:12.8213113" startTime="2021-04-12T08:18:01.6979683-04:00" endTime="2021-04-12T08:18:14.5268933-04:00" testType="13cdc9d9-ddb5-4fa4-a97d-d965ccfc6d4b" outcome="Passed" testListId="8c84fa94-04c1-424b-9868-57a2d4851a1d" relativeResultsDirectory="27e2cecd-cfaf-4f75-92ca-b63b742b4ee4">
          <Output>
            <StdOut>C:\Agt6\_work\_temp\TestResults\c2kbuild_CLTBUILD23 2021-04-12 08_12_36\In\27e2cecd-cfaf-4f75-92ca-b63b742b4ee4\CLTBUILD23&gt;if not defined TestLocation (set TestLocation=. ) &#xD;
&#xD;
C:\Agt6\_work\_temp\TestResults\c2kbuild_CLTBUILD23 2021-04-12 08_12_36\In\27e2cecd-cfaf-4f75-92ca-b63b742b4ee4\CLTBUILD23&gt;set CollectionFileName=c:\agt6\_work\6\a\api\environment\regapiautomation\testdata\codexport\prereq-originationsonly-21_22\..\..\..\..\..\PreReq\PreReq-EnrollStudent.postman_collection.json &#xD;
&#xD;
C:\Agt6\_work\_temp\TestResults\c2kbuild_CLTBUILD23 2021-04-12 08_12_36\In\27e2cecd-cfaf-4f75-92ca-b63b742b4ee4\CLTBUILD23&gt;set DataFileName=c:\agt6\_work\6\a\api\environment\regapiautomation\testdata\codexport\prereq-originationsonly-21_22\PreReq-CODExport@HP-OriginationsOnly-21_22-EnrollStudent.data.csv &#xD;
&#xD;
C:\Agt6\_work\_temp\TestResults\c2kbuild_CLTBUILD23 2021-04-12 08_12_36\In\27e2cecd-cfaf-4f75-92ca-b63b742b4ee4\CLTBUILD23&gt;set EnvironmentFilePath=c:\agt6\_work\6\a\api\environment\regapiautomation\testdata\codexport\prereq-originationsonly-21_22\..\..\..\RegApiAutoEnvironment.postman_environment.json &#xD;
&#xD;
C:\Agt6\_work\_temp\TestResults\c2kbuild_CLTBUILD23 2021-04-12 08_12_36\In\27e2cecd-cfaf-4f75-92ca-b63b742b4ee4\CLTBUILD23&gt;set HtmlResultsFile=EnrollStudent_Html.html &#xD;
&#xD;
C:\Agt6\_work\_temp\TestResults\c2kbuild_CLTBUILD23 2021-04-12 08_12_36\In\27e2cecd-cfaf-4f75-92ca-b63b742b4ee4\CLTBUILD23&gt;set JunitResultsFile=EnrollStudent_Junit.xml &#xD;
&#xD;
C:\Agt6\_work\_temp\TestResults\c2kbuild_CLTBUILD23 2021-04-12 08_12_36\In\27e2cecd-cfaf-4f75-92ca-b63b742b4ee4\CLTBUILD23&gt;newman run "c:\agt6\_work\6\a\api\environment\regapiautomation\testdata\codexport\prereq-originationsonly-21_22\..\..\..\..\..\PreReq\PreReq-EnrollStudent.postman_collection.json" -k -d "c:\agt6\_work\6\a\api\environment\regapiautomation\testdata\codexport\prereq-originationsonly-21_22\PreReq-CODExport@HP-OriginationsOnly-21_22-EnrollStudent.data.csv" -e "c:\agt6\_work\6\a\api\environment\regapiautomation\testdata\codexport\prereq-originationsonly-21_22\..\..\..\RegApiAutoEnvironment.postman_environment.json" -r junit,html --reporter-html-export "EnrollStudent_Html.html" --reporter-junit-export "EnrollStudent_Junit.xml"</StdOut>
          </Output>
          <ResultFiles>
            <ResultFile path="CLTBUILD23\EnrollStudent_Html.html" />
            <ResultFile path="CLTBUILD23\EnrollStudent_Junit.xml" />
          </ResultFiles>
        </UnitTestResult>
        <UnitTestResult executionId="af92131b-3f13-4f21-a7ac-138912a8cc2e" parentExecutionId="dd65fd67-5067-44cd-8850-842e53274555" testId="e8002457-e01c-4be1-80a9-0b7e84f13ad7" testName="4- prereq-codexport@hp-originationsonly-21_22-updatebudgetforacademicyearforpackaging-generictest (OT-01B-CODExport.OriginationsOnly-21_22)" computerName="CLTBUILD23" duration="00:00:08.4635940" startTime="2021-04-12T08:18:14.5268933-04:00" endTime="2021-04-12T08:18:22.9921350-04:00" testType="13cdc9d9-ddb5-4fa4-a97d-d965ccfc6d4b" outcome="Passed" testListId="8c84fa94-04c1-424b-9868-57a2d4851a1d" relativeResultsDirectory="af92131b-3f13-4f21-a7ac-138912a8cc2e">
          <Output>
            <StdOut>C:\Agt6\_work\_temp\TestResults\c2kbuild_CLTBUILD23 2021-04-12 08_12_36\In\af92131b-3f13-4f21-a7ac-138912a8cc2e\CLTBUILD23&gt;if not defined TestLocation (set TestLocation=. ) &#xD;
&#xD;
C:\Agt6\_work\_temp\TestResults\c2kbuild_CLTBUILD23 2021-04-12 08_12_36\In\af92131b-3f13-4f21-a7ac-138912a8cc2e\CLTBUILD23&gt;set CollectionFileName=c:\agt6\_work\6\a\api\environment\regapiautomation\testdata\codexport\prereq-originationsonly-21_22\..\..\..\..\..\PreReq\PreReq-UpdateBudgetForAcademicYearForPackaging.postman_collection.json &#xD;
&#xD;
C:\Agt6\_work\_temp\TestResults\c2kbuild_CLTBUILD23 2021-04-12 08_12_36\In\af92131b-3f13-4f21-a7ac-138912a8cc2e\CLTBUILD23&gt;set DataFileName=c:\agt6\_work\6\a\api\environment\regapiautomation\testdata\codexport\prereq-originationsonly-21_22\PreReq-CODExport@HP-OriginationsOnly-21_22-UpdateBudgetForAcademicYearForPackaging.data.csv &#xD;
&#xD;
C:\Agt6\_work\_temp\TestResults\c2kbuild_CLTBUILD23 2021-04-12 08_12_36\In\af92131b-3f13-4f21-a7ac-138912a8cc2e\CLTBUILD23&gt;set EnvironmentFilePath=c:\agt6\_work\6\a\api\environment\regapiautomation\testdata\codexport\prereq-originationsonly-21_22\..\..\..\RegApiAutoEnvironment.postman_environment.json &#xD;
&#xD;
C:\Agt6\_work\_temp\TestResults\c2kbuild_CLTBUILD23 2021-04-12 08_12_36\In\af92131b-3f13-4f21-a7ac-138912a8cc2e\CLTBUILD23&gt;set HtmlResultsFile=UpdateBudgetForAcademicYearForPackaging_Html.html &#xD;
&#xD;
C:\Agt6\_work\_temp\TestResults\c2kbuild_CLTBUILD23 2021-04-12 08_12_36\In\af92131b-3f13-4f21-a7ac-138912a8cc2e\CLTBUILD23&gt;set JunitResultsFile=UpdateBudgetForAcademicYearForPackaging_Junit.xml &#xD;
&#xD;
C:\Agt6\_work\_temp\TestResults\c2kbuild_CLTBUILD23 2021-04-12 08_12_36\In\af92131b-3f13-4f21-a7ac-138912a8cc2e\CLTBUILD23&gt;newman run "c:\agt6\_work\6\a\api\environment\regapiautomation\testdata\codexport\prereq-originationsonly-21_22\..\..\..\..\..\PreReq\PreReq-UpdateBudgetForAcademicYearForPackaging.postman_collection.json" -k -d "c:\agt6\_work\6\a\api\environment\regapiautomation\testdata\codexport\prereq-originationsonly-21_22\PreReq-CODExport@HP-OriginationsOnly-21_22-UpdateBudgetForAcademicYearForPackaging.data.csv" -e "c:\agt6\_work\6\a\api\environment\regapiautomation\testdata\codexport\prereq-originationsonly-21_22\..\..\..\RegApiAutoEnvironment.postman_environment.json" -r junit,html --reporter-html-export "UpdateBudgetForAcademicYearForPackaging_Html.html" --reporter-junit-export "UpdateBudgetForAcademicYearForPackaging_Junit.xml"</StdOut>
          </Output>
          <ResultFiles>
            <ResultFile path="CLTBUILD23\UpdateBudgetForAcademicYearForPackaging_Html.html" />
            <ResultFile path="CLTBUILD23\UpdateBudgetForAcademicYearForPackaging_Junit.xml" />
          </ResultFiles>
        </UnitTestResult>
        <UnitTestResult executionId="0ec34201-047f-4735-996e-82df77a80328" parentExecutionId="dd65fd67-5067-44cd-8850-842e53274555" testId="7ececbe8-2723-4b31-80da-89de65355cda" testName="5- prereq-codexport@hp-originationsonly-21_22-awardgrantorloanforpackaging-generictest (OT-01B-CODExport.OriginationsOnly-21_22)" computerName="CLTBUILD23" duration="00:00:17.2639181" startTime="2021-04-12T08:18:22.9961349-04:00" endTime="2021-04-12T08:18:40.2595881-04:00" testType="13cdc9d9-ddb5-4fa4-a97d-d965ccfc6d4b" outcome="Passed" testListId="8c84fa94-04c1-424b-9868-57a2d4851a1d" relativeResultsDirectory="0ec34201-047f-4735-996e-82df77a80328">
          <Output>
            <StdOut>C:\Agt6\_work\_temp\TestResults\c2kbuild_CLTBUILD23 2021-04-12 08_12_36\In\0ec34201-047f-4735-996e-82df77a80328\CLTBUILD23&gt;if not defined TestLocation (set TestLocation=. ) &#xD;
&#xD;
C:\Agt6\_work\_temp\TestResults\c2kbuild_CLTBUILD23 2021-04-12 08_12_36\In\0ec34201-047f-4735-996e-82df77a80328\CLTBUILD23&gt;set CollectionFileName=c:\agt6\_work\6\a\api\environment\regapiautomation\testdata\codexport\prereq-originationsonly-21_22\..\..\..\..\..\PreReq\PreReq-AwardGrantForPackaging.postman_collection.json &#xD;
&#xD;
C:\Agt6\_work\_temp\TestResults\c2kbuild_CLTBUILD23 2021-04-12 08_12_36\In\0ec34201-047f-4735-996e-82df77a80328\CLTBUILD23&gt;set DataFileName=c:\agt6\_work\6\a\api\environment\regapiautomation\testdata\codexport\prereq-originationsonly-21_22\PreReq-CODExport@HP-OriginationsOnly-21_22-AwardGrantorLoanForPackaging.data.csv &#xD;
&#xD;
C:\Agt6\_work\_temp\TestResults\c2kbuild_CLTBUILD23 2021-04-12 08_12_36\In\0ec34201-047f-4735-996e-82df77a80328\CLTBUILD23&gt;set EnvironmentFilePath=c:\agt6\_work\6\a\api\environment\regapiautomation\testdata\codexport\prereq-originationsonly-21_22\..\..\..\RegApiAutoEnvironment.postman_environment.json &#xD;
&#xD;
C:\Agt6\_work\_temp\TestResults\c2kbuild_CLTBUILD23 2021-04-12 08_12_36\In\0ec34201-047f-4735-996e-82df77a80328\CLTBUILD23&gt;set HtmlResultsFile=AwardGrantOrLoanForPackaging_Html.html &#xD;
&#xD;
C:\Agt6\_work\_temp\TestResults\c2kbuild_CLTBUILD23 2021-04-12 08_12_36\In\0ec34201-047f-4735-996e-82df77a80328\CLTBUILD23&gt;set JunitResultsFile=AwardGrantOrLoanForPackaging_Junit.xml &#xD;
&#xD;
C:\Agt6\_work\_temp\TestResults\c2kbuild_CLTBUILD23 2021-04-12 08_12_36\In\0ec34201-047f-4735-996e-82df77a80328\CLTBUILD23&gt;newman run "c:\agt6\_work\6\a\api\environment\regapiautomation\testdata\codexport\prereq-originationsonly-21_22\..\..\..\..\..\PreReq\PreReq-AwardGrantForPackaging.postman_collection.json" -k -d "c:\agt6\_work\6\a\api\environment\regapiautomation\testdata\codexport\prereq-originationsonly-21_22\PreReq-CODExport@HP-OriginationsOnly-21_22-AwardGrantorLoanForPackaging.data.csv" -e "c:\agt6\_work\6\a\api\environment\regapiautomation\testdata\codexport\prereq-originationsonly-21_22\..\..\..\RegApiAutoEnvironment.postman_environment.json" -r junit,html --reporter-html-export "AwardGrantOrLoanForPackaging_Html.html" --reporter-junit-export "AwardGrantOrLoanForPackaging_Junit.xml"</StdOut>
          </Output>
          <ResultFiles>
            <ResultFile path="CLTBUILD23\AwardGrantOrLoanForPackaging_Html.html" />
            <ResultFile path="CLTBUILD23\AwardGrantOrLoanForPackaging_Junit.xml" />
          </ResultFiles>
        </UnitTestResult>
        <UnitTestResult executionId="f9ab43a2-a1ad-45fd-8e8b-1422cbb88465" parentExecutionId="dd65fd67-5067-44cd-8850-842e53274555" testId="3b3d7741-765b-4437-a316-46c0b0bb2326" testName="6- cod-export@hp-originationsonly-21_22-export-generictest (OT-01B-CODExport.OriginationsOnly-21_22)" computerName="CLTBUILD23" duration="00:00:08.0612067" startTime="2021-04-12T08:18:40.2595881-04:00" endTime="2021-04-12T08:18:48.3218572-04:00" testType="13cdc9d9-ddb5-4fa4-a97d-d965ccfc6d4b" outcome="Passed" testListId="8c84fa94-04c1-424b-9868-57a2d4851a1d" relativeResultsDirectory="f9ab43a2-a1ad-45fd-8e8b-1422cbb88465">
          <Output>
            <StdOut>C:\Agt6\_work\_temp\TestResults\c2kbuild_CLTBUILD23 2021-04-12 08_12_36\In\f9ab43a2-a1ad-45fd-8e8b-1422cbb88465\CLTBUILD23&gt;if not defined TestLocation (set TestLocation=. ) &#xD;
&#xD;
C:\Agt6\_work\_temp\TestResults\c2kbuild_CLTBUILD23 2021-04-12 08_12_36\In\f9ab43a2-a1ad-45fd-8e8b-1422cbb88465\CLTBUILD23&gt;set CollectionFileName=c:\agt6\_work\6\a\api\environment\regapiautomation\testdata\codexport\..\..\..\..\Tests\CODExport\COD-Export@HP-OriginationsOnly.postman_collection.json &#xD;
&#xD;
C:\Agt6\_work\_temp\TestResults\c2kbuild_CLTBUILD23 2021-04-12 08_12_36\In\f9ab43a2-a1ad-45fd-8e8b-1422cbb88465\CLTBUILD23&gt;set DataFileName=c:\agt6\_work\6\a\api\environment\regapiautomation\testdata\codexport\COD-Export@HP-OriginationsOnly-21_22-Export.data.json &#xD;
&#xD;
C:\Agt6\_work\_temp\TestResults\c2kbuild_CLTBUILD23 2021-04-12 08_12_36\In\f9ab43a2-a1ad-45fd-8e8b-1422cbb88465\CLTBUILD23&gt;set EnvironmentFilePath=c:\agt6\_work\6\a\api\environment\regapiautomation\testdata\codexport\..\..\RegApiAutoEnvironment.postman_environment.json &#xD;
&#xD;
C:\Agt6\_work\_temp\TestResults\c2kbuild_CLTBUILD23 2021-04-12 08_12_36\In\f9ab43a2-a1ad-45fd-8e8b-1422cbb88465\CLTBUILD23&gt;set HtmlResultsFile=Tests_COD-Export@HP-OriginationsOnly-21_22-Export_Html.html &#xD;
&#xD;
C:\Agt6\_work\_temp\TestResults\c2kbuild_CLTBUILD23 2021-04-12 08_12_36\In\f9ab43a2-a1ad-45fd-8e8b-1422cbb88465\CLTBUILD23&gt;set JunitResultsFile=Tests_COD-Export@HP-OriginationsOnly-21_22-Export_Junit.xml &#xD;
&#xD;
C:\Agt6\_work\_temp\TestResults\c2kbuild_CLTBUILD23 2021-04-12 08_12_36\In\f9ab43a2-a1ad-45fd-8e8b-1422cbb88465\CLTBUILD23&gt;newman run "c:\agt6\_work\6\a\api\environment\regapiautomation\testdata\codexport\..\..\..\..\Tests\CODExport\COD-Export@HP-OriginationsOnly.postman_collection.json" -k -d "c:\agt6\_work\6\a\api\environment\regapiautomation\testdata\codexport\COD-Export@HP-OriginationsOnly-21_22-Export.data.json" -e "c:\agt6\_work\6\a\api\environment\regapiautomation\testdata\codexport\..\..\RegApiAutoEnvironment.postman_environment.json" -r junit,html --reporter-html-export "Tests_COD-Export@HP-OriginationsOnly-21_22-Export_Html.html" --reporter-junit-export "Tests_COD-Export@HP-OriginationsOnly-21_22-Export_Junit.xml"</StdOut>
          </Output>
          <ResultFiles>
            <ResultFile path="CLTBUILD23\Tests_COD-Export@HP-OriginationsOnly-21_22-Export_Html.html" />
            <ResultFile path="CLTBUILD23\Tests_COD-Export@HP-OriginationsOnly-21_22-Export_Junit.xml" />
          </ResultFiles>
        </UnitTestResult>
      </InnerResults>
    </TestResultAggregation>
    <TestResultAggregation executionId="3542bb4d-1dd2-488e-87a9-bdf161c8dfbe" testId="4c331d14-6da2-463a-be40-8bc47fd9e80a" testName="OT-10E-CollegeFinancePlan-Config-ProspectiveStudentsLoanOptions-21_22" computerName="CLTBUILD23" duration="00:00:12.1998796" startTime="2021-04-12T09:21:18.2970224-04:00" endTime="2021-04-12T09:21:30.4961540-04:00" testType="ec4800e8-40e5-4ab3-8510-b8bf29b1904d" outcome="Passed" testListId="8c84fa94-04c1-424b-9868-57a2d4851a1d" relativeResultsDirectory="3542bb4d-1dd2-488e-87a9-bdf161c8dfbe">
      <InnerResults>
        <UnitTestResult executionId="548b214f-80c6-489c-8c1b-10b83aa8c1aa" parentExecutionId="3542bb4d-1dd2-488e-87a9-bdf161c8dfbe" testId="b80fa85c-2188-4c90-9484-77d875643024" testName="1- collegefinanceplan-config@prospectivestudentsloanoptions-21_22-generictest (OT-10E-CollegeFinancePlan-Config-ProspectiveStudentsLoanOptions-21_22)" computerName="CLTBUILD23" duration="00:00:12.1963690" startTime="2021-04-12T09:21:18.2980180-04:00" endTime="2021-04-12T09:21:30.4951531-04:00" testType="13cdc9d9-ddb5-4fa4-a97d-d965ccfc6d4b" outcome="Passed" testListId="8c84fa94-04c1-424b-9868-57a2d4851a1d" relativeResultsDirectory="548b214f-80c6-489c-8c1b-10b83aa8c1aa">
          <Output>
            <StdOut>C:\Agt6\_work\_temp\TestResults\c2kbuild_CLTBUILD23 2021-04-12 08_12_36\In\548b214f-80c6-489c-8c1b-10b83aa8c1aa\CLTBUILD23&gt;if not defined TestLocation (set TestLocation=. ) &#xD;
&#xD;
C:\Agt6\_work\_temp\TestResults\c2kbuild_CLTBUILD23 2021-04-12 08_12_36\In\548b214f-80c6-489c-8c1b-10b83aa8c1aa\CLTBUILD23&gt;set CollectionFileName=c:\agt6\_work\6\a\api\environment\regapiautomation\testdata\shoppingsheets\..\..\..\..\Tests\ShoppingSheets\CollegeFinancePlan-Config@ProspectiveStudentsLoanOptions.postman_collection.json &#xD;
&#xD;
C:\Agt6\_work\_temp\TestResults\c2kbuild_CLTBUILD23 2021-04-12 08_12_36\In\548b214f-80c6-489c-8c1b-10b83aa8c1aa\CLTBUILD23&gt;set DataFileName=c:\agt6\_work\6\a\api\environment\regapiautomation\testdata\shoppingsheets\CollegeFinancePlan-Config@ProspectiveStudentsLoanOptions-21_22.data.csv &#xD;
&#xD;
C:\Agt6\_work\_temp\TestResults\c2kbuild_CLTBUILD23 2021-04-12 08_12_36\In\548b214f-80c6-489c-8c1b-10b83aa8c1aa\CLTBUILD23&gt;set EnvironmentFilePath=c:\agt6\_work\6\a\api\environment\regapiautomation\testdata\shoppingsheets\..\..\RegApiAutoEnvironment.postman_environment.json &#xD;
&#xD;
C:\Agt6\_work\_temp\TestResults\c2kbuild_CLTBUILD23 2021-04-12 08_12_36\In\548b214f-80c6-489c-8c1b-10b83aa8c1aa\CLTBUILD23&gt;set HtmlResultsFile=CollegeFinancePlan-Config@ProspectiveStudentsLoanOptions-21_22_Html.html &#xD;
&#xD;
C:\Agt6\_work\_temp\TestResults\c2kbuild_CLTBUILD23 2021-04-12 08_12_36\In\548b214f-80c6-489c-8c1b-10b83aa8c1aa\CLTBUILD23&gt;set JunitResultsFile=CollegeFinancePlan-Config@ProspectiveStudentsLoanOptions-21_22_Junit.xml &#xD;
&#xD;
C:\Agt6\_work\_temp\TestResults\c2kbuild_CLTBUILD23 2021-04-12 08_12_36\In\548b214f-80c6-489c-8c1b-10b83aa8c1aa\CLTBUILD23&gt;newman run "c:\agt6\_work\6\a\api\environment\regapiautomation\testdata\shoppingsheets\..\..\..\..\Tests\ShoppingSheets\CollegeFinancePlan-Config@ProspectiveStudentsLoanOptions.postman_collection.json" -k -d "c:\agt6\_work\6\a\api\environment\regapiautomation\testdata\shoppingsheets\CollegeFinancePlan-Config@ProspectiveStudentsLoanOptions-21_22.data.csv" -e "c:\agt6\_work\6\a\api\environment\regapiautomation\testdata\shoppingsheets\..\..\RegApiAutoEnvironment.postman_environment.json" -r junit,html --reporter-html-export "CollegeFinancePlan-Config@ProspectiveStudentsLoanOptions-21_22_Html.html" --reporter-junit-export "CollegeFinancePlan-Config@ProspectiveStudentsLoanOptions-21_22_Junit.xml"</StdOut>
          </Output>
          <ResultFiles>
            <ResultFile path="CLTBUILD23\CollegeFinancePlan-Config@ProspectiveStudentsLoanOptions-21_22_Html.html" />
            <ResultFile path="CLTBUILD23\CollegeFinancePlan-Config@ProspectiveStudentsLoanOptions-21_22_Junit.xml" />
          </ResultFiles>
        </UnitTestResult>
      </InnerResults>
    </TestResultAggregation>
    <TestResultAggregation executionId="904cd9df-22ae-4cf6-9821-5c23e51fbf49" testId="3ead2a3d-44bc-44dc-8666-75e424d720f4" testName="OT-06Q-FISAP-InvalidDepModel-20_21" computerName="CLTBUILD23" duration="00:01:17.1500863" startTime="2021-04-12T08:58:05.1276359-04:00" endTime="2021-04-12T08:59:22.2720363-04:00" testType="ec4800e8-40e5-4ab3-8510-b8bf29b1904d" outcome="Passed" testListId="8c84fa94-04c1-424b-9868-57a2d4851a1d" relativeResultsDirectory="904cd9df-22ae-4cf6-9821-5c23e51fbf49">
      <InnerResults>
        <UnitTestResult executionId="a34db606-b938-47f0-987f-fa34a8f459d1" parentExecutionId="904cd9df-22ae-4cf6-9821-5c23e51fbf49" testId="313e1f4d-df53-4217-97e4-b761b98d60e3" testName="01- prereq-fisap-datacorrection@invaliddepmodel-20_21-createstudent-generictest (OT-06Q-FISAP-InvalidDepModel-20_21)" computerName="CLTBUILD23" duration="00:00:08.0608550" startTime="2021-04-12T08:58:05.1316345-04:00" endTime="2021-04-12T08:58:13.1940526-04:00" testType="13cdc9d9-ddb5-4fa4-a97d-d965ccfc6d4b" outcome="Passed" testListId="8c84fa94-04c1-424b-9868-57a2d4851a1d" relativeResultsDirectory="a34db606-b938-47f0-987f-fa34a8f459d1">
          <Output>
            <StdOut>C:\Agt6\_work\_temp\TestResults\c2kbuild_CLTBUILD23 2021-04-12 08_12_36\In\a34db606-b938-47f0-987f-fa34a8f459d1\CLTBUILD23&gt;if not defined TestLocation (set TestLocation=. ) &#xD;
&#xD;
C:\Agt6\_work\_temp\TestResults\c2kbuild_CLTBUILD23 2021-04-12 08_12_36\In\a34db606-b938-47f0-987f-fa34a8f459d1\CLTBUILD23&gt;set CollectionFileName=c:\agt6\_work\6\a\api\environment\regapiautomation\testdata\fisap-datacorrection\prereq-invaliddepmodel-20_21\..\..\..\..\..\PreReq\PreReq-CreateStudent.postman_collection.json &#xD;
&#xD;
C:\Agt6\_work\_temp\TestResults\c2kbuild_CLTBUILD23 2021-04-12 08_12_36\In\a34db606-b938-47f0-987f-fa34a8f459d1\CLTBUILD23&gt;set DataFileName=c:\agt6\_work\6\a\api\environment\regapiautomation\testdata\fisap-datacorrection\prereq-invaliddepmodel-20_21\PreReq-FISAP-DataCorrection@InvalidDepModel-20_21-CreateStudent.data.csv &#xD;
&#xD;
C:\Agt6\_work\_temp\TestResults\c2kbuild_CLTBUILD23 2021-04-12 08_12_36\In\a34db606-b938-47f0-987f-fa34a8f459d1\CLTBUILD23&gt;set EnvironmentFilePath=c:\agt6\_work\6\a\api\environment\regapiautomation\testdata\fisap-datacorrection\prereq-invaliddepmodel-20_21\..\..\..\RegApiAutoEnvironment.postman_environment.json &#xD;
&#xD;
C:\Agt6\_work\_temp\TestResults\c2kbuild_CLTBUILD23 2021-04-12 08_12_36\In\a34db606-b938-47f0-987f-fa34a8f459d1\CLTBUILD23&gt;set HtmlResultsFile=PreReq-CreateStudent_Html.html &#xD;
&#xD;
C:\Agt6\_work\_temp\TestResults\c2kbuild_CLTBUILD23 2021-04-12 08_12_36\In\a34db606-b938-47f0-987f-fa34a8f459d1\CLTBUILD23&gt;set JunitResultsFile=PreReq-CreateStudent_Junit.xml &#xD;
&#xD;
C:\Agt6\_work\_temp\TestResults\c2kbuild_CLTBUILD23 2021-04-12 08_12_36\In\a34db606-b938-47f0-987f-fa34a8f459d1\CLTBUILD23&gt;newman run "c:\agt6\_work\6\a\api\environment\regapiautomation\testdata\fisap-datacorrection\prereq-invaliddepmodel-20_21\..\..\..\..\..\PreReq\PreReq-CreateStudent.postman_collection.json" -k -d "c:\agt6\_work\6\a\api\environment\regapiautomation\testdata\fisap-datacorrection\prereq-invaliddepmodel-20_21\PreReq-FISAP-DataCorrection@InvalidDepModel-20_21-CreateStudent.data.csv" -e "c:\agt6\_work\6\a\api\environment\regapiautomation\testdata\fisap-datacorrection\prereq-invaliddepmodel-20_21\..\..\..\RegApiAutoEnvironment.postman_environment.json" -r junit,html --reporter-html-export "PreReq-CreateStudent_Html.html" --reporter-junit-export "PreReq-CreateStudent_Junit.xml"</StdOut>
          </Output>
          <ResultFiles>
            <ResultFile path="CLTBUILD23\PreReq-CreateStudent_Html.html" />
            <ResultFile path="CLTBUILD23\PreReq-CreateStudent_Junit.xml" />
          </ResultFiles>
        </UnitTestResult>
        <UnitTestResult executionId="00c25a9b-7c1c-4dfa-b573-a65b64936928" parentExecutionId="904cd9df-22ae-4cf6-9821-5c23e51fbf49" testId="f2edef1d-3af4-4b9a-a18a-6afa2a47a2f7" testName="02- prereq-fisap-datacorrection@invaliddepmodel-20_21-importisir-generictest (OT-06Q-FISAP-InvalidDepModel-20_21)" computerName="CLTBUILD23" duration="00:00:07.7326047" startTime="2021-04-12T08:58:13.1950531-04:00" endTime="2021-04-12T08:58:20.9284909-04:00" testType="13cdc9d9-ddb5-4fa4-a97d-d965ccfc6d4b" outcome="Passed" testListId="8c84fa94-04c1-424b-9868-57a2d4851a1d" relativeResultsDirectory="00c25a9b-7c1c-4dfa-b573-a65b64936928">
          <Output>
            <StdOut>C:\Agt6\_work\_temp\TestResults\c2kbuild_CLTBUILD23 2021-04-12 08_12_36\In\00c25a9b-7c1c-4dfa-b573-a65b64936928\CLTBUILD23&gt;if not defined TestLocation (set TestLocation=. ) &#xD;
&#xD;
C:\Agt6\_work\_temp\TestResults\c2kbuild_CLTBUILD23 2021-04-12 08_12_36\In\00c25a9b-7c1c-4dfa-b573-a65b64936928\CLTBUILD23&gt;set CollectionFileName=c:\agt6\_work\6\a\api\environment\regapiautomation\testdata\fisap-datacorrection\prereq-invaliddepmodel-20_21\..\..\..\..\..\PreReq\PreReq-ImportIsir.postman_collection.json &#xD;
&#xD;
C:\Agt6\_work\_temp\TestResults\c2kbuild_CLTBUILD23 2021-04-12 08_12_36\In\00c25a9b-7c1c-4dfa-b573-a65b64936928\CLTBUILD23&gt;set DataFileName=c:\agt6\_work\6\a\api\environment\regapiautomation\testdata\fisap-datacorrection\prereq-invaliddepmodel-20_21\PreReq-FISAP-DataCorrection@InvalidDepModel-20_21-ImportIsir.data.json &#xD;
&#xD;
C:\Agt6\_work\_temp\TestResults\c2kbuild_CLTBUILD23 2021-04-12 08_12_36\In\00c25a9b-7c1c-4dfa-b573-a65b64936928\CLTBUILD23&gt;set EnvironmentFilePath=c:\agt6\_work\6\a\api\environment\regapiautomation\testdata\fisap-datacorrection\prereq-invaliddepmodel-20_21\..\..\..\RegApiAutoEnvironment.postman_environment.json &#xD;
&#xD;
C:\Agt6\_work\_temp\TestResults\c2kbuild_CLTBUILD23 2021-04-12 08_12_36\In\00c25a9b-7c1c-4dfa-b573-a65b64936928\CLTBUILD23&gt;set HtmlResultsFile=PreReq-ImportIsir_Html.html &#xD;
&#xD;
C:\Agt6\_work\_temp\TestResults\c2kbuild_CLTBUILD23 2021-04-12 08_12_36\In\00c25a9b-7c1c-4dfa-b573-a65b64936928\CLTBUILD23&gt;set JunitResultsFile=PreReq-ImportIsir_Junit.xml &#xD;
&#xD;
C:\Agt6\_work\_temp\TestResults\c2kbuild_CLTBUILD23 2021-04-12 08_12_36\In\00c25a9b-7c1c-4dfa-b573-a65b64936928\CLTBUILD23&gt;newman run "c:\agt6\_work\6\a\api\environment\regapiautomation\testdata\fisap-datacorrection\prereq-invaliddepmodel-20_21\..\..\..\..\..\PreReq\PreReq-ImportIsir.postman_collection.json" -k -d "c:\agt6\_work\6\a\api\environment\regapiautomation\testdata\fisap-datacorrection\prereq-invaliddepmodel-20_21\PreReq-FISAP-DataCorrection@InvalidDepModel-20_21-ImportIsir.data.json" -e "c:\agt6\_work\6\a\api\environment\regapiautomation\testdata\fisap-datacorrection\prereq-invaliddepmodel-20_21\..\..\..\RegApiAutoEnvironment.postman_environment.json" -r junit,html --reporter-html-export "PreReq-ImportIsir_Html.html" --reporter-junit-export "PreReq-ImportIsir_Junit.xml"</StdOut>
          </Output>
          <ResultFiles>
            <ResultFile path="CLTBUILD23\PreReq-ImportIsir_Html.html" />
            <ResultFile path="CLTBUILD23\PreReq-ImportIsir_Junit.xml" />
          </ResultFiles>
        </UnitTestResult>
        <UnitTestResult executionId="ac77e597-53d3-49e0-952d-cf28e3c82a94" parentExecutionId="904cd9df-22ae-4cf6-9821-5c23e51fbf49" testId="453b4eda-dcf3-443c-b8f6-c28e6e0f30db" testName="03- prereq-fisap-datacorrection@invaliddepmodel-20_21-enrollstudent-generictest (OT-06Q-FISAP-InvalidDepModel-20_21)" computerName="CLTBUILD23" duration="00:00:12.8102665" startTime="2021-04-12T08:58:20.9294910-04:00" endTime="2021-04-12T08:58:33.7445562-04:00" testType="13cdc9d9-ddb5-4fa4-a97d-d965ccfc6d4b" outcome="Passed" testListId="8c84fa94-04c1-424b-9868-57a2d4851a1d" relativeResultsDirectory="ac77e597-53d3-49e0-952d-cf28e3c82a94">
          <Output>
            <StdOut>C:\Agt6\_work\_temp\TestResults\c2kbuild_CLTBUILD23 2021-04-12 08_12_36\In\ac77e597-53d3-49e0-952d-cf28e3c82a94\CLTBUILD23&gt;if not defined TestLocation (set TestLocation=. ) &#xD;
&#xD;
C:\Agt6\_work\_temp\TestResults\c2kbuild_CLTBUILD23 2021-04-12 08_12_36\In\ac77e597-53d3-49e0-952d-cf28e3c82a94\CLTBUILD23&gt;set CollectionFileName=c:\agt6\_work\6\a\api\environment\regapiautomation\testdata\fisap-datacorrection\prereq-invaliddepmodel-20_21\..\..\..\..\..\PreReq\PreReq-EnrollStudent.postman_collection.json &#xD;
&#xD;
C:\Agt6\_work\_temp\TestResults\c2kbuild_CLTBUILD23 2021-04-12 08_12_36\In\ac77e597-53d3-49e0-952d-cf28e3c82a94\CLTBUILD23&gt;set DataFileName=c:\agt6\_work\6\a\api\environment\regapiautomation\testdata\fisap-datacorrection\prereq-invaliddepmodel-20_21\PreReq-FISAP-DataCorrection@InvalidDepModel-20_21-EnrollStudent.data.csv &#xD;
&#xD;
C:\Agt6\_work\_temp\TestResults\c2kbuild_CLTBUILD23 2021-04-12 08_12_36\In\ac77e597-53d3-49e0-952d-cf28e3c82a94\CLTBUILD23&gt;set EnvironmentFilePath=c:\agt6\_work\6\a\api\environment\regapiautomation\testdata\fisap-datacorrection\prereq-invaliddepmodel-20_21\..\..\..\RegApiAutoEnvironment.postman_environment.json &#xD;
&#xD;
C:\Agt6\_work\_temp\TestResults\c2kbuild_CLTBUILD23 2021-04-12 08_12_36\In\ac77e597-53d3-49e0-952d-cf28e3c82a94\CLTBUILD23&gt;set HtmlResultsFile=PreReq-EnrollStudent_Html.html &#xD;
&#xD;
C:\Agt6\_work\_temp\TestResults\c2kbuild_CLTBUILD23 2021-04-12 08_12_36\In\ac77e597-53d3-49e0-952d-cf28e3c82a94\CLTBUILD23&gt;set JunitResultsFile=PreReq-EnrollStudent_Junit.xml &#xD;
&#xD;
C:\Agt6\_work\_temp\TestResults\c2kbuild_CLTBUILD23 2021-04-12 08_12_36\In\ac77e597-53d3-49e0-952d-cf28e3c82a94\CLTBUILD23&gt;newman run "c:\agt6\_work\6\a\api\environment\regapiautomation\testdata\fisap-datacorrection\prereq-invaliddepmodel-20_21\..\..\..\..\..\PreReq\PreReq-EnrollStudent.postman_collection.json" -k -d "c:\agt6\_work\6\a\api\environment\regapiautomation\testdata\fisap-datacorrection\prereq-invaliddepmodel-20_21\PreReq-FISAP-DataCorrection@InvalidDepModel-20_21-EnrollStudent.data.csv" -e "c:\agt6\_work\6\a\api\environment\regapiautomation\testdata\fisap-datacorrection\prereq-invaliddepmodel-20_21\..\..\..\RegApiAutoEnvironment.postman_environment.json" -r junit,html --reporter-html-export "PreReq-EnrollStudent_Html.html" --reporter-junit-export "PreReq-EnrollStudent_Junit.xml"</StdOut>
          </Output>
          <ResultFiles>
            <ResultFile path="CLTBUILD23\PreReq-EnrollStudent_Html.html" />
            <ResultFile path="CLTBUILD23\PreReq-EnrollStudent_Junit.xml" />
          </ResultFiles>
        </UnitTestResult>
        <UnitTestResult executionId="5210cc0f-3b80-45ae-81b6-def8856d6c0c" parentExecutionId="904cd9df-22ae-4cf6-9821-5c23e51fbf49" testId="37a32bc1-2b7e-4695-9d78-9aaeec10d750" testName="04- prereq-fisap-datacorrection@invaliddepmodel-20_21-registerclassandpostattendance-generictest (OT-06Q-FISAP-InvalidDepModel-20_21)" computerName="CLTBUILD23" duration="00:00:08.4612294" startTime="2021-04-12T08:58:33.7455586-04:00" endTime="2021-04-12T08:58:42.2129414-04:00" testType="13cdc9d9-ddb5-4fa4-a97d-d965ccfc6d4b" outcome="Passed" testListId="8c84fa94-04c1-424b-9868-57a2d4851a1d" relativeResultsDirectory="5210cc0f-3b80-45ae-81b6-def8856d6c0c">
          <Output>
            <StdOut>C:\Agt6\_work\_temp\TestResults\c2kbuild_CLTBUILD23 2021-04-12 08_12_36\In\5210cc0f-3b80-45ae-81b6-def8856d6c0c\CLTBUILD23&gt;if not defined TestLocation (set TestLocation=. ) &#xD;
&#xD;
C:\Agt6\_work\_temp\TestResults\c2kbuild_CLTBUILD23 2021-04-12 08_12_36\In\5210cc0f-3b80-45ae-81b6-def8856d6c0c\CLTBUILD23&gt;set CollectionFileName=c:\agt6\_work\6\a\api\environment\regapiautomation\testdata\fisap-datacorrection\prereq-invaliddepmodel-20_21\..\..\..\..\..\PreReq\PreReq-RegisterClassAndPostAttendanceForStudent.postman_collection.json &#xD;
&#xD;
C:\Agt6\_work\_temp\TestResults\c2kbuild_CLTBUILD23 2021-04-12 08_12_36\In\5210cc0f-3b80-45ae-81b6-def8856d6c0c\CLTBUILD23&gt;set DataFileName=c:\agt6\_work\6\a\api\environment\regapiautomation\testdata\fisap-datacorrection\prereq-invaliddepmodel-20_21\PreReq-FISAP-DataCorrection@InvalidDepModel-20_21-RegisterClassAndPostAttendance.csv &#xD;
&#xD;
C:\Agt6\_work\_temp\TestResults\c2kbuild_CLTBUILD23 2021-04-12 08_12_36\In\5210cc0f-3b80-45ae-81b6-def8856d6c0c\CLTBUILD23&gt;set EnvironmentFilePath=c:\agt6\_work\6\a\api\environment\regapiautomation\testdata\fisap-datacorrection\prereq-invaliddepmodel-20_21\..\..\..\RegApiAutoEnvironment.postman_environment.json &#xD;
&#xD;
C:\Agt6\_work\_temp\TestResults\c2kbuild_CLTBUILD23 2021-04-12 08_12_36\In\5210cc0f-3b80-45ae-81b6-def8856d6c0c\CLTBUILD23&gt;set HtmlResultsFile=PreReq-RegisterClassAndPostAttendance_Html.html &#xD;
&#xD;
C:\Agt6\_work\_temp\TestResults\c2kbuild_CLTBUILD23 2021-04-12 08_12_36\In\5210cc0f-3b80-45ae-81b6-def8856d6c0c\CLTBUILD23&gt;set JunitResultsFile=PreReq-RegisterClassAndPostAttendance_Junit.xml &#xD;
&#xD;
C:\Agt6\_work\_temp\TestResults\c2kbuild_CLTBUILD23 2021-04-12 08_12_36\In\5210cc0f-3b80-45ae-81b6-def8856d6c0c\CLTBUILD23&gt;newman run "c:\agt6\_work\6\a\api\environment\regapiautomation\testdata\fisap-datacorrection\prereq-invaliddepmodel-20_21\..\..\..\..\..\PreReq\PreReq-RegisterClassAndPostAttendanceForStudent.postman_collection.json" -k -d "c:\agt6\_work\6\a\api\environment\regapiautomation\testdata\fisap-datacorrection\prereq-invaliddepmodel-20_21\PreReq-FISAP-DataCorrection@InvalidDepModel-20_21-RegisterClassAndPostAttendance.csv" -e "c:\agt6\_work\6\a\api\environment\regapiautomation\testdata\fisap-datacorrection\prereq-invaliddepmodel-20_21\..\..\..\RegApiAutoEnvironment.postman_environment.json" -r junit,html --reporter-html-export "PreReq-RegisterClassAndPostAttendance_Html.html" --reporter-junit-export "PreReq-RegisterClassAndPostAttendance_Junit.xml"</StdOut>
          </Output>
          <ResultFiles>
            <ResultFile path="CLTBUILD23\PreReq-RegisterClassAndPostAttendance_Html.html" />
            <ResultFile path="CLTBUILD23\PreReq-RegisterClassAndPostAttendance_Junit.xml" />
          </ResultFiles>
        </UnitTestResult>
        <UnitTestResult executionId="edb4bcca-c3a6-46f1-bd9b-2777da63757a" parentExecutionId="904cd9df-22ae-4cf6-9821-5c23e51fbf49" testId="2d2895b8-762e-46a7-8e56-b1ab46274830" testName="05- prereq-fisap-datacorrection@invaliddepmodel-20_21-updatebudgetforacademicyearforpackaging (OT-06Q-FISAP-InvalidDepModel-20_21)" computerName="CLTBUILD23" duration="00:00:08.9314618" startTime="2021-04-12T08:58:42.2129414-04:00" endTime="2021-04-12T08:58:51.1502896-04:00" testType="13cdc9d9-ddb5-4fa4-a97d-d965ccfc6d4b" outcome="Passed" testListId="8c84fa94-04c1-424b-9868-57a2d4851a1d" relativeResultsDirectory="edb4bcca-c3a6-46f1-bd9b-2777da63757a">
          <Output>
            <StdOut>C:\Agt6\_work\_temp\TestResults\c2kbuild_CLTBUILD23 2021-04-12 08_12_36\In\edb4bcca-c3a6-46f1-bd9b-2777da63757a\CLTBUILD23&gt;if not defined TestLocation (set TestLocation=. ) &#xD;
&#xD;
C:\Agt6\_work\_temp\TestResults\c2kbuild_CLTBUILD23 2021-04-12 08_12_36\In\edb4bcca-c3a6-46f1-bd9b-2777da63757a\CLTBUILD23&gt;set CollectionFileName=c:\agt6\_work\6\a\api\environment\regapiautomation\testdata\fisap-datacorrection\prereq-invaliddepmodel-20_21\..\..\..\..\..\PreReq\PreReq-UpdateBudgetForAcademicYearForPackaging.postman_collection.json &#xD;
&#xD;
C:\Agt6\_work\_temp\TestResults\c2kbuild_CLTBUILD23 2021-04-12 08_12_36\In\edb4bcca-c3a6-46f1-bd9b-2777da63757a\CLTBUILD23&gt;set DataFileName=c:\agt6\_work\6\a\api\environment\regapiautomation\testdata\fisap-datacorrection\prereq-invaliddepmodel-20_21\PreReq-FISAP-DataCorrection@InvalidDepModel-20_21-UpdateBudgetForAcademicYearForPackaging.data.csv &#xD;
&#xD;
C:\Agt6\_work\_temp\TestResults\c2kbuild_CLTBUILD23 2021-04-12 08_12_36\In\edb4bcca-c3a6-46f1-bd9b-2777da63757a\CLTBUILD23&gt;set EnvironmentFilePath=c:\agt6\_work\6\a\api\environment\regapiautomation\testdata\fisap-datacorrection\prereq-invaliddepmodel-20_21\..\..\..\RegApiAutoEnvironment.postman_environment.json &#xD;
&#xD;
C:\Agt6\_work\_temp\TestResults\c2kbuild_CLTBUILD23 2021-04-12 08_12_36\In\edb4bcca-c3a6-46f1-bd9b-2777da63757a\CLTBUILD23&gt;set HtmlResultsFile=PreReq-UpdateBudgetForAcademicYearForPackaging_Html.html &#xD;
&#xD;
C:\Agt6\_work\_temp\TestResults\c2kbuild_CLTBUILD23 2021-04-12 08_12_36\In\edb4bcca-c3a6-46f1-bd9b-2777da63757a\CLTBUILD23&gt;set JunitResultsFile=PreReq-UpdateBudgetForAcademicYearForPackaging_Junit.xml &#xD;
&#xD;
C:\Agt6\_work\_temp\TestResults\c2kbuild_CLTBUILD23 2021-04-12 08_12_36\In\edb4bcca-c3a6-46f1-bd9b-2777da63757a\CLTBUILD23&gt;newman run "c:\agt6\_work\6\a\api\environment\regapiautomation\testdata\fisap-datacorrection\prereq-invaliddepmodel-20_21\..\..\..\..\..\PreReq\PreReq-UpdateBudgetForAcademicYearForPackaging.postman_collection.json" -k -d "c:\agt6\_work\6\a\api\environment\regapiautomation\testdata\fisap-datacorrection\prereq-invaliddepmodel-20_21\PreReq-FISAP-DataCorrection@InvalidDepModel-20_21-UpdateBudgetForAcademicYearForPackaging.data.csv" -e "c:\agt6\_work\6\a\api\environment\regapiautomation\testdata\fisap-datacorrection\prereq-invaliddepmodel-20_21\..\..\..\RegApiAutoEnvironment.postman_environment.json" -r junit,html --reporter-html-export "PreReq-UpdateBudgetForAcademicYearForPackaging_Html.html" --reporter-junit-export "PreReq-UpdateBudgetForAcademicYearForPackaging_Junit.xml"</StdOut>
          </Output>
          <ResultFiles>
            <ResultFile path="CLTBUILD23\PreReq-UpdateBudgetForAcademicYearForPackaging_Html.html" />
            <ResultFile path="CLTBUILD23\PreReq-UpdateBudgetForAcademicYearForPackaging_Junit.xml" />
          </ResultFiles>
        </UnitTestResult>
        <UnitTestResult executionId="8cfb21b0-8843-4b2a-b357-ea831a31b04c" parentExecutionId="904cd9df-22ae-4cf6-9821-5c23e51fbf49" testId="0ddde841-0238-4436-8f6c-593e200337ce" testName="06- prereq-fisap-datacorrection@invaliddepmodel-20_21-awardgrantforpackaging-generictest (OT-06Q-FISAP-InvalidDepModel-20_21)" computerName="CLTBUILD23" duration="00:00:08.9121812" startTime="2021-04-12T08:58:51.1502896-04:00" endTime="2021-04-12T08:59:00.0706491-04:00" testType="13cdc9d9-ddb5-4fa4-a97d-d965ccfc6d4b" outcome="Passed" testListId="8c84fa94-04c1-424b-9868-57a2d4851a1d" relativeResultsDirectory="8cfb21b0-8843-4b2a-b357-ea831a31b04c">
          <Output>
            <StdOut>C:\Agt6\_work\_temp\TestResults\c2kbuild_CLTBUILD23 2021-04-12 08_12_36\In\8cfb21b0-8843-4b2a-b357-ea831a31b04c\CLTBUILD23&gt;if not defined TestLocation (set TestLocation=. ) &#xD;
&#xD;
C:\Agt6\_work\_temp\TestResults\c2kbuild_CLTBUILD23 2021-04-12 08_12_36\In\8cfb21b0-8843-4b2a-b357-ea831a31b04c\CLTBUILD23&gt;set CollectionFileName=c:\agt6\_work\6\a\api\environment\regapiautomation\testdata\fisap-datacorrection\prereq-invaliddepmodel-20_21\..\..\..\..\..\PreReq\PreReq-AwardGrantForPackaging.postman_collection.json &#xD;
&#xD;
C:\Agt6\_work\_temp\TestResults\c2kbuild_CLTBUILD23 2021-04-12 08_12_36\In\8cfb21b0-8843-4b2a-b357-ea831a31b04c\CLTBUILD23&gt;set DataFileName=c:\agt6\_work\6\a\api\environment\regapiautomation\testdata\fisap-datacorrection\prereq-invaliddepmodel-20_21\PreReq-FISAP-DataCorrection@InvalidDepModel-20_21-AwardGrantForPackaging.data.csv &#xD;
&#xD;
C:\Agt6\_work\_temp\TestResults\c2kbuild_CLTBUILD23 2021-04-12 08_12_36\In\8cfb21b0-8843-4b2a-b357-ea831a31b04c\CLTBUILD23&gt;set EnvironmentFilePath=c:\agt6\_work\6\a\api\environment\regapiautomation\testdata\fisap-datacorrection\prereq-invaliddepmodel-20_21\..\..\..\RegApiAutoEnvironment.postman_environment.json &#xD;
&#xD;
C:\Agt6\_work\_temp\TestResults\c2kbuild_CLTBUILD23 2021-04-12 08_12_36\In\8cfb21b0-8843-4b2a-b357-ea831a31b04c\CLTBUILD23&gt;set HtmlResultsFile=PreReq-AwardGrantForPackaging_Html.html &#xD;
&#xD;
C:\Agt6\_work\_temp\TestResults\c2kbuild_CLTBUILD23 2021-04-12 08_12_36\In\8cfb21b0-8843-4b2a-b357-ea831a31b04c\CLTBUILD23&gt;set JunitResultsFile=PreReq-AwardGrantForPackaging_Junit.xml &#xD;
&#xD;
C:\Agt6\_work\_temp\TestResults\c2kbuild_CLTBUILD23 2021-04-12 08_12_36\In\8cfb21b0-8843-4b2a-b357-ea831a31b04c\CLTBUILD23&gt;newman run "c:\agt6\_work\6\a\api\environment\regapiautomation\testdata\fisap-datacorrection\prereq-invaliddepmodel-20_21\..\..\..\..\..\PreReq\PreReq-AwardGrantForPackaging.postman_collection.json" -k -d "c:\agt6\_work\6\a\api\environment\regapiautomation\testdata\fisap-datacorrection\prereq-invaliddepmodel-20_21\PreReq-FISAP-DataCorrection@InvalidDepModel-20_21-AwardGrantForPackaging.data.csv" -e "c:\agt6\_work\6\a\api\environment\regapiautomation\testdata\fisap-datacorrection\prereq-invaliddepmodel-20_21\..\..\..\RegApiAutoEnvironment.postman_environment.json" -r junit,html --reporter-html-export "PreReq-AwardGrantForPackaging_Html.html" --reporter-junit-export "PreReq-AwardGrantForPackaging_Junit.xml"</StdOut>
          </Output>
          <ResultFiles>
            <ResultFile path="CLTBUILD23\PreReq-AwardGrantForPackaging_Html.html" />
            <ResultFile path="CLTBUILD23\PreReq-AwardGrantForPackaging_Junit.xml" />
          </ResultFiles>
        </UnitTestResult>
        <UnitTestResult executionId="7c3a82cb-d706-42bb-b598-e85cbf85b012" parentExecutionId="904cd9df-22ae-4cf6-9821-5c23e51fbf49" testId="fac3ecae-ac09-452c-af52-ea5f3d6fd0dd" testName="07- prereq-fisap-datacorrection@invaliddepmodel-20_21-postpaymentledgercard-generictest (OT-06Q-FISAP-InvalidDepModel-20_21)" computerName="CLTBUILD23" duration="00:00:08.2272819" startTime="2021-04-12T08:59:00.0706491-04:00" endTime="2021-04-12T08:59:08.3010418-04:00" testType="13cdc9d9-ddb5-4fa4-a97d-d965ccfc6d4b" outcome="Passed" testListId="8c84fa94-04c1-424b-9868-57a2d4851a1d" relativeResultsDirectory="7c3a82cb-d706-42bb-b598-e85cbf85b012">
          <Output>
            <StdOut>C:\Agt6\_work\_temp\TestResults\c2kbuild_CLTBUILD23 2021-04-12 08_12_36\In\7c3a82cb-d706-42bb-b598-e85cbf85b012\CLTBUILD23&gt;if not defined TestLocation (set TestLocation=. ) &#xD;
&#xD;
C:\Agt6\_work\_temp\TestResults\c2kbuild_CLTBUILD23 2021-04-12 08_12_36\In\7c3a82cb-d706-42bb-b598-e85cbf85b012\CLTBUILD23&gt;set CollectionFileName=c:\agt6\_work\6\a\api\environment\regapiautomation\testdata\fisap-datacorrection\prereq-invaliddepmodel-20_21\..\..\..\..\..\PreReq\PreReq-PostPaymentLedgerCard.postman_collection.json &#xD;
&#xD;
C:\Agt6\_work\_temp\TestResults\c2kbuild_CLTBUILD23 2021-04-12 08_12_36\In\7c3a82cb-d706-42bb-b598-e85cbf85b012\CLTBUILD23&gt;set DataFileName=c:\agt6\_work\6\a\api\environment\regapiautomation\testdata\fisap-datacorrection\prereq-invaliddepmodel-20_21\PreReq-FISAP-DataCorrection@InvalidDepModel-20_21-PostPaymentLedgerCard.data.json &#xD;
&#xD;
C:\Agt6\_work\_temp\TestResults\c2kbuild_CLTBUILD23 2021-04-12 08_12_36\In\7c3a82cb-d706-42bb-b598-e85cbf85b012\CLTBUILD23&gt;set EnvironmentFilePath=c:\agt6\_work\6\a\api\environment\regapiautomation\testdata\fisap-datacorrection\prereq-invaliddepmodel-20_21\..\..\..\RegApiAutoEnvironment.postman_environment.json &#xD;
&#xD;
C:\Agt6\_work\_temp\TestResults\c2kbuild_CLTBUILD23 2021-04-12 08_12_36\In\7c3a82cb-d706-42bb-b598-e85cbf85b012\CLTBUILD23&gt;set HtmlResultsFile=PreReq-PostPaymentLedgerCard_Html.html &#xD;
&#xD;
C:\Agt6\_work\_temp\TestResults\c2kbuild_CLTBUILD23 2021-04-12 08_12_36\In\7c3a82cb-d706-42bb-b598-e85cbf85b012\CLTBUILD23&gt;set JunitResultsFile=PreReq-PostPaymentLdegerCard_Junit.xml &#xD;
&#xD;
C:\Agt6\_work\_temp\TestResults\c2kbuild_CLTBUILD23 2021-04-12 08_12_36\In\7c3a82cb-d706-42bb-b598-e85cbf85b012\CLTBUILD23&gt;newman run "c:\agt6\_work\6\a\api\environment\regapiautomation\testdata\fisap-datacorrection\prereq-invaliddepmodel-20_21\..\..\..\..\..\PreReq\PreReq-PostPaymentLedgerCard.postman_collection.json" -k -d "c:\agt6\_work\6\a\api\environment\regapiautomation\testdata\fisap-datacorrection\prereq-invaliddepmodel-20_21\PreReq-FISAP-DataCorrection@InvalidDepModel-20_21-PostPaymentLedgerCard.data.json" -e "c:\agt6\_work\6\a\api\environment\regapiautomation\testdata\fisap-datacorrection\prereq-invaliddepmodel-20_21\..\..\..\RegApiAutoEnvironment.postman_environment.json" -r junit,html --reporter-html-export "PreReq-PostPaymentLedgerCard_Html.html" --reporter-junit-export "PreReq-PostPaymentLdegerCard_Junit.xml"</StdOut>
          </Output>
          <ResultFiles>
            <ResultFile path="CLTBUILD23\PreReq-PostPaymentLdegerCard_Junit.xml" />
            <ResultFile path="CLTBUILD23\PreReq-PostPaymentLedgerCard_Html.html" />
          </ResultFiles>
        </UnitTestResult>
        <UnitTestResult executionId="5f9f047f-132d-4ac1-983e-45d6dfabee19" parentExecutionId="904cd9df-22ae-4cf6-9821-5c23e51fbf49" testId="272e14c8-755c-4d81-add3-5f019325cfba" testName="08- prereq-fisap-datacorrection@invaliddepmodel-20_21-changestudentstatus-generictest (OT-06Q-FISAP-InvalidDepModel-20_21)" computerName="CLTBUILD23" duration="00:00:06.2099567" startTime="2021-04-12T08:59:08.3020459-04:00" endTime="2021-04-12T08:59:14.5125971-04:00" testType="13cdc9d9-ddb5-4fa4-a97d-d965ccfc6d4b" outcome="Passed" testListId="8c84fa94-04c1-424b-9868-57a2d4851a1d" relativeResultsDirectory="5f9f047f-132d-4ac1-983e-45d6dfabee19">
          <Output>
            <StdOut>C:\Agt6\_work\_temp\TestResults\c2kbuild_CLTBUILD23 2021-04-12 08_12_36\In\5f9f047f-132d-4ac1-983e-45d6dfabee19\CLTBUILD23&gt;if not defined TestLocation (set TestLocation=. ) &#xD;
&#xD;
C:\Agt6\_work\_temp\TestResults\c2kbuild_CLTBUILD23 2021-04-12 08_12_36\In\5f9f047f-132d-4ac1-983e-45d6dfabee19\CLTBUILD23&gt;set CollectionFileName=c:\agt6\_work\6\a\api\environment\regapiautomation\testdata\fisap-datacorrection\prereq-invaliddepmodel-20_21\..\..\..\..\..\PreReq\PreReq-GraduateStudentStatus.postman_collection.json &#xD;
&#xD;
C:\Agt6\_work\_temp\TestResults\c2kbuild_CLTBUILD23 2021-04-12 08_12_36\In\5f9f047f-132d-4ac1-983e-45d6dfabee19\CLTBUILD23&gt;set DataFileName=c:\agt6\_work\6\a\api\environment\regapiautomation\testdata\fisap-datacorrection\prereq-invaliddepmodel-20_21\PreReq-FISAP-DataCorrection@InvalidDepModel-20_21-ChangeStudentStatus.data.json &#xD;
&#xD;
C:\Agt6\_work\_temp\TestResults\c2kbuild_CLTBUILD23 2021-04-12 08_12_36\In\5f9f047f-132d-4ac1-983e-45d6dfabee19\CLTBUILD23&gt;set EnvironmentFilePath=c:\agt6\_work\6\a\api\environment\regapiautomation\testdata\fisap-datacorrection\prereq-invaliddepmodel-20_21\..\..\..\RegApiAutoEnvironment.postman_environment.json &#xD;
&#xD;
C:\Agt6\_work\_temp\TestResults\c2kbuild_CLTBUILD23 2021-04-12 08_12_36\In\5f9f047f-132d-4ac1-983e-45d6dfabee19\CLTBUILD23&gt;set HtmlResultsFile=PreReq-ChangeStudentStatus_Html.html &#xD;
&#xD;
C:\Agt6\_work\_temp\TestResults\c2kbuild_CLTBUILD23 2021-04-12 08_12_36\In\5f9f047f-132d-4ac1-983e-45d6dfabee19\CLTBUILD23&gt;set JunitResultsFile=PreReq-ChangeStudentStatus_Junit.xml &#xD;
&#xD;
C:\Agt6\_work\_temp\TestResults\c2kbuild_CLTBUILD23 2021-04-12 08_12_36\In\5f9f047f-132d-4ac1-983e-45d6dfabee19\CLTBUILD23&gt;newman run "c:\agt6\_work\6\a\api\environment\regapiautomation\testdata\fisap-datacorrection\prereq-invaliddepmodel-20_21\..\..\..\..\..\PreReq\PreReq-GraduateStudentStatus.postman_collection.json" -k -d "c:\agt6\_work\6\a\api\environment\regapiautomation\testdata\fisap-datacorrection\prereq-invaliddepmodel-20_21\PreReq-FISAP-DataCorrection@InvalidDepModel-20_21-ChangeStudentStatus.data.json" -e "c:\agt6\_work\6\a\api\environment\regapiautomation\testdata\fisap-datacorrection\prereq-invaliddepmodel-20_21\..\..\..\RegApiAutoEnvironment.postman_environment.json" -r junit,html --reporter-html-export "PreReq-ChangeStudentStatus_Html.html" --reporter-junit-export "PreReq-ChangeStudentStatus_Junit.xml"</StdOut>
          </Output>
          <ResultFiles>
            <ResultFile path="CLTBUILD23\PreReq-ChangeStudentStatus_Html.html" />
            <ResultFile path="CLTBUILD23\PreReq-ChangeStudentStatus_Junit.xml" />
          </ResultFiles>
        </UnitTestResult>
        <UnitTestResult executionId="800f74a9-9ec7-4b0c-92dd-b1aadaf5fe6f" parentExecutionId="904cd9df-22ae-4cf6-9821-5c23e51fbf49" testId="d5fb5a1a-6155-42fe-ae4e-5819b3dec2b9" testName="09- fisap-datacorrection@invaliddepmodel-20_21-generictest (OT-06Q-FISAP-InvalidDepModel-20_21)" computerName="CLTBUILD23" duration="00:00:07.7481951" startTime="2021-04-12T08:59:14.5125971-04:00" endTime="2021-04-12T08:59:22.2710335-04:00" testType="13cdc9d9-ddb5-4fa4-a97d-d965ccfc6d4b" outcome="Passed" testListId="8c84fa94-04c1-424b-9868-57a2d4851a1d" relativeResultsDirectory="800f74a9-9ec7-4b0c-92dd-b1aadaf5fe6f">
          <Output>
            <StdOut>C:\Agt6\_work\_temp\TestResults\c2kbuild_CLTBUILD23 2021-04-12 08_12_36\In\800f74a9-9ec7-4b0c-92dd-b1aadaf5fe6f\CLTBUILD23&gt;if not defined TestLocation (set TestLocation=. ) &#xD;
&#xD;
C:\Agt6\_work\_temp\TestResults\c2kbuild_CLTBUILD23 2021-04-12 08_12_36\In\800f74a9-9ec7-4b0c-92dd-b1aadaf5fe6f\CLTBUILD23&gt;set CollectionFileName=c:\agt6\_work\6\a\api\environment\regapiautomation\testdata\fisap-datacorrection\..\..\..\..\Tests\FISAP-DataCorrection\FISAP-DataCorrection@InvalidDepModel.postman_collection.json &#xD;
&#xD;
C:\Agt6\_work\_temp\TestResults\c2kbuild_CLTBUILD23 2021-04-12 08_12_36\In\800f74a9-9ec7-4b0c-92dd-b1aadaf5fe6f\CLTBUILD23&gt;set DataFileName=c:\agt6\_work\6\a\api\environment\regapiautomation\testdata\fisap-datacorrection\FISAP-DataCorrection@InvalidDepModel-20_21.data.json &#xD;
&#xD;
C:\Agt6\_work\_temp\TestResults\c2kbuild_CLTBUILD23 2021-04-12 08_12_36\In\800f74a9-9ec7-4b0c-92dd-b1aadaf5fe6f\CLTBUILD23&gt;set EnvironmentFilePath=c:\agt6\_work\6\a\api\environment\regapiautomation\testdata\fisap-datacorrection\..\..\RegApiAutoEnvironment.postman_environment.json &#xD;
&#xD;
C:\Agt6\_work\_temp\TestResults\c2kbuild_CLTBUILD23 2021-04-12 08_12_36\In\800f74a9-9ec7-4b0c-92dd-b1aadaf5fe6f\CLTBUILD23&gt;set HtmlResultsFile=FISAP-DataCorrection@InvalidDepModel-20_21-Html.html &#xD;
&#xD;
C:\Agt6\_work\_temp\TestResults\c2kbuild_CLTBUILD23 2021-04-12 08_12_36\In\800f74a9-9ec7-4b0c-92dd-b1aadaf5fe6f\CLTBUILD23&gt;set JunitResultsFile=FISAP-DataCorrection@InvalidDepModel-20_21-Junit.xml &#xD;
&#xD;
C:\Agt6\_work\_temp\TestResults\c2kbuild_CLTBUILD23 2021-04-12 08_12_36\In\800f74a9-9ec7-4b0c-92dd-b1aadaf5fe6f\CLTBUILD23&gt;newman run "c:\agt6\_work\6\a\api\environment\regapiautomation\testdata\fisap-datacorrection\..\..\..\..\Tests\FISAP-DataCorrection\FISAP-DataCorrection@InvalidDepModel.postman_collection.json" -k -d "c:\agt6\_work\6\a\api\environment\regapiautomation\testdata\fisap-datacorrection\FISAP-DataCorrection@InvalidDepModel-20_21.data.json" -e "c:\agt6\_work\6\a\api\environment\regapiautomation\testdata\fisap-datacorrection\..\..\RegApiAutoEnvironment.postman_environment.json" -r junit,html --reporter-html-export "FISAP-DataCorrection@InvalidDepModel-20_21-Html.html" --reporter-junit-export "FISAP-DataCorrection@InvalidDepModel-20_21-Junit.xml"</StdOut>
          </Output>
          <ResultFiles>
            <ResultFile path="CLTBUILD23\FISAP-DataCorrection@InvalidDepModel-20_21-Html.html" />
            <ResultFile path="CLTBUILD23\FISAP-DataCorrection@InvalidDepModel-20_21-Junit.xml" />
          </ResultFiles>
        </UnitTestResult>
      </InnerResults>
    </TestResultAggregation>
    <TestResultAggregation executionId="ab133d41-e473-4216-ab68-0f3ac43f219e" testId="9fddfc72-df75-4681-8576-9605f12bffcb" testName="OT-07-IPEDSEnrollmentSurvey" computerName="CLTBUILD23" duration="00:00:43.2331995" startTime="2021-04-12T09:17:15.0083749-04:00" endTime="2021-04-12T09:17:58.2382997-04:00" testType="ec4800e8-40e5-4ab3-8510-b8bf29b1904d" outcome="Passed" testListId="8c84fa94-04c1-424b-9868-57a2d4851a1d" relativeResultsDirectory="ab133d41-e473-4216-ab68-0f3ac43f219e">
      <InnerResults>
        <UnitTestResult executionId="38e3bdb7-706b-481a-adbd-ae39909f8ffd" parentExecutionId="ab133d41-e473-4216-ab68-0f3ac43f219e" testId="01c279c9-e9c6-4e3c-9506-7840eeb80c32" testName="1- prereq-ipedscompletionsurvey@hp-createstudent-generictest (OT-07-IPEDSEnrollmentSurvey)" computerName="CLTBUILD23" duration="00:00:08.6068896" startTime="2021-04-12T09:17:15.0093808-04:00" endTime="2021-04-12T09:17:23.6177661-04:00" testType="13cdc9d9-ddb5-4fa4-a97d-d965ccfc6d4b" outcome="Passed" testListId="8c84fa94-04c1-424b-9868-57a2d4851a1d" relativeResultsDirectory="38e3bdb7-706b-481a-adbd-ae39909f8ffd">
          <Output>
            <StdOut>C:\Agt6\_work\_temp\TestResults\c2kbuild_CLTBUILD23 2021-04-12 08_12_36\In\38e3bdb7-706b-481a-adbd-ae39909f8ffd\CLTBUILD23&gt;if not defined TestLocation (set TestLocation=. ) &#xD;
&#xD;
C:\Agt6\_work\_temp\TestResults\c2kbuild_CLTBUILD23 2021-04-12 08_12_36\In\38e3bdb7-706b-481a-adbd-ae39909f8ffd\CLTBUILD23&gt;set CollectionFileName=c:\agt6\_work\6\a\api\environment\regapiautomation\testdata\ipeds\prereq\..\..\..\..\..\PreReq\PreReq-CreateStudent.postman_collection.json &#xD;
&#xD;
C:\Agt6\_work\_temp\TestResults\c2kbuild_CLTBUILD23 2021-04-12 08_12_36\In\38e3bdb7-706b-481a-adbd-ae39909f8ffd\CLTBUILD23&gt;set DataFileName=c:\agt6\_work\6\a\api\environment\regapiautomation\testdata\ipeds\prereq\PreReq-IPEDSCompletionSurvey@HP-CreateStudent.csv &#xD;
&#xD;
C:\Agt6\_work\_temp\TestResults\c2kbuild_CLTBUILD23 2021-04-12 08_12_36\In\38e3bdb7-706b-481a-adbd-ae39909f8ffd\CLTBUILD23&gt;set EnvironmentFilePath=c:\agt6\_work\6\a\api\environment\regapiautomation\testdata\ipeds\prereq\..\..\..\RegApiAutoEnvironment.postman_environment.json &#xD;
&#xD;
C:\Agt6\_work\_temp\TestResults\c2kbuild_CLTBUILD23 2021-04-12 08_12_36\In\38e3bdb7-706b-481a-adbd-ae39909f8ffd\CLTBUILD23&gt;set HtmlResultsFile=PreReq-IPEDSCompletionSurvey@HP-CreateStudent_Html.html &#xD;
&#xD;
C:\Agt6\_work\_temp\TestResults\c2kbuild_CLTBUILD23 2021-04-12 08_12_36\In\38e3bdb7-706b-481a-adbd-ae39909f8ffd\CLTBUILD23&gt;set JunitResultsFile=PreReq-IPEDSCompletionSurvey@HP-CreateStudent_Junit.xml &#xD;
&#xD;
C:\Agt6\_work\_temp\TestResults\c2kbuild_CLTBUILD23 2021-04-12 08_12_36\In\38e3bdb7-706b-481a-adbd-ae39909f8ffd\CLTBUILD23&gt;newman run "c:\agt6\_work\6\a\api\environment\regapiautomation\testdata\ipeds\prereq\..\..\..\..\..\PreReq\PreReq-CreateStudent.postman_collection.json" -k -d "c:\agt6\_work\6\a\api\environment\regapiautomation\testdata\ipeds\prereq\PreReq-IPEDSCompletionSurvey@HP-CreateStudent.csv" -e "c:\agt6\_work\6\a\api\environment\regapiautomation\testdata\ipeds\prereq\..\..\..\RegApiAutoEnvironment.postman_environment.json" -r junit,html --reporter-html-export "PreReq-IPEDSCompletionSurvey@HP-CreateStudent_Html.html" --reporter-junit-export "PreReq-IPEDSCompletionSurvey@HP-CreateStudent_Junit.xml"</StdOut>
          </Output>
          <ResultFiles>
            <ResultFile path="CLTBUILD23\PreReq-IPEDSCompletionSurvey@HP-CreateStudent_Html.html" />
            <ResultFile path="CLTBUILD23\PreReq-IPEDSCompletionSurvey@HP-CreateStudent_Junit.xml" />
          </ResultFiles>
        </UnitTestResult>
        <UnitTestResult executionId="3944787e-9e5f-47c3-b6d9-11933678df03" parentExecutionId="ab133d41-e473-4216-ab68-0f3ac43f219e" testId="e82c24fc-2983-44b2-a8eb-c33ddce6b024" testName="2- prereq-ipedscompletionsurvey@hp-enroll-generictest (OT-07-IPEDSEnrollmentSurvey)" computerName="CLTBUILD23" duration="00:00:12.7897445" startTime="2021-04-12T09:17:23.6177661-04:00" endTime="2021-04-12T09:17:36.4108516-04:00" testType="13cdc9d9-ddb5-4fa4-a97d-d965ccfc6d4b" outcome="Passed" testListId="8c84fa94-04c1-424b-9868-57a2d4851a1d" relativeResultsDirectory="3944787e-9e5f-47c3-b6d9-11933678df03">
          <Output>
            <StdOut>C:\Agt6\_work\_temp\TestResults\c2kbuild_CLTBUILD23 2021-04-12 08_12_36\In\3944787e-9e5f-47c3-b6d9-11933678df03\CLTBUILD23&gt;if not defined TestLocation (set TestLocation=. ) &#xD;
&#xD;
C:\Agt6\_work\_temp\TestResults\c2kbuild_CLTBUILD23 2021-04-12 08_12_36\In\3944787e-9e5f-47c3-b6d9-11933678df03\CLTBUILD23&gt;set CollectionFileName=c:\agt6\_work\6\a\api\environment\regapiautomation\testdata\ipeds\prereq\..\..\..\..\..\PreReq\PreReq-EnrollStudent.postman_collection.json &#xD;
&#xD;
C:\Agt6\_work\_temp\TestResults\c2kbuild_CLTBUILD23 2021-04-12 08_12_36\In\3944787e-9e5f-47c3-b6d9-11933678df03\CLTBUILD23&gt;set DataFileName=c:\agt6\_work\6\a\api\environment\regapiautomation\testdata\ipeds\prereq\PreReq-IPEDSCompletionSurvey@HP-Enroll.data.csv &#xD;
&#xD;
C:\Agt6\_work\_temp\TestResults\c2kbuild_CLTBUILD23 2021-04-12 08_12_36\In\3944787e-9e5f-47c3-b6d9-11933678df03\CLTBUILD23&gt;set EnvironmentFilePath=c:\agt6\_work\6\a\api\environment\regapiautomation\testdata\ipeds\prereq\..\..\..\RegApiAutoEnvironment.postman_environment.json &#xD;
&#xD;
C:\Agt6\_work\_temp\TestResults\c2kbuild_CLTBUILD23 2021-04-12 08_12_36\In\3944787e-9e5f-47c3-b6d9-11933678df03\CLTBUILD23&gt;set HtmlResultsFile=PreReq-IPEDSCompletionSurvey@HP-Enroll_Html.html &#xD;
&#xD;
C:\Agt6\_work\_temp\TestResults\c2kbuild_CLTBUILD23 2021-04-12 08_12_36\In\3944787e-9e5f-47c3-b6d9-11933678df03\CLTBUILD23&gt;set JunitResultsFile=PreReq-IPEDSCompletionSurvey@HP-Enroll_Junit.xml &#xD;
&#xD;
C:\Agt6\_work\_temp\TestResults\c2kbuild_CLTBUILD23 2021-04-12 08_12_36\In\3944787e-9e5f-47c3-b6d9-11933678df03\CLTBUILD23&gt;newman run "c:\agt6\_work\6\a\api\environment\regapiautomation\testdata\ipeds\prereq\..\..\..\..\..\PreReq\PreReq-EnrollStudent.postman_collection.json" -k -d "c:\agt6\_work\6\a\api\environment\regapiautomation\testdata\ipeds\prereq\PreReq-IPEDSCompletionSurvey@HP-Enroll.data.csv" -e "c:\agt6\_work\6\a\api\environment\regapiautomation\testdata\ipeds\prereq\..\..\..\RegApiAutoEnvironment.postman_environment.json" -r junit,html --reporter-html-export "PreReq-IPEDSCompletionSurvey@HP-Enroll_Html.html" --reporter-junit-export "PreReq-IPEDSCompletionSurvey@HP-Enroll_Junit.xml"</StdOut>
          </Output>
          <ResultFiles>
            <ResultFile path="CLTBUILD23\PreReq-IPEDSCompletionSurvey@HP-Enroll_Html.html" />
            <ResultFile path="CLTBUILD23\PreReq-IPEDSCompletionSurvey@HP-Enroll_Junit.xml" />
          </ResultFiles>
        </UnitTestResult>
        <UnitTestResult executionId="ec6a4776-4714-4302-8c63-cc3a1446bbb5" parentExecutionId="ab133d41-e473-4216-ab68-0f3ac43f219e" testId="e92c3463-c98a-4ccd-bb6b-4fd6c6dd7b21" testName="3- prereq-ipedscompletionsurvey@hp-seteffectivedate (OT-07-IPEDSEnrollmentSurvey)" computerName="CLTBUILD23" duration="00:00:05.2218244" startTime="2021-04-12T09:17:36.4138528-04:00" endTime="2021-04-12T09:17:41.6364818-04:00" testType="13cdc9d9-ddb5-4fa4-a97d-d965ccfc6d4b" outcome="Passed" testListId="8c84fa94-04c1-424b-9868-57a2d4851a1d" relativeResultsDirectory="ec6a4776-4714-4302-8c63-cc3a1446bbb5">
          <Output>
            <StdOut>C:\Agt6\_work\_temp\TestResults\c2kbuild_CLTBUILD23 2021-04-12 08_12_36\In\ec6a4776-4714-4302-8c63-cc3a1446bbb5\CLTBUILD23&gt;if not defined TestLocation (set TestLocation=. ) &#xD;
&#xD;
C:\Agt6\_work\_temp\TestResults\c2kbuild_CLTBUILD23 2021-04-12 08_12_36\In\ec6a4776-4714-4302-8c63-cc3a1446bbb5\CLTBUILD23&gt;set CollectionFileName=c:\agt6\_work\6\a\api\environment\regapiautomation\testdata\ipeds\prereq\..\..\..\..\..\PreReq\PreReq-SetEffectiveDateAfterStudentEnroll.postman_collection.json &#xD;
&#xD;
C:\Agt6\_work\_temp\TestResults\c2kbuild_CLTBUILD23 2021-04-12 08_12_36\In\ec6a4776-4714-4302-8c63-cc3a1446bbb5\CLTBUILD23&gt;set DataFileName=c:\agt6\_work\6\a\api\environment\regapiautomation\testdata\ipeds\prereq\PreReq-IPEDSCompletionSurvey@HP-SetEffectiveDate.data.json &#xD;
&#xD;
C:\Agt6\_work\_temp\TestResults\c2kbuild_CLTBUILD23 2021-04-12 08_12_36\In\ec6a4776-4714-4302-8c63-cc3a1446bbb5\CLTBUILD23&gt;set EnvironmentFilePath=c:\agt6\_work\6\a\api\environment\regapiautomation\testdata\ipeds\prereq\..\..\..\RegApiAutoEnvironment.postman_environment.json &#xD;
&#xD;
C:\Agt6\_work\_temp\TestResults\c2kbuild_CLTBUILD23 2021-04-12 08_12_36\In\ec6a4776-4714-4302-8c63-cc3a1446bbb5\CLTBUILD23&gt;set HtmlResultsFile=PreReq-IPEDSCompletionSurvey@HP-Enroll_Html.html &#xD;
&#xD;
C:\Agt6\_work\_temp\TestResults\c2kbuild_CLTBUILD23 2021-04-12 08_12_36\In\ec6a4776-4714-4302-8c63-cc3a1446bbb5\CLTBUILD23&gt;set JunitResultsFile=PreReq-IPEDSCompletionSurvey@HP-Enroll_Junit.xml &#xD;
&#xD;
C:\Agt6\_work\_temp\TestResults\c2kbuild_CLTBUILD23 2021-04-12 08_12_36\In\ec6a4776-4714-4302-8c63-cc3a1446bbb5\CLTBUILD23&gt;newman run "c:\agt6\_work\6\a\api\environment\regapiautomation\testdata\ipeds\prereq\..\..\..\..\..\PreReq\PreReq-SetEffectiveDateAfterStudentEnroll.postman_collection.json" -k -d "c:\agt6\_work\6\a\api\environment\regapiautomation\testdata\ipeds\prereq\PreReq-IPEDSCompletionSurvey@HP-SetEffectiveDate.data.json" -e "c:\agt6\_work\6\a\api\environment\regapiautomation\testdata\ipeds\prereq\..\..\..\RegApiAutoEnvironment.postman_environment.json" -r junit,html --reporter-html-export "PreReq-IPEDSCompletionSurvey@HP-Enroll_Html.html" --reporter-junit-export "PreReq-IPEDSCompletionSurvey@HP-Enroll_Junit.xml"</StdOut>
          </Output>
          <ResultFiles>
            <ResultFile path="CLTBUILD23\PreReq-IPEDSCompletionSurvey@HP-Enroll_Html.html" />
            <ResultFile path="CLTBUILD23\PreReq-IPEDSCompletionSurvey@HP-Enroll_Junit.xml" />
          </ResultFiles>
        </UnitTestResult>
        <UnitTestResult executionId="a5f3a3bb-6656-4546-a283-662ccaf38e11" parentExecutionId="ab133d41-e473-4216-ab68-0f3ac43f219e" testId="c4c4367d-5052-4a7d-b92f-a3414daf0a37" testName="4- prereq-ipedscompletionsurvey@hp-registerclassandpostattendance-generictest (OT-07-IPEDSEnrollmentSurvey)" computerName="CLTBUILD23" duration="00:00:07.8961807" startTime="2021-04-12T09:17:41.6374784-04:00" endTime="2021-04-12T09:17:49.5399150-04:00" testType="13cdc9d9-ddb5-4fa4-a97d-d965ccfc6d4b" outcome="Passed" testListId="8c84fa94-04c1-424b-9868-57a2d4851a1d" relativeResultsDirectory="a5f3a3bb-6656-4546-a283-662ccaf38e11">
          <Output>
            <StdOut>C:\Agt6\_work\_temp\TestResults\c2kbuild_CLTBUILD23 2021-04-12 08_12_36\In\a5f3a3bb-6656-4546-a283-662ccaf38e11\CLTBUILD23&gt;if not defined TestLocation (set TestLocation=. ) &#xD;
&#xD;
C:\Agt6\_work\_temp\TestResults\c2kbuild_CLTBUILD23 2021-04-12 08_12_36\In\a5f3a3bb-6656-4546-a283-662ccaf38e11\CLTBUILD23&gt;set CollectionFileName=c:\agt6\_work\6\a\api\environment\regapiautomation\testdata\ipeds\prereq\..\..\..\..\..\PreReq\PreReq-RegisterClassAndPostAttendanceForStudent.postman_collection.json &#xD;
&#xD;
C:\Agt6\_work\_temp\TestResults\c2kbuild_CLTBUILD23 2021-04-12 08_12_36\In\a5f3a3bb-6656-4546-a283-662ccaf38e11\CLTBUILD23&gt;set DataFileName=c:\agt6\_work\6\a\api\environment\regapiautomation\testdata\ipeds\prereq\PreReq-IPEDSCompletionSurvey@HP-RegisterClassAndPostAttendance.csv &#xD;
&#xD;
C:\Agt6\_work\_temp\TestResults\c2kbuild_CLTBUILD23 2021-04-12 08_12_36\In\a5f3a3bb-6656-4546-a283-662ccaf38e11\CLTBUILD23&gt;set EnvironmentFilePath=c:\agt6\_work\6\a\api\environment\regapiautomation\testdata\ipeds\prereq\..\..\..\RegApiAutoEnvironment.postman_environment.json &#xD;
&#xD;
C:\Agt6\_work\_temp\TestResults\c2kbuild_CLTBUILD23 2021-04-12 08_12_36\In\a5f3a3bb-6656-4546-a283-662ccaf38e11\CLTBUILD23&gt;set HtmlResultsFile=PreReq-IPEDSCompletionSurvey@HP-RegisterClassAndPostAttendance_Html.html &#xD;
&#xD;
C:\Agt6\_work\_temp\TestResults\c2kbuild_CLTBUILD23 2021-04-12 08_12_36\In\a5f3a3bb-6656-4546-a283-662ccaf38e11\CLTBUILD23&gt;set JunitResultsFile=PreReq-IPEDSCompletionSurvey@HP-RegisterClassAndPostAttendance_Junit.xml &#xD;
&#xD;
C:\Agt6\_work\_temp\TestResults\c2kbuild_CLTBUILD23 2021-04-12 08_12_36\In\a5f3a3bb-6656-4546-a283-662ccaf38e11\CLTBUILD23&gt;newman run "c:\agt6\_work\6\a\api\environment\regapiautomation\testdata\ipeds\prereq\..\..\..\..\..\PreReq\PreReq-RegisterClassAndPostAttendanceForStudent.postman_collection.json" -k -d "c:\agt6\_work\6\a\api\environment\regapiautomation\testdata\ipeds\prereq\PreReq-IPEDSCompletionSurvey@HP-RegisterClassAndPostAttendance.csv" -e "c:\agt6\_work\6\a\api\environment\regapiautomation\testdata\ipeds\prereq\..\..\..\RegApiAutoEnvironment.postman_environment.json" -r junit,html --reporter-html-export "PreReq-IPEDSCompletionSurvey@HP-RegisterClassAndPostAttendance_Html.html" --reporter-junit-export "PreReq-IPEDSCompletionSurvey@HP-RegisterClassAndPostAttendance_Junit.xml"</StdOut>
          </Output>
          <ResultFiles>
            <ResultFile path="CLTBUILD23\PreReq-IPEDSCompletionSurvey@HP-RegisterClassAndPostAttendance_Html.html" />
            <ResultFile path="CLTBUILD23\PreReq-IPEDSCompletionSurvey@HP-RegisterClassAndPostAttendance_Junit.xml" />
          </ResultFiles>
        </UnitTestResult>
        <UnitTestResult executionId="18256b11-7e19-4388-84d2-64641d3e751c" parentExecutionId="ab133d41-e473-4216-ab68-0f3ac43f219e" testId="900a2dd3-415c-4203-83cf-c1ba713eaee5" testName="5- ipedsenrollmentsurvey@hp-generictest (OT-07-IPEDSEnrollmentSurvey)" computerName="CLTBUILD23" duration="00:00:08.6911221" startTime="2021-04-12T09:17:49.5399150-04:00" endTime="2021-04-12T09:17:58.2342993-04:00" testType="13cdc9d9-ddb5-4fa4-a97d-d965ccfc6d4b" outcome="Passed" testListId="8c84fa94-04c1-424b-9868-57a2d4851a1d" relativeResultsDirectory="18256b11-7e19-4388-84d2-64641d3e751c">
          <Output>
            <StdOut>C:\Agt6\_work\_temp\TestResults\c2kbuild_CLTBUILD23 2021-04-12 08_12_36\In\18256b11-7e19-4388-84d2-64641d3e751c\CLTBUILD23&gt;if not defined TestLocation (set TestLocation=. ) &#xD;
&#xD;
C:\Agt6\_work\_temp\TestResults\c2kbuild_CLTBUILD23 2021-04-12 08_12_36\In\18256b11-7e19-4388-84d2-64641d3e751c\CLTBUILD23&gt;set CollectionFileName=c:\agt6\_work\6\a\api\environment\regapiautomation\testdata\ipeds\..\..\..\..\Tests\IPEDS\IPEDSEnrollmentSurvey@HP.postman_collection.json &#xD;
&#xD;
C:\Agt6\_work\_temp\TestResults\c2kbuild_CLTBUILD23 2021-04-12 08_12_36\In\18256b11-7e19-4388-84d2-64641d3e751c\CLTBUILD23&gt;set DataFileName=c:\agt6\_work\6\a\api\environment\regapiautomation\testdata\ipeds\IPEDSEnrollmentSurvey@HP.data.json &#xD;
&#xD;
C:\Agt6\_work\_temp\TestResults\c2kbuild_CLTBUILD23 2021-04-12 08_12_36\In\18256b11-7e19-4388-84d2-64641d3e751c\CLTBUILD23&gt;set EnvironmentFilePath=c:\agt6\_work\6\a\api\environment\regapiautomation\testdata\ipeds\..\..\RegApiAutoEnvironment.postman_environment.json &#xD;
&#xD;
C:\Agt6\_work\_temp\TestResults\c2kbuild_CLTBUILD23 2021-04-12 08_12_36\In\18256b11-7e19-4388-84d2-64641d3e751c\CLTBUILD23&gt;set HtmlResultsFile=IPEDSEnrollmentSurvey@HP_Html.html &#xD;
&#xD;
C:\Agt6\_work\_temp\TestResults\c2kbuild_CLTBUILD23 2021-04-12 08_12_36\In\18256b11-7e19-4388-84d2-64641d3e751c\CLTBUILD23&gt;set JunitResultsFile=IPEDSEnrollmentSurvey@HP_Junit.xml &#xD;
&#xD;
C:\Agt6\_work\_temp\TestResults\c2kbuild_CLTBUILD23 2021-04-12 08_12_36\In\18256b11-7e19-4388-84d2-64641d3e751c\CLTBUILD23&gt;newman run "c:\agt6\_work\6\a\api\environment\regapiautomation\testdata\ipeds\..\..\..\..\Tests\IPEDS\IPEDSEnrollmentSurvey@HP.postman_collection.json" -k -d "c:\agt6\_work\6\a\api\environment\regapiautomation\testdata\ipeds\IPEDSEnrollmentSurvey@HP.data.json" -e "c:\agt6\_work\6\a\api\environment\regapiautomation\testdata\ipeds\..\..\RegApiAutoEnvironment.postman_environment.json" -r junit,html --reporter-html-export "IPEDSEnrollmentSurvey@HP_Html.html" --reporter-junit-export "IPEDSEnrollmentSurvey@HP_Junit.xml"</StdOut>
          </Output>
          <ResultFiles>
            <ResultFile path="CLTBUILD23\IPEDSEnrollmentSurvey@HP_Html.html" />
            <ResultFile path="CLTBUILD23\IPEDSEnrollmentSurvey@HP_Junit.xml" />
          </ResultFiles>
        </UnitTestResult>
      </InnerResults>
    </TestResultAggregation>
    <TestResultAggregation executionId="0aa10d23-c6b5-41a2-8b63-3c5a944bba37" testId="1068d9d4-9c54-48b1-9139-99fb32969a6b" testName="OT-02A-CODImport_Upload" computerName="CLTBUILD23" duration="00:00:07.0758187" startTime="2021-04-12T08:25:14.9686872-04:00" endTime="2021-04-12T08:25:22.0458650-04:00" testType="ec4800e8-40e5-4ab3-8510-b8bf29b1904d" outcome="Passed" testListId="8c84fa94-04c1-424b-9868-57a2d4851a1d" relativeResultsDirectory="0aa10d23-c6b5-41a2-8b63-3c5a944bba37">
      <InnerResults>
        <UnitTestResult executionId="24d832b4-d68a-459f-9f9b-562f4928d9df" parentExecutionId="0aa10d23-c6b5-41a2-8b63-3c5a944bba37" testId="a4191621-3702-4ec5-b19a-3a79fe48ac3e" testName="1- codimport@uploadcodimportfile-generictest (OT-02A-CODImport_Upload)" computerName="CLTBUILD23" duration="00:00:07.0730280" startTime="2021-04-12T08:25:14.9716838-04:00" endTime="2021-04-12T08:25:22.0458650-04:00" testType="13cdc9d9-ddb5-4fa4-a97d-d965ccfc6d4b" outcome="Passed" testListId="8c84fa94-04c1-424b-9868-57a2d4851a1d" relativeResultsDirectory="24d832b4-d68a-459f-9f9b-562f4928d9df">
          <ResultFiles>
            <ResultFile path="CLTBUILD23\CODImport_CODImport@UploadCodImportFile-Html.html" />
            <ResultFile path="CLTBUILD23\CODImport_CODImport@UploadCodImportFile-Junit.xml" />
          </ResultFiles>
        </UnitTestResult>
      </InnerResults>
    </TestResultAggregation>
    <TestResultAggregation executionId="f5fdd5c4-c9ca-49c2-bd4d-16e1a16316bd" testId="264db8ba-8e06-4d47-8d14-5ef4cc6b2f20" testName="OT-06B-FISAP-HP-NoIsir-20_21" computerName="CLTBUILD23" duration="00:01:08.6614220" startTime="2021-04-12T08:43:50.9028500-04:00" endTime="2021-04-12T08:44:59.5643827-04:00" testType="ec4800e8-40e5-4ab3-8510-b8bf29b1904d" outcome="Passed" testListId="8c84fa94-04c1-424b-9868-57a2d4851a1d" relativeResultsDirectory="f5fdd5c4-c9ca-49c2-bd4d-16e1a16316bd">
      <InnerResults>
        <UnitTestResult executionId="5d13e5c8-8cd4-473a-8fab-10a016aaab85" parentExecutionId="f5fdd5c4-c9ca-49c2-bd4d-16e1a16316bd" testId="a3443bb4-eb36-49d4-9452-a2f7f51d765c" testName="1- prereq-fisap-datacorrection@hp-noisir-20_21-createstudent-generictest (OT-06B-FISAP-HP-NoIsir-20_21)" computerName="CLTBUILD23" duration="00:00:08.1971357" startTime="2021-04-12T08:43:50.9048535-04:00" endTime="2021-04-12T08:43:59.1072766-04:00" testType="13cdc9d9-ddb5-4fa4-a97d-d965ccfc6d4b" outcome="Passed" testListId="8c84fa94-04c1-424b-9868-57a2d4851a1d" relativeResultsDirectory="5d13e5c8-8cd4-473a-8fab-10a016aaab85">
          <Output>
            <StdOut>C:\Agt6\_work\_temp\TestResults\c2kbuild_CLTBUILD23 2021-04-12 08_12_36\In\5d13e5c8-8cd4-473a-8fab-10a016aaab85\CLTBUILD23&gt;if not defined TestLocation (set TestLocation=. ) &#xD;
&#xD;
C:\Agt6\_work\_temp\TestResults\c2kbuild_CLTBUILD23 2021-04-12 08_12_36\In\5d13e5c8-8cd4-473a-8fab-10a016aaab85\CLTBUILD23&gt;set CollectionFileName=c:\agt6\_work\6\a\api\environment\regapiautomation\testdata\fisap-datacorrection\prereq-noisir-20_21\..\..\..\..\..\PreReq\PreReq-CreateStudent.postman_collection.json &#xD;
&#xD;
C:\Agt6\_work\_temp\TestResults\c2kbuild_CLTBUILD23 2021-04-12 08_12_36\In\5d13e5c8-8cd4-473a-8fab-10a016aaab85\CLTBUILD23&gt;set DataFileName=c:\agt6\_work\6\a\api\environment\regapiautomation\testdata\fisap-datacorrection\prereq-noisir-20_21\PreReq-FISAP-DataCorrection@HP-NoIsir-20_21-CreateStudent.data.csv &#xD;
&#xD;
C:\Agt6\_work\_temp\TestResults\c2kbuild_CLTBUILD23 2021-04-12 08_12_36\In\5d13e5c8-8cd4-473a-8fab-10a016aaab85\CLTBUILD23&gt;set EnvironmentFilePath=c:\agt6\_work\6\a\api\environment\regapiautomation\testdata\fisap-datacorrection\prereq-noisir-20_21\..\..\..\RegApiAutoEnvironment.postman_environment.json &#xD;
&#xD;
C:\Agt6\_work\_temp\TestResults\c2kbuild_CLTBUILD23 2021-04-12 08_12_36\In\5d13e5c8-8cd4-473a-8fab-10a016aaab85\CLTBUILD23&gt;set HtmlResultsFile=20_21-CreateStudent_Html.html &#xD;
&#xD;
C:\Agt6\_work\_temp\TestResults\c2kbuild_CLTBUILD23 2021-04-12 08_12_36\In\5d13e5c8-8cd4-473a-8fab-10a016aaab85\CLTBUILD23&gt;set JunitResultsFile=20_21-CreateStudent_Junit.xml &#xD;
&#xD;
C:\Agt6\_work\_temp\TestResults\c2kbuild_CLTBUILD23 2021-04-12 08_12_36\In\5d13e5c8-8cd4-473a-8fab-10a016aaab85\CLTBUILD23&gt;newman run "c:\agt6\_work\6\a\api\environment\regapiautomation\testdata\fisap-datacorrection\prereq-noisir-20_21\..\..\..\..\..\PreReq\PreReq-CreateStudent.postman_collection.json" -k -d "c:\agt6\_work\6\a\api\environment\regapiautomation\testdata\fisap-datacorrection\prereq-noisir-20_21\PreReq-FISAP-DataCorrection@HP-NoIsir-20_21-CreateStudent.data.csv" -e "c:\agt6\_work\6\a\api\environment\regapiautomation\testdata\fisap-datacorrection\prereq-noisir-20_21\..\..\..\RegApiAutoEnvironment.postman_environment.json" -r junit,html --reporter-html-export "20_21-CreateStudent_Html.html" --reporter-junit-export "20_21-CreateStudent_Junit.xml"</StdOut>
          </Output>
          <ResultFiles>
            <ResultFile path="CLTBUILD23\20_21-CreateStudent_Html.html" />
            <ResultFile path="CLTBUILD23\20_21-CreateStudent_Junit.xml" />
          </ResultFiles>
        </UnitTestResult>
        <UnitTestResult executionId="0545059b-cee3-412a-a6a3-6a8e00b65ffc" parentExecutionId="f5fdd5c4-c9ca-49c2-bd4d-16e1a16316bd" testId="54ac615a-c597-4508-8339-1746d240c9ed" testName="2- prereq-fisap-datacorrection@hp-noisir-20_21-enrollstudent-generictest (OT-06B-FISAP-HP-NoIsir-20_21)" computerName="CLTBUILD23" duration="00:00:12.3334034" startTime="2021-04-12T08:43:59.1072766-04:00" endTime="2021-04-12T08:44:11.4448221-04:00" testType="13cdc9d9-ddb5-4fa4-a97d-d965ccfc6d4b" outcome="Passed" testListId="8c84fa94-04c1-424b-9868-57a2d4851a1d" relativeResultsDirectory="0545059b-cee3-412a-a6a3-6a8e00b65ffc">
          <Output>
            <StdOut>C:\Agt6\_work\_temp\TestResults\c2kbuild_CLTBUILD23 2021-04-12 08_12_36\In\0545059b-cee3-412a-a6a3-6a8e00b65ffc\CLTBUILD23&gt;if not defined TestLocation (set TestLocation=. ) &#xD;
&#xD;
C:\Agt6\_work\_temp\TestResults\c2kbuild_CLTBUILD23 2021-04-12 08_12_36\In\0545059b-cee3-412a-a6a3-6a8e00b65ffc\CLTBUILD23&gt;set CollectionFileName=c:\agt6\_work\6\a\api\environment\regapiautomation\testdata\fisap-datacorrection\prereq-noisir-20_21\..\..\..\..\..\PreReq\PreReq-EnrollStudent.postman_collection.json &#xD;
&#xD;
C:\Agt6\_work\_temp\TestResults\c2kbuild_CLTBUILD23 2021-04-12 08_12_36\In\0545059b-cee3-412a-a6a3-6a8e00b65ffc\CLTBUILD23&gt;set DataFileName=c:\agt6\_work\6\a\api\environment\regapiautomation\testdata\fisap-datacorrection\prereq-noisir-20_21\PreReq-FISAP-DataCorrection@HP-NoIsir-20_21-EnrollStudent.data.csv &#xD;
&#xD;
C:\Agt6\_work\_temp\TestResults\c2kbuild_CLTBUILD23 2021-04-12 08_12_36\In\0545059b-cee3-412a-a6a3-6a8e00b65ffc\CLTBUILD23&gt;set EnvironmentFilePath=c:\agt6\_work\6\a\api\environment\regapiautomation\testdata\fisap-datacorrection\prereq-noisir-20_21\..\..\..\RegApiAutoEnvironment.postman_environment.json &#xD;
&#xD;
C:\Agt6\_work\_temp\TestResults\c2kbuild_CLTBUILD23 2021-04-12 08_12_36\In\0545059b-cee3-412a-a6a3-6a8e00b65ffc\CLTBUILD23&gt;set HtmlResultsFile=20_21-EnrollStudent_Html.html &#xD;
&#xD;
C:\Agt6\_work\_temp\TestResults\c2kbuild_CLTBUILD23 2021-04-12 08_12_36\In\0545059b-cee3-412a-a6a3-6a8e00b65ffc\CLTBUILD23&gt;set JunitResultsFile=20_21-EnrollStudent_Junit.xml &#xD;
&#xD;
C:\Agt6\_work\_temp\TestResults\c2kbuild_CLTBUILD23 2021-04-12 08_12_36\In\0545059b-cee3-412a-a6a3-6a8e00b65ffc\CLTBUILD23&gt;newman run "c:\agt6\_work\6\a\api\environment\regapiautomation\testdata\fisap-datacorrection\prereq-noisir-20_21\..\..\..\..\..\PreReq\PreReq-EnrollStudent.postman_collection.json" -k -d "c:\agt6\_work\6\a\api\environment\regapiautomation\testdata\fisap-datacorrection\prereq-noisir-20_21\PreReq-FISAP-DataCorrection@HP-NoIsir-20_21-EnrollStudent.data.csv" -e "c:\agt6\_work\6\a\api\environment\regapiautomation\testdata\fisap-datacorrection\prereq-noisir-20_21\..\..\..\RegApiAutoEnvironment.postman_environment.json" -r junit,html --reporter-html-export "20_21-EnrollStudent_Html.html" --reporter-junit-export "20_21-EnrollStudent_Junit.xml"</StdOut>
          </Output>
          <ResultFiles>
            <ResultFile path="CLTBUILD23\20_21-EnrollStudent_Html.html" />
            <ResultFile path="CLTBUILD23\20_21-EnrollStudent_Junit.xml" />
          </ResultFiles>
        </UnitTestResult>
        <UnitTestResult executionId="a5fe97c9-0b2a-45e3-8a1d-68f8751c7c86" parentExecutionId="f5fdd5c4-c9ca-49c2-bd4d-16e1a16316bd" testId="958d7535-75d4-4175-aee0-837e8bfe95a5" testName="3- prereq-fisap-datacorrection@hp-noisir-20_21-seteffectivedate-generictest (OT-06B-FISAP-HP-NoIsir-20_21)" computerName="CLTBUILD23" duration="00:00:05.0902195" startTime="2021-04-12T08:44:11.4458219-04:00" endTime="2021-04-12T08:44:16.5380277-04:00" testType="13cdc9d9-ddb5-4fa4-a97d-d965ccfc6d4b" outcome="Passed" testListId="8c84fa94-04c1-424b-9868-57a2d4851a1d" relativeResultsDirectory="a5fe97c9-0b2a-45e3-8a1d-68f8751c7c86">
          <Output>
            <StdOut>C:\Agt6\_work\_temp\TestResults\c2kbuild_CLTBUILD23 2021-04-12 08_12_36\In\a5fe97c9-0b2a-45e3-8a1d-68f8751c7c86\CLTBUILD23&gt;if not defined TestLocation (set TestLocation=. ) &#xD;
&#xD;
C:\Agt6\_work\_temp\TestResults\c2kbuild_CLTBUILD23 2021-04-12 08_12_36\In\a5fe97c9-0b2a-45e3-8a1d-68f8751c7c86\CLTBUILD23&gt;set CollectionFileName=c:\agt6\_work\6\a\api\environment\regapiautomation\testdata\fisap-datacorrection\prereq-noisir-20_21\..\..\..\..\..\PreReq\PreReq-SetEffectiveDateAfterStudentEnroll.postman_collection.json &#xD;
&#xD;
C:\Agt6\_work\_temp\TestResults\c2kbuild_CLTBUILD23 2021-04-12 08_12_36\In\a5fe97c9-0b2a-45e3-8a1d-68f8751c7c86\CLTBUILD23&gt;set DataFileName=c:\agt6\_work\6\a\api\environment\regapiautomation\testdata\fisap-datacorrection\prereq-noisir-20_21\PreReq-FISAP-DataCorrection@HP-NoIsir-20_21-SetEffectiveDate.data.json &#xD;
&#xD;
C:\Agt6\_work\_temp\TestResults\c2kbuild_CLTBUILD23 2021-04-12 08_12_36\In\a5fe97c9-0b2a-45e3-8a1d-68f8751c7c86\CLTBUILD23&gt;set EnvironmentFilePath=c:\agt6\_work\6\a\api\environment\regapiautomation\testdata\fisap-datacorrection\prereq-noisir-20_21\..\..\..\RegApiAutoEnvironment.postman_environment.json &#xD;
&#xD;
C:\Agt6\_work\_temp\TestResults\c2kbuild_CLTBUILD23 2021-04-12 08_12_36\In\a5fe97c9-0b2a-45e3-8a1d-68f8751c7c86\CLTBUILD23&gt;set HtmlResultsFile=SetEffectiveDate_Html.html &#xD;
&#xD;
C:\Agt6\_work\_temp\TestResults\c2kbuild_CLTBUILD23 2021-04-12 08_12_36\In\a5fe97c9-0b2a-45e3-8a1d-68f8751c7c86\CLTBUILD23&gt;set JunitResultsFile=SetEffectiveDate_Junit.xml &#xD;
&#xD;
C:\Agt6\_work\_temp\TestResults\c2kbuild_CLTBUILD23 2021-04-12 08_12_36\In\a5fe97c9-0b2a-45e3-8a1d-68f8751c7c86\CLTBUILD23&gt;newman run "c:\agt6\_work\6\a\api\environment\regapiautomation\testdata\fisap-datacorrection\prereq-noisir-20_21\..\..\..\..\..\PreReq\PreReq-SetEffectiveDateAfterStudentEnroll.postman_collection.json" -k -d "c:\agt6\_work\6\a\api\environment\regapiautomation\testdata\fisap-datacorrection\prereq-noisir-20_21\PreReq-FISAP-DataCorrection@HP-NoIsir-20_21-SetEffectiveDate.data.json" -e "c:\agt6\_work\6\a\api\environment\regapiautomation\testdata\fisap-datacorrection\prereq-noisir-20_21\..\..\..\RegApiAutoEnvironment.postman_environment.json" -r junit,html --reporter-html-export "SetEffectiveDate_Html.html" --reporter-junit-export "SetEffectiveDate_Junit.xml"</StdOut>
          </Output>
          <ResultFiles>
            <ResultFile path="CLTBUILD23\SetEffectiveDate_Html.html" />
            <ResultFile path="CLTBUILD23\SetEffectiveDate_Junit.xml" />
          </ResultFiles>
        </UnitTestResult>
        <UnitTestResult executionId="564a6cbd-39bb-49b5-a1b2-d2a6751e16a2" parentExecutionId="f5fdd5c4-c9ca-49c2-bd4d-16e1a16316bd" testId="8bd9883d-ba71-4677-a24c-26a70ff1385c" testName="4- prereq-fisap-datacorrection@hp-noisir-20_21-registerclassandpostattendance-generictest (OT-06B-FISAP-HP-NoIsir-20_21)" computerName="CLTBUILD23" duration="00:00:10.1545432" startTime="2021-04-12T08:44:16.5390306-04:00" endTime="2021-04-12T08:44:26.6954198-04:00" testType="13cdc9d9-ddb5-4fa4-a97d-d965ccfc6d4b" outcome="Passed" testListId="8c84fa94-04c1-424b-9868-57a2d4851a1d" relativeResultsDirectory="564a6cbd-39bb-49b5-a1b2-d2a6751e16a2">
          <Output>
            <StdOut>C:\Agt6\_work\_temp\TestResults\c2kbuild_CLTBUILD23 2021-04-12 08_12_36\In\564a6cbd-39bb-49b5-a1b2-d2a6751e16a2\CLTBUILD23&gt;if not defined TestLocation (set TestLocation=. ) &#xD;
&#xD;
C:\Agt6\_work\_temp\TestResults\c2kbuild_CLTBUILD23 2021-04-12 08_12_36\In\564a6cbd-39bb-49b5-a1b2-d2a6751e16a2\CLTBUILD23&gt;set CollectionFileName=c:\agt6\_work\6\a\api\environment\regapiautomation\testdata\fisap-datacorrection\prereq-noisir-20_21\..\..\..\..\..\PreReq\PreReq-RegisterClassAndPostAttendanceForStudent.postman_collection.json &#xD;
&#xD;
C:\Agt6\_work\_temp\TestResults\c2kbuild_CLTBUILD23 2021-04-12 08_12_36\In\564a6cbd-39bb-49b5-a1b2-d2a6751e16a2\CLTBUILD23&gt;set DataFileName=c:\agt6\_work\6\a\api\environment\regapiautomation\testdata\fisap-datacorrection\prereq-noisir-20_21\PreReq-FISAP-DataCorrection@HP-NoIsir-20_21-RegisterClassAndPostAttendance.csv &#xD;
&#xD;
C:\Agt6\_work\_temp\TestResults\c2kbuild_CLTBUILD23 2021-04-12 08_12_36\In\564a6cbd-39bb-49b5-a1b2-d2a6751e16a2\CLTBUILD23&gt;set EnvironmentFilePath=c:\agt6\_work\6\a\api\environment\regapiautomation\testdata\fisap-datacorrection\prereq-noisir-20_21\..\..\..\RegApiAutoEnvironment.postman_environment.json &#xD;
&#xD;
C:\Agt6\_work\_temp\TestResults\c2kbuild_CLTBUILD23 2021-04-12 08_12_36\In\564a6cbd-39bb-49b5-a1b2-d2a6751e16a2\CLTBUILD23&gt;set HtmlResultsFile=20_21-RegisterClassAndPostAttendance_Html.html &#xD;
&#xD;
C:\Agt6\_work\_temp\TestResults\c2kbuild_CLTBUILD23 2021-04-12 08_12_36\In\564a6cbd-39bb-49b5-a1b2-d2a6751e16a2\CLTBUILD23&gt;set JunitResultsFile=20_21-RegisterClassAndPostAttendance_Junit.xml &#xD;
&#xD;
C:\Agt6\_work\_temp\TestResults\c2kbuild_CLTBUILD23 2021-04-12 08_12_36\In\564a6cbd-39bb-49b5-a1b2-d2a6751e16a2\CLTBUILD23&gt;newman run "c:\agt6\_work\6\a\api\environment\regapiautomation\testdata\fisap-datacorrection\prereq-noisir-20_21\..\..\..\..\..\PreReq\PreReq-RegisterClassAndPostAttendanceForStudent.postman_collection.json" -k -d "c:\agt6\_work\6\a\api\environment\regapiautomation\testdata\fisap-datacorrection\prereq-noisir-20_21\PreReq-FISAP-DataCorrection@HP-NoIsir-20_21-RegisterClassAndPostAttendance.csv" -e "c:\agt6\_work\6\a\api\environment\regapiautomation\testdata\fisap-datacorrection\prereq-noisir-20_21\..\..\..\RegApiAutoEnvironment.postman_environment.json" -r junit,html --reporter-html-export "20_21-RegisterClassAndPostAttendance_Html.html" --reporter-junit-export "20_21-RegisterClassAndPostAttendance_Junit.xml"</StdOut>
          </Output>
          <ResultFiles>
            <ResultFile path="CLTBUILD23\20_21-RegisterClassAndPostAttendance_Html.html" />
            <ResultFile path="CLTBUILD23\20_21-RegisterClassAndPostAttendance_Junit.xml" />
          </ResultFiles>
        </UnitTestResult>
        <UnitTestResult executionId="c71763d3-684e-4c0f-ab65-97bbd1163df6" parentExecutionId="f5fdd5c4-c9ca-49c2-bd4d-16e1a16316bd" testId="6fa42763-0a48-4a06-8499-45e3226cb33b" testName="5- prereq-fisap-datacorrection@hp-noisir-20_21-updatebudgetforacademicyearforpackaging-generictest (OT-06B-FISAP-HP-NoIsir-20_21)" computerName="CLTBUILD23" duration="00:00:09.2445296" startTime="2021-04-12T08:44:26.6954198-04:00" endTime="2021-04-12T08:44:35.9457219-04:00" testType="13cdc9d9-ddb5-4fa4-a97d-d965ccfc6d4b" outcome="Passed" testListId="8c84fa94-04c1-424b-9868-57a2d4851a1d" relativeResultsDirectory="c71763d3-684e-4c0f-ab65-97bbd1163df6">
          <Output>
            <StdOut>C:\Agt6\_work\_temp\TestResults\c2kbuild_CLTBUILD23 2021-04-12 08_12_36\In\c71763d3-684e-4c0f-ab65-97bbd1163df6\CLTBUILD23&gt;if not defined TestLocation (set TestLocation=. ) &#xD;
&#xD;
C:\Agt6\_work\_temp\TestResults\c2kbuild_CLTBUILD23 2021-04-12 08_12_36\In\c71763d3-684e-4c0f-ab65-97bbd1163df6\CLTBUILD23&gt;set CollectionFileName=c:\agt6\_work\6\a\api\environment\regapiautomation\testdata\fisap-datacorrection\prereq-noisir-20_21\..\..\..\..\..\PreReq\PreReq-UpdateBudgetForAcademicYearForPackaging.postman_collection.json &#xD;
&#xD;
C:\Agt6\_work\_temp\TestResults\c2kbuild_CLTBUILD23 2021-04-12 08_12_36\In\c71763d3-684e-4c0f-ab65-97bbd1163df6\CLTBUILD23&gt;set DataFileName=c:\agt6\_work\6\a\api\environment\regapiautomation\testdata\fisap-datacorrection\prereq-noisir-20_21\PreReq-FISAP-DataCorrection@HP-NoIsir-20_21-UpdateBudgetForAcademicYearForPackaging.data.csv &#xD;
&#xD;
C:\Agt6\_work\_temp\TestResults\c2kbuild_CLTBUILD23 2021-04-12 08_12_36\In\c71763d3-684e-4c0f-ab65-97bbd1163df6\CLTBUILD23&gt;set EnvironmentFilePath=c:\agt6\_work\6\a\api\environment\regapiautomation\testdata\fisap-datacorrection\prereq-noisir-20_21\..\..\..\RegApiAutoEnvironment.postman_environment.json &#xD;
&#xD;
C:\Agt6\_work\_temp\TestResults\c2kbuild_CLTBUILD23 2021-04-12 08_12_36\In\c71763d3-684e-4c0f-ab65-97bbd1163df6\CLTBUILD23&gt;set HtmlResultsFile=20_21-UpdateBudgetForAcademicYearForPackaging_Html.html &#xD;
&#xD;
C:\Agt6\_work\_temp\TestResults\c2kbuild_CLTBUILD23 2021-04-12 08_12_36\In\c71763d3-684e-4c0f-ab65-97bbd1163df6\CLTBUILD23&gt;set JunitResultsFile=20_21-UpdateBudgetForAcademicYearForPackaging_Junit.xml &#xD;
&#xD;
C:\Agt6\_work\_temp\TestResults\c2kbuild_CLTBUILD23 2021-04-12 08_12_36\In\c71763d3-684e-4c0f-ab65-97bbd1163df6\CLTBUILD23&gt;newman run "c:\agt6\_work\6\a\api\environment\regapiautomation\testdata\fisap-datacorrection\prereq-noisir-20_21\..\..\..\..\..\PreReq\PreReq-UpdateBudgetForAcademicYearForPackaging.postman_collection.json" -k -d "c:\agt6\_work\6\a\api\environment\regapiautomation\testdata\fisap-datacorrection\prereq-noisir-20_21\PreReq-FISAP-DataCorrection@HP-NoIsir-20_21-UpdateBudgetForAcademicYearForPackaging.data.csv" -e "c:\agt6\_work\6\a\api\environment\regapiautomation\testdata\fisap-datacorrection\prereq-noisir-20_21\..\..\..\RegApiAutoEnvironment.postman_environment.json" -r junit,html --reporter-html-export "20_21-UpdateBudgetForAcademicYearForPackaging_Html.html" --reporter-junit-export "20_21-UpdateBudgetForAcademicYearForPackaging_Junit.xml"</StdOut>
          </Output>
          <ResultFiles>
            <ResultFile path="CLTBUILD23\20_21-UpdateBudgetForAcademicYearForPackaging_Html.html" />
            <ResultFile path="CLTBUILD23\20_21-UpdateBudgetForAcademicYearForPackaging_Junit.xml" />
          </ResultFiles>
        </UnitTestResult>
        <UnitTestResult executionId="24cda90c-b473-4ba0-b2ea-ed3c60543a36" parentExecutionId="f5fdd5c4-c9ca-49c2-bd4d-16e1a16316bd" testId="fce85163-dda6-4574-a415-bd4d177ae785" testName="6- prereq-fisap-datacorrection@hp-noisir-20_21-awardgrantforpackaging-generictest (OT-06B-FISAP-HP-NoIsir-20_21)" computerName="CLTBUILD23" duration="00:00:09.0793467" startTime="2021-04-12T08:44:35.9457219-04:00" endTime="2021-04-12T08:44:45.0289962-04:00" testType="13cdc9d9-ddb5-4fa4-a97d-d965ccfc6d4b" outcome="Passed" testListId="8c84fa94-04c1-424b-9868-57a2d4851a1d" relativeResultsDirectory="24cda90c-b473-4ba0-b2ea-ed3c60543a36">
          <Output>
            <StdOut>C:\Agt6\_work\_temp\TestResults\c2kbuild_CLTBUILD23 2021-04-12 08_12_36\In\24cda90c-b473-4ba0-b2ea-ed3c60543a36\CLTBUILD23&gt;if not defined TestLocation (set TestLocation=. ) &#xD;
&#xD;
C:\Agt6\_work\_temp\TestResults\c2kbuild_CLTBUILD23 2021-04-12 08_12_36\In\24cda90c-b473-4ba0-b2ea-ed3c60543a36\CLTBUILD23&gt;set CollectionFileName=c:\agt6\_work\6\a\api\environment\regapiautomation\testdata\fisap-datacorrection\prereq-noisir-20_21\..\..\..\..\..\PreReq\PreReq-AwardGrantForPackaging.postman_collection.json &#xD;
&#xD;
C:\Agt6\_work\_temp\TestResults\c2kbuild_CLTBUILD23 2021-04-12 08_12_36\In\24cda90c-b473-4ba0-b2ea-ed3c60543a36\CLTBUILD23&gt;set DataFileName=c:\agt6\_work\6\a\api\environment\regapiautomation\testdata\fisap-datacorrection\prereq-noisir-20_21\PreReq-FISAP-DataCorrection@HP-NoIsir-20_21-AwardGrantForPackaging.data.csv &#xD;
&#xD;
C:\Agt6\_work\_temp\TestResults\c2kbuild_CLTBUILD23 2021-04-12 08_12_36\In\24cda90c-b473-4ba0-b2ea-ed3c60543a36\CLTBUILD23&gt;set EnvironmentFilePath=c:\agt6\_work\6\a\api\environment\regapiautomation\testdata\fisap-datacorrection\prereq-noisir-20_21\..\..\..\RegApiAutoEnvironment.postman_environment.json &#xD;
&#xD;
C:\Agt6\_work\_temp\TestResults\c2kbuild_CLTBUILD23 2021-04-12 08_12_36\In\24cda90c-b473-4ba0-b2ea-ed3c60543a36\CLTBUILD23&gt;set HtmlResultsFile=PreReq-AwardGrantForPackaging_Html.html &#xD;
&#xD;
C:\Agt6\_work\_temp\TestResults\c2kbuild_CLTBUILD23 2021-04-12 08_12_36\In\24cda90c-b473-4ba0-b2ea-ed3c60543a36\CLTBUILD23&gt;set JunitResultsFile=PreReq-AwardGrantForPackaging_Junit.xml &#xD;
&#xD;
C:\Agt6\_work\_temp\TestResults\c2kbuild_CLTBUILD23 2021-04-12 08_12_36\In\24cda90c-b473-4ba0-b2ea-ed3c60543a36\CLTBUILD23&gt;newman run "c:\agt6\_work\6\a\api\environment\regapiautomation\testdata\fisap-datacorrection\prereq-noisir-20_21\..\..\..\..\..\PreReq\PreReq-AwardGrantForPackaging.postman_collection.json" -k -d "c:\agt6\_work\6\a\api\environment\regapiautomation\testdata\fisap-datacorrection\prereq-noisir-20_21\PreReq-FISAP-DataCorrection@HP-NoIsir-20_21-AwardGrantForPackaging.data.csv" -e "c:\agt6\_work\6\a\api\environment\regapiautomation\testdata\fisap-datacorrection\prereq-noisir-20_21\..\..\..\RegApiAutoEnvironment.postman_environment.json" -r junit,html --reporter-html-export "PreReq-AwardGrantForPackaging_Html.html" --reporter-junit-export "PreReq-AwardGrantForPackaging_Junit.xml"</StdOut>
          </Output>
          <ResultFiles>
            <ResultFile path="CLTBUILD23\PreReq-AwardGrantForPackaging_Html.html" />
            <ResultFile path="CLTBUILD23\PreReq-AwardGrantForPackaging_Junit.xml" />
          </ResultFiles>
        </UnitTestResult>
        <UnitTestResult executionId="9fe2bee4-b6b5-4983-b1a1-dc59f6fd0ce8" parentExecutionId="f5fdd5c4-c9ca-49c2-bd4d-16e1a16316bd" testId="a5e3111b-c8ca-4e85-bf65-29a31c599bb8" testName="7- prereq-fisap-datacorrection@hp-noisir-20_21-postpaymentledgercard-generictest (OT-06B-FISAP-HP-NoIsir-20_21)" computerName="CLTBUILD23" duration="00:00:07.7566591" startTime="2021-04-12T08:44:45.0299977-04:00" endTime="2021-04-12T08:44:52.8001966-04:00" testType="13cdc9d9-ddb5-4fa4-a97d-d965ccfc6d4b" outcome="Passed" testListId="8c84fa94-04c1-424b-9868-57a2d4851a1d" relativeResultsDirectory="9fe2bee4-b6b5-4983-b1a1-dc59f6fd0ce8">
          <Output>
            <StdOut>C:\Agt6\_work\_temp\TestResults\c2kbuild_CLTBUILD23 2021-04-12 08_12_36\In\9fe2bee4-b6b5-4983-b1a1-dc59f6fd0ce8\CLTBUILD23&gt;if not defined TestLocation (set TestLocation=. ) &#xD;
&#xD;
C:\Agt6\_work\_temp\TestResults\c2kbuild_CLTBUILD23 2021-04-12 08_12_36\In\9fe2bee4-b6b5-4983-b1a1-dc59f6fd0ce8\CLTBUILD23&gt;set CollectionFileName=c:\agt6\_work\6\a\api\environment\regapiautomation\testdata\fisap-datacorrection\prereq-noisir-20_21\..\..\..\..\..\PreReq\PreReq-PostPaymentLedgerCard.postman_collection.json &#xD;
&#xD;
C:\Agt6\_work\_temp\TestResults\c2kbuild_CLTBUILD23 2021-04-12 08_12_36\In\9fe2bee4-b6b5-4983-b1a1-dc59f6fd0ce8\CLTBUILD23&gt;set DataFileName=c:\agt6\_work\6\a\api\environment\regapiautomation\testdata\fisap-datacorrection\prereq-noisir-20_21\PreReq-FISAP-DataCorrection@HP-NoIsir-20_21-PostPaymentLedgerCard.data.json &#xD;
&#xD;
C:\Agt6\_work\_temp\TestResults\c2kbuild_CLTBUILD23 2021-04-12 08_12_36\In\9fe2bee4-b6b5-4983-b1a1-dc59f6fd0ce8\CLTBUILD23&gt;set EnvironmentFilePath=c:\agt6\_work\6\a\api\environment\regapiautomation\testdata\fisap-datacorrection\prereq-noisir-20_21\..\..\..\RegApiAutoEnvironment.postman_environment.json &#xD;
&#xD;
C:\Agt6\_work\_temp\TestResults\c2kbuild_CLTBUILD23 2021-04-12 08_12_36\In\9fe2bee4-b6b5-4983-b1a1-dc59f6fd0ce8\CLTBUILD23&gt;set HtmlResultsFile=20_21-PostPaymentLedgerCard_Html.html &#xD;
&#xD;
C:\Agt6\_work\_temp\TestResults\c2kbuild_CLTBUILD23 2021-04-12 08_12_36\In\9fe2bee4-b6b5-4983-b1a1-dc59f6fd0ce8\CLTBUILD23&gt;set JunitResultsFile=20_21-PostPaymentLedgerCard_Junit.xml &#xD;
&#xD;
C:\Agt6\_work\_temp\TestResults\c2kbuild_CLTBUILD23 2021-04-12 08_12_36\In\9fe2bee4-b6b5-4983-b1a1-dc59f6fd0ce8\CLTBUILD23&gt;newman run "c:\agt6\_work\6\a\api\environment\regapiautomation\testdata\fisap-datacorrection\prereq-noisir-20_21\..\..\..\..\..\PreReq\PreReq-PostPaymentLedgerCard.postman_collection.json" -k -d "c:\agt6\_work\6\a\api\environment\regapiautomation\testdata\fisap-datacorrection\prereq-noisir-20_21\PreReq-FISAP-DataCorrection@HP-NoIsir-20_21-PostPaymentLedgerCard.data.json" -e "c:\agt6\_work\6\a\api\environment\regapiautomation\testdata\fisap-datacorrection\prereq-noisir-20_21\..\..\..\RegApiAutoEnvironment.postman_environment.json" -r junit,html --reporter-html-export "20_21-PostPaymentLedgerCard_Html.html" --reporter-junit-export "20_21-PostPaymentLedgerCard_Junit.xml"</StdOut>
          </Output>
          <ResultFiles>
            <ResultFile path="CLTBUILD23\20_21-PostPaymentLedgerCard_Html.html" />
            <ResultFile path="CLTBUILD23\20_21-PostPaymentLedgerCard_Junit.xml" />
          </ResultFiles>
        </UnitTestResult>
        <UnitTestResult executionId="f32a817f-410e-485e-9ef7-6594d709160f" parentExecutionId="f5fdd5c4-c9ca-49c2-bd4d-16e1a16316bd" testId="cff0e495-14cd-4628-af2e-8210e37e2071" testName="8- fisap-datacorrection@hp-noisir-20_21-generictest (OT-06B-FISAP-HP-NoIsir-20_21)" computerName="CLTBUILD23" duration="00:00:06.7596700" startTime="2021-04-12T08:44:52.8001966-04:00" endTime="2021-04-12T08:44:59.5633741-04:00" testType="13cdc9d9-ddb5-4fa4-a97d-d965ccfc6d4b" outcome="Passed" testListId="8c84fa94-04c1-424b-9868-57a2d4851a1d" relativeResultsDirectory="f32a817f-410e-485e-9ef7-6594d709160f">
          <Output>
            <StdOut>C:\Agt6\_work\_temp\TestResults\c2kbuild_CLTBUILD23 2021-04-12 08_12_36\In\f32a817f-410e-485e-9ef7-6594d709160f\CLTBUILD23&gt;if not defined TestLocation (set TestLocation=. ) &#xD;
&#xD;
C:\Agt6\_work\_temp\TestResults\c2kbuild_CLTBUILD23 2021-04-12 08_12_36\In\f32a817f-410e-485e-9ef7-6594d709160f\CLTBUILD23&gt;set CollectionFileName=c:\agt6\_work\6\a\api\environment\regapiautomation\testdata\fisap-datacorrection\..\..\..\..\Tests\FISAP-DataCorrection\FISAP-DataCorrection@HP-NoIsir.postman_collection.json &#xD;
&#xD;
C:\Agt6\_work\_temp\TestResults\c2kbuild_CLTBUILD23 2021-04-12 08_12_36\In\f32a817f-410e-485e-9ef7-6594d709160f\CLTBUILD23&gt;set DataFileName=c:\agt6\_work\6\a\api\environment\regapiautomation\testdata\fisap-datacorrection\FISAP-DataCorrection@HP-NoIsir-20_21.data.json &#xD;
&#xD;
C:\Agt6\_work\_temp\TestResults\c2kbuild_CLTBUILD23 2021-04-12 08_12_36\In\f32a817f-410e-485e-9ef7-6594d709160f\CLTBUILD23&gt;set EnvironmentFilePath=c:\agt6\_work\6\a\api\environment\regapiautomation\testdata\fisap-datacorrection\..\..\RegApiAutoEnvironment.postman_environment.json &#xD;
&#xD;
C:\Agt6\_work\_temp\TestResults\c2kbuild_CLTBUILD23 2021-04-12 08_12_36\In\f32a817f-410e-485e-9ef7-6594d709160f\CLTBUILD23&gt;set HtmlResultsFile=FISAP-DataCorrection@HP-NoIsir-20_21-Html.html &#xD;
&#xD;
C:\Agt6\_work\_temp\TestResults\c2kbuild_CLTBUILD23 2021-04-12 08_12_36\In\f32a817f-410e-485e-9ef7-6594d709160f\CLTBUILD23&gt;set JunitResultsFile=FISAP-DataCorrection@HP-NoIsir-20_21-Junit.xml &#xD;
&#xD;
C:\Agt6\_work\_temp\TestResults\c2kbuild_CLTBUILD23 2021-04-12 08_12_36\In\f32a817f-410e-485e-9ef7-6594d709160f\CLTBUILD23&gt;newman run "c:\agt6\_work\6\a\api\environment\regapiautomation\testdata\fisap-datacorrection\..\..\..\..\Tests\FISAP-DataCorrection\FISAP-DataCorrection@HP-NoIsir.postman_collection.json" -k -d "c:\agt6\_work\6\a\api\environment\regapiautomation\testdata\fisap-datacorrection\FISAP-DataCorrection@HP-NoIsir-20_21.data.json" -e "c:\agt6\_work\6\a\api\environment\regapiautomation\testdata\fisap-datacorrection\..\..\RegApiAutoEnvironment.postman_environment.json" -r junit,html --reporter-html-export "FISAP-DataCorrection@HP-NoIsir-20_21-Html.html" --reporter-junit-export "FISAP-DataCorrection@HP-NoIsir-20_21-Junit.xml"</StdOut>
          </Output>
          <ResultFiles>
            <ResultFile path="CLTBUILD23\FISAP-DataCorrection@HP-NoIsir-20_21-Html.html" />
            <ResultFile path="CLTBUILD23\FISAP-DataCorrection@HP-NoIsir-20_21-Junit.xml" />
          </ResultFiles>
        </UnitTestResult>
      </InnerResults>
    </TestResultAggregation>
    <TestResultAggregation executionId="9303d2ec-6712-49bb-9a00-49d89fb8fc0b" testId="e6e4ea6f-fbac-4ae1-b318-a56a805a4e4e" testName="OT-02E-CODImport-PN-21_22" computerName="CLTBUILD23" duration="00:01:14.9914793" startTime="2021-04-12T08:29:04.8910914-04:00" endTime="2021-04-12T08:30:19.8729007-04:00" testType="ec4800e8-40e5-4ab3-8510-b8bf29b1904d" outcome="Passed" testListId="8c84fa94-04c1-424b-9868-57a2d4851a1d" relativeResultsDirectory="9303d2ec-6712-49bb-9a00-49d89fb8fc0b">
      <InnerResults>
        <UnitTestResult executionId="ebfb313d-c243-47b0-ae43-6571ad3c22ee" parentExecutionId="9303d2ec-6712-49bb-9a00-49d89fb8fc0b" testId="199cf613-8fcc-4ff8-b330-6fea857f4621" testName="1- prereq-codimport@pn-21_22-createstudent-generictest (OT-02E-CODImport-PN-21_22)" computerName="CLTBUILD23" duration="00:00:08.3694133" startTime="2021-04-12T08:29:04.8940897-04:00" endTime="2021-04-12T08:29:13.2630617-04:00" testType="13cdc9d9-ddb5-4fa4-a97d-d965ccfc6d4b" outcome="Passed" testListId="8c84fa94-04c1-424b-9868-57a2d4851a1d" relativeResultsDirectory="ebfb313d-c243-47b0-ae43-6571ad3c22ee">
          <Output>
            <StdOut>C:\Agt6\_work\_temp\TestResults\c2kbuild_CLTBUILD23 2021-04-12 08_12_36\In\ebfb313d-c243-47b0-ae43-6571ad3c22ee\CLTBUILD23&gt;if not defined TestLocation (set TestLocation=. ) &#xD;
&#xD;
C:\Agt6\_work\_temp\TestResults\c2kbuild_CLTBUILD23 2021-04-12 08_12_36\In\ebfb313d-c243-47b0-ae43-6571ad3c22ee\CLTBUILD23&gt;set CollectionFileName=c:\agt6\_work\6\a\api\environment\regapiautomation\testdata\codimport\prereq-codimport-pn-21_22\..\..\..\..\..\PreReq\PreReq-CreateStudent.postman_collection.json &#xD;
&#xD;
C:\Agt6\_work\_temp\TestResults\c2kbuild_CLTBUILD23 2021-04-12 08_12_36\In\ebfb313d-c243-47b0-ae43-6571ad3c22ee\CLTBUILD23&gt;set DataFileName=c:\agt6\_work\6\a\api\environment\regapiautomation\testdata\codimport\prereq-codimport-pn-21_22\PreReq-CODImport@PN-21_22-CreateStudent.data.csv &#xD;
&#xD;
C:\Agt6\_work\_temp\TestResults\c2kbuild_CLTBUILD23 2021-04-12 08_12_36\In\ebfb313d-c243-47b0-ae43-6571ad3c22ee\CLTBUILD23&gt;set EnvironmentFilePath=c:\agt6\_work\6\a\api\environment\regapiautomation\testdata\codimport\prereq-codimport-pn-21_22\..\..\..\RegApiAutoEnvironment.postman_environment.json &#xD;
&#xD;
C:\Agt6\_work\_temp\TestResults\c2kbuild_CLTBUILD23 2021-04-12 08_12_36\In\ebfb313d-c243-47b0-ae43-6571ad3c22ee\CLTBUILD23&gt;set HtmlResultsFile=PreReq-CODImport@PN-21_22-CreateStudent_Html.html &#xD;
&#xD;
C:\Agt6\_work\_temp\TestResults\c2kbuild_CLTBUILD23 2021-04-12 08_12_36\In\ebfb313d-c243-47b0-ae43-6571ad3c22ee\CLTBUILD23&gt;set JunitResultsFile=PreReq-CODImport@PN-21_22-CreateStudent_Junit.xml &#xD;
&#xD;
C:\Agt6\_work\_temp\TestResults\c2kbuild_CLTBUILD23 2021-04-12 08_12_36\In\ebfb313d-c243-47b0-ae43-6571ad3c22ee\CLTBUILD23&gt;newman run "c:\agt6\_work\6\a\api\environment\regapiautomation\testdata\codimport\prereq-codimport-pn-21_22\..\..\..\..\..\PreReq\PreReq-CreateStudent.postman_collection.json" -k -d "c:\agt6\_work\6\a\api\environment\regapiautomation\testdata\codimport\prereq-codimport-pn-21_22\PreReq-CODImport@PN-21_22-CreateStudent.data.csv" -e "c:\agt6\_work\6\a\api\environment\regapiautomation\testdata\codimport\prereq-codimport-pn-21_22\..\..\..\RegApiAutoEnvironment.postman_environment.json" -r junit,html --reporter-html-export "PreReq-CODImport@PN-21_22-CreateStudent_Html.html" --reporter-junit-export "PreReq-CODImport@PN-21_22-CreateStudent_Junit.xml"</StdOut>
          </Output>
          <ResultFiles>
            <ResultFile path="CLTBUILD23\PreReq-CODImport@PN-21_22-CreateStudent_Html.html" />
            <ResultFile path="CLTBUILD23\PreReq-CODImport@PN-21_22-CreateStudent_Junit.xml" />
          </ResultFiles>
        </UnitTestResult>
        <UnitTestResult executionId="7c48169d-48a3-400a-99d9-106c3f5bd087" parentExecutionId="9303d2ec-6712-49bb-9a00-49d89fb8fc0b" testId="5aa87472-099e-4d13-b713-c555c492ff47" testName="2- prereq-codimport@pn-21_22-importisir-generictest (OT-02E-CODImport-PN-21_22)" computerName="CLTBUILD23" duration="00:00:08.0616573" startTime="2021-04-12T08:29:13.2640662-04:00" endTime="2021-04-12T08:29:21.3300728-04:00" testType="13cdc9d9-ddb5-4fa4-a97d-d965ccfc6d4b" outcome="Passed" testListId="8c84fa94-04c1-424b-9868-57a2d4851a1d" relativeResultsDirectory="7c48169d-48a3-400a-99d9-106c3f5bd087">
          <Output>
            <StdOut>C:\Agt6\_work\_temp\TestResults\c2kbuild_CLTBUILD23 2021-04-12 08_12_36\In\7c48169d-48a3-400a-99d9-106c3f5bd087\CLTBUILD23&gt;if not defined TestLocation (set TestLocation=. ) &#xD;
&#xD;
C:\Agt6\_work\_temp\TestResults\c2kbuild_CLTBUILD23 2021-04-12 08_12_36\In\7c48169d-48a3-400a-99d9-106c3f5bd087\CLTBUILD23&gt;set CollectionFileName=c:\agt6\_work\6\a\api\environment\regapiautomation\testdata\codimport\prereq-codimport-pn-21_22\..\..\..\..\..\PreReq\PreReq-ImportISIR.postman_collection.json &#xD;
&#xD;
C:\Agt6\_work\_temp\TestResults\c2kbuild_CLTBUILD23 2021-04-12 08_12_36\In\7c48169d-48a3-400a-99d9-106c3f5bd087\CLTBUILD23&gt;set DataFileName=c:\agt6\_work\6\a\api\environment\regapiautomation\testdata\codimport\prereq-codimport-pn-21_22\PreReq-CODImport@PN-21_22-ImportISIR.data.json &#xD;
&#xD;
C:\Agt6\_work\_temp\TestResults\c2kbuild_CLTBUILD23 2021-04-12 08_12_36\In\7c48169d-48a3-400a-99d9-106c3f5bd087\CLTBUILD23&gt;set EnvironmentFilePath=c:\agt6\_work\6\a\api\environment\regapiautomation\testdata\codimport\prereq-codimport-pn-21_22\..\..\..\RegApiAutoEnvironment.postman_environment.json &#xD;
&#xD;
C:\Agt6\_work\_temp\TestResults\c2kbuild_CLTBUILD23 2021-04-12 08_12_36\In\7c48169d-48a3-400a-99d9-106c3f5bd087\CLTBUILD23&gt;set HtmlResultsFile=PreReq-CODImport@PN-21_22-ImportISIR_Html.html &#xD;
&#xD;
C:\Agt6\_work\_temp\TestResults\c2kbuild_CLTBUILD23 2021-04-12 08_12_36\In\7c48169d-48a3-400a-99d9-106c3f5bd087\CLTBUILD23&gt;set JunitResultsFile=PreReq-CODImport@PN-21_22-ImportISIR_Junit.xml &#xD;
&#xD;
C:\Agt6\_work\_temp\TestResults\c2kbuild_CLTBUILD23 2021-04-12 08_12_36\In\7c48169d-48a3-400a-99d9-106c3f5bd087\CLTBUILD23&gt;newman run "c:\agt6\_work\6\a\api\environment\regapiautomation\testdata\codimport\prereq-codimport-pn-21_22\..\..\..\..\..\PreReq\PreReq-ImportISIR.postman_collection.json" -k -d "c:\agt6\_work\6\a\api\environment\regapiautomation\testdata\codimport\prereq-codimport-pn-21_22\PreReq-CODImport@PN-21_22-ImportISIR.data.json" -e "c:\agt6\_work\6\a\api\environment\regapiautomation\testdata\codimport\prereq-codimport-pn-21_22\..\..\..\RegApiAutoEnvironment.postman_environment.json" -r junit,html --reporter-html-export "PreReq-CODImport@PN-21_22-ImportISIR_Html.html" --reporter-junit-export "PreReq-CODImport@PN-21_22-ImportISIR_Junit.xml"</StdOut>
          </Output>
          <ResultFiles>
            <ResultFile path="CLTBUILD23\PreReq-CODImport@PN-21_22-ImportISIR_Html.html" />
            <ResultFile path="CLTBUILD23\PreReq-CODImport@PN-21_22-ImportISIR_Junit.xml" />
          </ResultFiles>
        </UnitTestResult>
        <UnitTestResult executionId="2600ea9e-0026-49a7-9c6b-868d78233453" parentExecutionId="9303d2ec-6712-49bb-9a00-49d89fb8fc0b" testId="7366db68-50a7-488c-8cd3-0a98cc393e20" testName="3- prereq-codimport@pn-21_22-enrollstudent-generictest (OT-02E-CODImport-PN-21_22)" computerName="CLTBUILD23" duration="00:00:13.1183532" startTime="2021-04-12T08:29:21.3300728-04:00" endTime="2021-04-12T08:29:34.4554658-04:00" testType="13cdc9d9-ddb5-4fa4-a97d-d965ccfc6d4b" outcome="Passed" testListId="8c84fa94-04c1-424b-9868-57a2d4851a1d" relativeResultsDirectory="2600ea9e-0026-49a7-9c6b-868d78233453">
          <Output>
            <StdOut>C:\Agt6\_work\_temp\TestResults\c2kbuild_CLTBUILD23 2021-04-12 08_12_36\In\2600ea9e-0026-49a7-9c6b-868d78233453\CLTBUILD23&gt;if not defined TestLocation (set TestLocation=. ) &#xD;
&#xD;
C:\Agt6\_work\_temp\TestResults\c2kbuild_CLTBUILD23 2021-04-12 08_12_36\In\2600ea9e-0026-49a7-9c6b-868d78233453\CLTBUILD23&gt;set CollectionFileName=c:\agt6\_work\6\a\api\environment\regapiautomation\testdata\codimport\prereq-codimport-pn-21_22\..\..\..\..\..\PreReq\PreReq-EnrollStudent.postman_collection.json &#xD;
&#xD;
C:\Agt6\_work\_temp\TestResults\c2kbuild_CLTBUILD23 2021-04-12 08_12_36\In\2600ea9e-0026-49a7-9c6b-868d78233453\CLTBUILD23&gt;set DataFileName=c:\agt6\_work\6\a\api\environment\regapiautomation\testdata\codimport\prereq-codimport-pn-21_22\PreReq-CODImport@PN-21_22-EnrollStudent.data.csv &#xD;
&#xD;
C:\Agt6\_work\_temp\TestResults\c2kbuild_CLTBUILD23 2021-04-12 08_12_36\In\2600ea9e-0026-49a7-9c6b-868d78233453\CLTBUILD23&gt;set EnvironmentFilePath=c:\agt6\_work\6\a\api\environment\regapiautomation\testdata\codimport\prereq-codimport-pn-21_22\..\..\..\RegApiAutoEnvironment.postman_environment.json &#xD;
&#xD;
C:\Agt6\_work\_temp\TestResults\c2kbuild_CLTBUILD23 2021-04-12 08_12_36\In\2600ea9e-0026-49a7-9c6b-868d78233453\CLTBUILD23&gt;set HtmlResultsFile=PreReq-CODImport@PN-21_22-EnrollStudent_Html.html &#xD;
&#xD;
C:\Agt6\_work\_temp\TestResults\c2kbuild_CLTBUILD23 2021-04-12 08_12_36\In\2600ea9e-0026-49a7-9c6b-868d78233453\CLTBUILD23&gt;set JunitResultsFile=PreReq-CODImport@PN-21_22-EnrollStudent_Junit.xml &#xD;
&#xD;
C:\Agt6\_work\_temp\TestResults\c2kbuild_CLTBUILD23 2021-04-12 08_12_36\In\2600ea9e-0026-49a7-9c6b-868d78233453\CLTBUILD23&gt;newman run "c:\agt6\_work\6\a\api\environment\regapiautomation\testdata\codimport\prereq-codimport-pn-21_22\..\..\..\..\..\PreReq\PreReq-EnrollStudent.postman_collection.json" -k -d "c:\agt6\_work\6\a\api\environment\regapiautomation\testdata\codimport\prereq-codimport-pn-21_22\PreReq-CODImport@PN-21_22-EnrollStudent.data.csv" -e "c:\agt6\_work\6\a\api\environment\regapiautomation\testdata\codimport\prereq-codimport-pn-21_22\..\..\..\RegApiAutoEnvironment.postman_environment.json" -r junit,html --reporter-html-export "PreReq-CODImport@PN-21_22-EnrollStudent_Html.html" --reporter-junit-export "PreReq-CODImport@PN-21_22-EnrollStudent_Junit.xml"</StdOut>
          </Output>
          <ResultFiles>
            <ResultFile path="CLTBUILD23\PreReq-CODImport@PN-21_22-EnrollStudent_Html.html" />
            <ResultFile path="CLTBUILD23\PreReq-CODImport@PN-21_22-EnrollStudent_Junit.xml" />
          </ResultFiles>
        </UnitTestResult>
        <UnitTestResult executionId="ce87444d-33d0-454d-8b65-37d1439339c8" parentExecutionId="9303d2ec-6712-49bb-9a00-49d89fb8fc0b" testId="c94ddd41-e29e-4551-9b89-f5ad63ea5002" testName="4- prereq-codimport@pn-21_22-updatebudgetforacademicyearforpackaging-generictest (OT-02E-CODImport-PN-21_22)" computerName="CLTBUILD23" duration="00:00:08.5772796" startTime="2021-04-12T08:29:34.4554658-04:00" endTime="2021-04-12T08:29:43.0354122-04:00" testType="13cdc9d9-ddb5-4fa4-a97d-d965ccfc6d4b" outcome="Passed" testListId="8c84fa94-04c1-424b-9868-57a2d4851a1d" relativeResultsDirectory="ce87444d-33d0-454d-8b65-37d1439339c8">
          <Output>
            <StdOut>C:\Agt6\_work\_temp\TestResults\c2kbuild_CLTBUILD23 2021-04-12 08_12_36\In\ce87444d-33d0-454d-8b65-37d1439339c8\CLTBUILD23&gt;if not defined TestLocation (set TestLocation=. ) &#xD;
&#xD;
C:\Agt6\_work\_temp\TestResults\c2kbuild_CLTBUILD23 2021-04-12 08_12_36\In\ce87444d-33d0-454d-8b65-37d1439339c8\CLTBUILD23&gt;set CollectionFileName=c:\agt6\_work\6\a\api\environment\regapiautomation\testdata\codimport\prereq-codimport-pn-21_22\..\..\..\..\..\PreReq\PreReq-UpdateBudgetForAcademicYearForPackaging.postman_collection.json &#xD;
&#xD;
C:\Agt6\_work\_temp\TestResults\c2kbuild_CLTBUILD23 2021-04-12 08_12_36\In\ce87444d-33d0-454d-8b65-37d1439339c8\CLTBUILD23&gt;set DataFileName=c:\agt6\_work\6\a\api\environment\regapiautomation\testdata\codimport\prereq-codimport-pn-21_22\PreReq-CODImport@PN-21_22-UpdateBudgetForAcademicYearForPackaging.data.csv &#xD;
&#xD;
C:\Agt6\_work\_temp\TestResults\c2kbuild_CLTBUILD23 2021-04-12 08_12_36\In\ce87444d-33d0-454d-8b65-37d1439339c8\CLTBUILD23&gt;set EnvironmentFilePath=c:\agt6\_work\6\a\api\environment\regapiautomation\testdata\codimport\prereq-codimport-pn-21_22\..\..\..\RegApiAutoEnvironment.postman_environment.json &#xD;
&#xD;
C:\Agt6\_work\_temp\TestResults\c2kbuild_CLTBUILD23 2021-04-12 08_12_36\In\ce87444d-33d0-454d-8b65-37d1439339c8\CLTBUILD23&gt;set HtmlResultsFile=PreReq-CODImport@PN-21_22-UpdateBudgetForAcademicYearForPackaging_Html.html &#xD;
&#xD;
C:\Agt6\_work\_temp\TestResults\c2kbuild_CLTBUILD23 2021-04-12 08_12_36\In\ce87444d-33d0-454d-8b65-37d1439339c8\CLTBUILD23&gt;set JunitResultsFile=PreReq-CODImport@PN-21_22-UpdateBudgetForAcademicYearForPackaging_Junit.xml &#xD;
&#xD;
C:\Agt6\_work\_temp\TestResults\c2kbuild_CLTBUILD23 2021-04-12 08_12_36\In\ce87444d-33d0-454d-8b65-37d1439339c8\CLTBUILD23&gt;newman run "c:\agt6\_work\6\a\api\environment\regapiautomation\testdata\codimport\prereq-codimport-pn-21_22\..\..\..\..\..\PreReq\PreReq-UpdateBudgetForAcademicYearForPackaging.postman_collection.json" -k -d "c:\agt6\_work\6\a\api\environment\regapiautomation\testdata\codimport\prereq-codimport-pn-21_22\PreReq-CODImport@PN-21_22-UpdateBudgetForAcademicYearForPackaging.data.csv" -e "c:\agt6\_work\6\a\api\environment\regapiautomation\testdata\codimport\prereq-codimport-pn-21_22\..\..\..\RegApiAutoEnvironment.postman_environment.json" -r junit,html --reporter-html-export "PreReq-CODImport@PN-21_22-UpdateBudgetForAcademicYearForPackaging_Html.html" --reporter-junit-export "PreReq-CODImport@PN-21_22-UpdateBudgetForAcademicYearForPackaging_Junit.xml"</StdOut>
          </Output>
          <ResultFiles>
            <ResultFile path="CLTBUILD23\PreReq-CODImport@PN-21_22-UpdateBudgetForAcademicYearForPackaging_Html.html" />
            <ResultFile path="CLTBUILD23\PreReq-CODImport@PN-21_22-UpdateBudgetForAcademicYearForPackaging_Junit.xml" />
          </ResultFiles>
        </UnitTestResult>
        <UnitTestResult executionId="d0825d08-fb9e-4043-9134-91393e503480" parentExecutionId="9303d2ec-6712-49bb-9a00-49d89fb8fc0b" testId="1f38c856-c574-465c-b9a0-d18316761b92" testName="5- prereq-codimport@pn-21_22-awardloanforpackaging-generictest (OT-02E-CODImport-PN-21_22)" computerName="CLTBUILD23" duration="00:00:15.7525655" startTime="2021-04-12T08:29:43.0364162-04:00" endTime="2021-04-12T08:29:58.7944822-04:00" testType="13cdc9d9-ddb5-4fa4-a97d-d965ccfc6d4b" outcome="Passed" testListId="8c84fa94-04c1-424b-9868-57a2d4851a1d" relativeResultsDirectory="d0825d08-fb9e-4043-9134-91393e503480">
          <Output>
            <StdOut>C:\Agt6\_work\_temp\TestResults\c2kbuild_CLTBUILD23 2021-04-12 08_12_36\In\d0825d08-fb9e-4043-9134-91393e503480\CLTBUILD23&gt;if not defined TestLocation (set TestLocation=. ) &#xD;
&#xD;
C:\Agt6\_work\_temp\TestResults\c2kbuild_CLTBUILD23 2021-04-12 08_12_36\In\d0825d08-fb9e-4043-9134-91393e503480\CLTBUILD23&gt;set CollectionFileName=c:\agt6\_work\6\a\api\environment\regapiautomation\testdata\codimport\prereq-codimport-pn-21_22\..\..\..\..\..\PreReq\PreReq-AwardLoanForPackaging.postman_collection.json &#xD;
&#xD;
C:\Agt6\_work\_temp\TestResults\c2kbuild_CLTBUILD23 2021-04-12 08_12_36\In\d0825d08-fb9e-4043-9134-91393e503480\CLTBUILD23&gt;set DataFileName=c:\agt6\_work\6\a\api\environment\regapiautomation\testdata\codimport\prereq-codimport-pn-21_22\PreReq-CODImport@PN-21_22-AwardLoanForPackaging.data.csv &#xD;
&#xD;
C:\Agt6\_work\_temp\TestResults\c2kbuild_CLTBUILD23 2021-04-12 08_12_36\In\d0825d08-fb9e-4043-9134-91393e503480\CLTBUILD23&gt;set EnvironmentFilePath=c:\agt6\_work\6\a\api\environment\regapiautomation\testdata\codimport\prereq-codimport-pn-21_22\..\..\..\RegApiAutoEnvironment.postman_environment.json &#xD;
&#xD;
C:\Agt6\_work\_temp\TestResults\c2kbuild_CLTBUILD23 2021-04-12 08_12_36\In\d0825d08-fb9e-4043-9134-91393e503480\CLTBUILD23&gt;set HtmlResultsFile=PreReq-CODImport@PN-21_22-AwardLoanForPackaging_Html.html &#xD;
&#xD;
C:\Agt6\_work\_temp\TestResults\c2kbuild_CLTBUILD23 2021-04-12 08_12_36\In\d0825d08-fb9e-4043-9134-91393e503480\CLTBUILD23&gt;set JunitResultsFile=PreReq-CODImport@PN-21_22-AwardLoanForPackaging_Junit.xml &#xD;
&#xD;
C:\Agt6\_work\_temp\TestResults\c2kbuild_CLTBUILD23 2021-04-12 08_12_36\In\d0825d08-fb9e-4043-9134-91393e503480\CLTBUILD23&gt;newman run "c:\agt6\_work\6\a\api\environment\regapiautomation\testdata\codimport\prereq-codimport-pn-21_22\..\..\..\..\..\PreReq\PreReq-AwardLoanForPackaging.postman_collection.json" -k -d "c:\agt6\_work\6\a\api\environment\regapiautomation\testdata\codimport\prereq-codimport-pn-21_22\PreReq-CODImport@PN-21_22-AwardLoanForPackaging.data.csv" -e "c:\agt6\_work\6\a\api\environment\regapiautomation\testdata\codimport\prereq-codimport-pn-21_22\..\..\..\RegApiAutoEnvironment.postman_environment.json" -r junit,html --reporter-html-export "PreReq-CODImport@PN-21_22-AwardLoanForPackaging_Html.html" --reporter-junit-export "PreReq-CODImport@PN-21_22-AwardLoanForPackaging_Junit.xml"</StdOut>
          </Output>
          <ResultFiles>
            <ResultFile path="CLTBUILD23\PreReq-CODImport@PN-21_22-AwardLoanForPackaging_Html.html" />
            <ResultFile path="CLTBUILD23\PreReq-CODImport@PN-21_22-AwardLoanForPackaging_Junit.xml" />
          </ResultFiles>
        </UnitTestResult>
        <UnitTestResult executionId="1b2c114d-b8e9-4e37-9f1a-2f38cdc588bf" parentExecutionId="9303d2ec-6712-49bb-9a00-49d89fb8fc0b" testId="1359eb7f-ed97-421f-adb6-de3b8dc9ffd8" testName="6- codimport@pn-21_22-generictest (OT-02E-CODImport-PN-21_22)" computerName="CLTBUILD23" duration="00:00:21.0771260" startTime="2021-04-12T08:29:58.7954823-04:00" endTime="2021-04-12T08:30:19.8719025-04:00" testType="13cdc9d9-ddb5-4fa4-a97d-d965ccfc6d4b" outcome="Passed" testListId="8c84fa94-04c1-424b-9868-57a2d4851a1d" relativeResultsDirectory="1b2c114d-b8e9-4e37-9f1a-2f38cdc588bf">
          <Output>
            <StdOut>C:\Agt6\_work\_temp\TestResults\c2kbuild_CLTBUILD23 2021-04-12 08_12_36\In\1b2c114d-b8e9-4e37-9f1a-2f38cdc588bf\CLTBUILD23&gt;if not defined TestLocation (set TestLocation=. ) &#xD;
&#xD;
C:\Agt6\_work\_temp\TestResults\c2kbuild_CLTBUILD23 2021-04-12 08_12_36\In\1b2c114d-b8e9-4e37-9f1a-2f38cdc588bf\CLTBUILD23&gt;set CollectionFileName=c:\agt6\_work\6\a\api\environment\regapiautomation\testdata\codimport\..\..\..\..\Tests\CODImport\CODImport@CommonRecordResponse.postman_collection.json &#xD;
&#xD;
C:\Agt6\_work\_temp\TestResults\c2kbuild_CLTBUILD23 2021-04-12 08_12_36\In\1b2c114d-b8e9-4e37-9f1a-2f38cdc588bf\CLTBUILD23&gt;set DataFileName=c:\agt6\_work\6\a\api\environment\regapiautomation\testdata\codimport\CODImport@PN-21_22.data.json &#xD;
&#xD;
C:\Agt6\_work\_temp\TestResults\c2kbuild_CLTBUILD23 2021-04-12 08_12_36\In\1b2c114d-b8e9-4e37-9f1a-2f38cdc588bf\CLTBUILD23&gt;set EnvironmentFilePath=c:\agt6\_work\6\a\api\environment\regapiautomation\testdata\codimport\..\..\RegApiAutoEnvironment.postman_environment.json &#xD;
&#xD;
C:\Agt6\_work\_temp\TestResults\c2kbuild_CLTBUILD23 2021-04-12 08_12_36\In\1b2c114d-b8e9-4e37-9f1a-2f38cdc588bf\CLTBUILD23&gt;set HtmlResultsFile=CODImport@PN-21_22-Html.html &#xD;
&#xD;
C:\Agt6\_work\_temp\TestResults\c2kbuild_CLTBUILD23 2021-04-12 08_12_36\In\1b2c114d-b8e9-4e37-9f1a-2f38cdc588bf\CLTBUILD23&gt;set JunitResultsFile=CODImport@PN-21_22-Junit.xml &#xD;
&#xD;
C:\Agt6\_work\_temp\TestResults\c2kbuild_CLTBUILD23 2021-04-12 08_12_36\In\1b2c114d-b8e9-4e37-9f1a-2f38cdc588bf\CLTBUILD23&gt;newman run "c:\agt6\_work\6\a\api\environment\regapiautomation\testdata\codimport\..\..\..\..\Tests\CODImport\CODImport@CommonRecordResponse.postman_collection.json" -k -d "c:\agt6\_work\6\a\api\environment\regapiautomation\testdata\codimport\CODImport@PN-21_22.data.json" -e "c:\agt6\_work\6\a\api\environment\regapiautomation\testdata\codimport\..\..\RegApiAutoEnvironment.postman_environment.json" -r junit,html --reporter-html-export "CODImport@PN-21_22-Html.html" --reporter-junit-export "CODImport@PN-21_22-Junit.xml"</StdOut>
          </Output>
          <ResultFiles>
            <ResultFile path="CLTBUILD23\CODImport@PN-21_22-Html.html" />
            <ResultFile path="CLTBUILD23\CODImport@PN-21_22-Junit.xml" />
          </ResultFiles>
        </UnitTestResult>
      </InnerResults>
    </TestResultAggregation>
    <TestResultAggregation executionId="2b6b8356-a226-4ce3-a034-0315df417f0c" testId="fb344b63-89d5-44ac-94de-ede5d441c9ac" testName="OT-02B-CODImport_RetryCancel" computerName="CLTBUILD23" duration="00:03:09.3387215" startTime="2021-04-12T08:25:22.0478625-04:00" endTime="2021-04-12T08:28:31.3621914-04:00" testType="ec4800e8-40e5-4ab3-8510-b8bf29b1904d" outcome="Passed" testListId="8c84fa94-04c1-424b-9868-57a2d4851a1d" relativeResultsDirectory="2b6b8356-a226-4ce3-a034-0315df417f0c">
      <InnerResults>
        <UnitTestResult executionId="1bbca25e-ad29-4c6c-a5ae-7b374b055f6a" parentExecutionId="2b6b8356-a226-4ce3-a034-0315df417f0c" testId="30142765-be94-44b8-b86d-b98d649b63fc" testName="1- codimport@retrycancelcodimport-generictest (OT-02B-CODImport_RetryCancel)" computerName="CLTBUILD23" duration="00:03:09.3347749" startTime="2021-04-12T08:25:22.0548668-04:00" endTime="2021-04-12T08:28:31.3611927-04:00" testType="13cdc9d9-ddb5-4fa4-a97d-d965ccfc6d4b" outcome="Passed" testListId="8c84fa94-04c1-424b-9868-57a2d4851a1d" relativeResultsDirectory="1bbca25e-ad29-4c6c-a5ae-7b374b055f6a">
          <Output>
            <StdOut>C:\Agt6\_work\_temp\TestResults\c2kbuild_CLTBUILD23 2021-04-12 08_12_36\In\1bbca25e-ad29-4c6c-a5ae-7b374b055f6a\CLTBUILD23&gt;if not defined TestLocation (set TestLocation=. ) &#xD;
&#xD;
C:\Agt6\_work\_temp\TestResults\c2kbuild_CLTBUILD23 2021-04-12 08_12_36\In\1bbca25e-ad29-4c6c-a5ae-7b374b055f6a\CLTBUILD23&gt;set CollectionFileName=c:\agt6\_work\6\a\api\environment\regapiautomation\testdata\codimport\..\..\..\..\Tests\CODImport\CODImport@RetryCancelCodImport.postman_collection.json &#xD;
&#xD;
C:\Agt6\_work\_temp\TestResults\c2kbuild_CLTBUILD23 2021-04-12 08_12_36\In\1bbca25e-ad29-4c6c-a5ae-7b374b055f6a\CLTBUILD23&gt;set DataFileName=c:\agt6\_work\6\a\api\environment\regapiautomation\testdata\codimport\CODImport@RetryCancelCodImport.data.json &#xD;
&#xD;
C:\Agt6\_work\_temp\TestResults\c2kbuild_CLTBUILD23 2021-04-12 08_12_36\In\1bbca25e-ad29-4c6c-a5ae-7b374b055f6a\CLTBUILD23&gt;set EnvironmentFilePath=c:\agt6\_work\6\a\api\environment\regapiautomation\testdata\codimport\..\..\RegApiAutoEnvironment.postman_environment.json &#xD;
&#xD;
C:\Agt6\_work\_temp\TestResults\c2kbuild_CLTBUILD23 2021-04-12 08_12_36\In\1bbca25e-ad29-4c6c-a5ae-7b374b055f6a\CLTBUILD23&gt;set HtmlResultsFile=CODImport_CODImport@RetryCancelCodImport-Html.html &#xD;
&#xD;
C:\Agt6\_work\_temp\TestResults\c2kbuild_CLTBUILD23 2021-04-12 08_12_36\In\1bbca25e-ad29-4c6c-a5ae-7b374b055f6a\CLTBUILD23&gt;set JunitResultsFile=CODImport_CODImport@RetryCancelCodImport-Junit.xml &#xD;
&#xD;
C:\Agt6\_work\_temp\TestResults\c2kbuild_CLTBUILD23 2021-04-12 08_12_36\In\1bbca25e-ad29-4c6c-a5ae-7b374b055f6a\CLTBUILD23&gt;newman run "c:\agt6\_work\6\a\api\environment\regapiautomation\testdata\codimport\..\..\..\..\Tests\CODImport\CODImport@RetryCancelCodImport.postman_collection.json" -k -d "c:\agt6\_work\6\a\api\environment\regapiautomation\testdata\codimport\CODImport@RetryCancelCodImport.data.json" -e "c:\agt6\_work\6\a\api\environment\regapiautomation\testdata\codimport\..\..\RegApiAutoEnvironment.postman_environment.json" -r junit,html --reporter-html-export "CODImport_CODImport@RetryCancelCodImport-Html.html" --reporter-junit-export "CODImport_CODImport@RetryCancelCodImport-Junit.xml"</StdOut>
          </Output>
          <ResultFiles>
            <ResultFile path="CLTBUILD23\CODImport_CODImport@RetryCancelCodImport-Html.html" />
            <ResultFile path="CLTBUILD23\CODImport_CODImport@RetryCancelCodImport-Junit.xml" />
          </ResultFiles>
        </UnitTestResult>
      </InnerResults>
    </TestResultAggregation>
    <TestResultAggregation executionId="c1f03321-246f-45ca-a322-ee983c9ec60f" testId="c8bd5f81-3e8b-4824-93b1-e391145cad90" testName="OT-12A-StudentIsir.CommentCodes" computerName="CLTBUILD23" duration="00:00:13.3790897" startTime="2021-04-12T09:28:49.5442796-04:00" endTime="2021-04-12T09:29:02.9253345-04:00" testType="ec4800e8-40e5-4ab3-8510-b8bf29b1904d" outcome="Passed" testListId="8c84fa94-04c1-424b-9868-57a2d4851a1d" relativeResultsDirectory="c1f03321-246f-45ca-a322-ee983c9ec60f">
      <InnerResults>
        <UnitTestResult executionId="05342bb2-fe08-47ef-9049-abb04b2a295e" parentExecutionId="c1f03321-246f-45ca-a322-ee983c9ec60f" testId="9a123e0d-57dd-4bf9-b2a2-398899265600" testName="1- prereq-appproc-studentisir-verify@hp-acceptasverified-generictest (OT-12A-StudentIsir.CommentCodes)" computerName="CLTBUILD23" duration="00:00:08.0297353" startTime="2021-04-12T09:28:49.5472795-04:00" endTime="2021-04-12T09:28:57.5777111-04:00" testType="13cdc9d9-ddb5-4fa4-a97d-d965ccfc6d4b" outcome="Passed" testListId="8c84fa94-04c1-424b-9868-57a2d4851a1d" relativeResultsDirectory="05342bb2-fe08-47ef-9049-abb04b2a295e">
          <Output>
            <StdOut>C:\Agt6\_work\_temp\TestResults\c2kbuild_CLTBUILD23 2021-04-12 08_12_36\In\05342bb2-fe08-47ef-9049-abb04b2a295e\CLTBUILD23&gt;if not defined TestLocation (set TestLocation=. ) &#xD;
&#xD;
C:\Agt6\_work\_temp\TestResults\c2kbuild_CLTBUILD23 2021-04-12 08_12_36\In\05342bb2-fe08-47ef-9049-abb04b2a295e\CLTBUILD23&gt;set CollectionFileName=c:\agt6\_work\6\a\api\environment\regapiautomation\testdata\studentisir\prereq\..\..\..\..\..\PreReq\PreReq-ImportISIR.postman_collection.json &#xD;
&#xD;
C:\Agt6\_work\_temp\TestResults\c2kbuild_CLTBUILD23 2021-04-12 08_12_36\In\05342bb2-fe08-47ef-9049-abb04b2a295e\CLTBUILD23&gt;set DataFileName=c:\agt6\_work\6\a\api\environment\regapiautomation\testdata\studentisir\prereq\PreReq-AppProc-StudentISIR-Verify@HP-AcceptAsVerified.data.json &#xD;
&#xD;
C:\Agt6\_work\_temp\TestResults\c2kbuild_CLTBUILD23 2021-04-12 08_12_36\In\05342bb2-fe08-47ef-9049-abb04b2a295e\CLTBUILD23&gt;set EnvironmentFilePath=c:\agt6\_work\6\a\api\environment\regapiautomation\testdata\studentisir\prereq\..\..\..\RegApiAutoEnvironment.postman_environment.json &#xD;
&#xD;
C:\Agt6\_work\_temp\TestResults\c2kbuild_CLTBUILD23 2021-04-12 08_12_36\In\05342bb2-fe08-47ef-9049-abb04b2a295e\CLTBUILD23&gt;set HtmlResultsFile=PreReq-AppProc-StudentISIR-Verify@HP-AcceptAsVerified_Html.html &#xD;
&#xD;
C:\Agt6\_work\_temp\TestResults\c2kbuild_CLTBUILD23 2021-04-12 08_12_36\In\05342bb2-fe08-47ef-9049-abb04b2a295e\CLTBUILD23&gt;set JunitResultsFile=PreReq-AppProc-StudentISIR-Verify@HP-AcceptAsVerified_Junit.xml &#xD;
&#xD;
C:\Agt6\_work\_temp\TestResults\c2kbuild_CLTBUILD23 2021-04-12 08_12_36\In\05342bb2-fe08-47ef-9049-abb04b2a295e\CLTBUILD23&gt;newman run "c:\agt6\_work\6\a\api\environment\regapiautomation\testdata\studentisir\prereq\..\..\..\..\..\PreReq\PreReq-ImportISIR.postman_collection.json" -k -d "c:\agt6\_work\6\a\api\environment\regapiautomation\testdata\studentisir\prereq\PreReq-AppProc-StudentISIR-Verify@HP-AcceptAsVerified.data.json" -e "c:\agt6\_work\6\a\api\environment\regapiautomation\testdata\studentisir\prereq\..\..\..\RegApiAutoEnvironment.postman_environment.json" -r junit,html --reporter-html-export "PreReq-AppProc-StudentISIR-Verify@HP-AcceptAsVerified_Html.html" --reporter-junit-export "PreReq-AppProc-StudentISIR-Verify@HP-AcceptAsVerified_Junit.xml"</StdOut>
          </Output>
          <ResultFiles>
            <ResultFile path="CLTBUILD23\PreReq-AppProc-StudentISIR-Verify@HP-AcceptAsVerified_Html.html" />
            <ResultFile path="CLTBUILD23\PreReq-AppProc-StudentISIR-Verify@HP-AcceptAsVerified_Junit.xml" />
          </ResultFiles>
        </UnitTestResult>
        <UnitTestResult executionId="a59030c3-5618-456d-8964-73ff8fc4554d" parentExecutionId="c1f03321-246f-45ca-a322-ee983c9ec60f" testId="2bd7af7e-166b-4f34-9582-ab21df05fe95" testName="2- appproc-studentisir-view@hp-commentcodes-generictest (OT-12A-StudentIsir.CommentCodes)" computerName="CLTBUILD23" duration="00:00:05.3429412" startTime="2021-04-12T09:28:57.5777111-04:00" endTime="2021-04-12T09:29:02.9243326-04:00" testType="13cdc9d9-ddb5-4fa4-a97d-d965ccfc6d4b" outcome="Passed" testListId="8c84fa94-04c1-424b-9868-57a2d4851a1d" relativeResultsDirectory="a59030c3-5618-456d-8964-73ff8fc4554d">
          <Output>
            <StdOut>C:\Agt6\_work\_temp\TestResults\c2kbuild_CLTBUILD23 2021-04-12 08_12_36\In\a59030c3-5618-456d-8964-73ff8fc4554d\CLTBUILD23&gt;if not defined TestLocation (set TestLocation=. ) &#xD;
&#xD;
C:\Agt6\_work\_temp\TestResults\c2kbuild_CLTBUILD23 2021-04-12 08_12_36\In\a59030c3-5618-456d-8964-73ff8fc4554d\CLTBUILD23&gt;set CollectionFileName=c:\agt6\_work\6\a\api\environment\regapiautomation\testdata\studentisir\..\..\..\..\Tests\StudentIsir\AppProc-StudentISIR-View@HP-CommentCodes.postman_collection.json &#xD;
&#xD;
C:\Agt6\_work\_temp\TestResults\c2kbuild_CLTBUILD23 2021-04-12 08_12_36\In\a59030c3-5618-456d-8964-73ff8fc4554d\CLTBUILD23&gt;set DataFileName=c:\agt6\_work\6\a\api\environment\regapiautomation\testdata\studentisir\AppProc-StudentISIR-View@HP-CommentCodes.data.json &#xD;
&#xD;
C:\Agt6\_work\_temp\TestResults\c2kbuild_CLTBUILD23 2021-04-12 08_12_36\In\a59030c3-5618-456d-8964-73ff8fc4554d\CLTBUILD23&gt;set EnvironmentFilePath=c:\agt6\_work\6\a\api\environment\regapiautomation\testdata\studentisir\..\..\RegApiAutoEnvironment.postman_environment.json &#xD;
&#xD;
C:\Agt6\_work\_temp\TestResults\c2kbuild_CLTBUILD23 2021-04-12 08_12_36\In\a59030c3-5618-456d-8964-73ff8fc4554d\CLTBUILD23&gt;set HtmlResultsFile=AppProc-StudentISIR-View@HP-CommentCodes_Html.html &#xD;
&#xD;
C:\Agt6\_work\_temp\TestResults\c2kbuild_CLTBUILD23 2021-04-12 08_12_36\In\a59030c3-5618-456d-8964-73ff8fc4554d\CLTBUILD23&gt;set JunitResultsFile=AppProc-StudentISIR-View@HP-CommentCodes_Junit.xml &#xD;
&#xD;
C:\Agt6\_work\_temp\TestResults\c2kbuild_CLTBUILD23 2021-04-12 08_12_36\In\a59030c3-5618-456d-8964-73ff8fc4554d\CLTBUILD23&gt;newman run "c:\agt6\_work\6\a\api\environment\regapiautomation\testdata\studentisir\..\..\..\..\Tests\StudentIsir\AppProc-StudentISIR-View@HP-CommentCodes.postman_collection.json" -k -d "c:\agt6\_work\6\a\api\environment\regapiautomation\testdata\studentisir\AppProc-StudentISIR-View@HP-CommentCodes.data.json" -e "c:\agt6\_work\6\a\api\environment\regapiautomation\testdata\studentisir\..\..\RegApiAutoEnvironment.postman_environment.json" -r junit,html --reporter-html-export "AppProc-StudentISIR-View@HP-CommentCodes_Html.html" --reporter-junit-export "AppProc-StudentISIR-View@HP-CommentCodes_Junit.xml"</StdOut>
          </Output>
          <ResultFiles>
            <ResultFile path="CLTBUILD23\AppProc-StudentISIR-View@HP-CommentCodes_Html.html" />
            <ResultFile path="CLTBUILD23\AppProc-StudentISIR-View@HP-CommentCodes_Junit.xml" />
          </ResultFiles>
        </UnitTestResult>
      </InnerResults>
    </TestResultAggregation>
    <TestResultAggregation executionId="1c1b619b-4924-43f3-bf75-e324043e3d97" testId="13dbbba0-5c54-452e-95d6-82c8a97b714e" testName="OT-06N-FISAP-DependentGrad-19_20" computerName="CLTBUILD23" duration="00:00:44.8813552" startTime="2021-04-12T08:55:14.4142983-04:00" endTime="2021-04-12T08:55:59.2927776-04:00" testType="ec4800e8-40e5-4ab3-8510-b8bf29b1904d" outcome="Passed" testListId="8c84fa94-04c1-424b-9868-57a2d4851a1d" relativeResultsDirectory="1c1b619b-4924-43f3-bf75-e324043e3d97">
      <InnerResults>
        <UnitTestResult executionId="3efb0334-c3e3-492c-910f-81dbe132755f" parentExecutionId="1c1b619b-4924-43f3-bf75-e324043e3d97" testId="96458860-65b0-46ba-88c9-3f56a4f084cf" testName="1- prereq-fisap-datacorrection@dependentgrad-19_20-createstudent-generictest (OT-06N-FISAP-DependentGrad-19_20)" computerName="CLTBUILD23" duration="00:00:08.3778011" startTime="2021-04-12T08:55:14.4152975-04:00" endTime="2021-04-12T08:55:22.7957576-04:00" testType="13cdc9d9-ddb5-4fa4-a97d-d965ccfc6d4b" outcome="Passed" testListId="8c84fa94-04c1-424b-9868-57a2d4851a1d" relativeResultsDirectory="3efb0334-c3e3-492c-910f-81dbe132755f">
          <Output>
            <StdOut>C:\Agt6\_work\_temp\TestResults\c2kbuild_CLTBUILD23 2021-04-12 08_12_36\In\3efb0334-c3e3-492c-910f-81dbe132755f\CLTBUILD23&gt;if not defined TestLocation (set TestLocation=. ) &#xD;
&#xD;
C:\Agt6\_work\_temp\TestResults\c2kbuild_CLTBUILD23 2021-04-12 08_12_36\In\3efb0334-c3e3-492c-910f-81dbe132755f\CLTBUILD23&gt;set CollectionFileName=c:\agt6\_work\6\a\api\environment\regapiautomation\testdata\fisap-datacorrection\prereq-dependentgrad-19-20\..\..\..\..\..\PreReq\PreReq-CreateStudent.postman_collection.json &#xD;
&#xD;
C:\Agt6\_work\_temp\TestResults\c2kbuild_CLTBUILD23 2021-04-12 08_12_36\In\3efb0334-c3e3-492c-910f-81dbe132755f\CLTBUILD23&gt;set DataFileName=c:\agt6\_work\6\a\api\environment\regapiautomation\testdata\fisap-datacorrection\prereq-dependentgrad-19-20\PreReq-FISAP-DataCorrection@DependentGrad-19_20-CreateStudent.data.csv &#xD;
&#xD;
C:\Agt6\_work\_temp\TestResults\c2kbuild_CLTBUILD23 2021-04-12 08_12_36\In\3efb0334-c3e3-492c-910f-81dbe132755f\CLTBUILD23&gt;set EnvironmentFilePath=c:\agt6\_work\6\a\api\environment\regapiautomation\testdata\fisap-datacorrection\prereq-dependentgrad-19-20\..\..\..\RegApiAutoEnvironment.postman_environment.json &#xD;
&#xD;
C:\Agt6\_work\_temp\TestResults\c2kbuild_CLTBUILD23 2021-04-12 08_12_36\In\3efb0334-c3e3-492c-910f-81dbe132755f\CLTBUILD23&gt;set HtmlResultsFile=CreateStudent_Html.html &#xD;
&#xD;
C:\Agt6\_work\_temp\TestResults\c2kbuild_CLTBUILD23 2021-04-12 08_12_36\In\3efb0334-c3e3-492c-910f-81dbe132755f\CLTBUILD23&gt;set JunitResultsFile=CreateStudent_Junit.xml &#xD;
&#xD;
C:\Agt6\_work\_temp\TestResults\c2kbuild_CLTBUILD23 2021-04-12 08_12_36\In\3efb0334-c3e3-492c-910f-81dbe132755f\CLTBUILD23&gt;newman run "c:\agt6\_work\6\a\api\environment\regapiautomation\testdata\fisap-datacorrection\prereq-dependentgrad-19-20\..\..\..\..\..\PreReq\PreReq-CreateStudent.postman_collection.json" -k -d "c:\agt6\_work\6\a\api\environment\regapiautomation\testdata\fisap-datacorrection\prereq-dependentgrad-19-20\PreReq-FISAP-DataCorrection@DependentGrad-19_20-CreateStudent.data.csv" -e "c:\agt6\_work\6\a\api\environment\regapiautomation\testdata\fisap-datacorrection\prereq-dependentgrad-19-20\..\..\..\RegApiAutoEnvironment.postman_environment.json" -r junit,html --reporter-html-export "CreateStudent_Html.html" --reporter-junit-export "CreateStudent_Junit.xml"</StdOut>
          </Output>
          <ResultFiles>
            <ResultFile path="CLTBUILD23\CreateStudent_Html.html" />
            <ResultFile path="CLTBUILD23\CreateStudent_Junit.xml" />
          </ResultFiles>
        </UnitTestResult>
        <UnitTestResult executionId="7b84fb26-bfd6-4248-8e61-1296cc54316e" parentExecutionId="1c1b619b-4924-43f3-bf75-e324043e3d97" testId="f41fadab-2be9-4710-920b-2e07f2d5889f" testName="2- prereq-fisap-datacorrection@dependentgrad-19_20-importisir-generictest (OT-06N-FISAP-DependentGrad-19_20)" computerName="CLTBUILD23" duration="00:00:08.4564801" startTime="2021-04-12T08:55:22.7967595-04:00" endTime="2021-04-12T08:55:31.2618138-04:00" testType="13cdc9d9-ddb5-4fa4-a97d-d965ccfc6d4b" outcome="Passed" testListId="8c84fa94-04c1-424b-9868-57a2d4851a1d" relativeResultsDirectory="7b84fb26-bfd6-4248-8e61-1296cc54316e">
          <Output>
            <StdOut>C:\Agt6\_work\_temp\TestResults\c2kbuild_CLTBUILD23 2021-04-12 08_12_36\In\7b84fb26-bfd6-4248-8e61-1296cc54316e\CLTBUILD23&gt;if not defined TestLocation (set TestLocation=. ) &#xD;
&#xD;
C:\Agt6\_work\_temp\TestResults\c2kbuild_CLTBUILD23 2021-04-12 08_12_36\In\7b84fb26-bfd6-4248-8e61-1296cc54316e\CLTBUILD23&gt;set CollectionFileName=c:\agt6\_work\6\a\api\environment\regapiautomation\testdata\fisap-datacorrection\prereq-dependentgrad-19-20\..\..\..\..\..\PreReq\PreReq-ImportIsir.postman_collection.json &#xD;
&#xD;
C:\Agt6\_work\_temp\TestResults\c2kbuild_CLTBUILD23 2021-04-12 08_12_36\In\7b84fb26-bfd6-4248-8e61-1296cc54316e\CLTBUILD23&gt;set DataFileName=c:\agt6\_work\6\a\api\environment\regapiautomation\testdata\fisap-datacorrection\prereq-dependentgrad-19-20\PreReq-FISAP-DataCorrection@DependentGrad-19_20-ImportIsir.data.json &#xD;
&#xD;
C:\Agt6\_work\_temp\TestResults\c2kbuild_CLTBUILD23 2021-04-12 08_12_36\In\7b84fb26-bfd6-4248-8e61-1296cc54316e\CLTBUILD23&gt;set EnvironmentFilePath=c:\agt6\_work\6\a\api\environment\regapiautomation\testdata\fisap-datacorrection\prereq-dependentgrad-19-20\..\..\..\RegApiAutoEnvironment.postman_environment.json &#xD;
&#xD;
C:\Agt6\_work\_temp\TestResults\c2kbuild_CLTBUILD23 2021-04-12 08_12_36\In\7b84fb26-bfd6-4248-8e61-1296cc54316e\CLTBUILD23&gt;set HtmlResultsFile=PreReq-ImportIsir_Html.html &#xD;
&#xD;
C:\Agt6\_work\_temp\TestResults\c2kbuild_CLTBUILD23 2021-04-12 08_12_36\In\7b84fb26-bfd6-4248-8e61-1296cc54316e\CLTBUILD23&gt;set JunitResultsFile=PreReq-ImportIsir_Junit.xml &#xD;
&#xD;
C:\Agt6\_work\_temp\TestResults\c2kbuild_CLTBUILD23 2021-04-12 08_12_36\In\7b84fb26-bfd6-4248-8e61-1296cc54316e\CLTBUILD23&gt;newman run "c:\agt6\_work\6\a\api\environment\regapiautomation\testdata\fisap-datacorrection\prereq-dependentgrad-19-20\..\..\..\..\..\PreReq\PreReq-ImportIsir.postman_collection.json" -k -d "c:\agt6\_work\6\a\api\environment\regapiautomation\testdata\fisap-datacorrection\prereq-dependentgrad-19-20\PreReq-FISAP-DataCorrection@DependentGrad-19_20-ImportIsir.data.json" -e "c:\agt6\_work\6\a\api\environment\regapiautomation\testdata\fisap-datacorrection\prereq-dependentgrad-19-20\..\..\..\RegApiAutoEnvironment.postman_environment.json" -r junit,html --reporter-html-export "PreReq-ImportIsir_Html.html" --reporter-junit-export "PreReq-ImportIsir_Junit.xml"</StdOut>
          </Output>
          <ResultFiles>
            <ResultFile path="CLTBUILD23\PreReq-ImportIsir_Html.html" />
            <ResultFile path="CLTBUILD23\PreReq-ImportIsir_Junit.xml" />
          </ResultFiles>
        </UnitTestResult>
        <UnitTestResult executionId="2be8ffe6-40a6-4d22-aa66-b41e146c7ce7" parentExecutionId="1c1b619b-4924-43f3-bf75-e324043e3d97" testId="8eec4545-f0b7-4333-b231-b222a703a5c7" testName="3- prereq-fisap-datacorrection@dependentgrad-19_20-enrollstudent-generictest (OT-06N-FISAP-DependentGrad-19_20)" computerName="CLTBUILD23" duration="00:00:12.7075308" startTime="2021-04-12T08:55:31.2638135-04:00" endTime="2021-04-12T08:55:43.9788877-04:00" testType="13cdc9d9-ddb5-4fa4-a97d-d965ccfc6d4b" outcome="Passed" testListId="8c84fa94-04c1-424b-9868-57a2d4851a1d" relativeResultsDirectory="2be8ffe6-40a6-4d22-aa66-b41e146c7ce7">
          <Output>
            <StdOut>C:\Agt6\_work\_temp\TestResults\c2kbuild_CLTBUILD23 2021-04-12 08_12_36\In\2be8ffe6-40a6-4d22-aa66-b41e146c7ce7\CLTBUILD23&gt;if not defined TestLocation (set TestLocation=. ) &#xD;
&#xD;
C:\Agt6\_work\_temp\TestResults\c2kbuild_CLTBUILD23 2021-04-12 08_12_36\In\2be8ffe6-40a6-4d22-aa66-b41e146c7ce7\CLTBUILD23&gt;set CollectionFileName=c:\agt6\_work\6\a\api\environment\regapiautomation\testdata\fisap-datacorrection\prereq-dependentgrad-19-20\..\..\..\..\..\PreReq\PreReq-EnrollStudent.postman_collection.json &#xD;
&#xD;
C:\Agt6\_work\_temp\TestResults\c2kbuild_CLTBUILD23 2021-04-12 08_12_36\In\2be8ffe6-40a6-4d22-aa66-b41e146c7ce7\CLTBUILD23&gt;set DataFileName=c:\agt6\_work\6\a\api\environment\regapiautomation\testdata\fisap-datacorrection\prereq-dependentgrad-19-20\PreReq-FISAP-DataCorrection@DependentGrad-19_20-EnrollStudent.data.csv &#xD;
&#xD;
C:\Agt6\_work\_temp\TestResults\c2kbuild_CLTBUILD23 2021-04-12 08_12_36\In\2be8ffe6-40a6-4d22-aa66-b41e146c7ce7\CLTBUILD23&gt;set EnvironmentFilePath=c:\agt6\_work\6\a\api\environment\regapiautomation\testdata\fisap-datacorrection\prereq-dependentgrad-19-20\..\..\..\RegApiAutoEnvironment.postman_environment.json &#xD;
&#xD;
C:\Agt6\_work\_temp\TestResults\c2kbuild_CLTBUILD23 2021-04-12 08_12_36\In\2be8ffe6-40a6-4d22-aa66-b41e146c7ce7\CLTBUILD23&gt;set HtmlResultsFile=EnrollStudent_Html.html &#xD;
&#xD;
C:\Agt6\_work\_temp\TestResults\c2kbuild_CLTBUILD23 2021-04-12 08_12_36\In\2be8ffe6-40a6-4d22-aa66-b41e146c7ce7\CLTBUILD23&gt;set JunitResultsFile=EnrollStudent_Junit.xml &#xD;
&#xD;
C:\Agt6\_work\_temp\TestResults\c2kbuild_CLTBUILD23 2021-04-12 08_12_36\In\2be8ffe6-40a6-4d22-aa66-b41e146c7ce7\CLTBUILD23&gt;newman run "c:\agt6\_work\6\a\api\environment\regapiautomation\testdata\fisap-datacorrection\prereq-dependentgrad-19-20\..\..\..\..\..\PreReq\PreReq-EnrollStudent.postman_collection.json" -k -d "c:\agt6\_work\6\a\api\environment\regapiautomation\testdata\fisap-datacorrection\prereq-dependentgrad-19-20\PreReq-FISAP-DataCorrection@DependentGrad-19_20-EnrollStudent.data.csv" -e "c:\agt6\_work\6\a\api\environment\regapiautomation\testdata\fisap-datacorrection\prereq-dependentgrad-19-20\..\..\..\RegApiAutoEnvironment.postman_environment.json" -r junit,html --reporter-html-export "EnrollStudent_Html.html" --reporter-junit-export "EnrollStudent_Junit.xml"</StdOut>
          </Output>
          <ResultFiles>
            <ResultFile path="CLTBUILD23\EnrollStudent_Html.html" />
            <ResultFile path="CLTBUILD23\EnrollStudent_Junit.xml" />
          </ResultFiles>
        </UnitTestResult>
        <UnitTestResult executionId="1313cd07-0bd1-4ba1-8f26-bf68113da57e" parentExecutionId="1c1b619b-4924-43f3-bf75-e324043e3d97" testId="9a3f9252-81d6-4c3e-868f-dd0a17d2c7a9" testName="4- prereq-fisap-datacorrection@dependentgrad-19_20-registerclassandpostattendance-generictest (OT-06N-FISAP-DependentGrad-19_20)" computerName="CLTBUILD23" duration="00:00:08.0307217" startTime="2021-04-12T08:55:43.9798887-04:00" endTime="2021-04-12T08:55:52.0123060-04:00" testType="13cdc9d9-ddb5-4fa4-a97d-d965ccfc6d4b" outcome="Passed" testListId="8c84fa94-04c1-424b-9868-57a2d4851a1d" relativeResultsDirectory="1313cd07-0bd1-4ba1-8f26-bf68113da57e">
          <Output>
            <StdOut>C:\Agt6\_work\_temp\TestResults\c2kbuild_CLTBUILD23 2021-04-12 08_12_36\In\1313cd07-0bd1-4ba1-8f26-bf68113da57e\CLTBUILD23&gt;if not defined TestLocation (set TestLocation=. ) &#xD;
&#xD;
C:\Agt6\_work\_temp\TestResults\c2kbuild_CLTBUILD23 2021-04-12 08_12_36\In\1313cd07-0bd1-4ba1-8f26-bf68113da57e\CLTBUILD23&gt;set CollectionFileName=c:\agt6\_work\6\a\api\environment\regapiautomation\testdata\fisap-datacorrection\prereq-dependentgrad-19-20\..\..\..\..\..\PreReq\PreReq-RegisterClassAndPostAttendanceForStudent.postman_collection.json &#xD;
&#xD;
C:\Agt6\_work\_temp\TestResults\c2kbuild_CLTBUILD23 2021-04-12 08_12_36\In\1313cd07-0bd1-4ba1-8f26-bf68113da57e\CLTBUILD23&gt;set DataFileName=c:\agt6\_work\6\a\api\environment\regapiautomation\testdata\fisap-datacorrection\prereq-dependentgrad-19-20\PreReq-FISAP-DataCorrection@DependentGrad-19_20-RegisterClassAndPostAttendance.csv &#xD;
&#xD;
C:\Agt6\_work\_temp\TestResults\c2kbuild_CLTBUILD23 2021-04-12 08_12_36\In\1313cd07-0bd1-4ba1-8f26-bf68113da57e\CLTBUILD23&gt;set EnvironmentFilePath=c:\agt6\_work\6\a\api\environment\regapiautomation\testdata\fisap-datacorrection\prereq-dependentgrad-19-20\..\..\..\RegApiAutoEnvironment.postman_environment.json &#xD;
&#xD;
C:\Agt6\_work\_temp\TestResults\c2kbuild_CLTBUILD23 2021-04-12 08_12_36\In\1313cd07-0bd1-4ba1-8f26-bf68113da57e\CLTBUILD23&gt;set HtmlResultsFile=PreReq-RegisterClassAndPostAttendance_Html.html &#xD;
&#xD;
C:\Agt6\_work\_temp\TestResults\c2kbuild_CLTBUILD23 2021-04-12 08_12_36\In\1313cd07-0bd1-4ba1-8f26-bf68113da57e\CLTBUILD23&gt;set JunitResultsFile=PreReq-RegisterClassAndPostAttendance_Junit.xml &#xD;
&#xD;
C:\Agt6\_work\_temp\TestResults\c2kbuild_CLTBUILD23 2021-04-12 08_12_36\In\1313cd07-0bd1-4ba1-8f26-bf68113da57e\CLTBUILD23&gt;newman run "c:\agt6\_work\6\a\api\environment\regapiautomation\testdata\fisap-datacorrection\prereq-dependentgrad-19-20\..\..\..\..\..\PreReq\PreReq-RegisterClassAndPostAttendanceForStudent.postman_collection.json" -k -d "c:\agt6\_work\6\a\api\environment\regapiautomation\testdata\fisap-datacorrection\prereq-dependentgrad-19-20\PreReq-FISAP-DataCorrection@DependentGrad-19_20-RegisterClassAndPostAttendance.csv" -e "c:\agt6\_work\6\a\api\environment\regapiautomation\testdata\fisap-datacorrection\prereq-dependentgrad-19-20\..\..\..\RegApiAutoEnvironment.postman_environment.json" -r junit,html --reporter-html-export "PreReq-RegisterClassAndPostAttendance_Html.html" --reporter-junit-export "PreReq-RegisterClassAndPostAttendance_Junit.xml"</StdOut>
          </Output>
          <ResultFiles>
            <ResultFile path="CLTBUILD23\PreReq-RegisterClassAndPostAttendance_Html.html" />
            <ResultFile path="CLTBUILD23\PreReq-RegisterClassAndPostAttendance_Junit.xml" />
          </ResultFiles>
        </UnitTestResult>
        <UnitTestResult executionId="4d8b98e4-269d-4699-bcac-020455ba30cf" parentExecutionId="1c1b619b-4924-43f3-bf75-e324043e3d97" testId="58910839-c7c5-4769-b4e6-a91531f0aacc" testName="5- fisap-datacorrection@dependentgrad-19_20-generictest (OT-06N-FISAP-DependentGrad-19_20)" computerName="CLTBUILD23" duration="00:00:07.2750962" startTime="2021-04-12T08:55:52.0123060-04:00" endTime="2021-04-12T08:55:59.2917860-04:00" testType="13cdc9d9-ddb5-4fa4-a97d-d965ccfc6d4b" outcome="Passed" testListId="8c84fa94-04c1-424b-9868-57a2d4851a1d" relativeResultsDirectory="4d8b98e4-269d-4699-bcac-020455ba30cf">
          <Output>
            <StdOut>C:\Agt6\_work\_temp\TestResults\c2kbuild_CLTBUILD23 2021-04-12 08_12_36\In\4d8b98e4-269d-4699-bcac-020455ba30cf\CLTBUILD23&gt;if not defined TestLocation (set TestLocation=. ) &#xD;
&#xD;
C:\Agt6\_work\_temp\TestResults\c2kbuild_CLTBUILD23 2021-04-12 08_12_36\In\4d8b98e4-269d-4699-bcac-020455ba30cf\CLTBUILD23&gt;set CollectionFileName=c:\agt6\_work\6\a\api\environment\regapiautomation\testdata\fisap-datacorrection\..\..\..\..\Tests\FISAP-DataCorrection\FISAP-DataCorrection@DependentGrad.postman_collection.json &#xD;
&#xD;
C:\Agt6\_work\_temp\TestResults\c2kbuild_CLTBUILD23 2021-04-12 08_12_36\In\4d8b98e4-269d-4699-bcac-020455ba30cf\CLTBUILD23&gt;set DataFileName=c:\agt6\_work\6\a\api\environment\regapiautomation\testdata\fisap-datacorrection\FISAP-DataCorrection@DependentGrad-19_20.data.json &#xD;
&#xD;
C:\Agt6\_work\_temp\TestResults\c2kbuild_CLTBUILD23 2021-04-12 08_12_36\In\4d8b98e4-269d-4699-bcac-020455ba30cf\CLTBUILD23&gt;set EnvironmentFilePath=c:\agt6\_work\6\a\api\environment\regapiautomation\testdata\fisap-datacorrection\..\..\RegApiAutoEnvironment.postman_environment.json &#xD;
&#xD;
C:\Agt6\_work\_temp\TestResults\c2kbuild_CLTBUILD23 2021-04-12 08_12_36\In\4d8b98e4-269d-4699-bcac-020455ba30cf\CLTBUILD23&gt;set HtmlResultsFile=FISAP-DataCorrection@DependentGrad-19_20-Html.html &#xD;
&#xD;
C:\Agt6\_work\_temp\TestResults\c2kbuild_CLTBUILD23 2021-04-12 08_12_36\In\4d8b98e4-269d-4699-bcac-020455ba30cf\CLTBUILD23&gt;set JunitResultsFile=FISAP-DataCorrection@DependentGrad-19_20-Junit.xml &#xD;
&#xD;
C:\Agt6\_work\_temp\TestResults\c2kbuild_CLTBUILD23 2021-04-12 08_12_36\In\4d8b98e4-269d-4699-bcac-020455ba30cf\CLTBUILD23&gt;newman run "c:\agt6\_work\6\a\api\environment\regapiautomation\testdata\fisap-datacorrection\..\..\..\..\Tests\FISAP-DataCorrection\FISAP-DataCorrection@DependentGrad.postman_collection.json" -k -d "c:\agt6\_work\6\a\api\environment\regapiautomation\testdata\fisap-datacorrection\FISAP-DataCorrection@DependentGrad-19_20.data.json" -e "c:\agt6\_work\6\a\api\environment\regapiautomation\testdata\fisap-datacorrection\..\..\RegApiAutoEnvironment.postman_environment.json" -r junit,html --reporter-html-export "FISAP-DataCorrection@DependentGrad-19_20-Html.html" --reporter-junit-export "FISAP-DataCorrection@DependentGrad-19_20-Junit.xml"</StdOut>
          </Output>
          <ResultFiles>
            <ResultFile path="CLTBUILD23\FISAP-DataCorrection@DependentGrad-19_20-Html.html" />
            <ResultFile path="CLTBUILD23\FISAP-DataCorrection@DependentGrad-19_20-Junit.xml" />
          </ResultFiles>
        </UnitTestResult>
      </InnerResults>
    </TestResultAggregation>
    <TestResultAggregation executionId="f70ac971-2ec9-435e-8247-a795bfa516c3" testId="74c46956-6f08-4844-9ce0-791134c9b87e" testName="OT-10J-CollegeFinancePlan-Config-Comments-21_22" computerName="CLTBUILD23" duration="00:00:07.4781530" startTime="2021-04-12T09:22:06.7725601-04:00" endTime="2021-04-12T09:22:14.2520234-04:00" testType="ec4800e8-40e5-4ab3-8510-b8bf29b1904d" outcome="Passed" testListId="8c84fa94-04c1-424b-9868-57a2d4851a1d" relativeResultsDirectory="f70ac971-2ec9-435e-8247-a795bfa516c3">
      <InnerResults>
        <UnitTestResult executionId="7e67b674-f6af-46f6-8c1c-60937099206e" parentExecutionId="f70ac971-2ec9-435e-8247-a795bfa516c3" testId="7ef57d29-766f-41c8-ae16-3dbce8ca2826" testName="1- collegefinanceplan-config@comments-21_22-generictest (OT-10J-CollegeFinancePlan-Config-Comments-21_22)" computerName="CLTBUILD23" duration="00:00:07.4739827" startTime="2021-04-12T09:22:06.7745563-04:00" endTime="2021-04-12T09:22:14.2520234-04:00" testType="13cdc9d9-ddb5-4fa4-a97d-d965ccfc6d4b" outcome="Passed" testListId="8c84fa94-04c1-424b-9868-57a2d4851a1d" relativeResultsDirectory="7e67b674-f6af-46f6-8c1c-60937099206e">
          <Output>
            <StdOut>C:\Agt6\_work\_temp\TestResults\c2kbuild_CLTBUILD23 2021-04-12 08_12_36\In\7e67b674-f6af-46f6-8c1c-60937099206e\CLTBUILD23&gt;if not defined TestLocation (set TestLocation=. ) &#xD;
&#xD;
C:\Agt6\_work\_temp\TestResults\c2kbuild_CLTBUILD23 2021-04-12 08_12_36\In\7e67b674-f6af-46f6-8c1c-60937099206e\CLTBUILD23&gt;set CollectionFileName=c:\agt6\_work\6\a\api\environment\regapiautomation\testdata\shoppingsheets\..\..\..\..\Tests\ShoppingSheets\CollegeFinancePlan-Config@Comments.postman_collection.json &#xD;
&#xD;
C:\Agt6\_work\_temp\TestResults\c2kbuild_CLTBUILD23 2021-04-12 08_12_36\In\7e67b674-f6af-46f6-8c1c-60937099206e\CLTBUILD23&gt;set DataFileName=c:\agt6\_work\6\a\api\environment\regapiautomation\testdata\shoppingsheets\CollegeFinancePlan-Config@Comments-21_22.data.csv &#xD;
&#xD;
C:\Agt6\_work\_temp\TestResults\c2kbuild_CLTBUILD23 2021-04-12 08_12_36\In\7e67b674-f6af-46f6-8c1c-60937099206e\CLTBUILD23&gt;set EnvironmentFilePath=c:\agt6\_work\6\a\api\environment\regapiautomation\testdata\shoppingsheets\..\..\RegApiAutoEnvironment.postman_environment.json &#xD;
&#xD;
C:\Agt6\_work\_temp\TestResults\c2kbuild_CLTBUILD23 2021-04-12 08_12_36\In\7e67b674-f6af-46f6-8c1c-60937099206e\CLTBUILD23&gt;set HtmlResultsFile=Tests_CollegeFinancePlan-Config@Comments-21_22-Html.html &#xD;
&#xD;
C:\Agt6\_work\_temp\TestResults\c2kbuild_CLTBUILD23 2021-04-12 08_12_36\In\7e67b674-f6af-46f6-8c1c-60937099206e\CLTBUILD23&gt;set JunitResultsFile=Tests_CollegeFinancePlan-Config@Comments-21_22-Junit.xml &#xD;
&#xD;
C:\Agt6\_work\_temp\TestResults\c2kbuild_CLTBUILD23 2021-04-12 08_12_36\In\7e67b674-f6af-46f6-8c1c-60937099206e\CLTBUILD23&gt;newman run "c:\agt6\_work\6\a\api\environment\regapiautomation\testdata\shoppingsheets\..\..\..\..\Tests\ShoppingSheets\CollegeFinancePlan-Config@Comments.postman_collection.json" -k -d "c:\agt6\_work\6\a\api\environment\regapiautomation\testdata\shoppingsheets\CollegeFinancePlan-Config@Comments-21_22.data.csv" -e "c:\agt6\_work\6\a\api\environment\regapiautomation\testdata\shoppingsheets\..\..\RegApiAutoEnvironment.postman_environment.json" -r junit,html --reporter-html-export "Tests_CollegeFinancePlan-Config@Comments-21_22-Html.html" --reporter-junit-export "Tests_CollegeFinancePlan-Config@Comments-21_22-Junit.xml"</StdOut>
          </Output>
          <ResultFiles>
            <ResultFile path="CLTBUILD23\Tests_CollegeFinancePlan-Config@Comments-21_22-Html.html" />
            <ResultFile path="CLTBUILD23\Tests_CollegeFinancePlan-Config@Comments-21_22-Junit.xml" />
          </ResultFiles>
        </UnitTestResult>
      </InnerResults>
    </TestResultAggregation>
    <TestResultAggregation executionId="f1d46cb3-877d-4953-828d-ac45b9c579e2" testId="60667aff-472a-4b9d-b967-98debc0a7b81" testName="OT-06S-FISAP-UnkEnrollStatus-20_21" computerName="CLTBUILD23" duration="00:01:05.9096873" startTime="2021-04-12T09:00:30.5810739-04:00" endTime="2021-04-12T09:01:36.4872913-04:00" testType="ec4800e8-40e5-4ab3-8510-b8bf29b1904d" outcome="Passed" testListId="8c84fa94-04c1-424b-9868-57a2d4851a1d" relativeResultsDirectory="f1d46cb3-877d-4953-828d-ac45b9c579e2">
      <InnerResults>
        <UnitTestResult executionId="2ca9bf0f-d358-43d5-999d-5783863f34c4" parentExecutionId="f1d46cb3-877d-4953-828d-ac45b9c579e2" testId="4575a001-0841-42ca-af00-39880cff3d8d" testName="1- prereq-fisap-datacorrection@unkenrollstatus-20_21-createstudent-generictest (OT-06S-FISAP-UnkEnrollStatus-20_21)" computerName="CLTBUILD23" duration="00:00:07.4265273" startTime="2021-04-12T09:00:30.5860726-04:00" endTime="2021-04-12T09:00:38.0125320-04:00" testType="13cdc9d9-ddb5-4fa4-a97d-d965ccfc6d4b" outcome="Passed" testListId="8c84fa94-04c1-424b-9868-57a2d4851a1d" relativeResultsDirectory="2ca9bf0f-d358-43d5-999d-5783863f34c4">
          <Output>
            <StdOut>C:\Agt6\_work\_temp\TestResults\c2kbuild_CLTBUILD23 2021-04-12 08_12_36\In\2ca9bf0f-d358-43d5-999d-5783863f34c4\CLTBUILD23&gt;if not defined TestLocation (set TestLocation=. ) &#xD;
&#xD;
C:\Agt6\_work\_temp\TestResults\c2kbuild_CLTBUILD23 2021-04-12 08_12_36\In\2ca9bf0f-d358-43d5-999d-5783863f34c4\CLTBUILD23&gt;set CollectionFileName=c:\agt6\_work\6\a\api\environment\regapiautomation\testdata\fisap-datacorrection\prereq-unkenrollstatus-20_21\..\..\..\..\..\PreReq\PreReq-CreateStudent.postman_collection.json &#xD;
&#xD;
C:\Agt6\_work\_temp\TestResults\c2kbuild_CLTBUILD23 2021-04-12 08_12_36\In\2ca9bf0f-d358-43d5-999d-5783863f34c4\CLTBUILD23&gt;set DataFileName=c:\agt6\_work\6\a\api\environment\regapiautomation\testdata\fisap-datacorrection\prereq-unkenrollstatus-20_21\PreReq-FISAP-DataCorrection@UnkEnrollStatus-20_21-CreateStudent.data.csv &#xD;
&#xD;
C:\Agt6\_work\_temp\TestResults\c2kbuild_CLTBUILD23 2021-04-12 08_12_36\In\2ca9bf0f-d358-43d5-999d-5783863f34c4\CLTBUILD23&gt;set EnvironmentFilePath=c:\agt6\_work\6\a\api\environment\regapiautomation\testdata\fisap-datacorrection\prereq-unkenrollstatus-20_21\..\..\..\RegApiAutoEnvironment.postman_environment.json &#xD;
&#xD;
C:\Agt6\_work\_temp\TestResults\c2kbuild_CLTBUILD23 2021-04-12 08_12_36\In\2ca9bf0f-d358-43d5-999d-5783863f34c4\CLTBUILD23&gt;set HtmlResultsFile=PreReq-CreateStudent_Html.html &#xD;
&#xD;
C:\Agt6\_work\_temp\TestResults\c2kbuild_CLTBUILD23 2021-04-12 08_12_36\In\2ca9bf0f-d358-43d5-999d-5783863f34c4\CLTBUILD23&gt;set JunitResultsFile=PreReq-CreateStudent_Junit.xml &#xD;
&#xD;
C:\Agt6\_work\_temp\TestResults\c2kbuild_CLTBUILD23 2021-04-12 08_12_36\In\2ca9bf0f-d358-43d5-999d-5783863f34c4\CLTBUILD23&gt;newman run "c:\agt6\_work\6\a\api\environment\regapiautomation\testdata\fisap-datacorrection\prereq-unkenrollstatus-20_21\..\..\..\..\..\PreReq\PreReq-CreateStudent.postman_collection.json" -k -d "c:\agt6\_work\6\a\api\environment\regapiautomation\testdata\fisap-datacorrection\prereq-unkenrollstatus-20_21\PreReq-FISAP-DataCorrection@UnkEnrollStatus-20_21-CreateStudent.data.csv" -e "c:\agt6\_work\6\a\api\environment\regapiautomation\testdata\fisap-datacorrection\prereq-unkenrollstatus-20_21\..\..\..\RegApiAutoEnvironment.postman_environment.json" -r junit,html --reporter-html-export "PreReq-CreateStudent_Html.html" --reporter-junit-export "PreReq-CreateStudent_Junit.xml"</StdOut>
          </Output>
          <ResultFiles>
            <ResultFile path="CLTBUILD23\PreReq-CreateStudent_Html.html" />
            <ResultFile path="CLTBUILD23\PreReq-CreateStudent_Junit.xml" />
          </ResultFiles>
        </UnitTestResult>
        <UnitTestResult executionId="75875552-4738-4c51-b171-2f34b58dc87f" parentExecutionId="f1d46cb3-877d-4953-828d-ac45b9c579e2" testId="c2bcb34b-4421-4831-84cc-a0a4a94ea085" testName="2- prereq-fisap-datacorrection@unkenrollstatus-20_21-enrollstudent-generictest (OT-06S-FISAP-UnkEnrollStatus-20_21)" computerName="CLTBUILD23" duration="00:00:12.1666408" startTime="2021-04-12T09:00:38.0135334-04:00" endTime="2021-04-12T09:00:50.1826531-04:00" testType="13cdc9d9-ddb5-4fa4-a97d-d965ccfc6d4b" outcome="Passed" testListId="8c84fa94-04c1-424b-9868-57a2d4851a1d" relativeResultsDirectory="75875552-4738-4c51-b171-2f34b58dc87f">
          <Output>
            <StdOut>C:\Agt6\_work\_temp\TestResults\c2kbuild_CLTBUILD23 2021-04-12 08_12_36\In\75875552-4738-4c51-b171-2f34b58dc87f\CLTBUILD23&gt;if not defined TestLocation (set TestLocation=. ) &#xD;
&#xD;
C:\Agt6\_work\_temp\TestResults\c2kbuild_CLTBUILD23 2021-04-12 08_12_36\In\75875552-4738-4c51-b171-2f34b58dc87f\CLTBUILD23&gt;set CollectionFileName=c:\agt6\_work\6\a\api\environment\regapiautomation\testdata\fisap-datacorrection\prereq-unkenrollstatus-20_21\..\..\..\..\..\PreReq\PreReq-EnrollStudent.postman_collection.json &#xD;
&#xD;
C:\Agt6\_work\_temp\TestResults\c2kbuild_CLTBUILD23 2021-04-12 08_12_36\In\75875552-4738-4c51-b171-2f34b58dc87f\CLTBUILD23&gt;set DataFileName=c:\agt6\_work\6\a\api\environment\regapiautomation\testdata\fisap-datacorrection\prereq-unkenrollstatus-20_21\PreReq-FISAP-DataCorrection@UnkEnrollStatus-20_21-EnrollStudent.data.csv &#xD;
&#xD;
C:\Agt6\_work\_temp\TestResults\c2kbuild_CLTBUILD23 2021-04-12 08_12_36\In\75875552-4738-4c51-b171-2f34b58dc87f\CLTBUILD23&gt;set EnvironmentFilePath=c:\agt6\_work\6\a\api\environment\regapiautomation\testdata\fisap-datacorrection\prereq-unkenrollstatus-20_21\..\..\..\RegApiAutoEnvironment.postman_environment.json &#xD;
&#xD;
C:\Agt6\_work\_temp\TestResults\c2kbuild_CLTBUILD23 2021-04-12 08_12_36\In\75875552-4738-4c51-b171-2f34b58dc87f\CLTBUILD23&gt;set HtmlResultsFile=PreReq-EnrollStudent_Html.html &#xD;
&#xD;
C:\Agt6\_work\_temp\TestResults\c2kbuild_CLTBUILD23 2021-04-12 08_12_36\In\75875552-4738-4c51-b171-2f34b58dc87f\CLTBUILD23&gt;set JunitResultsFile=PreReq-EnrollStudent_Junit.xml &#xD;
&#xD;
C:\Agt6\_work\_temp\TestResults\c2kbuild_CLTBUILD23 2021-04-12 08_12_36\In\75875552-4738-4c51-b171-2f34b58dc87f\CLTBUILD23&gt;newman run "c:\agt6\_work\6\a\api\environment\regapiautomation\testdata\fisap-datacorrection\prereq-unkenrollstatus-20_21\..\..\..\..\..\PreReq\PreReq-EnrollStudent.postman_collection.json" -k -d "c:\agt6\_work\6\a\api\environment\regapiautomation\testdata\fisap-datacorrection\prereq-unkenrollstatus-20_21\PreReq-FISAP-DataCorrection@UnkEnrollStatus-20_21-EnrollStudent.data.csv" -e "c:\agt6\_work\6\a\api\environment\regapiautomation\testdata\fisap-datacorrection\prereq-unkenrollstatus-20_21\..\..\..\RegApiAutoEnvironment.postman_environment.json" -r junit,html --reporter-html-export "PreReq-EnrollStudent_Html.html" --reporter-junit-export "PreReq-EnrollStudent_Junit.xml"</StdOut>
          </Output>
          <ResultFiles>
            <ResultFile path="CLTBUILD23\PreReq-EnrollStudent_Html.html" />
            <ResultFile path="CLTBUILD23\PreReq-EnrollStudent_Junit.xml" />
          </ResultFiles>
        </UnitTestResult>
        <UnitTestResult executionId="4d77ac9a-ec44-4c60-950b-a88041272c97" parentExecutionId="f1d46cb3-877d-4953-828d-ac45b9c579e2" testId="b70d9d46-2745-47aa-aa33-d82e9954a5cd" testName="3- prereq-fisap-datacorrection@unkenrollstatus-20_21-seteffectivedate-generictest (OT-06S-FISAP-UnkEnrollStatus-20_21)" computerName="CLTBUILD23" duration="00:00:05.4548189" startTime="2021-04-12T09:00:50.1826531-04:00" endTime="2021-04-12T09:00:55.6412553-04:00" testType="13cdc9d9-ddb5-4fa4-a97d-d965ccfc6d4b" outcome="Passed" testListId="8c84fa94-04c1-424b-9868-57a2d4851a1d" relativeResultsDirectory="4d77ac9a-ec44-4c60-950b-a88041272c97">
          <Output>
            <StdOut>C:\Agt6\_work\_temp\TestResults\c2kbuild_CLTBUILD23 2021-04-12 08_12_36\In\4d77ac9a-ec44-4c60-950b-a88041272c97\CLTBUILD23&gt;if not defined TestLocation (set TestLocation=. ) &#xD;
&#xD;
C:\Agt6\_work\_temp\TestResults\c2kbuild_CLTBUILD23 2021-04-12 08_12_36\In\4d77ac9a-ec44-4c60-950b-a88041272c97\CLTBUILD23&gt;set CollectionFileName=c:\agt6\_work\6\a\api\environment\regapiautomation\testdata\fisap-datacorrection\prereq-unkenrollstatus-20_21\..\..\..\..\..\PreReq\PreReq-SetEffectiveDateAfterStudentEnroll.postman_collection.json &#xD;
&#xD;
C:\Agt6\_work\_temp\TestResults\c2kbuild_CLTBUILD23 2021-04-12 08_12_36\In\4d77ac9a-ec44-4c60-950b-a88041272c97\CLTBUILD23&gt;set DataFileName=c:\agt6\_work\6\a\api\environment\regapiautomation\testdata\fisap-datacorrection\prereq-unkenrollstatus-20_21\PreReq-FISAP-DataCorrection@UnkEnrollStatus-20_21-SetEffectiveDate.data.json &#xD;
&#xD;
C:\Agt6\_work\_temp\TestResults\c2kbuild_CLTBUILD23 2021-04-12 08_12_36\In\4d77ac9a-ec44-4c60-950b-a88041272c97\CLTBUILD23&gt;set EnvironmentFilePath=c:\agt6\_work\6\a\api\environment\regapiautomation\testdata\fisap-datacorrection\prereq-unkenrollstatus-20_21\..\..\..\RegApiAutoEnvironment.postman_environment.json &#xD;
&#xD;
C:\Agt6\_work\_temp\TestResults\c2kbuild_CLTBUILD23 2021-04-12 08_12_36\In\4d77ac9a-ec44-4c60-950b-a88041272c97\CLTBUILD23&gt;set HtmlResultsFile=SetEffectiveDate_Html.html &#xD;
&#xD;
C:\Agt6\_work\_temp\TestResults\c2kbuild_CLTBUILD23 2021-04-12 08_12_36\In\4d77ac9a-ec44-4c60-950b-a88041272c97\CLTBUILD23&gt;set JunitResultsFile=SetEffectiveDate_Junit.xml &#xD;
&#xD;
C:\Agt6\_work\_temp\TestResults\c2kbuild_CLTBUILD23 2021-04-12 08_12_36\In\4d77ac9a-ec44-4c60-950b-a88041272c97\CLTBUILD23&gt;newman run "c:\agt6\_work\6\a\api\environment\regapiautomation\testdata\fisap-datacorrection\prereq-unkenrollstatus-20_21\..\..\..\..\..\PreReq\PreReq-SetEffectiveDateAfterStudentEnroll.postman_collection.json" -k -d "c:\agt6\_work\6\a\api\environment\regapiautomation\testdata\fisap-datacorrection\prereq-unkenrollstatus-20_21\PreReq-FISAP-DataCorrection@UnkEnrollStatus-20_21-SetEffectiveDate.data.json" -e "c:\agt6\_work\6\a\api\environment\regapiautomation\testdata\fisap-datacorrection\prereq-unkenrollstatus-20_21\..\..\..\RegApiAutoEnvironment.postman_environment.json" -r junit,html --reporter-html-export "SetEffectiveDate_Html.html" --reporter-junit-export "SetEffectiveDate_Junit.xml"</StdOut>
          </Output>
          <ResultFiles>
            <ResultFile path="CLTBUILD23\SetEffectiveDate_Html.html" />
            <ResultFile path="CLTBUILD23\SetEffectiveDate_Junit.xml" />
          </ResultFiles>
        </UnitTestResult>
        <UnitTestResult executionId="aeb93345-c84d-45f2-be99-ce950a91e83e" parentExecutionId="f1d46cb3-877d-4953-828d-ac45b9c579e2" testId="37b0bde0-af17-4d60-a5e2-9c0454137bc9" testName="4- prereq-fisap-datacorrection@unkenrollstatus-20_21-registerclassandpostattendance-generictest (OT-06S-FISAP-UnkEnrollStatus-20_21)" computerName="CLTBUILD23" duration="00:00:09.0442345" startTime="2021-04-12T09:00:55.6412553-04:00" endTime="2021-04-12T09:01:04.6886035-04:00" testType="13cdc9d9-ddb5-4fa4-a97d-d965ccfc6d4b" outcome="Passed" testListId="8c84fa94-04c1-424b-9868-57a2d4851a1d" relativeResultsDirectory="aeb93345-c84d-45f2-be99-ce950a91e83e">
          <Output>
            <StdOut>C:\Agt6\_work\_temp\TestResults\c2kbuild_CLTBUILD23 2021-04-12 08_12_36\In\aeb93345-c84d-45f2-be99-ce950a91e83e\CLTBUILD23&gt;if not defined TestLocation (set TestLocation=. ) &#xD;
&#xD;
C:\Agt6\_work\_temp\TestResults\c2kbuild_CLTBUILD23 2021-04-12 08_12_36\In\aeb93345-c84d-45f2-be99-ce950a91e83e\CLTBUILD23&gt;set CollectionFileName=c:\agt6\_work\6\a\api\environment\regapiautomation\testdata\fisap-datacorrection\prereq-unkenrollstatus-20_21\..\..\..\..\..\PreReq\PreReq-RegisterClassAndPostAttendanceForStudent.postman_collection.json &#xD;
&#xD;
C:\Agt6\_work\_temp\TestResults\c2kbuild_CLTBUILD23 2021-04-12 08_12_36\In\aeb93345-c84d-45f2-be99-ce950a91e83e\CLTBUILD23&gt;set DataFileName=c:\agt6\_work\6\a\api\environment\regapiautomation\testdata\fisap-datacorrection\prereq-unkenrollstatus-20_21\PreReq-FISAP-DataCorrection@UnkEnrollStatus-20_21-RegisterClassAndPostAttendance.csv &#xD;
&#xD;
C:\Agt6\_work\_temp\TestResults\c2kbuild_CLTBUILD23 2021-04-12 08_12_36\In\aeb93345-c84d-45f2-be99-ce950a91e83e\CLTBUILD23&gt;set EnvironmentFilePath=c:\agt6\_work\6\a\api\environment\regapiautomation\testdata\fisap-datacorrection\prereq-unkenrollstatus-20_21\..\..\..\RegApiAutoEnvironment.postman_environment.json &#xD;
&#xD;
C:\Agt6\_work\_temp\TestResults\c2kbuild_CLTBUILD23 2021-04-12 08_12_36\In\aeb93345-c84d-45f2-be99-ce950a91e83e\CLTBUILD23&gt;set HtmlResultsFile=PreReq-RegisterClassAndPostAttendance_Html.html &#xD;
&#xD;
C:\Agt6\_work\_temp\TestResults\c2kbuild_CLTBUILD23 2021-04-12 08_12_36\In\aeb93345-c84d-45f2-be99-ce950a91e83e\CLTBUILD23&gt;set JunitResultsFile=PreReq-RegisterClassAndPostAttendance_Junit.xml &#xD;
&#xD;
C:\Agt6\_work\_temp\TestResults\c2kbuild_CLTBUILD23 2021-04-12 08_12_36\In\aeb93345-c84d-45f2-be99-ce950a91e83e\CLTBUILD23&gt;newman run "c:\agt6\_work\6\a\api\environment\regapiautomation\testdata\fisap-datacorrection\prereq-unkenrollstatus-20_21\..\..\..\..\..\PreReq\PreReq-RegisterClassAndPostAttendanceForStudent.postman_collection.json" -k -d "c:\agt6\_work\6\a\api\environment\regapiautomation\testdata\fisap-datacorrection\prereq-unkenrollstatus-20_21\PreReq-FISAP-DataCorrection@UnkEnrollStatus-20_21-RegisterClassAndPostAttendance.csv" -e "c:\agt6\_work\6\a\api\environment\regapiautomation\testdata\fisap-datacorrection\prereq-unkenrollstatus-20_21\..\..\..\RegApiAutoEnvironment.postman_environment.json" -r junit,html --reporter-html-export "PreReq-RegisterClassAndPostAttendance_Html.html" --reporter-junit-export "PreReq-RegisterClassAndPostAttendance_Junit.xml"</StdOut>
          </Output>
          <ResultFiles>
            <ResultFile path="CLTBUILD23\PreReq-RegisterClassAndPostAttendance_Html.html" />
            <ResultFile path="CLTBUILD23\PreReq-RegisterClassAndPostAttendance_Junit.xml" />
          </ResultFiles>
        </UnitTestResult>
        <UnitTestResult executionId="110aa11f-a846-4aea-b835-1c0e630de2f1" parentExecutionId="f1d46cb3-877d-4953-828d-ac45b9c579e2" testId="43b58c11-b721-46b5-bc65-8cf4f038de05" testName="5- prereq-fisap-datacorrection@unkenrollstatus-20_21-updatebudgetforacademicyearforpackaging-generictest (OT-06S-FISAP-UnkEnrollStatus-20_21)" computerName="CLTBUILD23" duration="00:00:08.9835582" startTime="2021-04-12T09:01:04.6895996-04:00" endTime="2021-04-12T09:01:13.6759641-04:00" testType="13cdc9d9-ddb5-4fa4-a97d-d965ccfc6d4b" outcome="Passed" testListId="8c84fa94-04c1-424b-9868-57a2d4851a1d" relativeResultsDirectory="110aa11f-a846-4aea-b835-1c0e630de2f1">
          <Output>
            <StdOut>C:\Agt6\_work\_temp\TestResults\c2kbuild_CLTBUILD23 2021-04-12 08_12_36\In\110aa11f-a846-4aea-b835-1c0e630de2f1\CLTBUILD23&gt;if not defined TestLocation (set TestLocation=. ) &#xD;
&#xD;
C:\Agt6\_work\_temp\TestResults\c2kbuild_CLTBUILD23 2021-04-12 08_12_36\In\110aa11f-a846-4aea-b835-1c0e630de2f1\CLTBUILD23&gt;set CollectionFileName=c:\agt6\_work\6\a\api\environment\regapiautomation\testdata\fisap-datacorrection\prereq-unkenrollstatus-20_21\..\..\..\..\..\PreReq\PreReq-UpdateBudgetForAcademicYearForPackaging.postman_collection.json &#xD;
&#xD;
C:\Agt6\_work\_temp\TestResults\c2kbuild_CLTBUILD23 2021-04-12 08_12_36\In\110aa11f-a846-4aea-b835-1c0e630de2f1\CLTBUILD23&gt;set DataFileName=c:\agt6\_work\6\a\api\environment\regapiautomation\testdata\fisap-datacorrection\prereq-unkenrollstatus-20_21\PreReq-FISAP-DataCorrection@UnkEnrollStatus-20_21-UpdateBudgetForAcademicYearForPackaging.data.csv &#xD;
&#xD;
C:\Agt6\_work\_temp\TestResults\c2kbuild_CLTBUILD23 2021-04-12 08_12_36\In\110aa11f-a846-4aea-b835-1c0e630de2f1\CLTBUILD23&gt;set EnvironmentFilePath=c:\agt6\_work\6\a\api\environment\regapiautomation\testdata\fisap-datacorrection\prereq-unkenrollstatus-20_21\..\..\..\RegApiAutoEnvironment.postman_environment.json &#xD;
&#xD;
C:\Agt6\_work\_temp\TestResults\c2kbuild_CLTBUILD23 2021-04-12 08_12_36\In\110aa11f-a846-4aea-b835-1c0e630de2f1\CLTBUILD23&gt;set HtmlResultsFile=PreReq-UpdateBudgetForAcademicYearForPackaging_Html.html &#xD;
&#xD;
C:\Agt6\_work\_temp\TestResults\c2kbuild_CLTBUILD23 2021-04-12 08_12_36\In\110aa11f-a846-4aea-b835-1c0e630de2f1\CLTBUILD23&gt;set JunitResultsFile=PreReq-UpdateBudgetForAcademicYearForPackaging_Junit.xml &#xD;
&#xD;
C:\Agt6\_work\_temp\TestResults\c2kbuild_CLTBUILD23 2021-04-12 08_12_36\In\110aa11f-a846-4aea-b835-1c0e630de2f1\CLTBUILD23&gt;newman run "c:\agt6\_work\6\a\api\environment\regapiautomation\testdata\fisap-datacorrection\prereq-unkenrollstatus-20_21\..\..\..\..\..\PreReq\PreReq-UpdateBudgetForAcademicYearForPackaging.postman_collection.json" -k -d "c:\agt6\_work\6\a\api\environment\regapiautomation\testdata\fisap-datacorrection\prereq-unkenrollstatus-20_21\PreReq-FISAP-DataCorrection@UnkEnrollStatus-20_21-UpdateBudgetForAcademicYearForPackaging.data.csv" -e "c:\agt6\_work\6\a\api\environment\regapiautomation\testdata\fisap-datacorrection\prereq-unkenrollstatus-20_21\..\..\..\RegApiAutoEnvironment.postman_environment.json" -r junit,html --reporter-html-export "PreReq-UpdateBudgetForAcademicYearForPackaging_Html.html" --reporter-junit-export "PreReq-UpdateBudgetForAcademicYearForPackaging_Junit.xml"</StdOut>
          </Output>
          <ResultFiles>
            <ResultFile path="CLTBUILD23\PreReq-UpdateBudgetForAcademicYearForPackaging_Html.html" />
            <ResultFile path="CLTBUILD23\PreReq-UpdateBudgetForAcademicYearForPackaging_Junit.xml" />
          </ResultFiles>
        </UnitTestResult>
        <UnitTestResult executionId="f5b9e13c-6a76-48b7-817e-89113c4cb172" parentExecutionId="f1d46cb3-877d-4953-828d-ac45b9c579e2" testId="0694f6d3-224b-470b-a2ec-95f013d081e8" testName="6- prereq-fisap-datacorrection@unkenrollstatus-20_21-awardgrantforpackaging-generictest (OT-06S-FISAP-UnkEnrollStatus-20_21)" computerName="CLTBUILD23" duration="00:00:08.8125308" startTime="2021-04-12T09:01:13.6789439-04:00" endTime="2021-04-12T09:01:22.4923032-04:00" testType="13cdc9d9-ddb5-4fa4-a97d-d965ccfc6d4b" outcome="Passed" testListId="8c84fa94-04c1-424b-9868-57a2d4851a1d" relativeResultsDirectory="f5b9e13c-6a76-48b7-817e-89113c4cb172">
          <Output>
            <StdOut>C:\Agt6\_work\_temp\TestResults\c2kbuild_CLTBUILD23 2021-04-12 08_12_36\In\f5b9e13c-6a76-48b7-817e-89113c4cb172\CLTBUILD23&gt;if not defined TestLocation (set TestLocation=. ) &#xD;
&#xD;
C:\Agt6\_work\_temp\TestResults\c2kbuild_CLTBUILD23 2021-04-12 08_12_36\In\f5b9e13c-6a76-48b7-817e-89113c4cb172\CLTBUILD23&gt;set CollectionFileName=c:\agt6\_work\6\a\api\environment\regapiautomation\testdata\fisap-datacorrection\prereq-unkenrollstatus-20_21\..\..\..\..\..\PreReq\PreReq-AwardGrantForPackaging.postman_collection.json &#xD;
&#xD;
C:\Agt6\_work\_temp\TestResults\c2kbuild_CLTBUILD23 2021-04-12 08_12_36\In\f5b9e13c-6a76-48b7-817e-89113c4cb172\CLTBUILD23&gt;set DataFileName=c:\agt6\_work\6\a\api\environment\regapiautomation\testdata\fisap-datacorrection\prereq-unkenrollstatus-20_21\PreReq-FISAP-DataCorrection@UnkEnrollStatus-20_21-AwardGrantForPackaging.data.csv &#xD;
&#xD;
C:\Agt6\_work\_temp\TestResults\c2kbuild_CLTBUILD23 2021-04-12 08_12_36\In\f5b9e13c-6a76-48b7-817e-89113c4cb172\CLTBUILD23&gt;set EnvironmentFilePath=c:\agt6\_work\6\a\api\environment\regapiautomation\testdata\fisap-datacorrection\prereq-unkenrollstatus-20_21\..\..\..\RegApiAutoEnvironment.postman_environment.json &#xD;
&#xD;
C:\Agt6\_work\_temp\TestResults\c2kbuild_CLTBUILD23 2021-04-12 08_12_36\In\f5b9e13c-6a76-48b7-817e-89113c4cb172\CLTBUILD23&gt;set HtmlResultsFile=PreReq-AwardGrantForPackaging_Html.html &#xD;
&#xD;
C:\Agt6\_work\_temp\TestResults\c2kbuild_CLTBUILD23 2021-04-12 08_12_36\In\f5b9e13c-6a76-48b7-817e-89113c4cb172\CLTBUILD23&gt;set JunitResultsFile=PreReq-AwardGrantForPackaging_Junit.xml &#xD;
&#xD;
C:\Agt6\_work\_temp\TestResults\c2kbuild_CLTBUILD23 2021-04-12 08_12_36\In\f5b9e13c-6a76-48b7-817e-89113c4cb172\CLTBUILD23&gt;newman run "c:\agt6\_work\6\a\api\environment\regapiautomation\testdata\fisap-datacorrection\prereq-unkenrollstatus-20_21\..\..\..\..\..\PreReq\PreReq-AwardGrantForPackaging.postman_collection.json" -k -d "c:\agt6\_work\6\a\api\environment\regapiautomation\testdata\fisap-datacorrection\prereq-unkenrollstatus-20_21\PreReq-FISAP-DataCorrection@UnkEnrollStatus-20_21-AwardGrantForPackaging.data.csv" -e "c:\agt6\_work\6\a\api\environment\regapiautomation\testdata\fisap-datacorrection\prereq-unkenrollstatus-20_21\..\..\..\RegApiAutoEnvironment.postman_environment.json" -r junit,html --reporter-html-export "PreReq-AwardGrantForPackaging_Html.html" --reporter-junit-export "PreReq-AwardGrantForPackaging_Junit.xml"</StdOut>
          </Output>
          <ResultFiles>
            <ResultFile path="CLTBUILD23\PreReq-AwardGrantForPackaging_Html.html" />
            <ResultFile path="CLTBUILD23\PreReq-AwardGrantForPackaging_Junit.xml" />
          </ResultFiles>
        </UnitTestResult>
        <UnitTestResult executionId="43744880-70dd-41dc-914f-c15a80a6e41b" parentExecutionId="f1d46cb3-877d-4953-828d-ac45b9c579e2" testId="1d6ad50a-8a12-42e7-8c79-c8bf395a6266" testName="7- prereq-fisap-datacorrection@unkenrollstatus-20_21-postpaymentledgercard-generictest (OT-06S-FISAP-UnkEnrollStatus-20_21)" computerName="CLTBUILD23" duration="00:00:07.5092211" startTime="2021-04-12T09:01:22.4923032-04:00" endTime="2021-04-12T09:01:30.0067619-04:00" testType="13cdc9d9-ddb5-4fa4-a97d-d965ccfc6d4b" outcome="Passed" testListId="8c84fa94-04c1-424b-9868-57a2d4851a1d" relativeResultsDirectory="43744880-70dd-41dc-914f-c15a80a6e41b">
          <Output>
            <StdOut>C:\Agt6\_work\_temp\TestResults\c2kbuild_CLTBUILD23 2021-04-12 08_12_36\In\43744880-70dd-41dc-914f-c15a80a6e41b\CLTBUILD23&gt;if not defined TestLocation (set TestLocation=. ) &#xD;
&#xD;
C:\Agt6\_work\_temp\TestResults\c2kbuild_CLTBUILD23 2021-04-12 08_12_36\In\43744880-70dd-41dc-914f-c15a80a6e41b\CLTBUILD23&gt;set CollectionFileName=c:\agt6\_work\6\a\api\environment\regapiautomation\testdata\fisap-datacorrection\prereq-unkenrollstatus-20_21\..\..\..\..\..\PreReq\PreReq-PostPaymentLedgerCard.postman_collection.json &#xD;
&#xD;
C:\Agt6\_work\_temp\TestResults\c2kbuild_CLTBUILD23 2021-04-12 08_12_36\In\43744880-70dd-41dc-914f-c15a80a6e41b\CLTBUILD23&gt;set DataFileName=c:\agt6\_work\6\a\api\environment\regapiautomation\testdata\fisap-datacorrection\prereq-unkenrollstatus-20_21\PreReq-FISAP-DataCorrection@UnkEnrollStatus-20_21-PostPaymentLedgerCard.data.json &#xD;
&#xD;
C:\Agt6\_work\_temp\TestResults\c2kbuild_CLTBUILD23 2021-04-12 08_12_36\In\43744880-70dd-41dc-914f-c15a80a6e41b\CLTBUILD23&gt;set EnvironmentFilePath=c:\agt6\_work\6\a\api\environment\regapiautomation\testdata\fisap-datacorrection\prereq-unkenrollstatus-20_21\..\..\..\RegApiAutoEnvironment.postman_environment.json &#xD;
&#xD;
C:\Agt6\_work\_temp\TestResults\c2kbuild_CLTBUILD23 2021-04-12 08_12_36\In\43744880-70dd-41dc-914f-c15a80a6e41b\CLTBUILD23&gt;set HtmlResultsFile=PreReq-PostPaymentLedgerCard_Html.html &#xD;
&#xD;
C:\Agt6\_work\_temp\TestResults\c2kbuild_CLTBUILD23 2021-04-12 08_12_36\In\43744880-70dd-41dc-914f-c15a80a6e41b\CLTBUILD23&gt;set JunitResultsFile=PreReq-PostPaymentLdegerCard_Junit.xml &#xD;
&#xD;
C:\Agt6\_work\_temp\TestResults\c2kbuild_CLTBUILD23 2021-04-12 08_12_36\In\43744880-70dd-41dc-914f-c15a80a6e41b\CLTBUILD23&gt;newman run "c:\agt6\_work\6\a\api\environment\regapiautomation\testdata\fisap-datacorrection\prereq-unkenrollstatus-20_21\..\..\..\..\..\PreReq\PreReq-PostPaymentLedgerCard.postman_collection.json" -k -d "c:\agt6\_work\6\a\api\environment\regapiautomation\testdata\fisap-datacorrection\prereq-unkenrollstatus-20_21\PreReq-FISAP-DataCorrection@UnkEnrollStatus-20_21-PostPaymentLedgerCard.data.json" -e "c:\agt6\_work\6\a\api\environment\regapiautomation\testdata\fisap-datacorrection\prereq-unkenrollstatus-20_21\..\..\..\RegApiAutoEnvironment.postman_environment.json" -r junit,html --reporter-html-export "PreReq-PostPaymentLedgerCard_Html.html" --reporter-junit-export "PreReq-PostPaymentLdegerCard_Junit.xml"</StdOut>
          </Output>
          <ResultFiles>
            <ResultFile path="CLTBUILD23\PreReq-PostPaymentLdegerCard_Junit.xml" />
            <ResultFile path="CLTBUILD23\PreReq-PostPaymentLedgerCard_Html.html" />
          </ResultFiles>
        </UnitTestResult>
        <UnitTestResult executionId="018097dc-8d59-401b-b985-f925d99826be" parentExecutionId="f1d46cb3-877d-4953-828d-ac45b9c579e2" testId="2299fb19-3758-48b9-9770-393b541b4b3b" testName="8- fisap-datacorrection@unkenrollstatus-20_21-generictest (OT-06S-FISAP-UnkEnrollStatus-20_21)" computerName="CLTBUILD23" duration="00:00:06.4709197" startTime="2021-04-12T09:01:30.0077575-04:00" endTime="2021-04-12T09:01:36.4862934-04:00" testType="13cdc9d9-ddb5-4fa4-a97d-d965ccfc6d4b" outcome="Passed" testListId="8c84fa94-04c1-424b-9868-57a2d4851a1d" relativeResultsDirectory="018097dc-8d59-401b-b985-f925d99826be">
          <Output>
            <StdOut>C:\Agt6\_work\_temp\TestResults\c2kbuild_CLTBUILD23 2021-04-12 08_12_36\In\018097dc-8d59-401b-b985-f925d99826be\CLTBUILD23&gt;if not defined TestLocation (set TestLocation=. ) &#xD;
&#xD;
C:\Agt6\_work\_temp\TestResults\c2kbuild_CLTBUILD23 2021-04-12 08_12_36\In\018097dc-8d59-401b-b985-f925d99826be\CLTBUILD23&gt;set CollectionFileName=c:\agt6\_work\6\a\api\environment\regapiautomation\testdata\fisap-datacorrection\..\..\..\..\Tests\FISAP-DataCorrection\FISAP-DataCorrection@UnkEnrollStatus.postman_collection.json &#xD;
&#xD;
C:\Agt6\_work\_temp\TestResults\c2kbuild_CLTBUILD23 2021-04-12 08_12_36\In\018097dc-8d59-401b-b985-f925d99826be\CLTBUILD23&gt;set DataFileName=c:\agt6\_work\6\a\api\environment\regapiautomation\testdata\fisap-datacorrection\FISAP-DataCorrection@UnkEnrollStatus-20_21.data.json &#xD;
&#xD;
C:\Agt6\_work\_temp\TestResults\c2kbuild_CLTBUILD23 2021-04-12 08_12_36\In\018097dc-8d59-401b-b985-f925d99826be\CLTBUILD23&gt;set EnvironmentFilePath=c:\agt6\_work\6\a\api\environment\regapiautomation\testdata\fisap-datacorrection\..\..\RegApiAutoEnvironment.postman_environment.json &#xD;
&#xD;
C:\Agt6\_work\_temp\TestResults\c2kbuild_CLTBUILD23 2021-04-12 08_12_36\In\018097dc-8d59-401b-b985-f925d99826be\CLTBUILD23&gt;set HtmlResultsFile=FISAP-DataCorrection@UnkEnrollStatus-20_21-Html.html &#xD;
&#xD;
C:\Agt6\_work\_temp\TestResults\c2kbuild_CLTBUILD23 2021-04-12 08_12_36\In\018097dc-8d59-401b-b985-f925d99826be\CLTBUILD23&gt;set JunitResultsFile=FISAP-DataCorrection@UnkEnrollStatus-20_21-Junit.xml &#xD;
&#xD;
C:\Agt6\_work\_temp\TestResults\c2kbuild_CLTBUILD23 2021-04-12 08_12_36\In\018097dc-8d59-401b-b985-f925d99826be\CLTBUILD23&gt;newman run "c:\agt6\_work\6\a\api\environment\regapiautomation\testdata\fisap-datacorrection\..\..\..\..\Tests\FISAP-DataCorrection\FISAP-DataCorrection@UnkEnrollStatus.postman_collection.json" -k -d "c:\agt6\_work\6\a\api\environment\regapiautomation\testdata\fisap-datacorrection\FISAP-DataCorrection@UnkEnrollStatus-20_21.data.json" -e "c:\agt6\_work\6\a\api\environment\regapiautomation\testdata\fisap-datacorrection\..\..\RegApiAutoEnvironment.postman_environment.json" -r junit,html --reporter-html-export "FISAP-DataCorrection@UnkEnrollStatus-20_21-Html.html" --reporter-junit-export "FISAP-DataCorrection@UnkEnrollStatus-20_21-Junit.xml"</StdOut>
          </Output>
          <ResultFiles>
            <ResultFile path="CLTBUILD23\FISAP-DataCorrection@UnkEnrollStatus-20_21-Html.html" />
            <ResultFile path="CLTBUILD23\FISAP-DataCorrection@UnkEnrollStatus-20_21-Junit.xml" />
          </ResultFiles>
        </UnitTestResult>
      </InnerResults>
    </TestResultAggregation>
    <TestResultAggregation executionId="005559a0-12a1-4a04-bd30-95c6563687f4" testId="58c229cc-a72a-4420-927e-bb8628aee7ec" testName="OT-03C-ApplicationData-Import-ISIRSRetry" computerName="CLTBUILD23" duration="00:00:27.0610805" startTime="2021-04-12T08:32:47.4978242-04:00" endTime="2021-04-12T08:33:14.5555109-04:00" testType="ec4800e8-40e5-4ab3-8510-b8bf29b1904d" outcome="Passed" testListId="8c84fa94-04c1-424b-9868-57a2d4851a1d" relativeResultsDirectory="005559a0-12a1-4a04-bd30-95c6563687f4">
      <InnerResults>
        <UnitTestResult executionId="574a5856-1ec4-460d-9012-95b1afbb9012" parentExecutionId="005559a0-12a1-4a04-bd30-95c6563687f4" testId="41fdb1ad-6259-4cc0-bd37-2355dd5a7b06" testName="1- prereq-appdata-import@retryisirsimport-importisir-generictest (OT-03C-ApplicationData-Import-ISIRSRetry)" computerName="CLTBUILD23" duration="00:00:08.1646743" startTime="2021-04-12T08:32:47.4988185-04:00" endTime="2021-04-12T08:32:55.6678240-04:00" testType="13cdc9d9-ddb5-4fa4-a97d-d965ccfc6d4b" outcome="Passed" testListId="8c84fa94-04c1-424b-9868-57a2d4851a1d" relativeResultsDirectory="574a5856-1ec4-460d-9012-95b1afbb9012">
          <Output>
            <StdOut>C:\Agt6\_work\_temp\TestResults\c2kbuild_CLTBUILD23 2021-04-12 08_12_36\In\574a5856-1ec4-460d-9012-95b1afbb9012\CLTBUILD23&gt;if not defined TestLocation (set TestLocation=. ) &#xD;
&#xD;
C:\Agt6\_work\_temp\TestResults\c2kbuild_CLTBUILD23 2021-04-12 08_12_36\In\574a5856-1ec4-460d-9012-95b1afbb9012\CLTBUILD23&gt;set CollectionFileName=c:\agt6\_work\6\a\api\environment\regapiautomation\testdata\applicationdata\import\prereq\..\..\..\..\..\..\PreReq\PreReq-ImportISIR.postman_collection.json &#xD;
&#xD;
C:\Agt6\_work\_temp\TestResults\c2kbuild_CLTBUILD23 2021-04-12 08_12_36\In\574a5856-1ec4-460d-9012-95b1afbb9012\CLTBUILD23&gt;set DataFileName=c:\agt6\_work\6\a\api\environment\regapiautomation\testdata\applicationdata\import\prereq\PreReq-ApplicationData-Import@RetryIsirsImport-ImportISIR.data.json &#xD;
&#xD;
C:\Agt6\_work\_temp\TestResults\c2kbuild_CLTBUILD23 2021-04-12 08_12_36\In\574a5856-1ec4-460d-9012-95b1afbb9012\CLTBUILD23&gt;set EnvironmentFilePath=c:\agt6\_work\6\a\api\environment\regapiautomation\testdata\applicationdata\import\prereq\..\..\..\..\RegApiAutoEnvironment.postman_environment.json &#xD;
&#xD;
C:\Agt6\_work\_temp\TestResults\c2kbuild_CLTBUILD23 2021-04-12 08_12_36\In\574a5856-1ec4-460d-9012-95b1afbb9012\CLTBUILD23&gt;set HtmlResultsFile=PreReq-ApplicationData-Import@RetryIsirsImport-ImportIsir_Html.html &#xD;
&#xD;
C:\Agt6\_work\_temp\TestResults\c2kbuild_CLTBUILD23 2021-04-12 08_12_36\In\574a5856-1ec4-460d-9012-95b1afbb9012\CLTBUILD23&gt;set JunitResultsFile=PreReq-ApplicationData-Import@RetryIsirsImport-ImportIsir_Junit.xml &#xD;
&#xD;
C:\Agt6\_work\_temp\TestResults\c2kbuild_CLTBUILD23 2021-04-12 08_12_36\In\574a5856-1ec4-460d-9012-95b1afbb9012\CLTBUILD23&gt;newman run "c:\agt6\_work\6\a\api\environment\regapiautomation\testdata\applicationdata\import\prereq\..\..\..\..\..\..\PreReq\PreReq-ImportISIR.postman_collection.json" -k -d "c:\agt6\_work\6\a\api\environment\regapiautomation\testdata\applicationdata\import\prereq\PreReq-ApplicationData-Import@RetryIsirsImport-ImportISIR.data.json" -e "c:\agt6\_work\6\a\api\environment\regapiautomation\testdata\applicationdata\import\prereq\..\..\..\..\RegApiAutoEnvironment.postman_environment.json" -r junit,html --reporter-html-export "PreReq-ApplicationData-Import@RetryIsirsImport-ImportIsir_Html.html" --reporter-junit-export "PreReq-ApplicationData-Import@RetryIsirsImport-ImportIsir_Junit.xml"</StdOut>
          </Output>
          <ResultFiles>
            <ResultFile path="CLTBUILD23\PreReq-ApplicationData-Import@RetryIsirsImport-ImportIsir_Html.html" />
            <ResultFile path="CLTBUILD23\PreReq-ApplicationData-Import@RetryIsirsImport-ImportIsir_Junit.xml" />
          </ResultFiles>
        </UnitTestResult>
        <UnitTestResult executionId="26005d4f-09e4-4fd7-9fbc-3f3b87eaf798" parentExecutionId="005559a0-12a1-4a04-bd30-95c6563687f4" testId="51eec996-2e30-459b-8cc5-ffa13f517493" testName="2- applicationdata-import@retryisirsimport-generictest (OT-03C-ApplicationData-Import-ISIRSRetry)" computerName="CLTBUILD23" duration="00:00:18.8860906" startTime="2021-04-12T08:32:55.6688218-04:00" endTime="2021-04-12T08:33:14.5545336-04:00" testType="13cdc9d9-ddb5-4fa4-a97d-d965ccfc6d4b" outcome="Passed" testListId="8c84fa94-04c1-424b-9868-57a2d4851a1d" relativeResultsDirectory="26005d4f-09e4-4fd7-9fbc-3f3b87eaf798">
          <Output>
            <StdOut>C:\Agt6\_work\_temp\TestResults\c2kbuild_CLTBUILD23 2021-04-12 08_12_36\In\26005d4f-09e4-4fd7-9fbc-3f3b87eaf798\CLTBUILD23&gt;if not defined TestLocation (set TestLocation=. ) &#xD;
&#xD;
C:\Agt6\_work\_temp\TestResults\c2kbuild_CLTBUILD23 2021-04-12 08_12_36\In\26005d4f-09e4-4fd7-9fbc-3f3b87eaf798\CLTBUILD23&gt;set CollectionFileName=c:\agt6\_work\6\a\api\environment\regapiautomation\testdata\applicationdata\import\..\..\..\..\..\Tests\ApplicationData\Import\ApplicationData-Import@RetryIsirsImport.postman_collection.json &#xD;
&#xD;
C:\Agt6\_work\_temp\TestResults\c2kbuild_CLTBUILD23 2021-04-12 08_12_36\In\26005d4f-09e4-4fd7-9fbc-3f3b87eaf798\CLTBUILD23&gt;set DataFileName=c:\agt6\_work\6\a\api\environment\regapiautomation\testdata\applicationdata\import\ApplicationData-Import@RetryIsirsImport.data.json &#xD;
&#xD;
C:\Agt6\_work\_temp\TestResults\c2kbuild_CLTBUILD23 2021-04-12 08_12_36\In\26005d4f-09e4-4fd7-9fbc-3f3b87eaf798\CLTBUILD23&gt;set EnvironmentFilePath=c:\agt6\_work\6\a\api\environment\regapiautomation\testdata\applicationdata\import\..\..\..\RegApiAutoEnvironment.postman_environment.json &#xD;
&#xD;
C:\Agt6\_work\_temp\TestResults\c2kbuild_CLTBUILD23 2021-04-12 08_12_36\In\26005d4f-09e4-4fd7-9fbc-3f3b87eaf798\CLTBUILD23&gt;set HtmlResultsFile=Import_ApplicationData-Import@RetryIsirsImport-Html.html &#xD;
&#xD;
C:\Agt6\_work\_temp\TestResults\c2kbuild_CLTBUILD23 2021-04-12 08_12_36\In\26005d4f-09e4-4fd7-9fbc-3f3b87eaf798\CLTBUILD23&gt;set JunitResultsFile=Import_ApplicationData-Import@RetryIsirsImport-Junit.xml &#xD;
&#xD;
C:\Agt6\_work\_temp\TestResults\c2kbuild_CLTBUILD23 2021-04-12 08_12_36\In\26005d4f-09e4-4fd7-9fbc-3f3b87eaf798\CLTBUILD23&gt;newman run "c:\agt6\_work\6\a\api\environment\regapiautomation\testdata\applicationdata\import\..\..\..\..\..\Tests\ApplicationData\Import\ApplicationData-Import@RetryIsirsImport.postman_collection.json" -k -d "c:\agt6\_work\6\a\api\environment\regapiautomation\testdata\applicationdata\import\ApplicationData-Import@RetryIsirsImport.data.json" -e "c:\agt6\_work\6\a\api\environment\regapiautomation\testdata\applicationdata\import\..\..\..\RegApiAutoEnvironment.postman_environment.json" -r junit,html --reporter-html-export "Import_ApplicationData-Import@RetryIsirsImport-Html.html" --reporter-junit-export "Import_ApplicationData-Import@RetryIsirsImport-Junit.xml"</StdOut>
          </Output>
          <ResultFiles>
            <ResultFile path="CLTBUILD23\Import_ApplicationData-Import@RetryIsirsImport-Html.html" />
            <ResultFile path="CLTBUILD23\Import_ApplicationData-Import@RetryIsirsImport-Junit.xml" />
          </ResultFiles>
        </UnitTestResult>
      </InnerResults>
    </TestResultAggregation>
    <TestResultAggregation executionId="f9a3d65a-5cb6-438b-af3f-330a9ebc816d" testId="fcb07e7d-e08f-427e-a6c2-eea54a50a181" testName="OT-06ZC-FISAP-Report-Variance-20_21" computerName="CLTBUILD23" duration="00:01:18.2887080" startTime="2021-04-12T09:15:56.7149691-04:00" endTime="2021-04-12T09:17:14.9963818-04:00" testType="ec4800e8-40e5-4ab3-8510-b8bf29b1904d" outcome="Passed" testListId="8c84fa94-04c1-424b-9868-57a2d4851a1d" relativeResultsDirectory="f9a3d65a-5cb6-438b-af3f-330a9ebc816d">
      <InnerResults>
        <UnitTestResult executionId="7a42e913-76e6-402b-8db1-45adb8d37f78" parentExecutionId="f9a3d65a-5cb6-438b-af3f-330a9ebc816d" testId="92475c49-5414-4d61-b836-a0723ab9773a" testName="01- prereq-fisap-datacorrection@report-variance-20_21-createstudent-generictest (OT-06ZC-FISAP-Report-Variance-20_21)" computerName="CLTBUILD23" duration="00:00:08.3035264" startTime="2021-04-12T09:15:56.7169693-04:00" endTime="2021-04-12T09:16:05.0273683-04:00" testType="13cdc9d9-ddb5-4fa4-a97d-d965ccfc6d4b" outcome="Passed" testListId="8c84fa94-04c1-424b-9868-57a2d4851a1d" relativeResultsDirectory="7a42e913-76e6-402b-8db1-45adb8d37f78">
          <Output>
            <StdOut>C:\Agt6\_work\_temp\TestResults\c2kbuild_CLTBUILD23 2021-04-12 08_12_36\In\7a42e913-76e6-402b-8db1-45adb8d37f78\CLTBUILD23&gt;if not defined TestLocation (set TestLocation=. ) &#xD;
&#xD;
C:\Agt6\_work\_temp\TestResults\c2kbuild_CLTBUILD23 2021-04-12 08_12_36\In\7a42e913-76e6-402b-8db1-45adb8d37f78\CLTBUILD23&gt;set CollectionFileName=c:\agt6\_work\6\a\api\environment\regapiautomation\testdata\fisap-datacorrection\prereq-report-variance-20_21\..\..\..\..\..\PreReq\PreReq-CreateStudent.postman_collection.json &#xD;
&#xD;
C:\Agt6\_work\_temp\TestResults\c2kbuild_CLTBUILD23 2021-04-12 08_12_36\In\7a42e913-76e6-402b-8db1-45adb8d37f78\CLTBUILD23&gt;set DataFileName=c:\agt6\_work\6\a\api\environment\regapiautomation\testdata\fisap-datacorrection\prereq-report-variance-20_21\PreReq-FISAP-DataCorrection@Report-Variance-20_21-CreateStudent.data.csv &#xD;
&#xD;
C:\Agt6\_work\_temp\TestResults\c2kbuild_CLTBUILD23 2021-04-12 08_12_36\In\7a42e913-76e6-402b-8db1-45adb8d37f78\CLTBUILD23&gt;set EnvironmentFilePath=c:\agt6\_work\6\a\api\environment\regapiautomation\testdata\fisap-datacorrection\prereq-report-variance-20_21\..\..\..\RegApiAutoEnvironment.postman_environment.json &#xD;
&#xD;
C:\Agt6\_work\_temp\TestResults\c2kbuild_CLTBUILD23 2021-04-12 08_12_36\In\7a42e913-76e6-402b-8db1-45adb8d37f78\CLTBUILD23&gt;set HtmlResultsFile=PreReq-CreateStudent_Html.html &#xD;
&#xD;
C:\Agt6\_work\_temp\TestResults\c2kbuild_CLTBUILD23 2021-04-12 08_12_36\In\7a42e913-76e6-402b-8db1-45adb8d37f78\CLTBUILD23&gt;set JunitResultsFile=PreReq-CreateStudent_Junit.xml &#xD;
&#xD;
C:\Agt6\_work\_temp\TestResults\c2kbuild_CLTBUILD23 2021-04-12 08_12_36\In\7a42e913-76e6-402b-8db1-45adb8d37f78\CLTBUILD23&gt;newman run "c:\agt6\_work\6\a\api\environment\regapiautomation\testdata\fisap-datacorrection\prereq-report-variance-20_21\..\..\..\..\..\PreReq\PreReq-CreateStudent.postman_collection.json" -k -d "c:\agt6\_work\6\a\api\environment\regapiautomation\testdata\fisap-datacorrection\prereq-report-variance-20_21\PreReq-FISAP-DataCorrection@Report-Variance-20_21-CreateStudent.data.csv" -e "c:\agt6\_work\6\a\api\environment\regapiautomation\testdata\fisap-datacorrection\prereq-report-variance-20_21\..\..\..\RegApiAutoEnvironment.postman_environment.json" -r junit,html --reporter-html-export "PreReq-CreateStudent_Html.html" --reporter-junit-export "PreReq-CreateStudent_Junit.xml"</StdOut>
          </Output>
          <ResultFiles>
            <ResultFile path="CLTBUILD23\PreReq-CreateStudent_Html.html" />
            <ResultFile path="CLTBUILD23\PreReq-CreateStudent_Junit.xml" />
          </ResultFiles>
        </UnitTestResult>
        <UnitTestResult executionId="3e2cc595-380e-4d6b-bc3d-d2d03c93b1f2" parentExecutionId="f9a3d65a-5cb6-438b-af3f-330a9ebc816d" testId="c0f4600e-eb34-4054-abe0-c6e9154d6996" testName="02- prereq-fisap-datacorrection@report-variance-20_21-importisir-generictest (OT-06ZC-FISAP-Report-Variance-20_21)" computerName="CLTBUILD23" duration="00:00:07.8791679" startTime="2021-04-12T09:16:05.0273683-04:00" endTime="2021-04-12T09:16:12.9108114-04:00" testType="13cdc9d9-ddb5-4fa4-a97d-d965ccfc6d4b" outcome="Passed" testListId="8c84fa94-04c1-424b-9868-57a2d4851a1d" relativeResultsDirectory="3e2cc595-380e-4d6b-bc3d-d2d03c93b1f2">
          <Output>
            <StdOut>C:\Agt6\_work\_temp\TestResults\c2kbuild_CLTBUILD23 2021-04-12 08_12_36\In\3e2cc595-380e-4d6b-bc3d-d2d03c93b1f2\CLTBUILD23&gt;if not defined TestLocation (set TestLocation=. ) &#xD;
&#xD;
C:\Agt6\_work\_temp\TestResults\c2kbuild_CLTBUILD23 2021-04-12 08_12_36\In\3e2cc595-380e-4d6b-bc3d-d2d03c93b1f2\CLTBUILD23&gt;set CollectionFileName=c:\agt6\_work\6\a\api\environment\regapiautomation\testdata\fisap-datacorrection\prereq-report-variance-20_21\..\..\..\..\..\PreReq\PreReq-ImportIsir.postman_collection.json &#xD;
&#xD;
C:\Agt6\_work\_temp\TestResults\c2kbuild_CLTBUILD23 2021-04-12 08_12_36\In\3e2cc595-380e-4d6b-bc3d-d2d03c93b1f2\CLTBUILD23&gt;set DataFileName=c:\agt6\_work\6\a\api\environment\regapiautomation\testdata\fisap-datacorrection\prereq-report-variance-20_21\PreReq-FISAP-DataCorrection@Report-Variance-20_21-ImportIsir.data.json &#xD;
&#xD;
C:\Agt6\_work\_temp\TestResults\c2kbuild_CLTBUILD23 2021-04-12 08_12_36\In\3e2cc595-380e-4d6b-bc3d-d2d03c93b1f2\CLTBUILD23&gt;set EnvironmentFilePath=c:\agt6\_work\6\a\api\environment\regapiautomation\testdata\fisap-datacorrection\prereq-report-variance-20_21\..\..\..\RegApiAutoEnvironment.postman_environment.json &#xD;
&#xD;
C:\Agt6\_work\_temp\TestResults\c2kbuild_CLTBUILD23 2021-04-12 08_12_36\In\3e2cc595-380e-4d6b-bc3d-d2d03c93b1f2\CLTBUILD23&gt;set HtmlResultsFile=PreReq-ImportIsir_Html.html &#xD;
&#xD;
C:\Agt6\_work\_temp\TestResults\c2kbuild_CLTBUILD23 2021-04-12 08_12_36\In\3e2cc595-380e-4d6b-bc3d-d2d03c93b1f2\CLTBUILD23&gt;set JunitResultsFile=PreReq-ImportIsir_Junit.xml &#xD;
&#xD;
C:\Agt6\_work\_temp\TestResults\c2kbuild_CLTBUILD23 2021-04-12 08_12_36\In\3e2cc595-380e-4d6b-bc3d-d2d03c93b1f2\CLTBUILD23&gt;newman run "c:\agt6\_work\6\a\api\environment\regapiautomation\testdata\fisap-datacorrection\prereq-report-variance-20_21\..\..\..\..\..\PreReq\PreReq-ImportIsir.postman_collection.json" -k -d "c:\agt6\_work\6\a\api\environment\regapiautomation\testdata\fisap-datacorrection\prereq-report-variance-20_21\PreReq-FISAP-DataCorrection@Report-Variance-20_21-ImportIsir.data.json" -e "c:\agt6\_work\6\a\api\environment\regapiautomation\testdata\fisap-datacorrection\prereq-report-variance-20_21\..\..\..\RegApiAutoEnvironment.postman_environment.json" -r junit,html --reporter-html-export "PreReq-ImportIsir_Html.html" --reporter-junit-export "PreReq-ImportIsir_Junit.xml"</StdOut>
          </Output>
          <ResultFiles>
            <ResultFile path="CLTBUILD23\PreReq-ImportIsir_Html.html" />
            <ResultFile path="CLTBUILD23\PreReq-ImportIsir_Junit.xml" />
          </ResultFiles>
        </UnitTestResult>
        <UnitTestResult executionId="a50f04f5-08fa-4e46-9404-6db19fe54643" parentExecutionId="f9a3d65a-5cb6-438b-af3f-330a9ebc816d" testId="0f69dc41-3f15-4370-94c0-1f92fa210416" testName="03- prereq-fisap-datacorrection@report-variance-20_21-enrollstudent-generictest (OT-06ZC-FISAP-Report-Variance-20_21)" computerName="CLTBUILD23" duration="00:00:10.8868845" startTime="2021-04-12T09:16:12.9108114-04:00" endTime="2021-04-12T09:16:23.8000285-04:00" testType="13cdc9d9-ddb5-4fa4-a97d-d965ccfc6d4b" outcome="Passed" testListId="8c84fa94-04c1-424b-9868-57a2d4851a1d" relativeResultsDirectory="a50f04f5-08fa-4e46-9404-6db19fe54643">
          <Output>
            <StdOut>C:\Agt6\_work\_temp\TestResults\c2kbuild_CLTBUILD23 2021-04-12 08_12_36\In\a50f04f5-08fa-4e46-9404-6db19fe54643\CLTBUILD23&gt;if not defined TestLocation (set TestLocation=. ) &#xD;
&#xD;
C:\Agt6\_work\_temp\TestResults\c2kbuild_CLTBUILD23 2021-04-12 08_12_36\In\a50f04f5-08fa-4e46-9404-6db19fe54643\CLTBUILD23&gt;set CollectionFileName=c:\agt6\_work\6\a\api\environment\regapiautomation\testdata\fisap-datacorrection\prereq-report-variance-20_21\..\..\..\..\..\PreReq\PreReq-EnrollStudent.postman_collection.json &#xD;
&#xD;
C:\Agt6\_work\_temp\TestResults\c2kbuild_CLTBUILD23 2021-04-12 08_12_36\In\a50f04f5-08fa-4e46-9404-6db19fe54643\CLTBUILD23&gt;set DataFileName=c:\agt6\_work\6\a\api\environment\regapiautomation\testdata\fisap-datacorrection\prereq-report-variance-20_21\PreReq-FISAP-DataCorrection@Report-Variance-20_21-EnrollStudent.data.csv &#xD;
&#xD;
C:\Agt6\_work\_temp\TestResults\c2kbuild_CLTBUILD23 2021-04-12 08_12_36\In\a50f04f5-08fa-4e46-9404-6db19fe54643\CLTBUILD23&gt;set EnvironmentFilePath=c:\agt6\_work\6\a\api\environment\regapiautomation\testdata\fisap-datacorrection\prereq-report-variance-20_21\..\..\..\RegApiAutoEnvironment.postman_environment.json &#xD;
&#xD;
C:\Agt6\_work\_temp\TestResults\c2kbuild_CLTBUILD23 2021-04-12 08_12_36\In\a50f04f5-08fa-4e46-9404-6db19fe54643\CLTBUILD23&gt;set HtmlResultsFile=PreReq-EnrollStudent_Html.html &#xD;
&#xD;
C:\Agt6\_work\_temp\TestResults\c2kbuild_CLTBUILD23 2021-04-12 08_12_36\In\a50f04f5-08fa-4e46-9404-6db19fe54643\CLTBUILD23&gt;set JunitResultsFile=PreReq-EnrollStudent_Junit.xml &#xD;
&#xD;
C:\Agt6\_work\_temp\TestResults\c2kbuild_CLTBUILD23 2021-04-12 08_12_36\In\a50f04f5-08fa-4e46-9404-6db19fe54643\CLTBUILD23&gt;newman run "c:\agt6\_work\6\a\api\environment\regapiautomation\testdata\fisap-datacorrection\prereq-report-variance-20_21\..\..\..\..\..\PreReq\PreReq-EnrollStudent.postman_collection.json" -k -d "c:\agt6\_work\6\a\api\environment\regapiautomation\testdata\fisap-datacorrection\prereq-report-variance-20_21\PreReq-FISAP-DataCorrection@Report-Variance-20_21-EnrollStudent.data.csv" -e "c:\agt6\_work\6\a\api\environment\regapiautomation\testdata\fisap-datacorrection\prereq-report-variance-20_21\..\..\..\RegApiAutoEnvironment.postman_environment.json" -r junit,html --reporter-html-export "PreReq-EnrollStudent_Html.html" --reporter-junit-export "PreReq-EnrollStudent_Junit.xml"</StdOut>
          </Output>
          <ResultFiles>
            <ResultFile path="CLTBUILD23\PreReq-EnrollStudent_Html.html" />
            <ResultFile path="CLTBUILD23\PreReq-EnrollStudent_Junit.xml" />
          </ResultFiles>
        </UnitTestResult>
        <UnitTestResult executionId="42fa56b2-69ae-45c0-9481-6e42f3616657" parentExecutionId="f9a3d65a-5cb6-438b-af3f-330a9ebc816d" testId="c40d8d3c-56e3-4091-8ee8-5b3d35ae468b" testName="04- prereq-fisap-datacorrection@report-variance-20_21-seteffectivedate-generictest (OT-06ZC-FISAP-Report-Variance-20_21)" computerName="CLTBUILD23" duration="00:00:04.7461122" startTime="2021-04-12T09:16:23.8000285-04:00" endTime="2021-04-12T09:16:28.5496931-04:00" testType="13cdc9d9-ddb5-4fa4-a97d-d965ccfc6d4b" outcome="Passed" testListId="8c84fa94-04c1-424b-9868-57a2d4851a1d" relativeResultsDirectory="42fa56b2-69ae-45c0-9481-6e42f3616657">
          <Output>
            <StdOut>C:\Agt6\_work\_temp\TestResults\c2kbuild_CLTBUILD23 2021-04-12 08_12_36\In\42fa56b2-69ae-45c0-9481-6e42f3616657\CLTBUILD23&gt;if not defined TestLocation (set TestLocation=. ) &#xD;
&#xD;
C:\Agt6\_work\_temp\TestResults\c2kbuild_CLTBUILD23 2021-04-12 08_12_36\In\42fa56b2-69ae-45c0-9481-6e42f3616657\CLTBUILD23&gt;set CollectionFileName=c:\agt6\_work\6\a\api\environment\regapiautomation\testdata\fisap-datacorrection\prereq-report-variance-20_21\..\..\..\..\..\PreReq\PreReq-SetEffectiveDateAfterStudentEnroll.postman_collection.json &#xD;
&#xD;
C:\Agt6\_work\_temp\TestResults\c2kbuild_CLTBUILD23 2021-04-12 08_12_36\In\42fa56b2-69ae-45c0-9481-6e42f3616657\CLTBUILD23&gt;set DataFileName=c:\agt6\_work\6\a\api\environment\regapiautomation\testdata\fisap-datacorrection\prereq-report-variance-20_21\PreReq-FISAP-DataCorrection@Report-Variance-20_21-SetEffectiveDate.data.json &#xD;
&#xD;
C:\Agt6\_work\_temp\TestResults\c2kbuild_CLTBUILD23 2021-04-12 08_12_36\In\42fa56b2-69ae-45c0-9481-6e42f3616657\CLTBUILD23&gt;set EnvironmentFilePath=c:\agt6\_work\6\a\api\environment\regapiautomation\testdata\fisap-datacorrection\prereq-report-variance-20_21\..\..\..\RegApiAutoEnvironment.postman_environment.json &#xD;
&#xD;
C:\Agt6\_work\_temp\TestResults\c2kbuild_CLTBUILD23 2021-04-12 08_12_36\In\42fa56b2-69ae-45c0-9481-6e42f3616657\CLTBUILD23&gt;set HtmlResultsFile=SetEffectiveDate_Html.html &#xD;
&#xD;
C:\Agt6\_work\_temp\TestResults\c2kbuild_CLTBUILD23 2021-04-12 08_12_36\In\42fa56b2-69ae-45c0-9481-6e42f3616657\CLTBUILD23&gt;set JunitResultsFile=SetEffectiveDate_Junit.xml &#xD;
&#xD;
C:\Agt6\_work\_temp\TestResults\c2kbuild_CLTBUILD23 2021-04-12 08_12_36\In\42fa56b2-69ae-45c0-9481-6e42f3616657\CLTBUILD23&gt;newman run "c:\agt6\_work\6\a\api\environment\regapiautomation\testdata\fisap-datacorrection\prereq-report-variance-20_21\..\..\..\..\..\PreReq\PreReq-SetEffectiveDateAfterStudentEnroll.postman_collection.json" -k -d "c:\agt6\_work\6\a\api\environment\regapiautomation\testdata\fisap-datacorrection\prereq-report-variance-20_21\PreReq-FISAP-DataCorrection@Report-Variance-20_21-SetEffectiveDate.data.json" -e "c:\agt6\_work\6\a\api\environment\regapiautomation\testdata\fisap-datacorrection\prereq-report-variance-20_21\..\..\..\RegApiAutoEnvironment.postman_environment.json" -r junit,html --reporter-html-export "SetEffectiveDate_Html.html" --reporter-junit-export "SetEffectiveDate_Junit.xml"</StdOut>
          </Output>
          <ResultFiles>
            <ResultFile path="CLTBUILD23\SetEffectiveDate_Html.html" />
            <ResultFile path="CLTBUILD23\SetEffectiveDate_Junit.xml" />
          </ResultFiles>
        </UnitTestResult>
        <UnitTestResult executionId="a2a885d9-9dff-4201-a6a4-c802d55444ed" parentExecutionId="f9a3d65a-5cb6-438b-af3f-330a9ebc816d" testId="cbc19db9-ddd0-456c-8d11-5ad2fdb91dcf" testName="05- prereq-fisap-datacorrection@report-variance-20_21-registerclassandpostattendance-generictest (OT-06ZC-FISAP-Report-Variance-20_21)" computerName="CLTBUILD23" duration="00:00:08.3745579" startTime="2021-04-12T09:16:28.5496931-04:00" endTime="2021-04-12T09:16:36.9241011-04:00" testType="13cdc9d9-ddb5-4fa4-a97d-d965ccfc6d4b" outcome="Passed" testListId="8c84fa94-04c1-424b-9868-57a2d4851a1d" relativeResultsDirectory="a2a885d9-9dff-4201-a6a4-c802d55444ed">
          <Output>
            <StdOut>C:\Agt6\_work\_temp\TestResults\c2kbuild_CLTBUILD23 2021-04-12 08_12_36\In\a2a885d9-9dff-4201-a6a4-c802d55444ed\CLTBUILD23&gt;if not defined TestLocation (set TestLocation=. ) &#xD;
&#xD;
C:\Agt6\_work\_temp\TestResults\c2kbuild_CLTBUILD23 2021-04-12 08_12_36\In\a2a885d9-9dff-4201-a6a4-c802d55444ed\CLTBUILD23&gt;set CollectionFileName=c:\agt6\_work\6\a\api\environment\regapiautomation\testdata\fisap-datacorrection\prereq-report-variance-20_21\..\..\..\..\..\PreReq\PreReq-RegisterClassAndPostAttendanceForStudent.postman_collection.json &#xD;
&#xD;
C:\Agt6\_work\_temp\TestResults\c2kbuild_CLTBUILD23 2021-04-12 08_12_36\In\a2a885d9-9dff-4201-a6a4-c802d55444ed\CLTBUILD23&gt;set DataFileName=c:\agt6\_work\6\a\api\environment\regapiautomation\testdata\fisap-datacorrection\prereq-report-variance-20_21\PreReq-FISAP-DataCorrection@Report-Variance-20_21-RegisterClassAndPostAttendance.csv &#xD;
&#xD;
C:\Agt6\_work\_temp\TestResults\c2kbuild_CLTBUILD23 2021-04-12 08_12_36\In\a2a885d9-9dff-4201-a6a4-c802d55444ed\CLTBUILD23&gt;set EnvironmentFilePath=c:\agt6\_work\6\a\api\environment\regapiautomation\testdata\fisap-datacorrection\prereq-report-variance-20_21\..\..\..\RegApiAutoEnvironment.postman_environment.json &#xD;
&#xD;
C:\Agt6\_work\_temp\TestResults\c2kbuild_CLTBUILD23 2021-04-12 08_12_36\In\a2a885d9-9dff-4201-a6a4-c802d55444ed\CLTBUILD23&gt;set HtmlResultsFile=PreReq-RegisterClassAndPostAttendance_Html.html &#xD;
&#xD;
C:\Agt6\_work\_temp\TestResults\c2kbuild_CLTBUILD23 2021-04-12 08_12_36\In\a2a885d9-9dff-4201-a6a4-c802d55444ed\CLTBUILD23&gt;set JunitResultsFile=PreReq-RegisterClassAndPostAttendance_Junit.xml &#xD;
&#xD;
C:\Agt6\_work\_temp\TestResults\c2kbuild_CLTBUILD23 2021-04-12 08_12_36\In\a2a885d9-9dff-4201-a6a4-c802d55444ed\CLTBUILD23&gt;newman run "c:\agt6\_work\6\a\api\environment\regapiautomation\testdata\fisap-datacorrection\prereq-report-variance-20_21\..\..\..\..\..\PreReq\PreReq-RegisterClassAndPostAttendanceForStudent.postman_collection.json" -k -d "c:\agt6\_work\6\a\api\environment\regapiautomation\testdata\fisap-datacorrection\prereq-report-variance-20_21\PreReq-FISAP-DataCorrection@Report-Variance-20_21-RegisterClassAndPostAttendance.csv" -e "c:\agt6\_work\6\a\api\environment\regapiautomation\testdata\fisap-datacorrection\prereq-report-variance-20_21\..\..\..\RegApiAutoEnvironment.postman_environment.json" -r junit,html --reporter-html-export "PreReq-RegisterClassAndPostAttendance_Html.html" --reporter-junit-export "PreReq-RegisterClassAndPostAttendance_Junit.xml"</StdOut>
          </Output>
          <ResultFiles>
            <ResultFile path="CLTBUILD23\PreReq-RegisterClassAndPostAttendance_Html.html" />
            <ResultFile path="CLTBUILD23\PreReq-RegisterClassAndPostAttendance_Junit.xml" />
          </ResultFiles>
        </UnitTestResult>
        <UnitTestResult executionId="a4185c28-bfea-4729-9745-9324e0b18001" parentExecutionId="f9a3d65a-5cb6-438b-af3f-330a9ebc816d" testId="149799e8-124a-4547-a438-5c091b7d6436" testName="06- prereq-fisap-datacorrection@report-variance-20_21-updatebudgetforacademicyearforpackaging-generictest (OT-06ZC-FISAP-Report-Variance-20_21)" computerName="CLTBUILD23" duration="00:00:07.8957688" startTime="2021-04-12T09:16:36.9250999-04:00" endTime="2021-04-12T09:16:44.8215315-04:00" testType="13cdc9d9-ddb5-4fa4-a97d-d965ccfc6d4b" outcome="Passed" testListId="8c84fa94-04c1-424b-9868-57a2d4851a1d" relativeResultsDirectory="a4185c28-bfea-4729-9745-9324e0b18001">
          <Output>
            <StdOut>C:\Agt6\_work\_temp\TestResults\c2kbuild_CLTBUILD23 2021-04-12 08_12_36\In\a4185c28-bfea-4729-9745-9324e0b18001\CLTBUILD23&gt;if not defined TestLocation (set TestLocation=. ) &#xD;
&#xD;
C:\Agt6\_work\_temp\TestResults\c2kbuild_CLTBUILD23 2021-04-12 08_12_36\In\a4185c28-bfea-4729-9745-9324e0b18001\CLTBUILD23&gt;set CollectionFileName=c:\agt6\_work\6\a\api\environment\regapiautomation\testdata\fisap-datacorrection\prereq-report-variance-20_21\..\..\..\..\..\PreReq\PreReq-UpdateBudgetForAcademicYearForPackaging.postman_collection.json &#xD;
&#xD;
C:\Agt6\_work\_temp\TestResults\c2kbuild_CLTBUILD23 2021-04-12 08_12_36\In\a4185c28-bfea-4729-9745-9324e0b18001\CLTBUILD23&gt;set DataFileName=c:\agt6\_work\6\a\api\environment\regapiautomation\testdata\fisap-datacorrection\prereq-report-variance-20_21\PreReq-FISAP-DataCorrection@Report-Variance-20_21-UpdateBudgetForAcademicYearForPackaging.data.csv &#xD;
&#xD;
C:\Agt6\_work\_temp\TestResults\c2kbuild_CLTBUILD23 2021-04-12 08_12_36\In\a4185c28-bfea-4729-9745-9324e0b18001\CLTBUILD23&gt;set EnvironmentFilePath=c:\agt6\_work\6\a\api\environment\regapiautomation\testdata\fisap-datacorrection\prereq-report-variance-20_21\..\..\..\RegApiAutoEnvironment.postman_environment.json &#xD;
&#xD;
C:\Agt6\_work\_temp\TestResults\c2kbuild_CLTBUILD23 2021-04-12 08_12_36\In\a4185c28-bfea-4729-9745-9324e0b18001\CLTBUILD23&gt;set HtmlResultsFile=PreReq-UpdateBudgetForAcademicYearForPackaging_Html.html &#xD;
&#xD;
C:\Agt6\_work\_temp\TestResults\c2kbuild_CLTBUILD23 2021-04-12 08_12_36\In\a4185c28-bfea-4729-9745-9324e0b18001\CLTBUILD23&gt;set JunitResultsFile=PreReq-UpdateBudgetForAcademicYearForPackaging_Junit.xml &#xD;
&#xD;
C:\Agt6\_work\_temp\TestResults\c2kbuild_CLTBUILD23 2021-04-12 08_12_36\In\a4185c28-bfea-4729-9745-9324e0b18001\CLTBUILD23&gt;newman run "c:\agt6\_work\6\a\api\environment\regapiautomation\testdata\fisap-datacorrection\prereq-report-variance-20_21\..\..\..\..\..\PreReq\PreReq-UpdateBudgetForAcademicYearForPackaging.postman_collection.json" -k -d "c:\agt6\_work\6\a\api\environment\regapiautomation\testdata\fisap-datacorrection\prereq-report-variance-20_21\PreReq-FISAP-DataCorrection@Report-Variance-20_21-UpdateBudgetForAcademicYearForPackaging.data.csv" -e "c:\agt6\_work\6\a\api\environment\regapiautomation\testdata\fisap-datacorrection\prereq-report-variance-20_21\..\..\..\RegApiAutoEnvironment.postman_environment.json" -r junit,html --reporter-html-export "PreReq-UpdateBudgetForAcademicYearForPackaging_Html.html" --reporter-junit-export "PreReq-UpdateBudgetForAcademicYearForPackaging_Junit.xml"</StdOut>
          </Output>
          <ResultFiles>
            <ResultFile path="CLTBUILD23\PreReq-UpdateBudgetForAcademicYearForPackaging_Html.html" />
            <ResultFile path="CLTBUILD23\PreReq-UpdateBudgetForAcademicYearForPackaging_Junit.xml" />
          </ResultFiles>
        </UnitTestResult>
        <UnitTestResult executionId="e7ae40d4-c3d3-4a7b-974b-b680a4fc1c46" parentExecutionId="f9a3d65a-5cb6-438b-af3f-330a9ebc816d" testId="36cd1580-4e50-4bf4-8fc8-adf9cfc9f15c" testName="07- prereq-fisap-datacorrection@report-variance-20_21-awardgrantforpackaging-generictest (OT-06ZC-FISAP-Report-Variance-20_21)" computerName="CLTBUILD23" duration="00:00:08.6824512" startTime="2021-04-12T09:16:44.8215315-04:00" endTime="2021-04-12T09:16:53.5069150-04:00" testType="13cdc9d9-ddb5-4fa4-a97d-d965ccfc6d4b" outcome="Passed" testListId="8c84fa94-04c1-424b-9868-57a2d4851a1d" relativeResultsDirectory="e7ae40d4-c3d3-4a7b-974b-b680a4fc1c46">
          <Output>
            <StdOut>C:\Agt6\_work\_temp\TestResults\c2kbuild_CLTBUILD23 2021-04-12 08_12_36\In\e7ae40d4-c3d3-4a7b-974b-b680a4fc1c46\CLTBUILD23&gt;if not defined TestLocation (set TestLocation=. ) &#xD;
&#xD;
C:\Agt6\_work\_temp\TestResults\c2kbuild_CLTBUILD23 2021-04-12 08_12_36\In\e7ae40d4-c3d3-4a7b-974b-b680a4fc1c46\CLTBUILD23&gt;set CollectionFileName=c:\agt6\_work\6\a\api\environment\regapiautomation\testdata\fisap-datacorrection\prereq-report-variance-20_21\..\..\..\..\..\PreReq\PreReq-AwardGrantForPackaging.postman_collection.json &#xD;
&#xD;
C:\Agt6\_work\_temp\TestResults\c2kbuild_CLTBUILD23 2021-04-12 08_12_36\In\e7ae40d4-c3d3-4a7b-974b-b680a4fc1c46\CLTBUILD23&gt;set DataFileName=c:\agt6\_work\6\a\api\environment\regapiautomation\testdata\fisap-datacorrection\prereq-report-variance-20_21\PreReq-FISAP-DataCorrection@Report-Variance-20_21-AwardGrantForPackaging.data.csv &#xD;
&#xD;
C:\Agt6\_work\_temp\TestResults\c2kbuild_CLTBUILD23 2021-04-12 08_12_36\In\e7ae40d4-c3d3-4a7b-974b-b680a4fc1c46\CLTBUILD23&gt;set EnvironmentFilePath=c:\agt6\_work\6\a\api\environment\regapiautomation\testdata\fisap-datacorrection\prereq-report-variance-20_21\..\..\..\RegApiAutoEnvironment.postman_environment.json &#xD;
&#xD;
C:\Agt6\_work\_temp\TestResults\c2kbuild_CLTBUILD23 2021-04-12 08_12_36\In\e7ae40d4-c3d3-4a7b-974b-b680a4fc1c46\CLTBUILD23&gt;set HtmlResultsFile=PreReq-AwardGrantForPackaging_Html.html &#xD;
&#xD;
C:\Agt6\_work\_temp\TestResults\c2kbuild_CLTBUILD23 2021-04-12 08_12_36\In\e7ae40d4-c3d3-4a7b-974b-b680a4fc1c46\CLTBUILD23&gt;set JunitResultsFile=PreReq-AwardGrantForPackaging_Junit.xml &#xD;
&#xD;
C:\Agt6\_work\_temp\TestResults\c2kbuild_CLTBUILD23 2021-04-12 08_12_36\In\e7ae40d4-c3d3-4a7b-974b-b680a4fc1c46\CLTBUILD23&gt;newman run "c:\agt6\_work\6\a\api\environment\regapiautomation\testdata\fisap-datacorrection\prereq-report-variance-20_21\..\..\..\..\..\PreReq\PreReq-AwardGrantForPackaging.postman_collection.json" -k -d "c:\agt6\_work\6\a\api\environment\regapiautomation\testdata\fisap-datacorrection\prereq-report-variance-20_21\PreReq-FISAP-DataCorrection@Report-Variance-20_21-AwardGrantForPackaging.data.csv" -e "c:\agt6\_work\6\a\api\environment\regapiautomation\testdata\fisap-datacorrection\prereq-report-variance-20_21\..\..\..\RegApiAutoEnvironment.postman_environment.json" -r junit,html --reporter-html-export "PreReq-AwardGrantForPackaging_Html.html" --reporter-junit-export "PreReq-AwardGrantForPackaging_Junit.xml"</StdOut>
          </Output>
          <ResultFiles>
            <ResultFile path="CLTBUILD23\PreReq-AwardGrantForPackaging_Html.html" />
            <ResultFile path="CLTBUILD23\PreReq-AwardGrantForPackaging_Junit.xml" />
          </ResultFiles>
        </UnitTestResult>
        <UnitTestResult executionId="2e447f8c-cff5-4777-9ab9-e96a3f88b8f8" parentExecutionId="f9a3d65a-5cb6-438b-af3f-330a9ebc816d" testId="4fc3084b-9e35-4856-8480-2ee8b055572d" testName="08- prereq-fisap-datacorrection@report-variance-20_21-postpaymentledgercard-generictest (OT-06ZC-FISAP-Report-Variance-20_21)" computerName="CLTBUILD23" duration="00:00:07.4059590" startTime="2021-04-12T09:16:53.5079151-04:00" endTime="2021-04-12T09:17:00.9213861-04:00" testType="13cdc9d9-ddb5-4fa4-a97d-d965ccfc6d4b" outcome="Passed" testListId="8c84fa94-04c1-424b-9868-57a2d4851a1d" relativeResultsDirectory="2e447f8c-cff5-4777-9ab9-e96a3f88b8f8">
          <Output>
            <StdOut>C:\Agt6\_work\_temp\TestResults\c2kbuild_CLTBUILD23 2021-04-12 08_12_36\In\2e447f8c-cff5-4777-9ab9-e96a3f88b8f8\CLTBUILD23&gt;if not defined TestLocation (set TestLocation=. ) &#xD;
&#xD;
C:\Agt6\_work\_temp\TestResults\c2kbuild_CLTBUILD23 2021-04-12 08_12_36\In\2e447f8c-cff5-4777-9ab9-e96a3f88b8f8\CLTBUILD23&gt;set CollectionFileName=c:\agt6\_work\6\a\api\environment\regapiautomation\testdata\fisap-datacorrection\prereq-report-variance-20_21\..\..\..\..\..\PreReq\PreReq-PostPaymentLedgerCard.postman_collection.json &#xD;
&#xD;
C:\Agt6\_work\_temp\TestResults\c2kbuild_CLTBUILD23 2021-04-12 08_12_36\In\2e447f8c-cff5-4777-9ab9-e96a3f88b8f8\CLTBUILD23&gt;set DataFileName=c:\agt6\_work\6\a\api\environment\regapiautomation\testdata\fisap-datacorrection\prereq-report-variance-20_21\PreReq-FISAP-DataCorrection@Report-Variance-20_21-PostPaymentLedgerCard.data.json &#xD;
&#xD;
C:\Agt6\_work\_temp\TestResults\c2kbuild_CLTBUILD23 2021-04-12 08_12_36\In\2e447f8c-cff5-4777-9ab9-e96a3f88b8f8\CLTBUILD23&gt;set EnvironmentFilePath=c:\agt6\_work\6\a\api\environment\regapiautomation\testdata\fisap-datacorrection\prereq-report-variance-20_21\..\..\..\RegApiAutoEnvironment.postman_environment.json &#xD;
&#xD;
C:\Agt6\_work\_temp\TestResults\c2kbuild_CLTBUILD23 2021-04-12 08_12_36\In\2e447f8c-cff5-4777-9ab9-e96a3f88b8f8\CLTBUILD23&gt;set HtmlResultsFile=PreReq-PostPaymentLedgerCard_Html.html &#xD;
&#xD;
C:\Agt6\_work\_temp\TestResults\c2kbuild_CLTBUILD23 2021-04-12 08_12_36\In\2e447f8c-cff5-4777-9ab9-e96a3f88b8f8\CLTBUILD23&gt;set JunitResultsFile=PreReq-PostPaymentLdegerCard_Junit.xml &#xD;
&#xD;
C:\Agt6\_work\_temp\TestResults\c2kbuild_CLTBUILD23 2021-04-12 08_12_36\In\2e447f8c-cff5-4777-9ab9-e96a3f88b8f8\CLTBUILD23&gt;newman run "c:\agt6\_work\6\a\api\environment\regapiautomation\testdata\fisap-datacorrection\prereq-report-variance-20_21\..\..\..\..\..\PreReq\PreReq-PostPaymentLedgerCard.postman_collection.json" -k -d "c:\agt6\_work\6\a\api\environment\regapiautomation\testdata\fisap-datacorrection\prereq-report-variance-20_21\PreReq-FISAP-DataCorrection@Report-Variance-20_21-PostPaymentLedgerCard.data.json" -e "c:\agt6\_work\6\a\api\environment\regapiautomation\testdata\fisap-datacorrection\prereq-report-variance-20_21\..\..\..\RegApiAutoEnvironment.postman_environment.json" -r junit,html --reporter-html-export "PreReq-PostPaymentLedgerCard_Html.html" --reporter-junit-export "PreReq-PostPaymentLdegerCard_Junit.xml"</StdOut>
          </Output>
          <ResultFiles>
            <ResultFile path="CLTBUILD23\PreReq-PostPaymentLdegerCard_Junit.xml" />
            <ResultFile path="CLTBUILD23\PreReq-PostPaymentLedgerCard_Html.html" />
          </ResultFiles>
        </UnitTestResult>
        <UnitTestResult executionId="bd292796-4c71-4214-b7fb-0dcc20e5a0b7" parentExecutionId="f9a3d65a-5cb6-438b-af3f-330a9ebc816d" testId="57159a0a-851d-4333-9532-3681a12b5185" testName="09- prereq-fisap-datacorrection@report-variance-20_21-changestudentstatus-generictest (OT-06ZC-FISAP-Report-Variance-20_21)" computerName="CLTBUILD23" duration="00:00:06.1644599" startTime="2021-04-12T09:17:00.9223880-04:00" endTime="2021-04-12T09:17:07.0919472-04:00" testType="13cdc9d9-ddb5-4fa4-a97d-d965ccfc6d4b" outcome="Passed" testListId="8c84fa94-04c1-424b-9868-57a2d4851a1d" relativeResultsDirectory="bd292796-4c71-4214-b7fb-0dcc20e5a0b7">
          <Output>
            <StdOut>C:\Agt6\_work\_temp\TestResults\c2kbuild_CLTBUILD23 2021-04-12 08_12_36\In\bd292796-4c71-4214-b7fb-0dcc20e5a0b7\CLTBUILD23&gt;if not defined TestLocation (set TestLocation=. ) &#xD;
&#xD;
C:\Agt6\_work\_temp\TestResults\c2kbuild_CLTBUILD23 2021-04-12 08_12_36\In\bd292796-4c71-4214-b7fb-0dcc20e5a0b7\CLTBUILD23&gt;set CollectionFileName=c:\agt6\_work\6\a\api\environment\regapiautomation\testdata\fisap-datacorrection\prereq-report-variance-20_21\..\..\..\..\..\PreReq\PreReq-GraduateStudentStatus.postman_collection.json &#xD;
&#xD;
C:\Agt6\_work\_temp\TestResults\c2kbuild_CLTBUILD23 2021-04-12 08_12_36\In\bd292796-4c71-4214-b7fb-0dcc20e5a0b7\CLTBUILD23&gt;set DataFileName=c:\agt6\_work\6\a\api\environment\regapiautomation\testdata\fisap-datacorrection\prereq-report-variance-20_21\PreReq-FISAP-DataCorrection@Report-Variance-20_21-ChangeStudentStatus.data.json &#xD;
&#xD;
C:\Agt6\_work\_temp\TestResults\c2kbuild_CLTBUILD23 2021-04-12 08_12_36\In\bd292796-4c71-4214-b7fb-0dcc20e5a0b7\CLTBUILD23&gt;set EnvironmentFilePath=c:\agt6\_work\6\a\api\environment\regapiautomation\testdata\fisap-datacorrection\prereq-report-variance-20_21\..\..\..\RegApiAutoEnvironment.postman_environment.json &#xD;
&#xD;
C:\Agt6\_work\_temp\TestResults\c2kbuild_CLTBUILD23 2021-04-12 08_12_36\In\bd292796-4c71-4214-b7fb-0dcc20e5a0b7\CLTBUILD23&gt;set HtmlResultsFile=PreReq-ChangeStudentStatus_Html.html &#xD;
&#xD;
C:\Agt6\_work\_temp\TestResults\c2kbuild_CLTBUILD23 2021-04-12 08_12_36\In\bd292796-4c71-4214-b7fb-0dcc20e5a0b7\CLTBUILD23&gt;set JunitResultsFile=PreReq-ChangeStudentStatus_Junit.xml &#xD;
&#xD;
C:\Agt6\_work\_temp\TestResults\c2kbuild_CLTBUILD23 2021-04-12 08_12_36\In\bd292796-4c71-4214-b7fb-0dcc20e5a0b7\CLTBUILD23&gt;newman run "c:\agt6\_work\6\a\api\environment\regapiautomation\testdata\fisap-datacorrection\prereq-report-variance-20_21\..\..\..\..\..\PreReq\PreReq-GraduateStudentStatus.postman_collection.json" -k -d "c:\agt6\_work\6\a\api\environment\regapiautomation\testdata\fisap-datacorrection\prereq-report-variance-20_21\PreReq-FISAP-DataCorrection@Report-Variance-20_21-ChangeStudentStatus.data.json" -e "c:\agt6\_work\6\a\api\environment\regapiautomation\testdata\fisap-datacorrection\prereq-report-variance-20_21\..\..\..\RegApiAutoEnvironment.postman_environment.json" -r junit,html --reporter-html-export "PreReq-ChangeStudentStatus_Html.html" --reporter-junit-export "PreReq-ChangeStudentStatus_Junit.xml"</StdOut>
          </Output>
          <ResultFiles>
            <ResultFile path="CLTBUILD23\PreReq-ChangeStudentStatus_Html.html" />
            <ResultFile path="CLTBUILD23\PreReq-ChangeStudentStatus_Junit.xml" />
          </ResultFiles>
        </UnitTestResult>
        <UnitTestResult executionId="9fb78f1a-79ba-402b-9675-7eae9cd7606c" parentExecutionId="f9a3d65a-5cb6-438b-af3f-330a9ebc816d" testId="89ad15eb-ebff-401f-be50-0fe9d8af66bb" testName="10- fisap-datacorrection@report-variance-20_21-generictest (OT-06ZC-FISAP-Report-Variance-20_21)" computerName="CLTBUILD23" duration="00:00:07.8996864" startTime="2021-04-12T09:17:07.0919472-04:00" endTime="2021-04-12T09:17:14.9953795-04:00" testType="13cdc9d9-ddb5-4fa4-a97d-d965ccfc6d4b" outcome="Passed" testListId="8c84fa94-04c1-424b-9868-57a2d4851a1d" relativeResultsDirectory="9fb78f1a-79ba-402b-9675-7eae9cd7606c">
          <Output>
            <StdOut>C:\Agt6\_work\_temp\TestResults\c2kbuild_CLTBUILD23 2021-04-12 08_12_36\In\9fb78f1a-79ba-402b-9675-7eae9cd7606c\CLTBUILD23&gt;if not defined TestLocation (set TestLocation=. ) &#xD;
&#xD;
C:\Agt6\_work\_temp\TestResults\c2kbuild_CLTBUILD23 2021-04-12 08_12_36\In\9fb78f1a-79ba-402b-9675-7eae9cd7606c\CLTBUILD23&gt;set CollectionFileName=c:\agt6\_work\6\a\api\environment\regapiautomation\testdata\fisap-datacorrection\..\..\..\..\Tests\FISAP-DataCorrection\FISAP-DataCorrection@Report-Variance.postman_collection.json &#xD;
&#xD;
C:\Agt6\_work\_temp\TestResults\c2kbuild_CLTBUILD23 2021-04-12 08_12_36\In\9fb78f1a-79ba-402b-9675-7eae9cd7606c\CLTBUILD23&gt;set DataFileName=c:\agt6\_work\6\a\api\environment\regapiautomation\testdata\fisap-datacorrection\FISAP-DataCorrection@Report-Variance-20_21.data.json &#xD;
&#xD;
C:\Agt6\_work\_temp\TestResults\c2kbuild_CLTBUILD23 2021-04-12 08_12_36\In\9fb78f1a-79ba-402b-9675-7eae9cd7606c\CLTBUILD23&gt;set EnvironmentFilePath=c:\agt6\_work\6\a\api\environment\regapiautomation\testdata\fisap-datacorrection\..\..\RegApiAutoEnvironment.postman_environment.json &#xD;
&#xD;
C:\Agt6\_work\_temp\TestResults\c2kbuild_CLTBUILD23 2021-04-12 08_12_36\In\9fb78f1a-79ba-402b-9675-7eae9cd7606c\CLTBUILD23&gt;set HtmlResultsFile=FISAP-DataCorrection@Report-Variance-20_21-Html.html &#xD;
&#xD;
C:\Agt6\_work\_temp\TestResults\c2kbuild_CLTBUILD23 2021-04-12 08_12_36\In\9fb78f1a-79ba-402b-9675-7eae9cd7606c\CLTBUILD23&gt;set JunitResultsFile=FISAP-DataCorrection@Report-Variance-20_21-Junit.xml &#xD;
&#xD;
C:\Agt6\_work\_temp\TestResults\c2kbuild_CLTBUILD23 2021-04-12 08_12_36\In\9fb78f1a-79ba-402b-9675-7eae9cd7606c\CLTBUILD23&gt;newman run "c:\agt6\_work\6\a\api\environment\regapiautomation\testdata\fisap-datacorrection\..\..\..\..\Tests\FISAP-DataCorrection\FISAP-DataCorrection@Report-Variance.postman_collection.json" -k -d "c:\agt6\_work\6\a\api\environment\regapiautomation\testdata\fisap-datacorrection\FISAP-DataCorrection@Report-Variance-20_21.data.json" -e "c:\agt6\_work\6\a\api\environment\regapiautomation\testdata\fisap-datacorrection\..\..\RegApiAutoEnvironment.postman_environment.json" -r junit,html --reporter-html-export "FISAP-DataCorrection@Report-Variance-20_21-Html.html" --reporter-junit-export "FISAP-DataCorrection@Report-Variance-20_21-Junit.xml"</StdOut>
          </Output>
          <ResultFiles>
            <ResultFile path="CLTBUILD23\FISAP-DataCorrection@Report-Variance-20_21-Html.html" />
            <ResultFile path="CLTBUILD23\FISAP-DataCorrection@Report-Variance-20_21-Junit.xml" />
          </ResultFiles>
        </UnitTestResult>
      </InnerResults>
    </TestResultAggregation>
    <TestResultAggregation executionId="e16874f7-2c2d-4d35-9f03-ff09149034ba" testId="525ae70c-71ed-4cd3-a756-4ff63a61f72e" testName="OT-09-IsirPrint" computerName="CLTBUILD23" duration="00:00:20.2448830" startTime="2021-04-12T09:18:49.6936166-04:00" endTime="2021-04-12T09:19:09.9371777-04:00" testType="ec4800e8-40e5-4ab3-8510-b8bf29b1904d" outcome="Passed" testListId="8c84fa94-04c1-424b-9868-57a2d4851a1d" relativeResultsDirectory="e16874f7-2c2d-4d35-9f03-ff09149034ba">
      <InnerResults>
        <UnitTestResult executionId="c03cbe2b-84ff-437a-8e0e-d4e731152be2" parentExecutionId="e16874f7-2c2d-4d35-9f03-ff09149034ba" testId="7bd6ad64-70f9-4b50-8dab-f8cc34acede5" testName="1- prereq-appproc-isirprint@hp-isirbatchprint-importisir-generictest (OT-09-IsirPrint)" computerName="CLTBUILD23" duration="00:00:10.1739696" startTime="2021-04-12T09:18:49.6946198-04:00" endTime="2021-04-12T09:18:59.9018949-04:00" testType="13cdc9d9-ddb5-4fa4-a97d-d965ccfc6d4b" outcome="Passed" testListId="8c84fa94-04c1-424b-9868-57a2d4851a1d" relativeResultsDirectory="c03cbe2b-84ff-437a-8e0e-d4e731152be2">
          <Output>
            <StdOut>C:\Agt6\_work\_temp\TestResults\c2kbuild_CLTBUILD23 2021-04-12 08_12_36\In\c03cbe2b-84ff-437a-8e0e-d4e731152be2\CLTBUILD23&gt;if not defined TestLocation (set TestLocation=. ) &#xD;
&#xD;
C:\Agt6\_work\_temp\TestResults\c2kbuild_CLTBUILD23 2021-04-12 08_12_36\In\c03cbe2b-84ff-437a-8e0e-d4e731152be2\CLTBUILD23&gt;set CollectionFileName=c:\agt6\_work\6\a\api\environment\regapiautomation\testdata\isirprint\prereq\..\..\..\..\..\PreReq\PreReq-ImportISIR.postman_collection.json &#xD;
&#xD;
C:\Agt6\_work\_temp\TestResults\c2kbuild_CLTBUILD23 2021-04-12 08_12_36\In\c03cbe2b-84ff-437a-8e0e-d4e731152be2\CLTBUILD23&gt;set DataFileName=c:\agt6\_work\6\a\api\environment\regapiautomation\testdata\isirprint\prereq\PreReq-AppProc-ISIRPrint@HP-ISIRBatchPrint-ImportISIR.data.json &#xD;
&#xD;
C:\Agt6\_work\_temp\TestResults\c2kbuild_CLTBUILD23 2021-04-12 08_12_36\In\c03cbe2b-84ff-437a-8e0e-d4e731152be2\CLTBUILD23&gt;set EnvironmentFilePath=c:\agt6\_work\6\a\api\environment\regapiautomation\testdata\isirprint\prereq\..\..\..\RegApiAutoEnvironment.postman_environment.json &#xD;
&#xD;
C:\Agt6\_work\_temp\TestResults\c2kbuild_CLTBUILD23 2021-04-12 08_12_36\In\c03cbe2b-84ff-437a-8e0e-d4e731152be2\CLTBUILD23&gt;set HtmlResultsFile=PreReq-AppProc-ISIRPrint@HP-ISIRBatchPrint_Html.html &#xD;
&#xD;
C:\Agt6\_work\_temp\TestResults\c2kbuild_CLTBUILD23 2021-04-12 08_12_36\In\c03cbe2b-84ff-437a-8e0e-d4e731152be2\CLTBUILD23&gt;set JunitResultsFile=PreReq-AppProc-ISIRPrint@HP-ISIRBatchPrint_Junit.xml &#xD;
&#xD;
C:\Agt6\_work\_temp\TestResults\c2kbuild_CLTBUILD23 2021-04-12 08_12_36\In\c03cbe2b-84ff-437a-8e0e-d4e731152be2\CLTBUILD23&gt;newman run "c:\agt6\_work\6\a\api\environment\regapiautomation\testdata\isirprint\prereq\..\..\..\..\..\PreReq\PreReq-ImportISIR.postman_collection.json" -k -d "c:\agt6\_work\6\a\api\environment\regapiautomation\testdata\isirprint\prereq\PreReq-AppProc-ISIRPrint@HP-ISIRBatchPrint-ImportISIR.data.json" -e "c:\agt6\_work\6\a\api\environment\regapiautomation\testdata\isirprint\prereq\..\..\..\RegApiAutoEnvironment.postman_environment.json" -r junit,html --reporter-html-export "PreReq-AppProc-ISIRPrint@HP-ISIRBatchPrint_Html.html" --reporter-junit-export "PreReq-AppProc-ISIRPrint@HP-ISIRBatchPrint_Junit.xml"</StdOut>
          </Output>
          <ResultFiles>
            <ResultFile path="CLTBUILD23\PreReq-AppProc-ISIRPrint@HP-ISIRBatchPrint_Html.html" />
            <ResultFile path="CLTBUILD23\PreReq-AppProc-ISIRPrint@HP-ISIRBatchPrint_Junit.xml" />
          </ResultFiles>
        </UnitTestResult>
        <UnitTestResult executionId="a6333f9a-9287-4161-ba5f-44d309b62134" parentExecutionId="e16874f7-2c2d-4d35-9f03-ff09149034ba" testId="06768748-1336-46cf-bc09-0635d120a2c2" testName="2- appproc-isirprint@hp-isirbatchprint-generictest (OT-09-IsirPrint)" computerName="CLTBUILD23" duration="00:00:10.0328647" startTime="2021-04-12T09:18:59.9018949-04:00" endTime="2021-04-12T09:19:09.9361754-04:00" testType="13cdc9d9-ddb5-4fa4-a97d-d965ccfc6d4b" outcome="Passed" testListId="8c84fa94-04c1-424b-9868-57a2d4851a1d" relativeResultsDirectory="a6333f9a-9287-4161-ba5f-44d309b62134">
          <Output>
            <StdOut>C:\Agt6\_work\_temp\TestResults\c2kbuild_CLTBUILD23 2021-04-12 08_12_36\In\a6333f9a-9287-4161-ba5f-44d309b62134\CLTBUILD23&gt;if not defined TestLocation (set TestLocation=. ) &#xD;
&#xD;
C:\Agt6\_work\_temp\TestResults\c2kbuild_CLTBUILD23 2021-04-12 08_12_36\In\a6333f9a-9287-4161-ba5f-44d309b62134\CLTBUILD23&gt;set CollectionFileName=c:\agt6\_work\6\a\api\environment\regapiautomation\testdata\isirprint\..\..\..\..\Tests\IsirPrint\AppProc-ISIRPrint@HP-ISIRBatchPrint.postman_collection.json &#xD;
&#xD;
C:\Agt6\_work\_temp\TestResults\c2kbuild_CLTBUILD23 2021-04-12 08_12_36\In\a6333f9a-9287-4161-ba5f-44d309b62134\CLTBUILD23&gt;set DataFileName=c:\agt6\_work\6\a\api\environment\regapiautomation\testdata\isirprint\AppProc-ISIRPrint@HP-ISIRBatchPrint.data.json &#xD;
&#xD;
C:\Agt6\_work\_temp\TestResults\c2kbuild_CLTBUILD23 2021-04-12 08_12_36\In\a6333f9a-9287-4161-ba5f-44d309b62134\CLTBUILD23&gt;set EnvironmentFilePath=c:\agt6\_work\6\a\api\environment\regapiautomation\testdata\isirprint\..\..\RegApiAutoEnvironment.postman_environment.json &#xD;
&#xD;
C:\Agt6\_work\_temp\TestResults\c2kbuild_CLTBUILD23 2021-04-12 08_12_36\In\a6333f9a-9287-4161-ba5f-44d309b62134\CLTBUILD23&gt;set HtmlResultsFile=IsirPrint_AppProc-ISIRPrint@HP-ISIRBatchPrint-Html.html &#xD;
&#xD;
C:\Agt6\_work\_temp\TestResults\c2kbuild_CLTBUILD23 2021-04-12 08_12_36\In\a6333f9a-9287-4161-ba5f-44d309b62134\CLTBUILD23&gt;set JunitResultsFile=IsirPrint_AppProc-ISIRPrint@HP-ISIRBatchPrint-Junit.xml &#xD;
&#xD;
C:\Agt6\_work\_temp\TestResults\c2kbuild_CLTBUILD23 2021-04-12 08_12_36\In\a6333f9a-9287-4161-ba5f-44d309b62134\CLTBUILD23&gt;newman run "c:\agt6\_work\6\a\api\environment\regapiautomation\testdata\isirprint\..\..\..\..\Tests\IsirPrint\AppProc-ISIRPrint@HP-ISIRBatchPrint.postman_collection.json" -k -d "c:\agt6\_work\6\a\api\environment\regapiautomation\testdata\isirprint\AppProc-ISIRPrint@HP-ISIRBatchPrint.data.json" -e "c:\agt6\_work\6\a\api\environment\regapiautomation\testdata\isirprint\..\..\RegApiAutoEnvironment.postman_environment.json" -r junit,html --reporter-html-export "IsirPrint_AppProc-ISIRPrint@HP-ISIRBatchPrint-Html.html" --reporter-junit-export "IsirPrint_AppProc-ISIRPrint@HP-ISIRBatchPrint-Junit.xml"</StdOut>
          </Output>
          <ResultFiles>
            <ResultFile path="CLTBUILD23\IsirPrint_AppProc-ISIRPrint@HP-ISIRBatchPrint-Html.html" />
            <ResultFile path="CLTBUILD23\IsirPrint_AppProc-ISIRPrint@HP-ISIRBatchPrint-Junit.xml" />
          </ResultFiles>
        </UnitTestResult>
      </InnerResults>
    </TestResultAggregation>
    <TestResultAggregation executionId="90c8c495-1b26-418f-b54f-aee0acdf5a94" testId="3aea2585-a119-4e34-b236-c0737d174fc8" testName="OT-06K-FISAP-ColumnD-20_21" computerName="CLTBUILD23" duration="00:00:50.2944481" startTime="2021-04-12T08:52:11.9079575-04:00" endTime="2021-04-12T08:53:02.2037465-04:00" testType="ec4800e8-40e5-4ab3-8510-b8bf29b1904d" outcome="Passed" testListId="8c84fa94-04c1-424b-9868-57a2d4851a1d" relativeResultsDirectory="90c8c495-1b26-418f-b54f-aee0acdf5a94">
      <InnerResults>
        <UnitTestResult executionId="d6139053-2b47-4621-a9cf-ad65f56f047e" parentExecutionId="90c8c495-1b26-418f-b54f-aee0acdf5a94" testId="cd08f1a7-6d9c-49fb-8c4d-db8143af6d62" testName="1- prereq-fisap-datacorrection@columnd-20_21-createstudent-generictest (OT-06K-FISAP-ColumnD-20_21)" computerName="CLTBUILD23" duration="00:00:08.3598768" startTime="2021-04-12T08:52:11.9149574-04:00" endTime="2021-04-12T08:52:20.2754251-04:00" testType="13cdc9d9-ddb5-4fa4-a97d-d965ccfc6d4b" outcome="Passed" testListId="8c84fa94-04c1-424b-9868-57a2d4851a1d" relativeResultsDirectory="d6139053-2b47-4621-a9cf-ad65f56f047e">
          <Output>
            <StdOut>C:\Agt6\_work\_temp\TestResults\c2kbuild_CLTBUILD23 2021-04-12 08_12_36\In\d6139053-2b47-4621-a9cf-ad65f56f047e\CLTBUILD23&gt;if not defined TestLocation (set TestLocation=. ) &#xD;
&#xD;
C:\Agt6\_work\_temp\TestResults\c2kbuild_CLTBUILD23 2021-04-12 08_12_36\In\d6139053-2b47-4621-a9cf-ad65f56f047e\CLTBUILD23&gt;set CollectionFileName=c:\agt6\_work\6\a\api\environment\regapiautomation\testdata\fisap-datacorrection\prereq-columnd-20-21\..\..\..\..\..\PreReq\PreReq-CreateStudent.postman_collection.json &#xD;
&#xD;
C:\Agt6\_work\_temp\TestResults\c2kbuild_CLTBUILD23 2021-04-12 08_12_36\In\d6139053-2b47-4621-a9cf-ad65f56f047e\CLTBUILD23&gt;set DataFileName=c:\agt6\_work\6\a\api\environment\regapiautomation\testdata\fisap-datacorrection\prereq-columnd-20-21\PreReq-FISAP-DataCorrection@ColumnD-20_21-CreateStudent.data.csv &#xD;
&#xD;
C:\Agt6\_work\_temp\TestResults\c2kbuild_CLTBUILD23 2021-04-12 08_12_36\In\d6139053-2b47-4621-a9cf-ad65f56f047e\CLTBUILD23&gt;set EnvironmentFilePath=c:\agt6\_work\6\a\api\environment\regapiautomation\testdata\fisap-datacorrection\prereq-columnd-20-21\..\..\..\RegApiAutoEnvironment.postman_environment.json &#xD;
&#xD;
C:\Agt6\_work\_temp\TestResults\c2kbuild_CLTBUILD23 2021-04-12 08_12_36\In\d6139053-2b47-4621-a9cf-ad65f56f047e\CLTBUILD23&gt;set HtmlResultsFile=PreReq-CreateStudent_Html.html &#xD;
&#xD;
C:\Agt6\_work\_temp\TestResults\c2kbuild_CLTBUILD23 2021-04-12 08_12_36\In\d6139053-2b47-4621-a9cf-ad65f56f047e\CLTBUILD23&gt;set JunitResultsFile=PreReq-CreateStudent_Junit.xml &#xD;
&#xD;
C:\Agt6\_work\_temp\TestResults\c2kbuild_CLTBUILD23 2021-04-12 08_12_36\In\d6139053-2b47-4621-a9cf-ad65f56f047e\CLTBUILD23&gt;newman run "c:\agt6\_work\6\a\api\environment\regapiautomation\testdata\fisap-datacorrection\prereq-columnd-20-21\..\..\..\..\..\PreReq\PreReq-CreateStudent.postman_collection.json" -k -d "c:\agt6\_work\6\a\api\environment\regapiautomation\testdata\fisap-datacorrection\prereq-columnd-20-21\PreReq-FISAP-DataCorrection@ColumnD-20_21-CreateStudent.data.csv" -e "c:\agt6\_work\6\a\api\environment\regapiautomation\testdata\fisap-datacorrection\prereq-columnd-20-21\..\..\..\RegApiAutoEnvironment.postman_environment.json" -r junit,html --reporter-html-export "PreReq-CreateStudent_Html.html" --reporter-junit-export "PreReq-CreateStudent_Junit.xml"</StdOut>
          </Output>
          <ResultFiles>
            <ResultFile path="CLTBUILD23\PreReq-CreateStudent_Html.html" />
            <ResultFile path="CLTBUILD23\PreReq-CreateStudent_Junit.xml" />
          </ResultFiles>
        </UnitTestResult>
        <UnitTestResult executionId="f1290163-2ce4-4d47-8b40-7891abc64765" parentExecutionId="90c8c495-1b26-418f-b54f-aee0acdf5a94" testId="feda537e-91c8-448b-8b42-1d0d3a8def6d" testName="2- prereq-fisap-datacorrection@columnd-20_21-importisir-generictest (OT-06K-FISAP-ColumnD-20_21)" computerName="CLTBUILD23" duration="00:00:08.0188371" startTime="2021-04-12T08:52:20.2764221-04:00" endTime="2021-04-12T08:52:28.3009117-04:00" testType="13cdc9d9-ddb5-4fa4-a97d-d965ccfc6d4b" outcome="Passed" testListId="8c84fa94-04c1-424b-9868-57a2d4851a1d" relativeResultsDirectory="f1290163-2ce4-4d47-8b40-7891abc64765">
          <Output>
            <StdOut>C:\Agt6\_work\_temp\TestResults\c2kbuild_CLTBUILD23 2021-04-12 08_12_36\In\f1290163-2ce4-4d47-8b40-7891abc64765\CLTBUILD23&gt;if not defined TestLocation (set TestLocation=. ) &#xD;
&#xD;
C:\Agt6\_work\_temp\TestResults\c2kbuild_CLTBUILD23 2021-04-12 08_12_36\In\f1290163-2ce4-4d47-8b40-7891abc64765\CLTBUILD23&gt;set CollectionFileName=c:\agt6\_work\6\a\api\environment\regapiautomation\testdata\fisap-datacorrection\prereq-columnd-20-21\..\..\..\..\..\PreReq\PreReq-ImportIsir.postman_collection.json &#xD;
&#xD;
C:\Agt6\_work\_temp\TestResults\c2kbuild_CLTBUILD23 2021-04-12 08_12_36\In\f1290163-2ce4-4d47-8b40-7891abc64765\CLTBUILD23&gt;set DataFileName=c:\agt6\_work\6\a\api\environment\regapiautomation\testdata\fisap-datacorrection\prereq-columnd-20-21\PreReq-FISAP-DataCorrection@ColumnD-20_21-ImportIsir.data.json &#xD;
&#xD;
C:\Agt6\_work\_temp\TestResults\c2kbuild_CLTBUILD23 2021-04-12 08_12_36\In\f1290163-2ce4-4d47-8b40-7891abc64765\CLTBUILD23&gt;set EnvironmentFilePath=c:\agt6\_work\6\a\api\environment\regapiautomation\testdata\fisap-datacorrection\prereq-columnd-20-21\..\..\..\RegApiAutoEnvironment.postman_environment.json &#xD;
&#xD;
C:\Agt6\_work\_temp\TestResults\c2kbuild_CLTBUILD23 2021-04-12 08_12_36\In\f1290163-2ce4-4d47-8b40-7891abc64765\CLTBUILD23&gt;set HtmlResultsFile=PreReq-ImportIsir_Html.html &#xD;
&#xD;
C:\Agt6\_work\_temp\TestResults\c2kbuild_CLTBUILD23 2021-04-12 08_12_36\In\f1290163-2ce4-4d47-8b40-7891abc64765\CLTBUILD23&gt;set JunitResultsFile=PreReq-ImportIsir_Junit.xml &#xD;
&#xD;
C:\Agt6\_work\_temp\TestResults\c2kbuild_CLTBUILD23 2021-04-12 08_12_36\In\f1290163-2ce4-4d47-8b40-7891abc64765\CLTBUILD23&gt;newman run "c:\agt6\_work\6\a\api\environment\regapiautomation\testdata\fisap-datacorrection\prereq-columnd-20-21\..\..\..\..\..\PreReq\PreReq-ImportIsir.postman_collection.json" -k -d "c:\agt6\_work\6\a\api\environment\regapiautomation\testdata\fisap-datacorrection\prereq-columnd-20-21\PreReq-FISAP-DataCorrection@ColumnD-20_21-ImportIsir.data.json" -e "c:\agt6\_work\6\a\api\environment\regapiautomation\testdata\fisap-datacorrection\prereq-columnd-20-21\..\..\..\RegApiAutoEnvironment.postman_environment.json" -r junit,html --reporter-html-export "PreReq-ImportIsir_Html.html" --reporter-junit-export "PreReq-ImportIsir_Junit.xml"</StdOut>
          </Output>
          <ResultFiles>
            <ResultFile path="CLTBUILD23\PreReq-ImportIsir_Html.html" />
            <ResultFile path="CLTBUILD23\PreReq-ImportIsir_Junit.xml" />
          </ResultFiles>
        </UnitTestResult>
        <UnitTestResult executionId="d9d7cbe6-3ad6-4dfe-8b1c-f62951b93826" parentExecutionId="90c8c495-1b26-418f-b54f-aee0acdf5a94" testId="7e1d8d7d-1bc0-4540-a386-c11c2a64c8e6" testName="3- prereq-fisap-datacorrection@columnd-20_21-enrollstudent-generictest (OT-06K-FISAP-ColumnD-20_21)" computerName="CLTBUILD23" duration="00:00:12.3022502" startTime="2021-04-12T08:52:28.3019118-04:00" endTime="2021-04-12T08:52:40.6091291-04:00" testType="13cdc9d9-ddb5-4fa4-a97d-d965ccfc6d4b" outcome="Passed" testListId="8c84fa94-04c1-424b-9868-57a2d4851a1d" relativeResultsDirectory="d9d7cbe6-3ad6-4dfe-8b1c-f62951b93826">
          <Output>
            <StdOut>C:\Agt6\_work\_temp\TestResults\c2kbuild_CLTBUILD23 2021-04-12 08_12_36\In\d9d7cbe6-3ad6-4dfe-8b1c-f62951b93826\CLTBUILD23&gt;if not defined TestLocation (set TestLocation=. ) &#xD;
&#xD;
C:\Agt6\_work\_temp\TestResults\c2kbuild_CLTBUILD23 2021-04-12 08_12_36\In\d9d7cbe6-3ad6-4dfe-8b1c-f62951b93826\CLTBUILD23&gt;set CollectionFileName=c:\agt6\_work\6\a\api\environment\regapiautomation\testdata\fisap-datacorrection\prereq-columnd-20-21\..\..\..\..\..\PreReq\PreReq-EnrollStudent.postman_collection.json &#xD;
&#xD;
C:\Agt6\_work\_temp\TestResults\c2kbuild_CLTBUILD23 2021-04-12 08_12_36\In\d9d7cbe6-3ad6-4dfe-8b1c-f62951b93826\CLTBUILD23&gt;set DataFileName=c:\agt6\_work\6\a\api\environment\regapiautomation\testdata\fisap-datacorrection\prereq-columnd-20-21\PreReq-FISAP-DataCorrection@ColumnD-20_21-EnrollStudent.data.csv &#xD;
&#xD;
C:\Agt6\_work\_temp\TestResults\c2kbuild_CLTBUILD23 2021-04-12 08_12_36\In\d9d7cbe6-3ad6-4dfe-8b1c-f62951b93826\CLTBUILD23&gt;set EnvironmentFilePath=c:\agt6\_work\6\a\api\environment\regapiautomation\testdata\fisap-datacorrection\prereq-columnd-20-21\..\..\..\RegApiAutoEnvironment.postman_environment.json &#xD;
&#xD;
C:\Agt6\_work\_temp\TestResults\c2kbuild_CLTBUILD23 2021-04-12 08_12_36\In\d9d7cbe6-3ad6-4dfe-8b1c-f62951b93826\CLTBUILD23&gt;set HtmlResultsFile=PreReq-EnrollStudent_Html.html &#xD;
&#xD;
C:\Agt6\_work\_temp\TestResults\c2kbuild_CLTBUILD23 2021-04-12 08_12_36\In\d9d7cbe6-3ad6-4dfe-8b1c-f62951b93826\CLTBUILD23&gt;set JunitResultsFile=PreReq-EnrollStudent_Junit.xml &#xD;
&#xD;
C:\Agt6\_work\_temp\TestResults\c2kbuild_CLTBUILD23 2021-04-12 08_12_36\In\d9d7cbe6-3ad6-4dfe-8b1c-f62951b93826\CLTBUILD23&gt;newman run "c:\agt6\_work\6\a\api\environment\regapiautomation\testdata\fisap-datacorrection\prereq-columnd-20-21\..\..\..\..\..\PreReq\PreReq-EnrollStudent.postman_collection.json" -k -d "c:\agt6\_work\6\a\api\environment\regapiautomation\testdata\fisap-datacorrection\prereq-columnd-20-21\PreReq-FISAP-DataCorrection@ColumnD-20_21-EnrollStudent.data.csv" -e "c:\agt6\_work\6\a\api\environment\regapiautomation\testdata\fisap-datacorrection\prereq-columnd-20-21\..\..\..\RegApiAutoEnvironment.postman_environment.json" -r junit,html --reporter-html-export "PreReq-EnrollStudent_Html.html" --reporter-junit-export "PreReq-EnrollStudent_Junit.xml"</StdOut>
          </Output>
          <ResultFiles>
            <ResultFile path="CLTBUILD23\PreReq-EnrollStudent_Html.html" />
            <ResultFile path="CLTBUILD23\PreReq-EnrollStudent_Junit.xml" />
          </ResultFiles>
        </UnitTestResult>
        <UnitTestResult executionId="f538caba-551c-49e1-ac77-4d8b9f680228" parentExecutionId="90c8c495-1b26-418f-b54f-aee0acdf5a94" testId="986adfd9-3780-4fc0-88df-8ba933c00bf9" testName="4- prereq-fisap-datacorrection@columnd-20_21-registerclassandpostattendance-generictest (OT-06K-FISAP-ColumnD-20_21)" computerName="CLTBUILD23" duration="00:00:08.1492884" startTime="2021-04-12T08:52:40.6101283-04:00" endTime="2021-04-12T08:52:48.7606038-04:00" testType="13cdc9d9-ddb5-4fa4-a97d-d965ccfc6d4b" outcome="Passed" testListId="8c84fa94-04c1-424b-9868-57a2d4851a1d" relativeResultsDirectory="f538caba-551c-49e1-ac77-4d8b9f680228">
          <Output>
            <StdOut>C:\Agt6\_work\_temp\TestResults\c2kbuild_CLTBUILD23 2021-04-12 08_12_36\In\f538caba-551c-49e1-ac77-4d8b9f680228\CLTBUILD23&gt;if not defined TestLocation (set TestLocation=. ) &#xD;
&#xD;
C:\Agt6\_work\_temp\TestResults\c2kbuild_CLTBUILD23 2021-04-12 08_12_36\In\f538caba-551c-49e1-ac77-4d8b9f680228\CLTBUILD23&gt;set CollectionFileName=c:\agt6\_work\6\a\api\environment\regapiautomation\testdata\fisap-datacorrection\prereq-columnd-20-21\..\..\..\..\..\PreReq\PreReq-RegisterClassAndPostAttendanceForStudent.postman_collection.json &#xD;
&#xD;
C:\Agt6\_work\_temp\TestResults\c2kbuild_CLTBUILD23 2021-04-12 08_12_36\In\f538caba-551c-49e1-ac77-4d8b9f680228\CLTBUILD23&gt;set DataFileName=c:\agt6\_work\6\a\api\environment\regapiautomation\testdata\fisap-datacorrection\prereq-columnd-20-21\PreReq-FISAP-DataCorrection@ColumnD-20_21-RegisterClassAndPostAttendance.csv &#xD;
&#xD;
C:\Agt6\_work\_temp\TestResults\c2kbuild_CLTBUILD23 2021-04-12 08_12_36\In\f538caba-551c-49e1-ac77-4d8b9f680228\CLTBUILD23&gt;set EnvironmentFilePath=c:\agt6\_work\6\a\api\environment\regapiautomation\testdata\fisap-datacorrection\prereq-columnd-20-21\..\..\..\RegApiAutoEnvironment.postman_environment.json &#xD;
&#xD;
C:\Agt6\_work\_temp\TestResults\c2kbuild_CLTBUILD23 2021-04-12 08_12_36\In\f538caba-551c-49e1-ac77-4d8b9f680228\CLTBUILD23&gt;set HtmlResultsFile=PreReq-RegisterClassAndPostAttendance_Html.html &#xD;
&#xD;
C:\Agt6\_work\_temp\TestResults\c2kbuild_CLTBUILD23 2021-04-12 08_12_36\In\f538caba-551c-49e1-ac77-4d8b9f680228\CLTBUILD23&gt;set JunitResultsFile=PreReq-RegisterClassAndPostAttendance_Junit.xml &#xD;
&#xD;
C:\Agt6\_work\_temp\TestResults\c2kbuild_CLTBUILD23 2021-04-12 08_12_36\In\f538caba-551c-49e1-ac77-4d8b9f680228\CLTBUILD23&gt;newman run "c:\agt6\_work\6\a\api\environment\regapiautomation\testdata\fisap-datacorrection\prereq-columnd-20-21\..\..\..\..\..\PreReq\PreReq-RegisterClassAndPostAttendanceForStudent.postman_collection.json" -k -d "c:\agt6\_work\6\a\api\environment\regapiautomation\testdata\fisap-datacorrection\prereq-columnd-20-21\PreReq-FISAP-DataCorrection@ColumnD-20_21-RegisterClassAndPostAttendance.csv" -e "c:\agt6\_work\6\a\api\environment\regapiautomation\testdata\fisap-datacorrection\prereq-columnd-20-21\..\..\..\RegApiAutoEnvironment.postman_environment.json" -r junit,html --reporter-html-export "PreReq-RegisterClassAndPostAttendance_Html.html" --reporter-junit-export "PreReq-RegisterClassAndPostAttendance_Junit.xml"</StdOut>
          </Output>
          <ResultFiles>
            <ResultFile path="CLTBUILD23\PreReq-RegisterClassAndPostAttendance_Html.html" />
            <ResultFile path="CLTBUILD23\PreReq-RegisterClassAndPostAttendance_Junit.xml" />
          </ResultFiles>
        </UnitTestResult>
        <UnitTestResult executionId="a0f95f16-7e2d-4710-b426-6d4aaafb6af2" parentExecutionId="90c8c495-1b26-418f-b54f-aee0acdf5a94" testId="5803fa3e-cd69-44e1-8b0d-3548f29883b9" testName="5- prereq-fisap-datacorrection@columnd-20_21-changestudentstatus-generictest (OT-06K-FISAP-ColumnD-20_21)" computerName="CLTBUILD23" duration="00:00:06.5103764" startTime="2021-04-12T08:52:48.7606038-04:00" endTime="2021-04-12T08:52:55.2791871-04:00" testType="13cdc9d9-ddb5-4fa4-a97d-d965ccfc6d4b" outcome="Passed" testListId="8c84fa94-04c1-424b-9868-57a2d4851a1d" relativeResultsDirectory="a0f95f16-7e2d-4710-b426-6d4aaafb6af2">
          <Output>
            <StdOut>C:\Agt6\_work\_temp\TestResults\c2kbuild_CLTBUILD23 2021-04-12 08_12_36\In\a0f95f16-7e2d-4710-b426-6d4aaafb6af2\CLTBUILD23&gt;if not defined TestLocation (set TestLocation=. ) &#xD;
&#xD;
C:\Agt6\_work\_temp\TestResults\c2kbuild_CLTBUILD23 2021-04-12 08_12_36\In\a0f95f16-7e2d-4710-b426-6d4aaafb6af2\CLTBUILD23&gt;set CollectionFileName=c:\agt6\_work\6\a\api\environment\regapiautomation\testdata\fisap-datacorrection\prereq-columnd-20-21\..\..\..\..\..\PreReq\PreReq-GraduateStudentStatus.postman_collection.json &#xD;
&#xD;
C:\Agt6\_work\_temp\TestResults\c2kbuild_CLTBUILD23 2021-04-12 08_12_36\In\a0f95f16-7e2d-4710-b426-6d4aaafb6af2\CLTBUILD23&gt;set DataFileName=c:\agt6\_work\6\a\api\environment\regapiautomation\testdata\fisap-datacorrection\prereq-columnd-20-21\PreReq-FISAP-DataCorrection@ColumnD-20_21-ChangeStudentStatus.data.json &#xD;
&#xD;
C:\Agt6\_work\_temp\TestResults\c2kbuild_CLTBUILD23 2021-04-12 08_12_36\In\a0f95f16-7e2d-4710-b426-6d4aaafb6af2\CLTBUILD23&gt;set EnvironmentFilePath=c:\agt6\_work\6\a\api\environment\regapiautomation\testdata\fisap-datacorrection\prereq-columnd-20-21\..\..\..\RegApiAutoEnvironment.postman_environment.json &#xD;
&#xD;
C:\Agt6\_work\_temp\TestResults\c2kbuild_CLTBUILD23 2021-04-12 08_12_36\In\a0f95f16-7e2d-4710-b426-6d4aaafb6af2\CLTBUILD23&gt;set HtmlResultsFile=PreReq-ChangeStudentStatus_Html.html &#xD;
&#xD;
C:\Agt6\_work\_temp\TestResults\c2kbuild_CLTBUILD23 2021-04-12 08_12_36\In\a0f95f16-7e2d-4710-b426-6d4aaafb6af2\CLTBUILD23&gt;set JunitResultsFile=PreReq-ChangeStudentStatus_Junit.xml &#xD;
&#xD;
C:\Agt6\_work\_temp\TestResults\c2kbuild_CLTBUILD23 2021-04-12 08_12_36\In\a0f95f16-7e2d-4710-b426-6d4aaafb6af2\CLTBUILD23&gt;newman run "c:\agt6\_work\6\a\api\environment\regapiautomation\testdata\fisap-datacorrection\prereq-columnd-20-21\..\..\..\..\..\PreReq\PreReq-GraduateStudentStatus.postman_collection.json" -k -d "c:\agt6\_work\6\a\api\environment\regapiautomation\testdata\fisap-datacorrection\prereq-columnd-20-21\PreReq-FISAP-DataCorrection@ColumnD-20_21-ChangeStudentStatus.data.json" -e "c:\agt6\_work\6\a\api\environment\regapiautomation\testdata\fisap-datacorrection\prereq-columnd-20-21\..\..\..\RegApiAutoEnvironment.postman_environment.json" -r junit,html --reporter-html-export "PreReq-ChangeStudentStatus_Html.html" --reporter-junit-export "PreReq-ChangeStudentStatus_Junit.xml"</StdOut>
          </Output>
          <ResultFiles>
            <ResultFile path="CLTBUILD23\PreReq-ChangeStudentStatus_Html.html" />
            <ResultFile path="CLTBUILD23\PreReq-ChangeStudentStatus_Junit.xml" />
          </ResultFiles>
        </UnitTestResult>
        <UnitTestResult executionId="a6552707-391e-4592-8ad5-9e57cb69c6c3" parentExecutionId="90c8c495-1b26-418f-b54f-aee0acdf5a94" testId="78aef38f-3740-4049-9e2c-b86557389ec4" testName="6- fisap-datacorrection@columnd-20_21-generictest (OT-06K-FISAP-ColumnD-20_21)" computerName="CLTBUILD23" duration="00:00:06.9195732" startTime="2021-04-12T08:52:55.2801872-04:00" endTime="2021-04-12T08:53:02.2017454-04:00" testType="13cdc9d9-ddb5-4fa4-a97d-d965ccfc6d4b" outcome="Passed" testListId="8c84fa94-04c1-424b-9868-57a2d4851a1d" relativeResultsDirectory="a6552707-391e-4592-8ad5-9e57cb69c6c3">
          <Output>
            <StdOut>C:\Agt6\_work\_temp\TestResults\c2kbuild_CLTBUILD23 2021-04-12 08_12_36\In\a6552707-391e-4592-8ad5-9e57cb69c6c3\CLTBUILD23&gt;if not defined TestLocation (set TestLocation=. ) &#xD;
&#xD;
C:\Agt6\_work\_temp\TestResults\c2kbuild_CLTBUILD23 2021-04-12 08_12_36\In\a6552707-391e-4592-8ad5-9e57cb69c6c3\CLTBUILD23&gt;set CollectionFileName=c:\agt6\_work\6\a\api\environment\regapiautomation\testdata\fisap-datacorrection\..\..\..\..\Tests\FISAP-DataCorrection\FISAP-DataCorrection@ColumnD.postman_collection.json &#xD;
&#xD;
C:\Agt6\_work\_temp\TestResults\c2kbuild_CLTBUILD23 2021-04-12 08_12_36\In\a6552707-391e-4592-8ad5-9e57cb69c6c3\CLTBUILD23&gt;set DataFileName=c:\agt6\_work\6\a\api\environment\regapiautomation\testdata\fisap-datacorrection\FISAP-DataCorrection@ColumnD-20_21.data.json &#xD;
&#xD;
C:\Agt6\_work\_temp\TestResults\c2kbuild_CLTBUILD23 2021-04-12 08_12_36\In\a6552707-391e-4592-8ad5-9e57cb69c6c3\CLTBUILD23&gt;set EnvironmentFilePath=c:\agt6\_work\6\a\api\environment\regapiautomation\testdata\fisap-datacorrection\..\..\RegApiAutoEnvironment.postman_environment.json &#xD;
&#xD;
C:\Agt6\_work\_temp\TestResults\c2kbuild_CLTBUILD23 2021-04-12 08_12_36\In\a6552707-391e-4592-8ad5-9e57cb69c6c3\CLTBUILD23&gt;set HtmlResultsFile=FISAP-DataCorrection@ColumnD-20_21-Html.html &#xD;
&#xD;
C:\Agt6\_work\_temp\TestResults\c2kbuild_CLTBUILD23 2021-04-12 08_12_36\In\a6552707-391e-4592-8ad5-9e57cb69c6c3\CLTBUILD23&gt;set JunitResultsFile=FISAP-DataCorrection@ColumnD-20_21-Junit.xml &#xD;
&#xD;
C:\Agt6\_work\_temp\TestResults\c2kbuild_CLTBUILD23 2021-04-12 08_12_36\In\a6552707-391e-4592-8ad5-9e57cb69c6c3\CLTBUILD23&gt;newman run "c:\agt6\_work\6\a\api\environment\regapiautomation\testdata\fisap-datacorrection\..\..\..\..\Tests\FISAP-DataCorrection\FISAP-DataCorrection@ColumnD.postman_collection.json" -k -d "c:\agt6\_work\6\a\api\environment\regapiautomation\testdata\fisap-datacorrection\FISAP-DataCorrection@ColumnD-20_21.data.json" -e "c:\agt6\_work\6\a\api\environment\regapiautomation\testdata\fisap-datacorrection\..\..\RegApiAutoEnvironment.postman_environment.json" -r junit,html --reporter-html-export "FISAP-DataCorrection@ColumnD-20_21-Html.html" --reporter-junit-export "FISAP-DataCorrection@ColumnD-20_21-Junit.xml"</StdOut>
          </Output>
          <ResultFiles>
            <ResultFile path="CLTBUILD23\FISAP-DataCorrection@ColumnD-20_21-Html.html" />
            <ResultFile path="CLTBUILD23\FISAP-DataCorrection@ColumnD-20_21-Junit.xml" />
          </ResultFiles>
        </UnitTestResult>
      </InnerResults>
    </TestResultAggregation>
    <TestResultAggregation executionId="7142d983-154f-4b27-ab8f-69a0e938c9fb" testId="70e16915-1c9c-4833-b5e5-545f87e34593" testName="OT-10I-CollegeFinancePlan-Config-LogoShortname" computerName="CLTBUILD23" duration="00:00:07.5911455" startTime="2021-04-12T09:21:59.1770985-04:00" endTime="2021-04-12T09:22:06.7685597-04:00" testType="ec4800e8-40e5-4ab3-8510-b8bf29b1904d" outcome="Passed" testListId="8c84fa94-04c1-424b-9868-57a2d4851a1d" relativeResultsDirectory="7142d983-154f-4b27-ab8f-69a0e938c9fb">
      <InnerResults>
        <UnitTestResult executionId="48f82483-83d3-4318-960f-a4f7ae21b46b" parentExecutionId="7142d983-154f-4b27-ab8f-69a0e938c9fb" testId="269c3626-b1c3-4de9-b5ef-da50fbdef608" testName="1- collegefinanceplan-config@logoshortname-generictest (OT-10I-CollegeFinancePlan-Config-LogoShortname)" computerName="CLTBUILD23" duration="00:00:07.5890666" startTime="2021-04-12T09:21:59.1780977-04:00" endTime="2021-04-12T09:22:06.7675539-04:00" testType="13cdc9d9-ddb5-4fa4-a97d-d965ccfc6d4b" outcome="Passed" testListId="8c84fa94-04c1-424b-9868-57a2d4851a1d" relativeResultsDirectory="48f82483-83d3-4318-960f-a4f7ae21b46b">
          <Output>
            <StdOut>C:\Agt6\_work\_temp\TestResults\c2kbuild_CLTBUILD23 2021-04-12 08_12_36\In\48f82483-83d3-4318-960f-a4f7ae21b46b\CLTBUILD23&gt;if not defined TestLocation (set TestLocation=. ) &#xD;
&#xD;
C:\Agt6\_work\_temp\TestResults\c2kbuild_CLTBUILD23 2021-04-12 08_12_36\In\48f82483-83d3-4318-960f-a4f7ae21b46b\CLTBUILD23&gt;set CollectionFileName=c:\agt6\_work\6\a\api\environment\regapiautomation\testdata\shoppingsheets\..\..\..\..\Tests\ShoppingSheets\CollegeFinancePlan-Config@LogoShortname.postman_collection.json &#xD;
&#xD;
C:\Agt6\_work\_temp\TestResults\c2kbuild_CLTBUILD23 2021-04-12 08_12_36\In\48f82483-83d3-4318-960f-a4f7ae21b46b\CLTBUILD23&gt;set DataFileName=c:\agt6\_work\6\a\api\environment\regapiautomation\testdata\shoppingsheets\CollegeFinancePlan-Config@LogoShortname.data.json &#xD;
&#xD;
C:\Agt6\_work\_temp\TestResults\c2kbuild_CLTBUILD23 2021-04-12 08_12_36\In\48f82483-83d3-4318-960f-a4f7ae21b46b\CLTBUILD23&gt;set EnvironmentFilePath=c:\agt6\_work\6\a\api\environment\regapiautomation\testdata\shoppingsheets\..\..\RegApiAutoEnvironment.postman_environment.json &#xD;
&#xD;
C:\Agt6\_work\_temp\TestResults\c2kbuild_CLTBUILD23 2021-04-12 08_12_36\In\48f82483-83d3-4318-960f-a4f7ae21b46b\CLTBUILD23&gt;set HtmlResultsFile=ShoppingSheets_CollegeFinancePlan-Config@LogoShortname-Html.html &#xD;
&#xD;
C:\Agt6\_work\_temp\TestResults\c2kbuild_CLTBUILD23 2021-04-12 08_12_36\In\48f82483-83d3-4318-960f-a4f7ae21b46b\CLTBUILD23&gt;set JunitResultsFile=ShoppingSheets_CollegeFinancePlan-Config@LogoShortname-Junit.xml &#xD;
&#xD;
C:\Agt6\_work\_temp\TestResults\c2kbuild_CLTBUILD23 2021-04-12 08_12_36\In\48f82483-83d3-4318-960f-a4f7ae21b46b\CLTBUILD23&gt;newman run "c:\agt6\_work\6\a\api\environment\regapiautomation\testdata\shoppingsheets\..\..\..\..\Tests\ShoppingSheets\CollegeFinancePlan-Config@LogoShortname.postman_collection.json" -k -d "c:\agt6\_work\6\a\api\environment\regapiautomation\testdata\shoppingsheets\CollegeFinancePlan-Config@LogoShortname.data.json" -e "c:\agt6\_work\6\a\api\environment\regapiautomation\testdata\shoppingsheets\..\..\RegApiAutoEnvironment.postman_environment.json" -r junit,html --reporter-html-export "ShoppingSheets_CollegeFinancePlan-Config@LogoShortname-Html.html" --reporter-junit-export "ShoppingSheets_CollegeFinancePlan-Config@LogoShortname-Junit.xml"</StdOut>
          </Output>
          <ResultFiles>
            <ResultFile path="CLTBUILD23\ShoppingSheets_CollegeFinancePlan-Config@LogoShortname-Html.html" />
            <ResultFile path="CLTBUILD23\ShoppingSheets_CollegeFinancePlan-Config@LogoShortname-Junit.xml" />
          </ResultFiles>
        </UnitTestResult>
      </InnerResults>
    </TestResultAggregation>
    <TestResultAggregation executionId="a78bdfe6-9cfa-4df0-baca-8b4c8af86245" testId="8df18c8b-01c6-4f66-a075-2c18e4f09341" testName="OT-06J-FISAP-ColumnD-19_20" computerName="CLTBUILD23" duration="00:00:44.3497471" startTime="2021-04-12T08:51:27.5555167-04:00" endTime="2021-04-12T08:52:11.9029596-04:00" testType="ec4800e8-40e5-4ab3-8510-b8bf29b1904d" outcome="Passed" testListId="8c84fa94-04c1-424b-9868-57a2d4851a1d" relativeResultsDirectory="a78bdfe6-9cfa-4df0-baca-8b4c8af86245">
      <InnerResults>
        <UnitTestResult executionId="aa7b4805-c013-4ff6-86e3-535b3f7cd201" parentExecutionId="a78bdfe6-9cfa-4df0-baca-8b4c8af86245" testId="ab8505e9-78b7-4371-80ae-2f5981bebd66" testName="1- prereq-fisap-datacorrection@columnd-19_20-createstudent-generictest (OT-06J-FISAP-ColumnD-19_20)" computerName="CLTBUILD23" duration="00:00:08.5807510" startTime="2021-04-12T08:51:27.5585157-04:00" endTime="2021-04-12T08:51:36.1450206-04:00" testType="13cdc9d9-ddb5-4fa4-a97d-d965ccfc6d4b" outcome="Passed" testListId="8c84fa94-04c1-424b-9868-57a2d4851a1d" relativeResultsDirectory="aa7b4805-c013-4ff6-86e3-535b3f7cd201">
          <Output>
            <StdOut>C:\Agt6\_work\_temp\TestResults\c2kbuild_CLTBUILD23 2021-04-12 08_12_36\In\aa7b4805-c013-4ff6-86e3-535b3f7cd201\CLTBUILD23&gt;if not defined TestLocation (set TestLocation=. ) &#xD;
&#xD;
C:\Agt6\_work\_temp\TestResults\c2kbuild_CLTBUILD23 2021-04-12 08_12_36\In\aa7b4805-c013-4ff6-86e3-535b3f7cd201\CLTBUILD23&gt;set CollectionFileName=c:\agt6\_work\6\a\api\environment\regapiautomation\testdata\fisap-datacorrection\prereq-columnd-19-20\..\..\..\..\..\PreReq\PreReq-CreateStudent.postman_collection.json &#xD;
&#xD;
C:\Agt6\_work\_temp\TestResults\c2kbuild_CLTBUILD23 2021-04-12 08_12_36\In\aa7b4805-c013-4ff6-86e3-535b3f7cd201\CLTBUILD23&gt;set DataFileName=c:\agt6\_work\6\a\api\environment\regapiautomation\testdata\fisap-datacorrection\prereq-columnd-19-20\PreReq-FISAP-DataCorrection@ColumnD-19_20-CreateStudent.data.csv &#xD;
&#xD;
C:\Agt6\_work\_temp\TestResults\c2kbuild_CLTBUILD23 2021-04-12 08_12_36\In\aa7b4805-c013-4ff6-86e3-535b3f7cd201\CLTBUILD23&gt;set EnvironmentFilePath=c:\agt6\_work\6\a\api\environment\regapiautomation\testdata\fisap-datacorrection\prereq-columnd-19-20\..\..\..\RegApiAutoEnvironment.postman_environment.json &#xD;
&#xD;
C:\Agt6\_work\_temp\TestResults\c2kbuild_CLTBUILD23 2021-04-12 08_12_36\In\aa7b4805-c013-4ff6-86e3-535b3f7cd201\CLTBUILD23&gt;set HtmlResultsFile=CreateStudent_Html.html &#xD;
&#xD;
C:\Agt6\_work\_temp\TestResults\c2kbuild_CLTBUILD23 2021-04-12 08_12_36\In\aa7b4805-c013-4ff6-86e3-535b3f7cd201\CLTBUILD23&gt;set JunitResultsFile=CreateStudent_Junit.xml &#xD;
&#xD;
C:\Agt6\_work\_temp\TestResults\c2kbuild_CLTBUILD23 2021-04-12 08_12_36\In\aa7b4805-c013-4ff6-86e3-535b3f7cd201\CLTBUILD23&gt;newman run "c:\agt6\_work\6\a\api\environment\regapiautomation\testdata\fisap-datacorrection\prereq-columnd-19-20\..\..\..\..\..\PreReq\PreReq-CreateStudent.postman_collection.json" -k -d "c:\agt6\_work\6\a\api\environment\regapiautomation\testdata\fisap-datacorrection\prereq-columnd-19-20\PreReq-FISAP-DataCorrection@ColumnD-19_20-CreateStudent.data.csv" -e "c:\agt6\_work\6\a\api\environment\regapiautomation\testdata\fisap-datacorrection\prereq-columnd-19-20\..\..\..\RegApiAutoEnvironment.postman_environment.json" -r junit,html --reporter-html-export "CreateStudent_Html.html" --reporter-junit-export "CreateStudent_Junit.xml"</StdOut>
          </Output>
          <ResultFiles>
            <ResultFile path="CLTBUILD23\CreateStudent_Html.html" />
            <ResultFile path="CLTBUILD23\CreateStudent_Junit.xml" />
          </ResultFiles>
        </UnitTestResult>
        <UnitTestResult executionId="2963f50c-f223-49ca-b277-a8341840ec1a" parentExecutionId="a78bdfe6-9cfa-4df0-baca-8b4c8af86245" testId="97ca9a04-cf1c-4a19-a202-c39ea8a58f64" testName="2- prereq-fisap-datacorrection@columnd-19_20-importisir-generictest (OT-06J-FISAP-ColumnD-19_20)" computerName="CLTBUILD23" duration="00:00:08.2368122" startTime="2021-04-12T08:51:36.1460180-04:00" endTime="2021-04-12T08:51:44.3845429-04:00" testType="13cdc9d9-ddb5-4fa4-a97d-d965ccfc6d4b" outcome="Passed" testListId="8c84fa94-04c1-424b-9868-57a2d4851a1d" relativeResultsDirectory="2963f50c-f223-49ca-b277-a8341840ec1a">
          <Output>
            <StdOut>C:\Agt6\_work\_temp\TestResults\c2kbuild_CLTBUILD23 2021-04-12 08_12_36\In\2963f50c-f223-49ca-b277-a8341840ec1a\CLTBUILD23&gt;if not defined TestLocation (set TestLocation=. ) &#xD;
&#xD;
C:\Agt6\_work\_temp\TestResults\c2kbuild_CLTBUILD23 2021-04-12 08_12_36\In\2963f50c-f223-49ca-b277-a8341840ec1a\CLTBUILD23&gt;set CollectionFileName=c:\agt6\_work\6\a\api\environment\regapiautomation\testdata\fisap-datacorrection\prereq-columnd-19-20\..\..\..\..\..\PreReq\PreReq-ImportIsir.postman_collection.json &#xD;
&#xD;
C:\Agt6\_work\_temp\TestResults\c2kbuild_CLTBUILD23 2021-04-12 08_12_36\In\2963f50c-f223-49ca-b277-a8341840ec1a\CLTBUILD23&gt;set DataFileName=c:\agt6\_work\6\a\api\environment\regapiautomation\testdata\fisap-datacorrection\prereq-columnd-19-20\PreReq-FISAP-DataCorrection@ColumnD-19_20-ImportIsir.data.json &#xD;
&#xD;
C:\Agt6\_work\_temp\TestResults\c2kbuild_CLTBUILD23 2021-04-12 08_12_36\In\2963f50c-f223-49ca-b277-a8341840ec1a\CLTBUILD23&gt;set EnvironmentFilePath=c:\agt6\_work\6\a\api\environment\regapiautomation\testdata\fisap-datacorrection\prereq-columnd-19-20\..\..\..\RegApiAutoEnvironment.postman_environment.json &#xD;
&#xD;
C:\Agt6\_work\_temp\TestResults\c2kbuild_CLTBUILD23 2021-04-12 08_12_36\In\2963f50c-f223-49ca-b277-a8341840ec1a\CLTBUILD23&gt;set HtmlResultsFile=PreReq-ImportIsir_Html.html &#xD;
&#xD;
C:\Agt6\_work\_temp\TestResults\c2kbuild_CLTBUILD23 2021-04-12 08_12_36\In\2963f50c-f223-49ca-b277-a8341840ec1a\CLTBUILD23&gt;set JunitResultsFile=PreReq-ImportIsir_Junit.xml &#xD;
&#xD;
C:\Agt6\_work\_temp\TestResults\c2kbuild_CLTBUILD23 2021-04-12 08_12_36\In\2963f50c-f223-49ca-b277-a8341840ec1a\CLTBUILD23&gt;newman run "c:\agt6\_work\6\a\api\environment\regapiautomation\testdata\fisap-datacorrection\prereq-columnd-19-20\..\..\..\..\..\PreReq\PreReq-ImportIsir.postman_collection.json" -k -d "c:\agt6\_work\6\a\api\environment\regapiautomation\testdata\fisap-datacorrection\prereq-columnd-19-20\PreReq-FISAP-DataCorrection@ColumnD-19_20-ImportIsir.data.json" -e "c:\agt6\_work\6\a\api\environment\regapiautomation\testdata\fisap-datacorrection\prereq-columnd-19-20\..\..\..\RegApiAutoEnvironment.postman_environment.json" -r junit,html --reporter-html-export "PreReq-ImportIsir_Html.html" --reporter-junit-export "PreReq-ImportIsir_Junit.xml"</StdOut>
          </Output>
          <ResultFiles>
            <ResultFile path="CLTBUILD23\PreReq-ImportIsir_Html.html" />
            <ResultFile path="CLTBUILD23\PreReq-ImportIsir_Junit.xml" />
          </ResultFiles>
        </UnitTestResult>
        <UnitTestResult executionId="d919a83a-87c6-446b-993c-e7d35386f302" parentExecutionId="a78bdfe6-9cfa-4df0-baca-8b4c8af86245" testId="5bfda213-b808-4bde-bfee-ec9e885a23ad" testName="3- prereq-fisap-datacorrection@columnd-19_20-enrollstudent-generictest (OT-06J-FISAP-ColumnD-19_20)" computerName="CLTBUILD23" duration="00:00:12.8857403" startTime="2021-04-12T08:51:44.3885442-04:00" endTime="2021-04-12T08:51:57.2758023-04:00" testType="13cdc9d9-ddb5-4fa4-a97d-d965ccfc6d4b" outcome="Passed" testListId="8c84fa94-04c1-424b-9868-57a2d4851a1d" relativeResultsDirectory="d919a83a-87c6-446b-993c-e7d35386f302">
          <Output>
            <StdOut>C:\Agt6\_work\_temp\TestResults\c2kbuild_CLTBUILD23 2021-04-12 08_12_36\In\d919a83a-87c6-446b-993c-e7d35386f302\CLTBUILD23&gt;if not defined TestLocation (set TestLocation=. ) &#xD;
&#xD;
C:\Agt6\_work\_temp\TestResults\c2kbuild_CLTBUILD23 2021-04-12 08_12_36\In\d919a83a-87c6-446b-993c-e7d35386f302\CLTBUILD23&gt;set CollectionFileName=c:\agt6\_work\6\a\api\environment\regapiautomation\testdata\fisap-datacorrection\prereq-columnd-19-20\..\..\..\..\..\PreReq\PreReq-EnrollStudent.postman_collection.json &#xD;
&#xD;
C:\Agt6\_work\_temp\TestResults\c2kbuild_CLTBUILD23 2021-04-12 08_12_36\In\d919a83a-87c6-446b-993c-e7d35386f302\CLTBUILD23&gt;set DataFileName=c:\agt6\_work\6\a\api\environment\regapiautomation\testdata\fisap-datacorrection\prereq-columnd-19-20\PreReq-FISAP-DataCorrection@ColumnD-19_20-EnrollStudent.data.csv &#xD;
&#xD;
C:\Agt6\_work\_temp\TestResults\c2kbuild_CLTBUILD23 2021-04-12 08_12_36\In\d919a83a-87c6-446b-993c-e7d35386f302\CLTBUILD23&gt;set EnvironmentFilePath=c:\agt6\_work\6\a\api\environment\regapiautomation\testdata\fisap-datacorrection\prereq-columnd-19-20\..\..\..\RegApiAutoEnvironment.postman_environment.json &#xD;
&#xD;
C:\Agt6\_work\_temp\TestResults\c2kbuild_CLTBUILD23 2021-04-12 08_12_36\In\d919a83a-87c6-446b-993c-e7d35386f302\CLTBUILD23&gt;set HtmlResultsFile=EnrollStudent_Html.html &#xD;
&#xD;
C:\Agt6\_work\_temp\TestResults\c2kbuild_CLTBUILD23 2021-04-12 08_12_36\In\d919a83a-87c6-446b-993c-e7d35386f302\CLTBUILD23&gt;set JunitResultsFile=EnrollStudent_Junit.xml &#xD;
&#xD;
C:\Agt6\_work\_temp\TestResults\c2kbuild_CLTBUILD23 2021-04-12 08_12_36\In\d919a83a-87c6-446b-993c-e7d35386f302\CLTBUILD23&gt;newman run "c:\agt6\_work\6\a\api\environment\regapiautomation\testdata\fisap-datacorrection\prereq-columnd-19-20\..\..\..\..\..\PreReq\PreReq-EnrollStudent.postman_collection.json" -k -d "c:\agt6\_work\6\a\api\environment\regapiautomation\testdata\fisap-datacorrection\prereq-columnd-19-20\PreReq-FISAP-DataCorrection@ColumnD-19_20-EnrollStudent.data.csv" -e "c:\agt6\_work\6\a\api\environment\regapiautomation\testdata\fisap-datacorrection\prereq-columnd-19-20\..\..\..\RegApiAutoEnvironment.postman_environment.json" -r junit,html --reporter-html-export "EnrollStudent_Html.html" --reporter-junit-export "EnrollStudent_Junit.xml"</StdOut>
          </Output>
          <ResultFiles>
            <ResultFile path="CLTBUILD23\EnrollStudent_Html.html" />
            <ResultFile path="CLTBUILD23\EnrollStudent_Junit.xml" />
          </ResultFiles>
        </UnitTestResult>
        <UnitTestResult executionId="94de4ab7-c272-43dd-b731-a9ddc116b087" parentExecutionId="a78bdfe6-9cfa-4df0-baca-8b4c8af86245" testId="1ca6f7c6-3474-41d3-a09b-b85a2b4d0022" testName="4- prereq-fisap-datacorrection@columnd-19_20-registerclassandpostattendance-generictest (OT-06J-FISAP-ColumnD-19_20)" computerName="CLTBUILD23" duration="00:00:07.7462133" startTime="2021-04-12T08:51:57.2768069-04:00" endTime="2021-04-12T08:52:05.0263502-04:00" testType="13cdc9d9-ddb5-4fa4-a97d-d965ccfc6d4b" outcome="Passed" testListId="8c84fa94-04c1-424b-9868-57a2d4851a1d" relativeResultsDirectory="94de4ab7-c272-43dd-b731-a9ddc116b087">
          <Output>
            <StdOut>C:\Agt6\_work\_temp\TestResults\c2kbuild_CLTBUILD23 2021-04-12 08_12_36\In\94de4ab7-c272-43dd-b731-a9ddc116b087\CLTBUILD23&gt;if not defined TestLocation (set TestLocation=. ) &#xD;
&#xD;
C:\Agt6\_work\_temp\TestResults\c2kbuild_CLTBUILD23 2021-04-12 08_12_36\In\94de4ab7-c272-43dd-b731-a9ddc116b087\CLTBUILD23&gt;set CollectionFileName=c:\agt6\_work\6\a\api\environment\regapiautomation\testdata\fisap-datacorrection\prereq-columnd-19-20\..\..\..\..\..\PreReq\PreReq-RegisterClassAndPostAttendanceForStudent.postman_collection.json &#xD;
&#xD;
C:\Agt6\_work\_temp\TestResults\c2kbuild_CLTBUILD23 2021-04-12 08_12_36\In\94de4ab7-c272-43dd-b731-a9ddc116b087\CLTBUILD23&gt;set DataFileName=c:\agt6\_work\6\a\api\environment\regapiautomation\testdata\fisap-datacorrection\prereq-columnd-19-20\PreReq-FISAP-DataCorrection@ColumnD-19_20-RegisterClassAndPostAttendance.csv &#xD;
&#xD;
C:\Agt6\_work\_temp\TestResults\c2kbuild_CLTBUILD23 2021-04-12 08_12_36\In\94de4ab7-c272-43dd-b731-a9ddc116b087\CLTBUILD23&gt;set EnvironmentFilePath=c:\agt6\_work\6\a\api\environment\regapiautomation\testdata\fisap-datacorrection\prereq-columnd-19-20\..\..\..\RegApiAutoEnvironment.postman_environment.json &#xD;
&#xD;
C:\Agt6\_work\_temp\TestResults\c2kbuild_CLTBUILD23 2021-04-12 08_12_36\In\94de4ab7-c272-43dd-b731-a9ddc116b087\CLTBUILD23&gt;set HtmlResultsFile=PreReq-RegisterClassAndPostAttendance_Html.html &#xD;
&#xD;
C:\Agt6\_work\_temp\TestResults\c2kbuild_CLTBUILD23 2021-04-12 08_12_36\In\94de4ab7-c272-43dd-b731-a9ddc116b087\CLTBUILD23&gt;set JunitResultsFile=PreReq-RegisterClassAndPostAttendance_Junit.xml &#xD;
&#xD;
C:\Agt6\_work\_temp\TestResults\c2kbuild_CLTBUILD23 2021-04-12 08_12_36\In\94de4ab7-c272-43dd-b731-a9ddc116b087\CLTBUILD23&gt;newman run "c:\agt6\_work\6\a\api\environment\regapiautomation\testdata\fisap-datacorrection\prereq-columnd-19-20\..\..\..\..\..\PreReq\PreReq-RegisterClassAndPostAttendanceForStudent.postman_collection.json" -k -d "c:\agt6\_work\6\a\api\environment\regapiautomation\testdata\fisap-datacorrection\prereq-columnd-19-20\PreReq-FISAP-DataCorrection@ColumnD-19_20-RegisterClassAndPostAttendance.csv" -e "c:\agt6\_work\6\a\api\environment\regapiautomation\testdata\fisap-datacorrection\prereq-columnd-19-20\..\..\..\RegApiAutoEnvironment.postman_environment.json" -r junit,html --reporter-html-export "PreReq-RegisterClassAndPostAttendance_Html.html" --reporter-junit-export "PreReq-RegisterClassAndPostAttendance_Junit.xml"</StdOut>
          </Output>
          <ResultFiles>
            <ResultFile path="CLTBUILD23\PreReq-RegisterClassAndPostAttendance_Html.html" />
            <ResultFile path="CLTBUILD23\PreReq-RegisterClassAndPostAttendance_Junit.xml" />
          </ResultFiles>
        </UnitTestResult>
        <UnitTestResult executionId="bc8367b7-fac8-45f0-bdf8-e535ce1af2c9" parentExecutionId="a78bdfe6-9cfa-4df0-baca-8b4c8af86245" testId="47b9b85d-5a7b-43a1-bdaf-5e414b603a08" testName="5- fisap-datacorrection@columnd-19_20-generictest (OT-06J-FISAP-ColumnD-19_20)" computerName="CLTBUILD23" duration="00:00:06.8370332" startTime="2021-04-12T08:52:05.0333514-04:00" endTime="2021-04-12T08:52:11.9009567-04:00" testType="13cdc9d9-ddb5-4fa4-a97d-d965ccfc6d4b" outcome="Passed" testListId="8c84fa94-04c1-424b-9868-57a2d4851a1d" relativeResultsDirectory="bc8367b7-fac8-45f0-bdf8-e535ce1af2c9">
          <Output>
            <StdOut>C:\Agt6\_work\_temp\TestResults\c2kbuild_CLTBUILD23 2021-04-12 08_12_36\In\bc8367b7-fac8-45f0-bdf8-e535ce1af2c9\CLTBUILD23&gt;if not defined TestLocation (set TestLocation=. ) &#xD;
&#xD;
C:\Agt6\_work\_temp\TestResults\c2kbuild_CLTBUILD23 2021-04-12 08_12_36\In\bc8367b7-fac8-45f0-bdf8-e535ce1af2c9\CLTBUILD23&gt;set CollectionFileName=c:\agt6\_work\6\a\api\environment\regapiautomation\testdata\fisap-datacorrection\..\..\..\..\Tests\FISAP-DataCorrection\FISAP-DataCorrection@ColumnD.postman_collection.json &#xD;
&#xD;
C:\Agt6\_work\_temp\TestResults\c2kbuild_CLTBUILD23 2021-04-12 08_12_36\In\bc8367b7-fac8-45f0-bdf8-e535ce1af2c9\CLTBUILD23&gt;set DataFileName=c:\agt6\_work\6\a\api\environment\regapiautomation\testdata\fisap-datacorrection\FISAP-DataCorrection@ColumnD-19_20.data.json &#xD;
&#xD;
C:\Agt6\_work\_temp\TestResults\c2kbuild_CLTBUILD23 2021-04-12 08_12_36\In\bc8367b7-fac8-45f0-bdf8-e535ce1af2c9\CLTBUILD23&gt;set EnvironmentFilePath=c:\agt6\_work\6\a\api\environment\regapiautomation\testdata\fisap-datacorrection\..\..\RegApiAutoEnvironment.postman_environment.json &#xD;
&#xD;
C:\Agt6\_work\_temp\TestResults\c2kbuild_CLTBUILD23 2021-04-12 08_12_36\In\bc8367b7-fac8-45f0-bdf8-e535ce1af2c9\CLTBUILD23&gt;set HtmlResultsFile=FISAP-DataCorrection@ColumnD-19_20-Html.html &#xD;
&#xD;
C:\Agt6\_work\_temp\TestResults\c2kbuild_CLTBUILD23 2021-04-12 08_12_36\In\bc8367b7-fac8-45f0-bdf8-e535ce1af2c9\CLTBUILD23&gt;set JunitResultsFile=FISAP-DataCorrection@ColumnD-19_20-Junit.xml &#xD;
&#xD;
C:\Agt6\_work\_temp\TestResults\c2kbuild_CLTBUILD23 2021-04-12 08_12_36\In\bc8367b7-fac8-45f0-bdf8-e535ce1af2c9\CLTBUILD23&gt;newman run "c:\agt6\_work\6\a\api\environment\regapiautomation\testdata\fisap-datacorrection\..\..\..\..\Tests\FISAP-DataCorrection\FISAP-DataCorrection@ColumnD.postman_collection.json" -k -d "c:\agt6\_work\6\a\api\environment\regapiautomation\testdata\fisap-datacorrection\FISAP-DataCorrection@ColumnD-19_20.data.json" -e "c:\agt6\_work\6\a\api\environment\regapiautomation\testdata\fisap-datacorrection\..\..\RegApiAutoEnvironment.postman_environment.json" -r junit,html --reporter-html-export "FISAP-DataCorrection@ColumnD-19_20-Html.html" --reporter-junit-export "FISAP-DataCorrection@ColumnD-19_20-Junit.xml"</StdOut>
          </Output>
          <ResultFiles>
            <ResultFile path="CLTBUILD23\FISAP-DataCorrection@ColumnD-19_20-Html.html" />
            <ResultFile path="CLTBUILD23\FISAP-DataCorrection@ColumnD-19_20-Junit.xml" />
          </ResultFiles>
        </UnitTestResult>
      </InnerResults>
    </TestResultAggregation>
    <TestResultAggregation executionId="8cb3ee28-0fd1-4125-99d5-c64fa6993888" testId="70429494-1957-4ce7-bbe9-68cfe3b875c4" testName="OT-10C-CollegeFinancePlan-Config-ProspectiveStudentsCosts-21_22" computerName="CLTBUILD23" duration="00:00:11.8837626" startTime="2021-04-12T09:20:52.9308228-04:00" endTime="2021-04-12T09:21:04.8139853-04:00" testType="ec4800e8-40e5-4ab3-8510-b8bf29b1904d" outcome="Passed" testListId="8c84fa94-04c1-424b-9868-57a2d4851a1d" relativeResultsDirectory="8cb3ee28-0fd1-4125-99d5-c64fa6993888">
      <InnerResults>
        <UnitTestResult executionId="344baebc-9289-4e29-a7b8-39026ed37bf3" parentExecutionId="8cb3ee28-0fd1-4125-99d5-c64fa6993888" testId="d112b291-9f50-41b9-b36f-edce97cc3bfc" testName="1- collegefinanceplan-config@prospectivestudentscosts-21_22-generictest (OT-10C-CollegeFinancePlan-Config-ProspectiveStudentsCosts-21_22)" computerName="CLTBUILD23" duration="00:00:11.8822778" startTime="2021-04-12T09:20:52.9318229-04:00" endTime="2021-04-12T09:21:04.8129825-04:00" testType="13cdc9d9-ddb5-4fa4-a97d-d965ccfc6d4b" outcome="Passed" testListId="8c84fa94-04c1-424b-9868-57a2d4851a1d" relativeResultsDirectory="344baebc-9289-4e29-a7b8-39026ed37bf3">
          <Output>
            <StdOut>C:\Agt6\_work\_temp\TestResults\c2kbuild_CLTBUILD23 2021-04-12 08_12_36\In\344baebc-9289-4e29-a7b8-39026ed37bf3\CLTBUILD23&gt;if not defined TestLocation (set TestLocation=. ) &#xD;
&#xD;
C:\Agt6\_work\_temp\TestResults\c2kbuild_CLTBUILD23 2021-04-12 08_12_36\In\344baebc-9289-4e29-a7b8-39026ed37bf3\CLTBUILD23&gt;set CollectionFileName=c:\agt6\_work\6\a\api\environment\regapiautomation\testdata\shoppingsheets\..\..\..\..\Tests\ShoppingSheets\CollegeFinancePlan-Config@ProspectiveStudentsCosts.postman_collection.json &#xD;
&#xD;
C:\Agt6\_work\_temp\TestResults\c2kbuild_CLTBUILD23 2021-04-12 08_12_36\In\344baebc-9289-4e29-a7b8-39026ed37bf3\CLTBUILD23&gt;set DataFileName=c:\agt6\_work\6\a\api\environment\regapiautomation\testdata\shoppingsheets\CollegeFinancePlan-Config@ProspectiveStudentsCosts-21_22.data.csv &#xD;
&#xD;
C:\Agt6\_work\_temp\TestResults\c2kbuild_CLTBUILD23 2021-04-12 08_12_36\In\344baebc-9289-4e29-a7b8-39026ed37bf3\CLTBUILD23&gt;set EnvironmentFilePath=c:\agt6\_work\6\a\api\environment\regapiautomation\testdata\shoppingsheets\..\..\RegApiAutoEnvironment.postman_environment.json &#xD;
&#xD;
C:\Agt6\_work\_temp\TestResults\c2kbuild_CLTBUILD23 2021-04-12 08_12_36\In\344baebc-9289-4e29-a7b8-39026ed37bf3\CLTBUILD23&gt;set HtmlResultsFile=CollegeFinancePlan-Config@ProspectiveStudentsCosts-21_22_Html.html &#xD;
&#xD;
C:\Agt6\_work\_temp\TestResults\c2kbuild_CLTBUILD23 2021-04-12 08_12_36\In\344baebc-9289-4e29-a7b8-39026ed37bf3\CLTBUILD23&gt;set JunitResultsFile=CollegeFinancePlan-Config@ProspectiveStudentsCosts-21_22_Junit.xml &#xD;
&#xD;
C:\Agt6\_work\_temp\TestResults\c2kbuild_CLTBUILD23 2021-04-12 08_12_36\In\344baebc-9289-4e29-a7b8-39026ed37bf3\CLTBUILD23&gt;newman run "c:\agt6\_work\6\a\api\environment\regapiautomation\testdata\shoppingsheets\..\..\..\..\Tests\ShoppingSheets\CollegeFinancePlan-Config@ProspectiveStudentsCosts.postman_collection.json" -k -d "c:\agt6\_work\6\a\api\environment\regapiautomation\testdata\shoppingsheets\CollegeFinancePlan-Config@ProspectiveStudentsCosts-21_22.data.csv" -e "c:\agt6\_work\6\a\api\environment\regapiautomation\testdata\shoppingsheets\..\..\RegApiAutoEnvironment.postman_environment.json" -r junit,html --reporter-html-export "CollegeFinancePlan-Config@ProspectiveStudentsCosts-21_22_Html.html" --reporter-junit-export "CollegeFinancePlan-Config@ProspectiveStudentsCosts-21_22_Junit.xml"</StdOut>
          </Output>
          <ResultFiles>
            <ResultFile path="CLTBUILD23\CollegeFinancePlan-Config@ProspectiveStudentsCosts-21_22_Html.html" />
            <ResultFile path="CLTBUILD23\CollegeFinancePlan-Config@ProspectiveStudentsCosts-21_22_Junit.xml" />
          </ResultFiles>
        </UnitTestResult>
      </InnerResults>
    </TestResultAggregation>
    <TestResultAggregation executionId="26b595d4-8415-4ef2-87aa-a2f62c478e64" testId="1b7d98e5-7060-4bee-91ec-c03a22ce0aab" testName="OT-10B-ShoppingSheets-Program-Print" computerName="CLTBUILD23" duration="00:00:08.1118794" startTime="2021-04-12T09:20:44.8094064-04:00" endTime="2021-04-12T09:20:52.9218260-04:00" testType="ec4800e8-40e5-4ab3-8510-b8bf29b1904d" outcome="Passed" testListId="8c84fa94-04c1-424b-9868-57a2d4851a1d" relativeResultsDirectory="26b595d4-8415-4ef2-87aa-a2f62c478e64">
      <InnerResults>
        <UnitTestResult executionId="3e51dd26-77bc-4e2d-acaf-03379c52773f" parentExecutionId="26b595d4-8415-4ef2-87aa-a2f62c478e64" testId="881b9e47-fdf9-4481-98c4-d1f009f262cb" testName="1- shoppingsheets-program@hp-print-generictest (OT-10B-ShoppingSheets-Program-Print)" computerName="CLTBUILD23" duration="00:00:08.1095233" startTime="2021-04-12T09:20:44.8104047-04:00" endTime="2021-04-12T09:20:52.9208263-04:00" testType="13cdc9d9-ddb5-4fa4-a97d-d965ccfc6d4b" outcome="Passed" testListId="8c84fa94-04c1-424b-9868-57a2d4851a1d" relativeResultsDirectory="3e51dd26-77bc-4e2d-acaf-03379c52773f">
          <Output>
            <StdOut>C:\Agt6\_work\_temp\TestResults\c2kbuild_CLTBUILD23 2021-04-12 08_12_36\In\3e51dd26-77bc-4e2d-acaf-03379c52773f\CLTBUILD23&gt;if not defined TestLocation (set TestLocation=. ) &#xD;
&#xD;
C:\Agt6\_work\_temp\TestResults\c2kbuild_CLTBUILD23 2021-04-12 08_12_36\In\3e51dd26-77bc-4e2d-acaf-03379c52773f\CLTBUILD23&gt;set CollectionFileName=c:\agt6\_work\6\a\api\environment\regapiautomation\testdata\shoppingsheets\..\..\..\..\Tests\ShoppingSheets\ShoppingSheets-Program@HP-Print.postman_collection.json &#xD;
&#xD;
C:\Agt6\_work\_temp\TestResults\c2kbuild_CLTBUILD23 2021-04-12 08_12_36\In\3e51dd26-77bc-4e2d-acaf-03379c52773f\CLTBUILD23&gt;set DataFileName=c:\agt6\_work\6\a\api\environment\regapiautomation\testdata\shoppingsheets\ShoppingSheets-Program@HP-Print.data.json &#xD;
&#xD;
C:\Agt6\_work\_temp\TestResults\c2kbuild_CLTBUILD23 2021-04-12 08_12_36\In\3e51dd26-77bc-4e2d-acaf-03379c52773f\CLTBUILD23&gt;set EnvironmentFilePath=c:\agt6\_work\6\a\api\environment\regapiautomation\testdata\shoppingsheets\..\..\RegApiAutoEnvironment.postman_environment.json &#xD;
&#xD;
C:\Agt6\_work\_temp\TestResults\c2kbuild_CLTBUILD23 2021-04-12 08_12_36\In\3e51dd26-77bc-4e2d-acaf-03379c52773f\CLTBUILD23&gt;set HtmlResultsFile=ShoppingSheets-Program@HP-Print_Html.html &#xD;
&#xD;
C:\Agt6\_work\_temp\TestResults\c2kbuild_CLTBUILD23 2021-04-12 08_12_36\In\3e51dd26-77bc-4e2d-acaf-03379c52773f\CLTBUILD23&gt;set JunitResultsFile=ShoppingSheets-Program@HP-Print_Junit.xml &#xD;
&#xD;
C:\Agt6\_work\_temp\TestResults\c2kbuild_CLTBUILD23 2021-04-12 08_12_36\In\3e51dd26-77bc-4e2d-acaf-03379c52773f\CLTBUILD23&gt;newman run "c:\agt6\_work\6\a\api\environment\regapiautomation\testdata\shoppingsheets\..\..\..\..\Tests\ShoppingSheets\ShoppingSheets-Program@HP-Print.postman_collection.json" -k -d "c:\agt6\_work\6\a\api\environment\regapiautomation\testdata\shoppingsheets\ShoppingSheets-Program@HP-Print.data.json" -e "c:\agt6\_work\6\a\api\environment\regapiautomation\testdata\shoppingsheets\..\..\RegApiAutoEnvironment.postman_environment.json" -r junit,html --reporter-html-export "ShoppingSheets-Program@HP-Print_Html.html" --reporter-junit-export "ShoppingSheets-Program@HP-Print_Junit.xml"</StdOut>
          </Output>
          <ResultFiles>
            <ResultFile path="CLTBUILD23\ShoppingSheets-Program@HP-Print_Html.html" />
            <ResultFile path="CLTBUILD23\ShoppingSheets-Program@HP-Print_Junit.xml" />
          </ResultFiles>
        </UnitTestResult>
      </InnerResults>
    </TestResultAggregation>
    <TestResultAggregation executionId="92fbcfba-5685-4e4b-8f67-33d137838fd8" testId="4bddafc3-42b0-47f6-a4ad-ffd3be942adf" testName="OT-03-ApplicationData" computerName="CLTBUILD23" duration="00:00:35.9857004" startTime="2021-04-12T08:31:33.2239240-04:00" endTime="2021-04-12T08:32:09.2045051-04:00" testType="ec4800e8-40e5-4ab3-8510-b8bf29b1904d" outcome="Passed" testListId="8c84fa94-04c1-424b-9868-57a2d4851a1d" relativeResultsDirectory="92fbcfba-5685-4e4b-8f67-33d137838fd8">
      <InnerResults>
        <UnitTestResult executionId="77682a38-1334-41b2-a601-2b242b3046af" parentExecutionId="92fbcfba-5685-4e4b-8f67-33d137838fd8" testId="4e6977cc-53c6-47a6-aa3d-6c026d142d77" testName="1- prereq-appproc-appdata-export@hp-corrections-generictest (OT-03-ApplicationData)" computerName="CLTBUILD23" duration="00:00:11.8752883" startTime="2021-04-12T08:31:33.2249182-04:00" endTime="2021-04-12T08:31:45.0994659-04:00" testType="13cdc9d9-ddb5-4fa4-a97d-d965ccfc6d4b" outcome="Passed" testListId="8c84fa94-04c1-424b-9868-57a2d4851a1d" relativeResultsDirectory="77682a38-1334-41b2-a601-2b242b3046af">
          <Output>
            <StdOut>C:\Agt6\_work\_temp\TestResults\c2kbuild_CLTBUILD23 2021-04-12 08_12_36\In\77682a38-1334-41b2-a601-2b242b3046af\CLTBUILD23&gt;if not defined TestLocation (set TestLocation=. ) &#xD;
&#xD;
C:\Agt6\_work\_temp\TestResults\c2kbuild_CLTBUILD23 2021-04-12 08_12_36\In\77682a38-1334-41b2-a601-2b242b3046af\CLTBUILD23&gt;set CollectionFileName=c:\agt6\_work\6\a\api\environment\regapiautomation\testdata\applicationdata\export\prereq\..\..\..\..\..\..\PreReq\PreReq-CreateISIRCorrections.postman_collection.json &#xD;
&#xD;
C:\Agt6\_work\_temp\TestResults\c2kbuild_CLTBUILD23 2021-04-12 08_12_36\In\77682a38-1334-41b2-a601-2b242b3046af\CLTBUILD23&gt;set DataFileName=c:\agt6\_work\6\a\api\environment\regapiautomation\testdata\applicationdata\export\prereq\PreReq-AppProc-AppData-Export@HP-Corrections.data.json &#xD;
&#xD;
C:\Agt6\_work\_temp\TestResults\c2kbuild_CLTBUILD23 2021-04-12 08_12_36\In\77682a38-1334-41b2-a601-2b242b3046af\CLTBUILD23&gt;set EnvironmentFilePath=c:\agt6\_work\6\a\api\environment\regapiautomation\testdata\applicationdata\export\prereq\..\..\..\..\RegApiAutoEnvironment.postman_environment.json &#xD;
&#xD;
C:\Agt6\_work\_temp\TestResults\c2kbuild_CLTBUILD23 2021-04-12 08_12_36\In\77682a38-1334-41b2-a601-2b242b3046af\CLTBUILD23&gt;set HtmlResultsFile=PreReq-AppProc-AppData-Export@HP-Corrections_Html.html &#xD;
&#xD;
C:\Agt6\_work\_temp\TestResults\c2kbuild_CLTBUILD23 2021-04-12 08_12_36\In\77682a38-1334-41b2-a601-2b242b3046af\CLTBUILD23&gt;set JunitResultsFile=PreReq-AppProc-AppData-Export@HP-Corrections_Junit.xml &#xD;
&#xD;
C:\Agt6\_work\_temp\TestResults\c2kbuild_CLTBUILD23 2021-04-12 08_12_36\In\77682a38-1334-41b2-a601-2b242b3046af\CLTBUILD23&gt;newman run "c:\agt6\_work\6\a\api\environment\regapiautomation\testdata\applicationdata\export\prereq\..\..\..\..\..\..\PreReq\PreReq-CreateISIRCorrections.postman_collection.json" -k -d "c:\agt6\_work\6\a\api\environment\regapiautomation\testdata\applicationdata\export\prereq\PreReq-AppProc-AppData-Export@HP-Corrections.data.json" -e "c:\agt6\_work\6\a\api\environment\regapiautomation\testdata\applicationdata\export\prereq\..\..\..\..\RegApiAutoEnvironment.postman_environment.json" -r junit,html --reporter-html-export "PreReq-AppProc-AppData-Export@HP-Corrections_Html.html" --reporter-junit-export "PreReq-AppProc-AppData-Export@HP-Corrections_Junit.xml"</StdOut>
          </Output>
          <ResultFiles>
            <ResultFile path="CLTBUILD23\PreReq-AppProc-AppData-Export@HP-Corrections_Html.html" />
            <ResultFile path="CLTBUILD23\PreReq-AppProc-AppData-Export@HP-Corrections_Junit.xml" />
          </ResultFiles>
        </UnitTestResult>
        <UnitTestResult executionId="232dc5a5-d161-4bb7-b8d0-675ab74ef92a" parentExecutionId="92fbcfba-5685-4e4b-8f67-33d137838fd8" testId="280f9537-8896-4bf9-924c-b1f356a48e20" testName="2- appproc-appdata-export@hp-corrections-generictest (OT-03-ApplicationData)" computerName="CLTBUILD23" duration="00:00:24.1038384" startTime="2021-04-12T08:31:45.0994659-04:00" endTime="2021-04-12T08:32:09.2025068-04:00" testType="13cdc9d9-ddb5-4fa4-a97d-d965ccfc6d4b" outcome="Passed" testListId="8c84fa94-04c1-424b-9868-57a2d4851a1d" relativeResultsDirectory="232dc5a5-d161-4bb7-b8d0-675ab74ef92a">
          <Output>
            <StdOut>C:\Agt6\_work\_temp\TestResults\c2kbuild_CLTBUILD23 2021-04-12 08_12_36\In\232dc5a5-d161-4bb7-b8d0-675ab74ef92a\CLTBUILD23&gt;if not defined TestLocation (set TestLocation=. ) &#xD;
&#xD;
C:\Agt6\_work\_temp\TestResults\c2kbuild_CLTBUILD23 2021-04-12 08_12_36\In\232dc5a5-d161-4bb7-b8d0-675ab74ef92a\CLTBUILD23&gt;set CollectionFileName=c:\agt6\_work\6\a\api\environment\regapiautomation\testdata\applicationdata\export\..\..\..\..\..\Tests\ApplicationData\Export\AppProc-AppData-Export@HP-Corrections.postman_collection.json &#xD;
&#xD;
C:\Agt6\_work\_temp\TestResults\c2kbuild_CLTBUILD23 2021-04-12 08_12_36\In\232dc5a5-d161-4bb7-b8d0-675ab74ef92a\CLTBUILD23&gt;set DataFileName=c:\agt6\_work\6\a\api\environment\regapiautomation\testdata\applicationdata\export\AppProc-AppData-Export@HP-Corrections.data.json &#xD;
&#xD;
C:\Agt6\_work\_temp\TestResults\c2kbuild_CLTBUILD23 2021-04-12 08_12_36\In\232dc5a5-d161-4bb7-b8d0-675ab74ef92a\CLTBUILD23&gt;set EnvironmentFilePath=c:\agt6\_work\6\a\api\environment\regapiautomation\testdata\applicationdata\export\..\..\..\RegApiAutoEnvironment.postman_environment.json &#xD;
&#xD;
C:\Agt6\_work\_temp\TestResults\c2kbuild_CLTBUILD23 2021-04-12 08_12_36\In\232dc5a5-d161-4bb7-b8d0-675ab74ef92a\CLTBUILD23&gt;set HtmlResultsFile=AppProc-AppData-Export@HP-Corrections-Html.html &#xD;
&#xD;
C:\Agt6\_work\_temp\TestResults\c2kbuild_CLTBUILD23 2021-04-12 08_12_36\In\232dc5a5-d161-4bb7-b8d0-675ab74ef92a\CLTBUILD23&gt;set JunitResultsFile=AppProc-AppData-Export@HP-Corrections-Junit.xml &#xD;
&#xD;
C:\Agt6\_work\_temp\TestResults\c2kbuild_CLTBUILD23 2021-04-12 08_12_36\In\232dc5a5-d161-4bb7-b8d0-675ab74ef92a\CLTBUILD23&gt;newman run "c:\agt6\_work\6\a\api\environment\regapiautomation\testdata\applicationdata\export\..\..\..\..\..\Tests\ApplicationData\Export\AppProc-AppData-Export@HP-Corrections.postman_collection.json" -k -d "c:\agt6\_work\6\a\api\environment\regapiautomation\testdata\applicationdata\export\AppProc-AppData-Export@HP-Corrections.data.json" -e "c:\agt6\_work\6\a\api\environment\regapiautomation\testdata\applicationdata\export\..\..\..\RegApiAutoEnvironment.postman_environment.json" -r junit,html --reporter-html-export "AppProc-AppData-Export@HP-Corrections-Html.html" --reporter-junit-export "AppProc-AppData-Export@HP-Corrections-Junit.xml"</StdOut>
          </Output>
          <ResultFiles>
            <ResultFile path="CLTBUILD23\AppProc-AppData-Export@HP-Corrections-Html.html" />
            <ResultFile path="CLTBUILD23\AppProc-AppData-Export@HP-Corrections-Junit.xml" />
          </ResultFiles>
        </UnitTestResult>
      </InnerResults>
    </TestResultAggregation>
    <TestResultAggregation executionId="ce3f5317-6a07-4aac-93c9-3ec841b3a9ce" testId="07c8242a-e0f0-4eaa-9abf-c6da570678ed" testName="OT-06C-FISAP-HP-NoIsir-19_20" computerName="CLTBUILD23" duration="00:01:05.1472305" startTime="2021-04-12T08:44:59.5703727-04:00" endTime="2021-04-12T08:46:04.7170950-04:00" testType="ec4800e8-40e5-4ab3-8510-b8bf29b1904d" outcome="Passed" testListId="8c84fa94-04c1-424b-9868-57a2d4851a1d" relativeResultsDirectory="ce3f5317-6a07-4aac-93c9-3ec841b3a9ce">
      <InnerResults>
        <UnitTestResult executionId="679859b9-e566-4bae-8285-adb900673a91" parentExecutionId="ce3f5317-6a07-4aac-93c9-3ec841b3a9ce" testId="5621c363-3f64-425f-85e0-3ad95ae38126" testName="1- prereq-fisap-datacorrection@noisir-createstudent-generictest (OT-06C-FISAP-HP-NoIsir-19_20)" computerName="CLTBUILD23" duration="00:00:09.1962478" startTime="2021-04-12T08:44:59.5723749-04:00" endTime="2021-04-12T08:45:08.7705565-04:00" testType="13cdc9d9-ddb5-4fa4-a97d-d965ccfc6d4b" outcome="Passed" testListId="8c84fa94-04c1-424b-9868-57a2d4851a1d" relativeResultsDirectory="679859b9-e566-4bae-8285-adb900673a91">
          <Output>
            <StdOut>C:\Agt6\_work\_temp\TestResults\c2kbuild_CLTBUILD23 2021-04-12 08_12_36\In\679859b9-e566-4bae-8285-adb900673a91\CLTBUILD23&gt;if not defined TestLocation (set TestLocation=. ) &#xD;
&#xD;
C:\Agt6\_work\_temp\TestResults\c2kbuild_CLTBUILD23 2021-04-12 08_12_36\In\679859b9-e566-4bae-8285-adb900673a91\CLTBUILD23&gt;set CollectionFileName=c:\agt6\_work\6\a\api\environment\regapiautomation\testdata\fisap-datacorrection\prereq-noisir\..\..\..\..\..\PreReq\PreReq-CreateStudent.postman_collection.json &#xD;
&#xD;
C:\Agt6\_work\_temp\TestResults\c2kbuild_CLTBUILD23 2021-04-12 08_12_36\In\679859b9-e566-4bae-8285-adb900673a91\CLTBUILD23&gt;set DataFileName=c:\agt6\_work\6\a\api\environment\regapiautomation\testdata\fisap-datacorrection\prereq-noisir\PreReq-FISAP-DataCorrection@NoIsir-CreateStudent.data.csv &#xD;
&#xD;
C:\Agt6\_work\_temp\TestResults\c2kbuild_CLTBUILD23 2021-04-12 08_12_36\In\679859b9-e566-4bae-8285-adb900673a91\CLTBUILD23&gt;set EnvironmentFilePath=c:\agt6\_work\6\a\api\environment\regapiautomation\testdata\fisap-datacorrection\prereq-noisir\..\..\..\RegApiAutoEnvironment.postman_environment.json &#xD;
&#xD;
C:\Agt6\_work\_temp\TestResults\c2kbuild_CLTBUILD23 2021-04-12 08_12_36\In\679859b9-e566-4bae-8285-adb900673a91\CLTBUILD23&gt;set HtmlResultsFile=CreateStudent_Html.html &#xD;
&#xD;
C:\Agt6\_work\_temp\TestResults\c2kbuild_CLTBUILD23 2021-04-12 08_12_36\In\679859b9-e566-4bae-8285-adb900673a91\CLTBUILD23&gt;set JunitResultsFile=CreateStudent_Junit.xml &#xD;
&#xD;
C:\Agt6\_work\_temp\TestResults\c2kbuild_CLTBUILD23 2021-04-12 08_12_36\In\679859b9-e566-4bae-8285-adb900673a91\CLTBUILD23&gt;newman run "c:\agt6\_work\6\a\api\environment\regapiautomation\testdata\fisap-datacorrection\prereq-noisir\..\..\..\..\..\PreReq\PreReq-CreateStudent.postman_collection.json" -k -d "c:\agt6\_work\6\a\api\environment\regapiautomation\testdata\fisap-datacorrection\prereq-noisir\PreReq-FISAP-DataCorrection@NoIsir-CreateStudent.data.csv" -e "c:\agt6\_work\6\a\api\environment\regapiautomation\testdata\fisap-datacorrection\prereq-noisir\..\..\..\RegApiAutoEnvironment.postman_environment.json" -r junit,html --reporter-html-export "CreateStudent_Html.html" --reporter-junit-export "CreateStudent_Junit.xml"</StdOut>
          </Output>
          <ResultFiles>
            <ResultFile path="CLTBUILD23\CreateStudent_Html.html" />
            <ResultFile path="CLTBUILD23\CreateStudent_Junit.xml" />
          </ResultFiles>
        </UnitTestResult>
        <UnitTestResult executionId="daa5732e-bbbc-4f4f-acba-5c63a9672733" parentExecutionId="ce3f5317-6a07-4aac-93c9-3ec841b3a9ce" testId="18ac6f18-3e19-4b48-8bca-8ba45984351e" testName="2- prereq-fisap-datacorrection@noisir-enrollstudent-generictest (OT-06C-FISAP-HP-NoIsir-19_20)" computerName="CLTBUILD23" duration="00:00:12.6254001" startTime="2021-04-12T08:45:08.7705565-04:00" endTime="2021-04-12T08:45:21.4017684-04:00" testType="13cdc9d9-ddb5-4fa4-a97d-d965ccfc6d4b" outcome="Passed" testListId="8c84fa94-04c1-424b-9868-57a2d4851a1d" relativeResultsDirectory="daa5732e-bbbc-4f4f-acba-5c63a9672733">
          <Output>
            <StdOut>C:\Agt6\_work\_temp\TestResults\c2kbuild_CLTBUILD23 2021-04-12 08_12_36\In\daa5732e-bbbc-4f4f-acba-5c63a9672733\CLTBUILD23&gt;if not defined TestLocation (set TestLocation=. ) &#xD;
&#xD;
C:\Agt6\_work\_temp\TestResults\c2kbuild_CLTBUILD23 2021-04-12 08_12_36\In\daa5732e-bbbc-4f4f-acba-5c63a9672733\CLTBUILD23&gt;set CollectionFileName=c:\agt6\_work\6\a\api\environment\regapiautomation\testdata\fisap-datacorrection\prereq-noisir\..\..\..\..\..\PreReq\PreReq-EnrollStudent.postman_collection.json &#xD;
&#xD;
C:\Agt6\_work\_temp\TestResults\c2kbuild_CLTBUILD23 2021-04-12 08_12_36\In\daa5732e-bbbc-4f4f-acba-5c63a9672733\CLTBUILD23&gt;set DataFileName=c:\agt6\_work\6\a\api\environment\regapiautomation\testdata\fisap-datacorrection\prereq-noisir\PreReq-FISAP-DataCorrection@NoIsir-EnrollStudent.data.csv &#xD;
&#xD;
C:\Agt6\_work\_temp\TestResults\c2kbuild_CLTBUILD23 2021-04-12 08_12_36\In\daa5732e-bbbc-4f4f-acba-5c63a9672733\CLTBUILD23&gt;set EnvironmentFilePath=c:\agt6\_work\6\a\api\environment\regapiautomation\testdata\fisap-datacorrection\prereq-noisir\..\..\..\RegApiAutoEnvironment.postman_environment.json &#xD;
&#xD;
C:\Agt6\_work\_temp\TestResults\c2kbuild_CLTBUILD23 2021-04-12 08_12_36\In\daa5732e-bbbc-4f4f-acba-5c63a9672733\CLTBUILD23&gt;set HtmlResultsFile=EnrollStudent_Html.html &#xD;
&#xD;
C:\Agt6\_work\_temp\TestResults\c2kbuild_CLTBUILD23 2021-04-12 08_12_36\In\daa5732e-bbbc-4f4f-acba-5c63a9672733\CLTBUILD23&gt;set JunitResultsFile=EnrollStudent_Junit.xml &#xD;
&#xD;
C:\Agt6\_work\_temp\TestResults\c2kbuild_CLTBUILD23 2021-04-12 08_12_36\In\daa5732e-bbbc-4f4f-acba-5c63a9672733\CLTBUILD23&gt;newman run "c:\agt6\_work\6\a\api\environment\regapiautomation\testdata\fisap-datacorrection\prereq-noisir\..\..\..\..\..\PreReq\PreReq-EnrollStudent.postman_collection.json" -k -d "c:\agt6\_work\6\a\api\environment\regapiautomation\testdata\fisap-datacorrection\prereq-noisir\PreReq-FISAP-DataCorrection@NoIsir-EnrollStudent.data.csv" -e "c:\agt6\_work\6\a\api\environment\regapiautomation\testdata\fisap-datacorrection\prereq-noisir\..\..\..\RegApiAutoEnvironment.postman_environment.json" -r junit,html --reporter-html-export "EnrollStudent_Html.html" --reporter-junit-export "EnrollStudent_Junit.xml"</StdOut>
          </Output>
          <ResultFiles>
            <ResultFile path="CLTBUILD23\EnrollStudent_Html.html" />
            <ResultFile path="CLTBUILD23\EnrollStudent_Junit.xml" />
          </ResultFiles>
        </UnitTestResult>
        <UnitTestResult executionId="457b7e9e-fd02-45e0-a17d-08bb6f6d6425" parentExecutionId="ce3f5317-6a07-4aac-93c9-3ec841b3a9ce" testId="d51578b4-b379-42d6-893e-f80814f4dba0" testName="3- prereq-fisap-datacorrection@noisir-registerclassandpostattendance-generictest (OT-06C-FISAP-HP-NoIsir-19_20)" computerName="CLTBUILD23" duration="00:00:07.7300711" startTime="2021-04-12T08:45:21.4027668-04:00" endTime="2021-04-12T08:45:29.1368677-04:00" testType="13cdc9d9-ddb5-4fa4-a97d-d965ccfc6d4b" outcome="Passed" testListId="8c84fa94-04c1-424b-9868-57a2d4851a1d" relativeResultsDirectory="457b7e9e-fd02-45e0-a17d-08bb6f6d6425">
          <Output>
            <StdOut>C:\Agt6\_work\_temp\TestResults\c2kbuild_CLTBUILD23 2021-04-12 08_12_36\In\457b7e9e-fd02-45e0-a17d-08bb6f6d6425\CLTBUILD23&gt;if not defined TestLocation (set TestLocation=. ) &#xD;
&#xD;
C:\Agt6\_work\_temp\TestResults\c2kbuild_CLTBUILD23 2021-04-12 08_12_36\In\457b7e9e-fd02-45e0-a17d-08bb6f6d6425\CLTBUILD23&gt;set CollectionFileName=c:\agt6\_work\6\a\api\environment\regapiautomation\testdata\fisap-datacorrection\prereq-noisir\..\..\..\..\..\PreReq\PreReq-RegisterClassAndPostAttendanceForStudent.postman_collection.json &#xD;
&#xD;
C:\Agt6\_work\_temp\TestResults\c2kbuild_CLTBUILD23 2021-04-12 08_12_36\In\457b7e9e-fd02-45e0-a17d-08bb6f6d6425\CLTBUILD23&gt;set DataFileName=c:\agt6\_work\6\a\api\environment\regapiautomation\testdata\fisap-datacorrection\prereq-noisir\PreReq-FISAP-DataCorrection@NoIsir-RegisterClassAndPostAttendance.csv &#xD;
&#xD;
C:\Agt6\_work\_temp\TestResults\c2kbuild_CLTBUILD23 2021-04-12 08_12_36\In\457b7e9e-fd02-45e0-a17d-08bb6f6d6425\CLTBUILD23&gt;set EnvironmentFilePath=c:\agt6\_work\6\a\api\environment\regapiautomation\testdata\fisap-datacorrection\prereq-noisir\..\..\..\RegApiAutoEnvironment.postman_environment.json &#xD;
&#xD;
C:\Agt6\_work\_temp\TestResults\c2kbuild_CLTBUILD23 2021-04-12 08_12_36\In\457b7e9e-fd02-45e0-a17d-08bb6f6d6425\CLTBUILD23&gt;set HtmlResultsFile=PreReq-RegisterClassAndPostAttendance_Html.html &#xD;
&#xD;
C:\Agt6\_work\_temp\TestResults\c2kbuild_CLTBUILD23 2021-04-12 08_12_36\In\457b7e9e-fd02-45e0-a17d-08bb6f6d6425\CLTBUILD23&gt;set JunitResultsFile=PreReq-RegisterClassAndPostAttendance_Junit.xml &#xD;
&#xD;
C:\Agt6\_work\_temp\TestResults\c2kbuild_CLTBUILD23 2021-04-12 08_12_36\In\457b7e9e-fd02-45e0-a17d-08bb6f6d6425\CLTBUILD23&gt;newman run "c:\agt6\_work\6\a\api\environment\regapiautomation\testdata\fisap-datacorrection\prereq-noisir\..\..\..\..\..\PreReq\PreReq-RegisterClassAndPostAttendanceForStudent.postman_collection.json" -k -d "c:\agt6\_work\6\a\api\environment\regapiautomation\testdata\fisap-datacorrection\prereq-noisir\PreReq-FISAP-DataCorrection@NoIsir-RegisterClassAndPostAttendance.csv" -e "c:\agt6\_work\6\a\api\environment\regapiautomation\testdata\fisap-datacorrection\prereq-noisir\..\..\..\RegApiAutoEnvironment.postman_environment.json" -r junit,html --reporter-html-export "PreReq-RegisterClassAndPostAttendance_Html.html" --reporter-junit-export "PreReq-RegisterClassAndPostAttendance_Junit.xml"</StdOut>
          </Output>
          <ResultFiles>
            <ResultFile path="CLTBUILD23\PreReq-RegisterClassAndPostAttendance_Html.html" />
            <ResultFile path="CLTBUILD23\PreReq-RegisterClassAndPostAttendance_Junit.xml" />
          </ResultFiles>
        </UnitTestResult>
        <UnitTestResult executionId="46b026cd-260a-4103-8734-f47c513f5646" parentExecutionId="ce3f5317-6a07-4aac-93c9-3ec841b3a9ce" testId="4a85c2f4-71dc-4b64-9cb2-f614dc35ec53" testName="4- prereq-fisap-datacorrection@noisir-updatebudgetforacademicyearforpackaging-generictest (OT-06C-FISAP-HP-NoIsir-19_20)" computerName="CLTBUILD23" duration="00:00:08.2842177" startTime="2021-04-12T08:45:29.1398722-04:00" endTime="2021-04-12T08:45:37.4249686-04:00" testType="13cdc9d9-ddb5-4fa4-a97d-d965ccfc6d4b" outcome="Passed" testListId="8c84fa94-04c1-424b-9868-57a2d4851a1d" relativeResultsDirectory="46b026cd-260a-4103-8734-f47c513f5646">
          <Output>
            <StdOut>C:\Agt6\_work\_temp\TestResults\c2kbuild_CLTBUILD23 2021-04-12 08_12_36\In\46b026cd-260a-4103-8734-f47c513f5646\CLTBUILD23&gt;if not defined TestLocation (set TestLocation=. ) &#xD;
&#xD;
C:\Agt6\_work\_temp\TestResults\c2kbuild_CLTBUILD23 2021-04-12 08_12_36\In\46b026cd-260a-4103-8734-f47c513f5646\CLTBUILD23&gt;set CollectionFileName=c:\agt6\_work\6\a\api\environment\regapiautomation\testdata\fisap-datacorrection\prereq-noisir\..\..\..\..\..\PreReq\PreReq-UpdateBudgetForAcademicYearForPackaging.postman_collection.json &#xD;
&#xD;
C:\Agt6\_work\_temp\TestResults\c2kbuild_CLTBUILD23 2021-04-12 08_12_36\In\46b026cd-260a-4103-8734-f47c513f5646\CLTBUILD23&gt;set DataFileName=c:\agt6\_work\6\a\api\environment\regapiautomation\testdata\fisap-datacorrection\prereq-noisir\PreReq-FISAP-DataCorrection@NoIsir-UpdateBudgetForAcademicYearForPackaging.data.csv &#xD;
&#xD;
C:\Agt6\_work\_temp\TestResults\c2kbuild_CLTBUILD23 2021-04-12 08_12_36\In\46b026cd-260a-4103-8734-f47c513f5646\CLTBUILD23&gt;set EnvironmentFilePath=c:\agt6\_work\6\a\api\environment\regapiautomation\testdata\fisap-datacorrection\prereq-noisir\..\..\..\RegApiAutoEnvironment.postman_environment.json &#xD;
&#xD;
C:\Agt6\_work\_temp\TestResults\c2kbuild_CLTBUILD23 2021-04-12 08_12_36\In\46b026cd-260a-4103-8734-f47c513f5646\CLTBUILD23&gt;set HtmlResultsFile=UpdateBudgetForAcademicYearForPackaging_Html.html &#xD;
&#xD;
C:\Agt6\_work\_temp\TestResults\c2kbuild_CLTBUILD23 2021-04-12 08_12_36\In\46b026cd-260a-4103-8734-f47c513f5646\CLTBUILD23&gt;set JunitResultsFile=UpdateBudgetForAcademicYearForPackaging_Junit.xml &#xD;
&#xD;
C:\Agt6\_work\_temp\TestResults\c2kbuild_CLTBUILD23 2021-04-12 08_12_36\In\46b026cd-260a-4103-8734-f47c513f5646\CLTBUILD23&gt;newman run "c:\agt6\_work\6\a\api\environment\regapiautomation\testdata\fisap-datacorrection\prereq-noisir\..\..\..\..\..\PreReq\PreReq-UpdateBudgetForAcademicYearForPackaging.postman_collection.json" -k -d "c:\agt6\_work\6\a\api\environment\regapiautomation\testdata\fisap-datacorrection\prereq-noisir\PreReq-FISAP-DataCorrection@NoIsir-UpdateBudgetForAcademicYearForPackaging.data.csv" -e "c:\agt6\_work\6\a\api\environment\regapiautomation\testdata\fisap-datacorrection\prereq-noisir\..\..\..\RegApiAutoEnvironment.postman_environment.json" -r junit,html --reporter-html-export "UpdateBudgetForAcademicYearForPackaging_Html.html" --reporter-junit-export "UpdateBudgetForAcademicYearForPackaging_Junit.xml"</StdOut>
          </Output>
          <ResultFiles>
            <ResultFile path="CLTBUILD23\UpdateBudgetForAcademicYearForPackaging_Html.html" />
            <ResultFile path="CLTBUILD23\UpdateBudgetForAcademicYearForPackaging_Junit.xml" />
          </ResultFiles>
        </UnitTestResult>
        <UnitTestResult executionId="005bafd1-18cd-42ed-9790-a652fdb8aa5e" parentExecutionId="ce3f5317-6a07-4aac-93c9-3ec841b3a9ce" testId="4bba2b74-befc-4889-aac2-a0be52961547" testName="5- prereq-fisap-datacorrection@noisir-awardgrantorloanforpackaging-generictest (OT-06C-FISAP-HP-NoIsir-19_20)" computerName="CLTBUILD23" duration="00:00:10.0362666" startTime="2021-04-12T08:45:37.4259674-04:00" endTime="2021-04-12T08:45:47.4670298-04:00" testType="13cdc9d9-ddb5-4fa4-a97d-d965ccfc6d4b" outcome="Passed" testListId="8c84fa94-04c1-424b-9868-57a2d4851a1d" relativeResultsDirectory="005bafd1-18cd-42ed-9790-a652fdb8aa5e">
          <Output>
            <StdOut>C:\Agt6\_work\_temp\TestResults\c2kbuild_CLTBUILD23 2021-04-12 08_12_36\In\005bafd1-18cd-42ed-9790-a652fdb8aa5e\CLTBUILD23&gt;if not defined TestLocation (set TestLocation=. ) &#xD;
&#xD;
C:\Agt6\_work\_temp\TestResults\c2kbuild_CLTBUILD23 2021-04-12 08_12_36\In\005bafd1-18cd-42ed-9790-a652fdb8aa5e\CLTBUILD23&gt;set CollectionFileName=c:\agt6\_work\6\a\api\environment\regapiautomation\testdata\fisap-datacorrection\prereq-noisir\..\..\..\..\..\PreReq\PreReq-AwardLoanForPackaging.postman_collection.json &#xD;
&#xD;
C:\Agt6\_work\_temp\TestResults\c2kbuild_CLTBUILD23 2021-04-12 08_12_36\In\005bafd1-18cd-42ed-9790-a652fdb8aa5e\CLTBUILD23&gt;set DataFileName=c:\agt6\_work\6\a\api\environment\regapiautomation\testdata\fisap-datacorrection\prereq-noisir\PreReq-FISAP-DataCorrection@NoIsir-AwardGrantorLoanForPackaging.data.csv &#xD;
&#xD;
C:\Agt6\_work\_temp\TestResults\c2kbuild_CLTBUILD23 2021-04-12 08_12_36\In\005bafd1-18cd-42ed-9790-a652fdb8aa5e\CLTBUILD23&gt;set EnvironmentFilePath=c:\agt6\_work\6\a\api\environment\regapiautomation\testdata\fisap-datacorrection\prereq-noisir\..\..\..\RegApiAutoEnvironment.postman_environment.json &#xD;
&#xD;
C:\Agt6\_work\_temp\TestResults\c2kbuild_CLTBUILD23 2021-04-12 08_12_36\In\005bafd1-18cd-42ed-9790-a652fdb8aa5e\CLTBUILD23&gt;set HtmlResultsFile=AwardGrantOrLoanForPackaging_Html.html &#xD;
&#xD;
C:\Agt6\_work\_temp\TestResults\c2kbuild_CLTBUILD23 2021-04-12 08_12_36\In\005bafd1-18cd-42ed-9790-a652fdb8aa5e\CLTBUILD23&gt;set JunitResultsFile=AwardGrantOrLoanForPackaging_Junit.xml &#xD;
&#xD;
C:\Agt6\_work\_temp\TestResults\c2kbuild_CLTBUILD23 2021-04-12 08_12_36\In\005bafd1-18cd-42ed-9790-a652fdb8aa5e\CLTBUILD23&gt;newman run "c:\agt6\_work\6\a\api\environment\regapiautomation\testdata\fisap-datacorrection\prereq-noisir\..\..\..\..\..\PreReq\PreReq-AwardLoanForPackaging.postman_collection.json" -k -d "c:\agt6\_work\6\a\api\environment\regapiautomation\testdata\fisap-datacorrection\prereq-noisir\PreReq-FISAP-DataCorrection@NoIsir-AwardGrantorLoanForPackaging.data.csv" -e "c:\agt6\_work\6\a\api\environment\regapiautomation\testdata\fisap-datacorrection\prereq-noisir\..\..\..\RegApiAutoEnvironment.postman_environment.json" -r junit,html --reporter-html-export "AwardGrantOrLoanForPackaging_Html.html" --reporter-junit-export "AwardGrantOrLoanForPackaging_Junit.xml"</StdOut>
          </Output>
          <ResultFiles>
            <ResultFile path="CLTBUILD23\AwardGrantOrLoanForPackaging_Html.html" />
            <ResultFile path="CLTBUILD23\AwardGrantOrLoanForPackaging_Junit.xml" />
          </ResultFiles>
        </UnitTestResult>
        <UnitTestResult executionId="b53e4827-05bf-4421-9494-22f9a97d7d2d" parentExecutionId="ce3f5317-6a07-4aac-93c9-3ec841b3a9ce" testId="87df488b-fe44-478e-b844-c5378e8062c1" testName="6- prereq-fisap-datacorrection@noisir-postpaymentledgercard-generictest (OT-06C-FISAP-HP-NoIsir-19_20)" computerName="CLTBUILD23" duration="00:00:09.8919574" startTime="2021-04-12T08:45:47.4670298-04:00" endTime="2021-04-12T08:45:57.3640939-04:00" testType="13cdc9d9-ddb5-4fa4-a97d-d965ccfc6d4b" outcome="Passed" testListId="8c84fa94-04c1-424b-9868-57a2d4851a1d" relativeResultsDirectory="b53e4827-05bf-4421-9494-22f9a97d7d2d">
          <Output>
            <StdOut>C:\Agt6\_work\_temp\TestResults\c2kbuild_CLTBUILD23 2021-04-12 08_12_36\In\b53e4827-05bf-4421-9494-22f9a97d7d2d\CLTBUILD23&gt;if not defined TestLocation (set TestLocation=. ) &#xD;
&#xD;
C:\Agt6\_work\_temp\TestResults\c2kbuild_CLTBUILD23 2021-04-12 08_12_36\In\b53e4827-05bf-4421-9494-22f9a97d7d2d\CLTBUILD23&gt;set CollectionFileName=c:\agt6\_work\6\a\api\environment\regapiautomation\testdata\fisap-datacorrection\prereq-noisir\..\..\..\..\..\PreReq\PreReq-PostPaymentLedgerCard.postman_collection.json &#xD;
&#xD;
C:\Agt6\_work\_temp\TestResults\c2kbuild_CLTBUILD23 2021-04-12 08_12_36\In\b53e4827-05bf-4421-9494-22f9a97d7d2d\CLTBUILD23&gt;set DataFileName=c:\agt6\_work\6\a\api\environment\regapiautomation\testdata\fisap-datacorrection\prereq-noisir\PreReq-FISAP-DataCorrection@NoIsir-PostPaymentLedgerCard.data.json &#xD;
&#xD;
C:\Agt6\_work\_temp\TestResults\c2kbuild_CLTBUILD23 2021-04-12 08_12_36\In\b53e4827-05bf-4421-9494-22f9a97d7d2d\CLTBUILD23&gt;set EnvironmentFilePath=c:\agt6\_work\6\a\api\environment\regapiautomation\testdata\fisap-datacorrection\prereq-noisir\..\..\..\RegApiAutoEnvironment.postman_environment.json &#xD;
&#xD;
C:\Agt6\_work\_temp\TestResults\c2kbuild_CLTBUILD23 2021-04-12 08_12_36\In\b53e4827-05bf-4421-9494-22f9a97d7d2d\CLTBUILD23&gt;set HtmlResultsFile=PostPaymentLedgerCard_Html.html &#xD;
&#xD;
C:\Agt6\_work\_temp\TestResults\c2kbuild_CLTBUILD23 2021-04-12 08_12_36\In\b53e4827-05bf-4421-9494-22f9a97d7d2d\CLTBUILD23&gt;set JunitResultsFile=PostPaymentLedgerCard_Junit.xml &#xD;
&#xD;
C:\Agt6\_work\_temp\TestResults\c2kbuild_CLTBUILD23 2021-04-12 08_12_36\In\b53e4827-05bf-4421-9494-22f9a97d7d2d\CLTBUILD23&gt;newman run "c:\agt6\_work\6\a\api\environment\regapiautomation\testdata\fisap-datacorrection\prereq-noisir\..\..\..\..\..\PreReq\PreReq-PostPaymentLedgerCard.postman_collection.json" -k -d "c:\agt6\_work\6\a\api\environment\regapiautomation\testdata\fisap-datacorrection\prereq-noisir\PreReq-FISAP-DataCorrection@NoIsir-PostPaymentLedgerCard.data.json" -e "c:\agt6\_work\6\a\api\environment\regapiautomation\testdata\fisap-datacorrection\prereq-noisir\..\..\..\RegApiAutoEnvironment.postman_environment.json" -r junit,html --reporter-html-export "PostPaymentLedgerCard_Html.html" --reporter-junit-export "PostPaymentLedgerCard_Junit.xml"</StdOut>
          </Output>
          <ResultFiles>
            <ResultFile path="CLTBUILD23\PostPaymentLedgerCard_Html.html" />
            <ResultFile path="CLTBUILD23\PostPaymentLedgerCard_Junit.xml" />
          </ResultFiles>
        </UnitTestResult>
        <UnitTestResult executionId="8f152dc1-ee07-4cae-bdef-689fb196f82c" parentExecutionId="ce3f5317-6a07-4aac-93c9-3ec841b3a9ce" testId="62e541e1-0ce7-424a-a06e-9fab01780e97" testName="7- fisap-datacorrection@hp-noisir-generictest (OT-06C-FISAP-HP-NoIsir-19_20)" computerName="CLTBUILD23" duration="00:00:07.3356004" startTime="2021-04-12T08:45:57.3660942-04:00" endTime="2021-04-12T08:46:04.7160948-04:00" testType="13cdc9d9-ddb5-4fa4-a97d-d965ccfc6d4b" outcome="Passed" testListId="8c84fa94-04c1-424b-9868-57a2d4851a1d" relativeResultsDirectory="8f152dc1-ee07-4cae-bdef-689fb196f82c">
          <Output>
            <StdOut>C:\Agt6\_work\_temp\TestResults\c2kbuild_CLTBUILD23 2021-04-12 08_12_36\In\8f152dc1-ee07-4cae-bdef-689fb196f82c\CLTBUILD23&gt;if not defined TestLocation (set TestLocation=. ) &#xD;
&#xD;
C:\Agt6\_work\_temp\TestResults\c2kbuild_CLTBUILD23 2021-04-12 08_12_36\In\8f152dc1-ee07-4cae-bdef-689fb196f82c\CLTBUILD23&gt;set CollectionFileName=c:\agt6\_work\6\a\api\environment\regapiautomation\testdata\fisap-datacorrection\..\..\..\..\Tests\FISAP-DataCorrection\FISAP-DataCorrection@HP-NoIsir.postman_collection.json &#xD;
&#xD;
C:\Agt6\_work\_temp\TestResults\c2kbuild_CLTBUILD23 2021-04-12 08_12_36\In\8f152dc1-ee07-4cae-bdef-689fb196f82c\CLTBUILD23&gt;set DataFileName=c:\agt6\_work\6\a\api\environment\regapiautomation\testdata\fisap-datacorrection\FISAP-DataCorrection@HP-NoIsir.data.json &#xD;
&#xD;
C:\Agt6\_work\_temp\TestResults\c2kbuild_CLTBUILD23 2021-04-12 08_12_36\In\8f152dc1-ee07-4cae-bdef-689fb196f82c\CLTBUILD23&gt;set EnvironmentFilePath=c:\agt6\_work\6\a\api\environment\regapiautomation\testdata\fisap-datacorrection\..\..\RegApiAutoEnvironment.postman_environment.json &#xD;
&#xD;
C:\Agt6\_work\_temp\TestResults\c2kbuild_CLTBUILD23 2021-04-12 08_12_36\In\8f152dc1-ee07-4cae-bdef-689fb196f82c\CLTBUILD23&gt;set HtmlResultsFile=FISAP-DataCorrection@HP-NoIsir-Html.html &#xD;
&#xD;
C:\Agt6\_work\_temp\TestResults\c2kbuild_CLTBUILD23 2021-04-12 08_12_36\In\8f152dc1-ee07-4cae-bdef-689fb196f82c\CLTBUILD23&gt;set JunitResultsFile=FISAP-DataCorrection@HP-NoIsir-Junit.xml &#xD;
&#xD;
C:\Agt6\_work\_temp\TestResults\c2kbuild_CLTBUILD23 2021-04-12 08_12_36\In\8f152dc1-ee07-4cae-bdef-689fb196f82c\CLTBUILD23&gt;newman run "c:\agt6\_work\6\a\api\environment\regapiautomation\testdata\fisap-datacorrection\..\..\..\..\Tests\FISAP-DataCorrection\FISAP-DataCorrection@HP-NoIsir.postman_collection.json" -k -d "c:\agt6\_work\6\a\api\environment\regapiautomation\testdata\fisap-datacorrection\FISAP-DataCorrection@HP-NoIsir.data.json" -e "c:\agt6\_work\6\a\api\environment\regapiautomation\testdata\fisap-datacorrection\..\..\RegApiAutoEnvironment.postman_environment.json" -r junit,html --reporter-html-export "FISAP-DataCorrection@HP-NoIsir-Html.html" --reporter-junit-export "FISAP-DataCorrection@HP-NoIsir-Junit.xml"</StdOut>
          </Output>
          <ResultFiles>
            <ResultFile path="CLTBUILD23\FISAP-DataCorrection@HP-NoIsir-Html.html" />
            <ResultFile path="CLTBUILD23\FISAP-DataCorrection@HP-NoIsir-Junit.xml" />
          </ResultFiles>
        </UnitTestResult>
      </InnerResults>
    </TestResultAggregation>
    <TestResultAggregation executionId="b73d9078-0729-4052-9aa6-b99bdd18aa6f" testId="ded44ab9-aaf0-4fc8-8841-e17cd858837f" testName="OT-02D-CODImport.Loans-Grants-21_22" computerName="CLTBUILD23" duration="00:00:20.1856741" startTime="2021-04-12T08:28:44.7045619-04:00" endTime="2021-04-12T08:29:04.8900962-04:00" testType="ec4800e8-40e5-4ab3-8510-b8bf29b1904d" outcome="Passed" testListId="8c84fa94-04c1-424b-9868-57a2d4851a1d" relativeResultsDirectory="b73d9078-0729-4052-9aa6-b99bdd18aa6f">
      <InnerResults>
        <UnitTestResult executionId="96facb29-1241-41ca-83c5-5e8931283d82" parentExecutionId="b73d9078-0729-4052-9aa6-b99bdd18aa6f" testId="89959051-36d8-44e8-ab9d-f3cf124ef4a9" testName="1- codimport@loans-grants-21_22-generictest (OT-02D-CODImport.Loans-Grants-21_22)" computerName="CLTBUILD23" duration="00:00:20.1827331" startTime="2021-04-12T08:28:44.7055628-04:00" endTime="2021-04-12T08:29:04.8870876-04:00" testType="13cdc9d9-ddb5-4fa4-a97d-d965ccfc6d4b" outcome="Passed" testListId="8c84fa94-04c1-424b-9868-57a2d4851a1d" relativeResultsDirectory="96facb29-1241-41ca-83c5-5e8931283d82">
          <Output>
            <StdOut>C:\Agt6\_work\_temp\TestResults\c2kbuild_CLTBUILD23 2021-04-12 08_12_36\In\96facb29-1241-41ca-83c5-5e8931283d82\CLTBUILD23&gt;if not defined TestLocation (set TestLocation=. ) &#xD;
&#xD;
C:\Agt6\_work\_temp\TestResults\c2kbuild_CLTBUILD23 2021-04-12 08_12_36\In\96facb29-1241-41ca-83c5-5e8931283d82\CLTBUILD23&gt;set CollectionFileName=c:\agt6\_work\6\a\api\environment\regapiautomation\testdata\codimport\..\..\..\..\Tests\CODImport\CODImport@Loans-Grants.postman_collection.json &#xD;
&#xD;
C:\Agt6\_work\_temp\TestResults\c2kbuild_CLTBUILD23 2021-04-12 08_12_36\In\96facb29-1241-41ca-83c5-5e8931283d82\CLTBUILD23&gt;set DataFileName=c:\agt6\_work\6\a\api\environment\regapiautomation\testdata\codimport\CODImport@Loans-Grants-21_22.data.json &#xD;
&#xD;
C:\Agt6\_work\_temp\TestResults\c2kbuild_CLTBUILD23 2021-04-12 08_12_36\In\96facb29-1241-41ca-83c5-5e8931283d82\CLTBUILD23&gt;set EnvironmentFilePath=c:\agt6\_work\6\a\api\environment\regapiautomation\testdata\codimport\..\..\RegApiAutoEnvironment.postman_environment.json &#xD;
&#xD;
C:\Agt6\_work\_temp\TestResults\c2kbuild_CLTBUILD23 2021-04-12 08_12_36\In\96facb29-1241-41ca-83c5-5e8931283d82\CLTBUILD23&gt;set HtmlResultsFile=Tests_CODImport@Loans-Grants-21_22_Html.html &#xD;
&#xD;
C:\Agt6\_work\_temp\TestResults\c2kbuild_CLTBUILD23 2021-04-12 08_12_36\In\96facb29-1241-41ca-83c5-5e8931283d82\CLTBUILD23&gt;set JunitResultsFile=Tests_CODImport@Loans-Grants-21_22_Junit.xml &#xD;
&#xD;
C:\Agt6\_work\_temp\TestResults\c2kbuild_CLTBUILD23 2021-04-12 08_12_36\In\96facb29-1241-41ca-83c5-5e8931283d82\CLTBUILD23&gt;newman run "c:\agt6\_work\6\a\api\environment\regapiautomation\testdata\codimport\..\..\..\..\Tests\CODImport\CODImport@Loans-Grants.postman_collection.json" -k -d "c:\agt6\_work\6\a\api\environment\regapiautomation\testdata\codimport\CODImport@Loans-Grants-21_22.data.json" -e "c:\agt6\_work\6\a\api\environment\regapiautomation\testdata\codimport\..\..\RegApiAutoEnvironment.postman_environment.json" -r junit,html --reporter-html-export "Tests_CODImport@Loans-Grants-21_22_Html.html" --reporter-junit-export "Tests_CODImport@Loans-Grants-21_22_Junit.xml"</StdOut>
          </Output>
          <ResultFiles>
            <ResultFile path="CLTBUILD23\Tests_CODImport@Loans-Grants-21_22_Html.html" />
            <ResultFile path="CLTBUILD23\Tests_CODImport@Loans-Grants-21_22_Junit.xml" />
          </ResultFiles>
        </UnitTestResult>
      </InnerResults>
    </TestResultAggregation>
    <TestResultAggregation executionId="817f157e-ffed-462f-88e4-c65e1012c8cb" testId="c9b23edd-39b0-4329-bbd0-d5e22701290c" testName="OT-12-StudentISIR" computerName="CLTBUILD23" duration="00:00:15.6471710" startTime="2021-04-12T09:28:33.8913842-04:00" endTime="2021-04-12T09:28:49.5382786-04:00" testType="ec4800e8-40e5-4ab3-8510-b8bf29b1904d" outcome="Passed" testListId="8c84fa94-04c1-424b-9868-57a2d4851a1d" relativeResultsDirectory="817f157e-ffed-462f-88e4-c65e1012c8cb">
      <InnerResults>
        <UnitTestResult executionId="7ddec16a-e315-43a7-83c8-2ccddb07eabe" parentExecutionId="817f157e-ffed-462f-88e4-c65e1012c8cb" testId="0eae1b98-54a3-47a3-8254-c307991db849" testName="1- prereq-appproc-studentisir-corrections@hp-submit-generictest (OT-12-StudentISIR)" computerName="CLTBUILD23" duration="00:00:08.5683520" startTime="2021-04-12T09:28:33.8933902-04:00" endTime="2021-04-12T09:28:42.4677855-04:00" testType="13cdc9d9-ddb5-4fa4-a97d-d965ccfc6d4b" outcome="Passed" testListId="8c84fa94-04c1-424b-9868-57a2d4851a1d" relativeResultsDirectory="7ddec16a-e315-43a7-83c8-2ccddb07eabe">
          <Output>
            <StdOut>C:\Agt6\_work\_temp\TestResults\c2kbuild_CLTBUILD23 2021-04-12 08_12_36\In\7ddec16a-e315-43a7-83c8-2ccddb07eabe\CLTBUILD23&gt;if not defined TestLocation (set TestLocation=. ) &#xD;
&#xD;
C:\Agt6\_work\_temp\TestResults\c2kbuild_CLTBUILD23 2021-04-12 08_12_36\In\7ddec16a-e315-43a7-83c8-2ccddb07eabe\CLTBUILD23&gt;set CollectionFileName=c:\agt6\_work\6\a\api\environment\regapiautomation\testdata\studentisir\prereq\..\..\..\..\..\PreReq\PreReq-ImportISIR.postman_collection.json &#xD;
&#xD;
C:\Agt6\_work\_temp\TestResults\c2kbuild_CLTBUILD23 2021-04-12 08_12_36\In\7ddec16a-e315-43a7-83c8-2ccddb07eabe\CLTBUILD23&gt;set DataFileName=c:\agt6\_work\6\a\api\environment\regapiautomation\testdata\studentisir\prereq\PreReq-AppProc-StudentISIR-Corrections@HP-Submit.data.json &#xD;
&#xD;
C:\Agt6\_work\_temp\TestResults\c2kbuild_CLTBUILD23 2021-04-12 08_12_36\In\7ddec16a-e315-43a7-83c8-2ccddb07eabe\CLTBUILD23&gt;set EnvironmentFilePath=c:\agt6\_work\6\a\api\environment\regapiautomation\testdata\studentisir\prereq\..\..\..\RegApiAutoEnvironment.postman_environment.json &#xD;
&#xD;
C:\Agt6\_work\_temp\TestResults\c2kbuild_CLTBUILD23 2021-04-12 08_12_36\In\7ddec16a-e315-43a7-83c8-2ccddb07eabe\CLTBUILD23&gt;set HtmlResultsFile=PreReq-AppProc-StudentISIR-Corrections@HP-Submit_Html.html &#xD;
&#xD;
C:\Agt6\_work\_temp\TestResults\c2kbuild_CLTBUILD23 2021-04-12 08_12_36\In\7ddec16a-e315-43a7-83c8-2ccddb07eabe\CLTBUILD23&gt;set JunitResultsFile=PreReq-AppProc-StudentISIR-Corrections@HP-Submit_Junit.xml &#xD;
&#xD;
C:\Agt6\_work\_temp\TestResults\c2kbuild_CLTBUILD23 2021-04-12 08_12_36\In\7ddec16a-e315-43a7-83c8-2ccddb07eabe\CLTBUILD23&gt;newman run "c:\agt6\_work\6\a\api\environment\regapiautomation\testdata\studentisir\prereq\..\..\..\..\..\PreReq\PreReq-ImportISIR.postman_collection.json" -k -d "c:\agt6\_work\6\a\api\environment\regapiautomation\testdata\studentisir\prereq\PreReq-AppProc-StudentISIR-Corrections@HP-Submit.data.json" -e "c:\agt6\_work\6\a\api\environment\regapiautomation\testdata\studentisir\prereq\..\..\..\RegApiAutoEnvironment.postman_environment.json" -r junit,html --reporter-html-export "PreReq-AppProc-StudentISIR-Corrections@HP-Submit_Html.html" --reporter-junit-export "PreReq-AppProc-StudentISIR-Corrections@HP-Submit_Junit.xml"</StdOut>
          </Output>
          <ResultFiles>
            <ResultFile path="CLTBUILD23\PreReq-AppProc-StudentISIR-Corrections@HP-Submit_Html.html" />
            <ResultFile path="CLTBUILD23\PreReq-AppProc-StudentISIR-Corrections@HP-Submit_Junit.xml" />
          </ResultFiles>
        </UnitTestResult>
        <UnitTestResult executionId="e2104b06-a466-4721-b03b-28815e4f1ccc" parentExecutionId="817f157e-ffed-462f-88e4-c65e1012c8cb" testId="b69c1963-70e4-4759-9f98-e185892c0bd8" testName="2- appproc-studentisir-corrections@hp-submit-generictest (OT-12-StudentISIR)" computerName="CLTBUILD23" duration="00:00:07.0676092" startTime="2021-04-12T09:28:42.4677855-04:00" endTime="2021-04-12T09:28:49.5362784-04:00" testType="13cdc9d9-ddb5-4fa4-a97d-d965ccfc6d4b" outcome="Passed" testListId="8c84fa94-04c1-424b-9868-57a2d4851a1d" relativeResultsDirectory="e2104b06-a466-4721-b03b-28815e4f1ccc">
          <Output>
            <StdOut>C:\Agt6\_work\_temp\TestResults\c2kbuild_CLTBUILD23 2021-04-12 08_12_36\In\e2104b06-a466-4721-b03b-28815e4f1ccc\CLTBUILD23&gt;if not defined TestLocation (set TestLocation=. ) &#xD;
&#xD;
C:\Agt6\_work\_temp\TestResults\c2kbuild_CLTBUILD23 2021-04-12 08_12_36\In\e2104b06-a466-4721-b03b-28815e4f1ccc\CLTBUILD23&gt;set CollectionFileName=c:\agt6\_work\6\a\api\environment\regapiautomation\testdata\studentisir\..\..\..\..\Tests\StudentIsir\AppProc-StudentISIR-Corrections@HP-Submit.postman_collection.json &#xD;
&#xD;
C:\Agt6\_work\_temp\TestResults\c2kbuild_CLTBUILD23 2021-04-12 08_12_36\In\e2104b06-a466-4721-b03b-28815e4f1ccc\CLTBUILD23&gt;set DataFileName=c:\agt6\_work\6\a\api\environment\regapiautomation\testdata\studentisir\AppProc-StudentISIR-Corrections@HP-Submit.data.json &#xD;
&#xD;
C:\Agt6\_work\_temp\TestResults\c2kbuild_CLTBUILD23 2021-04-12 08_12_36\In\e2104b06-a466-4721-b03b-28815e4f1ccc\CLTBUILD23&gt;set EnvironmentFilePath=c:\agt6\_work\6\a\api\environment\regapiautomation\testdata\studentisir\..\..\RegApiAutoEnvironment.postman_environment.json &#xD;
&#xD;
C:\Agt6\_work\_temp\TestResults\c2kbuild_CLTBUILD23 2021-04-12 08_12_36\In\e2104b06-a466-4721-b03b-28815e4f1ccc\CLTBUILD23&gt;set HtmlResultsFile=AppProc-StudentISIR-Corrections@HP-Submit_Html.html &#xD;
&#xD;
C:\Agt6\_work\_temp\TestResults\c2kbuild_CLTBUILD23 2021-04-12 08_12_36\In\e2104b06-a466-4721-b03b-28815e4f1ccc\CLTBUILD23&gt;set JunitResultsFile=AppProc-StudentISIR-Corrections@HP-Submit_Junit.xml &#xD;
&#xD;
C:\Agt6\_work\_temp\TestResults\c2kbuild_CLTBUILD23 2021-04-12 08_12_36\In\e2104b06-a466-4721-b03b-28815e4f1ccc\CLTBUILD23&gt;newman run "c:\agt6\_work\6\a\api\environment\regapiautomation\testdata\studentisir\..\..\..\..\Tests\StudentIsir\AppProc-StudentISIR-Corrections@HP-Submit.postman_collection.json" -k -d "c:\agt6\_work\6\a\api\environment\regapiautomation\testdata\studentisir\AppProc-StudentISIR-Corrections@HP-Submit.data.json" -e "c:\agt6\_work\6\a\api\environment\regapiautomation\testdata\studentisir\..\..\RegApiAutoEnvironment.postman_environment.json" -r junit,html --reporter-html-export "AppProc-StudentISIR-Corrections@HP-Submit_Html.html" --reporter-junit-export "AppProc-StudentISIR-Corrections@HP-Submit_Junit.xml"</StdOut>
          </Output>
          <ResultFiles>
            <ResultFile path="CLTBUILD23\AppProc-StudentISIR-Corrections@HP-Submit_Html.html" />
            <ResultFile path="CLTBUILD23\AppProc-StudentISIR-Corrections@HP-Submit_Junit.xml" />
          </ResultFiles>
        </UnitTestResult>
      </InnerResults>
    </TestResultAggregation>
    <TestResultAggregation executionId="a9bbf815-0cf2-4d0e-8149-403984943fdc" testId="119c504d-e47a-4a19-9857-5b3c43f28cc2" testName="OT-05-CODException" computerName="CLTBUILD23" duration="00:01:23.3955792" startTime="2021-04-12T08:36:23.3381609-04:00" endTime="2021-04-12T08:37:46.7764346-04:00" testType="ec4800e8-40e5-4ab3-8510-b8bf29b1904d" outcome="Passed" testListId="8c84fa94-04c1-424b-9868-57a2d4851a1d" relativeResultsDirectory="a9bbf815-0cf2-4d0e-8149-403984943fdc">
      <InnerResults>
        <UnitTestResult executionId="8d0c3dec-d7db-496c-9799-c7d932aa6e43" parentExecutionId="a9bbf815-0cf2-4d0e-8149-403984943fdc" testId="9fe321cd-6109-4ae5-8e8a-2c866e06c51e" testName="1- prereq-cod-exceptions@hp-resolve-award-bn-createstudent-generictest (OT-05-CODException)" computerName="CLTBUILD23" duration="00:00:08.4145184" startTime="2021-04-12T08:36:23.3401594-04:00" endTime="2021-04-12T08:36:31.7605224-04:00" testType="13cdc9d9-ddb5-4fa4-a97d-d965ccfc6d4b" outcome="Passed" testListId="8c84fa94-04c1-424b-9868-57a2d4851a1d" relativeResultsDirectory="8d0c3dec-d7db-496c-9799-c7d932aa6e43">
          <Output>
            <StdOut>C:\Agt6\_work\_temp\TestResults\c2kbuild_CLTBUILD23 2021-04-12 08_12_36\In\8d0c3dec-d7db-496c-9799-c7d932aa6e43\CLTBUILD23&gt;if not defined TestLocation (set TestLocation=. ) &#xD;
&#xD;
C:\Agt6\_work\_temp\TestResults\c2kbuild_CLTBUILD23 2021-04-12 08_12_36\In\8d0c3dec-d7db-496c-9799-c7d932aa6e43\CLTBUILD23&gt;set CollectionFileName=c:\agt6\_work\6\a\api\environment\regapiautomation\testdata\codexceptions\prereq\..\..\..\..\..\PreReq\PreReq-CreateStudent.postman_collection.json &#xD;
&#xD;
C:\Agt6\_work\_temp\TestResults\c2kbuild_CLTBUILD23 2021-04-12 08_12_36\In\8d0c3dec-d7db-496c-9799-c7d932aa6e43\CLTBUILD23&gt;set DataFileName=c:\agt6\_work\6\a\api\environment\regapiautomation\testdata\codexceptions\prereq\PreReq-COD-Exceptions@HP-Resolve-Award-BN-CreateStudent.data.csv &#xD;
&#xD;
C:\Agt6\_work\_temp\TestResults\c2kbuild_CLTBUILD23 2021-04-12 08_12_36\In\8d0c3dec-d7db-496c-9799-c7d932aa6e43\CLTBUILD23&gt;set EnvironmentFilePath=c:\agt6\_work\6\a\api\environment\regapiautomation\testdata\codexceptions\prereq\..\..\..\RegApiAutoEnvironment.postman_environment.json &#xD;
&#xD;
C:\Agt6\_work\_temp\TestResults\c2kbuild_CLTBUILD23 2021-04-12 08_12_36\In\8d0c3dec-d7db-496c-9799-c7d932aa6e43\CLTBUILD23&gt;set HtmlResultsFile=PreReq-COD-Exceptions@HP-Resolve-Award-BN-CreateStudent_Html.html &#xD;
&#xD;
C:\Agt6\_work\_temp\TestResults\c2kbuild_CLTBUILD23 2021-04-12 08_12_36\In\8d0c3dec-d7db-496c-9799-c7d932aa6e43\CLTBUILD23&gt;set JunitResultsFile=PreReq-COD-Exceptions@HP-Resolve-Award-BN-CreateStudent_Junit.xml &#xD;
&#xD;
C:\Agt6\_work\_temp\TestResults\c2kbuild_CLTBUILD23 2021-04-12 08_12_36\In\8d0c3dec-d7db-496c-9799-c7d932aa6e43\CLTBUILD23&gt;newman run "c:\agt6\_work\6\a\api\environment\regapiautomation\testdata\codexceptions\prereq\..\..\..\..\..\PreReq\PreReq-CreateStudent.postman_collection.json" -k -d "c:\agt6\_work\6\a\api\environment\regapiautomation\testdata\codexceptions\prereq\PreReq-COD-Exceptions@HP-Resolve-Award-BN-CreateStudent.data.csv" -e "c:\agt6\_work\6\a\api\environment\regapiautomation\testdata\codexceptions\prereq\..\..\..\RegApiAutoEnvironment.postman_environment.json" -r junit,html --reporter-html-export "PreReq-COD-Exceptions@HP-Resolve-Award-BN-CreateStudent_Html.html" --reporter-junit-export "PreReq-COD-Exceptions@HP-Resolve-Award-BN-CreateStudent_Junit.xml"</StdOut>
          </Output>
          <ResultFiles>
            <ResultFile path="CLTBUILD23\PreReq-COD-Exceptions@HP-Resolve-Award-BN-CreateStudent_Html.html" />
            <ResultFile path="CLTBUILD23\PreReq-COD-Exceptions@HP-Resolve-Award-BN-CreateStudent_Junit.xml" />
          </ResultFiles>
        </UnitTestResult>
        <UnitTestResult executionId="09a86f22-1347-440b-a485-3614faf5ba01" parentExecutionId="a9bbf815-0cf2-4d0e-8149-403984943fdc" testId="d7ab1bf6-1adb-4780-abe0-69ff4d3b2b83" testName="2- prereq-cod-exceptions@hp-resolve-award-bn-importisir-generictest (OT-05-CODException)" computerName="CLTBUILD23" duration="00:00:08.2554420" startTime="2021-04-12T08:36:31.7605224-04:00" endTime="2021-04-12T08:36:40.0285961-04:00" testType="13cdc9d9-ddb5-4fa4-a97d-d965ccfc6d4b" outcome="Passed" testListId="8c84fa94-04c1-424b-9868-57a2d4851a1d" relativeResultsDirectory="09a86f22-1347-440b-a485-3614faf5ba01">
          <Output>
            <StdOut>C:\Agt6\_work\_temp\TestResults\c2kbuild_CLTBUILD23 2021-04-12 08_12_36\In\09a86f22-1347-440b-a485-3614faf5ba01\CLTBUILD23&gt;if not defined TestLocation (set TestLocation=. ) &#xD;
&#xD;
C:\Agt6\_work\_temp\TestResults\c2kbuild_CLTBUILD23 2021-04-12 08_12_36\In\09a86f22-1347-440b-a485-3614faf5ba01\CLTBUILD23&gt;set CollectionFileName=c:\agt6\_work\6\a\api\environment\regapiautomation\testdata\codexceptions\prereq\..\..\..\..\..\PreReq\PreReq-ImportISIR.postman_collection.json &#xD;
&#xD;
C:\Agt6\_work\_temp\TestResults\c2kbuild_CLTBUILD23 2021-04-12 08_12_36\In\09a86f22-1347-440b-a485-3614faf5ba01\CLTBUILD23&gt;set DataFileName=c:\agt6\_work\6\a\api\environment\regapiautomation\testdata\codexceptions\prereq\PreReq-COD-Exceptions@HP-Resolve-Award-BN-ImportISIR.data.json &#xD;
&#xD;
C:\Agt6\_work\_temp\TestResults\c2kbuild_CLTBUILD23 2021-04-12 08_12_36\In\09a86f22-1347-440b-a485-3614faf5ba01\CLTBUILD23&gt;set EnvironmentFilePath=c:\agt6\_work\6\a\api\environment\regapiautomation\testdata\codexceptions\prereq\..\..\..\RegApiAutoEnvironment.postman_environment.json &#xD;
&#xD;
C:\Agt6\_work\_temp\TestResults\c2kbuild_CLTBUILD23 2021-04-12 08_12_36\In\09a86f22-1347-440b-a485-3614faf5ba01\CLTBUILD23&gt;set HtmlResultsFile=PreReq-COD-Exceptions@HP-Resolve-Award-BN-ImportISIR_Html.html &#xD;
&#xD;
C:\Agt6\_work\_temp\TestResults\c2kbuild_CLTBUILD23 2021-04-12 08_12_36\In\09a86f22-1347-440b-a485-3614faf5ba01\CLTBUILD23&gt;set JunitResultsFile=PreReq-COD-Exceptions@HP-Resolve-Award-BN-ImportISIR_Junit.xml &#xD;
&#xD;
C:\Agt6\_work\_temp\TestResults\c2kbuild_CLTBUILD23 2021-04-12 08_12_36\In\09a86f22-1347-440b-a485-3614faf5ba01\CLTBUILD23&gt;newman run "c:\agt6\_work\6\a\api\environment\regapiautomation\testdata\codexceptions\prereq\..\..\..\..\..\PreReq\PreReq-ImportISIR.postman_collection.json" -k -d "c:\agt6\_work\6\a\api\environment\regapiautomation\testdata\codexceptions\prereq\PreReq-COD-Exceptions@HP-Resolve-Award-BN-ImportISIR.data.json" -e "c:\agt6\_work\6\a\api\environment\regapiautomation\testdata\codexceptions\prereq\..\..\..\RegApiAutoEnvironment.postman_environment.json" -r junit,html --reporter-html-export "PreReq-COD-Exceptions@HP-Resolve-Award-BN-ImportISIR_Html.html" --reporter-junit-export "PreReq-COD-Exceptions@HP-Resolve-Award-BN-ImportISIR_Junit.xml"</StdOut>
          </Output>
          <ResultFiles>
            <ResultFile path="CLTBUILD23\PreReq-COD-Exceptions@HP-Resolve-Award-BN-ImportISIR_Html.html" />
            <ResultFile path="CLTBUILD23\PreReq-COD-Exceptions@HP-Resolve-Award-BN-ImportISIR_Junit.xml" />
          </ResultFiles>
        </UnitTestResult>
        <UnitTestResult executionId="3eb2a1a7-5566-4638-ae74-9aca3434bfdd" parentExecutionId="a9bbf815-0cf2-4d0e-8149-403984943fdc" testId="191809a0-2f40-4296-8a92-cfd5bd90c313" testName="3- prereq-cod-exceptions@hp-resolve-award-bn-enrollstudent-generictest (OT-05-CODException)" computerName="CLTBUILD23" duration="00:00:15.1077568" startTime="2021-04-12T08:36:40.0295986-04:00" endTime="2021-04-12T08:36:55.1464058-04:00" testType="13cdc9d9-ddb5-4fa4-a97d-d965ccfc6d4b" outcome="Passed" testListId="8c84fa94-04c1-424b-9868-57a2d4851a1d" relativeResultsDirectory="3eb2a1a7-5566-4638-ae74-9aca3434bfdd">
          <Output>
            <StdOut>C:\Agt6\_work\_temp\TestResults\c2kbuild_CLTBUILD23 2021-04-12 08_12_36\In\3eb2a1a7-5566-4638-ae74-9aca3434bfdd\CLTBUILD23&gt;if not defined TestLocation (set TestLocation=. ) &#xD;
&#xD;
C:\Agt6\_work\_temp\TestResults\c2kbuild_CLTBUILD23 2021-04-12 08_12_36\In\3eb2a1a7-5566-4638-ae74-9aca3434bfdd\CLTBUILD23&gt;set CollectionFileName=c:\agt6\_work\6\a\api\environment\regapiautomation\testdata\codexceptions\prereq\..\..\..\..\..\PreReq\PreReq-EnrollStudent.postman_collection.json &#xD;
&#xD;
C:\Agt6\_work\_temp\TestResults\c2kbuild_CLTBUILD23 2021-04-12 08_12_36\In\3eb2a1a7-5566-4638-ae74-9aca3434bfdd\CLTBUILD23&gt;set DataFileName=c:\agt6\_work\6\a\api\environment\regapiautomation\testdata\codexceptions\prereq\PreReq-COD-Exceptions@HP-Resolve-Award-BN-EnrollStudent.data.csv &#xD;
&#xD;
C:\Agt6\_work\_temp\TestResults\c2kbuild_CLTBUILD23 2021-04-12 08_12_36\In\3eb2a1a7-5566-4638-ae74-9aca3434bfdd\CLTBUILD23&gt;set EnvironmentFilePath=c:\agt6\_work\6\a\api\environment\regapiautomation\testdata\codexceptions\prereq\..\..\..\RegApiAutoEnvironment.postman_environment.json &#xD;
&#xD;
C:\Agt6\_work\_temp\TestResults\c2kbuild_CLTBUILD23 2021-04-12 08_12_36\In\3eb2a1a7-5566-4638-ae74-9aca3434bfdd\CLTBUILD23&gt;set HtmlResultsFile=PreReq-COD-Exceptions@HP-Resolve-Award-BN-EnrollStudent_Html.html &#xD;
&#xD;
C:\Agt6\_work\_temp\TestResults\c2kbuild_CLTBUILD23 2021-04-12 08_12_36\In\3eb2a1a7-5566-4638-ae74-9aca3434bfdd\CLTBUILD23&gt;set JunitResultsFile=PreReq-COD-Exceptions@HP-Resolve-Award-BN-EnrollStudent_Junit.xml &#xD;
&#xD;
C:\Agt6\_work\_temp\TestResults\c2kbuild_CLTBUILD23 2021-04-12 08_12_36\In\3eb2a1a7-5566-4638-ae74-9aca3434bfdd\CLTBUILD23&gt;newman run "c:\agt6\_work\6\a\api\environment\regapiautomation\testdata\codexceptions\prereq\..\..\..\..\..\PreReq\PreReq-EnrollStudent.postman_collection.json" -k -d "c:\agt6\_work\6\a\api\environment\regapiautomation\testdata\codexceptions\prereq\PreReq-COD-Exceptions@HP-Resolve-Award-BN-EnrollStudent.data.csv" -e "c:\agt6\_work\6\a\api\environment\regapiautomation\testdata\codexceptions\prereq\..\..\..\RegApiAutoEnvironment.postman_environment.json" -r junit,html --reporter-html-export "PreReq-COD-Exceptions@HP-Resolve-Award-BN-EnrollStudent_Html.html" --reporter-junit-export "PreReq-COD-Exceptions@HP-Resolve-Award-BN-EnrollStudent_Junit.xml"</StdOut>
          </Output>
          <ResultFiles>
            <ResultFile path="CLTBUILD23\PreReq-COD-Exceptions@HP-Resolve-Award-BN-EnrollStudent_Html.html" />
            <ResultFile path="CLTBUILD23\PreReq-COD-Exceptions@HP-Resolve-Award-BN-EnrollStudent_Junit.xml" />
          </ResultFiles>
        </UnitTestResult>
        <UnitTestResult executionId="11264508-a271-4138-88c8-29c553d00c59" parentExecutionId="a9bbf815-0cf2-4d0e-8149-403984943fdc" testId="01ef4fe4-8d78-44b6-9605-758177f06b88" testName="4- prereq-cod-exceptions@hp-resolve-award-bn-updatebudgetforacademicyearforpackaging-generictest (OT-05-CODException)" computerName="CLTBUILD23" duration="00:00:08.6608572" startTime="2021-04-12T08:36:55.1464058-04:00" endTime="2021-04-12T08:37:03.8142106-04:00" testType="13cdc9d9-ddb5-4fa4-a97d-d965ccfc6d4b" outcome="Passed" testListId="8c84fa94-04c1-424b-9868-57a2d4851a1d" relativeResultsDirectory="11264508-a271-4138-88c8-29c553d00c59">
          <Output>
            <StdOut>C:\Agt6\_work\_temp\TestResults\c2kbuild_CLTBUILD23 2021-04-12 08_12_36\In\11264508-a271-4138-88c8-29c553d00c59\CLTBUILD23&gt;if not defined TestLocation (set TestLocation=. ) &#xD;
&#xD;
C:\Agt6\_work\_temp\TestResults\c2kbuild_CLTBUILD23 2021-04-12 08_12_36\In\11264508-a271-4138-88c8-29c553d00c59\CLTBUILD23&gt;set CollectionFileName=c:\agt6\_work\6\a\api\environment\regapiautomation\testdata\codexceptions\prereq\..\..\..\..\..\PreReq\PreReq-UpdateBudgetForAcademicYearForPackaging.postman_collection.json &#xD;
&#xD;
C:\Agt6\_work\_temp\TestResults\c2kbuild_CLTBUILD23 2021-04-12 08_12_36\In\11264508-a271-4138-88c8-29c553d00c59\CLTBUILD23&gt;set DataFileName=c:\agt6\_work\6\a\api\environment\regapiautomation\testdata\codexceptions\prereq\PreReq-COD-Exceptions@HP-Resolve-Award-BN-UpdateBudgetForAcademicYearForPackaging.data.csv &#xD;
&#xD;
C:\Agt6\_work\_temp\TestResults\c2kbuild_CLTBUILD23 2021-04-12 08_12_36\In\11264508-a271-4138-88c8-29c553d00c59\CLTBUILD23&gt;set EnvironmentFilePath=c:\agt6\_work\6\a\api\environment\regapiautomation\testdata\codexceptions\prereq\..\..\..\RegApiAutoEnvironment.postman_environment.json &#xD;
&#xD;
C:\Agt6\_work\_temp\TestResults\c2kbuild_CLTBUILD23 2021-04-12 08_12_36\In\11264508-a271-4138-88c8-29c553d00c59\CLTBUILD23&gt;set HtmlResultsFile=PreReq-COD-Exceptions@HP-Resolve-Award-BN-UpdateBudgetForAcademicYearForPackaging_Html.html &#xD;
&#xD;
C:\Agt6\_work\_temp\TestResults\c2kbuild_CLTBUILD23 2021-04-12 08_12_36\In\11264508-a271-4138-88c8-29c553d00c59\CLTBUILD23&gt;set JunitResultsFile=PreReq-COD-Exceptions@HP-Resolve-Award-BN-UpdateBudgetForAcademicYearForPackaging_Junit.xml &#xD;
&#xD;
C:\Agt6\_work\_temp\TestResults\c2kbuild_CLTBUILD23 2021-04-12 08_12_36\In\11264508-a271-4138-88c8-29c553d00c59\CLTBUILD23&gt;newman run "c:\agt6\_work\6\a\api\environment\regapiautomation\testdata\codexceptions\prereq\..\..\..\..\..\PreReq\PreReq-UpdateBudgetForAcademicYearForPackaging.postman_collection.json" -k -d "c:\agt6\_work\6\a\api\environment\regapiautomation\testdata\codexceptions\prereq\PreReq-COD-Exceptions@HP-Resolve-Award-BN-UpdateBudgetForAcademicYearForPackaging.data.csv" -e "c:\agt6\_work\6\a\api\environment\regapiautomation\testdata\codexceptions\prereq\..\..\..\RegApiAutoEnvironment.postman_environment.json" -r junit,html --reporter-html-export "PreReq-COD-Exceptions@HP-Resolve-Award-BN-UpdateBudgetForAcademicYearForPackaging_Html.html" --reporter-junit-export "PreReq-COD-Exceptions@HP-Resolve-Award-BN-UpdateBudgetForAcademicYearForPackaging_Junit.xml"</StdOut>
          </Output>
          <ResultFiles>
            <ResultFile path="CLTBUILD23\PreReq-COD-Exceptions@HP-Resolve-Award-BN-UpdateBudgetForAcademicYearForPackaging_Html.html" />
            <ResultFile path="CLTBUILD23\PreReq-COD-Exceptions@HP-Resolve-Award-BN-UpdateBudgetForAcademicYearForPackaging_Junit.xml" />
          </ResultFiles>
        </UnitTestResult>
        <UnitTestResult executionId="4758ea31-581d-4d62-86ef-993c370f29ec" parentExecutionId="a9bbf815-0cf2-4d0e-8149-403984943fdc" testId="e73c83c5-79fc-4fae-aeef-b3aa8f461cc4" testName="5- prereq-cod-exceptions@hp-resolve-award-bn-codimport-generictest (OT-05-CODException)" computerName="CLTBUILD23" duration="00:00:11.4055854" startTime="2021-04-12T08:37:03.8142106-04:00" endTime="2021-04-12T08:37:15.2312505-04:00" testType="13cdc9d9-ddb5-4fa4-a97d-d965ccfc6d4b" outcome="Passed" testListId="8c84fa94-04c1-424b-9868-57a2d4851a1d" relativeResultsDirectory="4758ea31-581d-4d62-86ef-993c370f29ec">
          <Output>
            <StdOut>C:\Agt6\_work\_temp\TestResults\c2kbuild_CLTBUILD23 2021-04-12 08_12_36\In\4758ea31-581d-4d62-86ef-993c370f29ec\CLTBUILD23&gt;if not defined TestLocation (set TestLocation=. ) &#xD;
&#xD;
C:\Agt6\_work\_temp\TestResults\c2kbuild_CLTBUILD23 2021-04-12 08_12_36\In\4758ea31-581d-4d62-86ef-993c370f29ec\CLTBUILD23&gt;set CollectionFileName=c:\agt6\_work\6\a\api\environment\regapiautomation\testdata\codexceptions\prereq\..\..\..\..\..\PreReq\PreReq-CODImport.postman_collection.json &#xD;
&#xD;
C:\Agt6\_work\_temp\TestResults\c2kbuild_CLTBUILD23 2021-04-12 08_12_36\In\4758ea31-581d-4d62-86ef-993c370f29ec\CLTBUILD23&gt;set DataFileName=c:\agt6\_work\6\a\api\environment\regapiautomation\testdata\codexceptions\prereq\PreReq-COD-Exceptions@HP-Resolve-Award-BN-CODImport.data.json &#xD;
&#xD;
C:\Agt6\_work\_temp\TestResults\c2kbuild_CLTBUILD23 2021-04-12 08_12_36\In\4758ea31-581d-4d62-86ef-993c370f29ec\CLTBUILD23&gt;set EnvironmentFilePath=c:\agt6\_work\6\a\api\environment\regapiautomation\testdata\codexceptions\prereq\..\..\..\RegApiAutoEnvironment.postman_environment.json &#xD;
&#xD;
C:\Agt6\_work\_temp\TestResults\c2kbuild_CLTBUILD23 2021-04-12 08_12_36\In\4758ea31-581d-4d62-86ef-993c370f29ec\CLTBUILD23&gt;set HtmlResultsFile=PreReq-COD-Exceptions@HP-Resolve-Award-BN-CODImport_Html.html &#xD;
&#xD;
C:\Agt6\_work\_temp\TestResults\c2kbuild_CLTBUILD23 2021-04-12 08_12_36\In\4758ea31-581d-4d62-86ef-993c370f29ec\CLTBUILD23&gt;set JunitResultsFile=PreReq-COD-Exceptions@HP-Resolve-Award-BN-CODImport_Junit.xml &#xD;
&#xD;
C:\Agt6\_work\_temp\TestResults\c2kbuild_CLTBUILD23 2021-04-12 08_12_36\In\4758ea31-581d-4d62-86ef-993c370f29ec\CLTBUILD23&gt;newman run "c:\agt6\_work\6\a\api\environment\regapiautomation\testdata\codexceptions\prereq\..\..\..\..\..\PreReq\PreReq-CODImport.postman_collection.json" -k -d "c:\agt6\_work\6\a\api\environment\regapiautomation\testdata\codexceptions\prereq\PreReq-COD-Exceptions@HP-Resolve-Award-BN-CODImport.data.json" -e "c:\agt6\_work\6\a\api\environment\regapiautomation\testdata\codexceptions\prereq\..\..\..\RegApiAutoEnvironment.postman_environment.json" -r junit,html --reporter-html-export "PreReq-COD-Exceptions@HP-Resolve-Award-BN-CODImport_Html.html" --reporter-junit-export "PreReq-COD-Exceptions@HP-Resolve-Award-BN-CODImport_Junit.xml"</StdOut>
          </Output>
          <ResultFiles>
            <ResultFile path="CLTBUILD23\PreReq-COD-Exceptions@HP-Resolve-Award-BN-CODImport_Html.html" />
            <ResultFile path="CLTBUILD23\PreReq-COD-Exceptions@HP-Resolve-Award-BN-CODImport_Junit.xml" />
          </ResultFiles>
        </UnitTestResult>
        <UnitTestResult executionId="c63badc5-bb52-42c0-98f6-35b540079535" parentExecutionId="a9bbf815-0cf2-4d0e-8149-403984943fdc" testId="d76b35fd-cc5a-4266-a416-2e375d280f74" testName="6- codexceptions@hp-resolve-award-bn-first-generictest (OT-05-CODException)" computerName="CLTBUILD23" duration="00:00:08.1090490" startTime="2021-04-12T08:37:15.2312505-04:00" endTime="2021-04-12T08:37:23.3463593-04:00" testType="13cdc9d9-ddb5-4fa4-a97d-d965ccfc6d4b" outcome="Passed" testListId="8c84fa94-04c1-424b-9868-57a2d4851a1d" relativeResultsDirectory="c63badc5-bb52-42c0-98f6-35b540079535">
          <Output>
            <StdOut>C:\Agt6\_work\_temp\TestResults\c2kbuild_CLTBUILD23 2021-04-12 08_12_36\In\c63badc5-bb52-42c0-98f6-35b540079535\CLTBUILD23&gt;if not defined TestLocation (set TestLocation=. ) &#xD;
&#xD;
C:\Agt6\_work\_temp\TestResults\c2kbuild_CLTBUILD23 2021-04-12 08_12_36\In\c63badc5-bb52-42c0-98f6-35b540079535\CLTBUILD23&gt;set CollectionFileName=c:\agt6\_work\6\a\api\environment\regapiautomation\testdata\codexceptions\..\..\..\..\Tests\CODExceptions\COD-Exceptions@HP-Resolve-Award-BN.postman_collection.json &#xD;
&#xD;
C:\Agt6\_work\_temp\TestResults\c2kbuild_CLTBUILD23 2021-04-12 08_12_36\In\c63badc5-bb52-42c0-98f6-35b540079535\CLTBUILD23&gt;set DataFileName=c:\agt6\_work\6\a\api\environment\regapiautomation\testdata\codexceptions\CODExceptions@HP-Resolve-Award-BN-first.data.json &#xD;
&#xD;
C:\Agt6\_work\_temp\TestResults\c2kbuild_CLTBUILD23 2021-04-12 08_12_36\In\c63badc5-bb52-42c0-98f6-35b540079535\CLTBUILD23&gt;set EnvironmentFilePath=c:\agt6\_work\6\a\api\environment\regapiautomation\testdata\codexceptions\..\..\RegApiAutoEnvironment.postman_environment.json &#xD;
&#xD;
C:\Agt6\_work\_temp\TestResults\c2kbuild_CLTBUILD23 2021-04-12 08_12_36\In\c63badc5-bb52-42c0-98f6-35b540079535\CLTBUILD23&gt;set HtmlResultsFile=CODExceptions@HP-Resolve-Award-BN-first-Html.html &#xD;
&#xD;
C:\Agt6\_work\_temp\TestResults\c2kbuild_CLTBUILD23 2021-04-12 08_12_36\In\c63badc5-bb52-42c0-98f6-35b540079535\CLTBUILD23&gt;set JunitResultsFile=CODExceptions@HP-Resolve-Award-BN-first-Junit.xml &#xD;
&#xD;
C:\Agt6\_work\_temp\TestResults\c2kbuild_CLTBUILD23 2021-04-12 08_12_36\In\c63badc5-bb52-42c0-98f6-35b540079535\CLTBUILD23&gt;newman run "c:\agt6\_work\6\a\api\environment\regapiautomation\testdata\codexceptions\..\..\..\..\Tests\CODExceptions\COD-Exceptions@HP-Resolve-Award-BN.postman_collection.json" -k -d "c:\agt6\_work\6\a\api\environment\regapiautomation\testdata\codexceptions\CODExceptions@HP-Resolve-Award-BN-first.data.json" -e "c:\agt6\_work\6\a\api\environment\regapiautomation\testdata\codexceptions\..\..\RegApiAutoEnvironment.postman_environment.json" -r junit,html --reporter-html-export "CODExceptions@HP-Resolve-Award-BN-first-Html.html" --reporter-junit-export "CODExceptions@HP-Resolve-Award-BN-first-Junit.xml"</StdOut>
          </Output>
          <ResultFiles>
            <ResultFile path="CLTBUILD23\CODExceptions@HP-Resolve-Award-BN-first-Html.html" />
            <ResultFile path="CLTBUILD23\CODExceptions@HP-Resolve-Award-BN-first-Junit.xml" />
          </ResultFiles>
        </UnitTestResult>
        <UnitTestResult executionId="c477c6c6-86ee-4649-96c9-27313b040be8" parentExecutionId="a9bbf815-0cf2-4d0e-8149-403984943fdc" testId="8a86c457-2c3b-4744-a122-30ab66281a61" testName="7- prereq-cod-exceptions@hp-resolve-award-bn-awardgrantorloanforpackaging-generictest (OT-05-CODException)" computerName="CLTBUILD23" duration="00:00:15.5548846" startTime="2021-04-12T08:37:23.3483629-04:00" endTime="2021-04-12T08:37:38.9138524-04:00" testType="13cdc9d9-ddb5-4fa4-a97d-d965ccfc6d4b" outcome="Passed" testListId="8c84fa94-04c1-424b-9868-57a2d4851a1d" relativeResultsDirectory="c477c6c6-86ee-4649-96c9-27313b040be8">
          <Output>
            <StdOut>C:\Agt6\_work\_temp\TestResults\c2kbuild_CLTBUILD23 2021-04-12 08_12_36\In\c477c6c6-86ee-4649-96c9-27313b040be8\CLTBUILD23&gt;if not defined TestLocation (set TestLocation=. ) &#xD;
&#xD;
C:\Agt6\_work\_temp\TestResults\c2kbuild_CLTBUILD23 2021-04-12 08_12_36\In\c477c6c6-86ee-4649-96c9-27313b040be8\CLTBUILD23&gt;set CollectionFileName=c:\agt6\_work\6\a\api\environment\regapiautomation\testdata\codexceptions\prereq\..\..\..\..\..\\PreReq\PreReq-AwardLoanForPackaging.postman_collection.json &#xD;
&#xD;
C:\Agt6\_work\_temp\TestResults\c2kbuild_CLTBUILD23 2021-04-12 08_12_36\In\c477c6c6-86ee-4649-96c9-27313b040be8\CLTBUILD23&gt;set DataFileName=c:\agt6\_work\6\a\api\environment\regapiautomation\testdata\codexceptions\prereq\PreReq-COD-Exceptions@HP-Resolve-Award-BN-AwardGrantorLoanForPackaging.data.csv &#xD;
&#xD;
C:\Agt6\_work\_temp\TestResults\c2kbuild_CLTBUILD23 2021-04-12 08_12_36\In\c477c6c6-86ee-4649-96c9-27313b040be8\CLTBUILD23&gt;set EnvironmentFilePath=c:\agt6\_work\6\a\api\environment\regapiautomation\testdata\codexceptions\prereq\..\..\..\RegApiAutoEnvironment.postman_environment.json &#xD;
&#xD;
C:\Agt6\_work\_temp\TestResults\c2kbuild_CLTBUILD23 2021-04-12 08_12_36\In\c477c6c6-86ee-4649-96c9-27313b040be8\CLTBUILD23&gt;set HtmlResultsFile=PreReq-COD-Exceptions@HP-Resolve-Award-BN-AwardGrantOrLoanForPackaging_Html.html &#xD;
&#xD;
C:\Agt6\_work\_temp\TestResults\c2kbuild_CLTBUILD23 2021-04-12 08_12_36\In\c477c6c6-86ee-4649-96c9-27313b040be8\CLTBUILD23&gt;set JunitResultsFile=PreReq-COD-Exceptions@HP-Resolve-Award-BN-AwardGrantOrLoanForPackaging_Junit.xml &#xD;
&#xD;
C:\Agt6\_work\_temp\TestResults\c2kbuild_CLTBUILD23 2021-04-12 08_12_36\In\c477c6c6-86ee-4649-96c9-27313b040be8\CLTBUILD23&gt;newman run "c:\agt6\_work\6\a\api\environment\regapiautomation\testdata\codexceptions\prereq\..\..\..\..\..\\PreReq\PreReq-AwardLoanForPackaging.postman_collection.json" -k -d "c:\agt6\_work\6\a\api\environment\regapiautomation\testdata\codexceptions\prereq\PreReq-COD-Exceptions@HP-Resolve-Award-BN-AwardGrantorLoanForPackaging.data.csv" -e "c:\agt6\_work\6\a\api\environment\regapiautomation\testdata\codexceptions\prereq\..\..\..\RegApiAutoEnvironment.postman_environment.json" -r junit,html --reporter-html-export "PreReq-COD-Exceptions@HP-Resolve-Award-BN-AwardGrantOrLoanForPackaging_Html.html" --reporter-junit-export "PreReq-COD-Exceptions@HP-Resolve-Award-BN-AwardGrantOrLoanForPackaging_Junit.xml"</StdOut>
          </Output>
          <ResultFiles>
            <ResultFile path="CLTBUILD23\PreReq-COD-Exceptions@HP-Resolve-Award-BN-AwardGrantOrLoanForPackaging_Html.html" />
            <ResultFile path="CLTBUILD23\PreReq-COD-Exceptions@HP-Resolve-Award-BN-AwardGrantOrLoanForPackaging_Junit.xml" />
          </ResultFiles>
        </UnitTestResult>
        <UnitTestResult executionId="31b2a2b5-8e15-4eff-8b2d-d13a34d56bdc" parentExecutionId="a9bbf815-0cf2-4d0e-8149-403984943fdc" testId="f1a8d552-fece-485d-b248-1105498d8e2f" testName="8- codexceptions@hp-resolve-award-bn-second-generictest (OT-05-CODException)" computerName="CLTBUILD23" duration="00:00:07.8521440" startTime="2021-04-12T08:37:38.9138524-04:00" endTime="2021-04-12T08:37:46.7754375-04:00" testType="13cdc9d9-ddb5-4fa4-a97d-d965ccfc6d4b" outcome="Passed" testListId="8c84fa94-04c1-424b-9868-57a2d4851a1d" relativeResultsDirectory="31b2a2b5-8e15-4eff-8b2d-d13a34d56bdc">
          <Output>
            <StdOut>C:\Agt6\_work\_temp\TestResults\c2kbuild_CLTBUILD23 2021-04-12 08_12_36\In\31b2a2b5-8e15-4eff-8b2d-d13a34d56bdc\CLTBUILD23&gt;if not defined TestLocation (set TestLocation=. ) &#xD;
&#xD;
C:\Agt6\_work\_temp\TestResults\c2kbuild_CLTBUILD23 2021-04-12 08_12_36\In\31b2a2b5-8e15-4eff-8b2d-d13a34d56bdc\CLTBUILD23&gt;set CollectionFileName=c:\agt6\_work\6\a\api\environment\regapiautomation\testdata\codexceptions\..\..\..\..\Tests\CODExceptions\COD-Exceptions@HP-Resolve-Award-BN.postman_collection.json &#xD;
&#xD;
C:\Agt6\_work\_temp\TestResults\c2kbuild_CLTBUILD23 2021-04-12 08_12_36\In\31b2a2b5-8e15-4eff-8b2d-d13a34d56bdc\CLTBUILD23&gt;set DataFileName=c:\agt6\_work\6\a\api\environment\regapiautomation\testdata\codexceptions\CODExceptions@HP-Resolve-Award-BN-second.data.json &#xD;
&#xD;
C:\Agt6\_work\_temp\TestResults\c2kbuild_CLTBUILD23 2021-04-12 08_12_36\In\31b2a2b5-8e15-4eff-8b2d-d13a34d56bdc\CLTBUILD23&gt;set EnvironmentFilePath=c:\agt6\_work\6\a\api\environment\regapiautomation\testdata\codexceptions\..\..\RegApiAutoEnvironment.postman_environment.json &#xD;
&#xD;
C:\Agt6\_work\_temp\TestResults\c2kbuild_CLTBUILD23 2021-04-12 08_12_36\In\31b2a2b5-8e15-4eff-8b2d-d13a34d56bdc\CLTBUILD23&gt;set HtmlResultsFile=CODExceptions@HP-Resolve-Award-BN-second-Html.html &#xD;
&#xD;
C:\Agt6\_work\_temp\TestResults\c2kbuild_CLTBUILD23 2021-04-12 08_12_36\In\31b2a2b5-8e15-4eff-8b2d-d13a34d56bdc\CLTBUILD23&gt;set JunitResultsFile=CODExceptions@HP-Resolve-Award-BN-second-Junit.xml &#xD;
&#xD;
C:\Agt6\_work\_temp\TestResults\c2kbuild_CLTBUILD23 2021-04-12 08_12_36\In\31b2a2b5-8e15-4eff-8b2d-d13a34d56bdc\CLTBUILD23&gt;newman run "c:\agt6\_work\6\a\api\environment\regapiautomation\testdata\codexceptions\..\..\..\..\Tests\CODExceptions\COD-Exceptions@HP-Resolve-Award-BN.postman_collection.json" -k -d "c:\agt6\_work\6\a\api\environment\regapiautomation\testdata\codexceptions\CODExceptions@HP-Resolve-Award-BN-second.data.json" -e "c:\agt6\_work\6\a\api\environment\regapiautomation\testdata\codexceptions\..\..\RegApiAutoEnvironment.postman_environment.json" -r junit,html --reporter-html-export "CODExceptions@HP-Resolve-Award-BN-second-Html.html" --reporter-junit-export "CODExceptions@HP-Resolve-Award-BN-second-Junit.xml"</StdOut>
          </Output>
          <ResultFiles>
            <ResultFile path="CLTBUILD23\CODExceptions@HP-Resolve-Award-BN-second-Html.html" />
            <ResultFile path="CLTBUILD23\CODExceptions@HP-Resolve-Award-BN-second-Junit.xml" />
          </ResultFiles>
        </UnitTestResult>
      </InnerResults>
    </TestResultAggregation>
    <TestResultAggregation executionId="08755f92-6828-4339-b171-84cc45efda41" testId="08d6bdce-b153-4366-8c38-979cfe73007d" testName="OT-03D-ApplicationData-Import-Isir-21_22" computerName="CLTBUILD23" duration="00:00:20.1294310" startTime="2021-04-12T08:33:14.5585120-04:00" endTime="2021-04-12T08:33:34.6859536-04:00" testType="ec4800e8-40e5-4ab3-8510-b8bf29b1904d" outcome="Passed" testListId="8c84fa94-04c1-424b-9868-57a2d4851a1d" relativeResultsDirectory="08755f92-6828-4339-b171-84cc45efda41">
      <InnerResults>
        <UnitTestResult executionId="d3c0d383-5623-4dc5-a735-caf11424dbbf" parentExecutionId="08755f92-6828-4339-b171-84cc45efda41" testId="d12c34a8-1010-4092-aaa0-13a8d7f9e4c9" testName="1- appproc-appdata-import@hp-isir-21_22-generictest (OT-03D-ApplicationData-Import-Isir-21_22)" computerName="CLTBUILD23" duration="00:00:20.1270143" startTime="2021-04-12T08:33:14.5595111-04:00" endTime="2021-04-12T08:33:34.6849544-04:00" testType="13cdc9d9-ddb5-4fa4-a97d-d965ccfc6d4b" outcome="Passed" testListId="8c84fa94-04c1-424b-9868-57a2d4851a1d" relativeResultsDirectory="d3c0d383-5623-4dc5-a735-caf11424dbbf">
          <Output>
            <StdOut>C:\Agt6\_work\_temp\TestResults\c2kbuild_CLTBUILD23 2021-04-12 08_12_36\In\d3c0d383-5623-4dc5-a735-caf11424dbbf\CLTBUILD23&gt;if not defined TestLocation (set TestLocation=. ) &#xD;
&#xD;
C:\Agt6\_work\_temp\TestResults\c2kbuild_CLTBUILD23 2021-04-12 08_12_36\In\d3c0d383-5623-4dc5-a735-caf11424dbbf\CLTBUILD23&gt;set CollectionFileName=c:\agt6\_work\6\a\api\environment\regapiautomation\testdata\applicationdata\import\..\..\..\..\..\Tests\ApplicationData\Import\AppProc-AppData-Import@HP-Isir.postman_collection.json &#xD;
&#xD;
C:\Agt6\_work\_temp\TestResults\c2kbuild_CLTBUILD23 2021-04-12 08_12_36\In\d3c0d383-5623-4dc5-a735-caf11424dbbf\CLTBUILD23&gt;set DataFileName=c:\agt6\_work\6\a\api\environment\regapiautomation\testdata\applicationdata\import\AppProc-AppData-Import@HP-Isir-21_22.data.json &#xD;
&#xD;
C:\Agt6\_work\_temp\TestResults\c2kbuild_CLTBUILD23 2021-04-12 08_12_36\In\d3c0d383-5623-4dc5-a735-caf11424dbbf\CLTBUILD23&gt;set EnvironmentFilePath=c:\agt6\_work\6\a\api\environment\regapiautomation\testdata\applicationdata\import\..\..\..\RegApiAutoEnvironment.postman_environment.json &#xD;
&#xD;
C:\Agt6\_work\_temp\TestResults\c2kbuild_CLTBUILD23 2021-04-12 08_12_36\In\d3c0d383-5623-4dc5-a735-caf11424dbbf\CLTBUILD23&gt;set HtmlResultsFile=AppProc-AppData-Import@HP-Isir-21_22-Html.html &#xD;
&#xD;
C:\Agt6\_work\_temp\TestResults\c2kbuild_CLTBUILD23 2021-04-12 08_12_36\In\d3c0d383-5623-4dc5-a735-caf11424dbbf\CLTBUILD23&gt;set JunitResultsFile=AppProc-AppData-Import@HP-Isir-Isir-21_22-Junit.xml &#xD;
&#xD;
C:\Agt6\_work\_temp\TestResults\c2kbuild_CLTBUILD23 2021-04-12 08_12_36\In\d3c0d383-5623-4dc5-a735-caf11424dbbf\CLTBUILD23&gt;newman run "c:\agt6\_work\6\a\api\environment\regapiautomation\testdata\applicationdata\import\..\..\..\..\..\Tests\ApplicationData\Import\AppProc-AppData-Import@HP-Isir.postman_collection.json" -k -d "c:\agt6\_work\6\a\api\environment\regapiautomation\testdata\applicationdata\import\AppProc-AppData-Import@HP-Isir-21_22.data.json" -e "c:\agt6\_work\6\a\api\environment\regapiautomation\testdata\applicationdata\import\..\..\..\RegApiAutoEnvironment.postman_environment.json" -r junit,html --reporter-html-export "AppProc-AppData-Import@HP-Isir-21_22-Html.html" --reporter-junit-export "AppProc-AppData-Import@HP-Isir-Isir-21_22-Junit.xml"</StdOut>
          </Output>
          <ResultFiles>
            <ResultFile path="CLTBUILD23\AppProc-AppData-Import@HP-Isir-21_22-Html.html" />
            <ResultFile path="CLTBUILD23\AppProc-AppData-Import@HP-Isir-Isir-21_22-Junit.xml" />
          </ResultFiles>
        </UnitTestResult>
      </InnerResults>
    </TestResultAggregation>
    <TestResultAggregation executionId="ee0af9ad-87c1-4def-ba51-b7af8c54b6fa" testId="d0465c44-c0a3-4efd-b6f7-32369218ba8b" testName="OT-06T-FISAP-InvalidTransId-19_20" computerName="CLTBUILD23" duration="00:01:10.5366639" startTime="2021-04-12T09:01:36.4932851-04:00" endTime="2021-04-12T09:02:47.0221716-04:00" testType="ec4800e8-40e5-4ab3-8510-b8bf29b1904d" outcome="Passed" testListId="8c84fa94-04c1-424b-9868-57a2d4851a1d" relativeResultsDirectory="ee0af9ad-87c1-4def-ba51-b7af8c54b6fa">
      <InnerResults>
        <UnitTestResult executionId="fa0cacd7-b4a9-4c3b-9826-839600f6719d" parentExecutionId="ee0af9ad-87c1-4def-ba51-b7af8c54b6fa" testId="305c4654-072a-4b98-9b74-a06a57852618" testName="1- prereq-fisap-datacorrection@invalidtransid-19_20-createstudent-generictest (OT-06T-FISAP-InvalidTransId-19_20)" computerName="CLTBUILD23" duration="00:00:08.5038647" startTime="2021-04-12T09:01:36.4942857-04:00" endTime="2021-04-12T09:01:44.9986702-04:00" testType="13cdc9d9-ddb5-4fa4-a97d-d965ccfc6d4b" outcome="Passed" testListId="8c84fa94-04c1-424b-9868-57a2d4851a1d" relativeResultsDirectory="fa0cacd7-b4a9-4c3b-9826-839600f6719d">
          <Output>
            <StdOut>C:\Agt6\_work\_temp\TestResults\c2kbuild_CLTBUILD23 2021-04-12 08_12_36\In\fa0cacd7-b4a9-4c3b-9826-839600f6719d\CLTBUILD23&gt;if not defined TestLocation (set TestLocation=. ) &#xD;
&#xD;
C:\Agt6\_work\_temp\TestResults\c2kbuild_CLTBUILD23 2021-04-12 08_12_36\In\fa0cacd7-b4a9-4c3b-9826-839600f6719d\CLTBUILD23&gt;set CollectionFileName=c:\agt6\_work\6\a\api\environment\regapiautomation\testdata\fisap-datacorrection\prereq-invalidtransid-19_20\..\..\..\..\..\PreReq\PreReq-CreateStudent.postman_collection.json &#xD;
&#xD;
C:\Agt6\_work\_temp\TestResults\c2kbuild_CLTBUILD23 2021-04-12 08_12_36\In\fa0cacd7-b4a9-4c3b-9826-839600f6719d\CLTBUILD23&gt;set DataFileName=c:\agt6\_work\6\a\api\environment\regapiautomation\testdata\fisap-datacorrection\prereq-invalidtransid-19_20\PreReq-FISAP-DataCorrection@InvalidTransId-19_20-CreateStudent.data.csv &#xD;
&#xD;
C:\Agt6\_work\_temp\TestResults\c2kbuild_CLTBUILD23 2021-04-12 08_12_36\In\fa0cacd7-b4a9-4c3b-9826-839600f6719d\CLTBUILD23&gt;set EnvironmentFilePath=c:\agt6\_work\6\a\api\environment\regapiautomation\testdata\fisap-datacorrection\prereq-invalidtransid-19_20\..\..\..\RegApiAutoEnvironment.postman_environment.json &#xD;
&#xD;
C:\Agt6\_work\_temp\TestResults\c2kbuild_CLTBUILD23 2021-04-12 08_12_36\In\fa0cacd7-b4a9-4c3b-9826-839600f6719d\CLTBUILD23&gt;set HtmlResultsFile=CreateStudent_Html.html &#xD;
&#xD;
C:\Agt6\_work\_temp\TestResults\c2kbuild_CLTBUILD23 2021-04-12 08_12_36\In\fa0cacd7-b4a9-4c3b-9826-839600f6719d\CLTBUILD23&gt;set JunitResultsFile=CreateStudent_Junit.xml &#xD;
&#xD;
C:\Agt6\_work\_temp\TestResults\c2kbuild_CLTBUILD23 2021-04-12 08_12_36\In\fa0cacd7-b4a9-4c3b-9826-839600f6719d\CLTBUILD23&gt;newman run "c:\agt6\_work\6\a\api\environment\regapiautomation\testdata\fisap-datacorrection\prereq-invalidtransid-19_20\..\..\..\..\..\PreReq\PreReq-CreateStudent.postman_collection.json" -k -d "c:\agt6\_work\6\a\api\environment\regapiautomation\testdata\fisap-datacorrection\prereq-invalidtransid-19_20\PreReq-FISAP-DataCorrection@InvalidTransId-19_20-CreateStudent.data.csv" -e "c:\agt6\_work\6\a\api\environment\regapiautomation\testdata\fisap-datacorrection\prereq-invalidtransid-19_20\..\..\..\RegApiAutoEnvironment.postman_environment.json" -r junit,html --reporter-html-export "CreateStudent_Html.html" --reporter-junit-export "CreateStudent_Junit.xml"</StdOut>
          </Output>
          <ResultFiles>
            <ResultFile path="CLTBUILD23\CreateStudent_Html.html" />
            <ResultFile path="CLTBUILD23\CreateStudent_Junit.xml" />
          </ResultFiles>
        </UnitTestResult>
        <UnitTestResult executionId="2704ee25-4ed0-4f60-950b-c0cda5d98dcb" parentExecutionId="ee0af9ad-87c1-4def-ba51-b7af8c54b6fa" testId="416e150d-4f12-4c15-8ab3-858f45027575" testName="2- prereq-fisap-datacorrection@invalidtransid-19_20-importisir-generictest (OT-06T-FISAP-InvalidTransId-19_20)" computerName="CLTBUILD23" duration="00:00:08.2945778" startTime="2021-04-12T09:01:44.9986702-04:00" endTime="2021-04-12T09:01:53.2970659-04:00" testType="13cdc9d9-ddb5-4fa4-a97d-d965ccfc6d4b" outcome="Passed" testListId="8c84fa94-04c1-424b-9868-57a2d4851a1d" relativeResultsDirectory="2704ee25-4ed0-4f60-950b-c0cda5d98dcb">
          <Output>
            <StdOut>C:\Agt6\_work\_temp\TestResults\c2kbuild_CLTBUILD23 2021-04-12 08_12_36\In\2704ee25-4ed0-4f60-950b-c0cda5d98dcb\CLTBUILD23&gt;if not defined TestLocation (set TestLocation=. ) &#xD;
&#xD;
C:\Agt6\_work\_temp\TestResults\c2kbuild_CLTBUILD23 2021-04-12 08_12_36\In\2704ee25-4ed0-4f60-950b-c0cda5d98dcb\CLTBUILD23&gt;set CollectionFileName=c:\agt6\_work\6\a\api\environment\regapiautomation\testdata\fisap-datacorrection\prereq-invalidtransid-19_20\..\..\..\..\..\PreReq\PreReq-ImportIsir.postman_collection.json &#xD;
&#xD;
C:\Agt6\_work\_temp\TestResults\c2kbuild_CLTBUILD23 2021-04-12 08_12_36\In\2704ee25-4ed0-4f60-950b-c0cda5d98dcb\CLTBUILD23&gt;set DataFileName=c:\agt6\_work\6\a\api\environment\regapiautomation\testdata\fisap-datacorrection\prereq-invalidtransid-19_20\PreReq-FISAP-DataCorrection@InvalidTransId-19_20-ImportIsir.data.json &#xD;
&#xD;
C:\Agt6\_work\_temp\TestResults\c2kbuild_CLTBUILD23 2021-04-12 08_12_36\In\2704ee25-4ed0-4f60-950b-c0cda5d98dcb\CLTBUILD23&gt;set EnvironmentFilePath=c:\agt6\_work\6\a\api\environment\regapiautomation\testdata\fisap-datacorrection\prereq-invalidtransid-19_20\..\..\..\RegApiAutoEnvironment.postman_environment.json &#xD;
&#xD;
C:\Agt6\_work\_temp\TestResults\c2kbuild_CLTBUILD23 2021-04-12 08_12_36\In\2704ee25-4ed0-4f60-950b-c0cda5d98dcb\CLTBUILD23&gt;set HtmlResultsFile=PreReq-ImportIsir_Html.html &#xD;
&#xD;
C:\Agt6\_work\_temp\TestResults\c2kbuild_CLTBUILD23 2021-04-12 08_12_36\In\2704ee25-4ed0-4f60-950b-c0cda5d98dcb\CLTBUILD23&gt;set JunitResultsFile=PreReq-ImportIsir_Junit.xml &#xD;
&#xD;
C:\Agt6\_work\_temp\TestResults\c2kbuild_CLTBUILD23 2021-04-12 08_12_36\In\2704ee25-4ed0-4f60-950b-c0cda5d98dcb\CLTBUILD23&gt;newman run "c:\agt6\_work\6\a\api\environment\regapiautomation\testdata\fisap-datacorrection\prereq-invalidtransid-19_20\..\..\..\..\..\PreReq\PreReq-ImportIsir.postman_collection.json" -k -d "c:\agt6\_work\6\a\api\environment\regapiautomation\testdata\fisap-datacorrection\prereq-invalidtransid-19_20\PreReq-FISAP-DataCorrection@InvalidTransId-19_20-ImportIsir.data.json" -e "c:\agt6\_work\6\a\api\environment\regapiautomation\testdata\fisap-datacorrection\prereq-invalidtransid-19_20\..\..\..\RegApiAutoEnvironment.postman_environment.json" -r junit,html --reporter-html-export "PreReq-ImportIsir_Html.html" --reporter-junit-export "PreReq-ImportIsir_Junit.xml"</StdOut>
          </Output>
          <ResultFiles>
            <ResultFile path="CLTBUILD23\PreReq-ImportIsir_Html.html" />
            <ResultFile path="CLTBUILD23\PreReq-ImportIsir_Junit.xml" />
          </ResultFiles>
        </UnitTestResult>
        <UnitTestResult executionId="b82db9ed-d74b-46d9-923e-a9800c1d5b27" parentExecutionId="ee0af9ad-87c1-4def-ba51-b7af8c54b6fa" testId="b04ea982-999d-49ae-b2f9-0e826d2ad849" testName="3- prereq-fisap-datacorrection@invalidtransid-19_20-enrollstudent-generictest (OT-06T-FISAP-InvalidTransId-19_20)" computerName="CLTBUILD23" duration="00:00:11.7222079" startTime="2021-04-12T09:01:53.2980651-04:00" endTime="2021-04-12T09:02:05.0202163-04:00" testType="13cdc9d9-ddb5-4fa4-a97d-d965ccfc6d4b" outcome="Passed" testListId="8c84fa94-04c1-424b-9868-57a2d4851a1d" relativeResultsDirectory="b82db9ed-d74b-46d9-923e-a9800c1d5b27">
          <Output>
            <StdOut>C:\Agt6\_work\_temp\TestResults\c2kbuild_CLTBUILD23 2021-04-12 08_12_36\In\b82db9ed-d74b-46d9-923e-a9800c1d5b27\CLTBUILD23&gt;if not defined TestLocation (set TestLocation=. ) &#xD;
&#xD;
C:\Agt6\_work\_temp\TestResults\c2kbuild_CLTBUILD23 2021-04-12 08_12_36\In\b82db9ed-d74b-46d9-923e-a9800c1d5b27\CLTBUILD23&gt;set CollectionFileName=c:\agt6\_work\6\a\api\environment\regapiautomation\testdata\fisap-datacorrection\prereq-invalidtransid-19_20\..\..\..\..\..\PreReq\PreReq-EnrollStudent.postman_collection.json &#xD;
&#xD;
C:\Agt6\_work\_temp\TestResults\c2kbuild_CLTBUILD23 2021-04-12 08_12_36\In\b82db9ed-d74b-46d9-923e-a9800c1d5b27\CLTBUILD23&gt;set DataFileName=c:\agt6\_work\6\a\api\environment\regapiautomation\testdata\fisap-datacorrection\prereq-invalidtransid-19_20\PreReq-FISAP-DataCorrection@InvalidTransId-19_20-EnrollStudent.data.csv &#xD;
&#xD;
C:\Agt6\_work\_temp\TestResults\c2kbuild_CLTBUILD23 2021-04-12 08_12_36\In\b82db9ed-d74b-46d9-923e-a9800c1d5b27\CLTBUILD23&gt;set EnvironmentFilePath=c:\agt6\_work\6\a\api\environment\regapiautomation\testdata\fisap-datacorrection\prereq-invalidtransid-19_20\..\..\..\RegApiAutoEnvironment.postman_environment.json &#xD;
&#xD;
C:\Agt6\_work\_temp\TestResults\c2kbuild_CLTBUILD23 2021-04-12 08_12_36\In\b82db9ed-d74b-46d9-923e-a9800c1d5b27\CLTBUILD23&gt;set HtmlResultsFile=EnrollStudent_Html.html &#xD;
&#xD;
C:\Agt6\_work\_temp\TestResults\c2kbuild_CLTBUILD23 2021-04-12 08_12_36\In\b82db9ed-d74b-46d9-923e-a9800c1d5b27\CLTBUILD23&gt;set JunitResultsFile=EnrollStudent_Junit.xml &#xD;
&#xD;
C:\Agt6\_work\_temp\TestResults\c2kbuild_CLTBUILD23 2021-04-12 08_12_36\In\b82db9ed-d74b-46d9-923e-a9800c1d5b27\CLTBUILD23&gt;newman run "c:\agt6\_work\6\a\api\environment\regapiautomation\testdata\fisap-datacorrection\prereq-invalidtransid-19_20\..\..\..\..\..\PreReq\PreReq-EnrollStudent.postman_collection.json" -k -d "c:\agt6\_work\6\a\api\environment\regapiautomation\testdata\fisap-datacorrection\prereq-invalidtransid-19_20\PreReq-FISAP-DataCorrection@InvalidTransId-19_20-EnrollStudent.data.csv" -e "c:\agt6\_work\6\a\api\environment\regapiautomation\testdata\fisap-datacorrection\prereq-invalidtransid-19_20\..\..\..\RegApiAutoEnvironment.postman_environment.json" -r junit,html --reporter-html-export "EnrollStudent_Html.html" --reporter-junit-export "EnrollStudent_Junit.xml"</StdOut>
          </Output>
          <ResultFiles>
            <ResultFile path="CLTBUILD23\EnrollStudent_Html.html" />
            <ResultFile path="CLTBUILD23\EnrollStudent_Junit.xml" />
          </ResultFiles>
        </UnitTestResult>
        <UnitTestResult executionId="e748bf57-68b0-49fb-aa3d-8d59037d538f" parentExecutionId="ee0af9ad-87c1-4def-ba51-b7af8c54b6fa" testId="60cde5a2-b74b-44a5-a608-03a8d2719416" testName="4- prereq-fisap-datacorrection@invalidtransid-19_20-registerclassandpostattendance-generictest (OT-06T-FISAP-InvalidTransId-19_20)" computerName="CLTBUILD23" duration="00:00:08.5107018" startTime="2021-04-12T09:02:05.0202163-04:00" endTime="2021-04-12T09:02:13.5325971-04:00" testType="13cdc9d9-ddb5-4fa4-a97d-d965ccfc6d4b" outcome="Passed" testListId="8c84fa94-04c1-424b-9868-57a2d4851a1d" relativeResultsDirectory="e748bf57-68b0-49fb-aa3d-8d59037d538f">
          <Output>
            <StdOut>C:\Agt6\_work\_temp\TestResults\c2kbuild_CLTBUILD23 2021-04-12 08_12_36\In\e748bf57-68b0-49fb-aa3d-8d59037d538f\CLTBUILD23&gt;if not defined TestLocation (set TestLocation=. ) &#xD;
&#xD;
C:\Agt6\_work\_temp\TestResults\c2kbuild_CLTBUILD23 2021-04-12 08_12_36\In\e748bf57-68b0-49fb-aa3d-8d59037d538f\CLTBUILD23&gt;set CollectionFileName=c:\agt6\_work\6\a\api\environment\regapiautomation\testdata\fisap-datacorrection\prereq-invalidtransid-19_20\..\..\..\..\..\PreReq\PreReq-RegisterClassAndPostAttendanceForStudent.postman_collection.json &#xD;
&#xD;
C:\Agt6\_work\_temp\TestResults\c2kbuild_CLTBUILD23 2021-04-12 08_12_36\In\e748bf57-68b0-49fb-aa3d-8d59037d538f\CLTBUILD23&gt;set DataFileName=c:\agt6\_work\6\a\api\environment\regapiautomation\testdata\fisap-datacorrection\prereq-invalidtransid-19_20\PreReq-FISAP-DataCorrection@InvalidTransId-19_20-RegisterClassAndPostAttendance.csv &#xD;
&#xD;
C:\Agt6\_work\_temp\TestResults\c2kbuild_CLTBUILD23 2021-04-12 08_12_36\In\e748bf57-68b0-49fb-aa3d-8d59037d538f\CLTBUILD23&gt;set EnvironmentFilePath=c:\agt6\_work\6\a\api\environment\regapiautomation\testdata\fisap-datacorrection\prereq-invalidtransid-19_20\..\..\..\RegApiAutoEnvironment.postman_environment.json &#xD;
&#xD;
C:\Agt6\_work\_temp\TestResults\c2kbuild_CLTBUILD23 2021-04-12 08_12_36\In\e748bf57-68b0-49fb-aa3d-8d59037d538f\CLTBUILD23&gt;set HtmlResultsFile=PreReq-RegisterClassAndPostAttendance_Html.html &#xD;
&#xD;
C:\Agt6\_work\_temp\TestResults\c2kbuild_CLTBUILD23 2021-04-12 08_12_36\In\e748bf57-68b0-49fb-aa3d-8d59037d538f\CLTBUILD23&gt;set JunitResultsFile=PreReq-RegisterClassAndPostAttendance_Junit.xml &#xD;
&#xD;
C:\Agt6\_work\_temp\TestResults\c2kbuild_CLTBUILD23 2021-04-12 08_12_36\In\e748bf57-68b0-49fb-aa3d-8d59037d538f\CLTBUILD23&gt;newman run "c:\agt6\_work\6\a\api\environment\regapiautomation\testdata\fisap-datacorrection\prereq-invalidtransid-19_20\..\..\..\..\..\PreReq\PreReq-RegisterClassAndPostAttendanceForStudent.postman_collection.json" -k -d "c:\agt6\_work\6\a\api\environment\regapiautomation\testdata\fisap-datacorrection\prereq-invalidtransid-19_20\PreReq-FISAP-DataCorrection@InvalidTransId-19_20-RegisterClassAndPostAttendance.csv" -e "c:\agt6\_work\6\a\api\environment\regapiautomation\testdata\fisap-datacorrection\prereq-invalidtransid-19_20\..\..\..\RegApiAutoEnvironment.postman_environment.json" -r junit,html --reporter-html-export "PreReq-RegisterClassAndPostAttendance_Html.html" --reporter-junit-export "PreReq-RegisterClassAndPostAttendance_Junit.xml"</StdOut>
          </Output>
          <ResultFiles>
            <ResultFile path="CLTBUILD23\PreReq-RegisterClassAndPostAttendance_Html.html" />
            <ResultFile path="CLTBUILD23\PreReq-RegisterClassAndPostAttendance_Junit.xml" />
          </ResultFiles>
        </UnitTestResult>
        <UnitTestResult executionId="320655a5-2f79-4b07-bb81-cab281a4de34" parentExecutionId="ee0af9ad-87c1-4def-ba51-b7af8c54b6fa" testId="9c658faa-926b-4aa2-9f34-a0cf9f3f4055" testName="5- prereq-fisap-datacorrection@invalidtransid-19_20-updatebudgetforacademicyearforpackaging-generictest (OT-06T-FISAP-InvalidTransId-19_20)" computerName="CLTBUILD23" duration="00:00:08.6215110" startTime="2021-04-12T09:02:13.5325971-04:00" endTime="2021-04-12T09:02:22.1559680-04:00" testType="13cdc9d9-ddb5-4fa4-a97d-d965ccfc6d4b" outcome="Passed" testListId="8c84fa94-04c1-424b-9868-57a2d4851a1d" relativeResultsDirectory="320655a5-2f79-4b07-bb81-cab281a4de34">
          <Output>
            <StdOut>C:\Agt6\_work\_temp\TestResults\c2kbuild_CLTBUILD23 2021-04-12 08_12_36\In\320655a5-2f79-4b07-bb81-cab281a4de34\CLTBUILD23&gt;if not defined TestLocation (set TestLocation=. ) &#xD;
&#xD;
C:\Agt6\_work\_temp\TestResults\c2kbuild_CLTBUILD23 2021-04-12 08_12_36\In\320655a5-2f79-4b07-bb81-cab281a4de34\CLTBUILD23&gt;set CollectionFileName=c:\agt6\_work\6\a\api\environment\regapiautomation\testdata\fisap-datacorrection\prereq-invalidtransid-19_20\..\..\..\..\..\PreReq\PreReq-UpdateBudgetForAcademicYearForPackaging.postman_collection.json &#xD;
&#xD;
C:\Agt6\_work\_temp\TestResults\c2kbuild_CLTBUILD23 2021-04-12 08_12_36\In\320655a5-2f79-4b07-bb81-cab281a4de34\CLTBUILD23&gt;set DataFileName=c:\agt6\_work\6\a\api\environment\regapiautomation\testdata\fisap-datacorrection\prereq-invalidtransid-19_20\PreReq-FISAP-DataCorrection@InvalidTransId-19_20-UpdateBudgetForAcademicYearForPackaging.data.csv &#xD;
&#xD;
C:\Agt6\_work\_temp\TestResults\c2kbuild_CLTBUILD23 2021-04-12 08_12_36\In\320655a5-2f79-4b07-bb81-cab281a4de34\CLTBUILD23&gt;set EnvironmentFilePath=c:\agt6\_work\6\a\api\environment\regapiautomation\testdata\fisap-datacorrection\prereq-invalidtransid-19_20\..\..\..\RegApiAutoEnvironment.postman_environment.json &#xD;
&#xD;
C:\Agt6\_work\_temp\TestResults\c2kbuild_CLTBUILD23 2021-04-12 08_12_36\In\320655a5-2f79-4b07-bb81-cab281a4de34\CLTBUILD23&gt;set HtmlResultsFile=PreReq-UpdateBudgetForAcademicYearForPackaging_Html.html &#xD;
&#xD;
C:\Agt6\_work\_temp\TestResults\c2kbuild_CLTBUILD23 2021-04-12 08_12_36\In\320655a5-2f79-4b07-bb81-cab281a4de34\CLTBUILD23&gt;set JunitResultsFile=PreReq-UpdateBudgetForAcademicYearForPackaging_Junit.xml &#xD;
&#xD;
C:\Agt6\_work\_temp\TestResults\c2kbuild_CLTBUILD23 2021-04-12 08_12_36\In\320655a5-2f79-4b07-bb81-cab281a4de34\CLTBUILD23&gt;newman run "c:\agt6\_work\6\a\api\environment\regapiautomation\testdata\fisap-datacorrection\prereq-invalidtransid-19_20\..\..\..\..\..\PreReq\PreReq-UpdateBudgetForAcademicYearForPackaging.postman_collection.json" -k -d "c:\agt6\_work\6\a\api\environment\regapiautomation\testdata\fisap-datacorrection\prereq-invalidtransid-19_20\PreReq-FISAP-DataCorrection@InvalidTransId-19_20-UpdateBudgetForAcademicYearForPackaging.data.csv" -e "c:\agt6\_work\6\a\api\environment\regapiautomation\testdata\fisap-datacorrection\prereq-invalidtransid-19_20\..\..\..\RegApiAutoEnvironment.postman_environment.json" -r junit,html --reporter-html-export "PreReq-UpdateBudgetForAcademicYearForPackaging_Html.html" --reporter-junit-export "PreReq-UpdateBudgetForAcademicYearForPackaging_Junit.xml"</StdOut>
          </Output>
          <ResultFiles>
            <ResultFile path="CLTBUILD23\PreReq-UpdateBudgetForAcademicYearForPackaging_Html.html" />
            <ResultFile path="CLTBUILD23\PreReq-UpdateBudgetForAcademicYearForPackaging_Junit.xml" />
          </ResultFiles>
        </UnitTestResult>
        <UnitTestResult executionId="e3bd15ea-4f63-4023-ad4e-2ff417cd4152" parentExecutionId="ee0af9ad-87c1-4def-ba51-b7af8c54b6fa" testId="8aede2d5-5a4e-4ed0-a62d-d713395b6abb" testName="6- prereq-fisap-datacorrection@invalidtransid-19_20-awardgrantforpackaging-generictest (OT-06T-FISAP-InvalidTransId-19_20)" computerName="CLTBUILD23" duration="00:00:09.2621062" startTime="2021-04-12T09:02:22.1569676-04:00" endTime="2021-04-12T09:02:31.4213022-04:00" testType="13cdc9d9-ddb5-4fa4-a97d-d965ccfc6d4b" outcome="Passed" testListId="8c84fa94-04c1-424b-9868-57a2d4851a1d" relativeResultsDirectory="e3bd15ea-4f63-4023-ad4e-2ff417cd4152">
          <Output>
            <StdOut>C:\Agt6\_work\_temp\TestResults\c2kbuild_CLTBUILD23 2021-04-12 08_12_36\In\e3bd15ea-4f63-4023-ad4e-2ff417cd4152\CLTBUILD23&gt;if not defined TestLocation (set TestLocation=. ) &#xD;
&#xD;
C:\Agt6\_work\_temp\TestResults\c2kbuild_CLTBUILD23 2021-04-12 08_12_36\In\e3bd15ea-4f63-4023-ad4e-2ff417cd4152\CLTBUILD23&gt;set CollectionFileName=c:\agt6\_work\6\a\api\environment\regapiautomation\testdata\fisap-datacorrection\prereq-invalidtransid-19_20\..\..\..\..\..\PreReq\PreReq-AwardGrantForPackaging.postman_collection.json &#xD;
&#xD;
C:\Agt6\_work\_temp\TestResults\c2kbuild_CLTBUILD23 2021-04-12 08_12_36\In\e3bd15ea-4f63-4023-ad4e-2ff417cd4152\CLTBUILD23&gt;set DataFileName=c:\agt6\_work\6\a\api\environment\regapiautomation\testdata\fisap-datacorrection\prereq-invalidtransid-19_20\PreReq-FISAP-DataCorrection@InvalidTransId-19_20-AwardGrantForPackaging.data.csv &#xD;
&#xD;
C:\Agt6\_work\_temp\TestResults\c2kbuild_CLTBUILD23 2021-04-12 08_12_36\In\e3bd15ea-4f63-4023-ad4e-2ff417cd4152\CLTBUILD23&gt;set EnvironmentFilePath=c:\agt6\_work\6\a\api\environment\regapiautomation\testdata\fisap-datacorrection\prereq-invalidtransid-19_20\..\..\..\RegApiAutoEnvironment.postman_environment.json &#xD;
&#xD;
C:\Agt6\_work\_temp\TestResults\c2kbuild_CLTBUILD23 2021-04-12 08_12_36\In\e3bd15ea-4f63-4023-ad4e-2ff417cd4152\CLTBUILD23&gt;set HtmlResultsFile=PreReq-AwardGrantForPackaging_Html.html &#xD;
&#xD;
C:\Agt6\_work\_temp\TestResults\c2kbuild_CLTBUILD23 2021-04-12 08_12_36\In\e3bd15ea-4f63-4023-ad4e-2ff417cd4152\CLTBUILD23&gt;set JunitResultsFile=PreReq-AwardGrantForPackaging_Junit.xml &#xD;
&#xD;
C:\Agt6\_work\_temp\TestResults\c2kbuild_CLTBUILD23 2021-04-12 08_12_36\In\e3bd15ea-4f63-4023-ad4e-2ff417cd4152\CLTBUILD23&gt;newman run "c:\agt6\_work\6\a\api\environment\regapiautomation\testdata\fisap-datacorrection\prereq-invalidtransid-19_20\..\..\..\..\..\PreReq\PreReq-AwardGrantForPackaging.postman_collection.json" -k -d "c:\agt6\_work\6\a\api\environment\regapiautomation\testdata\fisap-datacorrection\prereq-invalidtransid-19_20\PreReq-FISAP-DataCorrection@InvalidTransId-19_20-AwardGrantForPackaging.data.csv" -e "c:\agt6\_work\6\a\api\environment\regapiautomation\testdata\fisap-datacorrection\prereq-invalidtransid-19_20\..\..\..\RegApiAutoEnvironment.postman_environment.json" -r junit,html --reporter-html-export "PreReq-AwardGrantForPackaging_Html.html" --reporter-junit-export "PreReq-AwardGrantForPackaging_Junit.xml"</StdOut>
          </Output>
          <ResultFiles>
            <ResultFile path="CLTBUILD23\PreReq-AwardGrantForPackaging_Html.html" />
            <ResultFile path="CLTBUILD23\PreReq-AwardGrantForPackaging_Junit.xml" />
          </ResultFiles>
        </UnitTestResult>
        <UnitTestResult executionId="52e68fde-564c-4830-bb38-173b8601c3ea" parentExecutionId="ee0af9ad-87c1-4def-ba51-b7af8c54b6fa" testId="3c3dc518-0a0a-49e9-8de7-9d1c7822773c" testName="7- prereq-fisap-datacorrection@invalidtransid-19_20-postpaymentledgercard-generictest (OT-06T-FISAP-InvalidTransId-19_20)" computerName="CLTBUILD23" duration="00:00:08.1477578" startTime="2021-04-12T09:02:31.4223014-04:00" endTime="2021-04-12T09:02:39.5817072-04:00" testType="13cdc9d9-ddb5-4fa4-a97d-d965ccfc6d4b" outcome="Passed" testListId="8c84fa94-04c1-424b-9868-57a2d4851a1d" relativeResultsDirectory="52e68fde-564c-4830-bb38-173b8601c3ea">
          <Output>
            <StdOut>C:\Agt6\_work\_temp\TestResults\c2kbuild_CLTBUILD23 2021-04-12 08_12_36\In\52e68fde-564c-4830-bb38-173b8601c3ea\CLTBUILD23&gt;if not defined TestLocation (set TestLocation=. ) &#xD;
&#xD;
C:\Agt6\_work\_temp\TestResults\c2kbuild_CLTBUILD23 2021-04-12 08_12_36\In\52e68fde-564c-4830-bb38-173b8601c3ea\CLTBUILD23&gt;set CollectionFileName=c:\agt6\_work\6\a\api\environment\regapiautomation\testdata\fisap-datacorrection\prereq-invalidtransid-19_20\..\..\..\..\..\PreReq\PreReq-PostPaymentLedgerCard.postman_collection.json &#xD;
&#xD;
C:\Agt6\_work\_temp\TestResults\c2kbuild_CLTBUILD23 2021-04-12 08_12_36\In\52e68fde-564c-4830-bb38-173b8601c3ea\CLTBUILD23&gt;set DataFileName=c:\agt6\_work\6\a\api\environment\regapiautomation\testdata\fisap-datacorrection\prereq-invalidtransid-19_20\PreReq-FISAP-DataCorrection@InvalidTransId-19_20-PostPaymentLedgerCard.data.json &#xD;
&#xD;
C:\Agt6\_work\_temp\TestResults\c2kbuild_CLTBUILD23 2021-04-12 08_12_36\In\52e68fde-564c-4830-bb38-173b8601c3ea\CLTBUILD23&gt;set EnvironmentFilePath=c:\agt6\_work\6\a\api\environment\regapiautomation\testdata\fisap-datacorrection\prereq-invalidtransid-19_20\..\..\..\RegApiAutoEnvironment.postman_environment.json &#xD;
&#xD;
C:\Agt6\_work\_temp\TestResults\c2kbuild_CLTBUILD23 2021-04-12 08_12_36\In\52e68fde-564c-4830-bb38-173b8601c3ea\CLTBUILD23&gt;set HtmlResultsFile=PreReq-PostPaymentLedgerCard_Html.html &#xD;
&#xD;
C:\Agt6\_work\_temp\TestResults\c2kbuild_CLTBUILD23 2021-04-12 08_12_36\In\52e68fde-564c-4830-bb38-173b8601c3ea\CLTBUILD23&gt;set JunitResultsFile=PreReq-PostPaymentLdegerCard_Junit.xml &#xD;
&#xD;
C:\Agt6\_work\_temp\TestResults\c2kbuild_CLTBUILD23 2021-04-12 08_12_36\In\52e68fde-564c-4830-bb38-173b8601c3ea\CLTBUILD23&gt;newman run "c:\agt6\_work\6\a\api\environment\regapiautomation\testdata\fisap-datacorrection\prereq-invalidtransid-19_20\..\..\..\..\..\PreReq\PreReq-PostPaymentLedgerCard.postman_collection.json" -k -d "c:\agt6\_work\6\a\api\environment\regapiautomation\testdata\fisap-datacorrection\prereq-invalidtransid-19_20\PreReq-FISAP-DataCorrection@InvalidTransId-19_20-PostPaymentLedgerCard.data.json" -e "c:\agt6\_work\6\a\api\environment\regapiautomation\testdata\fisap-datacorrection\prereq-invalidtransid-19_20\..\..\..\RegApiAutoEnvironment.postman_environment.json" -r junit,html --reporter-html-export "PreReq-PostPaymentLedgerCard_Html.html" --reporter-junit-export "PreReq-PostPaymentLdegerCard_Junit.xml"</StdOut>
          </Output>
          <ResultFiles>
            <ResultFile path="CLTBUILD23\PreReq-PostPaymentLdegerCard_Junit.xml" />
            <ResultFile path="CLTBUILD23\PreReq-PostPaymentLedgerCard_Html.html" />
          </ResultFiles>
        </UnitTestResult>
        <UnitTestResult executionId="d3bceb28-1c44-49cb-bab0-78cc32d56eb5" parentExecutionId="ee0af9ad-87c1-4def-ba51-b7af8c54b6fa" testId="570c9cec-b671-49b8-aabc-f25dd4eb0b8d" testName="8- fisap-datacorrection@invalidtransid-19_20-generictest (OT-06T-FISAP-InvalidTransId-19_20)" computerName="CLTBUILD23" duration="00:00:07.4318137" startTime="2021-04-12T09:02:39.5827104-04:00" endTime="2021-04-12T09:02:47.0211715-04:00" testType="13cdc9d9-ddb5-4fa4-a97d-d965ccfc6d4b" outcome="Passed" testListId="8c84fa94-04c1-424b-9868-57a2d4851a1d" relativeResultsDirectory="d3bceb28-1c44-49cb-bab0-78cc32d56eb5">
          <Output>
            <StdOut>C:\Agt6\_work\_temp\TestResults\c2kbuild_CLTBUILD23 2021-04-12 08_12_36\In\d3bceb28-1c44-49cb-bab0-78cc32d56eb5\CLTBUILD23&gt;if not defined TestLocation (set TestLocation=. ) &#xD;
&#xD;
C:\Agt6\_work\_temp\TestResults\c2kbuild_CLTBUILD23 2021-04-12 08_12_36\In\d3bceb28-1c44-49cb-bab0-78cc32d56eb5\CLTBUILD23&gt;set CollectionFileName=c:\agt6\_work\6\a\api\environment\regapiautomation\testdata\fisap-datacorrection\..\..\..\..\Tests\FISAP-DataCorrection\FISAP-DataCorrection@InvalidTransId.postman_collection.json &#xD;
&#xD;
C:\Agt6\_work\_temp\TestResults\c2kbuild_CLTBUILD23 2021-04-12 08_12_36\In\d3bceb28-1c44-49cb-bab0-78cc32d56eb5\CLTBUILD23&gt;set DataFileName=c:\agt6\_work\6\a\api\environment\regapiautomation\testdata\fisap-datacorrection\FISAP-DataCorrection@InvalidTransId-19_20.data.json &#xD;
&#xD;
C:\Agt6\_work\_temp\TestResults\c2kbuild_CLTBUILD23 2021-04-12 08_12_36\In\d3bceb28-1c44-49cb-bab0-78cc32d56eb5\CLTBUILD23&gt;set EnvironmentFilePath=c:\agt6\_work\6\a\api\environment\regapiautomation\testdata\fisap-datacorrection\..\..\RegApiAutoEnvironment.postman_environment.json &#xD;
&#xD;
C:\Agt6\_work\_temp\TestResults\c2kbuild_CLTBUILD23 2021-04-12 08_12_36\In\d3bceb28-1c44-49cb-bab0-78cc32d56eb5\CLTBUILD23&gt;set HtmlResultsFile=FISAP-DataCorrection@InvalidTransId-19_20-Html.html &#xD;
&#xD;
C:\Agt6\_work\_temp\TestResults\c2kbuild_CLTBUILD23 2021-04-12 08_12_36\In\d3bceb28-1c44-49cb-bab0-78cc32d56eb5\CLTBUILD23&gt;set JunitResultsFile=FISAP-DataCorrection@InvalidTransId-19_20-Junit.xml &#xD;
&#xD;
C:\Agt6\_work\_temp\TestResults\c2kbuild_CLTBUILD23 2021-04-12 08_12_36\In\d3bceb28-1c44-49cb-bab0-78cc32d56eb5\CLTBUILD23&gt;newman run "c:\agt6\_work\6\a\api\environment\regapiautomation\testdata\fisap-datacorrection\..\..\..\..\Tests\FISAP-DataCorrection\FISAP-DataCorrection@InvalidTransId.postman_collection.json" -k -d "c:\agt6\_work\6\a\api\environment\regapiautomation\testdata\fisap-datacorrection\FISAP-DataCorrection@InvalidTransId-19_20.data.json" -e "c:\agt6\_work\6\a\api\environment\regapiautomation\testdata\fisap-datacorrection\..\..\RegApiAutoEnvironment.postman_environment.json" -r junit,html --reporter-html-export "FISAP-DataCorrection@InvalidTransId-19_20-Html.html" --reporter-junit-export "FISAP-DataCorrection@InvalidTransId-19_20-Junit.xml"</StdOut>
          </Output>
          <ResultFiles>
            <ResultFile path="CLTBUILD23\FISAP-DataCorrection@InvalidTransId-19_20-Html.html" />
            <ResultFile path="CLTBUILD23\FISAP-DataCorrection@InvalidTransId-19_20-Junit.xml" />
          </ResultFiles>
        </UnitTestResult>
      </InnerResults>
    </TestResultAggregation>
    <TestResultAggregation executionId="f73c1d31-982d-4299-979d-5e75a58a7144" testId="15a39eaa-8ba6-43c1-85e7-93c75dd186e7" testName="OT-02-CODImport" computerName="CLTBUILD23" duration="00:01:28.1570919" startTime="2021-04-12T08:23:46.8188446-04:00" endTime="2021-04-12T08:25:14.9626828-04:00" testType="ec4800e8-40e5-4ab3-8510-b8bf29b1904d" outcome="Failed" testListId="8c84fa94-04c1-424b-9868-57a2d4851a1d" relativeResultsDirectory="f73c1d31-982d-4299-979d-5e75a58a7144">
      <InnerResults>
        <UnitTestResult executionId="d4a944d1-a6ff-4992-a4ce-6242ea9f9642" parentExecutionId="f73c1d31-982d-4299-979d-5e75a58a7144" testId="bbc2aef8-2bd3-4a54-aa40-2cdabd5efc3f" testName="1- codimport@hp-generictest (OT-02-CODImport)" computerName="CLTBUILD23" duration="00:01:28.1514690" startTime="2021-04-12T08:23:46.8198371-04:00" endTime="2021-04-12T08:25:14.9616801-04:00" testType="13cdc9d9-ddb5-4fa4-a97d-d965ccfc6d4b" outcome="Failed" testListId="8c84fa94-04c1-424b-9868-57a2d4851a1d" relativeResultsDirectory="d4a944d1-a6ff-4992-a4ce-6242ea9f9642">
          <Output>
            <StdOut>C:\Agt6\_work\_temp\TestResults\c2kbuild_CLTBUILD23 2021-04-12 08_12_36\In\d4a944d1-a6ff-4992-a4ce-6242ea9f9642\CLTBUILD23&gt;if not defined TestLocation (set TestLocation=. ) &#xD;
&#xD;
C:\Agt6\_work\_temp\TestResults\c2kbuild_CLTBUILD23 2021-04-12 08_12_36\In\d4a944d1-a6ff-4992-a4ce-6242ea9f9642\CLTBUILD23&gt;set CollectionFileName=c:\agt6\_work\6\a\api\environment\regapiautomation\testdata\codimport\..\..\..\..\Tests\CODImport\CODImport@HP.postman_collection.json &#xD;
&#xD;
C:\Agt6\_work\_temp\TestResults\c2kbuild_CLTBUILD23 2021-04-12 08_12_36\In\d4a944d1-a6ff-4992-a4ce-6242ea9f9642\CLTBUILD23&gt;set DataFileName=c:\agt6\_work\6\a\api\environment\regapiautomation\testdata\codimport\CODImport@HP.data.json &#xD;
&#xD;
C:\Agt6\_work\_temp\TestResults\c2kbuild_CLTBUILD23 2021-04-12 08_12_36\In\d4a944d1-a6ff-4992-a4ce-6242ea9f9642\CLTBUILD23&gt;set EnvironmentFilePath=c:\agt6\_work\6\a\api\environment\regapiautomation\testdata\codimport\..\..\RegApiAutoEnvironment.postman_environment.json &#xD;
&#xD;
C:\Agt6\_work\_temp\TestResults\c2kbuild_CLTBUILD23 2021-04-12 08_12_36\In\d4a944d1-a6ff-4992-a4ce-6242ea9f9642\CLTBUILD23&gt;set HtmlResultsFile=Tests_CODImport@HP-Import_Html.html &#xD;
&#xD;
C:\Agt6\_work\_temp\TestResults\c2kbuild_CLTBUILD23 2021-04-12 08_12_36\In\d4a944d1-a6ff-4992-a4ce-6242ea9f9642\CLTBUILD23&gt;set JunitResultsFile=Tests_CODImport@HP-Import_Junit.xml &#xD;
&#xD;
C:\Agt6\_work\_temp\TestResults\c2kbuild_CLTBUILD23 2021-04-12 08_12_36\In\d4a944d1-a6ff-4992-a4ce-6242ea9f9642\CLTBUILD23&gt;newman run "c:\agt6\_work\6\a\api\environment\regapiautomation\testdata\codimport\..\..\..\..\Tests\CODImport\CODImport@HP.postman_collection.json" -k -d "c:\agt6\_work\6\a\api\environment\regapiautomation\testdata\codimport\CODImport@HP.data.json" -e "c:\agt6\_work\6\a\api\environment\regapiautomation\testdata\codimport\..\..\RegApiAutoEnvironment.postman_environment.json" -r junit,html --reporter-html-export "Tests_CODImport@HP-Import_Html.html" --reporter-junit-export "Tests_CODImport@HP-Import_Junit.xml"</StdOut>
            <ErrorInfo>
              <Message>The test failed with exit code 1.</Message>
            </ErrorInfo>
          </Output>
          <ResultFiles>
            <ResultFile path="CLTBUILD23\Tests_CODImport@HP-Import_Html.html" />
            <ResultFile path="CLTBUILD23\Tests_CODImport@HP-Import_Junit.xml" />
          </ResultFiles>
        </UnitTestResult>
      </InnerResults>
    </TestResultAggregation>
    <TestResultAggregation executionId="02dc448d-3784-4be8-8eb6-9db0795d6d96" testId="bc4e7082-cfcc-46c7-a1c4-9de3c5d60bde" testName="OT-10K-CollegeFinancePlan-Program-Print-20_21" computerName="CLTBUILD23" duration="00:00:08.9288467" startTime="2021-04-12T09:22:14.2540227-04:00" endTime="2021-04-12T09:22:23.1873830-04:00" testType="ec4800e8-40e5-4ab3-8510-b8bf29b1904d" outcome="Passed" testListId="8c84fa94-04c1-424b-9868-57a2d4851a1d" relativeResultsDirectory="02dc448d-3784-4be8-8eb6-9db0795d6d96">
      <InnerResults>
        <UnitTestResult executionId="8e3b8353-6ab8-4c55-93d4-f0d6545af0d2" parentExecutionId="02dc448d-3784-4be8-8eb6-9db0795d6d96" testId="881b9e47-fdf9-4481-98c4-d1f009f262cc" testName="1- shoppingsheets-program@hp-print-20_21-generictest (OT-10K-CollegeFinancePlan-Program-Print-20_21)" computerName="CLTBUILD23" duration="00:00:08.9270664" startTime="2021-04-12T09:22:14.2600193-04:00" endTime="2021-04-12T09:22:23.1873830-04:00" testType="13cdc9d9-ddb5-4fa4-a97d-d965ccfc6d4b" outcome="Passed" testListId="8c84fa94-04c1-424b-9868-57a2d4851a1d" relativeResultsDirectory="8e3b8353-6ab8-4c55-93d4-f0d6545af0d2">
          <Output>
            <StdOut>C:\Agt6\_work\_temp\TestResults\c2kbuild_CLTBUILD23 2021-04-12 08_12_36\In\8e3b8353-6ab8-4c55-93d4-f0d6545af0d2\CLTBUILD23&gt;if not defined TestLocation (set TestLocation=. ) &#xD;
&#xD;
C:\Agt6\_work\_temp\TestResults\c2kbuild_CLTBUILD23 2021-04-12 08_12_36\In\8e3b8353-6ab8-4c55-93d4-f0d6545af0d2\CLTBUILD23&gt;set CollectionFileName=c:\agt6\_work\6\a\api\environment\regapiautomation\testdata\shoppingsheets\..\..\..\..\Tests\ShoppingSheets\ShoppingSheets-Program@HP-Print.postman_collection.json &#xD;
&#xD;
C:\Agt6\_work\_temp\TestResults\c2kbuild_CLTBUILD23 2021-04-12 08_12_36\In\8e3b8353-6ab8-4c55-93d4-f0d6545af0d2\CLTBUILD23&gt;set DataFileName=c:\agt6\_work\6\a\api\environment\regapiautomation\testdata\shoppingsheets\ShoppingSheets-Program@HP-Print-20_21.data.json &#xD;
&#xD;
C:\Agt6\_work\_temp\TestResults\c2kbuild_CLTBUILD23 2021-04-12 08_12_36\In\8e3b8353-6ab8-4c55-93d4-f0d6545af0d2\CLTBUILD23&gt;set EnvironmentFilePath=c:\agt6\_work\6\a\api\environment\regapiautomation\testdata\shoppingsheets\..\..\RegApiAutoEnvironment.postman_environment.json &#xD;
&#xD;
C:\Agt6\_work\_temp\TestResults\c2kbuild_CLTBUILD23 2021-04-12 08_12_36\In\8e3b8353-6ab8-4c55-93d4-f0d6545af0d2\CLTBUILD23&gt;set HtmlResultsFile=ShoppingSheets-Program@HP-Print-20_21_Html.html &#xD;
&#xD;
C:\Agt6\_work\_temp\TestResults\c2kbuild_CLTBUILD23 2021-04-12 08_12_36\In\8e3b8353-6ab8-4c55-93d4-f0d6545af0d2\CLTBUILD23&gt;set JunitResultsFile=ShoppingSheets-Program@HP-Print-20_21_Junit.xml &#xD;
&#xD;
C:\Agt6\_work\_temp\TestResults\c2kbuild_CLTBUILD23 2021-04-12 08_12_36\In\8e3b8353-6ab8-4c55-93d4-f0d6545af0d2\CLTBUILD23&gt;newman run "c:\agt6\_work\6\a\api\environment\regapiautomation\testdata\shoppingsheets\..\..\..\..\Tests\ShoppingSheets\ShoppingSheets-Program@HP-Print.postman_collection.json" -k -d "c:\agt6\_work\6\a\api\environment\regapiautomation\testdata\shoppingsheets\ShoppingSheets-Program@HP-Print-20_21.data.json" -e "c:\agt6\_work\6\a\api\environment\regapiautomation\testdata\shoppingsheets\..\..\RegApiAutoEnvironment.postman_environment.json" -r junit,html --reporter-html-export "ShoppingSheets-Program@HP-Print-20_21_Html.html" --reporter-junit-export "ShoppingSheets-Program@HP-Print-20_21_Junit.xml"</StdOut>
          </Output>
          <ResultFiles>
            <ResultFile path="CLTBUILD23\ShoppingSheets-Program@HP-Print-20_21_Html.html" />
            <ResultFile path="CLTBUILD23\ShoppingSheets-Program@HP-Print-20_21_Junit.xml" />
          </ResultFiles>
        </UnitTestResult>
      </InnerResults>
    </TestResultAggregation>
    <TestResultAggregation executionId="9333d4d9-6198-463e-a6dd-a3a4c0a7a69f" testId="0bfbc540-49fd-4a69-b315-20f863a3eb6d" testName="OT-04-ClearingHouse" computerName="CLTBUILD23" duration="00:02:04.6109173" startTime="2021-04-12T08:34:18.6183343-04:00" endTime="2021-04-12T08:36:23.3311574-04:00" testType="ec4800e8-40e5-4ab3-8510-b8bf29b1904d" outcome="Passed" testListId="8c84fa94-04c1-424b-9868-57a2d4851a1d" relativeResultsDirectory="9333d4d9-6198-463e-a6dd-a3a4c0a7a69f">
      <InnerResults>
        <UnitTestResult executionId="8b3cca0c-812d-45f3-b463-827b016fa1ee" parentExecutionId="9333d4d9-6198-463e-a6dd-a3a4c0a7a69f" testId="ef59b41e-05ff-4a43-903f-d90989ee2e0e" testName="1- prereq-clearinghouse-export@hp-export-createstudent-generictest (OT-04-ClearingHouse)" computerName="CLTBUILD23" duration="00:00:12.3356356" startTime="2021-04-12T08:34:18.6203368-04:00" endTime="2021-04-12T08:34:30.9705912-04:00" testType="13cdc9d9-ddb5-4fa4-a97d-d965ccfc6d4b" outcome="Passed" testListId="8c84fa94-04c1-424b-9868-57a2d4851a1d" relativeResultsDirectory="8b3cca0c-812d-45f3-b463-827b016fa1ee">
          <Output>
            <StdOut>C:\Agt6\_work\_temp\TestResults\c2kbuild_CLTBUILD23 2021-04-12 08_12_36\In\8b3cca0c-812d-45f3-b463-827b016fa1ee\CLTBUILD23&gt;if not defined TestLocation (set TestLocation=. ) &#xD;
&#xD;
C:\Agt6\_work\_temp\TestResults\c2kbuild_CLTBUILD23 2021-04-12 08_12_36\In\8b3cca0c-812d-45f3-b463-827b016fa1ee\CLTBUILD23&gt;set CollectionFileName=c:\agt6\_work\6\a\api\environment\regapiautomation\testdata\clearinghouseexport\prereq\..\..\..\..\..\PreReq\PreReq-CreateStudent.postman_collection.json &#xD;
&#xD;
C:\Agt6\_work\_temp\TestResults\c2kbuild_CLTBUILD23 2021-04-12 08_12_36\In\8b3cca0c-812d-45f3-b463-827b016fa1ee\CLTBUILD23&gt;set DataFileName=c:\agt6\_work\6\a\api\environment\regapiautomation\testdata\clearinghouseexport\prereq\PreReq-ClearingHouse-Export@HP-Export-CreateStudent.csv &#xD;
&#xD;
C:\Agt6\_work\_temp\TestResults\c2kbuild_CLTBUILD23 2021-04-12 08_12_36\In\8b3cca0c-812d-45f3-b463-827b016fa1ee\CLTBUILD23&gt;set EnvironmentFilePath=c:\agt6\_work\6\a\api\environment\regapiautomation\testdata\clearinghouseexport\prereq\..\..\..\RegApiAutoEnvironment.postman_environment.json &#xD;
&#xD;
C:\Agt6\_work\_temp\TestResults\c2kbuild_CLTBUILD23 2021-04-12 08_12_36\In\8b3cca0c-812d-45f3-b463-827b016fa1ee\CLTBUILD23&gt;set HtmlResultsFile=PreReq-ClearingHouse-Export@HP-Export-CreateStudent_Html.html &#xD;
&#xD;
C:\Agt6\_work\_temp\TestResults\c2kbuild_CLTBUILD23 2021-04-12 08_12_36\In\8b3cca0c-812d-45f3-b463-827b016fa1ee\CLTBUILD23&gt;set JunitResultsFile=PreReq-ClearingHouse-Export@HP-Export-CreateStudent_Junit.xml &#xD;
&#xD;
C:\Agt6\_work\_temp\TestResults\c2kbuild_CLTBUILD23 2021-04-12 08_12_36\In\8b3cca0c-812d-45f3-b463-827b016fa1ee\CLTBUILD23&gt;newman run "c:\agt6\_work\6\a\api\environment\regapiautomation\testdata\clearinghouseexport\prereq\..\..\..\..\..\PreReq\PreReq-CreateStudent.postman_collection.json" -k -d "c:\agt6\_work\6\a\api\environment\regapiautomation\testdata\clearinghouseexport\prereq\PreReq-ClearingHouse-Export@HP-Export-CreateStudent.csv" -e "c:\agt6\_work\6\a\api\environment\regapiautomation\testdata\clearinghouseexport\prereq\..\..\..\RegApiAutoEnvironment.postman_environment.json" -r junit,html --reporter-html-export "PreReq-ClearingHouse-Export@HP-Export-CreateStudent_Html.html" --reporter-junit-export "PreReq-ClearingHouse-Export@HP-Export-CreateStudent_Junit.xml"</StdOut>
          </Output>
          <ResultFiles>
            <ResultFile path="CLTBUILD23\PreReq-ClearingHouse-Export@HP-Export-CreateStudent_Html.html" />
            <ResultFile path="CLTBUILD23\PreReq-ClearingHouse-Export@HP-Export-CreateStudent_Junit.xml" />
          </ResultFiles>
        </UnitTestResult>
        <UnitTestResult executionId="eea9d9bc-b28e-4056-9fe7-625b902a8f5e" parentExecutionId="9333d4d9-6198-463e-a6dd-a3a4c0a7a69f" testId="f3cfe877-6610-46f6-bf91-f30b64396c35" testName="2- prereq-clearinghouse-export@hp-export-enroll-generictest (OT-04-ClearingHouse)" computerName="CLTBUILD23" duration="00:00:17.5838007" startTime="2021-04-12T08:34:30.9715898-04:00" endTime="2021-04-12T08:34:48.5823526-04:00" testType="13cdc9d9-ddb5-4fa4-a97d-d965ccfc6d4b" outcome="Passed" testListId="8c84fa94-04c1-424b-9868-57a2d4851a1d" relativeResultsDirectory="eea9d9bc-b28e-4056-9fe7-625b902a8f5e">
          <Output>
            <StdOut>C:\Agt6\_work\_temp\TestResults\c2kbuild_CLTBUILD23 2021-04-12 08_12_36\In\eea9d9bc-b28e-4056-9fe7-625b902a8f5e\CLTBUILD23&gt;if not defined TestLocation (set TestLocation=. ) &#xD;
&#xD;
C:\Agt6\_work\_temp\TestResults\c2kbuild_CLTBUILD23 2021-04-12 08_12_36\In\eea9d9bc-b28e-4056-9fe7-625b902a8f5e\CLTBUILD23&gt;set CollectionFileName=c:\agt6\_work\6\a\api\environment\regapiautomation\testdata\clearinghouseexport\prereq\..\..\..\..\..\PreReq\PreReq-EnrollStudent.postman_collection.json &#xD;
&#xD;
C:\Agt6\_work\_temp\TestResults\c2kbuild_CLTBUILD23 2021-04-12 08_12_36\In\eea9d9bc-b28e-4056-9fe7-625b902a8f5e\CLTBUILD23&gt;set DataFileName=c:\agt6\_work\6\a\api\environment\regapiautomation\testdata\clearinghouseexport\prereq\PreReq-ClearingHouse-Export@HP-Export-Enroll.data.csv &#xD;
&#xD;
C:\Agt6\_work\_temp\TestResults\c2kbuild_CLTBUILD23 2021-04-12 08_12_36\In\eea9d9bc-b28e-4056-9fe7-625b902a8f5e\CLTBUILD23&gt;set EnvironmentFilePath=c:\agt6\_work\6\a\api\environment\regapiautomation\testdata\clearinghouseexport\prereq\..\..\..\RegApiAutoEnvironment.postman_environment.json &#xD;
&#xD;
C:\Agt6\_work\_temp\TestResults\c2kbuild_CLTBUILD23 2021-04-12 08_12_36\In\eea9d9bc-b28e-4056-9fe7-625b902a8f5e\CLTBUILD23&gt;set HtmlResultsFile=PreReq-ClearingHouse-Export@HP-Export-Enroll_Html.html &#xD;
&#xD;
C:\Agt6\_work\_temp\TestResults\c2kbuild_CLTBUILD23 2021-04-12 08_12_36\In\eea9d9bc-b28e-4056-9fe7-625b902a8f5e\CLTBUILD23&gt;set JunitResultsFile=PreReq-ClearingHouse-Export@HP-Export-Enroll_Junit.xml &#xD;
&#xD;
C:\Agt6\_work\_temp\TestResults\c2kbuild_CLTBUILD23 2021-04-12 08_12_36\In\eea9d9bc-b28e-4056-9fe7-625b902a8f5e\CLTBUILD23&gt;newman run "c:\agt6\_work\6\a\api\environment\regapiautomation\testdata\clearinghouseexport\prereq\..\..\..\..\..\PreReq\PreReq-EnrollStudent.postman_collection.json" -k -d "c:\agt6\_work\6\a\api\environment\regapiautomation\testdata\clearinghouseexport\prereq\PreReq-ClearingHouse-Export@HP-Export-Enroll.data.csv" -e "c:\agt6\_work\6\a\api\environment\regapiautomation\testdata\clearinghouseexport\prereq\..\..\..\RegApiAutoEnvironment.postman_environment.json" -r junit,html --reporter-html-export "PreReq-ClearingHouse-Export@HP-Export-Enroll_Html.html" --reporter-junit-export "PreReq-ClearingHouse-Export@HP-Export-Enroll_Junit.xml"</StdOut>
          </Output>
          <ResultFiles>
            <ResultFile path="CLTBUILD23\PreReq-ClearingHouse-Export@HP-Export-Enroll_Html.html" />
            <ResultFile path="CLTBUILD23\PreReq-ClearingHouse-Export@HP-Export-Enroll_Junit.xml" />
          </ResultFiles>
        </UnitTestResult>
        <UnitTestResult executionId="d678c7dd-c214-4df1-924d-e380852e9cd5" parentExecutionId="9333d4d9-6198-463e-a6dd-a3a4c0a7a69f" testId="d09f0182-44f2-4c54-b383-0d2527756e0b" testName="3- prereq-clearinghouse-export@hp-export-seteffectivedate (OT-04-ClearingHouse)" computerName="CLTBUILD23" duration="00:00:05.4385795" startTime="2021-04-12T08:34:48.5823526-04:00" endTime="2021-04-12T08:34:54.0305848-04:00" testType="13cdc9d9-ddb5-4fa4-a97d-d965ccfc6d4b" outcome="Passed" testListId="8c84fa94-04c1-424b-9868-57a2d4851a1d" relativeResultsDirectory="d678c7dd-c214-4df1-924d-e380852e9cd5">
          <Output>
            <StdOut>C:\Agt6\_work\_temp\TestResults\c2kbuild_CLTBUILD23 2021-04-12 08_12_36\In\d678c7dd-c214-4df1-924d-e380852e9cd5\CLTBUILD23&gt;if not defined TestLocation (set TestLocation=. ) &#xD;
&#xD;
C:\Agt6\_work\_temp\TestResults\c2kbuild_CLTBUILD23 2021-04-12 08_12_36\In\d678c7dd-c214-4df1-924d-e380852e9cd5\CLTBUILD23&gt;set CollectionFileName=c:\agt6\_work\6\a\api\environment\regapiautomation\testdata\clearinghouseexport\prereq\..\..\..\..\..\PreReq\PreReq-SetEffectiveDateAfterStudentEnroll.postman_collection.json &#xD;
&#xD;
C:\Agt6\_work\_temp\TestResults\c2kbuild_CLTBUILD23 2021-04-12 08_12_36\In\d678c7dd-c214-4df1-924d-e380852e9cd5\CLTBUILD23&gt;set DataFileName=c:\agt6\_work\6\a\api\environment\regapiautomation\testdata\clearinghouseexport\prereq\PreReq-ClearingHouse-Export@HP-Export-SetEffectiveDate.data.json &#xD;
&#xD;
C:\Agt6\_work\_temp\TestResults\c2kbuild_CLTBUILD23 2021-04-12 08_12_36\In\d678c7dd-c214-4df1-924d-e380852e9cd5\CLTBUILD23&gt;set EnvironmentFilePath=c:\agt6\_work\6\a\api\environment\regapiautomation\testdata\clearinghouseexport\prereq\..\..\..\RegApiAutoEnvironment.postman_environment.json &#xD;
&#xD;
C:\Agt6\_work\_temp\TestResults\c2kbuild_CLTBUILD23 2021-04-12 08_12_36\In\d678c7dd-c214-4df1-924d-e380852e9cd5\CLTBUILD23&gt;set HtmlResultsFile=PreReq-ClearingHouse-Export@HP-Export-Enroll_Html.html &#xD;
&#xD;
C:\Agt6\_work\_temp\TestResults\c2kbuild_CLTBUILD23 2021-04-12 08_12_36\In\d678c7dd-c214-4df1-924d-e380852e9cd5\CLTBUILD23&gt;set JunitResultsFile=PreReq-ClearingHouse-Export@HP-Export-Enroll_Junit.xml &#xD;
&#xD;
C:\Agt6\_work\_temp\TestResults\c2kbuild_CLTBUILD23 2021-04-12 08_12_36\In\d678c7dd-c214-4df1-924d-e380852e9cd5\CLTBUILD23&gt;newman run "c:\agt6\_work\6\a\api\environment\regapiautomation\testdata\clearinghouseexport\prereq\..\..\..\..\..\PreReq\PreReq-SetEffectiveDateAfterStudentEnroll.postman_collection.json" -k -d "c:\agt6\_work\6\a\api\environment\regapiautomation\testdata\clearinghouseexport\prereq\PreReq-ClearingHouse-Export@HP-Export-SetEffectiveDate.data.json" -e "c:\agt6\_work\6\a\api\environment\regapiautomation\testdata\clearinghouseexport\prereq\..\..\..\RegApiAutoEnvironment.postman_environment.json" -r junit,html --reporter-html-export "PreReq-ClearingHouse-Export@HP-Export-Enroll_Html.html" --reporter-junit-export "PreReq-ClearingHouse-Export@HP-Export-Enroll_Junit.xml"</StdOut>
          </Output>
          <ResultFiles>
            <ResultFile path="CLTBUILD23\PreReq-ClearingHouse-Export@HP-Export-Enroll_Html.html" />
            <ResultFile path="CLTBUILD23\PreReq-ClearingHouse-Export@HP-Export-Enroll_Junit.xml" />
          </ResultFiles>
        </UnitTestResult>
        <UnitTestResult executionId="33f04400-a2e4-4199-acad-f204d98c75e8" parentExecutionId="9333d4d9-6198-463e-a6dd-a3a4c0a7a69f" testId="d09f0182-44f2-4c54-b383-0d2527756e0c" testName="4- prereq-clearinghouse-export@hp-export-seteffectivedate-2 (OT-04-ClearingHouse)" computerName="CLTBUILD23" duration="00:00:05.7142520" startTime="2021-04-12T08:34:54.0315877-04:00" endTime="2021-04-12T08:34:59.7539560-04:00" testType="13cdc9d9-ddb5-4fa4-a97d-d965ccfc6d4b" outcome="Passed" testListId="8c84fa94-04c1-424b-9868-57a2d4851a1d" relativeResultsDirectory="33f04400-a2e4-4199-acad-f204d98c75e8">
          <Output>
            <StdOut>C:\Agt6\_work\_temp\TestResults\c2kbuild_CLTBUILD23 2021-04-12 08_12_36\In\33f04400-a2e4-4199-acad-f204d98c75e8\CLTBUILD23&gt;if not defined TestLocation (set TestLocation=. ) &#xD;
&#xD;
C:\Agt6\_work\_temp\TestResults\c2kbuild_CLTBUILD23 2021-04-12 08_12_36\In\33f04400-a2e4-4199-acad-f204d98c75e8\CLTBUILD23&gt;set CollectionFileName=c:\agt6\_work\6\a\api\environment\regapiautomation\testdata\clearinghouseexport\prereq\..\..\..\..\..\PreReq\PreReq-SetEffectiveDateAfterStudentEnroll.postman_collection.json &#xD;
&#xD;
C:\Agt6\_work\_temp\TestResults\c2kbuild_CLTBUILD23 2021-04-12 08_12_36\In\33f04400-a2e4-4199-acad-f204d98c75e8\CLTBUILD23&gt;set DataFileName=c:\agt6\_work\6\a\api\environment\regapiautomation\testdata\clearinghouseexport\prereq\PreReq-ClearingHouse-Export@HP-Export-SetEffectiveDate-2.data.json &#xD;
&#xD;
C:\Agt6\_work\_temp\TestResults\c2kbuild_CLTBUILD23 2021-04-12 08_12_36\In\33f04400-a2e4-4199-acad-f204d98c75e8\CLTBUILD23&gt;set EnvironmentFilePath=c:\agt6\_work\6\a\api\environment\regapiautomation\testdata\clearinghouseexport\prereq\..\..\..\RegApiAutoEnvironment.postman_environment.json &#xD;
&#xD;
C:\Agt6\_work\_temp\TestResults\c2kbuild_CLTBUILD23 2021-04-12 08_12_36\In\33f04400-a2e4-4199-acad-f204d98c75e8\CLTBUILD23&gt;set HtmlResultsFile=PreReq-ClearingHouse-Export@HP-Export-Enroll-2_Html.html &#xD;
&#xD;
C:\Agt6\_work\_temp\TestResults\c2kbuild_CLTBUILD23 2021-04-12 08_12_36\In\33f04400-a2e4-4199-acad-f204d98c75e8\CLTBUILD23&gt;set JunitResultsFile=PreReq-ClearingHouse-Export@HP-Export-Enroll-2_Junit.xml &#xD;
&#xD;
C:\Agt6\_work\_temp\TestResults\c2kbuild_CLTBUILD23 2021-04-12 08_12_36\In\33f04400-a2e4-4199-acad-f204d98c75e8\CLTBUILD23&gt;newman run "c:\agt6\_work\6\a\api\environment\regapiautomation\testdata\clearinghouseexport\prereq\..\..\..\..\..\PreReq\PreReq-SetEffectiveDateAfterStudentEnroll.postman_collection.json" -k -d "c:\agt6\_work\6\a\api\environment\regapiautomation\testdata\clearinghouseexport\prereq\PreReq-ClearingHouse-Export@HP-Export-SetEffectiveDate-2.data.json" -e "c:\agt6\_work\6\a\api\environment\regapiautomation\testdata\clearinghouseexport\prereq\..\..\..\RegApiAutoEnvironment.postman_environment.json" -r junit,html --reporter-html-export "PreReq-ClearingHouse-Export@HP-Export-Enroll-2_Html.html" --reporter-junit-export "PreReq-ClearingHouse-Export@HP-Export-Enroll-2_Junit.xml"</StdOut>
          </Output>
          <ResultFiles>
            <ResultFile path="CLTBUILD23\PreReq-ClearingHouse-Export@HP-Export-Enroll-2_Html.html" />
            <ResultFile path="CLTBUILD23\PreReq-ClearingHouse-Export@HP-Export-Enroll-2_Junit.xml" />
          </ResultFiles>
        </UnitTestResult>
        <UnitTestResult executionId="7a1a6786-84c7-4d96-b645-d5f2b0a934a6" parentExecutionId="9333d4d9-6198-463e-a6dd-a3a4c0a7a69f" testId="a52f971a-5cd8-4f73-bb19-2ad8d9f87b9d" testName="5- prereq-clearinghouse-export@hp-export-registerclassandpostattendance-generictest (OT-04-ClearingHouse)" computerName="CLTBUILD23" duration="00:00:42.6012235" startTime="2021-04-12T08:34:59.7539560-04:00" endTime="2021-04-12T08:35:42.3931211-04:00" testType="13cdc9d9-ddb5-4fa4-a97d-d965ccfc6d4b" outcome="Passed" testListId="8c84fa94-04c1-424b-9868-57a2d4851a1d" relativeResultsDirectory="7a1a6786-84c7-4d96-b645-d5f2b0a934a6">
          <Output>
            <StdOut>C:\Agt6\_work\_temp\TestResults\c2kbuild_CLTBUILD23 2021-04-12 08_12_36\In\7a1a6786-84c7-4d96-b645-d5f2b0a934a6\CLTBUILD23&gt;if not defined TestLocation (set TestLocation=. ) &#xD;
&#xD;
C:\Agt6\_work\_temp\TestResults\c2kbuild_CLTBUILD23 2021-04-12 08_12_36\In\7a1a6786-84c7-4d96-b645-d5f2b0a934a6\CLTBUILD23&gt;set CollectionFileName=c:\agt6\_work\6\a\api\environment\regapiautomation\testdata\clearinghouseexport\prereq\..\..\..\..\..\PreReq\PreReq-RegisterClassAndPostAttendanceForStudent.postman_collection.json &#xD;
&#xD;
C:\Agt6\_work\_temp\TestResults\c2kbuild_CLTBUILD23 2021-04-12 08_12_36\In\7a1a6786-84c7-4d96-b645-d5f2b0a934a6\CLTBUILD23&gt;set DataFileName=c:\agt6\_work\6\a\api\environment\regapiautomation\testdata\clearinghouseexport\prereq\PreReq-ClearingHouse-Export@HP-Export-RegisterClassAndPostAttendance.csv &#xD;
&#xD;
C:\Agt6\_work\_temp\TestResults\c2kbuild_CLTBUILD23 2021-04-12 08_12_36\In\7a1a6786-84c7-4d96-b645-d5f2b0a934a6\CLTBUILD23&gt;set EnvironmentFilePath=c:\agt6\_work\6\a\api\environment\regapiautomation\testdata\clearinghouseexport\prereq\..\..\..\RegApiAutoEnvironment.postman_environment.json &#xD;
&#xD;
C:\Agt6\_work\_temp\TestResults\c2kbuild_CLTBUILD23 2021-04-12 08_12_36\In\7a1a6786-84c7-4d96-b645-d5f2b0a934a6\CLTBUILD23&gt;set HtmlResultsFile=PreReq-RegisterClassAndPostAttendance_Html.html &#xD;
&#xD;
C:\Agt6\_work\_temp\TestResults\c2kbuild_CLTBUILD23 2021-04-12 08_12_36\In\7a1a6786-84c7-4d96-b645-d5f2b0a934a6\CLTBUILD23&gt;set JunitResultsFile=PreReq-RegisterClassAndPostAttendance_Junit.xml &#xD;
&#xD;
C:\Agt6\_work\_temp\TestResults\c2kbuild_CLTBUILD23 2021-04-12 08_12_36\In\7a1a6786-84c7-4d96-b645-d5f2b0a934a6\CLTBUILD23&gt;newman run "c:\agt6\_work\6\a\api\environment\regapiautomation\testdata\clearinghouseexport\prereq\..\..\..\..\..\PreReq\PreReq-RegisterClassAndPostAttendanceForStudent.postman_collection.json" -k -d "c:\agt6\_work\6\a\api\environment\regapiautomation\testdata\clearinghouseexport\prereq\PreReq-ClearingHouse-Export@HP-Export-RegisterClassAndPostAttendance.csv" -e "c:\agt6\_work\6\a\api\environment\regapiautomation\testdata\clearinghouseexport\prereq\..\..\..\RegApiAutoEnvironment.postman_environment.json" -r junit,html --reporter-html-export "PreReq-RegisterClassAndPostAttendance_Html.html" --reporter-junit-export "PreReq-RegisterClassAndPostAttendance_Junit.xml"</StdOut>
          </Output>
          <ResultFiles>
            <ResultFile path="CLTBUILD23\PreReq-RegisterClassAndPostAttendance_Html.html" />
            <ResultFile path="CLTBUILD23\PreReq-RegisterClassAndPostAttendance_Junit.xml" />
          </ResultFiles>
        </UnitTestResult>
        <UnitTestResult executionId="de954e96-8c15-4416-a5ed-282fd403f3d5" parentExecutionId="9333d4d9-6198-463e-a6dd-a3a4c0a7a69f" testId="15f2bab0-2b9f-444e-a20c-8d630b66544b" testName="6- prereq-clearinghouse-export@hp-export-calculateenrollment-generictest (OT-04-ClearingHouse)" computerName="CLTBUILD23" duration="00:00:09.2128723" startTime="2021-04-12T08:35:42.3941198-04:00" endTime="2021-04-12T08:35:51.6161181-04:00" testType="13cdc9d9-ddb5-4fa4-a97d-d965ccfc6d4b" outcome="Passed" testListId="8c84fa94-04c1-424b-9868-57a2d4851a1d" relativeResultsDirectory="de954e96-8c15-4416-a5ed-282fd403f3d5">
          <Output>
            <StdOut>C:\Agt6\_work\_temp\TestResults\c2kbuild_CLTBUILD23 2021-04-12 08_12_36\In\de954e96-8c15-4416-a5ed-282fd403f3d5\CLTBUILD23&gt;if not defined TestLocation (set TestLocation=. ) &#xD;
&#xD;
C:\Agt6\_work\_temp\TestResults\c2kbuild_CLTBUILD23 2021-04-12 08_12_36\In\de954e96-8c15-4416-a5ed-282fd403f3d5\CLTBUILD23&gt;set CollectionFileName=c:\agt6\_work\6\a\api\environment\regapiautomation\testdata\clearinghouseexport\prereq\..\..\..\..\..\PreReq\PreReq-CalculateEnrollment.postman_collection.json &#xD;
&#xD;
C:\Agt6\_work\_temp\TestResults\c2kbuild_CLTBUILD23 2021-04-12 08_12_36\In\de954e96-8c15-4416-a5ed-282fd403f3d5\CLTBUILD23&gt;set DataFileName=c:\agt6\_work\6\a\api\environment\regapiautomation\testdata\clearinghouseexport\prereq\PreReq-ClearingHouse-Export@HP-Export-CalculateEnrollment.data.json &#xD;
&#xD;
C:\Agt6\_work\_temp\TestResults\c2kbuild_CLTBUILD23 2021-04-12 08_12_36\In\de954e96-8c15-4416-a5ed-282fd403f3d5\CLTBUILD23&gt;set EnvironmentFilePath=c:\agt6\_work\6\a\api\environment\regapiautomation\testdata\clearinghouseexport\prereq\..\..\..\RegApiAutoEnvironment.postman_environment.json &#xD;
&#xD;
C:\Agt6\_work\_temp\TestResults\c2kbuild_CLTBUILD23 2021-04-12 08_12_36\In\de954e96-8c15-4416-a5ed-282fd403f3d5\CLTBUILD23&gt;set HtmlResultsFile=PreReq-ClearingHouse-Export@HP-Export-CalculateEnrollment_Html.html &#xD;
&#xD;
C:\Agt6\_work\_temp\TestResults\c2kbuild_CLTBUILD23 2021-04-12 08_12_36\In\de954e96-8c15-4416-a5ed-282fd403f3d5\CLTBUILD23&gt;set JunitResultsFile=PreReq-ClearingHouse-Export@HP-Export-CalculateEnrollment_Junit.xml &#xD;
&#xD;
C:\Agt6\_work\_temp\TestResults\c2kbuild_CLTBUILD23 2021-04-12 08_12_36\In\de954e96-8c15-4416-a5ed-282fd403f3d5\CLTBUILD23&gt;newman run "c:\agt6\_work\6\a\api\environment\regapiautomation\testdata\clearinghouseexport\prereq\..\..\..\..\..\PreReq\PreReq-CalculateEnrollment.postman_collection.json" -k -d "c:\agt6\_work\6\a\api\environment\regapiautomation\testdata\clearinghouseexport\prereq\PreReq-ClearingHouse-Export@HP-Export-CalculateEnrollment.data.json" -e "c:\agt6\_work\6\a\api\environment\regapiautomation\testdata\clearinghouseexport\prereq\..\..\..\RegApiAutoEnvironment.postman_environment.json" -r junit,html --reporter-html-export "PreReq-ClearingHouse-Export@HP-Export-CalculateEnrollment_Html.html" --reporter-junit-export "PreReq-ClearingHouse-Export@HP-Export-CalculateEnrollment_Junit.xml"</StdOut>
          </Output>
          <ResultFiles>
            <ResultFile path="CLTBUILD23\PreReq-ClearingHouse-Export@HP-Export-CalculateEnrollment_Html.html" />
            <ResultFile path="CLTBUILD23\PreReq-ClearingHouse-Export@HP-Export-CalculateEnrollment_Junit.xml" />
          </ResultFiles>
        </UnitTestResult>
        <UnitTestResult executionId="2ead5dea-2342-414e-96f3-78dd2d9d8161" parentExecutionId="9333d4d9-6198-463e-a6dd-a3a4c0a7a69f" testId="15f2bab0-2b9f-444e-a20c-8d630b66544c" testName="7- prereq-clearinghouse-export@hp-export-calculateenrollment-2-generictest (OT-04-ClearingHouse)" computerName="CLTBUILD23" duration="00:00:05.2180539" startTime="2021-04-12T08:35:51.6171186-04:00" endTime="2021-04-12T08:35:56.8449593-04:00" testType="13cdc9d9-ddb5-4fa4-a97d-d965ccfc6d4b" outcome="Passed" testListId="8c84fa94-04c1-424b-9868-57a2d4851a1d" relativeResultsDirectory="2ead5dea-2342-414e-96f3-78dd2d9d8161">
          <Output>
            <StdOut>C:\Agt6\_work\_temp\TestResults\c2kbuild_CLTBUILD23 2021-04-12 08_12_36\In\2ead5dea-2342-414e-96f3-78dd2d9d8161\CLTBUILD23&gt;if not defined TestLocation (set TestLocation=. ) &#xD;
&#xD;
C:\Agt6\_work\_temp\TestResults\c2kbuild_CLTBUILD23 2021-04-12 08_12_36\In\2ead5dea-2342-414e-96f3-78dd2d9d8161\CLTBUILD23&gt;set CollectionFileName=c:\agt6\_work\6\a\api\environment\regapiautomation\testdata\clearinghouseexport\prereq\..\..\..\..\..\PreReq\PreReq-CalculateEnrollment.postman_collection.json &#xD;
&#xD;
C:\Agt6\_work\_temp\TestResults\c2kbuild_CLTBUILD23 2021-04-12 08_12_36\In\2ead5dea-2342-414e-96f3-78dd2d9d8161\CLTBUILD23&gt;set DataFileName=c:\agt6\_work\6\a\api\environment\regapiautomation\testdata\clearinghouseexport\prereq\PreReq-ClearingHouse-Export@HP-Export-CalculateEnrollment-2.data.json &#xD;
&#xD;
C:\Agt6\_work\_temp\TestResults\c2kbuild_CLTBUILD23 2021-04-12 08_12_36\In\2ead5dea-2342-414e-96f3-78dd2d9d8161\CLTBUILD23&gt;set EnvironmentFilePath=c:\agt6\_work\6\a\api\environment\regapiautomation\testdata\clearinghouseexport\prereq\..\..\..\RegApiAutoEnvironment.postman_environment.json &#xD;
&#xD;
C:\Agt6\_work\_temp\TestResults\c2kbuild_CLTBUILD23 2021-04-12 08_12_36\In\2ead5dea-2342-414e-96f3-78dd2d9d8161\CLTBUILD23&gt;set HtmlResultsFile=PreReq-ClearingHouse-Export@HP-Export-CalculateEnrollment-2_Html.html &#xD;
&#xD;
C:\Agt6\_work\_temp\TestResults\c2kbuild_CLTBUILD23 2021-04-12 08_12_36\In\2ead5dea-2342-414e-96f3-78dd2d9d8161\CLTBUILD23&gt;set JunitResultsFile=PreReq-ClearingHouse-Export@HP-Export-CalculateEnrollment-2_Junit.xml &#xD;
&#xD;
C:\Agt6\_work\_temp\TestResults\c2kbuild_CLTBUILD23 2021-04-12 08_12_36\In\2ead5dea-2342-414e-96f3-78dd2d9d8161\CLTBUILD23&gt;newman run "c:\agt6\_work\6\a\api\environment\regapiautomation\testdata\clearinghouseexport\prereq\..\..\..\..\..\PreReq\PreReq-CalculateEnrollment.postman_collection.json" -k -d "c:\agt6\_work\6\a\api\environment\regapiautomation\testdata\clearinghouseexport\prereq\PreReq-ClearingHouse-Export@HP-Export-CalculateEnrollment-2.data.json" -e "c:\agt6\_work\6\a\api\environment\regapiautomation\testdata\clearinghouseexport\prereq\..\..\..\RegApiAutoEnvironment.postman_environment.json" -r junit,html --reporter-html-export "PreReq-ClearingHouse-Export@HP-Export-CalculateEnrollment-2_Html.html" --reporter-junit-export "PreReq-ClearingHouse-Export@HP-Export-CalculateEnrollment-2_Junit.xml"</StdOut>
          </Output>
          <ResultFiles>
            <ResultFile path="CLTBUILD23\PreReq-ClearingHouse-Export@HP-Export-CalculateEnrollment-2_Html.html" />
            <ResultFile path="CLTBUILD23\PreReq-ClearingHouse-Export@HP-Export-CalculateEnrollment-2_Junit.xml" />
          </ResultFiles>
        </UnitTestResult>
        <UnitTestResult executionId="c8b2afa0-cb9e-4d50-9d64-325ff5a2731d" parentExecutionId="9333d4d9-6198-463e-a6dd-a3a4c0a7a69f" testId="375785a7-508a-40f7-84ae-b2608fc3d684" testName="8- clearinghoust-export@hp-export-generictest (OT-04-ClearingHouse)" computerName="CLTBUILD23" duration="00:00:26.4636284" startTime="2021-04-12T08:35:56.8479674-04:00" endTime="2021-04-12T08:36:23.3301534-04:00" testType="13cdc9d9-ddb5-4fa4-a97d-d965ccfc6d4b" outcome="Passed" testListId="8c84fa94-04c1-424b-9868-57a2d4851a1d" relativeResultsDirectory="c8b2afa0-cb9e-4d50-9d64-325ff5a2731d">
          <Output>
            <StdOut>C:\Agt6\_work\_temp\TestResults\c2kbuild_CLTBUILD23 2021-04-12 08_12_36\In\c8b2afa0-cb9e-4d50-9d64-325ff5a2731d\CLTBUILD23&gt;if not defined TestLocation (set TestLocation=. ) &#xD;
&#xD;
C:\Agt6\_work\_temp\TestResults\c2kbuild_CLTBUILD23 2021-04-12 08_12_36\In\c8b2afa0-cb9e-4d50-9d64-325ff5a2731d\CLTBUILD23&gt;set CollectionFileName=c:\agt6\_work\6\a\api\environment\regapiautomation\testdata\clearinghouseexport\..\..\..\..\Tests\ClearingHouseExport\ClearingHoust-Export@HP-Export.postman_collection.json &#xD;
&#xD;
C:\Agt6\_work\_temp\TestResults\c2kbuild_CLTBUILD23 2021-04-12 08_12_36\In\c8b2afa0-cb9e-4d50-9d64-325ff5a2731d\CLTBUILD23&gt;set DataFileName=c:\agt6\_work\6\a\api\environment\regapiautomation\testdata\clearinghouseexport\ClearingHoust-Export@HP-Export.data.json &#xD;
&#xD;
C:\Agt6\_work\_temp\TestResults\c2kbuild_CLTBUILD23 2021-04-12 08_12_36\In\c8b2afa0-cb9e-4d50-9d64-325ff5a2731d\CLTBUILD23&gt;set EnvironmentFilePath=c:\agt6\_work\6\a\api\environment\regapiautomation\testdata\clearinghouseexport\..\..\RegApiAutoEnvironment.postman_environment.json &#xD;
&#xD;
C:\Agt6\_work\_temp\TestResults\c2kbuild_CLTBUILD23 2021-04-12 08_12_36\In\c8b2afa0-cb9e-4d50-9d64-325ff5a2731d\CLTBUILD23&gt;set HtmlResultsFile=ClearingHouseExport_ClearingHoust-Export@HP-Export_Html.html &#xD;
&#xD;
C:\Agt6\_work\_temp\TestResults\c2kbuild_CLTBUILD23 2021-04-12 08_12_36\In\c8b2afa0-cb9e-4d50-9d64-325ff5a2731d\CLTBUILD23&gt;set JunitResultsFile=ClearingHouseExport_ClearingHoust-Export@HP-Export_Junit.xml &#xD;
&#xD;
C:\Agt6\_work\_temp\TestResults\c2kbuild_CLTBUILD23 2021-04-12 08_12_36\In\c8b2afa0-cb9e-4d50-9d64-325ff5a2731d\CLTBUILD23&gt;newman run "c:\agt6\_work\6\a\api\environment\regapiautomation\testdata\clearinghouseexport\..\..\..\..\Tests\ClearingHouseExport\ClearingHoust-Export@HP-Export.postman_collection.json" -k -d "c:\agt6\_work\6\a\api\environment\regapiautomation\testdata\clearinghouseexport\ClearingHoust-Export@HP-Export.data.json" -e "c:\agt6\_work\6\a\api\environment\regapiautomation\testdata\clearinghouseexport\..\..\RegApiAutoEnvironment.postman_environment.json" -r junit,html --reporter-html-export "ClearingHouseExport_ClearingHoust-Export@HP-Export_Html.html" --reporter-junit-export "ClearingHouseExport_ClearingHoust-Export@HP-Export_Junit.xml"</StdOut>
          </Output>
          <ResultFiles>
            <ResultFile path="CLTBUILD23\ClearingHouseExport_ClearingHoust-Export@HP-Export_Html.html" />
            <ResultFile path="CLTBUILD23\ClearingHouseExport_ClearingHoust-Export@HP-Export_Junit.xml" />
          </ResultFiles>
        </UnitTestResult>
      </InnerResults>
    </TestResultAggregation>
    <TestResultAggregation executionId="dcdc0308-a0f6-4dd3-a6f0-92fb7a3259e6" testId="94a60c78-9dfc-4272-982b-fd6a6e4899a9" testName="OT-02C-CODImport.OriginationsOnly-21_22" computerName="CLTBUILD23" duration="00:00:13.3293263" startTime="2021-04-12T08:28:31.3641938-04:00" endTime="2021-04-12T08:28:44.7025627-04:00" testType="ec4800e8-40e5-4ab3-8510-b8bf29b1904d" outcome="Failed" testListId="8c84fa94-04c1-424b-9868-57a2d4851a1d" relativeResultsDirectory="dcdc0308-a0f6-4dd3-a6f0-92fb7a3259e6">
      <InnerResults>
        <UnitTestResult executionId="ef02fffe-fdde-499f-840c-b3da378b5c66" parentExecutionId="dcdc0308-a0f6-4dd3-a6f0-92fb7a3259e6" testId="89959051-36d8-44e8-ab9d-f3cf124ef4ae" testName="1- codimport@hp-originationsonly-21_22-generictest (OT-02C-CODImport.OriginationsOnly-21_22)" computerName="CLTBUILD23" duration="00:00:13.3218848" startTime="2021-04-12T08:28:31.3751911-04:00" endTime="2021-04-12T08:28:44.7005626-04:00" testType="13cdc9d9-ddb5-4fa4-a97d-d965ccfc6d4b" outcome="Failed" testListId="8c84fa94-04c1-424b-9868-57a2d4851a1d" relativeResultsDirectory="ef02fffe-fdde-499f-840c-b3da378b5c66">
          <Output>
            <StdOut>C:\Agt6\_work\_temp\TestResults\c2kbuild_CLTBUILD23 2021-04-12 08_12_36\In\ef02fffe-fdde-499f-840c-b3da378b5c66\CLTBUILD23&gt;if not defined TestLocation (set TestLocation=. ) &#xD;
&#xD;
C:\Agt6\_work\_temp\TestResults\c2kbuild_CLTBUILD23 2021-04-12 08_12_36\In\ef02fffe-fdde-499f-840c-b3da378b5c66\CLTBUILD23&gt;set CollectionFileName=c:\agt6\_work\6\a\api\environment\regapiautomation\testdata\codimport\..\..\..\..\Tests\CODImport\CODImport@HP-OriginationsOnly.postman_collection.json &#xD;
&#xD;
C:\Agt6\_work\_temp\TestResults\c2kbuild_CLTBUILD23 2021-04-12 08_12_36\In\ef02fffe-fdde-499f-840c-b3da378b5c66\CLTBUILD23&gt;set DataFileName=c:\agt6\_work\6\a\api\environment\regapiautomation\testdata\codimport\CODImport@HP-OriginationsOnly-21_22.data.json &#xD;
&#xD;
C:\Agt6\_work\_temp\TestResults\c2kbuild_CLTBUILD23 2021-04-12 08_12_36\In\ef02fffe-fdde-499f-840c-b3da378b5c66\CLTBUILD23&gt;set EnvironmentFilePath=c:\agt6\_work\6\a\api\environment\regapiautomation\testdata\codimport\..\..\RegApiAutoEnvironment.postman_environment.json &#xD;
&#xD;
C:\Agt6\_work\_temp\TestResults\c2kbuild_CLTBUILD23 2021-04-12 08_12_36\In\ef02fffe-fdde-499f-840c-b3da378b5c66\CLTBUILD23&gt;set HtmlResultsFile=Tests_CODImport@HP-OriginationsOnly-21_22_Html.html &#xD;
&#xD;
C:\Agt6\_work\_temp\TestResults\c2kbuild_CLTBUILD23 2021-04-12 08_12_36\In\ef02fffe-fdde-499f-840c-b3da378b5c66\CLTBUILD23&gt;set JunitResultsFile=Tests_CODImport@HP-OriginationsOnly-21_22_Junit.xml &#xD;
&#xD;
C:\Agt6\_work\_temp\TestResults\c2kbuild_CLTBUILD23 2021-04-12 08_12_36\In\ef02fffe-fdde-499f-840c-b3da378b5c66\CLTBUILD23&gt;newman run "c:\agt6\_work\6\a\api\environment\regapiautomation\testdata\codimport\..\..\..\..\Tests\CODImport\CODImport@HP-OriginationsOnly.postman_collection.json" -k -d "c:\agt6\_work\6\a\api\environment\regapiautomation\testdata\codimport\CODImport@HP-OriginationsOnly-21_22.data.json" -e "c:\agt6\_work\6\a\api\environment\regapiautomation\testdata\codimport\..\..\RegApiAutoEnvironment.postman_environment.json" -r junit,html --reporter-html-export "Tests_CODImport@HP-OriginationsOnly-21_22_Html.html" --reporter-junit-export "Tests_CODImport@HP-OriginationsOnly-21_22_Junit.xml"</StdOut>
            <ErrorInfo>
              <Message>The test failed with exit code 1.</Message>
            </ErrorInfo>
          </Output>
          <ResultFiles>
            <ResultFile path="CLTBUILD23\Tests_CODImport@HP-OriginationsOnly-21_22_Html.html" />
            <ResultFile path="CLTBUILD23\Tests_CODImport@HP-OriginationsOnly-21_22_Junit.xml" />
          </ResultFiles>
        </UnitTestResult>
      </InnerResults>
    </TestResultAggregation>
    <TestResultAggregation executionId="4ed0a644-67a2-46b0-8987-640fb8ec249c" testId="009acd4f-9701-4cca-81f5-bfe1d2748d18" testName="OT-06R-FISAP-UnkEnrollStatus-19_20" computerName="CLTBUILD23" duration="00:01:08.2915656" startTime="2021-04-12T08:59:22.2910292-04:00" endTime="2021-04-12T09:00:30.5780758-04:00" testType="ec4800e8-40e5-4ab3-8510-b8bf29b1904d" outcome="Passed" testListId="8c84fa94-04c1-424b-9868-57a2d4851a1d" relativeResultsDirectory="4ed0a644-67a2-46b0-8987-640fb8ec249c">
      <InnerResults>
        <UnitTestResult executionId="397441a1-fce9-47bb-8d93-07c16dd22f78" parentExecutionId="4ed0a644-67a2-46b0-8987-640fb8ec249c" testId="3d93ed3a-2ab0-4db8-af87-bd0f005691f6" testName="1- prereq-fisap-datacorrection@unkenrollstatus-19_20-createstudent-generictest (OT-06R-FISAP-UnkEnrollStatus-19_20)" computerName="CLTBUILD23" duration="00:00:07.9714209" startTime="2021-04-12T08:59:22.2930321-04:00" endTime="2021-04-12T08:59:30.2804530-04:00" testType="13cdc9d9-ddb5-4fa4-a97d-d965ccfc6d4b" outcome="Passed" testListId="8c84fa94-04c1-424b-9868-57a2d4851a1d" relativeResultsDirectory="397441a1-fce9-47bb-8d93-07c16dd22f78">
          <Output>
            <StdOut>C:\Agt6\_work\_temp\TestResults\c2kbuild_CLTBUILD23 2021-04-12 08_12_36\In\397441a1-fce9-47bb-8d93-07c16dd22f78\CLTBUILD23&gt;if not defined TestLocation (set TestLocation=. ) &#xD;
&#xD;
C:\Agt6\_work\_temp\TestResults\c2kbuild_CLTBUILD23 2021-04-12 08_12_36\In\397441a1-fce9-47bb-8d93-07c16dd22f78\CLTBUILD23&gt;set CollectionFileName=c:\agt6\_work\6\a\api\environment\regapiautomation\testdata\fisap-datacorrection\prereq-unkenrollstatus-19_20\..\..\..\..\..\PreReq\PreReq-CreateStudent.postman_collection.json &#xD;
&#xD;
C:\Agt6\_work\_temp\TestResults\c2kbuild_CLTBUILD23 2021-04-12 08_12_36\In\397441a1-fce9-47bb-8d93-07c16dd22f78\CLTBUILD23&gt;set DataFileName=c:\agt6\_work\6\a\api\environment\regapiautomation\testdata\fisap-datacorrection\prereq-unkenrollstatus-19_20\PreReq-FISAP-DataCorrection@UnkEnrollStatus-19_20-CreateStudent.data.csv &#xD;
&#xD;
C:\Agt6\_work\_temp\TestResults\c2kbuild_CLTBUILD23 2021-04-12 08_12_36\In\397441a1-fce9-47bb-8d93-07c16dd22f78\CLTBUILD23&gt;set EnvironmentFilePath=c:\agt6\_work\6\a\api\environment\regapiautomation\testdata\fisap-datacorrection\prereq-unkenrollstatus-19_20\..\..\..\RegApiAutoEnvironment.postman_environment.json &#xD;
&#xD;
C:\Agt6\_work\_temp\TestResults\c2kbuild_CLTBUILD23 2021-04-12 08_12_36\In\397441a1-fce9-47bb-8d93-07c16dd22f78\CLTBUILD23&gt;set HtmlResultsFile=CreateStudent_Html.html &#xD;
&#xD;
C:\Agt6\_work\_temp\TestResults\c2kbuild_CLTBUILD23 2021-04-12 08_12_36\In\397441a1-fce9-47bb-8d93-07c16dd22f78\CLTBUILD23&gt;set JunitResultsFile=CreateStudent_Junit.xml &#xD;
&#xD;
C:\Agt6\_work\_temp\TestResults\c2kbuild_CLTBUILD23 2021-04-12 08_12_36\In\397441a1-fce9-47bb-8d93-07c16dd22f78\CLTBUILD23&gt;newman run "c:\agt6\_work\6\a\api\environment\regapiautomation\testdata\fisap-datacorrection\prereq-unkenrollstatus-19_20\..\..\..\..\..\PreReq\PreReq-CreateStudent.postman_collection.json" -k -d "c:\agt6\_work\6\a\api\environment\regapiautomation\testdata\fisap-datacorrection\prereq-unkenrollstatus-19_20\PreReq-FISAP-DataCorrection@UnkEnrollStatus-19_20-CreateStudent.data.csv" -e "c:\agt6\_work\6\a\api\environment\regapiautomation\testdata\fisap-datacorrection\prereq-unkenrollstatus-19_20\..\..\..\RegApiAutoEnvironment.postman_environment.json" -r junit,html --reporter-html-export "CreateStudent_Html.html" --reporter-junit-export "CreateStudent_Junit.xml"</StdOut>
          </Output>
          <ResultFiles>
            <ResultFile path="CLTBUILD23\CreateStudent_Html.html" />
            <ResultFile path="CLTBUILD23\CreateStudent_Junit.xml" />
          </ResultFiles>
        </UnitTestResult>
        <UnitTestResult executionId="2ed0b19c-3e87-4457-8531-b2322becfc44" parentExecutionId="4ed0a644-67a2-46b0-8987-640fb8ec249c" testId="4617d575-b184-4ced-aa64-6b9098079a41" testName="2- prereq-fisap-datacorrection@unkenrollstatus-19_20-enrollstudent-generictest (OT-06R-FISAP-UnkEnrollStatus-19_20)" computerName="CLTBUILD23" duration="00:00:12.7483640" startTime="2021-04-12T08:59:30.2804530-04:00" endTime="2021-04-12T08:59:43.0365228-04:00" testType="13cdc9d9-ddb5-4fa4-a97d-d965ccfc6d4b" outcome="Passed" testListId="8c84fa94-04c1-424b-9868-57a2d4851a1d" relativeResultsDirectory="2ed0b19c-3e87-4457-8531-b2322becfc44">
          <Output>
            <StdOut>C:\Agt6\_work\_temp\TestResults\c2kbuild_CLTBUILD23 2021-04-12 08_12_36\In\2ed0b19c-3e87-4457-8531-b2322becfc44\CLTBUILD23&gt;if not defined TestLocation (set TestLocation=. ) &#xD;
&#xD;
C:\Agt6\_work\_temp\TestResults\c2kbuild_CLTBUILD23 2021-04-12 08_12_36\In\2ed0b19c-3e87-4457-8531-b2322becfc44\CLTBUILD23&gt;set CollectionFileName=c:\agt6\_work\6\a\api\environment\regapiautomation\testdata\fisap-datacorrection\prereq-unkenrollstatus-19_20\..\..\..\..\..\PreReq\PreReq-EnrollStudent.postman_collection.json &#xD;
&#xD;
C:\Agt6\_work\_temp\TestResults\c2kbuild_CLTBUILD23 2021-04-12 08_12_36\In\2ed0b19c-3e87-4457-8531-b2322becfc44\CLTBUILD23&gt;set DataFileName=c:\agt6\_work\6\a\api\environment\regapiautomation\testdata\fisap-datacorrection\prereq-unkenrollstatus-19_20\PreReq-FISAP-DataCorrection@UnkEnrollStatus-19_20-EnrollStudent.data.csv &#xD;
&#xD;
C:\Agt6\_work\_temp\TestResults\c2kbuild_CLTBUILD23 2021-04-12 08_12_36\In\2ed0b19c-3e87-4457-8531-b2322becfc44\CLTBUILD23&gt;set EnvironmentFilePath=c:\agt6\_work\6\a\api\environment\regapiautomation\testdata\fisap-datacorrection\prereq-unkenrollstatus-19_20\..\..\..\RegApiAutoEnvironment.postman_environment.json &#xD;
&#xD;
C:\Agt6\_work\_temp\TestResults\c2kbuild_CLTBUILD23 2021-04-12 08_12_36\In\2ed0b19c-3e87-4457-8531-b2322becfc44\CLTBUILD23&gt;set HtmlResultsFile=EnrollStudent_Html.html &#xD;
&#xD;
C:\Agt6\_work\_temp\TestResults\c2kbuild_CLTBUILD23 2021-04-12 08_12_36\In\2ed0b19c-3e87-4457-8531-b2322becfc44\CLTBUILD23&gt;set JunitResultsFile=EnrollStudent_Junit.xml &#xD;
&#xD;
C:\Agt6\_work\_temp\TestResults\c2kbuild_CLTBUILD23 2021-04-12 08_12_36\In\2ed0b19c-3e87-4457-8531-b2322becfc44\CLTBUILD23&gt;newman run "c:\agt6\_work\6\a\api\environment\regapiautomation\testdata\fisap-datacorrection\prereq-unkenrollstatus-19_20\..\..\..\..\..\PreReq\PreReq-EnrollStudent.postman_collection.json" -k -d "c:\agt6\_work\6\a\api\environment\regapiautomation\testdata\fisap-datacorrection\prereq-unkenrollstatus-19_20\PreReq-FISAP-DataCorrection@UnkEnrollStatus-19_20-EnrollStudent.data.csv" -e "c:\agt6\_work\6\a\api\environment\regapiautomation\testdata\fisap-datacorrection\prereq-unkenrollstatus-19_20\..\..\..\RegApiAutoEnvironment.postman_environment.json" -r junit,html --reporter-html-export "EnrollStudent_Html.html" --reporter-junit-export "EnrollStudent_Junit.xml"</StdOut>
          </Output>
          <ResultFiles>
            <ResultFile path="CLTBUILD23\EnrollStudent_Html.html" />
            <ResultFile path="CLTBUILD23\EnrollStudent_Junit.xml" />
          </ResultFiles>
        </UnitTestResult>
        <UnitTestResult executionId="1523b41c-6fab-4522-9206-0b2c39edfee8" parentExecutionId="4ed0a644-67a2-46b0-8987-640fb8ec249c" testId="00272d9d-3ad0-48dd-9ed5-a0a8876744a6" testName="3- prereq-fisap-datacorrection@unkenrollstatus-19_20-seteffectivedate-generictest (OT-06R-FISAP-UnkEnrollStatus-19_20)" computerName="CLTBUILD23" duration="00:00:05.6062518" startTime="2021-04-12T08:59:43.0375255-04:00" endTime="2021-04-12T08:59:48.6481214-04:00" testType="13cdc9d9-ddb5-4fa4-a97d-d965ccfc6d4b" outcome="Passed" testListId="8c84fa94-04c1-424b-9868-57a2d4851a1d" relativeResultsDirectory="1523b41c-6fab-4522-9206-0b2c39edfee8">
          <Output>
            <StdOut>C:\Agt6\_work\_temp\TestResults\c2kbuild_CLTBUILD23 2021-04-12 08_12_36\In\1523b41c-6fab-4522-9206-0b2c39edfee8\CLTBUILD23&gt;if not defined TestLocation (set TestLocation=. ) &#xD;
&#xD;
C:\Agt6\_work\_temp\TestResults\c2kbuild_CLTBUILD23 2021-04-12 08_12_36\In\1523b41c-6fab-4522-9206-0b2c39edfee8\CLTBUILD23&gt;set CollectionFileName=c:\agt6\_work\6\a\api\environment\regapiautomation\testdata\fisap-datacorrection\prereq-unkenrollstatus-19_20\..\..\..\..\..\PreReq\PreReq-SetEffectiveDateAfterStudentEnroll.postman_collection.json &#xD;
&#xD;
C:\Agt6\_work\_temp\TestResults\c2kbuild_CLTBUILD23 2021-04-12 08_12_36\In\1523b41c-6fab-4522-9206-0b2c39edfee8\CLTBUILD23&gt;set DataFileName=c:\agt6\_work\6\a\api\environment\regapiautomation\testdata\fisap-datacorrection\prereq-unkenrollstatus-19_20\PreReq-FISAP-DataCorrection@UnkEnrollStatus-19_20-SetEffectiveDate.data.json &#xD;
&#xD;
C:\Agt6\_work\_temp\TestResults\c2kbuild_CLTBUILD23 2021-04-12 08_12_36\In\1523b41c-6fab-4522-9206-0b2c39edfee8\CLTBUILD23&gt;set EnvironmentFilePath=c:\agt6\_work\6\a\api\environment\regapiautomation\testdata\fisap-datacorrection\prereq-unkenrollstatus-19_20\..\..\..\RegApiAutoEnvironment.postman_environment.json &#xD;
&#xD;
C:\Agt6\_work\_temp\TestResults\c2kbuild_CLTBUILD23 2021-04-12 08_12_36\In\1523b41c-6fab-4522-9206-0b2c39edfee8\CLTBUILD23&gt;set HtmlResultsFile=SetEffectiveDate_Html.html &#xD;
&#xD;
C:\Agt6\_work\_temp\TestResults\c2kbuild_CLTBUILD23 2021-04-12 08_12_36\In\1523b41c-6fab-4522-9206-0b2c39edfee8\CLTBUILD23&gt;set JunitResultsFile=SetEffectiveDate_Junit.xml &#xD;
&#xD;
C:\Agt6\_work\_temp\TestResults\c2kbuild_CLTBUILD23 2021-04-12 08_12_36\In\1523b41c-6fab-4522-9206-0b2c39edfee8\CLTBUILD23&gt;newman run "c:\agt6\_work\6\a\api\environment\regapiautomation\testdata\fisap-datacorrection\prereq-unkenrollstatus-19_20\..\..\..\..\..\PreReq\PreReq-SetEffectiveDateAfterStudentEnroll.postman_collection.json" -k -d "c:\agt6\_work\6\a\api\environment\regapiautomation\testdata\fisap-datacorrection\prereq-unkenrollstatus-19_20\PreReq-FISAP-DataCorrection@UnkEnrollStatus-19_20-SetEffectiveDate.data.json" -e "c:\agt6\_work\6\a\api\environment\regapiautomation\testdata\fisap-datacorrection\prereq-unkenrollstatus-19_20\..\..\..\RegApiAutoEnvironment.postman_environment.json" -r junit,html --reporter-html-export "SetEffectiveDate_Html.html" --reporter-junit-export "SetEffectiveDate_Junit.xml"</StdOut>
          </Output>
          <ResultFiles>
            <ResultFile path="CLTBUILD23\SetEffectiveDate_Html.html" />
            <ResultFile path="CLTBUILD23\SetEffectiveDate_Junit.xml" />
          </ResultFiles>
        </UnitTestResult>
        <UnitTestResult executionId="4c8bb006-9276-44f3-8303-6024d57e7ce2" parentExecutionId="4ed0a644-67a2-46b0-8987-640fb8ec249c" testId="73a34ce6-6763-43d4-8f29-8bcbc51fa9a9" testName="4- prereq-fisap-datacorrection@unkenrollstatus-19_20-registerclassandpostattendance-generictest (OT-06R-FISAP-UnkEnrollStatus-19_20)" computerName="CLTBUILD23" duration="00:00:08.2882328" startTime="2021-04-12T08:59:48.6481214-04:00" endTime="2021-04-12T08:59:56.9385190-04:00" testType="13cdc9d9-ddb5-4fa4-a97d-d965ccfc6d4b" outcome="Passed" testListId="8c84fa94-04c1-424b-9868-57a2d4851a1d" relativeResultsDirectory="4c8bb006-9276-44f3-8303-6024d57e7ce2">
          <Output>
            <StdOut>C:\Agt6\_work\_temp\TestResults\c2kbuild_CLTBUILD23 2021-04-12 08_12_36\In\4c8bb006-9276-44f3-8303-6024d57e7ce2\CLTBUILD23&gt;if not defined TestLocation (set TestLocation=. ) &#xD;
&#xD;
C:\Agt6\_work\_temp\TestResults\c2kbuild_CLTBUILD23 2021-04-12 08_12_36\In\4c8bb006-9276-44f3-8303-6024d57e7ce2\CLTBUILD23&gt;set CollectionFileName=c:\agt6\_work\6\a\api\environment\regapiautomation\testdata\fisap-datacorrection\prereq-unkenrollstatus-19_20\..\..\..\..\..\PreReq\PreReq-RegisterClassAndPostAttendanceForStudent.postman_collection.json &#xD;
&#xD;
C:\Agt6\_work\_temp\TestResults\c2kbuild_CLTBUILD23 2021-04-12 08_12_36\In\4c8bb006-9276-44f3-8303-6024d57e7ce2\CLTBUILD23&gt;set DataFileName=c:\agt6\_work\6\a\api\environment\regapiautomation\testdata\fisap-datacorrection\prereq-unkenrollstatus-19_20\PreReq-FISAP-DataCorrection@UnkEnrollStatus-19_20-RegisterClassAndPostAttendance.csv &#xD;
&#xD;
C:\Agt6\_work\_temp\TestResults\c2kbuild_CLTBUILD23 2021-04-12 08_12_36\In\4c8bb006-9276-44f3-8303-6024d57e7ce2\CLTBUILD23&gt;set EnvironmentFilePath=c:\agt6\_work\6\a\api\environment\regapiautomation\testdata\fisap-datacorrection\prereq-unkenrollstatus-19_20\..\..\..\RegApiAutoEnvironment.postman_environment.json &#xD;
&#xD;
C:\Agt6\_work\_temp\TestResults\c2kbuild_CLTBUILD23 2021-04-12 08_12_36\In\4c8bb006-9276-44f3-8303-6024d57e7ce2\CLTBUILD23&gt;set HtmlResultsFile=PreReq-RegisterClassAndPostAttendance_Html.html &#xD;
&#xD;
C:\Agt6\_work\_temp\TestResults\c2kbuild_CLTBUILD23 2021-04-12 08_12_36\In\4c8bb006-9276-44f3-8303-6024d57e7ce2\CLTBUILD23&gt;set JunitResultsFile=PreReq-RegisterClassAndPostAttendance_Junit.xml &#xD;
&#xD;
C:\Agt6\_work\_temp\TestResults\c2kbuild_CLTBUILD23 2021-04-12 08_12_36\In\4c8bb006-9276-44f3-8303-6024d57e7ce2\CLTBUILD23&gt;newman run "c:\agt6\_work\6\a\api\environment\regapiautomation\testdata\fisap-datacorrection\prereq-unkenrollstatus-19_20\..\..\..\..\..\PreReq\PreReq-RegisterClassAndPostAttendanceForStudent.postman_collection.json" -k -d "c:\agt6\_work\6\a\api\environment\regapiautomation\testdata\fisap-datacorrection\prereq-unkenrollstatus-19_20\PreReq-FISAP-DataCorrection@UnkEnrollStatus-19_20-RegisterClassAndPostAttendance.csv" -e "c:\agt6\_work\6\a\api\environment\regapiautomation\testdata\fisap-datacorrection\prereq-unkenrollstatus-19_20\..\..\..\RegApiAutoEnvironment.postman_environment.json" -r junit,html --reporter-html-export "PreReq-RegisterClassAndPostAttendance_Html.html" --reporter-junit-export "PreReq-RegisterClassAndPostAttendance_Junit.xml"</StdOut>
          </Output>
          <ResultFiles>
            <ResultFile path="CLTBUILD23\PreReq-RegisterClassAndPostAttendance_Html.html" />
            <ResultFile path="CLTBUILD23\PreReq-RegisterClassAndPostAttendance_Junit.xml" />
          </ResultFiles>
        </UnitTestResult>
        <UnitTestResult executionId="5284c718-024b-4c16-a5bd-05f0d09e8a5a" parentExecutionId="4ed0a644-67a2-46b0-8987-640fb8ec249c" testId="7e689fb9-8411-470a-a0c8-1ccae6d7fc79" testName="5- prereq-fisap-datacorrection@unkenrollstatus-19_20-updatebudgetforacademicyearforpackaging-generictest (OT-06R-FISAP-UnkEnrollStatus-19_20)" computerName="CLTBUILD23" duration="00:00:09.1829814" startTime="2021-04-12T08:59:56.9395209-04:00" endTime="2021-04-12T09:00:06.1318502-04:00" testType="13cdc9d9-ddb5-4fa4-a97d-d965ccfc6d4b" outcome="Passed" testListId="8c84fa94-04c1-424b-9868-57a2d4851a1d" relativeResultsDirectory="5284c718-024b-4c16-a5bd-05f0d09e8a5a">
          <Output>
            <StdOut>C:\Agt6\_work\_temp\TestResults\c2kbuild_CLTBUILD23 2021-04-12 08_12_36\In\5284c718-024b-4c16-a5bd-05f0d09e8a5a\CLTBUILD23&gt;if not defined TestLocation (set TestLocation=. ) &#xD;
&#xD;
C:\Agt6\_work\_temp\TestResults\c2kbuild_CLTBUILD23 2021-04-12 08_12_36\In\5284c718-024b-4c16-a5bd-05f0d09e8a5a\CLTBUILD23&gt;set CollectionFileName=c:\agt6\_work\6\a\api\environment\regapiautomation\testdata\fisap-datacorrection\prereq-unkenrollstatus-19_20\..\..\..\..\..\PreReq\PreReq-UpdateBudgetForAcademicYearForPackaging.postman_collection.json &#xD;
&#xD;
C:\Agt6\_work\_temp\TestResults\c2kbuild_CLTBUILD23 2021-04-12 08_12_36\In\5284c718-024b-4c16-a5bd-05f0d09e8a5a\CLTBUILD23&gt;set DataFileName=c:\agt6\_work\6\a\api\environment\regapiautomation\testdata\fisap-datacorrection\prereq-unkenrollstatus-19_20\PreReq-FISAP-DataCorrection@UnkEnrollStatus-19_20-UpdateBudgetForAcademicYearForPackaging.data.csv &#xD;
&#xD;
C:\Agt6\_work\_temp\TestResults\c2kbuild_CLTBUILD23 2021-04-12 08_12_36\In\5284c718-024b-4c16-a5bd-05f0d09e8a5a\CLTBUILD23&gt;set EnvironmentFilePath=c:\agt6\_work\6\a\api\environment\regapiautomation\testdata\fisap-datacorrection\prereq-unkenrollstatus-19_20\..\..\..\RegApiAutoEnvironment.postman_environment.json &#xD;
&#xD;
C:\Agt6\_work\_temp\TestResults\c2kbuild_CLTBUILD23 2021-04-12 08_12_36\In\5284c718-024b-4c16-a5bd-05f0d09e8a5a\CLTBUILD23&gt;set HtmlResultsFile=PreReq-UpdateBudgetForAcademicYearForPackaging_Html.html &#xD;
&#xD;
C:\Agt6\_work\_temp\TestResults\c2kbuild_CLTBUILD23 2021-04-12 08_12_36\In\5284c718-024b-4c16-a5bd-05f0d09e8a5a\CLTBUILD23&gt;set JunitResultsFile=PreReq-UpdateBudgetForAcademicYearForPackaging_Junit.xml &#xD;
&#xD;
C:\Agt6\_work\_temp\TestResults\c2kbuild_CLTBUILD23 2021-04-12 08_12_36\In\5284c718-024b-4c16-a5bd-05f0d09e8a5a\CLTBUILD23&gt;newman run "c:\agt6\_work\6\a\api\environment\regapiautomation\testdata\fisap-datacorrection\prereq-unkenrollstatus-19_20\..\..\..\..\..\PreReq\PreReq-UpdateBudgetForAcademicYearForPackaging.postman_collection.json" -k -d "c:\agt6\_work\6\a\api\environment\regapiautomation\testdata\fisap-datacorrection\prereq-unkenrollstatus-19_20\PreReq-FISAP-DataCorrection@UnkEnrollStatus-19_20-UpdateBudgetForAcademicYearForPackaging.data.csv" -e "c:\agt6\_work\6\a\api\environment\regapiautomation\testdata\fisap-datacorrection\prereq-unkenrollstatus-19_20\..\..\..\RegApiAutoEnvironment.postman_environment.json" -r junit,html --reporter-html-export "PreReq-UpdateBudgetForAcademicYearForPackaging_Html.html" --reporter-junit-export "PreReq-UpdateBudgetForAcademicYearForPackaging_Junit.xml"</StdOut>
          </Output>
          <ResultFiles>
            <ResultFile path="CLTBUILD23\PreReq-UpdateBudgetForAcademicYearForPackaging_Html.html" />
            <ResultFile path="CLTBUILD23\PreReq-UpdateBudgetForAcademicYearForPackaging_Junit.xml" />
          </ResultFiles>
        </UnitTestResult>
        <UnitTestResult executionId="b245f5b2-05ba-4e42-af90-ea5c8c0cf08f" parentExecutionId="4ed0a644-67a2-46b0-8987-640fb8ec249c" testId="7637d1c4-0256-4aac-b114-a60b079e1a0b" testName="6- prereq-fisap-datacorrection@unkenrollstatus-19_20-awardgrantforpackaging-generictest (OT-06R-FISAP-UnkEnrollStatus-19_20)" computerName="CLTBUILD23" duration="00:00:09.5593482" startTime="2021-04-12T09:00:06.1328557-04:00" endTime="2021-04-12T09:00:15.6921571-04:00" testType="13cdc9d9-ddb5-4fa4-a97d-d965ccfc6d4b" outcome="Passed" testListId="8c84fa94-04c1-424b-9868-57a2d4851a1d" relativeResultsDirectory="b245f5b2-05ba-4e42-af90-ea5c8c0cf08f">
          <Output>
            <StdOut>C:\Agt6\_work\_temp\TestResults\c2kbuild_CLTBUILD23 2021-04-12 08_12_36\In\b245f5b2-05ba-4e42-af90-ea5c8c0cf08f\CLTBUILD23&gt;if not defined TestLocation (set TestLocation=. ) &#xD;
&#xD;
C:\Agt6\_work\_temp\TestResults\c2kbuild_CLTBUILD23 2021-04-12 08_12_36\In\b245f5b2-05ba-4e42-af90-ea5c8c0cf08f\CLTBUILD23&gt;set CollectionFileName=c:\agt6\_work\6\a\api\environment\regapiautomation\testdata\fisap-datacorrection\prereq-unkenrollstatus-19_20\..\..\..\..\..\PreReq\PreReq-AwardGrantForPackaging.postman_collection.json &#xD;
&#xD;
C:\Agt6\_work\_temp\TestResults\c2kbuild_CLTBUILD23 2021-04-12 08_12_36\In\b245f5b2-05ba-4e42-af90-ea5c8c0cf08f\CLTBUILD23&gt;set DataFileName=c:\agt6\_work\6\a\api\environment\regapiautomation\testdata\fisap-datacorrection\prereq-unkenrollstatus-19_20\PreReq-FISAP-DataCorrection@UnkEnrollStatus-19_20-AwardGrantForPackaging.data.csv &#xD;
&#xD;
C:\Agt6\_work\_temp\TestResults\c2kbuild_CLTBUILD23 2021-04-12 08_12_36\In\b245f5b2-05ba-4e42-af90-ea5c8c0cf08f\CLTBUILD23&gt;set EnvironmentFilePath=c:\agt6\_work\6\a\api\environment\regapiautomation\testdata\fisap-datacorrection\prereq-unkenrollstatus-19_20\..\..\..\RegApiAutoEnvironment.postman_environment.json &#xD;
&#xD;
C:\Agt6\_work\_temp\TestResults\c2kbuild_CLTBUILD23 2021-04-12 08_12_36\In\b245f5b2-05ba-4e42-af90-ea5c8c0cf08f\CLTBUILD23&gt;set HtmlResultsFile=PreReq-AwardGrantForPackaging_Html.html &#xD;
&#xD;
C:\Agt6\_work\_temp\TestResults\c2kbuild_CLTBUILD23 2021-04-12 08_12_36\In\b245f5b2-05ba-4e42-af90-ea5c8c0cf08f\CLTBUILD23&gt;set JunitResultsFile=PreReq-AwardGrantForPackaging_Junit.xml &#xD;
&#xD;
C:\Agt6\_work\_temp\TestResults\c2kbuild_CLTBUILD23 2021-04-12 08_12_36\In\b245f5b2-05ba-4e42-af90-ea5c8c0cf08f\CLTBUILD23&gt;newman run "c:\agt6\_work\6\a\api\environment\regapiautomation\testdata\fisap-datacorrection\prereq-unkenrollstatus-19_20\..\..\..\..\..\PreReq\PreReq-AwardGrantForPackaging.postman_collection.json" -k -d "c:\agt6\_work\6\a\api\environment\regapiautomation\testdata\fisap-datacorrection\prereq-unkenrollstatus-19_20\PreReq-FISAP-DataCorrection@UnkEnrollStatus-19_20-AwardGrantForPackaging.data.csv" -e "c:\agt6\_work\6\a\api\environment\regapiautomation\testdata\fisap-datacorrection\prereq-unkenrollstatus-19_20\..\..\..\RegApiAutoEnvironment.postman_environment.json" -r junit,html --reporter-html-export "PreReq-AwardGrantForPackaging_Html.html" --reporter-junit-export "PreReq-AwardGrantForPackaging_Junit.xml"</StdOut>
          </Output>
          <ResultFiles>
            <ResultFile path="CLTBUILD23\PreReq-AwardGrantForPackaging_Html.html" />
            <ResultFile path="CLTBUILD23\PreReq-AwardGrantForPackaging_Junit.xml" />
          </ResultFiles>
        </UnitTestResult>
        <UnitTestResult executionId="b2ff573c-1ac0-4ef6-9c80-e21d34a5c751" parentExecutionId="4ed0a644-67a2-46b0-8987-640fb8ec249c" testId="ed1fabea-0bc1-4dc1-925e-2de790c3000e" testName="7- prereq-fisap-datacorrection@unkenrollstatus-19_20-postpaymentledgercard-generictest (OT-06R-FISAP-UnkEnrollStatus-19_20)" computerName="CLTBUILD23" duration="00:00:08.1872221" startTime="2021-04-12T09:00:15.6931567-04:00" endTime="2021-04-12T09:00:23.8845602-04:00" testType="13cdc9d9-ddb5-4fa4-a97d-d965ccfc6d4b" outcome="Passed" testListId="8c84fa94-04c1-424b-9868-57a2d4851a1d" relativeResultsDirectory="b2ff573c-1ac0-4ef6-9c80-e21d34a5c751">
          <Output>
            <StdOut>C:\Agt6\_work\_temp\TestResults\c2kbuild_CLTBUILD23 2021-04-12 08_12_36\In\b2ff573c-1ac0-4ef6-9c80-e21d34a5c751\CLTBUILD23&gt;if not defined TestLocation (set TestLocation=. ) &#xD;
&#xD;
C:\Agt6\_work\_temp\TestResults\c2kbuild_CLTBUILD23 2021-04-12 08_12_36\In\b2ff573c-1ac0-4ef6-9c80-e21d34a5c751\CLTBUILD23&gt;set CollectionFileName=c:\agt6\_work\6\a\api\environment\regapiautomation\testdata\fisap-datacorrection\prereq-unkenrollstatus-19_20\..\..\..\..\..\PreReq\PreReq-PostPaymentLedgerCard.postman_collection.json &#xD;
&#xD;
C:\Agt6\_work\_temp\TestResults\c2kbuild_CLTBUILD23 2021-04-12 08_12_36\In\b2ff573c-1ac0-4ef6-9c80-e21d34a5c751\CLTBUILD23&gt;set DataFileName=c:\agt6\_work\6\a\api\environment\regapiautomation\testdata\fisap-datacorrection\prereq-unkenrollstatus-19_20\PreReq-FISAP-DataCorrection@UnkEnrollStatus-19_20-PostPaymentLedgerCard.data.json &#xD;
&#xD;
C:\Agt6\_work\_temp\TestResults\c2kbuild_CLTBUILD23 2021-04-12 08_12_36\In\b2ff573c-1ac0-4ef6-9c80-e21d34a5c751\CLTBUILD23&gt;set EnvironmentFilePath=c:\agt6\_work\6\a\api\environment\regapiautomation\testdata\fisap-datacorrection\prereq-unkenrollstatus-19_20\..\..\..\RegApiAutoEnvironment.postman_environment.json &#xD;
&#xD;
C:\Agt6\_work\_temp\TestResults\c2kbuild_CLTBUILD23 2021-04-12 08_12_36\In\b2ff573c-1ac0-4ef6-9c80-e21d34a5c751\CLTBUILD23&gt;set HtmlResultsFile=PreReq-PostPaymentLedgerCard_Html.html &#xD;
&#xD;
C:\Agt6\_work\_temp\TestResults\c2kbuild_CLTBUILD23 2021-04-12 08_12_36\In\b2ff573c-1ac0-4ef6-9c80-e21d34a5c751\CLTBUILD23&gt;set JunitResultsFile=PreReq-PostPaymentLdegerCard_Junit.xml &#xD;
&#xD;
C:\Agt6\_work\_temp\TestResults\c2kbuild_CLTBUILD23 2021-04-12 08_12_36\In\b2ff573c-1ac0-4ef6-9c80-e21d34a5c751\CLTBUILD23&gt;newman run "c:\agt6\_work\6\a\api\environment\regapiautomation\testdata\fisap-datacorrection\prereq-unkenrollstatus-19_20\..\..\..\..\..\PreReq\PreReq-PostPaymentLedgerCard.postman_collection.json" -k -d "c:\agt6\_work\6\a\api\environment\regapiautomation\testdata\fisap-datacorrection\prereq-unkenrollstatus-19_20\PreReq-FISAP-DataCorrection@UnkEnrollStatus-19_20-PostPaymentLedgerCard.data.json" -e "c:\agt6\_work\6\a\api\environment\regapiautomation\testdata\fisap-datacorrection\prereq-unkenrollstatus-19_20\..\..\..\RegApiAutoEnvironment.postman_environment.json" -r junit,html --reporter-html-export "PreReq-PostPaymentLedgerCard_Html.html" --reporter-junit-export "PreReq-PostPaymentLdegerCard_Junit.xml"</StdOut>
          </Output>
          <ResultFiles>
            <ResultFile path="CLTBUILD23\PreReq-PostPaymentLdegerCard_Junit.xml" />
            <ResultFile path="CLTBUILD23\PreReq-PostPaymentLedgerCard_Html.html" />
          </ResultFiles>
        </UnitTestResult>
        <UnitTestResult executionId="52b3e944-ee90-401e-904a-797473b6934a" parentExecutionId="4ed0a644-67a2-46b0-8987-640fb8ec249c" testId="56884647-1b9c-43c6-b5b6-6aac66429d94" testName="8- fisap-datacorrection@unkenrollstatus-19_20-generictest (OT-06R-FISAP-UnkEnrollStatus-19_20)" computerName="CLTBUILD23" duration="00:00:06.6857287" startTime="2021-04-12T09:00:23.8855598-04:00" endTime="2021-04-12T09:00:30.5740746-04:00" testType="13cdc9d9-ddb5-4fa4-a97d-d965ccfc6d4b" outcome="Passed" testListId="8c84fa94-04c1-424b-9868-57a2d4851a1d" relativeResultsDirectory="52b3e944-ee90-401e-904a-797473b6934a">
          <Output>
            <StdOut>C:\Agt6\_work\_temp\TestResults\c2kbuild_CLTBUILD23 2021-04-12 08_12_36\In\52b3e944-ee90-401e-904a-797473b6934a\CLTBUILD23&gt;if not defined TestLocation (set TestLocation=. ) &#xD;
&#xD;
C:\Agt6\_work\_temp\TestResults\c2kbuild_CLTBUILD23 2021-04-12 08_12_36\In\52b3e944-ee90-401e-904a-797473b6934a\CLTBUILD23&gt;set CollectionFileName=c:\agt6\_work\6\a\api\environment\regapiautomation\testdata\fisap-datacorrection\..\..\..\..\Tests\FISAP-DataCorrection\FISAP-DataCorrection@UnkEnrollStatus.postman_collection.json &#xD;
&#xD;
C:\Agt6\_work\_temp\TestResults\c2kbuild_CLTBUILD23 2021-04-12 08_12_36\In\52b3e944-ee90-401e-904a-797473b6934a\CLTBUILD23&gt;set DataFileName=c:\agt6\_work\6\a\api\environment\regapiautomation\testdata\fisap-datacorrection\FISAP-DataCorrection@UnkEnrollStatus-19_20.data.json &#xD;
&#xD;
C:\Agt6\_work\_temp\TestResults\c2kbuild_CLTBUILD23 2021-04-12 08_12_36\In\52b3e944-ee90-401e-904a-797473b6934a\CLTBUILD23&gt;set EnvironmentFilePath=c:\agt6\_work\6\a\api\environment\regapiautomation\testdata\fisap-datacorrection\..\..\RegApiAutoEnvironment.postman_environment.json &#xD;
&#xD;
C:\Agt6\_work\_temp\TestResults\c2kbuild_CLTBUILD23 2021-04-12 08_12_36\In\52b3e944-ee90-401e-904a-797473b6934a\CLTBUILD23&gt;set HtmlResultsFile=FISAP-DataCorrection@UnkEnrollStatus-19_20-Html.html &#xD;
&#xD;
C:\Agt6\_work\_temp\TestResults\c2kbuild_CLTBUILD23 2021-04-12 08_12_36\In\52b3e944-ee90-401e-904a-797473b6934a\CLTBUILD23&gt;set JunitResultsFile=FISAP-DataCorrection@UnkEnrollStatus-19_20-Junit.xml &#xD;
&#xD;
C:\Agt6\_work\_temp\TestResults\c2kbuild_CLTBUILD23 2021-04-12 08_12_36\In\52b3e944-ee90-401e-904a-797473b6934a\CLTBUILD23&gt;newman run "c:\agt6\_work\6\a\api\environment\regapiautomation\testdata\fisap-datacorrection\..\..\..\..\Tests\FISAP-DataCorrection\FISAP-DataCorrection@UnkEnrollStatus.postman_collection.json" -k -d "c:\agt6\_work\6\a\api\environment\regapiautomation\testdata\fisap-datacorrection\FISAP-DataCorrection@UnkEnrollStatus-19_20.data.json" -e "c:\agt6\_work\6\a\api\environment\regapiautomation\testdata\fisap-datacorrection\..\..\RegApiAutoEnvironment.postman_environment.json" -r junit,html --reporter-html-export "FISAP-DataCorrection@UnkEnrollStatus-19_20-Html.html" --reporter-junit-export "FISAP-DataCorrection@UnkEnrollStatus-19_20-Junit.xml"</StdOut>
          </Output>
          <ResultFiles>
            <ResultFile path="CLTBUILD23\FISAP-DataCorrection@UnkEnrollStatus-19_20-Html.html" />
            <ResultFile path="CLTBUILD23\FISAP-DataCorrection@UnkEnrollStatus-19_20-Junit.xml" />
          </ResultFiles>
        </UnitTestResult>
      </InnerResults>
    </TestResultAggregation>
    <TestResultAggregation executionId="9046532c-4bd2-4273-9ab3-bbd600096885" testId="fad4720b-b25e-44ac-8a80-c63839c54378" testName="OT-12D-StudentIsir.CommentCodes-21_22" computerName="CLTBUILD23" duration="00:00:13.7047972" startTime="2021-04-12T09:29:32.7152347-04:00" endTime="2021-04-12T09:29:46.4262579-04:00" testType="ec4800e8-40e5-4ab3-8510-b8bf29b1904d" outcome="Passed" testListId="8c84fa94-04c1-424b-9868-57a2d4851a1d" relativeResultsDirectory="9046532c-4bd2-4273-9ab3-bbd600096885">
      <InnerResults>
        <UnitTestResult executionId="b3882532-e470-41fc-ac75-5999ed97ca48" parentExecutionId="9046532c-4bd2-4273-9ab3-bbd600096885" testId="9a123e0d-57dd-4bf9-b2a2-398899265601" testName="1- prereq-appproc-studentisir-view@hp-commentcodes-importisir-21_22-generictest (OT-12D-StudentIsir.CommentCodes-21_22)" computerName="CLTBUILD23" duration="00:00:08.2648938" startTime="2021-04-12T09:29:32.7222456-04:00" endTime="2021-04-12T09:29:40.9916466-04:00" testType="13cdc9d9-ddb5-4fa4-a97d-d965ccfc6d4b" outcome="Passed" testListId="8c84fa94-04c1-424b-9868-57a2d4851a1d" relativeResultsDirectory="b3882532-e470-41fc-ac75-5999ed97ca48">
          <Output>
            <StdOut>C:\Agt6\_work\_temp\TestResults\c2kbuild_CLTBUILD23 2021-04-12 08_12_36\In\b3882532-e470-41fc-ac75-5999ed97ca48\CLTBUILD23&gt;if not defined TestLocation (set TestLocation=. ) &#xD;
&#xD;
C:\Agt6\_work\_temp\TestResults\c2kbuild_CLTBUILD23 2021-04-12 08_12_36\In\b3882532-e470-41fc-ac75-5999ed97ca48\CLTBUILD23&gt;set CollectionFileName=c:\agt6\_work\6\a\api\environment\regapiautomation\testdata\studentisir\prereq-hp-commentcodes-21_22\..\..\..\..\..\PreReq\PreReq-ImportISIR.postman_collection.json &#xD;
&#xD;
C:\Agt6\_work\_temp\TestResults\c2kbuild_CLTBUILD23 2021-04-12 08_12_36\In\b3882532-e470-41fc-ac75-5999ed97ca48\CLTBUILD23&gt;set DataFileName=c:\agt6\_work\6\a\api\environment\regapiautomation\testdata\studentisir\prereq-hp-commentcodes-21_22\PreReq-AppProc-StudentISIR-View@HP-CommentCodes-ImportIsir-21_22.data.json &#xD;
&#xD;
C:\Agt6\_work\_temp\TestResults\c2kbuild_CLTBUILD23 2021-04-12 08_12_36\In\b3882532-e470-41fc-ac75-5999ed97ca48\CLTBUILD23&gt;set EnvironmentFilePath=c:\agt6\_work\6\a\api\environment\regapiautomation\testdata\studentisir\prereq-hp-commentcodes-21_22\..\..\..\RegApiAutoEnvironment.postman_environment.json &#xD;
&#xD;
C:\Agt6\_work\_temp\TestResults\c2kbuild_CLTBUILD23 2021-04-12 08_12_36\In\b3882532-e470-41fc-ac75-5999ed97ca48\CLTBUILD23&gt;set HtmlResultsFile=PreReq-AppProc-StudentISIR-View@HP-CommentCodes-ImportIsir-21_22_Html.html &#xD;
&#xD;
C:\Agt6\_work\_temp\TestResults\c2kbuild_CLTBUILD23 2021-04-12 08_12_36\In\b3882532-e470-41fc-ac75-5999ed97ca48\CLTBUILD23&gt;set JunitResultsFile=PreReq-AppProc-StudentISIR-View@HP-CommentCodes-ImportIsir-21_22_Junit.xml &#xD;
&#xD;
C:\Agt6\_work\_temp\TestResults\c2kbuild_CLTBUILD23 2021-04-12 08_12_36\In\b3882532-e470-41fc-ac75-5999ed97ca48\CLTBUILD23&gt;newman run "c:\agt6\_work\6\a\api\environment\regapiautomation\testdata\studentisir\prereq-hp-commentcodes-21_22\..\..\..\..\..\PreReq\PreReq-ImportISIR.postman_collection.json" -k -d "c:\agt6\_work\6\a\api\environment\regapiautomation\testdata\studentisir\prereq-hp-commentcodes-21_22\PreReq-AppProc-StudentISIR-View@HP-CommentCodes-ImportIsir-21_22.data.json" -e "c:\agt6\_work\6\a\api\environment\regapiautomation\testdata\studentisir\prereq-hp-commentcodes-21_22\..\..\..\RegApiAutoEnvironment.postman_environment.json" -r junit,html --reporter-html-export "PreReq-AppProc-StudentISIR-View@HP-CommentCodes-ImportIsir-21_22_Html.html" --reporter-junit-export "PreReq-AppProc-StudentISIR-View@HP-CommentCodes-ImportIsir-21_22_Junit.xml"</StdOut>
          </Output>
          <ResultFiles>
            <ResultFile path="CLTBUILD23\PreReq-AppProc-StudentISIR-View@HP-CommentCodes-ImportIsir-21_22_Html.html" />
            <ResultFile path="CLTBUILD23\PreReq-AppProc-StudentISIR-View@HP-CommentCodes-ImportIsir-21_22_Junit.xml" />
          </ResultFiles>
        </UnitTestResult>
        <UnitTestResult executionId="f6048a8a-a4cb-4248-8a7e-c60ae093285d" parentExecutionId="9046532c-4bd2-4273-9ab3-bbd600096885" testId="2bd7af7e-166b-4f34-9582-ab21df05fe96" testName="2- appproc-studentisir-view@hp-commentcodes-21_22-generictest (OT-12D-StudentIsir.CommentCodes-21_22)" computerName="CLTBUILD23" duration="00:00:05.4302403" startTime="2021-04-12T09:29:40.9916466-04:00" endTime="2021-04-12T09:29:46.4252591-04:00" testType="13cdc9d9-ddb5-4fa4-a97d-d965ccfc6d4b" outcome="Passed" testListId="8c84fa94-04c1-424b-9868-57a2d4851a1d" relativeResultsDirectory="f6048a8a-a4cb-4248-8a7e-c60ae093285d">
          <Output>
            <StdOut>C:\Agt6\_work\_temp\TestResults\c2kbuild_CLTBUILD23 2021-04-12 08_12_36\In\f6048a8a-a4cb-4248-8a7e-c60ae093285d\CLTBUILD23&gt;if not defined TestLocation (set TestLocation=. ) &#xD;
&#xD;
C:\Agt6\_work\_temp\TestResults\c2kbuild_CLTBUILD23 2021-04-12 08_12_36\In\f6048a8a-a4cb-4248-8a7e-c60ae093285d\CLTBUILD23&gt;set CollectionFileName=c:\agt6\_work\6\a\api\environment\regapiautomation\testdata\studentisir\..\..\..\..\Tests\StudentIsir\AppProc-StudentISIR-View@HP-CommentCodes.postman_collection.json &#xD;
&#xD;
C:\Agt6\_work\_temp\TestResults\c2kbuild_CLTBUILD23 2021-04-12 08_12_36\In\f6048a8a-a4cb-4248-8a7e-c60ae093285d\CLTBUILD23&gt;set DataFileName=c:\agt6\_work\6\a\api\environment\regapiautomation\testdata\studentisir\AppProc-StudentISIR-View@HP-CommentCodes-21_22.data.json &#xD;
&#xD;
C:\Agt6\_work\_temp\TestResults\c2kbuild_CLTBUILD23 2021-04-12 08_12_36\In\f6048a8a-a4cb-4248-8a7e-c60ae093285d\CLTBUILD23&gt;set EnvironmentFilePath=c:\agt6\_work\6\a\api\environment\regapiautomation\testdata\studentisir\..\..\RegApiAutoEnvironment.postman_environment.json &#xD;
&#xD;
C:\Agt6\_work\_temp\TestResults\c2kbuild_CLTBUILD23 2021-04-12 08_12_36\In\f6048a8a-a4cb-4248-8a7e-c60ae093285d\CLTBUILD23&gt;set HtmlResultsFile=AppProc-StudentISIR-View@HP-CommentCodes-21_22_Html.html &#xD;
&#xD;
C:\Agt6\_work\_temp\TestResults\c2kbuild_CLTBUILD23 2021-04-12 08_12_36\In\f6048a8a-a4cb-4248-8a7e-c60ae093285d\CLTBUILD23&gt;set JunitResultsFile=AppProc-StudentISIR-View@HP-CommentCodes-21_22_Junit.xml &#xD;
&#xD;
C:\Agt6\_work\_temp\TestResults\c2kbuild_CLTBUILD23 2021-04-12 08_12_36\In\f6048a8a-a4cb-4248-8a7e-c60ae093285d\CLTBUILD23&gt;newman run "c:\agt6\_work\6\a\api\environment\regapiautomation\testdata\studentisir\..\..\..\..\Tests\StudentIsir\AppProc-StudentISIR-View@HP-CommentCodes.postman_collection.json" -k -d "c:\agt6\_work\6\a\api\environment\regapiautomation\testdata\studentisir\AppProc-StudentISIR-View@HP-CommentCodes-21_22.data.json" -e "c:\agt6\_work\6\a\api\environment\regapiautomation\testdata\studentisir\..\..\RegApiAutoEnvironment.postman_environment.json" -r junit,html --reporter-html-export "AppProc-StudentISIR-View@HP-CommentCodes-21_22_Html.html" --reporter-junit-export "AppProc-StudentISIR-View@HP-CommentCodes-21_22_Junit.xml"</StdOut>
          </Output>
          <ResultFiles>
            <ResultFile path="CLTBUILD23\AppProc-StudentISIR-View@HP-CommentCodes-21_22_Html.html" />
            <ResultFile path="CLTBUILD23\AppProc-StudentISIR-View@HP-CommentCodes-21_22_Junit.xml" />
          </ResultFiles>
        </UnitTestResult>
      </InnerResults>
    </TestResultAggregation>
    <TestResultAggregation executionId="5ee5167a-5392-44b7-854c-73a3e56a723b" testId="7aa25d67-c293-45ad-9d77-12fd2cc8e7cc" testName="OT-10H-CollegeFinancePlan-Config-EnrolledStudents-21_22" computerName="CLTBUILD23" duration="00:00:16.5641657" startTime="2021-04-12T09:21:42.6082839-04:00" endTime="2021-04-12T09:21:59.1740974-04:00" testType="ec4800e8-40e5-4ab3-8510-b8bf29b1904d" outcome="Passed" testListId="8c84fa94-04c1-424b-9868-57a2d4851a1d" relativeResultsDirectory="5ee5167a-5392-44b7-854c-73a3e56a723b">
      <InnerResults>
        <UnitTestResult executionId="5440cd6b-18f3-400d-b790-d2bbed7f99fb" parentExecutionId="5ee5167a-5392-44b7-854c-73a3e56a723b" testId="87c1fa65-0f8e-4c3e-9cdc-d02758f71c44" testName="1- collegefinanceplan-config@enrolledstudents-21_22-generictest (OT-10H-CollegeFinancePlan-Config-EnrolledStudents-21_22)" computerName="CLTBUILD23" duration="00:00:16.5598242" startTime="2021-04-12T09:21:42.6112851-04:00" endTime="2021-04-12T09:21:59.1730973-04:00" testType="13cdc9d9-ddb5-4fa4-a97d-d965ccfc6d4b" outcome="Passed" testListId="8c84fa94-04c1-424b-9868-57a2d4851a1d" relativeResultsDirectory="5440cd6b-18f3-400d-b790-d2bbed7f99fb">
          <Output>
            <StdOut>C:\Agt6\_work\_temp\TestResults\c2kbuild_CLTBUILD23 2021-04-12 08_12_36\In\5440cd6b-18f3-400d-b790-d2bbed7f99fb\CLTBUILD23&gt;if not defined TestLocation (set TestLocation=. ) &#xD;
&#xD;
C:\Agt6\_work\_temp\TestResults\c2kbuild_CLTBUILD23 2021-04-12 08_12_36\In\5440cd6b-18f3-400d-b790-d2bbed7f99fb\CLTBUILD23&gt;set CollectionFileName=c:\agt6\_work\6\a\api\environment\regapiautomation\testdata\shoppingsheets\..\..\..\..\Tests\ShoppingSheets\CollegeFinancePlan-Config@EnrolledStudents.postman_collection.json &#xD;
&#xD;
C:\Agt6\_work\_temp\TestResults\c2kbuild_CLTBUILD23 2021-04-12 08_12_36\In\5440cd6b-18f3-400d-b790-d2bbed7f99fb\CLTBUILD23&gt;set DataFileName=c:\agt6\_work\6\a\api\environment\regapiautomation\testdata\shoppingsheets\CollegeFinancePlan-Config@EnrolledStudents-21_22.data.csv &#xD;
&#xD;
C:\Agt6\_work\_temp\TestResults\c2kbuild_CLTBUILD23 2021-04-12 08_12_36\In\5440cd6b-18f3-400d-b790-d2bbed7f99fb\CLTBUILD23&gt;set EnvironmentFilePath=c:\agt6\_work\6\a\api\environment\regapiautomation\testdata\shoppingsheets\..\..\RegApiAutoEnvironment.postman_environment.json &#xD;
&#xD;
C:\Agt6\_work\_temp\TestResults\c2kbuild_CLTBUILD23 2021-04-12 08_12_36\In\5440cd6b-18f3-400d-b790-d2bbed7f99fb\CLTBUILD23&gt;set HtmlResultsFile=CollegeFinancePlan-Config@EnrolledStudents-21_22_Html.html &#xD;
&#xD;
C:\Agt6\_work\_temp\TestResults\c2kbuild_CLTBUILD23 2021-04-12 08_12_36\In\5440cd6b-18f3-400d-b790-d2bbed7f99fb\CLTBUILD23&gt;set JunitResultsFile=CollegeFinancePlan-Config@EnrolledStudents-21_22_Junit.xml &#xD;
&#xD;
C:\Agt6\_work\_temp\TestResults\c2kbuild_CLTBUILD23 2021-04-12 08_12_36\In\5440cd6b-18f3-400d-b790-d2bbed7f99fb\CLTBUILD23&gt;newman run "c:\agt6\_work\6\a\api\environment\regapiautomation\testdata\shoppingsheets\..\..\..\..\Tests\ShoppingSheets\CollegeFinancePlan-Config@EnrolledStudents.postman_collection.json" -k -d "c:\agt6\_work\6\a\api\environment\regapiautomation\testdata\shoppingsheets\CollegeFinancePlan-Config@EnrolledStudents-21_22.data.csv" -e "c:\agt6\_work\6\a\api\environment\regapiautomation\testdata\shoppingsheets\..\..\RegApiAutoEnvironment.postman_environment.json" -r junit,html --reporter-html-export "CollegeFinancePlan-Config@EnrolledStudents-21_22_Html.html" --reporter-junit-export "CollegeFinancePlan-Config@EnrolledStudents-21_22_Junit.xml"</StdOut>
          </Output>
          <ResultFiles>
            <ResultFile path="CLTBUILD23\CollegeFinancePlan-Config@EnrolledStudents-21_22_Html.html" />
            <ResultFile path="CLTBUILD23\CollegeFinancePlan-Config@EnrolledStudents-21_22_Junit.xml" />
          </ResultFiles>
        </UnitTestResult>
      </InnerResults>
    </TestResultAggregation>
    <TestResultAggregation executionId="02fb9329-2db5-4c5c-83c0-929721f070b4" testId="744c835c-e641-4c35-9df5-ed90553e5077" testName="OT-06M-FISAP-NotEligible-SEOG-20_21" computerName="CLTBUILD23" duration="00:01:08.7830871" startTime="2021-04-12T08:54:05.6346897-04:00" endTime="2021-04-12T08:55:14.4112979-04:00" testType="ec4800e8-40e5-4ab3-8510-b8bf29b1904d" outcome="Passed" testListId="8c84fa94-04c1-424b-9868-57a2d4851a1d" relativeResultsDirectory="02fb9329-2db5-4c5c-83c0-929721f070b4">
      <InnerResults>
        <UnitTestResult executionId="21054bff-b19c-47ac-b295-58d5b370608f" parentExecutionId="02fb9329-2db5-4c5c-83c0-929721f070b4" testId="0473d812-4ac7-4ee3-8afb-55ccb82493d7" testName="1- prereq-fisap-datacorrection@noteligible-seog-20_21-createstudent-generictest (OT-06M-FISAP-NotEligible-SEOG-20_21)" computerName="CLTBUILD23" duration="00:00:08.2114214" startTime="2021-04-12T08:54:05.6356880-04:00" endTime="2021-04-12T08:54:13.8521655-04:00" testType="13cdc9d9-ddb5-4fa4-a97d-d965ccfc6d4b" outcome="Passed" testListId="8c84fa94-04c1-424b-9868-57a2d4851a1d" relativeResultsDirectory="21054bff-b19c-47ac-b295-58d5b370608f">
          <Output>
            <StdOut>C:\Agt6\_work\_temp\TestResults\c2kbuild_CLTBUILD23 2021-04-12 08_12_36\In\21054bff-b19c-47ac-b295-58d5b370608f\CLTBUILD23&gt;if not defined TestLocation (set TestLocation=. ) &#xD;
&#xD;
C:\Agt6\_work\_temp\TestResults\c2kbuild_CLTBUILD23 2021-04-12 08_12_36\In\21054bff-b19c-47ac-b295-58d5b370608f\CLTBUILD23&gt;set CollectionFileName=c:\agt6\_work\6\a\api\environment\regapiautomation\testdata\fisap-datacorrection\prereq-noteligible-seog-20-21\..\..\..\..\..\PreReq\PreReq-CreateStudent.postman_collection.json &#xD;
&#xD;
C:\Agt6\_work\_temp\TestResults\c2kbuild_CLTBUILD23 2021-04-12 08_12_36\In\21054bff-b19c-47ac-b295-58d5b370608f\CLTBUILD23&gt;set DataFileName=c:\agt6\_work\6\a\api\environment\regapiautomation\testdata\fisap-datacorrection\prereq-noteligible-seog-20-21\PreReq-FISAP-DataCorrection@NotEligible-SEOG-20_21-CreateStudent.data.csv &#xD;
&#xD;
C:\Agt6\_work\_temp\TestResults\c2kbuild_CLTBUILD23 2021-04-12 08_12_36\In\21054bff-b19c-47ac-b295-58d5b370608f\CLTBUILD23&gt;set EnvironmentFilePath=c:\agt6\_work\6\a\api\environment\regapiautomation\testdata\fisap-datacorrection\prereq-noteligible-seog-20-21\..\..\..\RegApiAutoEnvironment.postman_environment.json &#xD;
&#xD;
C:\Agt6\_work\_temp\TestResults\c2kbuild_CLTBUILD23 2021-04-12 08_12_36\In\21054bff-b19c-47ac-b295-58d5b370608f\CLTBUILD23&gt;set HtmlResultsFile=PreReq-CreateStudent_Html.html &#xD;
&#xD;
C:\Agt6\_work\_temp\TestResults\c2kbuild_CLTBUILD23 2021-04-12 08_12_36\In\21054bff-b19c-47ac-b295-58d5b370608f\CLTBUILD23&gt;set JunitResultsFile=PreReq-CreateStudent_Junit.xml &#xD;
&#xD;
C:\Agt6\_work\_temp\TestResults\c2kbuild_CLTBUILD23 2021-04-12 08_12_36\In\21054bff-b19c-47ac-b295-58d5b370608f\CLTBUILD23&gt;newman run "c:\agt6\_work\6\a\api\environment\regapiautomation\testdata\fisap-datacorrection\prereq-noteligible-seog-20-21\..\..\..\..\..\PreReq\PreReq-CreateStudent.postman_collection.json" -k -d "c:\agt6\_work\6\a\api\environment\regapiautomation\testdata\fisap-datacorrection\prereq-noteligible-seog-20-21\PreReq-FISAP-DataCorrection@NotEligible-SEOG-20_21-CreateStudent.data.csv" -e "c:\agt6\_work\6\a\api\environment\regapiautomation\testdata\fisap-datacorrection\prereq-noteligible-seog-20-21\..\..\..\RegApiAutoEnvironment.postman_environment.json" -r junit,html --reporter-html-export "PreReq-CreateStudent_Html.html" --reporter-junit-export "PreReq-CreateStudent_Junit.xml"</StdOut>
          </Output>
          <ResultFiles>
            <ResultFile path="CLTBUILD23\PreReq-CreateStudent_Html.html" />
            <ResultFile path="CLTBUILD23\PreReq-CreateStudent_Junit.xml" />
          </ResultFiles>
        </UnitTestResult>
        <UnitTestResult executionId="9d88861b-237f-43df-9f2b-37c1497c939a" parentExecutionId="02fb9329-2db5-4c5c-83c0-929721f070b4" testId="0d16fd31-a1fa-4929-90d3-aa019feaa032" testName="2- prereq-fisap-datacorrection@noteligible-seog-20_21-importisir-generictest (OT-06M-FISAP-NotEligible-SEOG-20_21)" computerName="CLTBUILD23" duration="00:00:08.2481730" startTime="2021-04-12T08:54:13.8531665-04:00" endTime="2021-04-12T08:54:22.1026402-04:00" testType="13cdc9d9-ddb5-4fa4-a97d-d965ccfc6d4b" outcome="Passed" testListId="8c84fa94-04c1-424b-9868-57a2d4851a1d" relativeResultsDirectory="9d88861b-237f-43df-9f2b-37c1497c939a">
          <Output>
            <StdOut>C:\Agt6\_work\_temp\TestResults\c2kbuild_CLTBUILD23 2021-04-12 08_12_36\In\9d88861b-237f-43df-9f2b-37c1497c939a\CLTBUILD23&gt;if not defined TestLocation (set TestLocation=. ) &#xD;
&#xD;
C:\Agt6\_work\_temp\TestResults\c2kbuild_CLTBUILD23 2021-04-12 08_12_36\In\9d88861b-237f-43df-9f2b-37c1497c939a\CLTBUILD23&gt;set CollectionFileName=c:\agt6\_work\6\a\api\environment\regapiautomation\testdata\fisap-datacorrection\prereq-noteligible-seog-20-21\..\..\..\..\..\PreReq\PreReq-ImportIsir.postman_collection.json &#xD;
&#xD;
C:\Agt6\_work\_temp\TestResults\c2kbuild_CLTBUILD23 2021-04-12 08_12_36\In\9d88861b-237f-43df-9f2b-37c1497c939a\CLTBUILD23&gt;set DataFileName=c:\agt6\_work\6\a\api\environment\regapiautomation\testdata\fisap-datacorrection\prereq-noteligible-seog-20-21\PreReq-FISAP-DataCorrection@NotEligible-SEOG-20_21-ImportIsir.data.json &#xD;
&#xD;
C:\Agt6\_work\_temp\TestResults\c2kbuild_CLTBUILD23 2021-04-12 08_12_36\In\9d88861b-237f-43df-9f2b-37c1497c939a\CLTBUILD23&gt;set EnvironmentFilePath=c:\agt6\_work\6\a\api\environment\regapiautomation\testdata\fisap-datacorrection\prereq-noteligible-seog-20-21\..\..\..\RegApiAutoEnvironment.postman_environment.json &#xD;
&#xD;
C:\Agt6\_work\_temp\TestResults\c2kbuild_CLTBUILD23 2021-04-12 08_12_36\In\9d88861b-237f-43df-9f2b-37c1497c939a\CLTBUILD23&gt;set HtmlResultsFile=PreReq-ImportIsir_Html.html &#xD;
&#xD;
C:\Agt6\_work\_temp\TestResults\c2kbuild_CLTBUILD23 2021-04-12 08_12_36\In\9d88861b-237f-43df-9f2b-37c1497c939a\CLTBUILD23&gt;set JunitResultsFile=PreReq-ImportIsir_Junit.xml &#xD;
&#xD;
C:\Agt6\_work\_temp\TestResults\c2kbuild_CLTBUILD23 2021-04-12 08_12_36\In\9d88861b-237f-43df-9f2b-37c1497c939a\CLTBUILD23&gt;newman run "c:\agt6\_work\6\a\api\environment\regapiautomation\testdata\fisap-datacorrection\prereq-noteligible-seog-20-21\..\..\..\..\..\PreReq\PreReq-ImportIsir.postman_collection.json" -k -d "c:\agt6\_work\6\a\api\environment\regapiautomation\testdata\fisap-datacorrection\prereq-noteligible-seog-20-21\PreReq-FISAP-DataCorrection@NotEligible-SEOG-20_21-ImportIsir.data.json" -e "c:\agt6\_work\6\a\api\environment\regapiautomation\testdata\fisap-datacorrection\prereq-noteligible-seog-20-21\..\..\..\RegApiAutoEnvironment.postman_environment.json" -r junit,html --reporter-html-export "PreReq-ImportIsir_Html.html" --reporter-junit-export "PreReq-ImportIsir_Junit.xml"</StdOut>
          </Output>
          <ResultFiles>
            <ResultFile path="CLTBUILD23\PreReq-ImportIsir_Html.html" />
            <ResultFile path="CLTBUILD23\PreReq-ImportIsir_Junit.xml" />
          </ResultFiles>
        </UnitTestResult>
        <UnitTestResult executionId="861a4d38-6a03-4f31-99eb-3c8917870d6d" parentExecutionId="02fb9329-2db5-4c5c-83c0-929721f070b4" testId="293e0d0d-65ad-496e-9e26-c53f5aa1b813" testName="3- prereq-fisap-datacorrection@noteligible-seog-20_21-enrollstudent-generictest (OT-06M-FISAP-NotEligible-SEOG-20_21)" computerName="CLTBUILD23" duration="00:00:12.3960289" startTime="2021-04-12T08:54:22.1026402-04:00" endTime="2021-04-12T08:54:34.5018452-04:00" testType="13cdc9d9-ddb5-4fa4-a97d-d965ccfc6d4b" outcome="Passed" testListId="8c84fa94-04c1-424b-9868-57a2d4851a1d" relativeResultsDirectory="861a4d38-6a03-4f31-99eb-3c8917870d6d">
          <Output>
            <StdOut>C:\Agt6\_work\_temp\TestResults\c2kbuild_CLTBUILD23 2021-04-12 08_12_36\In\861a4d38-6a03-4f31-99eb-3c8917870d6d\CLTBUILD23&gt;if not defined TestLocation (set TestLocation=. ) &#xD;
&#xD;
C:\Agt6\_work\_temp\TestResults\c2kbuild_CLTBUILD23 2021-04-12 08_12_36\In\861a4d38-6a03-4f31-99eb-3c8917870d6d\CLTBUILD23&gt;set CollectionFileName=c:\agt6\_work\6\a\api\environment\regapiautomation\testdata\fisap-datacorrection\prereq-noteligible-seog-20-21\..\..\..\..\..\PreReq\PreReq-EnrollStudent.postman_collection.json &#xD;
&#xD;
C:\Agt6\_work\_temp\TestResults\c2kbuild_CLTBUILD23 2021-04-12 08_12_36\In\861a4d38-6a03-4f31-99eb-3c8917870d6d\CLTBUILD23&gt;set DataFileName=c:\agt6\_work\6\a\api\environment\regapiautomation\testdata\fisap-datacorrection\prereq-noteligible-seog-20-21\PreReq-FISAP-DataCorrection@NotEligible-SEOG-20_21-EnrollStudent.data.csv &#xD;
&#xD;
C:\Agt6\_work\_temp\TestResults\c2kbuild_CLTBUILD23 2021-04-12 08_12_36\In\861a4d38-6a03-4f31-99eb-3c8917870d6d\CLTBUILD23&gt;set EnvironmentFilePath=c:\agt6\_work\6\a\api\environment\regapiautomation\testdata\fisap-datacorrection\prereq-noteligible-seog-20-21\..\..\..\RegApiAutoEnvironment.postman_environment.json &#xD;
&#xD;
C:\Agt6\_work\_temp\TestResults\c2kbuild_CLTBUILD23 2021-04-12 08_12_36\In\861a4d38-6a03-4f31-99eb-3c8917870d6d\CLTBUILD23&gt;set HtmlResultsFile=PreReq-EnrollStudent_Html.html &#xD;
&#xD;
C:\Agt6\_work\_temp\TestResults\c2kbuild_CLTBUILD23 2021-04-12 08_12_36\In\861a4d38-6a03-4f31-99eb-3c8917870d6d\CLTBUILD23&gt;set JunitResultsFile=PreReq-EnrollStudent_Junit.xml &#xD;
&#xD;
C:\Agt6\_work\_temp\TestResults\c2kbuild_CLTBUILD23 2021-04-12 08_12_36\In\861a4d38-6a03-4f31-99eb-3c8917870d6d\CLTBUILD23&gt;newman run "c:\agt6\_work\6\a\api\environment\regapiautomation\testdata\fisap-datacorrection\prereq-noteligible-seog-20-21\..\..\..\..\..\PreReq\PreReq-EnrollStudent.postman_collection.json" -k -d "c:\agt6\_work\6\a\api\environment\regapiautomation\testdata\fisap-datacorrection\prereq-noteligible-seog-20-21\PreReq-FISAP-DataCorrection@NotEligible-SEOG-20_21-EnrollStudent.data.csv" -e "c:\agt6\_work\6\a\api\environment\regapiautomation\testdata\fisap-datacorrection\prereq-noteligible-seog-20-21\..\..\..\RegApiAutoEnvironment.postman_environment.json" -r junit,html --reporter-html-export "PreReq-EnrollStudent_Html.html" --reporter-junit-export "PreReq-EnrollStudent_Junit.xml"</StdOut>
          </Output>
          <ResultFiles>
            <ResultFile path="CLTBUILD23\PreReq-EnrollStudent_Html.html" />
            <ResultFile path="CLTBUILD23\PreReq-EnrollStudent_Junit.xml" />
          </ResultFiles>
        </UnitTestResult>
        <UnitTestResult executionId="99a90365-2ba6-460d-9e95-8eba058d0429" parentExecutionId="02fb9329-2db5-4c5c-83c0-929721f070b4" testId="19d7dc74-8298-4815-8b53-002aa9d09854" testName="4- prereq-fisap-datacorrection@noteligible-seog-20_21-registerclassandpostattendance-generictest (OT-06M-FISAP-NotEligible-SEOG-20_21)" computerName="CLTBUILD23" duration="00:00:08.4576627" startTime="2021-04-12T08:54:34.5028453-04:00" endTime="2021-04-12T08:54:42.9623084-04:00" testType="13cdc9d9-ddb5-4fa4-a97d-d965ccfc6d4b" outcome="Passed" testListId="8c84fa94-04c1-424b-9868-57a2d4851a1d" relativeResultsDirectory="99a90365-2ba6-460d-9e95-8eba058d0429">
          <Output>
            <StdOut>C:\Agt6\_work\_temp\TestResults\c2kbuild_CLTBUILD23 2021-04-12 08_12_36\In\99a90365-2ba6-460d-9e95-8eba058d0429\CLTBUILD23&gt;if not defined TestLocation (set TestLocation=. ) &#xD;
&#xD;
C:\Agt6\_work\_temp\TestResults\c2kbuild_CLTBUILD23 2021-04-12 08_12_36\In\99a90365-2ba6-460d-9e95-8eba058d0429\CLTBUILD23&gt;set CollectionFileName=c:\agt6\_work\6\a\api\environment\regapiautomation\testdata\fisap-datacorrection\prereq-noteligible-seog-20-21\..\..\..\..\..\PreReq\PreReq-RegisterClassAndPostAttendanceForStudent.postman_collection.json &#xD;
&#xD;
C:\Agt6\_work\_temp\TestResults\c2kbuild_CLTBUILD23 2021-04-12 08_12_36\In\99a90365-2ba6-460d-9e95-8eba058d0429\CLTBUILD23&gt;set DataFileName=c:\agt6\_work\6\a\api\environment\regapiautomation\testdata\fisap-datacorrection\prereq-noteligible-seog-20-21\PreReq-FISAP-DataCorrection@NotEligible-SEOG-20_21-RegisterClassAndPostAttendance.csv &#xD;
&#xD;
C:\Agt6\_work\_temp\TestResults\c2kbuild_CLTBUILD23 2021-04-12 08_12_36\In\99a90365-2ba6-460d-9e95-8eba058d0429\CLTBUILD23&gt;set EnvironmentFilePath=c:\agt6\_work\6\a\api\environment\regapiautomation\testdata\fisap-datacorrection\prereq-noteligible-seog-20-21\..\..\..\RegApiAutoEnvironment.postman_environment.json &#xD;
&#xD;
C:\Agt6\_work\_temp\TestResults\c2kbuild_CLTBUILD23 2021-04-12 08_12_36\In\99a90365-2ba6-460d-9e95-8eba058d0429\CLTBUILD23&gt;set HtmlResultsFile=PreReq-RegisterClassAndPostAttendance_Html.html &#xD;
&#xD;
C:\Agt6\_work\_temp\TestResults\c2kbuild_CLTBUILD23 2021-04-12 08_12_36\In\99a90365-2ba6-460d-9e95-8eba058d0429\CLTBUILD23&gt;set JunitResultsFile=PreReq-RegisterClassAndPostAttendance_Junit.xml &#xD;
&#xD;
C:\Agt6\_work\_temp\TestResults\c2kbuild_CLTBUILD23 2021-04-12 08_12_36\In\99a90365-2ba6-460d-9e95-8eba058d0429\CLTBUILD23&gt;newman run "c:\agt6\_work\6\a\api\environment\regapiautomation\testdata\fisap-datacorrection\prereq-noteligible-seog-20-21\..\..\..\..\..\PreReq\PreReq-RegisterClassAndPostAttendanceForStudent.postman_collection.json" -k -d "c:\agt6\_work\6\a\api\environment\regapiautomation\testdata\fisap-datacorrection\prereq-noteligible-seog-20-21\PreReq-FISAP-DataCorrection@NotEligible-SEOG-20_21-RegisterClassAndPostAttendance.csv" -e "c:\agt6\_work\6\a\api\environment\regapiautomation\testdata\fisap-datacorrection\prereq-noteligible-seog-20-21\..\..\..\RegApiAutoEnvironment.postman_environment.json" -r junit,html --reporter-html-export "PreReq-RegisterClassAndPostAttendance_Html.html" --reporter-junit-export "PreReq-RegisterClassAndPostAttendance_Junit.xml"</StdOut>
          </Output>
          <ResultFiles>
            <ResultFile path="CLTBUILD23\PreReq-RegisterClassAndPostAttendance_Html.html" />
            <ResultFile path="CLTBUILD23\PreReq-RegisterClassAndPostAttendance_Junit.xml" />
          </ResultFiles>
        </UnitTestResult>
        <UnitTestResult executionId="1ee27a1b-89c1-4697-962b-5a123c78938a" parentExecutionId="02fb9329-2db5-4c5c-83c0-929721f070b4" testId="c484d781-41e6-4c60-84db-ec5342fe3736" testName="5- prereq-fisap-datacorrection@noteligible-seog-20_21-updatebudgetforacademicyearforpackaging-generictest (OT-06M-FISAP-NotEligible-SEOG-20_21)" computerName="CLTBUILD23" duration="00:00:08.5530388" startTime="2021-04-12T08:54:42.9633085-04:00" endTime="2021-04-12T08:54:51.5177555-04:00" testType="13cdc9d9-ddb5-4fa4-a97d-d965ccfc6d4b" outcome="Passed" testListId="8c84fa94-04c1-424b-9868-57a2d4851a1d" relativeResultsDirectory="1ee27a1b-89c1-4697-962b-5a123c78938a">
          <Output>
            <StdOut>C:\Agt6\_work\_temp\TestResults\c2kbuild_CLTBUILD23 2021-04-12 08_12_36\In\1ee27a1b-89c1-4697-962b-5a123c78938a\CLTBUILD23&gt;if not defined TestLocation (set TestLocation=. ) &#xD;
&#xD;
C:\Agt6\_work\_temp\TestResults\c2kbuild_CLTBUILD23 2021-04-12 08_12_36\In\1ee27a1b-89c1-4697-962b-5a123c78938a\CLTBUILD23&gt;set CollectionFileName=c:\agt6\_work\6\a\api\environment\regapiautomation\testdata\fisap-datacorrection\prereq-noteligible-seog-20-21\..\..\..\..\..\PreReq\PreReq-UpdateBudgetForAcademicYearForPackaging.postman_collection.json &#xD;
&#xD;
C:\Agt6\_work\_temp\TestResults\c2kbuild_CLTBUILD23 2021-04-12 08_12_36\In\1ee27a1b-89c1-4697-962b-5a123c78938a\CLTBUILD23&gt;set DataFileName=c:\agt6\_work\6\a\api\environment\regapiautomation\testdata\fisap-datacorrection\prereq-noteligible-seog-20-21\PreReq-FISAP-DataCorrection@NotEligible-SEOG-20_21-UpdateBudgetForAcademicYearForPackaging.data.csv &#xD;
&#xD;
C:\Agt6\_work\_temp\TestResults\c2kbuild_CLTBUILD23 2021-04-12 08_12_36\In\1ee27a1b-89c1-4697-962b-5a123c78938a\CLTBUILD23&gt;set EnvironmentFilePath=c:\agt6\_work\6\a\api\environment\regapiautomation\testdata\fisap-datacorrection\prereq-noteligible-seog-20-21\..\..\..\RegApiAutoEnvironment.postman_environment.json &#xD;
&#xD;
C:\Agt6\_work\_temp\TestResults\c2kbuild_CLTBUILD23 2021-04-12 08_12_36\In\1ee27a1b-89c1-4697-962b-5a123c78938a\CLTBUILD23&gt;set HtmlResultsFile=PreReq-UpdateBudgetForAcademicYearForPackaging_Html.html &#xD;
&#xD;
C:\Agt6\_work\_temp\TestResults\c2kbuild_CLTBUILD23 2021-04-12 08_12_36\In\1ee27a1b-89c1-4697-962b-5a123c78938a\CLTBUILD23&gt;set JunitResultsFile=PreReq-UpdateBudgetForAcademicYearForPackaging_Junit.xml &#xD;
&#xD;
C:\Agt6\_work\_temp\TestResults\c2kbuild_CLTBUILD23 2021-04-12 08_12_36\In\1ee27a1b-89c1-4697-962b-5a123c78938a\CLTBUILD23&gt;newman run "c:\agt6\_work\6\a\api\environment\regapiautomation\testdata\fisap-datacorrection\prereq-noteligible-seog-20-21\..\..\..\..\..\PreReq\PreReq-UpdateBudgetForAcademicYearForPackaging.postman_collection.json" -k -d "c:\agt6\_work\6\a\api\environment\regapiautomation\testdata\fisap-datacorrection\prereq-noteligible-seog-20-21\PreReq-FISAP-DataCorrection@NotEligible-SEOG-20_21-UpdateBudgetForAcademicYearForPackaging.data.csv" -e "c:\agt6\_work\6\a\api\environment\regapiautomation\testdata\fisap-datacorrection\prereq-noteligible-seog-20-21\..\..\..\RegApiAutoEnvironment.postman_environment.json" -r junit,html --reporter-html-export "PreReq-UpdateBudgetForAcademicYearForPackaging_Html.html" --reporter-junit-export "PreReq-UpdateBudgetForAcademicYearForPackaging_Junit.xml"</StdOut>
          </Output>
          <ResultFiles>
            <ResultFile path="CLTBUILD23\PreReq-UpdateBudgetForAcademicYearForPackaging_Html.html" />
            <ResultFile path="CLTBUILD23\PreReq-UpdateBudgetForAcademicYearForPackaging_Junit.xml" />
          </ResultFiles>
        </UnitTestResult>
        <UnitTestResult executionId="a5fe66d4-a1e8-4b96-9e4f-76c5c65316e4" parentExecutionId="02fb9329-2db5-4c5c-83c0-929721f070b4" testId="4898ec3a-86cc-4180-b6d9-3b682a627edb" testName="6- prereq-fisap-datacorrection@noteligible-seog-20_21-awardgrantforpackaging-generictest (OT-06M-FISAP-NotEligible-SEOG-20_21)" computerName="CLTBUILD23" duration="00:00:09.5890207" startTime="2021-04-12T08:54:51.5187547-04:00" endTime="2021-04-12T08:55:01.1091485-04:00" testType="13cdc9d9-ddb5-4fa4-a97d-d965ccfc6d4b" outcome="Passed" testListId="8c84fa94-04c1-424b-9868-57a2d4851a1d" relativeResultsDirectory="a5fe66d4-a1e8-4b96-9e4f-76c5c65316e4">
          <Output>
            <StdOut>C:\Agt6\_work\_temp\TestResults\c2kbuild_CLTBUILD23 2021-04-12 08_12_36\In\a5fe66d4-a1e8-4b96-9e4f-76c5c65316e4\CLTBUILD23&gt;if not defined TestLocation (set TestLocation=. ) &#xD;
&#xD;
C:\Agt6\_work\_temp\TestResults\c2kbuild_CLTBUILD23 2021-04-12 08_12_36\In\a5fe66d4-a1e8-4b96-9e4f-76c5c65316e4\CLTBUILD23&gt;set CollectionFileName=c:\agt6\_work\6\a\api\environment\regapiautomation\testdata\fisap-datacorrection\prereq-noteligible-seog-20-21\..\..\..\..\..\PreReq\PreReq-AwardGrantForPackaging.postman_collection.json &#xD;
&#xD;
C:\Agt6\_work\_temp\TestResults\c2kbuild_CLTBUILD23 2021-04-12 08_12_36\In\a5fe66d4-a1e8-4b96-9e4f-76c5c65316e4\CLTBUILD23&gt;set DataFileName=c:\agt6\_work\6\a\api\environment\regapiautomation\testdata\fisap-datacorrection\prereq-noteligible-seog-20-21\PreReq-FISAP-DataCorrection@NotEligible-SEOG-20_21-AwardGrantForPackaging.data.csv &#xD;
&#xD;
C:\Agt6\_work\_temp\TestResults\c2kbuild_CLTBUILD23 2021-04-12 08_12_36\In\a5fe66d4-a1e8-4b96-9e4f-76c5c65316e4\CLTBUILD23&gt;set EnvironmentFilePath=c:\agt6\_work\6\a\api\environment\regapiautomation\testdata\fisap-datacorrection\prereq-noteligible-seog-20-21\..\..\..\RegApiAutoEnvironment.postman_environment.json &#xD;
&#xD;
C:\Agt6\_work\_temp\TestResults\c2kbuild_CLTBUILD23 2021-04-12 08_12_36\In\a5fe66d4-a1e8-4b96-9e4f-76c5c65316e4\CLTBUILD23&gt;set HtmlResultsFile=PreReq-AwardGrantForPackaging_Html.html &#xD;
&#xD;
C:\Agt6\_work\_temp\TestResults\c2kbuild_CLTBUILD23 2021-04-12 08_12_36\In\a5fe66d4-a1e8-4b96-9e4f-76c5c65316e4\CLTBUILD23&gt;set JunitResultsFile=PreReq-AwardGrantForPackaging_Junit.xml &#xD;
&#xD;
C:\Agt6\_work\_temp\TestResults\c2kbuild_CLTBUILD23 2021-04-12 08_12_36\In\a5fe66d4-a1e8-4b96-9e4f-76c5c65316e4\CLTBUILD23&gt;newman run "c:\agt6\_work\6\a\api\environment\regapiautomation\testdata\fisap-datacorrection\prereq-noteligible-seog-20-21\..\..\..\..\..\PreReq\PreReq-AwardGrantForPackaging.postman_collection.json" -k -d "c:\agt6\_work\6\a\api\environment\regapiautomation\testdata\fisap-datacorrection\prereq-noteligible-seog-20-21\PreReq-FISAP-DataCorrection@NotEligible-SEOG-20_21-AwardGrantForPackaging.data.csv" -e "c:\agt6\_work\6\a\api\environment\regapiautomation\testdata\fisap-datacorrection\prereq-noteligible-seog-20-21\..\..\..\RegApiAutoEnvironment.postman_environment.json" -r junit,html --reporter-html-export "PreReq-AwardGrantForPackaging_Html.html" --reporter-junit-export "PreReq-AwardGrantForPackaging_Junit.xml"</StdOut>
          </Output>
          <ResultFiles>
            <ResultFile path="CLTBUILD23\PreReq-AwardGrantForPackaging_Html.html" />
            <ResultFile path="CLTBUILD23\PreReq-AwardGrantForPackaging_Junit.xml" />
          </ResultFiles>
        </UnitTestResult>
        <UnitTestResult executionId="89bf4e21-44bb-4e71-8d11-ffbc0337db38" parentExecutionId="02fb9329-2db5-4c5c-83c0-929721f070b4" testId="7a25fa5d-1d5a-4fda-a47c-513c092ae6f2" testName="7- prereq-fisap-datacorrection@noteligible-seog-20_21-changestudentstatus-generictest (OT-06M-FISAP-NotEligible-SEOG-20_21)" computerName="CLTBUILD23" duration="00:00:06.3525111" startTime="2021-04-12T08:55:01.1101455-04:00" endTime="2021-04-12T08:55:07.4637423-04:00" testType="13cdc9d9-ddb5-4fa4-a97d-d965ccfc6d4b" outcome="Passed" testListId="8c84fa94-04c1-424b-9868-57a2d4851a1d" relativeResultsDirectory="89bf4e21-44bb-4e71-8d11-ffbc0337db38">
          <Output>
            <StdOut>C:\Agt6\_work\_temp\TestResults\c2kbuild_CLTBUILD23 2021-04-12 08_12_36\In\89bf4e21-44bb-4e71-8d11-ffbc0337db38\CLTBUILD23&gt;if not defined TestLocation (set TestLocation=. ) &#xD;
&#xD;
C:\Agt6\_work\_temp\TestResults\c2kbuild_CLTBUILD23 2021-04-12 08_12_36\In\89bf4e21-44bb-4e71-8d11-ffbc0337db38\CLTBUILD23&gt;set CollectionFileName=c:\agt6\_work\6\a\api\environment\regapiautomation\testdata\fisap-datacorrection\prereq-noteligible-seog-20-21\..\..\..\..\..\PreReq\PreReq-GraduateStudentStatus.postman_collection.json &#xD;
&#xD;
C:\Agt6\_work\_temp\TestResults\c2kbuild_CLTBUILD23 2021-04-12 08_12_36\In\89bf4e21-44bb-4e71-8d11-ffbc0337db38\CLTBUILD23&gt;set DataFileName=c:\agt6\_work\6\a\api\environment\regapiautomation\testdata\fisap-datacorrection\prereq-noteligible-seog-20-21\PreReq-FISAP-DataCorrection@NotEligible-SEOG-20_21-ChangeStudentStatus.data.json &#xD;
&#xD;
C:\Agt6\_work\_temp\TestResults\c2kbuild_CLTBUILD23 2021-04-12 08_12_36\In\89bf4e21-44bb-4e71-8d11-ffbc0337db38\CLTBUILD23&gt;set EnvironmentFilePath=c:\agt6\_work\6\a\api\environment\regapiautomation\testdata\fisap-datacorrection\prereq-noteligible-seog-20-21\..\..\..\RegApiAutoEnvironment.postman_environment.json &#xD;
&#xD;
C:\Agt6\_work\_temp\TestResults\c2kbuild_CLTBUILD23 2021-04-12 08_12_36\In\89bf4e21-44bb-4e71-8d11-ffbc0337db38\CLTBUILD23&gt;set HtmlResultsFile=PreReq-ChangeStudentStatus_Html.html &#xD;
&#xD;
C:\Agt6\_work\_temp\TestResults\c2kbuild_CLTBUILD23 2021-04-12 08_12_36\In\89bf4e21-44bb-4e71-8d11-ffbc0337db38\CLTBUILD23&gt;set JunitResultsFile=PreReq-ChangeStudentStatus_Junit.xml &#xD;
&#xD;
C:\Agt6\_work\_temp\TestResults\c2kbuild_CLTBUILD23 2021-04-12 08_12_36\In\89bf4e21-44bb-4e71-8d11-ffbc0337db38\CLTBUILD23&gt;newman run "c:\agt6\_work\6\a\api\environment\regapiautomation\testdata\fisap-datacorrection\prereq-noteligible-seog-20-21\..\..\..\..\..\PreReq\PreReq-GraduateStudentStatus.postman_collection.json" -k -d "c:\agt6\_work\6\a\api\environment\regapiautomation\testdata\fisap-datacorrection\prereq-noteligible-seog-20-21\PreReq-FISAP-DataCorrection@NotEligible-SEOG-20_21-ChangeStudentStatus.data.json" -e "c:\agt6\_work\6\a\api\environment\regapiautomation\testdata\fisap-datacorrection\prereq-noteligible-seog-20-21\..\..\..\RegApiAutoEnvironment.postman_environment.json" -r junit,html --reporter-html-export "PreReq-ChangeStudentStatus_Html.html" --reporter-junit-export "PreReq-ChangeStudentStatus_Junit.xml"</StdOut>
          </Output>
          <ResultFiles>
            <ResultFile path="CLTBUILD23\PreReq-ChangeStudentStatus_Html.html" />
            <ResultFile path="CLTBUILD23\PreReq-ChangeStudentStatus_Junit.xml" />
          </ResultFiles>
        </UnitTestResult>
        <UnitTestResult executionId="f82e4dfb-5ca2-428c-8ae1-aabbe4c9fa01" parentExecutionId="02fb9329-2db5-4c5c-83c0-929721f070b4" testId="231b4867-1beb-48a0-89a9-9de471389bf0" testName="8- fisap-datacorrection@noteligible-seog-20_21-generictest (OT-06M-FISAP-NotEligible-SEOG-20_21)" computerName="CLTBUILD23" duration="00:00:06.9428485" startTime="2021-04-12T08:55:07.4647411-04:00" endTime="2021-04-12T08:55:14.4102978-04:00" testType="13cdc9d9-ddb5-4fa4-a97d-d965ccfc6d4b" outcome="Passed" testListId="8c84fa94-04c1-424b-9868-57a2d4851a1d" relativeResultsDirectory="f82e4dfb-5ca2-428c-8ae1-aabbe4c9fa01">
          <Output>
            <StdOut>C:\Agt6\_work\_temp\TestResults\c2kbuild_CLTBUILD23 2021-04-12 08_12_36\In\f82e4dfb-5ca2-428c-8ae1-aabbe4c9fa01\CLTBUILD23&gt;if not defined TestLocation (set TestLocation=. ) &#xD;
&#xD;
C:\Agt6\_work\_temp\TestResults\c2kbuild_CLTBUILD23 2021-04-12 08_12_36\In\f82e4dfb-5ca2-428c-8ae1-aabbe4c9fa01\CLTBUILD23&gt;set CollectionFileName=c:\agt6\_work\6\a\api\environment\regapiautomation\testdata\fisap-datacorrection\..\..\..\..\Tests\FISAP-DataCorrection\FISAP-DataCorrection@NotEligible-SEOG.postman_collection.json &#xD;
&#xD;
C:\Agt6\_work\_temp\TestResults\c2kbuild_CLTBUILD23 2021-04-12 08_12_36\In\f82e4dfb-5ca2-428c-8ae1-aabbe4c9fa01\CLTBUILD23&gt;set DataFileName=c:\agt6\_work\6\a\api\environment\regapiautomation\testdata\fisap-datacorrection\FISAP-DataCorrection@NotEligible-SEOG-20_21.data.json &#xD;
&#xD;
C:\Agt6\_work\_temp\TestResults\c2kbuild_CLTBUILD23 2021-04-12 08_12_36\In\f82e4dfb-5ca2-428c-8ae1-aabbe4c9fa01\CLTBUILD23&gt;set EnvironmentFilePath=c:\agt6\_work\6\a\api\environment\regapiautomation\testdata\fisap-datacorrection\..\..\RegApiAutoEnvironment.postman_environment.json &#xD;
&#xD;
C:\Agt6\_work\_temp\TestResults\c2kbuild_CLTBUILD23 2021-04-12 08_12_36\In\f82e4dfb-5ca2-428c-8ae1-aabbe4c9fa01\CLTBUILD23&gt;set HtmlResultsFile=FISAP-DataCorrection@NotEligible-SEOG-20_21-Html.html &#xD;
&#xD;
C:\Agt6\_work\_temp\TestResults\c2kbuild_CLTBUILD23 2021-04-12 08_12_36\In\f82e4dfb-5ca2-428c-8ae1-aabbe4c9fa01\CLTBUILD23&gt;set JunitResultsFile=FISAP-DataCorrection@NotEligible-SEOG-20_21-Junit.xml &#xD;
&#xD;
C:\Agt6\_work\_temp\TestResults\c2kbuild_CLTBUILD23 2021-04-12 08_12_36\In\f82e4dfb-5ca2-428c-8ae1-aabbe4c9fa01\CLTBUILD23&gt;newman run "c:\agt6\_work\6\a\api\environment\regapiautomation\testdata\fisap-datacorrection\..\..\..\..\Tests\FISAP-DataCorrection\FISAP-DataCorrection@NotEligible-SEOG.postman_collection.json" -k -d "c:\agt6\_work\6\a\api\environment\regapiautomation\testdata\fisap-datacorrection\FISAP-DataCorrection@NotEligible-SEOG-20_21.data.json" -e "c:\agt6\_work\6\a\api\environment\regapiautomation\testdata\fisap-datacorrection\..\..\RegApiAutoEnvironment.postman_environment.json" -r junit,html --reporter-html-export "FISAP-DataCorrection@NotEligible-SEOG-20_21-Html.html" --reporter-junit-export "FISAP-DataCorrection@NotEligible-SEOG-20_21-Junit.xml"</StdOut>
          </Output>
          <ResultFiles>
            <ResultFile path="CLTBUILD23\FISAP-DataCorrection@NotEligible-SEOG-20_21-Html.html" />
            <ResultFile path="CLTBUILD23\FISAP-DataCorrection@NotEligible-SEOG-20_21-Junit.xml" />
          </ResultFiles>
        </UnitTestResult>
      </InnerResults>
    </TestResultAggregation>
    <TestResultAggregation executionId="9d633ace-58cb-40e0-bb9b-d8b00dd4fdd9" testId="62a595d3-4c48-4ddf-a9ab-2affd47a2eac" testName="OT-10Q-CollegeFinancePlan-Student-Grad-All-Print-21_22" computerName="CLTBUILD23" duration="00:01:17.5024749" startTime="2021-04-12T09:23:35.4862306-04:00" endTime="2021-04-12T09:24:52.9820044-04:00" testType="ec4800e8-40e5-4ab3-8510-b8bf29b1904d" outcome="Passed" testListId="8c84fa94-04c1-424b-9868-57a2d4851a1d" relativeResultsDirectory="9d633ace-58cb-40e0-bb9b-d8b00dd4fdd9">
      <InnerResults>
        <UnitTestResult executionId="97a6ee66-6203-4834-b4c8-3ee100534e5f" parentExecutionId="9d633ace-58cb-40e0-bb9b-d8b00dd4fdd9" testId="c4ce48df-bba4-4f47-b69d-ee33d1981eb1" testName="1- prereq-collegefinanceplan@grad-all-print-21_22-createstudent-generictest (OT-10Q-CollegeFinancePlan-Student-Grad-All-Print-21_22)" computerName="CLTBUILD23" duration="00:00:08.2123860" startTime="2021-04-12T09:23:35.4882246-04:00" endTime="2021-04-12T09:23:43.7016384-04:00" testType="13cdc9d9-ddb5-4fa4-a97d-d965ccfc6d4b" outcome="Passed" testListId="8c84fa94-04c1-424b-9868-57a2d4851a1d" relativeResultsDirectory="97a6ee66-6203-4834-b4c8-3ee100534e5f">
          <Output>
            <StdOut>C:\Agt6\_work\_temp\TestResults\c2kbuild_CLTBUILD23 2021-04-12 08_12_36\In\97a6ee66-6203-4834-b4c8-3ee100534e5f\CLTBUILD23&gt;if not defined TestLocation (set TestLocation=. ) &#xD;
&#xD;
C:\Agt6\_work\_temp\TestResults\c2kbuild_CLTBUILD23 2021-04-12 08_12_36\In\97a6ee66-6203-4834-b4c8-3ee100534e5f\CLTBUILD23&gt;set CollectionFileName=c:\agt6\_work\6\a\api\environment\regapiautomation\testdata\shoppingsheets\prereq-student-grad-all-print-21_22\..\..\..\..\..\PreReq\PreReq-CreateStudent.postman_collection.json &#xD;
&#xD;
C:\Agt6\_work\_temp\TestResults\c2kbuild_CLTBUILD23 2021-04-12 08_12_36\In\97a6ee66-6203-4834-b4c8-3ee100534e5f\CLTBUILD23&gt;set DataFileName=c:\agt6\_work\6\a\api\environment\regapiautomation\testdata\shoppingsheets\prereq-student-grad-all-print-21_22\PreReq-CollegeFinancePlan@Grad-All-Print-21_22-CreateStudent.data.csv &#xD;
&#xD;
C:\Agt6\_work\_temp\TestResults\c2kbuild_CLTBUILD23 2021-04-12 08_12_36\In\97a6ee66-6203-4834-b4c8-3ee100534e5f\CLTBUILD23&gt;set EnvironmentFilePath=c:\agt6\_work\6\a\api\environment\regapiautomation\testdata\shoppingsheets\prereq-student-grad-all-print-21_22\..\..\..\RegApiAutoEnvironment.postman_environment.json &#xD;
&#xD;
C:\Agt6\_work\_temp\TestResults\c2kbuild_CLTBUILD23 2021-04-12 08_12_36\In\97a6ee66-6203-4834-b4c8-3ee100534e5f\CLTBUILD23&gt;set HtmlResultsFile=CreateStudent_Html.html &#xD;
&#xD;
C:\Agt6\_work\_temp\TestResults\c2kbuild_CLTBUILD23 2021-04-12 08_12_36\In\97a6ee66-6203-4834-b4c8-3ee100534e5f\CLTBUILD23&gt;set JunitResultsFile=CreateStudent_Junit.xml &#xD;
&#xD;
C:\Agt6\_work\_temp\TestResults\c2kbuild_CLTBUILD23 2021-04-12 08_12_36\In\97a6ee66-6203-4834-b4c8-3ee100534e5f\CLTBUILD23&gt;newman run "c:\agt6\_work\6\a\api\environment\regapiautomation\testdata\shoppingsheets\prereq-student-grad-all-print-21_22\..\..\..\..\..\PreReq\PreReq-CreateStudent.postman_collection.json" -k -d "c:\agt6\_work\6\a\api\environment\regapiautomation\testdata\shoppingsheets\prereq-student-grad-all-print-21_22\PreReq-CollegeFinancePlan@Grad-All-Print-21_22-CreateStudent.data.csv" -e "c:\agt6\_work\6\a\api\environment\regapiautomation\testdata\shoppingsheets\prereq-student-grad-all-print-21_22\..\..\..\RegApiAutoEnvironment.postman_environment.json" -r junit,html --reporter-html-export "CreateStudent_Html.html" --reporter-junit-export "CreateStudent_Junit.xml"</StdOut>
          </Output>
          <ResultFiles>
            <ResultFile path="CLTBUILD23\CreateStudent_Html.html" />
            <ResultFile path="CLTBUILD23\CreateStudent_Junit.xml" />
          </ResultFiles>
        </UnitTestResult>
        <UnitTestResult executionId="1e7653d0-96df-4a6b-8223-01a705b75978" parentExecutionId="9d633ace-58cb-40e0-bb9b-d8b00dd4fdd9" testId="6d5c09d2-046f-4dae-8858-41fa0be1c3dc" testName="2- prereq-collegefinanceplan@grad-all-print-21_22-importisir-generictest (OT-10Q-CollegeFinancePlan-Student-Grad-All-Print-21_22)" computerName="CLTBUILD23" duration="00:00:07.6746763" startTime="2021-04-12T09:23:43.7016384-04:00" endTime="2021-04-12T09:23:51.3790919-04:00" testType="13cdc9d9-ddb5-4fa4-a97d-d965ccfc6d4b" outcome="Passed" testListId="8c84fa94-04c1-424b-9868-57a2d4851a1d" relativeResultsDirectory="1e7653d0-96df-4a6b-8223-01a705b75978">
          <Output>
            <StdOut>C:\Agt6\_work\_temp\TestResults\c2kbuild_CLTBUILD23 2021-04-12 08_12_36\In\1e7653d0-96df-4a6b-8223-01a705b75978\CLTBUILD23&gt;if not defined TestLocation (set TestLocation=. ) &#xD;
&#xD;
C:\Agt6\_work\_temp\TestResults\c2kbuild_CLTBUILD23 2021-04-12 08_12_36\In\1e7653d0-96df-4a6b-8223-01a705b75978\CLTBUILD23&gt;set CollectionFileName=c:\agt6\_work\6\a\api\environment\regapiautomation\testdata\shoppingsheets\prereq-student-grad-all-print-21_22\..\..\..\..\..\PreReq\PreReq-ImportISIR.postman_collection.json &#xD;
&#xD;
C:\Agt6\_work\_temp\TestResults\c2kbuild_CLTBUILD23 2021-04-12 08_12_36\In\1e7653d0-96df-4a6b-8223-01a705b75978\CLTBUILD23&gt;set DataFileName=c:\agt6\_work\6\a\api\environment\regapiautomation\testdata\shoppingsheets\prereq-student-grad-all-print-21_22\PreReq-CollegeFinancePlan@Grad-All-Print-21_22-ImportISIR.data.json &#xD;
&#xD;
C:\Agt6\_work\_temp\TestResults\c2kbuild_CLTBUILD23 2021-04-12 08_12_36\In\1e7653d0-96df-4a6b-8223-01a705b75978\CLTBUILD23&gt;set EnvironmentFilePath=c:\agt6\_work\6\a\api\environment\regapiautomation\testdata\shoppingsheets\prereq-student-grad-all-print-21_22\..\..\..\RegApiAutoEnvironment.postman_environment.json &#xD;
&#xD;
C:\Agt6\_work\_temp\TestResults\c2kbuild_CLTBUILD23 2021-04-12 08_12_36\In\1e7653d0-96df-4a6b-8223-01a705b75978\CLTBUILD23&gt;set HtmlResultsFile=ImportISIR_Html.html &#xD;
&#xD;
C:\Agt6\_work\_temp\TestResults\c2kbuild_CLTBUILD23 2021-04-12 08_12_36\In\1e7653d0-96df-4a6b-8223-01a705b75978\CLTBUILD23&gt;set JunitResultsFile=ImportISIR_Junit.xml &#xD;
&#xD;
C:\Agt6\_work\_temp\TestResults\c2kbuild_CLTBUILD23 2021-04-12 08_12_36\In\1e7653d0-96df-4a6b-8223-01a705b75978\CLTBUILD23&gt;newman run "c:\agt6\_work\6\a\api\environment\regapiautomation\testdata\shoppingsheets\prereq-student-grad-all-print-21_22\..\..\..\..\..\PreReq\PreReq-ImportISIR.postman_collection.json" -k -d "c:\agt6\_work\6\a\api\environment\regapiautomation\testdata\shoppingsheets\prereq-student-grad-all-print-21_22\PreReq-CollegeFinancePlan@Grad-All-Print-21_22-ImportISIR.data.json" -e "c:\agt6\_work\6\a\api\environment\regapiautomation\testdata\shoppingsheets\prereq-student-grad-all-print-21_22\..\..\..\RegApiAutoEnvironment.postman_environment.json" -r junit,html --reporter-html-export "ImportISIR_Html.html" --reporter-junit-export "ImportISIR_Junit.xml"</StdOut>
          </Output>
          <ResultFiles>
            <ResultFile path="CLTBUILD23\ImportISIR_Html.html" />
            <ResultFile path="CLTBUILD23\ImportISIR_Junit.xml" />
          </ResultFiles>
        </UnitTestResult>
        <UnitTestResult executionId="b8f85976-be2d-4d5c-87ec-e5142c71c571" parentExecutionId="9d633ace-58cb-40e0-bb9b-d8b00dd4fdd9" testId="fa0959fe-e713-4e38-aad8-1fb3aa0e25fb" testName="3- prereq-collegefinanceplan@grad-all-print-21_22-enrollstudent-generictest (OT-10Q-CollegeFinancePlan-Student-Grad-All-Print-21_22)" computerName="CLTBUILD23" duration="00:00:10.6337749" startTime="2021-04-12T09:23:51.3800880-04:00" endTime="2021-04-12T09:24:02.0173379-04:00" testType="13cdc9d9-ddb5-4fa4-a97d-d965ccfc6d4b" outcome="Passed" testListId="8c84fa94-04c1-424b-9868-57a2d4851a1d" relativeResultsDirectory="b8f85976-be2d-4d5c-87ec-e5142c71c571">
          <Output>
            <StdOut>C:\Agt6\_work\_temp\TestResults\c2kbuild_CLTBUILD23 2021-04-12 08_12_36\In\b8f85976-be2d-4d5c-87ec-e5142c71c571\CLTBUILD23&gt;if not defined TestLocation (set TestLocation=. ) &#xD;
&#xD;
C:\Agt6\_work\_temp\TestResults\c2kbuild_CLTBUILD23 2021-04-12 08_12_36\In\b8f85976-be2d-4d5c-87ec-e5142c71c571\CLTBUILD23&gt;set CollectionFileName=c:\agt6\_work\6\a\api\environment\regapiautomation\testdata\shoppingsheets\prereq-student-grad-all-print-21_22\..\..\..\..\..\PreReq\PreReq-EnrollStudent.postman_collection.json &#xD;
&#xD;
C:\Agt6\_work\_temp\TestResults\c2kbuild_CLTBUILD23 2021-04-12 08_12_36\In\b8f85976-be2d-4d5c-87ec-e5142c71c571\CLTBUILD23&gt;set DataFileName=c:\agt6\_work\6\a\api\environment\regapiautomation\testdata\shoppingsheets\prereq-student-grad-all-print-21_22\PreReq-CollegeFinancePlan@Grad-All-Print-21_22-EnrollStudent.data.csv &#xD;
&#xD;
C:\Agt6\_work\_temp\TestResults\c2kbuild_CLTBUILD23 2021-04-12 08_12_36\In\b8f85976-be2d-4d5c-87ec-e5142c71c571\CLTBUILD23&gt;set EnvironmentFilePath=c:\agt6\_work\6\a\api\environment\regapiautomation\testdata\shoppingsheets\prereq-student-grad-all-print-21_22\..\..\..\RegApiAutoEnvironment.postman_environment.json &#xD;
&#xD;
C:\Agt6\_work\_temp\TestResults\c2kbuild_CLTBUILD23 2021-04-12 08_12_36\In\b8f85976-be2d-4d5c-87ec-e5142c71c571\CLTBUILD23&gt;set HtmlResultsFile=EnrollStudent_Html.html &#xD;
&#xD;
C:\Agt6\_work\_temp\TestResults\c2kbuild_CLTBUILD23 2021-04-12 08_12_36\In\b8f85976-be2d-4d5c-87ec-e5142c71c571\CLTBUILD23&gt;set JunitResultsFile=EnrollStudent_Junit.xml &#xD;
&#xD;
C:\Agt6\_work\_temp\TestResults\c2kbuild_CLTBUILD23 2021-04-12 08_12_36\In\b8f85976-be2d-4d5c-87ec-e5142c71c571\CLTBUILD23&gt;newman run "c:\agt6\_work\6\a\api\environment\regapiautomation\testdata\shoppingsheets\prereq-student-grad-all-print-21_22\..\..\..\..\..\PreReq\PreReq-EnrollStudent.postman_collection.json" -k -d "c:\agt6\_work\6\a\api\environment\regapiautomation\testdata\shoppingsheets\prereq-student-grad-all-print-21_22\PreReq-CollegeFinancePlan@Grad-All-Print-21_22-EnrollStudent.data.csv" -e "c:\agt6\_work\6\a\api\environment\regapiautomation\testdata\shoppingsheets\prereq-student-grad-all-print-21_22\..\..\..\RegApiAutoEnvironment.postman_environment.json" -r junit,html --reporter-html-export "EnrollStudent_Html.html" --reporter-junit-export "EnrollStudent_Junit.xml"</StdOut>
          </Output>
          <ResultFiles>
            <ResultFile path="CLTBUILD23\EnrollStudent_Html.html" />
            <ResultFile path="CLTBUILD23\EnrollStudent_Junit.xml" />
          </ResultFiles>
        </UnitTestResult>
        <UnitTestResult executionId="16d91ef2-85ed-42e8-b889-4fe12f2126ab" parentExecutionId="9d633ace-58cb-40e0-bb9b-d8b00dd4fdd9" testId="e1204454-f111-420f-9994-8229d7f3a43d" testName="4- prereq-collegefinanceplan@grad-all-print-21_22-updatebudgetforacademicyearforpackaging-generictest (OT-10Q-CollegeFinancePlan-Student-Grad-All-Print-21_22)" computerName="CLTBUILD23" duration="00:00:09.0940871" startTime="2021-04-12T09:24:02.0173379-04:00" endTime="2021-04-12T09:24:11.1196865-04:00" testType="13cdc9d9-ddb5-4fa4-a97d-d965ccfc6d4b" outcome="Passed" testListId="8c84fa94-04c1-424b-9868-57a2d4851a1d" relativeResultsDirectory="16d91ef2-85ed-42e8-b889-4fe12f2126ab">
          <Output>
            <StdOut>C:\Agt6\_work\_temp\TestResults\c2kbuild_CLTBUILD23 2021-04-12 08_12_36\In\16d91ef2-85ed-42e8-b889-4fe12f2126ab\CLTBUILD23&gt;if not defined TestLocation (set TestLocation=. ) &#xD;
&#xD;
C:\Agt6\_work\_temp\TestResults\c2kbuild_CLTBUILD23 2021-04-12 08_12_36\In\16d91ef2-85ed-42e8-b889-4fe12f2126ab\CLTBUILD23&gt;set CollectionFileName=c:\agt6\_work\6\a\api\environment\regapiautomation\testdata\shoppingsheets\prereq-student-grad-all-print-21_22\..\..\..\..\..\PreReq\PreReq-UpdateBudgetForAcademicYearForPackaging.postman_collection.json &#xD;
&#xD;
C:\Agt6\_work\_temp\TestResults\c2kbuild_CLTBUILD23 2021-04-12 08_12_36\In\16d91ef2-85ed-42e8-b889-4fe12f2126ab\CLTBUILD23&gt;set DataFileName=c:\agt6\_work\6\a\api\environment\regapiautomation\testdata\shoppingsheets\prereq-student-grad-all-print-21_22\PreReq-CollegeFinancePlan@Grad-All-Print-21_22-UpdateBudgetForAcademicYearForPackaging.data.csv &#xD;
&#xD;
C:\Agt6\_work\_temp\TestResults\c2kbuild_CLTBUILD23 2021-04-12 08_12_36\In\16d91ef2-85ed-42e8-b889-4fe12f2126ab\CLTBUILD23&gt;set EnvironmentFilePath=c:\agt6\_work\6\a\api\environment\regapiautomation\testdata\shoppingsheets\prereq-student-grad-all-print-21_22\..\..\..\RegApiAutoEnvironment.postman_environment.json &#xD;
&#xD;
C:\Agt6\_work\_temp\TestResults\c2kbuild_CLTBUILD23 2021-04-12 08_12_36\In\16d91ef2-85ed-42e8-b889-4fe12f2126ab\CLTBUILD23&gt;set HtmlResultsFile=UpdateBudgetForAcademicYearForPackaging_Html.html &#xD;
&#xD;
C:\Agt6\_work\_temp\TestResults\c2kbuild_CLTBUILD23 2021-04-12 08_12_36\In\16d91ef2-85ed-42e8-b889-4fe12f2126ab\CLTBUILD23&gt;set JunitResultsFile=UpdateBudgetForAcademicYearForPackaging_Junit.xml &#xD;
&#xD;
C:\Agt6\_work\_temp\TestResults\c2kbuild_CLTBUILD23 2021-04-12 08_12_36\In\16d91ef2-85ed-42e8-b889-4fe12f2126ab\CLTBUILD23&gt;newman run "c:\agt6\_work\6\a\api\environment\regapiautomation\testdata\shoppingsheets\prereq-student-grad-all-print-21_22\..\..\..\..\..\PreReq\PreReq-UpdateBudgetForAcademicYearForPackaging.postman_collection.json" -k -d "c:\agt6\_work\6\a\api\environment\regapiautomation\testdata\shoppingsheets\prereq-student-grad-all-print-21_22\PreReq-CollegeFinancePlan@Grad-All-Print-21_22-UpdateBudgetForAcademicYearForPackaging.data.csv" -e "c:\agt6\_work\6\a\api\environment\regapiautomation\testdata\shoppingsheets\prereq-student-grad-all-print-21_22\..\..\..\RegApiAutoEnvironment.postman_environment.json" -r junit,html --reporter-html-export "UpdateBudgetForAcademicYearForPackaging_Html.html" --reporter-junit-export "UpdateBudgetForAcademicYearForPackaging_Junit.xml"</StdOut>
          </Output>
          <ResultFiles>
            <ResultFile path="CLTBUILD23\UpdateBudgetForAcademicYearForPackaging_Html.html" />
            <ResultFile path="CLTBUILD23\UpdateBudgetForAcademicYearForPackaging_Junit.xml" />
          </ResultFiles>
        </UnitTestResult>
        <UnitTestResult executionId="13bf064a-4c05-448a-97e5-0c65c2421d62" parentExecutionId="9d633ace-58cb-40e0-bb9b-d8b00dd4fdd9" testId="c958152b-26ac-4f4b-9276-5d8e2d52bf81" testName="5- prereq-collegefinanceplan@grad-all-print-21_22-awardgrantorloanforpackaging-generictest (OT-10Q-CollegeFinancePlan-Student-Grad-All-Print-21_22)" computerName="CLTBUILD23" duration="00:00:15.7621679" startTime="2021-04-12T09:24:11.1196865-04:00" endTime="2021-04-12T09:24:26.8915574-04:00" testType="13cdc9d9-ddb5-4fa4-a97d-d965ccfc6d4b" outcome="Passed" testListId="8c84fa94-04c1-424b-9868-57a2d4851a1d" relativeResultsDirectory="13bf064a-4c05-448a-97e5-0c65c2421d62">
          <Output>
            <StdOut>C:\Agt6\_work\_temp\TestResults\c2kbuild_CLTBUILD23 2021-04-12 08_12_36\In\13bf064a-4c05-448a-97e5-0c65c2421d62\CLTBUILD23&gt;if not defined TestLocation (set TestLocation=. ) &#xD;
&#xD;
C:\Agt6\_work\_temp\TestResults\c2kbuild_CLTBUILD23 2021-04-12 08_12_36\In\13bf064a-4c05-448a-97e5-0c65c2421d62\CLTBUILD23&gt;set CollectionFileName=c:\agt6\_work\6\a\api\environment\regapiautomation\testdata\shoppingsheets\prereq-student-grad-all-print-21_22\..\..\..\..\..\PreReq\PreReq-AwardGrantorLoanForPackaging.postman_collection.json &#xD;
&#xD;
C:\Agt6\_work\_temp\TestResults\c2kbuild_CLTBUILD23 2021-04-12 08_12_36\In\13bf064a-4c05-448a-97e5-0c65c2421d62\CLTBUILD23&gt;set DataFileName=c:\agt6\_work\6\a\api\environment\regapiautomation\testdata\shoppingsheets\prereq-student-grad-all-print-21_22\PreReq-CollegeFinancePlan@Grad-All-Print-21_22-AwardGrantorLoanForPackaging.data.csv &#xD;
&#xD;
C:\Agt6\_work\_temp\TestResults\c2kbuild_CLTBUILD23 2021-04-12 08_12_36\In\13bf064a-4c05-448a-97e5-0c65c2421d62\CLTBUILD23&gt;set EnvironmentFilePath=c:\agt6\_work\6\a\api\environment\regapiautomation\testdata\shoppingsheets\prereq-student-grad-all-print-21_22\..\..\..\RegApiAutoEnvironment.postman_environment.json &#xD;
&#xD;
C:\Agt6\_work\_temp\TestResults\c2kbuild_CLTBUILD23 2021-04-12 08_12_36\In\13bf064a-4c05-448a-97e5-0c65c2421d62\CLTBUILD23&gt;set HtmlResultsFile=AwardGrantorLoanForPackaging_Html.html &#xD;
&#xD;
C:\Agt6\_work\_temp\TestResults\c2kbuild_CLTBUILD23 2021-04-12 08_12_36\In\13bf064a-4c05-448a-97e5-0c65c2421d62\CLTBUILD23&gt;set JunitResultsFile=AwardGrantorLoanForPackaging_Junit.xml &#xD;
&#xD;
C:\Agt6\_work\_temp\TestResults\c2kbuild_CLTBUILD23 2021-04-12 08_12_36\In\13bf064a-4c05-448a-97e5-0c65c2421d62\CLTBUILD23&gt;newman run "c:\agt6\_work\6\a\api\environment\regapiautomation\testdata\shoppingsheets\prereq-student-grad-all-print-21_22\..\..\..\..\..\PreReq\PreReq-AwardGrantorLoanForPackaging.postman_collection.json" -d "c:\agt6\_work\6\a\api\environment\regapiautomation\testdata\shoppingsheets\prereq-student-grad-all-print-21_22\PreReq-CollegeFinancePlan@Grad-All-Print-21_22-AwardGrantorLoanForPackaging.data.csv" -e "c:\agt6\_work\6\a\api\environment\regapiautomation\testdata\shoppingsheets\prereq-student-grad-all-print-21_22\..\..\..\RegApiAutoEnvironment.postman_environment.json" -k -r junit,html --reporter-html-export "AwardGrantorLoanForPackaging_Html.html" --reporter-junit-export "AwardGrantorLoanForPackaging_Junit.xml"</StdOut>
          </Output>
          <ResultFiles>
            <ResultFile path="CLTBUILD23\AwardGrantorLoanForPackaging_Html.html" />
            <ResultFile path="CLTBUILD23\AwardGrantorLoanForPackaging_Junit.xml" />
          </ResultFiles>
        </UnitTestResult>
        <UnitTestResult executionId="c2f29afe-c778-480a-90b5-0f79b997518c" parentExecutionId="9d633ace-58cb-40e0-bb9b-d8b00dd4fdd9" testId="139e63b3-2051-4895-a8f4-3f57b30db4ec" testName="6- prereq-collegefinanceplan@grad-all-print-21_22-awardloanforpackaging-generictest (OT-10Q-CollegeFinancePlan-Student-Grad-All-Print-21_22)" computerName="CLTBUILD23" duration="00:00:16.3422748" startTime="2021-04-12T09:24:26.8925589-04:00" endTime="2021-04-12T09:24:43.2348029-04:00" testType="13cdc9d9-ddb5-4fa4-a97d-d965ccfc6d4b" outcome="Passed" testListId="8c84fa94-04c1-424b-9868-57a2d4851a1d" relativeResultsDirectory="c2f29afe-c778-480a-90b5-0f79b997518c">
          <Output>
            <StdOut>C:\Agt6\_work\_temp\TestResults\c2kbuild_CLTBUILD23 2021-04-12 08_12_36\In\c2f29afe-c778-480a-90b5-0f79b997518c\CLTBUILD23&gt;if not defined TestLocation (set TestLocation=. ) &#xD;
&#xD;
C:\Agt6\_work\_temp\TestResults\c2kbuild_CLTBUILD23 2021-04-12 08_12_36\In\c2f29afe-c778-480a-90b5-0f79b997518c\CLTBUILD23&gt;set CollectionFileName=c:\agt6\_work\6\a\api\environment\regapiautomation\testdata\shoppingsheets\prereq-student-grad-all-print-21_22\..\..\..\..\..\PreReq\PreReq-AwardLoanForPackaging.postman_collection.json &#xD;
&#xD;
C:\Agt6\_work\_temp\TestResults\c2kbuild_CLTBUILD23 2021-04-12 08_12_36\In\c2f29afe-c778-480a-90b5-0f79b997518c\CLTBUILD23&gt;set DataFileName=c:\agt6\_work\6\a\api\environment\regapiautomation\testdata\shoppingsheets\prereq-student-grad-all-print-21_22\PreReq-CollegeFinancePlan@Grad-All-Print-21_22-AwardLoanForPackaging.data.csv &#xD;
&#xD;
C:\Agt6\_work\_temp\TestResults\c2kbuild_CLTBUILD23 2021-04-12 08_12_36\In\c2f29afe-c778-480a-90b5-0f79b997518c\CLTBUILD23&gt;set EnvironmentFilePath=c:\agt6\_work\6\a\api\environment\regapiautomation\testdata\shoppingsheets\prereq-student-grad-all-print-21_22\..\..\..\RegApiAutoEnvironment.postman_environment.json &#xD;
&#xD;
C:\Agt6\_work\_temp\TestResults\c2kbuild_CLTBUILD23 2021-04-12 08_12_36\In\c2f29afe-c778-480a-90b5-0f79b997518c\CLTBUILD23&gt;set HtmlResultsFile=AwardLoanForPackaging_Html.html &#xD;
&#xD;
C:\Agt6\_work\_temp\TestResults\c2kbuild_CLTBUILD23 2021-04-12 08_12_36\In\c2f29afe-c778-480a-90b5-0f79b997518c\CLTBUILD23&gt;set JunitResultsFile=AwardLoanForPackaging_Junit.xml &#xD;
&#xD;
C:\Agt6\_work\_temp\TestResults\c2kbuild_CLTBUILD23 2021-04-12 08_12_36\In\c2f29afe-c778-480a-90b5-0f79b997518c\CLTBUILD23&gt;newman run "c:\agt6\_work\6\a\api\environment\regapiautomation\testdata\shoppingsheets\prereq-student-grad-all-print-21_22\..\..\..\..\..\PreReq\PreReq-AwardLoanForPackaging.postman_collection.json" -d "c:\agt6\_work\6\a\api\environment\regapiautomation\testdata\shoppingsheets\prereq-student-grad-all-print-21_22\PreReq-CollegeFinancePlan@Grad-All-Print-21_22-AwardLoanForPackaging.data.csv" -e "c:\agt6\_work\6\a\api\environment\regapiautomation\testdata\shoppingsheets\prereq-student-grad-all-print-21_22\..\..\..\RegApiAutoEnvironment.postman_environment.json" -k -r junit,html --reporter-html-export "AwardLoanForPackaging_Html.html" --reporter-junit-export "AwardLoanForPackaging_Junit.xml"</StdOut>
          </Output>
          <ResultFiles>
            <ResultFile path="CLTBUILD23\AwardLoanForPackaging_Html.html" />
            <ResultFile path="CLTBUILD23\AwardLoanForPackaging_Junit.xml" />
          </ResultFiles>
        </UnitTestResult>
        <UnitTestResult executionId="c3d5cca7-a1d2-4751-95f6-803fa01741de" parentExecutionId="9d633ace-58cb-40e0-bb9b-d8b00dd4fdd9" testId="a5b1608e-9501-4d96-b719-2198d87de7d0" testName="7- collegefinanceplan-student@grad-all-print-21_22 (OT-10Q-CollegeFinancePlan-Student-Grad-All-Print-21_22)" computerName="CLTBUILD23" duration="00:00:09.7388079" startTime="2021-04-12T09:24:43.2358003-04:00" endTime="2021-04-12T09:24:52.9800055-04:00" testType="13cdc9d9-ddb5-4fa4-a97d-d965ccfc6d4b" outcome="Passed" testListId="8c84fa94-04c1-424b-9868-57a2d4851a1d" relativeResultsDirectory="c3d5cca7-a1d2-4751-95f6-803fa01741de">
          <Output>
            <StdOut>C:\Agt6\_work\_temp\TestResults\c2kbuild_CLTBUILD23 2021-04-12 08_12_36\In\c3d5cca7-a1d2-4751-95f6-803fa01741de\CLTBUILD23&gt;if not defined TestLocation (set TestLocation=. ) &#xD;
&#xD;
C:\Agt6\_work\_temp\TestResults\c2kbuild_CLTBUILD23 2021-04-12 08_12_36\In\c3d5cca7-a1d2-4751-95f6-803fa01741de\CLTBUILD23&gt;set CollectionFileName=c:\agt6\_work\6\a\api\environment\regapiautomation\testdata\shoppingsheets\..\..\..\..\Tests\ShoppingSheets\ShoppingSheets-Student@HP-Print.postman_collection.json &#xD;
&#xD;
C:\Agt6\_work\_temp\TestResults\c2kbuild_CLTBUILD23 2021-04-12 08_12_36\In\c3d5cca7-a1d2-4751-95f6-803fa01741de\CLTBUILD23&gt;set DataFileName=c:\agt6\_work\6\a\api\environment\regapiautomation\testdata\shoppingsheets\CollegeFinancePlan-Student@Grad-All-Print-21_22.data.json &#xD;
&#xD;
C:\Agt6\_work\_temp\TestResults\c2kbuild_CLTBUILD23 2021-04-12 08_12_36\In\c3d5cca7-a1d2-4751-95f6-803fa01741de\CLTBUILD23&gt;set EnvironmentFilePath=c:\agt6\_work\6\a\api\environment\regapiautomation\testdata\shoppingsheets\..\..\RegApiAutoEnvironment.postman_environment.json &#xD;
&#xD;
C:\Agt6\_work\_temp\TestResults\c2kbuild_CLTBUILD23 2021-04-12 08_12_36\In\c3d5cca7-a1d2-4751-95f6-803fa01741de\CLTBUILD23&gt;set HtmlResultsFile=CollegeFinancePlan-Student@Grad-All-Print-21_22_Html.html &#xD;
&#xD;
C:\Agt6\_work\_temp\TestResults\c2kbuild_CLTBUILD23 2021-04-12 08_12_36\In\c3d5cca7-a1d2-4751-95f6-803fa01741de\CLTBUILD23&gt;set JunitResultsFile=CollegeFinancePlan-Student@Grad-All-Print-21_22_Junit.xml &#xD;
&#xD;
C:\Agt6\_work\_temp\TestResults\c2kbuild_CLTBUILD23 2021-04-12 08_12_36\In\c3d5cca7-a1d2-4751-95f6-803fa01741de\CLTBUILD23&gt;newman run "c:\agt6\_work\6\a\api\environment\regapiautomation\testdata\shoppingsheets\..\..\..\..\Tests\ShoppingSheets\ShoppingSheets-Student@HP-Print.postman_collection.json" -d "c:\agt6\_work\6\a\api\environment\regapiautomation\testdata\shoppingsheets\CollegeFinancePlan-Student@Grad-All-Print-21_22.data.json" -e "c:\agt6\_work\6\a\api\environment\regapiautomation\testdata\shoppingsheets\..\..\RegApiAutoEnvironment.postman_environment.json" -k -r junit,html --reporter-html-export "CollegeFinancePlan-Student@Grad-All-Print-21_22_Html.html" --reporter-junit-export "CollegeFinancePlan-Student@Grad-All-Print-21_22_Junit.xml"</StdOut>
          </Output>
          <ResultFiles>
            <ResultFile path="CLTBUILD23\CollegeFinancePlan-Student@Grad-All-Print-21_22_Html.html" />
            <ResultFile path="CLTBUILD23\CollegeFinancePlan-Student@Grad-All-Print-21_22_Junit.xml" />
          </ResultFiles>
        </UnitTestResult>
      </InnerResults>
    </TestResultAggregation>
    <TestResultAggregation executionId="fb06118d-4b7c-4860-9fb7-bf491401fa76" testId="9156f678-380e-424e-8173-588b0f37a0f5" testName="OT-05B-CODExceptions-Delete-21_22" computerName="CLTBUILD23" duration="00:00:56.9513335" startTime="2021-04-12T08:39:08.1257687-04:00" endTime="2021-04-12T08:40:05.0909348-04:00" testType="ec4800e8-40e5-4ab3-8510-b8bf29b1904d" outcome="Passed" testListId="8c84fa94-04c1-424b-9868-57a2d4851a1d" relativeResultsDirectory="fb06118d-4b7c-4860-9fb7-bf491401fa76">
      <InnerResults>
        <UnitTestResult executionId="2b1e5207-7f14-480c-a4cf-13fec1a5bedc" parentExecutionId="fb06118d-4b7c-4860-9fb7-bf491401fa76" testId="199cf613-8fcc-4ff8-b330-6fea857f4620" testName="1- prereq-cod-exceptions@delete-award-bn-21_22-createstudent-generictest (OT-05B-CODExceptions-Delete-21_22)" computerName="CLTBUILD23" duration="00:00:07.7834900" startTime="2021-04-12T08:39:08.1277599-04:00" endTime="2021-04-12T08:39:15.9150939-04:00" testType="13cdc9d9-ddb5-4fa4-a97d-d965ccfc6d4b" outcome="Passed" testListId="8c84fa94-04c1-424b-9868-57a2d4851a1d" relativeResultsDirectory="2b1e5207-7f14-480c-a4cf-13fec1a5bedc">
          <Output>
            <StdOut>C:\Agt6\_work\_temp\TestResults\c2kbuild_CLTBUILD23 2021-04-12 08_12_36\In\2b1e5207-7f14-480c-a4cf-13fec1a5bedc\CLTBUILD23&gt;if not defined TestLocation (set TestLocation=. ) &#xD;
&#xD;
C:\Agt6\_work\_temp\TestResults\c2kbuild_CLTBUILD23 2021-04-12 08_12_36\In\2b1e5207-7f14-480c-a4cf-13fec1a5bedc\CLTBUILD23&gt;set CollectionFileName=c:\agt6\_work\6\a\api\environment\regapiautomation\testdata\codexceptions\prereq-delete-21_22\..\..\..\..\..\PreReq\PreReq-CreateStudent.postman_collection.json &#xD;
&#xD;
C:\Agt6\_work\_temp\TestResults\c2kbuild_CLTBUILD23 2021-04-12 08_12_36\In\2b1e5207-7f14-480c-a4cf-13fec1a5bedc\CLTBUILD23&gt;set DataFileName=c:\agt6\_work\6\a\api\environment\regapiautomation\testdata\codexceptions\prereq-delete-21_22\PreReq-COD-Exceptions@Delete-Award-BN-21_22-CreateStudent.data.csv &#xD;
&#xD;
C:\Agt6\_work\_temp\TestResults\c2kbuild_CLTBUILD23 2021-04-12 08_12_36\In\2b1e5207-7f14-480c-a4cf-13fec1a5bedc\CLTBUILD23&gt;set EnvironmentFilePath=c:\agt6\_work\6\a\api\environment\regapiautomation\testdata\codexceptions\prereq-delete-21_22\..\..\..\RegApiAutoEnvironment.postman_environment.json &#xD;
&#xD;
C:\Agt6\_work\_temp\TestResults\c2kbuild_CLTBUILD23 2021-04-12 08_12_36\In\2b1e5207-7f14-480c-a4cf-13fec1a5bedc\CLTBUILD23&gt;set HtmlResultsFile=PreReq-COD-Exceptions@Delete-Award-BN-21_22-CreateStudent_Html.html &#xD;
&#xD;
C:\Agt6\_work\_temp\TestResults\c2kbuild_CLTBUILD23 2021-04-12 08_12_36\In\2b1e5207-7f14-480c-a4cf-13fec1a5bedc\CLTBUILD23&gt;set JunitResultsFile=PreReq-COD-Exceptions@Delete-Award-BN-21_22-CreateStudent_Junit.xml &#xD;
&#xD;
C:\Agt6\_work\_temp\TestResults\c2kbuild_CLTBUILD23 2021-04-12 08_12_36\In\2b1e5207-7f14-480c-a4cf-13fec1a5bedc\CLTBUILD23&gt;newman run "c:\agt6\_work\6\a\api\environment\regapiautomation\testdata\codexceptions\prereq-delete-21_22\..\..\..\..\..\PreReq\PreReq-CreateStudent.postman_collection.json" -k -d "c:\agt6\_work\6\a\api\environment\regapiautomation\testdata\codexceptions\prereq-delete-21_22\PreReq-COD-Exceptions@Delete-Award-BN-21_22-CreateStudent.data.csv" -e "c:\agt6\_work\6\a\api\environment\regapiautomation\testdata\codexceptions\prereq-delete-21_22\..\..\..\RegApiAutoEnvironment.postman_environment.json" -r junit,html --reporter-html-export "PreReq-COD-Exceptions@Delete-Award-BN-21_22-CreateStudent_Html.html" --reporter-junit-export "PreReq-COD-Exceptions@Delete-Award-BN-21_22-CreateStudent_Junit.xml"</StdOut>
          </Output>
          <ResultFiles>
            <ResultFile path="CLTBUILD23\PreReq-COD-Exceptions@Delete-Award-BN-21_22-CreateStudent_Html.html" />
            <ResultFile path="CLTBUILD23\PreReq-COD-Exceptions@Delete-Award-BN-21_22-CreateStudent_Junit.xml" />
          </ResultFiles>
        </UnitTestResult>
        <UnitTestResult executionId="8a661433-fb45-46f8-bada-951df78052de" parentExecutionId="fb06118d-4b7c-4860-9fb7-bf491401fa76" testId="5aa87472-099e-4d13-b713-c555c492ff46" testName="2- prereq-cod-exceptions@delete-award-bn-21_22-importisir-generictest (OT-05B-CODExceptions-Delete-21_22)" computerName="CLTBUILD23" duration="00:00:08.4598944" startTime="2021-04-12T08:39:15.9160944-04:00" endTime="2021-04-12T08:39:24.3805328-04:00" testType="13cdc9d9-ddb5-4fa4-a97d-d965ccfc6d4b" outcome="Passed" testListId="8c84fa94-04c1-424b-9868-57a2d4851a1d" relativeResultsDirectory="8a661433-fb45-46f8-bada-951df78052de">
          <Output>
            <StdOut>C:\Agt6\_work\_temp\TestResults\c2kbuild_CLTBUILD23 2021-04-12 08_12_36\In\8a661433-fb45-46f8-bada-951df78052de\CLTBUILD23&gt;if not defined TestLocation (set TestLocation=. ) &#xD;
&#xD;
C:\Agt6\_work\_temp\TestResults\c2kbuild_CLTBUILD23 2021-04-12 08_12_36\In\8a661433-fb45-46f8-bada-951df78052de\CLTBUILD23&gt;set CollectionFileName=c:\agt6\_work\6\a\api\environment\regapiautomation\testdata\codexceptions\prereq-delete-21_22\..\..\..\..\..\PreReq\PreReq-ImportISIR.postman_collection.json &#xD;
&#xD;
C:\Agt6\_work\_temp\TestResults\c2kbuild_CLTBUILD23 2021-04-12 08_12_36\In\8a661433-fb45-46f8-bada-951df78052de\CLTBUILD23&gt;set DataFileName=c:\agt6\_work\6\a\api\environment\regapiautomation\testdata\codexceptions\prereq-delete-21_22\PreReq-COD-Exceptions@Delete-Award-BN-21_22-ImportISIR.data.json &#xD;
&#xD;
C:\Agt6\_work\_temp\TestResults\c2kbuild_CLTBUILD23 2021-04-12 08_12_36\In\8a661433-fb45-46f8-bada-951df78052de\CLTBUILD23&gt;set EnvironmentFilePath=c:\agt6\_work\6\a\api\environment\regapiautomation\testdata\codexceptions\prereq-delete-21_22\..\..\..\RegApiAutoEnvironment.postman_environment.json &#xD;
&#xD;
C:\Agt6\_work\_temp\TestResults\c2kbuild_CLTBUILD23 2021-04-12 08_12_36\In\8a661433-fb45-46f8-bada-951df78052de\CLTBUILD23&gt;set HtmlResultsFile=PreReq-COD-Exceptions@Delete-Award-BN-21_22-ImportISIR_Html.html &#xD;
&#xD;
C:\Agt6\_work\_temp\TestResults\c2kbuild_CLTBUILD23 2021-04-12 08_12_36\In\8a661433-fb45-46f8-bada-951df78052de\CLTBUILD23&gt;set JunitResultsFile=PreReq-COD-Exceptions@Delete-Award-BN-21_22-ImportISIR_Junit.xml &#xD;
&#xD;
C:\Agt6\_work\_temp\TestResults\c2kbuild_CLTBUILD23 2021-04-12 08_12_36\In\8a661433-fb45-46f8-bada-951df78052de\CLTBUILD23&gt;newman run "c:\agt6\_work\6\a\api\environment\regapiautomation\testdata\codexceptions\prereq-delete-21_22\..\..\..\..\..\PreReq\PreReq-ImportISIR.postman_collection.json" -k -d "c:\agt6\_work\6\a\api\environment\regapiautomation\testdata\codexceptions\prereq-delete-21_22\PreReq-COD-Exceptions@Delete-Award-BN-21_22-ImportISIR.data.json" -e "c:\agt6\_work\6\a\api\environment\regapiautomation\testdata\codexceptions\prereq-delete-21_22\..\..\..\RegApiAutoEnvironment.postman_environment.json" -r junit,html --reporter-html-export "PreReq-COD-Exceptions@Delete-Award-BN-21_22-ImportISIR_Html.html" --reporter-junit-export "PreReq-COD-Exceptions@Delete-Award-BN-21_22-ImportISIR_Junit.xml"</StdOut>
          </Output>
          <ResultFiles>
            <ResultFile path="CLTBUILD23\PreReq-COD-Exceptions@Delete-Award-BN-21_22-ImportISIR_Html.html" />
            <ResultFile path="CLTBUILD23\PreReq-COD-Exceptions@Delete-Award-BN-21_22-ImportISIR_Junit.xml" />
          </ResultFiles>
        </UnitTestResult>
        <UnitTestResult executionId="c0caff5f-679e-48e0-ba03-8e7b667df1ef" parentExecutionId="fb06118d-4b7c-4860-9fb7-bf491401fa76" testId="7366db68-50a7-488c-8cd3-0a98cc393e1c" testName="3- prereq-cod-exceptions@delete-award-bn-21_22-enrollstudent-generictest (OT-05B-CODExceptions-Delete-21_22)" computerName="CLTBUILD23" duration="00:00:12.5949658" startTime="2021-04-12T08:39:24.3815315-04:00" endTime="2021-04-12T08:39:37.0190012-04:00" testType="13cdc9d9-ddb5-4fa4-a97d-d965ccfc6d4b" outcome="Passed" testListId="8c84fa94-04c1-424b-9868-57a2d4851a1d" relativeResultsDirectory="c0caff5f-679e-48e0-ba03-8e7b667df1ef">
          <Output>
            <StdOut>C:\Agt6\_work\_temp\TestResults\c2kbuild_CLTBUILD23 2021-04-12 08_12_36\In\c0caff5f-679e-48e0-ba03-8e7b667df1ef\CLTBUILD23&gt;if not defined TestLocation (set TestLocation=. ) &#xD;
&#xD;
C:\Agt6\_work\_temp\TestResults\c2kbuild_CLTBUILD23 2021-04-12 08_12_36\In\c0caff5f-679e-48e0-ba03-8e7b667df1ef\CLTBUILD23&gt;set CollectionFileName=c:\agt6\_work\6\a\api\environment\regapiautomation\testdata\codexceptions\prereq-delete-21_22\..\..\..\..\..\PreReq\PreReq-EnrollStudent.postman_collection.json &#xD;
&#xD;
C:\Agt6\_work\_temp\TestResults\c2kbuild_CLTBUILD23 2021-04-12 08_12_36\In\c0caff5f-679e-48e0-ba03-8e7b667df1ef\CLTBUILD23&gt;set DataFileName=c:\agt6\_work\6\a\api\environment\regapiautomation\testdata\codexceptions\prereq-delete-21_22\PreReq-COD-Exceptions@Delete-Award-BN-21_22-EnrollStudent.data.csv &#xD;
&#xD;
C:\Agt6\_work\_temp\TestResults\c2kbuild_CLTBUILD23 2021-04-12 08_12_36\In\c0caff5f-679e-48e0-ba03-8e7b667df1ef\CLTBUILD23&gt;set EnvironmentFilePath=c:\agt6\_work\6\a\api\environment\regapiautomation\testdata\codexceptions\prereq-delete-21_22\..\..\..\RegApiAutoEnvironment.postman_environment.json &#xD;
&#xD;
C:\Agt6\_work\_temp\TestResults\c2kbuild_CLTBUILD23 2021-04-12 08_12_36\In\c0caff5f-679e-48e0-ba03-8e7b667df1ef\CLTBUILD23&gt;set HtmlResultsFile=PreReq-COD-Exceptions@Delete-Award-BN-21_22-EnrollStudent_Html.html &#xD;
&#xD;
C:\Agt6\_work\_temp\TestResults\c2kbuild_CLTBUILD23 2021-04-12 08_12_36\In\c0caff5f-679e-48e0-ba03-8e7b667df1ef\CLTBUILD23&gt;set JunitResultsFile=PreReq-COD-Exceptions@Delete-Award-BN-21_22-EnrollStudent_Junit.xml &#xD;
&#xD;
C:\Agt6\_work\_temp\TestResults\c2kbuild_CLTBUILD23 2021-04-12 08_12_36\In\c0caff5f-679e-48e0-ba03-8e7b667df1ef\CLTBUILD23&gt;newman run "c:\agt6\_work\6\a\api\environment\regapiautomation\testdata\codexceptions\prereq-delete-21_22\..\..\..\..\..\PreReq\PreReq-EnrollStudent.postman_collection.json" -k -d "c:\agt6\_work\6\a\api\environment\regapiautomation\testdata\codexceptions\prereq-delete-21_22\PreReq-COD-Exceptions@Delete-Award-BN-21_22-EnrollStudent.data.csv" -e "c:\agt6\_work\6\a\api\environment\regapiautomation\testdata\codexceptions\prereq-delete-21_22\..\..\..\RegApiAutoEnvironment.postman_environment.json" -r junit,html --reporter-html-export "PreReq-COD-Exceptions@Delete-Award-BN-21_22-EnrollStudent_Html.html" --reporter-junit-export "PreReq-COD-Exceptions@Delete-Award-BN-21_22-EnrollStudent_Junit.xml"</StdOut>
          </Output>
          <ResultFiles>
            <ResultFile path="CLTBUILD23\PreReq-COD-Exceptions@Delete-Award-BN-21_22-EnrollStudent_Html.html" />
            <ResultFile path="CLTBUILD23\PreReq-COD-Exceptions@Delete-Award-BN-21_22-EnrollStudent_Junit.xml" />
          </ResultFiles>
        </UnitTestResult>
        <UnitTestResult executionId="46a7e8ca-8338-409d-85f7-8ce400b18076" parentExecutionId="fb06118d-4b7c-4860-9fb7-bf491401fa76" testId="c94ddd41-e29e-4551-9b89-f5ad63ea50ee" testName="4- prereq-cod-exceptions@delete-award-bn-21_22-updatebudgetforacademicyearforpackaging-generictest (OT-05B-CODExceptions-Delete-21_22)" computerName="CLTBUILD23" duration="00:00:08.7971272" startTime="2021-04-12T08:39:37.0190012-04:00" endTime="2021-04-12T08:39:45.8212765-04:00" testType="13cdc9d9-ddb5-4fa4-a97d-d965ccfc6d4b" outcome="Passed" testListId="8c84fa94-04c1-424b-9868-57a2d4851a1d" relativeResultsDirectory="46a7e8ca-8338-409d-85f7-8ce400b18076">
          <Output>
            <StdOut>C:\Agt6\_work\_temp\TestResults\c2kbuild_CLTBUILD23 2021-04-12 08_12_36\In\46a7e8ca-8338-409d-85f7-8ce400b18076\CLTBUILD23&gt;if not defined TestLocation (set TestLocation=. ) &#xD;
&#xD;
C:\Agt6\_work\_temp\TestResults\c2kbuild_CLTBUILD23 2021-04-12 08_12_36\In\46a7e8ca-8338-409d-85f7-8ce400b18076\CLTBUILD23&gt;set CollectionFileName=c:\agt6\_work\6\a\api\environment\regapiautomation\testdata\codexceptions\prereq-delete-21_22\..\..\..\..\..\PreReq\PreReq-UpdateBudgetForAcademicYearForPackaging.postman_collection.json &#xD;
&#xD;
C:\Agt6\_work\_temp\TestResults\c2kbuild_CLTBUILD23 2021-04-12 08_12_36\In\46a7e8ca-8338-409d-85f7-8ce400b18076\CLTBUILD23&gt;set DataFileName=c:\agt6\_work\6\a\api\environment\regapiautomation\testdata\codexceptions\prereq-delete-21_22\PreReq-COD-Exceptions@Delete-Award-BN-21_22-UpdateBudgetForAcademicYearForPackaging.data.csv &#xD;
&#xD;
C:\Agt6\_work\_temp\TestResults\c2kbuild_CLTBUILD23 2021-04-12 08_12_36\In\46a7e8ca-8338-409d-85f7-8ce400b18076\CLTBUILD23&gt;set EnvironmentFilePath=c:\agt6\_work\6\a\api\environment\regapiautomation\testdata\codexceptions\prereq-delete-21_22\..\..\..\RegApiAutoEnvironment.postman_environment.json &#xD;
&#xD;
C:\Agt6\_work\_temp\TestResults\c2kbuild_CLTBUILD23 2021-04-12 08_12_36\In\46a7e8ca-8338-409d-85f7-8ce400b18076\CLTBUILD23&gt;set HtmlResultsFile=PreReq-COD-Exceptions@Delete-Award-BN-21_22-UpdateBudgetForAcademicYearForPackaging_Html.html &#xD;
&#xD;
C:\Agt6\_work\_temp\TestResults\c2kbuild_CLTBUILD23 2021-04-12 08_12_36\In\46a7e8ca-8338-409d-85f7-8ce400b18076\CLTBUILD23&gt;set JunitResultsFile=PreReq-COD-Exceptions@Delete-Award-BN-21_22-UpdateBudgetForAcademicYearForPackaging_Junit.xml &#xD;
&#xD;
C:\Agt6\_work\_temp\TestResults\c2kbuild_CLTBUILD23 2021-04-12 08_12_36\In\46a7e8ca-8338-409d-85f7-8ce400b18076\CLTBUILD23&gt;newman run "c:\agt6\_work\6\a\api\environment\regapiautomation\testdata\codexceptions\prereq-delete-21_22\..\..\..\..\..\PreReq\PreReq-UpdateBudgetForAcademicYearForPackaging.postman_collection.json" -k -d "c:\agt6\_work\6\a\api\environment\regapiautomation\testdata\codexceptions\prereq-delete-21_22\PreReq-COD-Exceptions@Delete-Award-BN-21_22-UpdateBudgetForAcademicYearForPackaging.data.csv" -e "c:\agt6\_work\6\a\api\environment\regapiautomation\testdata\codexceptions\prereq-delete-21_22\..\..\..\RegApiAutoEnvironment.postman_environment.json" -r junit,html --reporter-html-export "PreReq-COD-Exceptions@Delete-Award-BN-21_22-UpdateBudgetForAcademicYearForPackaging_Html.html" --reporter-junit-export "PreReq-COD-Exceptions@Delete-Award-BN-21_22-UpdateBudgetForAcademicYearForPackaging_Junit.xml"</StdOut>
          </Output>
          <ResultFiles>
            <ResultFile path="CLTBUILD23\PreReq-COD-Exceptions@Delete-Award-BN-21_22-UpdateBudgetForAcademicYearForPackaging_Html.html" />
            <ResultFile path="CLTBUILD23\PreReq-COD-Exceptions@Delete-Award-BN-21_22-UpdateBudgetForAcademicYearForPackaging_Junit.xml" />
          </ResultFiles>
        </UnitTestResult>
        <UnitTestResult executionId="e0af5b5c-2d0b-46b8-adef-9f56c857ba39" parentExecutionId="fb06118d-4b7c-4860-9fb7-bf491401fa76" testId="079e1f06-06c6-4170-866f-3945f425a916" testName="5- prereq-cod-exceptions@delete-award-bn-21_22-codimport-generictest (OT-05B-CODExceptions-Delete-21_22)" computerName="CLTBUILD23" duration="00:00:11.6935116" startTime="2021-04-12T08:39:45.8252800-04:00" endTime="2021-04-12T08:39:57.5281610-04:00" testType="13cdc9d9-ddb5-4fa4-a97d-d965ccfc6d4b" outcome="Passed" testListId="8c84fa94-04c1-424b-9868-57a2d4851a1d" relativeResultsDirectory="e0af5b5c-2d0b-46b8-adef-9f56c857ba39">
          <Output>
            <StdOut>C:\Agt6\_work\_temp\TestResults\c2kbuild_CLTBUILD23 2021-04-12 08_12_36\In\e0af5b5c-2d0b-46b8-adef-9f56c857ba39\CLTBUILD23&gt;if not defined TestLocation (set TestLocation=. ) &#xD;
&#xD;
C:\Agt6\_work\_temp\TestResults\c2kbuild_CLTBUILD23 2021-04-12 08_12_36\In\e0af5b5c-2d0b-46b8-adef-9f56c857ba39\CLTBUILD23&gt;set CollectionFileName=c:\agt6\_work\6\a\api\environment\regapiautomation\testdata\codexceptions\prereq-delete-21_22\..\..\..\..\..\PreReq\PreReq-CODImport.postman_collection.json &#xD;
&#xD;
C:\Agt6\_work\_temp\TestResults\c2kbuild_CLTBUILD23 2021-04-12 08_12_36\In\e0af5b5c-2d0b-46b8-adef-9f56c857ba39\CLTBUILD23&gt;set DataFileName=c:\agt6\_work\6\a\api\environment\regapiautomation\testdata\codexceptions\prereq-delete-21_22\PreReq-COD-Exceptions@Delete-Award-BN-21_22-CODImport.data.json &#xD;
&#xD;
C:\Agt6\_work\_temp\TestResults\c2kbuild_CLTBUILD23 2021-04-12 08_12_36\In\e0af5b5c-2d0b-46b8-adef-9f56c857ba39\CLTBUILD23&gt;set EnvironmentFilePath=c:\agt6\_work\6\a\api\environment\regapiautomation\testdata\codexceptions\prereq-delete-21_22\..\..\..\RegApiAutoEnvironment.postman_environment.json &#xD;
&#xD;
C:\Agt6\_work\_temp\TestResults\c2kbuild_CLTBUILD23 2021-04-12 08_12_36\In\e0af5b5c-2d0b-46b8-adef-9f56c857ba39\CLTBUILD23&gt;set HtmlResultsFile=PreReq-COD-Exceptions@Delete-Award-BN-21_22-CODImport_Html.html &#xD;
&#xD;
C:\Agt6\_work\_temp\TestResults\c2kbuild_CLTBUILD23 2021-04-12 08_12_36\In\e0af5b5c-2d0b-46b8-adef-9f56c857ba39\CLTBUILD23&gt;set JunitResultsFile=PreReq-COD-Exceptions@Delete-Award-BN-21_22-CODImport_Junit.xml &#xD;
&#xD;
C:\Agt6\_work\_temp\TestResults\c2kbuild_CLTBUILD23 2021-04-12 08_12_36\In\e0af5b5c-2d0b-46b8-adef-9f56c857ba39\CLTBUILD23&gt;newman run "c:\agt6\_work\6\a\api\environment\regapiautomation\testdata\codexceptions\prereq-delete-21_22\..\..\..\..\..\PreReq\PreReq-CODImport.postman_collection.json" -k -d "c:\agt6\_work\6\a\api\environment\regapiautomation\testdata\codexceptions\prereq-delete-21_22\PreReq-COD-Exceptions@Delete-Award-BN-21_22-CODImport.data.json" -e "c:\agt6\_work\6\a\api\environment\regapiautomation\testdata\codexceptions\prereq-delete-21_22\..\..\..\RegApiAutoEnvironment.postman_environment.json" -r junit,html --reporter-html-export "PreReq-COD-Exceptions@Delete-Award-BN-21_22-CODImport_Html.html" --reporter-junit-export "PreReq-COD-Exceptions@Delete-Award-BN-21_22-CODImport_Junit.xml"</StdOut>
          </Output>
          <ResultFiles>
            <ResultFile path="CLTBUILD23\PreReq-COD-Exceptions@Delete-Award-BN-21_22-CODImport_Html.html" />
            <ResultFile path="CLTBUILD23\PreReq-COD-Exceptions@Delete-Award-BN-21_22-CODImport_Junit.xml" />
          </ResultFiles>
        </UnitTestResult>
        <UnitTestResult executionId="81111635-e83e-4f95-b4a5-25b8709aba7f" parentExecutionId="fb06118d-4b7c-4860-9fb7-bf491401fa76" testId="d76b35fd-cc5a-4266-a416-2e375d280f78" testName="6- codexceptions@delete-award-bn-21_22-generictest (OT-05B-CODExceptions-Delete-21_22)" computerName="CLTBUILD23" duration="00:00:07.5582825" startTime="2021-04-12T08:39:57.5281610-04:00" endTime="2021-04-12T08:40:05.0899321-04:00" testType="13cdc9d9-ddb5-4fa4-a97d-d965ccfc6d4b" outcome="Passed" testListId="8c84fa94-04c1-424b-9868-57a2d4851a1d" relativeResultsDirectory="81111635-e83e-4f95-b4a5-25b8709aba7f">
          <Output>
            <StdOut>C:\Agt6\_work\_temp\TestResults\c2kbuild_CLTBUILD23 2021-04-12 08_12_36\In\81111635-e83e-4f95-b4a5-25b8709aba7f\CLTBUILD23&gt;if not defined TestLocation (set TestLocation=. ) &#xD;
&#xD;
C:\Agt6\_work\_temp\TestResults\c2kbuild_CLTBUILD23 2021-04-12 08_12_36\In\81111635-e83e-4f95-b4a5-25b8709aba7f\CLTBUILD23&gt;set CollectionFileName=c:\agt6\_work\6\a\api\environment\regapiautomation\testdata\codexceptions\..\..\..\..\Tests\CODExceptions\COD-Exceptions@Delete-Award-BN.postman_collection.json &#xD;
&#xD;
C:\Agt6\_work\_temp\TestResults\c2kbuild_CLTBUILD23 2021-04-12 08_12_36\In\81111635-e83e-4f95-b4a5-25b8709aba7f\CLTBUILD23&gt;set DataFileName=c:\agt6\_work\6\a\api\environment\regapiautomation\testdata\codexceptions\CODExceptions@Delete-Award-BN-21_22.data.json &#xD;
&#xD;
C:\Agt6\_work\_temp\TestResults\c2kbuild_CLTBUILD23 2021-04-12 08_12_36\In\81111635-e83e-4f95-b4a5-25b8709aba7f\CLTBUILD23&gt;set EnvironmentFilePath=c:\agt6\_work\6\a\api\environment\regapiautomation\testdata\codexceptions\..\..\RegApiAutoEnvironment.postman_environment.json &#xD;
&#xD;
C:\Agt6\_work\_temp\TestResults\c2kbuild_CLTBUILD23 2021-04-12 08_12_36\In\81111635-e83e-4f95-b4a5-25b8709aba7f\CLTBUILD23&gt;set HtmlResultsFile=CODExceptions@Delete-Award-BN-21_22-Html.html &#xD;
&#xD;
C:\Agt6\_work\_temp\TestResults\c2kbuild_CLTBUILD23 2021-04-12 08_12_36\In\81111635-e83e-4f95-b4a5-25b8709aba7f\CLTBUILD23&gt;set JunitResultsFile=CODExceptions@Delete-Award-BN-21_22-Junit.xml &#xD;
&#xD;
C:\Agt6\_work\_temp\TestResults\c2kbuild_CLTBUILD23 2021-04-12 08_12_36\In\81111635-e83e-4f95-b4a5-25b8709aba7f\CLTBUILD23&gt;newman run "c:\agt6\_work\6\a\api\environment\regapiautomation\testdata\codexceptions\..\..\..\..\Tests\CODExceptions\COD-Exceptions@Delete-Award-BN.postman_collection.json" -k -d "c:\agt6\_work\6\a\api\environment\regapiautomation\testdata\codexceptions\CODExceptions@Delete-Award-BN-21_22.data.json" -e "c:\agt6\_work\6\a\api\environment\regapiautomation\testdata\codexceptions\..\..\RegApiAutoEnvironment.postman_environment.json" -r junit,html --reporter-html-export "CODExceptions@Delete-Award-BN-21_22-Html.html" --reporter-junit-export "CODExceptions@Delete-Award-BN-21_22-Junit.xml"</StdOut>
          </Output>
          <ResultFiles>
            <ResultFile path="CLTBUILD23\CODExceptions@Delete-Award-BN-21_22-Html.html" />
            <ResultFile path="CLTBUILD23\CODExceptions@Delete-Award-BN-21_22-Junit.xml" />
          </ResultFiles>
        </UnitTestResult>
      </InnerResults>
    </TestResultAggregation>
    <TestResultAggregation executionId="f51cf7a5-90aa-4d7b-a241-f8ea6421a15e" testId="3de5438a-86da-4c0b-97e2-bd6edb28d276" testName="OT-06A-FISAP-HP-Ineligible-19_20" computerName="CLTBUILD23" duration="00:00:59.9974945" startTime="2021-04-12T08:42:50.8967756-04:00" endTime="2021-04-12T08:43:50.8998457-04:00" testType="ec4800e8-40e5-4ab3-8510-b8bf29b1904d" outcome="Passed" testListId="8c84fa94-04c1-424b-9868-57a2d4851a1d" relativeResultsDirectory="f51cf7a5-90aa-4d7b-a241-f8ea6421a15e">
      <InnerResults>
        <UnitTestResult executionId="fb612b58-7d5d-4e48-87c3-a8abbcd8e312" parentExecutionId="f51cf7a5-90aa-4d7b-a241-f8ea6421a15e" testId="63949dfa-66ca-4963-b072-72959d25bf67" testName="1- prereq-fisap-datacorrection@hp-ineligible-19_20-createstudent-generictest (OT-06A-FISAP-HP-Ineligible-19_20)" computerName="CLTBUILD23" duration="00:00:08.3101451" startTime="2021-04-12T08:42:50.9007824-04:00" endTime="2021-04-12T08:42:59.2134678-04:00" testType="13cdc9d9-ddb5-4fa4-a97d-d965ccfc6d4b" outcome="Passed" testListId="8c84fa94-04c1-424b-9868-57a2d4851a1d" relativeResultsDirectory="fb612b58-7d5d-4e48-87c3-a8abbcd8e312">
          <Output>
            <StdOut>C:\Agt6\_work\_temp\TestResults\c2kbuild_CLTBUILD23 2021-04-12 08_12_36\In\fb612b58-7d5d-4e48-87c3-a8abbcd8e312\CLTBUILD23&gt;if not defined TestLocation (set TestLocation=. ) &#xD;
&#xD;
C:\Agt6\_work\_temp\TestResults\c2kbuild_CLTBUILD23 2021-04-12 08_12_36\In\fb612b58-7d5d-4e48-87c3-a8abbcd8e312\CLTBUILD23&gt;set CollectionFileName=c:\agt6\_work\6\a\api\environment\regapiautomation\testdata\fisap-datacorrection\prereq-ineligible-19_20\..\..\..\..\..\PreReq\PreReq-CreateStudent.postman_collection.json &#xD;
&#xD;
C:\Agt6\_work\_temp\TestResults\c2kbuild_CLTBUILD23 2021-04-12 08_12_36\In\fb612b58-7d5d-4e48-87c3-a8abbcd8e312\CLTBUILD23&gt;set DataFileName=c:\agt6\_work\6\a\api\environment\regapiautomation\testdata\fisap-datacorrection\prereq-ineligible-19_20\PreReq-FISAP-DataCorrection@HP-Ineligible-19_20-CreateStudent.data.csv &#xD;
&#xD;
C:\Agt6\_work\_temp\TestResults\c2kbuild_CLTBUILD23 2021-04-12 08_12_36\In\fb612b58-7d5d-4e48-87c3-a8abbcd8e312\CLTBUILD23&gt;set EnvironmentFilePath=c:\agt6\_work\6\a\api\environment\regapiautomation\testdata\fisap-datacorrection\prereq-ineligible-19_20\..\..\..\RegApiAutoEnvironment.postman_environment.json &#xD;
&#xD;
C:\Agt6\_work\_temp\TestResults\c2kbuild_CLTBUILD23 2021-04-12 08_12_36\In\fb612b58-7d5d-4e48-87c3-a8abbcd8e312\CLTBUILD23&gt;set HtmlResultsFile=CreateStudent_Html.html &#xD;
&#xD;
C:\Agt6\_work\_temp\TestResults\c2kbuild_CLTBUILD23 2021-04-12 08_12_36\In\fb612b58-7d5d-4e48-87c3-a8abbcd8e312\CLTBUILD23&gt;set JunitResultsFile=CreateStudent_Junit.xml &#xD;
&#xD;
C:\Agt6\_work\_temp\TestResults\c2kbuild_CLTBUILD23 2021-04-12 08_12_36\In\fb612b58-7d5d-4e48-87c3-a8abbcd8e312\CLTBUILD23&gt;newman run "c:\agt6\_work\6\a\api\environment\regapiautomation\testdata\fisap-datacorrection\prereq-ineligible-19_20\..\..\..\..\..\PreReq\PreReq-CreateStudent.postman_collection.json" -k -d "c:\agt6\_work\6\a\api\environment\regapiautomation\testdata\fisap-datacorrection\prereq-ineligible-19_20\PreReq-FISAP-DataCorrection@HP-Ineligible-19_20-CreateStudent.data.csv" -e "c:\agt6\_work\6\a\api\environment\regapiautomation\testdata\fisap-datacorrection\prereq-ineligible-19_20\..\..\..\RegApiAutoEnvironment.postman_environment.json" -r junit,html --reporter-html-export "CreateStudent_Html.html" --reporter-junit-export "CreateStudent_Junit.xml"</StdOut>
          </Output>
          <ResultFiles>
            <ResultFile path="CLTBUILD23\CreateStudent_Html.html" />
            <ResultFile path="CLTBUILD23\CreateStudent_Junit.xml" />
          </ResultFiles>
        </UnitTestResult>
        <UnitTestResult executionId="47c1a033-bf00-4290-857f-9209f0780ffc" parentExecutionId="f51cf7a5-90aa-4d7b-a241-f8ea6421a15e" testId="940031ca-9d38-47ed-8c77-ad10f0c3c3d3" testName="2- prereq-fisap-datacorrection@hp-ineligible-19_20-enrollstudent-generictest (OT-06A-FISAP-HP-Ineligible-19_20)" computerName="CLTBUILD23" duration="00:00:12.3093499" startTime="2021-04-12T08:42:59.2144689-04:00" endTime="2021-04-12T08:43:11.5264105-04:00" testType="13cdc9d9-ddb5-4fa4-a97d-d965ccfc6d4b" outcome="Passed" testListId="8c84fa94-04c1-424b-9868-57a2d4851a1d" relativeResultsDirectory="47c1a033-bf00-4290-857f-9209f0780ffc">
          <Output>
            <StdOut>C:\Agt6\_work\_temp\TestResults\c2kbuild_CLTBUILD23 2021-04-12 08_12_36\In\47c1a033-bf00-4290-857f-9209f0780ffc\CLTBUILD23&gt;if not defined TestLocation (set TestLocation=. ) &#xD;
&#xD;
C:\Agt6\_work\_temp\TestResults\c2kbuild_CLTBUILD23 2021-04-12 08_12_36\In\47c1a033-bf00-4290-857f-9209f0780ffc\CLTBUILD23&gt;set CollectionFileName=c:\agt6\_work\6\a\api\environment\regapiautomation\testdata\fisap-datacorrection\prereq-ineligible-19_20\..\..\..\..\..\PreReq\PreReq-EnrollStudent.postman_collection.json &#xD;
&#xD;
C:\Agt6\_work\_temp\TestResults\c2kbuild_CLTBUILD23 2021-04-12 08_12_36\In\47c1a033-bf00-4290-857f-9209f0780ffc\CLTBUILD23&gt;set DataFileName=c:\agt6\_work\6\a\api\environment\regapiautomation\testdata\fisap-datacorrection\prereq-ineligible-19_20\PreReq-FISAP-DataCorrection@HP-Ineligible-19_20-EnrollStudent.data.csv &#xD;
&#xD;
C:\Agt6\_work\_temp\TestResults\c2kbuild_CLTBUILD23 2021-04-12 08_12_36\In\47c1a033-bf00-4290-857f-9209f0780ffc\CLTBUILD23&gt;set EnvironmentFilePath=c:\agt6\_work\6\a\api\environment\regapiautomation\testdata\fisap-datacorrection\prereq-ineligible-19_20\..\..\..\RegApiAutoEnvironment.postman_environment.json &#xD;
&#xD;
C:\Agt6\_work\_temp\TestResults\c2kbuild_CLTBUILD23 2021-04-12 08_12_36\In\47c1a033-bf00-4290-857f-9209f0780ffc\CLTBUILD23&gt;set HtmlResultsFile=Ineligible-19_20-EnrollStudent_Html.html &#xD;
&#xD;
C:\Agt6\_work\_temp\TestResults\c2kbuild_CLTBUILD23 2021-04-12 08_12_36\In\47c1a033-bf00-4290-857f-9209f0780ffc\CLTBUILD23&gt;set JunitResultsFile=Ineligible-19_20-EnrollStudent_Junit.xml &#xD;
&#xD;
C:\Agt6\_work\_temp\TestResults\c2kbuild_CLTBUILD23 2021-04-12 08_12_36\In\47c1a033-bf00-4290-857f-9209f0780ffc\CLTBUILD23&gt;newman run "c:\agt6\_work\6\a\api\environment\regapiautomation\testdata\fisap-datacorrection\prereq-ineligible-19_20\..\..\..\..\..\PreReq\PreReq-EnrollStudent.postman_collection.json" -k -d "c:\agt6\_work\6\a\api\environment\regapiautomation\testdata\fisap-datacorrection\prereq-ineligible-19_20\PreReq-FISAP-DataCorrection@HP-Ineligible-19_20-EnrollStudent.data.csv" -e "c:\agt6\_work\6\a\api\environment\regapiautomation\testdata\fisap-datacorrection\prereq-ineligible-19_20\..\..\..\RegApiAutoEnvironment.postman_environment.json" -r junit,html --reporter-html-export "Ineligible-19_20-EnrollStudent_Html.html" --reporter-junit-export "Ineligible-19_20-EnrollStudent_Junit.xml"</StdOut>
          </Output>
          <ResultFiles>
            <ResultFile path="CLTBUILD23\Ineligible-19_20-EnrollStudent_Html.html" />
            <ResultFile path="CLTBUILD23\Ineligible-19_20-EnrollStudent_Junit.xml" />
          </ResultFiles>
        </UnitTestResult>
        <UnitTestResult executionId="50579134-2145-44cb-863b-51742c0aa318" parentExecutionId="f51cf7a5-90aa-4d7b-a241-f8ea6421a15e" testId="4f7aa85e-1503-43df-a526-8c69881c0e50" testName="3- prereq-fisap-datacorrection@hp-ineligible-19_20-updatebudgetforacademicyearforpackaging-generictest (OT-06A-FISAP-HP-Ineligible-19_20)" computerName="CLTBUILD23" duration="00:00:08.7478336" startTime="2021-04-12T08:43:11.5274160-04:00" endTime="2021-04-12T08:43:20.2770236-04:00" testType="13cdc9d9-ddb5-4fa4-a97d-d965ccfc6d4b" outcome="Passed" testListId="8c84fa94-04c1-424b-9868-57a2d4851a1d" relativeResultsDirectory="50579134-2145-44cb-863b-51742c0aa318">
          <Output>
            <StdOut>C:\Agt6\_work\_temp\TestResults\c2kbuild_CLTBUILD23 2021-04-12 08_12_36\In\50579134-2145-44cb-863b-51742c0aa318\CLTBUILD23&gt;if not defined TestLocation (set TestLocation=. ) &#xD;
&#xD;
C:\Agt6\_work\_temp\TestResults\c2kbuild_CLTBUILD23 2021-04-12 08_12_36\In\50579134-2145-44cb-863b-51742c0aa318\CLTBUILD23&gt;set CollectionFileName=c:\agt6\_work\6\a\api\environment\regapiautomation\testdata\fisap-datacorrection\prereq-ineligible-19_20\..\..\..\..\..\PreReq\PreReq-UpdateBudgetForAcademicYearForPackaging.postman_collection.json &#xD;
&#xD;
C:\Agt6\_work\_temp\TestResults\c2kbuild_CLTBUILD23 2021-04-12 08_12_36\In\50579134-2145-44cb-863b-51742c0aa318\CLTBUILD23&gt;set DataFileName=c:\agt6\_work\6\a\api\environment\regapiautomation\testdata\fisap-datacorrection\prereq-ineligible-19_20\PreReq-FISAP-DataCorrection@HP-Ineligible-19_20-UpdateBudgetForAcademicYearForPackaging.data.csv &#xD;
&#xD;
C:\Agt6\_work\_temp\TestResults\c2kbuild_CLTBUILD23 2021-04-12 08_12_36\In\50579134-2145-44cb-863b-51742c0aa318\CLTBUILD23&gt;set EnvironmentFilePath=c:\agt6\_work\6\a\api\environment\regapiautomation\testdata\fisap-datacorrection\prereq-ineligible-19_20\..\..\..\RegApiAutoEnvironment.postman_environment.json &#xD;
&#xD;
C:\Agt6\_work\_temp\TestResults\c2kbuild_CLTBUILD23 2021-04-12 08_12_36\In\50579134-2145-44cb-863b-51742c0aa318\CLTBUILD23&gt;set HtmlResultsFile=Ineligible-19_20-UpdateBudgetForAcademicYearForPackaging_Html.html &#xD;
&#xD;
C:\Agt6\_work\_temp\TestResults\c2kbuild_CLTBUILD23 2021-04-12 08_12_36\In\50579134-2145-44cb-863b-51742c0aa318\CLTBUILD23&gt;set JunitResultsFile=Ineligible-19_20-UpdateBudgetForAcademicYearForPackaging_Junit.xml &#xD;
&#xD;
C:\Agt6\_work\_temp\TestResults\c2kbuild_CLTBUILD23 2021-04-12 08_12_36\In\50579134-2145-44cb-863b-51742c0aa318\CLTBUILD23&gt;newman run "c:\agt6\_work\6\a\api\environment\regapiautomation\testdata\fisap-datacorrection\prereq-ineligible-19_20\..\..\..\..\..\PreReq\PreReq-UpdateBudgetForAcademicYearForPackaging.postman_collection.json" -k -d "c:\agt6\_work\6\a\api\environment\regapiautomation\testdata\fisap-datacorrection\prereq-ineligible-19_20\PreReq-FISAP-DataCorrection@HP-Ineligible-19_20-UpdateBudgetForAcademicYearForPackaging.data.csv" -e "c:\agt6\_work\6\a\api\environment\regapiautomation\testdata\fisap-datacorrection\prereq-ineligible-19_20\..\..\..\RegApiAutoEnvironment.postman_environment.json" -r junit,html --reporter-html-export "Ineligible-19_20-UpdateBudgetForAcademicYearForPackaging_Html.html" --reporter-junit-export "Ineligible-19_20-UpdateBudgetForAcademicYearForPackaging_Junit.xml"</StdOut>
          </Output>
          <ResultFiles>
            <ResultFile path="CLTBUILD23\Ineligible-19_20-UpdateBudgetForAcademicYearForPackaging_Html.html" />
            <ResultFile path="CLTBUILD23\Ineligible-19_20-UpdateBudgetForAcademicYearForPackaging_Junit.xml" />
          </ResultFiles>
        </UnitTestResult>
        <UnitTestResult executionId="3ecb82ed-7aa0-47d0-bce0-6b532c864745" parentExecutionId="f51cf7a5-90aa-4d7b-a241-f8ea6421a15e" testId="269d72a6-4d2d-42ae-b3d0-50799caa3d51" testName="4- prereq-fisap-datacorrection@hp-ineligible-19_20-awardgrantorloanforpackaging-generictest (OT-06A-FISAP-HP-Ineligible-19_20)" computerName="CLTBUILD23" duration="00:00:09.1672439" startTime="2021-04-12T08:43:20.2780238-04:00" endTime="2021-04-12T08:43:29.4506220-04:00" testType="13cdc9d9-ddb5-4fa4-a97d-d965ccfc6d4b" outcome="Passed" testListId="8c84fa94-04c1-424b-9868-57a2d4851a1d" relativeResultsDirectory="3ecb82ed-7aa0-47d0-bce0-6b532c864745">
          <Output>
            <StdOut>C:\Agt6\_work\_temp\TestResults\c2kbuild_CLTBUILD23 2021-04-12 08_12_36\In\3ecb82ed-7aa0-47d0-bce0-6b532c864745\CLTBUILD23&gt;if not defined TestLocation (set TestLocation=. ) &#xD;
&#xD;
C:\Agt6\_work\_temp\TestResults\c2kbuild_CLTBUILD23 2021-04-12 08_12_36\In\3ecb82ed-7aa0-47d0-bce0-6b532c864745\CLTBUILD23&gt;set CollectionFileName=c:\agt6\_work\6\a\api\environment\regapiautomation\testdata\fisap-datacorrection\prereq-ineligible-19_20\..\..\..\..\..\PreReq\PreReq-AwardGrantOrLoanForPackaging.postman_collection.json &#xD;
&#xD;
C:\Agt6\_work\_temp\TestResults\c2kbuild_CLTBUILD23 2021-04-12 08_12_36\In\3ecb82ed-7aa0-47d0-bce0-6b532c864745\CLTBUILD23&gt;set DataFileName=c:\agt6\_work\6\a\api\environment\regapiautomation\testdata\fisap-datacorrection\prereq-ineligible-19_20\PreReq-FISAP-DataCorrection@HP-Ineligible-19_20-AwardGrantOrLoanForPackaging.data.csv &#xD;
&#xD;
C:\Agt6\_work\_temp\TestResults\c2kbuild_CLTBUILD23 2021-04-12 08_12_36\In\3ecb82ed-7aa0-47d0-bce0-6b532c864745\CLTBUILD23&gt;set EnvironmentFilePath=c:\agt6\_work\6\a\api\environment\regapiautomation\testdata\fisap-datacorrection\prereq-ineligible-19_20\..\..\..\RegApiAutoEnvironment.postman_environment.json &#xD;
&#xD;
C:\Agt6\_work\_temp\TestResults\c2kbuild_CLTBUILD23 2021-04-12 08_12_36\In\3ecb82ed-7aa0-47d0-bce0-6b532c864745\CLTBUILD23&gt;set HtmlResultsFile=Ineligible-19_20-AwardGrantOrLoanForPackaging_Html.html &#xD;
&#xD;
C:\Agt6\_work\_temp\TestResults\c2kbuild_CLTBUILD23 2021-04-12 08_12_36\In\3ecb82ed-7aa0-47d0-bce0-6b532c864745\CLTBUILD23&gt;set JunitResultsFile=Ineligible-19_20-AwardGrantOrLoanForPackaging_Junit.xml &#xD;
&#xD;
C:\Agt6\_work\_temp\TestResults\c2kbuild_CLTBUILD23 2021-04-12 08_12_36\In\3ecb82ed-7aa0-47d0-bce0-6b532c864745\CLTBUILD23&gt;newman run "c:\agt6\_work\6\a\api\environment\regapiautomation\testdata\fisap-datacorrection\prereq-ineligible-19_20\..\..\..\..\..\PreReq\PreReq-AwardGrantOrLoanForPackaging.postman_collection.json" -k -d "c:\agt6\_work\6\a\api\environment\regapiautomation\testdata\fisap-datacorrection\prereq-ineligible-19_20\PreReq-FISAP-DataCorrection@HP-Ineligible-19_20-AwardGrantOrLoanForPackaging.data.csv" -e "c:\agt6\_work\6\a\api\environment\regapiautomation\testdata\fisap-datacorrection\prereq-ineligible-19_20\..\..\..\RegApiAutoEnvironment.postman_environment.json" -r junit,html --reporter-html-export "Ineligible-19_20-AwardGrantOrLoanForPackaging_Html.html" --reporter-junit-export "Ineligible-19_20-AwardGrantOrLoanForPackaging_Junit.xml"</StdOut>
          </Output>
          <ResultFiles>
            <ResultFile path="CLTBUILD23\Ineligible-19_20-AwardGrantOrLoanForPackaging_Html.html" />
            <ResultFile path="CLTBUILD23\Ineligible-19_20-AwardGrantOrLoanForPackaging_Junit.xml" />
          </ResultFiles>
        </UnitTestResult>
        <UnitTestResult executionId="ecac6326-733a-4910-88f5-50f8d485ba10" parentExecutionId="f51cf7a5-90aa-4d7b-a241-f8ea6421a15e" testId="d638d69b-0179-48df-b10c-83bcec97ae96" testName="5- prereq-fisap-datacorrection@hp-ineligible-19_20-postpaymentledgercard-generictest (OT-06A-FISAP-HP-Ineligible-19_20)" computerName="CLTBUILD23" duration="00:00:07.8287640" startTime="2021-04-12T08:43:29.4516231-04:00" endTime="2021-04-12T08:43:37.2830907-04:00" testType="13cdc9d9-ddb5-4fa4-a97d-d965ccfc6d4b" outcome="Passed" testListId="8c84fa94-04c1-424b-9868-57a2d4851a1d" relativeResultsDirectory="ecac6326-733a-4910-88f5-50f8d485ba10">
          <Output>
            <StdOut>C:\Agt6\_work\_temp\TestResults\c2kbuild_CLTBUILD23 2021-04-12 08_12_36\In\ecac6326-733a-4910-88f5-50f8d485ba10\CLTBUILD23&gt;if not defined TestLocation (set TestLocation=. ) &#xD;
&#xD;
C:\Agt6\_work\_temp\TestResults\c2kbuild_CLTBUILD23 2021-04-12 08_12_36\In\ecac6326-733a-4910-88f5-50f8d485ba10\CLTBUILD23&gt;set CollectionFileName=c:\agt6\_work\6\a\api\environment\regapiautomation\testdata\fisap-datacorrection\prereq-ineligible-19_20\..\..\..\..\..\PreReq\PreReq-PostPaymentLedgerCard.postman_collection.json &#xD;
&#xD;
C:\Agt6\_work\_temp\TestResults\c2kbuild_CLTBUILD23 2021-04-12 08_12_36\In\ecac6326-733a-4910-88f5-50f8d485ba10\CLTBUILD23&gt;set DataFileName=c:\agt6\_work\6\a\api\environment\regapiautomation\testdata\fisap-datacorrection\prereq-ineligible-19_20\PreReq-FISAP-DataCorrection@HP-Ineligible-19_20-PostPaymentLedgerCard.data.json &#xD;
&#xD;
C:\Agt6\_work\_temp\TestResults\c2kbuild_CLTBUILD23 2021-04-12 08_12_36\In\ecac6326-733a-4910-88f5-50f8d485ba10\CLTBUILD23&gt;set EnvironmentFilePath=c:\agt6\_work\6\a\api\environment\regapiautomation\testdata\fisap-datacorrection\prereq-ineligible-19_20\..\..\..\RegApiAutoEnvironment.postman_environment.json &#xD;
&#xD;
C:\Agt6\_work\_temp\TestResults\c2kbuild_CLTBUILD23 2021-04-12 08_12_36\In\ecac6326-733a-4910-88f5-50f8d485ba10\CLTBUILD23&gt;set HtmlResultsFile=Ineligible-19_20-PostPaymentLedgerCard_Html.html &#xD;
&#xD;
C:\Agt6\_work\_temp\TestResults\c2kbuild_CLTBUILD23 2021-04-12 08_12_36\In\ecac6326-733a-4910-88f5-50f8d485ba10\CLTBUILD23&gt;set JunitResultsFile=Ineligible-19_20-PostPaymentLdegerCard_Junit.xml &#xD;
&#xD;
C:\Agt6\_work\_temp\TestResults\c2kbuild_CLTBUILD23 2021-04-12 08_12_36\In\ecac6326-733a-4910-88f5-50f8d485ba10\CLTBUILD23&gt;newman run "c:\agt6\_work\6\a\api\environment\regapiautomation\testdata\fisap-datacorrection\prereq-ineligible-19_20\..\..\..\..\..\PreReq\PreReq-PostPaymentLedgerCard.postman_collection.json" -k -d "c:\agt6\_work\6\a\api\environment\regapiautomation\testdata\fisap-datacorrection\prereq-ineligible-19_20\PreReq-FISAP-DataCorrection@HP-Ineligible-19_20-PostPaymentLedgerCard.data.json" -e "c:\agt6\_work\6\a\api\environment\regapiautomation\testdata\fisap-datacorrection\prereq-ineligible-19_20\..\..\..\RegApiAutoEnvironment.postman_environment.json" -r junit,html --reporter-html-export "Ineligible-19_20-PostPaymentLedgerCard_Html.html" --reporter-junit-export "Ineligible-19_20-PostPaymentLdegerCard_Junit.xml"</StdOut>
          </Output>
          <ResultFiles>
            <ResultFile path="CLTBUILD23\Ineligible-19_20-PostPaymentLdegerCard_Junit.xml" />
            <ResultFile path="CLTBUILD23\Ineligible-19_20-PostPaymentLedgerCard_Html.html" />
          </ResultFiles>
        </UnitTestResult>
        <UnitTestResult executionId="993570f2-6d0a-4d94-8882-c46a86f1ad87" parentExecutionId="f51cf7a5-90aa-4d7b-a241-f8ea6421a15e" testId="e13b72df-1d4f-4c6b-aacb-4715c10aa389" testName="6- prereq-fisap-datacorrection@hp-ineligible-19_20-graduatestudentstatus-generictest (OT-06A-FISAP-HP-Ineligible-19_20)" computerName="CLTBUILD23" duration="00:00:06.7785575" startTime="2021-04-12T08:43:37.2880918-04:00" endTime="2021-04-12T08:43:44.0844863-04:00" testType="13cdc9d9-ddb5-4fa4-a97d-d965ccfc6d4b" outcome="Passed" testListId="8c84fa94-04c1-424b-9868-57a2d4851a1d" relativeResultsDirectory="993570f2-6d0a-4d94-8882-c46a86f1ad87">
          <Output>
            <StdOut>C:\Agt6\_work\_temp\TestResults\c2kbuild_CLTBUILD23 2021-04-12 08_12_36\In\993570f2-6d0a-4d94-8882-c46a86f1ad87\CLTBUILD23&gt;if not defined TestLocation (set TestLocation=. ) &#xD;
&#xD;
C:\Agt6\_work\_temp\TestResults\c2kbuild_CLTBUILD23 2021-04-12 08_12_36\In\993570f2-6d0a-4d94-8882-c46a86f1ad87\CLTBUILD23&gt;set CollectionFileName=c:\agt6\_work\6\a\api\environment\regapiautomation\testdata\fisap-datacorrection\prereq-ineligible-19_20\..\..\..\..\..\PreReq\PreReq-GraduateStudentStatus.postman_collection.json &#xD;
&#xD;
C:\Agt6\_work\_temp\TestResults\c2kbuild_CLTBUILD23 2021-04-12 08_12_36\In\993570f2-6d0a-4d94-8882-c46a86f1ad87\CLTBUILD23&gt;set DataFileName=c:\agt6\_work\6\a\api\environment\regapiautomation\testdata\fisap-datacorrection\prereq-ineligible-19_20\PreReq-FISAP-DataCorrection@HP-Ineligible-19_20-GraduateStudentStatus.data.json &#xD;
&#xD;
C:\Agt6\_work\_temp\TestResults\c2kbuild_CLTBUILD23 2021-04-12 08_12_36\In\993570f2-6d0a-4d94-8882-c46a86f1ad87\CLTBUILD23&gt;set EnvironmentFilePath=c:\agt6\_work\6\a\api\environment\regapiautomation\testdata\fisap-datacorrection\prereq-ineligible-19_20\..\..\..\RegApiAutoEnvironment.postman_environment.json &#xD;
&#xD;
C:\Agt6\_work\_temp\TestResults\c2kbuild_CLTBUILD23 2021-04-12 08_12_36\In\993570f2-6d0a-4d94-8882-c46a86f1ad87\CLTBUILD23&gt;set HtmlResultsFile=PreReq-FISAP-DataCorrection@HP-Ineligible-19_20-GraduateStudentStatus_Html.html &#xD;
&#xD;
C:\Agt6\_work\_temp\TestResults\c2kbuild_CLTBUILD23 2021-04-12 08_12_36\In\993570f2-6d0a-4d94-8882-c46a86f1ad87\CLTBUILD23&gt;set JunitResultsFile=PreReq-FISAP-DataCorrection@HP-Ineligible-19_20-GraduateStudentStatus_Junit.xml &#xD;
&#xD;
C:\Agt6\_work\_temp\TestResults\c2kbuild_CLTBUILD23 2021-04-12 08_12_36\In\993570f2-6d0a-4d94-8882-c46a86f1ad87\CLTBUILD23&gt;newman run "c:\agt6\_work\6\a\api\environment\regapiautomation\testdata\fisap-datacorrection\prereq-ineligible-19_20\..\..\..\..\..\PreReq\PreReq-GraduateStudentStatus.postman_collection.json" -k -d "c:\agt6\_work\6\a\api\environment\regapiautomation\testdata\fisap-datacorrection\prereq-ineligible-19_20\PreReq-FISAP-DataCorrection@HP-Ineligible-19_20-GraduateStudentStatus.data.json" -e "c:\agt6\_work\6\a\api\environment\regapiautomation\testdata\fisap-datacorrection\prereq-ineligible-19_20\..\..\..\RegApiAutoEnvironment.postman_environment.json" -r junit,html --reporter-html-export "PreReq-FISAP-DataCorrection@HP-Ineligible-19_20-GraduateStudentStatus_Html.html" --reporter-junit-export "PreReq-FISAP-DataCorrection@HP-Ineligible-19_20-GraduateStudentStatus_Junit.xml"</StdOut>
          </Output>
          <ResultFiles>
            <ResultFile path="CLTBUILD23\PreReq-FISAP-DataCorrection@HP-Ineligible-19_20-GraduateStudentStatus_Html.html" />
            <ResultFile path="CLTBUILD23\PreReq-FISAP-DataCorrection@HP-Ineligible-19_20-GraduateStudentStatus_Junit.xml" />
          </ResultFiles>
        </UnitTestResult>
        <UnitTestResult executionId="39f5e03b-55eb-4d76-9a71-6622c1f42d63" parentExecutionId="f51cf7a5-90aa-4d7b-a241-f8ea6421a15e" testId="6b4cbff4-5f06-4e25-aa39-ec3ab47eda15" testName="7- fisap-datacorrection@hp-ineligible-19_20-generictest (OT-06A-FISAP-HP-Ineligible-19_20)" computerName="CLTBUILD23" duration="00:00:06.8102964" startTime="2021-04-12T08:43:44.0844863-04:00" endTime="2021-04-12T08:43:50.8978466-04:00" testType="13cdc9d9-ddb5-4fa4-a97d-d965ccfc6d4b" outcome="Passed" testListId="8c84fa94-04c1-424b-9868-57a2d4851a1d" relativeResultsDirectory="39f5e03b-55eb-4d76-9a71-6622c1f42d63">
          <Output>
            <StdOut>C:\Agt6\_work\_temp\TestResults\c2kbuild_CLTBUILD23 2021-04-12 08_12_36\In\39f5e03b-55eb-4d76-9a71-6622c1f42d63\CLTBUILD23&gt;if not defined TestLocation (set TestLocation=. ) &#xD;
&#xD;
C:\Agt6\_work\_temp\TestResults\c2kbuild_CLTBUILD23 2021-04-12 08_12_36\In\39f5e03b-55eb-4d76-9a71-6622c1f42d63\CLTBUILD23&gt;set CollectionFileName=c:\agt6\_work\6\a\api\environment\regapiautomation\testdata\fisap-datacorrection\..\..\..\..\Tests\FISAP-DataCorrection\FISAP-DataCorrection@HP-Ineligible-19_20.postman_collection.json &#xD;
&#xD;
C:\Agt6\_work\_temp\TestResults\c2kbuild_CLTBUILD23 2021-04-12 08_12_36\In\39f5e03b-55eb-4d76-9a71-6622c1f42d63\CLTBUILD23&gt;set DataFileName=c:\agt6\_work\6\a\api\environment\regapiautomation\testdata\fisap-datacorrection\FISAP-DataCorrection@HP-Ineligible-19_20.data.json &#xD;
&#xD;
C:\Agt6\_work\_temp\TestResults\c2kbuild_CLTBUILD23 2021-04-12 08_12_36\In\39f5e03b-55eb-4d76-9a71-6622c1f42d63\CLTBUILD23&gt;set EnvironmentFilePath=c:\agt6\_work\6\a\api\environment\regapiautomation\testdata\fisap-datacorrection\..\..\RegApiAutoEnvironment.postman_environment.json &#xD;
&#xD;
C:\Agt6\_work\_temp\TestResults\c2kbuild_CLTBUILD23 2021-04-12 08_12_36\In\39f5e03b-55eb-4d76-9a71-6622c1f42d63\CLTBUILD23&gt;set HtmlResultsFile=FISAP-DataCorrection@HP-Ineligible-Html.html &#xD;
&#xD;
C:\Agt6\_work\_temp\TestResults\c2kbuild_CLTBUILD23 2021-04-12 08_12_36\In\39f5e03b-55eb-4d76-9a71-6622c1f42d63\CLTBUILD23&gt;set JunitResultsFile=FISAP-DataCorrection@HP-Ineligible-Junit.xml &#xD;
&#xD;
C:\Agt6\_work\_temp\TestResults\c2kbuild_CLTBUILD23 2021-04-12 08_12_36\In\39f5e03b-55eb-4d76-9a71-6622c1f42d63\CLTBUILD23&gt;newman run "c:\agt6\_work\6\a\api\environment\regapiautomation\testdata\fisap-datacorrection\..\..\..\..\Tests\FISAP-DataCorrection\FISAP-DataCorrection@HP-Ineligible-19_20.postman_collection.json" -k -d "c:\agt6\_work\6\a\api\environment\regapiautomation\testdata\fisap-datacorrection\FISAP-DataCorrection@HP-Ineligible-19_20.data.json" -e "c:\agt6\_work\6\a\api\environment\regapiautomation\testdata\fisap-datacorrection\..\..\RegApiAutoEnvironment.postman_environment.json" -r junit,html --reporter-html-export "FISAP-DataCorrection@HP-Ineligible-Html.html" --reporter-junit-export "FISAP-DataCorrection@HP-Ineligible-Junit.xml"</StdOut>
          </Output>
          <ResultFiles>
            <ResultFile path="CLTBUILD23\FISAP-DataCorrection@HP-Ineligible-Html.html" />
            <ResultFile path="CLTBUILD23\FISAP-DataCorrection@HP-Ineligible-Junit.xml" />
          </ResultFiles>
        </UnitTestResult>
      </InnerResults>
    </TestResultAggregation>
    <TestResultAggregation executionId="340d93fe-f399-44c9-99a8-4a2e57db64d8" testId="29418676-9732-447c-92af-6d4139c13799" testName="OT-06I-FISAP-ColumnC-20_21" computerName="CLTBUILD23" duration="00:00:50.6343900" startTime="2021-04-12T08:50:36.9234400-04:00" endTime="2021-04-12T08:51:27.5535156-04:00" testType="ec4800e8-40e5-4ab3-8510-b8bf29b1904d" outcome="Passed" testListId="8c84fa94-04c1-424b-9868-57a2d4851a1d" relativeResultsDirectory="340d93fe-f399-44c9-99a8-4a2e57db64d8">
      <InnerResults>
        <UnitTestResult executionId="6c0d1be1-3255-4fdc-9238-9f68f5fee32e" parentExecutionId="340d93fe-f399-44c9-99a8-4a2e57db64d8" testId="ad3701cc-1f08-499d-b55e-ae01034b842f" testName="1- prereq-fisap-datacorrection@columnc-20_21-createstudent-generictest (OT-06I-FISAP-ColumnC-20_21)" computerName="CLTBUILD23" duration="00:00:08.7322347" startTime="2021-04-12T08:50:36.9244388-04:00" endTime="2021-04-12T08:50:45.6619317-04:00" testType="13cdc9d9-ddb5-4fa4-a97d-d965ccfc6d4b" outcome="Passed" testListId="8c84fa94-04c1-424b-9868-57a2d4851a1d" relativeResultsDirectory="6c0d1be1-3255-4fdc-9238-9f68f5fee32e">
          <Output>
            <StdOut>C:\Agt6\_work\_temp\TestResults\c2kbuild_CLTBUILD23 2021-04-12 08_12_36\In\6c0d1be1-3255-4fdc-9238-9f68f5fee32e\CLTBUILD23&gt;if not defined TestLocation (set TestLocation=. ) &#xD;
&#xD;
C:\Agt6\_work\_temp\TestResults\c2kbuild_CLTBUILD23 2021-04-12 08_12_36\In\6c0d1be1-3255-4fdc-9238-9f68f5fee32e\CLTBUILD23&gt;set CollectionFileName=c:\agt6\_work\6\a\api\environment\regapiautomation\testdata\fisap-datacorrection\prereq-columnc-20-21\..\..\..\..\..\PreReq\PreReq-CreateStudent.postman_collection.json &#xD;
&#xD;
C:\Agt6\_work\_temp\TestResults\c2kbuild_CLTBUILD23 2021-04-12 08_12_36\In\6c0d1be1-3255-4fdc-9238-9f68f5fee32e\CLTBUILD23&gt;set DataFileName=c:\agt6\_work\6\a\api\environment\regapiautomation\testdata\fisap-datacorrection\prereq-columnc-20-21\PreReq-FISAP-DataCorrection@ColumnC-20_21-CreateStudent.data.csv &#xD;
&#xD;
C:\Agt6\_work\_temp\TestResults\c2kbuild_CLTBUILD23 2021-04-12 08_12_36\In\6c0d1be1-3255-4fdc-9238-9f68f5fee32e\CLTBUILD23&gt;set EnvironmentFilePath=c:\agt6\_work\6\a\api\environment\regapiautomation\testdata\fisap-datacorrection\prereq-columnc-20-21\..\..\..\RegApiAutoEnvironment.postman_environment.json &#xD;
&#xD;
C:\Agt6\_work\_temp\TestResults\c2kbuild_CLTBUILD23 2021-04-12 08_12_36\In\6c0d1be1-3255-4fdc-9238-9f68f5fee32e\CLTBUILD23&gt;set HtmlResultsFile=CreateStudent_Html.html &#xD;
&#xD;
C:\Agt6\_work\_temp\TestResults\c2kbuild_CLTBUILD23 2021-04-12 08_12_36\In\6c0d1be1-3255-4fdc-9238-9f68f5fee32e\CLTBUILD23&gt;set JunitResultsFile=CreateStudent_Junit.xml &#xD;
&#xD;
C:\Agt6\_work\_temp\TestResults\c2kbuild_CLTBUILD23 2021-04-12 08_12_36\In\6c0d1be1-3255-4fdc-9238-9f68f5fee32e\CLTBUILD23&gt;newman run "c:\agt6\_work\6\a\api\environment\regapiautomation\testdata\fisap-datacorrection\prereq-columnc-20-21\..\..\..\..\..\PreReq\PreReq-CreateStudent.postman_collection.json" -k -d "c:\agt6\_work\6\a\api\environment\regapiautomation\testdata\fisap-datacorrection\prereq-columnc-20-21\PreReq-FISAP-DataCorrection@ColumnC-20_21-CreateStudent.data.csv" -e "c:\agt6\_work\6\a\api\environment\regapiautomation\testdata\fisap-datacorrection\prereq-columnc-20-21\..\..\..\RegApiAutoEnvironment.postman_environment.json" -r junit,html --reporter-html-export "CreateStudent_Html.html" --reporter-junit-export "CreateStudent_Junit.xml"</StdOut>
          </Output>
          <ResultFiles>
            <ResultFile path="CLTBUILD23\CreateStudent_Html.html" />
            <ResultFile path="CLTBUILD23\CreateStudent_Junit.xml" />
          </ResultFiles>
        </UnitTestResult>
        <UnitTestResult executionId="571b1db2-abf4-4fdc-88a8-3ed35d225eaf" parentExecutionId="340d93fe-f399-44c9-99a8-4a2e57db64d8" testId="5f4b2f19-4bb8-4014-acea-809ce0ac81a6" testName="2- prereq-fisap-datacorrection@columnc-20_21-importisir-generictest (OT-06I-FISAP-ColumnC-20_21)" computerName="CLTBUILD23" duration="00:00:08.3167254" startTime="2021-04-12T08:50:45.6629341-04:00" endTime="2021-04-12T08:50:53.9814549-04:00" testType="13cdc9d9-ddb5-4fa4-a97d-d965ccfc6d4b" outcome="Passed" testListId="8c84fa94-04c1-424b-9868-57a2d4851a1d" relativeResultsDirectory="571b1db2-abf4-4fdc-88a8-3ed35d225eaf">
          <Output>
            <StdOut>C:\Agt6\_work\_temp\TestResults\c2kbuild_CLTBUILD23 2021-04-12 08_12_36\In\571b1db2-abf4-4fdc-88a8-3ed35d225eaf\CLTBUILD23&gt;if not defined TestLocation (set TestLocation=. ) &#xD;
&#xD;
C:\Agt6\_work\_temp\TestResults\c2kbuild_CLTBUILD23 2021-04-12 08_12_36\In\571b1db2-abf4-4fdc-88a8-3ed35d225eaf\CLTBUILD23&gt;set CollectionFileName=c:\agt6\_work\6\a\api\environment\regapiautomation\testdata\fisap-datacorrection\prereq-columnc-20-21\..\..\..\..\..\PreReq\PreReq-ImportIsir.postman_collection.json &#xD;
&#xD;
C:\Agt6\_work\_temp\TestResults\c2kbuild_CLTBUILD23 2021-04-12 08_12_36\In\571b1db2-abf4-4fdc-88a8-3ed35d225eaf\CLTBUILD23&gt;set DataFileName=c:\agt6\_work\6\a\api\environment\regapiautomation\testdata\fisap-datacorrection\prereq-columnc-20-21\PreReq-FISAP-DataCorrection@ColumnC-20_21-ImportIsir.data.json &#xD;
&#xD;
C:\Agt6\_work\_temp\TestResults\c2kbuild_CLTBUILD23 2021-04-12 08_12_36\In\571b1db2-abf4-4fdc-88a8-3ed35d225eaf\CLTBUILD23&gt;set EnvironmentFilePath=c:\agt6\_work\6\a\api\environment\regapiautomation\testdata\fisap-datacorrection\prereq-columnc-20-21\..\..\..\RegApiAutoEnvironment.postman_environment.json &#xD;
&#xD;
C:\Agt6\_work\_temp\TestResults\c2kbuild_CLTBUILD23 2021-04-12 08_12_36\In\571b1db2-abf4-4fdc-88a8-3ed35d225eaf\CLTBUILD23&gt;set HtmlResultsFile=ImportIsir_Html.html &#xD;
&#xD;
C:\Agt6\_work\_temp\TestResults\c2kbuild_CLTBUILD23 2021-04-12 08_12_36\In\571b1db2-abf4-4fdc-88a8-3ed35d225eaf\CLTBUILD23&gt;set JunitResultsFile=ImportIsir_Junit.xml &#xD;
&#xD;
C:\Agt6\_work\_temp\TestResults\c2kbuild_CLTBUILD23 2021-04-12 08_12_36\In\571b1db2-abf4-4fdc-88a8-3ed35d225eaf\CLTBUILD23&gt;newman run "c:\agt6\_work\6\a\api\environment\regapiautomation\testdata\fisap-datacorrection\prereq-columnc-20-21\..\..\..\..\..\PreReq\PreReq-ImportIsir.postman_collection.json" -k -d "c:\agt6\_work\6\a\api\environment\regapiautomation\testdata\fisap-datacorrection\prereq-columnc-20-21\PreReq-FISAP-DataCorrection@ColumnC-20_21-ImportIsir.data.json" -e "c:\agt6\_work\6\a\api\environment\regapiautomation\testdata\fisap-datacorrection\prereq-columnc-20-21\..\..\..\RegApiAutoEnvironment.postman_environment.json" -r junit,html --reporter-html-export "ImportIsir_Html.html" --reporter-junit-export "ImportIsir_Junit.xml"</StdOut>
          </Output>
          <ResultFiles>
            <ResultFile path="CLTBUILD23\ImportIsir_Html.html" />
            <ResultFile path="CLTBUILD23\ImportIsir_Junit.xml" />
          </ResultFiles>
        </UnitTestResult>
        <UnitTestResult executionId="347c77b6-eca7-4dfb-9c72-a2266eac7e41" parentExecutionId="340d93fe-f399-44c9-99a8-4a2e57db64d8" testId="4d2afcc2-151c-4d56-82f1-f055bd334530" testName="3- prereq-fisap-datacorrection@columnc-20_21-enrollstudent-generictest (OT-06I-FISAP-ColumnC-20_21)" computerName="CLTBUILD23" duration="00:00:12.7732194" startTime="2021-04-12T08:50:53.9824532-04:00" endTime="2021-04-12T08:51:06.7557152-04:00" testType="13cdc9d9-ddb5-4fa4-a97d-d965ccfc6d4b" outcome="Passed" testListId="8c84fa94-04c1-424b-9868-57a2d4851a1d" relativeResultsDirectory="347c77b6-eca7-4dfb-9c72-a2266eac7e41">
          <Output>
            <StdOut>C:\Agt6\_work\_temp\TestResults\c2kbuild_CLTBUILD23 2021-04-12 08_12_36\In\347c77b6-eca7-4dfb-9c72-a2266eac7e41\CLTBUILD23&gt;if not defined TestLocation (set TestLocation=. ) &#xD;
&#xD;
C:\Agt6\_work\_temp\TestResults\c2kbuild_CLTBUILD23 2021-04-12 08_12_36\In\347c77b6-eca7-4dfb-9c72-a2266eac7e41\CLTBUILD23&gt;set CollectionFileName=c:\agt6\_work\6\a\api\environment\regapiautomation\testdata\fisap-datacorrection\prereq-columnc-20-21\..\..\..\..\..\PreReq\PreReq-EnrollStudent.postman_collection.json &#xD;
&#xD;
C:\Agt6\_work\_temp\TestResults\c2kbuild_CLTBUILD23 2021-04-12 08_12_36\In\347c77b6-eca7-4dfb-9c72-a2266eac7e41\CLTBUILD23&gt;set DataFileName=c:\agt6\_work\6\a\api\environment\regapiautomation\testdata\fisap-datacorrection\prereq-columnc-20-21\PreReq-FISAP-DataCorrection@ColumnC-20_21-EnrollStudent.data.csv &#xD;
&#xD;
C:\Agt6\_work\_temp\TestResults\c2kbuild_CLTBUILD23 2021-04-12 08_12_36\In\347c77b6-eca7-4dfb-9c72-a2266eac7e41\CLTBUILD23&gt;set EnvironmentFilePath=c:\agt6\_work\6\a\api\environment\regapiautomation\testdata\fisap-datacorrection\prereq-columnc-20-21\..\..\..\RegApiAutoEnvironment.postman_environment.json &#xD;
&#xD;
C:\Agt6\_work\_temp\TestResults\c2kbuild_CLTBUILD23 2021-04-12 08_12_36\In\347c77b6-eca7-4dfb-9c72-a2266eac7e41\CLTBUILD23&gt;set HtmlResultsFile=NoClasses-EnrollStudent_Html.html &#xD;
&#xD;
C:\Agt6\_work\_temp\TestResults\c2kbuild_CLTBUILD23 2021-04-12 08_12_36\In\347c77b6-eca7-4dfb-9c72-a2266eac7e41\CLTBUILD23&gt;set JunitResultsFile=NoClasses-EnrollStudent_Junit.xml &#xD;
&#xD;
C:\Agt6\_work\_temp\TestResults\c2kbuild_CLTBUILD23 2021-04-12 08_12_36\In\347c77b6-eca7-4dfb-9c72-a2266eac7e41\CLTBUILD23&gt;newman run "c:\agt6\_work\6\a\api\environment\regapiautomation\testdata\fisap-datacorrection\prereq-columnc-20-21\..\..\..\..\..\PreReq\PreReq-EnrollStudent.postman_collection.json" -k -d "c:\agt6\_work\6\a\api\environment\regapiautomation\testdata\fisap-datacorrection\prereq-columnc-20-21\PreReq-FISAP-DataCorrection@ColumnC-20_21-EnrollStudent.data.csv" -e "c:\agt6\_work\6\a\api\environment\regapiautomation\testdata\fisap-datacorrection\prereq-columnc-20-21\..\..\..\RegApiAutoEnvironment.postman_environment.json" -r junit,html --reporter-html-export "NoClasses-EnrollStudent_Html.html" --reporter-junit-export "NoClasses-EnrollStudent_Junit.xml"</StdOut>
          </Output>
          <ResultFiles>
            <ResultFile path="CLTBUILD23\NoClasses-EnrollStudent_Html.html" />
            <ResultFile path="CLTBUILD23\NoClasses-EnrollStudent_Junit.xml" />
          </ResultFiles>
        </UnitTestResult>
        <UnitTestResult executionId="e7ec907b-8185-4d03-a30b-94dadf3ebaa0" parentExecutionId="340d93fe-f399-44c9-99a8-4a2e57db64d8" testId="f0b1afb7-c057-4784-b431-4dd19270bc62" testName="4- prereq-fisap-datacorrection@columnc-20_21-registerclassandpostattendance-generictest (OT-06I-FISAP-ColumnC-20_21)" computerName="CLTBUILD23" duration="00:00:07.9819946" startTime="2021-04-12T08:51:06.7567145-04:00" endTime="2021-04-12T08:51:14.7392522-04:00" testType="13cdc9d9-ddb5-4fa4-a97d-d965ccfc6d4b" outcome="Passed" testListId="8c84fa94-04c1-424b-9868-57a2d4851a1d" relativeResultsDirectory="e7ec907b-8185-4d03-a30b-94dadf3ebaa0">
          <Output>
            <StdOut>C:\Agt6\_work\_temp\TestResults\c2kbuild_CLTBUILD23 2021-04-12 08_12_36\In\e7ec907b-8185-4d03-a30b-94dadf3ebaa0\CLTBUILD23&gt;if not defined TestLocation (set TestLocation=. ) &#xD;
&#xD;
C:\Agt6\_work\_temp\TestResults\c2kbuild_CLTBUILD23 2021-04-12 08_12_36\In\e7ec907b-8185-4d03-a30b-94dadf3ebaa0\CLTBUILD23&gt;set CollectionFileName=c:\agt6\_work\6\a\api\environment\regapiautomation\testdata\fisap-datacorrection\prereq-columnc-20-21\..\..\..\..\..\PreReq\PreReq-RegisterClassAndPostAttendanceForStudent.postman_collection.json &#xD;
&#xD;
C:\Agt6\_work\_temp\TestResults\c2kbuild_CLTBUILD23 2021-04-12 08_12_36\In\e7ec907b-8185-4d03-a30b-94dadf3ebaa0\CLTBUILD23&gt;set DataFileName=c:\agt6\_work\6\a\api\environment\regapiautomation\testdata\fisap-datacorrection\prereq-columnc-20-21\PreReq-FISAP-DataCorrection@ColumnC-20_21-RegisterClassAndPostAttendance.csv &#xD;
&#xD;
C:\Agt6\_work\_temp\TestResults\c2kbuild_CLTBUILD23 2021-04-12 08_12_36\In\e7ec907b-8185-4d03-a30b-94dadf3ebaa0\CLTBUILD23&gt;set EnvironmentFilePath=c:\agt6\_work\6\a\api\environment\regapiautomation\testdata\fisap-datacorrection\prereq-columnc-20-21\..\..\..\RegApiAutoEnvironment.postman_environment.json &#xD;
&#xD;
C:\Agt6\_work\_temp\TestResults\c2kbuild_CLTBUILD23 2021-04-12 08_12_36\In\e7ec907b-8185-4d03-a30b-94dadf3ebaa0\CLTBUILD23&gt;set HtmlResultsFile=PreReq-RegisterClassAndPostAttendance_Html.html &#xD;
&#xD;
C:\Agt6\_work\_temp\TestResults\c2kbuild_CLTBUILD23 2021-04-12 08_12_36\In\e7ec907b-8185-4d03-a30b-94dadf3ebaa0\CLTBUILD23&gt;set JunitResultsFile=PreReq-RegisterClassAndPostAttendance_Junit.xml &#xD;
&#xD;
C:\Agt6\_work\_temp\TestResults\c2kbuild_CLTBUILD23 2021-04-12 08_12_36\In\e7ec907b-8185-4d03-a30b-94dadf3ebaa0\CLTBUILD23&gt;newman run "c:\agt6\_work\6\a\api\environment\regapiautomation\testdata\fisap-datacorrection\prereq-columnc-20-21\..\..\..\..\..\PreReq\PreReq-RegisterClassAndPostAttendanceForStudent.postman_collection.json" -k -d "c:\agt6\_work\6\a\api\environment\regapiautomation\testdata\fisap-datacorrection\prereq-columnc-20-21\PreReq-FISAP-DataCorrection@ColumnC-20_21-RegisterClassAndPostAttendance.csv" -e "c:\agt6\_work\6\a\api\environment\regapiautomation\testdata\fisap-datacorrection\prereq-columnc-20-21\..\..\..\RegApiAutoEnvironment.postman_environment.json" -r junit,html --reporter-html-export "PreReq-RegisterClassAndPostAttendance_Html.html" --reporter-junit-export "PreReq-RegisterClassAndPostAttendance_Junit.xml"</StdOut>
          </Output>
          <ResultFiles>
            <ResultFile path="CLTBUILD23\PreReq-RegisterClassAndPostAttendance_Html.html" />
            <ResultFile path="CLTBUILD23\PreReq-RegisterClassAndPostAttendance_Junit.xml" />
          </ResultFiles>
        </UnitTestResult>
        <UnitTestResult executionId="b3589a04-9dee-470f-9ad3-18193d43888f" parentExecutionId="340d93fe-f399-44c9-99a8-4a2e57db64d8" testId="faa5020b-0ff6-40e1-a387-ec9cfaebac47" testName="5- prereq-fisap-datacorrection@columnc-20_21-changestudentstatus-generictest (OT-06I-FISAP-ColumnC-20_21)" computerName="CLTBUILD23" duration="00:00:06.0401538" startTime="2021-04-12T08:51:14.7392522-04:00" endTime="2021-04-12T08:51:20.7838988-04:00" testType="13cdc9d9-ddb5-4fa4-a97d-d965ccfc6d4b" outcome="Passed" testListId="8c84fa94-04c1-424b-9868-57a2d4851a1d" relativeResultsDirectory="b3589a04-9dee-470f-9ad3-18193d43888f">
          <Output>
            <StdOut>C:\Agt6\_work\_temp\TestResults\c2kbuild_CLTBUILD23 2021-04-12 08_12_36\In\b3589a04-9dee-470f-9ad3-18193d43888f\CLTBUILD23&gt;if not defined TestLocation (set TestLocation=. ) &#xD;
&#xD;
C:\Agt6\_work\_temp\TestResults\c2kbuild_CLTBUILD23 2021-04-12 08_12_36\In\b3589a04-9dee-470f-9ad3-18193d43888f\CLTBUILD23&gt;set CollectionFileName=c:\agt6\_work\6\a\api\environment\regapiautomation\testdata\fisap-datacorrection\prereq-columnc-20-21\..\..\..\..\..\PreReq\PreReq-GraduateStudentStatus.postman_collection.json &#xD;
&#xD;
C:\Agt6\_work\_temp\TestResults\c2kbuild_CLTBUILD23 2021-04-12 08_12_36\In\b3589a04-9dee-470f-9ad3-18193d43888f\CLTBUILD23&gt;set DataFileName=c:\agt6\_work\6\a\api\environment\regapiautomation\testdata\fisap-datacorrection\prereq-columnc-20-21\PreReq-FISAP-DataCorrection@ColumnC-20_21-ChangeStudentStatus.data.json &#xD;
&#xD;
C:\Agt6\_work\_temp\TestResults\c2kbuild_CLTBUILD23 2021-04-12 08_12_36\In\b3589a04-9dee-470f-9ad3-18193d43888f\CLTBUILD23&gt;set EnvironmentFilePath=c:\agt6\_work\6\a\api\environment\regapiautomation\testdata\fisap-datacorrection\prereq-columnc-20-21\..\..\..\RegApiAutoEnvironment.postman_environment.json &#xD;
&#xD;
C:\Agt6\_work\_temp\TestResults\c2kbuild_CLTBUILD23 2021-04-12 08_12_36\In\b3589a04-9dee-470f-9ad3-18193d43888f\CLTBUILD23&gt;set HtmlResultsFile=PreReq-ChangeStudentStatus_Html.html &#xD;
&#xD;
C:\Agt6\_work\_temp\TestResults\c2kbuild_CLTBUILD23 2021-04-12 08_12_36\In\b3589a04-9dee-470f-9ad3-18193d43888f\CLTBUILD23&gt;set JunitResultsFile=PreReq-ChangeStudentStatus_Junit.xml &#xD;
&#xD;
C:\Agt6\_work\_temp\TestResults\c2kbuild_CLTBUILD23 2021-04-12 08_12_36\In\b3589a04-9dee-470f-9ad3-18193d43888f\CLTBUILD23&gt;newman run "c:\agt6\_work\6\a\api\environment\regapiautomation\testdata\fisap-datacorrection\prereq-columnc-20-21\..\..\..\..\..\PreReq\PreReq-GraduateStudentStatus.postman_collection.json" -k -d "c:\agt6\_work\6\a\api\environment\regapiautomation\testdata\fisap-datacorrection\prereq-columnc-20-21\PreReq-FISAP-DataCorrection@ColumnC-20_21-ChangeStudentStatus.data.json" -e "c:\agt6\_work\6\a\api\environment\regapiautomation\testdata\fisap-datacorrection\prereq-columnc-20-21\..\..\..\RegApiAutoEnvironment.postman_environment.json" -r junit,html --reporter-html-export "PreReq-ChangeStudentStatus_Html.html" --reporter-junit-export "PreReq-ChangeStudentStatus_Junit.xml"</StdOut>
          </Output>
          <ResultFiles>
            <ResultFile path="CLTBUILD23\PreReq-ChangeStudentStatus_Html.html" />
            <ResultFile path="CLTBUILD23\PreReq-ChangeStudentStatus_Junit.xml" />
          </ResultFiles>
        </UnitTestResult>
        <UnitTestResult executionId="889d4844-6788-4163-a809-5609be0ad513" parentExecutionId="340d93fe-f399-44c9-99a8-4a2e57db64d8" testId="8aed51c6-5a70-4b3f-b492-0653ceed5bbb" testName="6- fisap-datacorrection@columnc-20_21-generictest (OT-06I-FISAP-ColumnC-20_21)" computerName="CLTBUILD23" duration="00:00:06.7670175" startTime="2021-04-12T08:51:20.7838988-04:00" endTime="2021-04-12T08:51:27.5525137-04:00" testType="13cdc9d9-ddb5-4fa4-a97d-d965ccfc6d4b" outcome="Passed" testListId="8c84fa94-04c1-424b-9868-57a2d4851a1d" relativeResultsDirectory="889d4844-6788-4163-a809-5609be0ad513">
          <Output>
            <StdOut>C:\Agt6\_work\_temp\TestResults\c2kbuild_CLTBUILD23 2021-04-12 08_12_36\In\889d4844-6788-4163-a809-5609be0ad513\CLTBUILD23&gt;if not defined TestLocation (set TestLocation=. ) &#xD;
&#xD;
C:\Agt6\_work\_temp\TestResults\c2kbuild_CLTBUILD23 2021-04-12 08_12_36\In\889d4844-6788-4163-a809-5609be0ad513\CLTBUILD23&gt;set CollectionFileName=c:\agt6\_work\6\a\api\environment\regapiautomation\testdata\fisap-datacorrection\..\..\..\..\Tests\FISAP-DataCorrection\FISAP-DataCorrection@ColumnA.postman_collection.json &#xD;
&#xD;
C:\Agt6\_work\_temp\TestResults\c2kbuild_CLTBUILD23 2021-04-12 08_12_36\In\889d4844-6788-4163-a809-5609be0ad513\CLTBUILD23&gt;set DataFileName=c:\agt6\_work\6\a\api\environment\regapiautomation\testdata\fisap-datacorrection\FISAP-DataCorrection@ColumnC-20_21.data.json &#xD;
&#xD;
C:\Agt6\_work\_temp\TestResults\c2kbuild_CLTBUILD23 2021-04-12 08_12_36\In\889d4844-6788-4163-a809-5609be0ad513\CLTBUILD23&gt;set EnvironmentFilePath=c:\agt6\_work\6\a\api\environment\regapiautomation\testdata\fisap-datacorrection\..\..\RegApiAutoEnvironment.postman_environment.json &#xD;
&#xD;
C:\Agt6\_work\_temp\TestResults\c2kbuild_CLTBUILD23 2021-04-12 08_12_36\In\889d4844-6788-4163-a809-5609be0ad513\CLTBUILD23&gt;set HtmlResultsFile=FISAP-DataCorrection@ColumnC-20_21-Html.html &#xD;
&#xD;
C:\Agt6\_work\_temp\TestResults\c2kbuild_CLTBUILD23 2021-04-12 08_12_36\In\889d4844-6788-4163-a809-5609be0ad513\CLTBUILD23&gt;set JunitResultsFile=FISAP-DataCorrection@ColumnC-20_21-Junit.xml &#xD;
&#xD;
C:\Agt6\_work\_temp\TestResults\c2kbuild_CLTBUILD23 2021-04-12 08_12_36\In\889d4844-6788-4163-a809-5609be0ad513\CLTBUILD23&gt;newman run "c:\agt6\_work\6\a\api\environment\regapiautomation\testdata\fisap-datacorrection\..\..\..\..\Tests\FISAP-DataCorrection\FISAP-DataCorrection@ColumnA.postman_collection.json" -k -d "c:\agt6\_work\6\a\api\environment\regapiautomation\testdata\fisap-datacorrection\FISAP-DataCorrection@ColumnC-20_21.data.json" -e "c:\agt6\_work\6\a\api\environment\regapiautomation\testdata\fisap-datacorrection\..\..\RegApiAutoEnvironment.postman_environment.json" -r junit,html --reporter-html-export "FISAP-DataCorrection@ColumnC-20_21-Html.html" --reporter-junit-export "FISAP-DataCorrection@ColumnC-20_21-Junit.xml"</StdOut>
          </Output>
          <ResultFiles>
            <ResultFile path="CLTBUILD23\FISAP-DataCorrection@ColumnC-20_21-Html.html" />
            <ResultFile path="CLTBUILD23\FISAP-DataCorrection@ColumnC-20_21-Junit.xml" />
          </ResultFiles>
        </UnitTestResult>
      </InnerResults>
    </TestResultAggregation>
    <TestResultAggregation executionId="20636bca-6a6c-4bd5-a981-a093d4ae0218" testId="e565be03-d37f-4113-a696-6db5145a91a6" testName="OT-09C-IsirPrint-ISIRIdPrint-21_22" computerName="CLTBUILD23" duration="00:00:08.8863554" startTime="2021-04-12T09:19:37.3552229-04:00" endTime="2021-04-12T09:19:46.2455865-04:00" testType="ec4800e8-40e5-4ab3-8510-b8bf29b1904d" outcome="Passed" testListId="8c84fa94-04c1-424b-9868-57a2d4851a1d" relativeResultsDirectory="20636bca-6a6c-4bd5-a981-a093d4ae0218">
      <InnerResults>
        <UnitTestResult executionId="2127f3ba-70ab-47a6-b96d-28c7257fad49" parentExecutionId="20636bca-6a6c-4bd5-a981-a093d4ae0218" testId="ed32ceb4-834e-4cc6-a2b2-74dc76fb4ab7" testName="1- appproc-isirprint@hp-isiridprint-21_22-generictest (OT-09C-IsirPrint-ISIRIdPrint-21_22)" computerName="CLTBUILD23" duration="00:00:08.8815482" startTime="2021-04-12T09:19:37.3602225-04:00" endTime="2021-04-12T09:19:46.2445873-04:00" testType="13cdc9d9-ddb5-4fa4-a97d-d965ccfc6d4b" outcome="Passed" testListId="8c84fa94-04c1-424b-9868-57a2d4851a1d" relativeResultsDirectory="2127f3ba-70ab-47a6-b96d-28c7257fad49">
          <Output>
            <StdOut>C:\Agt6\_work\_temp\TestResults\c2kbuild_CLTBUILD23 2021-04-12 08_12_36\In\2127f3ba-70ab-47a6-b96d-28c7257fad49\CLTBUILD23&gt;if not defined TestLocation (set TestLocation=. ) &#xD;
&#xD;
C:\Agt6\_work\_temp\TestResults\c2kbuild_CLTBUILD23 2021-04-12 08_12_36\In\2127f3ba-70ab-47a6-b96d-28c7257fad49\CLTBUILD23&gt;set CollectionFileName=c:\agt6\_work\6\a\api\environment\regapiautomation\testdata\isirprint\..\..\..\..\Tests\IsirPrint\AppProc-ISIRPrint@HP-ISIRIdPrint.postman_collection.json &#xD;
&#xD;
C:\Agt6\_work\_temp\TestResults\c2kbuild_CLTBUILD23 2021-04-12 08_12_36\In\2127f3ba-70ab-47a6-b96d-28c7257fad49\CLTBUILD23&gt;set DataFileName=c:\agt6\_work\6\a\api\environment\regapiautomation\testdata\isirprint\AppProc-ISIRPrint@HP-ISIRIdPrint-21_22.data.json &#xD;
&#xD;
C:\Agt6\_work\_temp\TestResults\c2kbuild_CLTBUILD23 2021-04-12 08_12_36\In\2127f3ba-70ab-47a6-b96d-28c7257fad49\CLTBUILD23&gt;set EnvironmentFilePath=c:\agt6\_work\6\a\api\environment\regapiautomation\testdata\isirprint\..\..\RegApiAutoEnvironment.postman_environment.json &#xD;
&#xD;
C:\Agt6\_work\_temp\TestResults\c2kbuild_CLTBUILD23 2021-04-12 08_12_36\In\2127f3ba-70ab-47a6-b96d-28c7257fad49\CLTBUILD23&gt;set HtmlResultsFile=IsirPrint_AppProc-ISIRPrint@HP-ISIRIdPrint-21_22-Html.html &#xD;
&#xD;
C:\Agt6\_work\_temp\TestResults\c2kbuild_CLTBUILD23 2021-04-12 08_12_36\In\2127f3ba-70ab-47a6-b96d-28c7257fad49\CLTBUILD23&gt;set JunitResultsFile=IsirPrint_AppProc-ISIRPrint@HP-ISIRIdPrint-21_22-Junit.xml &#xD;
&#xD;
C:\Agt6\_work\_temp\TestResults\c2kbuild_CLTBUILD23 2021-04-12 08_12_36\In\2127f3ba-70ab-47a6-b96d-28c7257fad49\CLTBUILD23&gt;newman run "c:\agt6\_work\6\a\api\environment\regapiautomation\testdata\isirprint\..\..\..\..\Tests\IsirPrint\AppProc-ISIRPrint@HP-ISIRIdPrint.postman_collection.json" -k -d "c:\agt6\_work\6\a\api\environment\regapiautomation\testdata\isirprint\AppProc-ISIRPrint@HP-ISIRIdPrint-21_22.data.json" -e "c:\agt6\_work\6\a\api\environment\regapiautomation\testdata\isirprint\..\..\RegApiAutoEnvironment.postman_environment.json" -r junit,html --reporter-html-export "IsirPrint_AppProc-ISIRPrint@HP-ISIRIdPrint-21_22-Html.html" --reporter-junit-export "IsirPrint_AppProc-ISIRPrint@HP-ISIRIdPrint-21_22-Junit.xml"</StdOut>
          </Output>
          <ResultFiles>
            <ResultFile path="CLTBUILD23\IsirPrint_AppProc-ISIRPrint@HP-ISIRIdPrint-21_22-Html.html" />
            <ResultFile path="CLTBUILD23\IsirPrint_AppProc-ISIRPrint@HP-ISIRIdPrint-21_22-Junit.xml" />
          </ResultFiles>
        </UnitTestResult>
      </InnerResults>
    </TestResultAggregation>
    <TestResultAggregation executionId="05751b49-b3d2-420a-9fe7-b1bcfbcbfec2" testId="c4101f9d-51e1-48d0-a099-e19b85b95e0f" testName="OT-02F-CODImport-BN-21_22" computerName="CLTBUILD23" duration="00:01:13.3487950" startTime="2021-04-12T08:30:19.8829016-04:00" endTime="2021-04-12T08:31:33.2209189-04:00" testType="ec4800e8-40e5-4ab3-8510-b8bf29b1904d" outcome="Passed" testListId="8c84fa94-04c1-424b-9868-57a2d4851a1d" relativeResultsDirectory="05751b49-b3d2-420a-9fe7-b1bcfbcbfec2">
      <InnerResults>
        <UnitTestResult executionId="648bf32a-b8b6-435e-a70e-9ebe7d03fc61" parentExecutionId="05751b49-b3d2-420a-9fe7-b1bcfbcbfec2" testId="5683fef9-05cf-4edd-ac28-1e207a425f7e" testName="1- prereq-codimport@bn-21_22-createstudent-generictest (OT-02F-CODImport-BN-21_22)" computerName="CLTBUILD23" duration="00:00:07.9319338" startTime="2021-04-12T08:30:19.8849035-04:00" endTime="2021-04-12T08:30:27.8179227-04:00" testType="13cdc9d9-ddb5-4fa4-a97d-d965ccfc6d4b" outcome="Passed" testListId="8c84fa94-04c1-424b-9868-57a2d4851a1d" relativeResultsDirectory="648bf32a-b8b6-435e-a70e-9ebe7d03fc61">
          <Output>
            <StdOut>C:\Agt6\_work\_temp\TestResults\c2kbuild_CLTBUILD23 2021-04-12 08_12_36\In\648bf32a-b8b6-435e-a70e-9ebe7d03fc61\CLTBUILD23&gt;if not defined TestLocation (set TestLocation=. ) &#xD;
&#xD;
C:\Agt6\_work\_temp\TestResults\c2kbuild_CLTBUILD23 2021-04-12 08_12_36\In\648bf32a-b8b6-435e-a70e-9ebe7d03fc61\CLTBUILD23&gt;set CollectionFileName=c:\agt6\_work\6\a\api\environment\regapiautomation\testdata\codimport\prereq-codimport-bn-21_22\..\..\..\..\..\PreReq\PreReq-CreateStudent.postman_collection.json &#xD;
&#xD;
C:\Agt6\_work\_temp\TestResults\c2kbuild_CLTBUILD23 2021-04-12 08_12_36\In\648bf32a-b8b6-435e-a70e-9ebe7d03fc61\CLTBUILD23&gt;set DataFileName=c:\agt6\_work\6\a\api\environment\regapiautomation\testdata\codimport\prereq-codimport-bn-21_22\PreReq-CODImport@BN-21_22-CreateStudent.data.csv &#xD;
&#xD;
C:\Agt6\_work\_temp\TestResults\c2kbuild_CLTBUILD23 2021-04-12 08_12_36\In\648bf32a-b8b6-435e-a70e-9ebe7d03fc61\CLTBUILD23&gt;set EnvironmentFilePath=c:\agt6\_work\6\a\api\environment\regapiautomation\testdata\codimport\prereq-codimport-bn-21_22\..\..\..\RegApiAutoEnvironment.postman_environment.json &#xD;
&#xD;
C:\Agt6\_work\_temp\TestResults\c2kbuild_CLTBUILD23 2021-04-12 08_12_36\In\648bf32a-b8b6-435e-a70e-9ebe7d03fc61\CLTBUILD23&gt;set HtmlResultsFile=PreReq-CODImport@BN-21_22-CreateStudent_Html.html &#xD;
&#xD;
C:\Agt6\_work\_temp\TestResults\c2kbuild_CLTBUILD23 2021-04-12 08_12_36\In\648bf32a-b8b6-435e-a70e-9ebe7d03fc61\CLTBUILD23&gt;set JunitResultsFile=PreReq-CODImport@BN-21_22-CreateStudent_Junit.xml &#xD;
&#xD;
C:\Agt6\_work\_temp\TestResults\c2kbuild_CLTBUILD23 2021-04-12 08_12_36\In\648bf32a-b8b6-435e-a70e-9ebe7d03fc61\CLTBUILD23&gt;newman run "c:\agt6\_work\6\a\api\environment\regapiautomation\testdata\codimport\prereq-codimport-bn-21_22\..\..\..\..\..\PreReq\PreReq-CreateStudent.postman_collection.json" -k -d "c:\agt6\_work\6\a\api\environment\regapiautomation\testdata\codimport\prereq-codimport-bn-21_22\PreReq-CODImport@BN-21_22-CreateStudent.data.csv" -e "c:\agt6\_work\6\a\api\environment\regapiautomation\testdata\codimport\prereq-codimport-bn-21_22\..\..\..\RegApiAutoEnvironment.postman_environment.json" -r junit,html --reporter-html-export "PreReq-CODImport@BN-21_22-CreateStudent_Html.html" --reporter-junit-export "PreReq-CODImport@BN-21_22-CreateStudent_Junit.xml"</StdOut>
          </Output>
          <ResultFiles>
            <ResultFile path="CLTBUILD23\PreReq-CODImport@BN-21_22-CreateStudent_Html.html" />
            <ResultFile path="CLTBUILD23\PreReq-CODImport@BN-21_22-CreateStudent_Junit.xml" />
          </ResultFiles>
        </UnitTestResult>
        <UnitTestResult executionId="67b94978-6aed-4a68-9533-dbd1083c9031" parentExecutionId="05751b49-b3d2-420a-9fe7-b1bcfbcbfec2" testId="fc9aa86e-d200-4951-9c3f-ff60e68bc6aa" testName="2- prereq-codimport@bn-21_22-importisir-generictest (OT-02F-CODImport-BN-21_22)" computerName="CLTBUILD23" duration="00:00:08.0718009" startTime="2021-04-12T08:30:27.8189196-04:00" endTime="2021-04-12T08:30:35.8909381-04:00" testType="13cdc9d9-ddb5-4fa4-a97d-d965ccfc6d4b" outcome="Passed" testListId="8c84fa94-04c1-424b-9868-57a2d4851a1d" relativeResultsDirectory="67b94978-6aed-4a68-9533-dbd1083c9031">
          <Output>
            <StdOut>C:\Agt6\_work\_temp\TestResults\c2kbuild_CLTBUILD23 2021-04-12 08_12_36\In\67b94978-6aed-4a68-9533-dbd1083c9031\CLTBUILD23&gt;if not defined TestLocation (set TestLocation=. ) &#xD;
&#xD;
C:\Agt6\_work\_temp\TestResults\c2kbuild_CLTBUILD23 2021-04-12 08_12_36\In\67b94978-6aed-4a68-9533-dbd1083c9031\CLTBUILD23&gt;set CollectionFileName=c:\agt6\_work\6\a\api\environment\regapiautomation\testdata\codimport\prereq-codimport-bn-21_22\..\..\..\..\..\PreReq\PreReq-ImportISIR.postman_collection.json &#xD;
&#xD;
C:\Agt6\_work\_temp\TestResults\c2kbuild_CLTBUILD23 2021-04-12 08_12_36\In\67b94978-6aed-4a68-9533-dbd1083c9031\CLTBUILD23&gt;set DataFileName=c:\agt6\_work\6\a\api\environment\regapiautomation\testdata\codimport\prereq-codimport-bn-21_22\PreReq-CODImport@BN-21_22-ImportISIR.data.json &#xD;
&#xD;
C:\Agt6\_work\_temp\TestResults\c2kbuild_CLTBUILD23 2021-04-12 08_12_36\In\67b94978-6aed-4a68-9533-dbd1083c9031\CLTBUILD23&gt;set EnvironmentFilePath=c:\agt6\_work\6\a\api\environment\regapiautomation\testdata\codimport\prereq-codimport-bn-21_22\..\..\..\RegApiAutoEnvironment.postman_environment.json &#xD;
&#xD;
C:\Agt6\_work\_temp\TestResults\c2kbuild_CLTBUILD23 2021-04-12 08_12_36\In\67b94978-6aed-4a68-9533-dbd1083c9031\CLTBUILD23&gt;set HtmlResultsFile=PreReq-CODImport@BN-21_22-ImportISIR_Html.html &#xD;
&#xD;
C:\Agt6\_work\_temp\TestResults\c2kbuild_CLTBUILD23 2021-04-12 08_12_36\In\67b94978-6aed-4a68-9533-dbd1083c9031\CLTBUILD23&gt;set JunitResultsFile=PreReq-CODImport@BN-21_22-ImportISIR_Junit.xml &#xD;
&#xD;
C:\Agt6\_work\_temp\TestResults\c2kbuild_CLTBUILD23 2021-04-12 08_12_36\In\67b94978-6aed-4a68-9533-dbd1083c9031\CLTBUILD23&gt;newman run "c:\agt6\_work\6\a\api\environment\regapiautomation\testdata\codimport\prereq-codimport-bn-21_22\..\..\..\..\..\PreReq\PreReq-ImportISIR.postman_collection.json" -k -d "c:\agt6\_work\6\a\api\environment\regapiautomation\testdata\codimport\prereq-codimport-bn-21_22\PreReq-CODImport@BN-21_22-ImportISIR.data.json" -e "c:\agt6\_work\6\a\api\environment\regapiautomation\testdata\codimport\prereq-codimport-bn-21_22\..\..\..\RegApiAutoEnvironment.postman_environment.json" -r junit,html --reporter-html-export "PreReq-CODImport@BN-21_22-ImportISIR_Html.html" --reporter-junit-export "PreReq-CODImport@BN-21_22-ImportISIR_Junit.xml"</StdOut>
          </Output>
          <ResultFiles>
            <ResultFile path="CLTBUILD23\PreReq-CODImport@BN-21_22-ImportISIR_Html.html" />
            <ResultFile path="CLTBUILD23\PreReq-CODImport@BN-21_22-ImportISIR_Junit.xml" />
          </ResultFiles>
        </UnitTestResult>
        <UnitTestResult executionId="a956f283-1644-4788-aea8-af5db444929a" parentExecutionId="05751b49-b3d2-420a-9fe7-b1bcfbcbfec2" testId="a43e8873-9041-4e33-99a6-5810d0a3598b" testName="3- prereq-codimport@bn-21_22-enrollstudent-generictest (OT-02F-CODImport-BN-21_22)" computerName="CLTBUILD23" duration="00:00:12.6801410" startTime="2021-04-12T08:30:35.8919368-04:00" endTime="2021-04-12T08:30:48.5773858-04:00" testType="13cdc9d9-ddb5-4fa4-a97d-d965ccfc6d4b" outcome="Passed" testListId="8c84fa94-04c1-424b-9868-57a2d4851a1d" relativeResultsDirectory="a956f283-1644-4788-aea8-af5db444929a">
          <Output>
            <StdOut>C:\Agt6\_work\_temp\TestResults\c2kbuild_CLTBUILD23 2021-04-12 08_12_36\In\a956f283-1644-4788-aea8-af5db444929a\CLTBUILD23&gt;if not defined TestLocation (set TestLocation=. ) &#xD;
&#xD;
C:\Agt6\_work\_temp\TestResults\c2kbuild_CLTBUILD23 2021-04-12 08_12_36\In\a956f283-1644-4788-aea8-af5db444929a\CLTBUILD23&gt;set CollectionFileName=c:\agt6\_work\6\a\api\environment\regapiautomation\testdata\codimport\prereq-codimport-bn-21_22\..\..\..\..\..\PreReq\PreReq-EnrollStudent.postman_collection.json &#xD;
&#xD;
C:\Agt6\_work\_temp\TestResults\c2kbuild_CLTBUILD23 2021-04-12 08_12_36\In\a956f283-1644-4788-aea8-af5db444929a\CLTBUILD23&gt;set DataFileName=c:\agt6\_work\6\a\api\environment\regapiautomation\testdata\codimport\prereq-codimport-bn-21_22\PreReq-CODImport@BN-21_22-EnrollStudent.data.csv &#xD;
&#xD;
C:\Agt6\_work\_temp\TestResults\c2kbuild_CLTBUILD23 2021-04-12 08_12_36\In\a956f283-1644-4788-aea8-af5db444929a\CLTBUILD23&gt;set EnvironmentFilePath=c:\agt6\_work\6\a\api\environment\regapiautomation\testdata\codimport\prereq-codimport-bn-21_22\..\..\..\RegApiAutoEnvironment.postman_environment.json &#xD;
&#xD;
C:\Agt6\_work\_temp\TestResults\c2kbuild_CLTBUILD23 2021-04-12 08_12_36\In\a956f283-1644-4788-aea8-af5db444929a\CLTBUILD23&gt;set HtmlResultsFile=PreReq-CODImport@BN-21_22-EnrollStudent_Html.html &#xD;
&#xD;
C:\Agt6\_work\_temp\TestResults\c2kbuild_CLTBUILD23 2021-04-12 08_12_36\In\a956f283-1644-4788-aea8-af5db444929a\CLTBUILD23&gt;set JunitResultsFile=PreReq-CODImport@BN-21_22-EnrollStudent_Junit.xml &#xD;
&#xD;
C:\Agt6\_work\_temp\TestResults\c2kbuild_CLTBUILD23 2021-04-12 08_12_36\In\a956f283-1644-4788-aea8-af5db444929a\CLTBUILD23&gt;newman run "c:\agt6\_work\6\a\api\environment\regapiautomation\testdata\codimport\prereq-codimport-bn-21_22\..\..\..\..\..\PreReq\PreReq-EnrollStudent.postman_collection.json" -k -d "c:\agt6\_work\6\a\api\environment\regapiautomation\testdata\codimport\prereq-codimport-bn-21_22\PreReq-CODImport@BN-21_22-EnrollStudent.data.csv" -e "c:\agt6\_work\6\a\api\environment\regapiautomation\testdata\codimport\prereq-codimport-bn-21_22\..\..\..\RegApiAutoEnvironment.postman_environment.json" -r junit,html --reporter-html-export "PreReq-CODImport@BN-21_22-EnrollStudent_Html.html" --reporter-junit-export "PreReq-CODImport@BN-21_22-EnrollStudent_Junit.xml"</StdOut>
          </Output>
          <ResultFiles>
            <ResultFile path="CLTBUILD23\PreReq-CODImport@BN-21_22-EnrollStudent_Html.html" />
            <ResultFile path="CLTBUILD23\PreReq-CODImport@BN-21_22-EnrollStudent_Junit.xml" />
          </ResultFiles>
        </UnitTestResult>
        <UnitTestResult executionId="3b668c7e-d29d-4729-a28b-de1b159c7bdf" parentExecutionId="05751b49-b3d2-420a-9fe7-b1bcfbcbfec2" testId="547fb208-3df0-4667-b2a4-612c9c8080b2" testName="4- prereq-codimport@bn-21_22-updatebudgetforacademicyearforpackaging-generictest (OT-02F-CODImport-BN-21_22)" computerName="CLTBUILD23" duration="00:00:08.3698724" startTime="2021-04-12T08:30:48.5793850-04:00" endTime="2021-04-12T08:30:56.9543578-04:00" testType="13cdc9d9-ddb5-4fa4-a97d-d965ccfc6d4b" outcome="Passed" testListId="8c84fa94-04c1-424b-9868-57a2d4851a1d" relativeResultsDirectory="3b668c7e-d29d-4729-a28b-de1b159c7bdf">
          <Output>
            <StdOut>C:\Agt6\_work\_temp\TestResults\c2kbuild_CLTBUILD23 2021-04-12 08_12_36\In\3b668c7e-d29d-4729-a28b-de1b159c7bdf\CLTBUILD23&gt;if not defined TestLocation (set TestLocation=. ) &#xD;
&#xD;
C:\Agt6\_work\_temp\TestResults\c2kbuild_CLTBUILD23 2021-04-12 08_12_36\In\3b668c7e-d29d-4729-a28b-de1b159c7bdf\CLTBUILD23&gt;set CollectionFileName=c:\agt6\_work\6\a\api\environment\regapiautomation\testdata\codimport\prereq-codimport-bn-21_22\..\..\..\..\..\PreReq\PreReq-UpdateBudgetForAcademicYearForPackaging.postman_collection.json &#xD;
&#xD;
C:\Agt6\_work\_temp\TestResults\c2kbuild_CLTBUILD23 2021-04-12 08_12_36\In\3b668c7e-d29d-4729-a28b-de1b159c7bdf\CLTBUILD23&gt;set DataFileName=c:\agt6\_work\6\a\api\environment\regapiautomation\testdata\codimport\prereq-codimport-bn-21_22\PreReq-CODImport@BN-21_22-UpdateBudgetForAcademicYearForPackaging.data.csv &#xD;
&#xD;
C:\Agt6\_work\_temp\TestResults\c2kbuild_CLTBUILD23 2021-04-12 08_12_36\In\3b668c7e-d29d-4729-a28b-de1b159c7bdf\CLTBUILD23&gt;set EnvironmentFilePath=c:\agt6\_work\6\a\api\environment\regapiautomation\testdata\codimport\prereq-codimport-bn-21_22\..\..\..\RegApiAutoEnvironment.postman_environment.json &#xD;
&#xD;
C:\Agt6\_work\_temp\TestResults\c2kbuild_CLTBUILD23 2021-04-12 08_12_36\In\3b668c7e-d29d-4729-a28b-de1b159c7bdf\CLTBUILD23&gt;set HtmlResultsFile=PreReq-CODImport@BN-21_22-UpdateBudgetForAcademicYearForPackaging_Html.html &#xD;
&#xD;
C:\Agt6\_work\_temp\TestResults\c2kbuild_CLTBUILD23 2021-04-12 08_12_36\In\3b668c7e-d29d-4729-a28b-de1b159c7bdf\CLTBUILD23&gt;set JunitResultsFile=PreReq-CODImport@BN-21_22-UpdateBudgetForAcademicYearForPackaging_Junit.xml &#xD;
&#xD;
C:\Agt6\_work\_temp\TestResults\c2kbuild_CLTBUILD23 2021-04-12 08_12_36\In\3b668c7e-d29d-4729-a28b-de1b159c7bdf\CLTBUILD23&gt;newman run "c:\agt6\_work\6\a\api\environment\regapiautomation\testdata\codimport\prereq-codimport-bn-21_22\..\..\..\..\..\PreReq\PreReq-UpdateBudgetForAcademicYearForPackaging.postman_collection.json" -k -d "c:\agt6\_work\6\a\api\environment\regapiautomation\testdata\codimport\prereq-codimport-bn-21_22\PreReq-CODImport@BN-21_22-UpdateBudgetForAcademicYearForPackaging.data.csv" -e "c:\agt6\_work\6\a\api\environment\regapiautomation\testdata\codimport\prereq-codimport-bn-21_22\..\..\..\RegApiAutoEnvironment.postman_environment.json" -r junit,html --reporter-html-export "PreReq-CODImport@BN-21_22-UpdateBudgetForAcademicYearForPackaging_Html.html" --reporter-junit-export "PreReq-CODImport@BN-21_22-UpdateBudgetForAcademicYearForPackaging_Junit.xml"</StdOut>
          </Output>
          <ResultFiles>
            <ResultFile path="CLTBUILD23\PreReq-CODImport@BN-21_22-UpdateBudgetForAcademicYearForPackaging_Html.html" />
            <ResultFile path="CLTBUILD23\PreReq-CODImport@BN-21_22-UpdateBudgetForAcademicYearForPackaging_Junit.xml" />
          </ResultFiles>
        </UnitTestResult>
        <UnitTestResult executionId="d59df002-6e4e-448b-b008-14e78688d4bb" parentExecutionId="05751b49-b3d2-420a-9fe7-b1bcfbcbfec2" testId="05df57c3-f35b-4299-9951-bc08097a6283" testName="5- prereq-codimport@bn-21_22-awardloanforpackaging-generictest (OT-02F-CODImport-BN-21_22)" computerName="CLTBUILD23" duration="00:00:16.2449138" startTime="2021-04-12T08:30:56.9553574-04:00" endTime="2021-04-12T08:31:13.2013739-04:00" testType="13cdc9d9-ddb5-4fa4-a97d-d965ccfc6d4b" outcome="Passed" testListId="8c84fa94-04c1-424b-9868-57a2d4851a1d" relativeResultsDirectory="d59df002-6e4e-448b-b008-14e78688d4bb">
          <Output>
            <StdOut>C:\Agt6\_work\_temp\TestResults\c2kbuild_CLTBUILD23 2021-04-12 08_12_36\In\d59df002-6e4e-448b-b008-14e78688d4bb\CLTBUILD23&gt;if not defined TestLocation (set TestLocation=. ) &#xD;
&#xD;
C:\Agt6\_work\_temp\TestResults\c2kbuild_CLTBUILD23 2021-04-12 08_12_36\In\d59df002-6e4e-448b-b008-14e78688d4bb\CLTBUILD23&gt;set CollectionFileName=c:\agt6\_work\6\a\api\environment\regapiautomation\testdata\codimport\prereq-codimport-bn-21_22\..\..\..\..\..\\PreReq\PreReq-AwardLoanForPackaging.postman_collection.json &#xD;
&#xD;
C:\Agt6\_work\_temp\TestResults\c2kbuild_CLTBUILD23 2021-04-12 08_12_36\In\d59df002-6e4e-448b-b008-14e78688d4bb\CLTBUILD23&gt;set DataFileName=c:\agt6\_work\6\a\api\environment\regapiautomation\testdata\codimport\prereq-codimport-bn-21_22\PreReq-CODImport@BN-21_22-AwardLoanForPackaging.data.csv &#xD;
&#xD;
C:\Agt6\_work\_temp\TestResults\c2kbuild_CLTBUILD23 2021-04-12 08_12_36\In\d59df002-6e4e-448b-b008-14e78688d4bb\CLTBUILD23&gt;set EnvironmentFilePath=c:\agt6\_work\6\a\api\environment\regapiautomation\testdata\codimport\prereq-codimport-bn-21_22\..\..\..\RegApiAutoEnvironment.postman_environment.json &#xD;
&#xD;
C:\Agt6\_work\_temp\TestResults\c2kbuild_CLTBUILD23 2021-04-12 08_12_36\In\d59df002-6e4e-448b-b008-14e78688d4bb\CLTBUILD23&gt;set HtmlResultsFile=PreReq-CODImport@BN-21_22-AwardLoanForPackaging_Html.html &#xD;
&#xD;
C:\Agt6\_work\_temp\TestResults\c2kbuild_CLTBUILD23 2021-04-12 08_12_36\In\d59df002-6e4e-448b-b008-14e78688d4bb\CLTBUILD23&gt;set JunitResultsFile=PreReq-CODImport@BN-21_22-AwardLoanForPackaging_Junit.xml &#xD;
&#xD;
C:\Agt6\_work\_temp\TestResults\c2kbuild_CLTBUILD23 2021-04-12 08_12_36\In\d59df002-6e4e-448b-b008-14e78688d4bb\CLTBUILD23&gt;newman run "c:\agt6\_work\6\a\api\environment\regapiautomation\testdata\codimport\prereq-codimport-bn-21_22\..\..\..\..\..\\PreReq\PreReq-AwardLoanForPackaging.postman_collection.json" -k -d "c:\agt6\_work\6\a\api\environment\regapiautomation\testdata\codimport\prereq-codimport-bn-21_22\PreReq-CODImport@BN-21_22-AwardLoanForPackaging.data.csv" -e "c:\agt6\_work\6\a\api\environment\regapiautomation\testdata\codimport\prereq-codimport-bn-21_22\..\..\..\RegApiAutoEnvironment.postman_environment.json" -r junit,html --reporter-html-export "PreReq-CODImport@BN-21_22-AwardLoanForPackaging_Html.html" --reporter-junit-export "PreReq-CODImport@BN-21_22-AwardLoanForPackaging_Junit.xml"</StdOut>
          </Output>
          <ResultFiles>
            <ResultFile path="CLTBUILD23\PreReq-CODImport@BN-21_22-AwardLoanForPackaging_Html.html" />
            <ResultFile path="CLTBUILD23\PreReq-CODImport@BN-21_22-AwardLoanForPackaging_Junit.xml" />
          </ResultFiles>
        </UnitTestResult>
        <UnitTestResult executionId="e3dd98a6-0639-4e92-8af3-8f4dfdeb421e" parentExecutionId="05751b49-b3d2-420a-9fe7-b1bcfbcbfec2" testId="d76b35fd-cc5a-4266-a416-2e375d280f79" testName="6- codimport@bn-21_22-generictest (OT-02F-CODImport-BN-21_22)" computerName="CLTBUILD23" duration="00:00:20.0157366" startTime="2021-04-12T08:31:13.2023753-04:00" endTime="2021-04-12T08:31:33.2199180-04:00" testType="13cdc9d9-ddb5-4fa4-a97d-d965ccfc6d4b" outcome="Passed" testListId="8c84fa94-04c1-424b-9868-57a2d4851a1d" relativeResultsDirectory="e3dd98a6-0639-4e92-8af3-8f4dfdeb421e">
          <Output>
            <StdOut>C:\Agt6\_work\_temp\TestResults\c2kbuild_CLTBUILD23 2021-04-12 08_12_36\In\e3dd98a6-0639-4e92-8af3-8f4dfdeb421e\CLTBUILD23&gt;if not defined TestLocation (set TestLocation=. ) &#xD;
&#xD;
C:\Agt6\_work\_temp\TestResults\c2kbuild_CLTBUILD23 2021-04-12 08_12_36\In\e3dd98a6-0639-4e92-8af3-8f4dfdeb421e\CLTBUILD23&gt;set CollectionFileName=c:\agt6\_work\6\a\api\environment\regapiautomation\testdata\codimport\..\..\..\..\Tests\CODImport\CODImport@CommonRecordResponse.postman_collection.json &#xD;
&#xD;
C:\Agt6\_work\_temp\TestResults\c2kbuild_CLTBUILD23 2021-04-12 08_12_36\In\e3dd98a6-0639-4e92-8af3-8f4dfdeb421e\CLTBUILD23&gt;set DataFileName=c:\agt6\_work\6\a\api\environment\regapiautomation\testdata\codimport\CODImport@BN-21_22.data.json &#xD;
&#xD;
C:\Agt6\_work\_temp\TestResults\c2kbuild_CLTBUILD23 2021-04-12 08_12_36\In\e3dd98a6-0639-4e92-8af3-8f4dfdeb421e\CLTBUILD23&gt;set EnvironmentFilePath=c:\agt6\_work\6\a\api\environment\regapiautomation\testdata\codimport\..\..\RegApiAutoEnvironment.postman_environment.json &#xD;
&#xD;
C:\Agt6\_work\_temp\TestResults\c2kbuild_CLTBUILD23 2021-04-12 08_12_36\In\e3dd98a6-0639-4e92-8af3-8f4dfdeb421e\CLTBUILD23&gt;set HtmlResultsFile=CODImport@BN-21_22-Html.html &#xD;
&#xD;
C:\Agt6\_work\_temp\TestResults\c2kbuild_CLTBUILD23 2021-04-12 08_12_36\In\e3dd98a6-0639-4e92-8af3-8f4dfdeb421e\CLTBUILD23&gt;set JunitResultsFile=CODImport@BN-21_22-Junit.xml &#xD;
&#xD;
C:\Agt6\_work\_temp\TestResults\c2kbuild_CLTBUILD23 2021-04-12 08_12_36\In\e3dd98a6-0639-4e92-8af3-8f4dfdeb421e\CLTBUILD23&gt;newman run "c:\agt6\_work\6\a\api\environment\regapiautomation\testdata\codimport\..\..\..\..\Tests\CODImport\CODImport@CommonRecordResponse.postman_collection.json" -k -d "c:\agt6\_work\6\a\api\environment\regapiautomation\testdata\codimport\CODImport@BN-21_22.data.json" -e "c:\agt6\_work\6\a\api\environment\regapiautomation\testdata\codimport\..\..\RegApiAutoEnvironment.postman_environment.json" -r junit,html --reporter-html-export "CODImport@BN-21_22-Html.html" --reporter-junit-export "CODImport@BN-21_22-Junit.xml"</StdOut>
          </Output>
          <ResultFiles>
            <ResultFile path="CLTBUILD23\CODImport@BN-21_22-Html.html" />
            <ResultFile path="CLTBUILD23\CODImport@BN-21_22-Junit.xml" />
          </ResultFiles>
        </UnitTestResult>
      </InnerResults>
    </TestResultAggregation>
    <TestResultAggregation executionId="cd39c91b-6fc0-45ed-ad11-b03b8ed6c86f" testId="1d6c875d-d311-4533-bc7a-5096e264a4a8" testName="OT-12B-StudentIsir.AcceptAsVerified" computerName="CLTBUILD23" duration="00:00:14.9721314" startTime="2021-04-12T09:29:02.9263328-04:00" endTime="2021-04-12T09:29:17.9002785-04:00" testType="ec4800e8-40e5-4ab3-8510-b8bf29b1904d" outcome="Passed" testListId="8c84fa94-04c1-424b-9868-57a2d4851a1d" relativeResultsDirectory="cd39c91b-6fc0-45ed-ad11-b03b8ed6c86f">
      <InnerResults>
        <UnitTestResult executionId="f026c113-0ca9-40fd-82f9-0a3884e2ad48" parentExecutionId="cd39c91b-6fc0-45ed-ad11-b03b8ed6c86f" testId="8ceb741b-65c2-400f-afcc-df59b8397f18" testName="1- appproc-studentisir-verify@hp-acceptasverified-generictest (OT-12B-StudentIsir.AcceptAsVerified)" computerName="CLTBUILD23" duration="00:00:14.9665740" startTime="2021-04-12T09:29:02.9303345-04:00" endTime="2021-04-12T09:29:17.8992749-04:00" testType="13cdc9d9-ddb5-4fa4-a97d-d965ccfc6d4b" outcome="Passed" testListId="8c84fa94-04c1-424b-9868-57a2d4851a1d" relativeResultsDirectory="f026c113-0ca9-40fd-82f9-0a3884e2ad48">
          <Output>
            <StdOut>C:\Agt6\_work\_temp\TestResults\c2kbuild_CLTBUILD23 2021-04-12 08_12_36\In\f026c113-0ca9-40fd-82f9-0a3884e2ad48\CLTBUILD23&gt;if not defined TestLocation (set TestLocation=. ) &#xD;
&#xD;
C:\Agt6\_work\_temp\TestResults\c2kbuild_CLTBUILD23 2021-04-12 08_12_36\In\f026c113-0ca9-40fd-82f9-0a3884e2ad48\CLTBUILD23&gt;set CollectionFileName=c:\agt6\_work\6\a\api\environment\regapiautomation\testdata\studentisir\..\..\..\..\Tests\StudentIsir\AppProc-StudentISIR-Verify@HP-AcceptAsVerified.postman_collection.json &#xD;
&#xD;
C:\Agt6\_work\_temp\TestResults\c2kbuild_CLTBUILD23 2021-04-12 08_12_36\In\f026c113-0ca9-40fd-82f9-0a3884e2ad48\CLTBUILD23&gt;set DataFileName=c:\agt6\_work\6\a\api\environment\regapiautomation\testdata\studentisir\AppProc-StudentISIR-Verify@HP-AcceptAsVerified.data.json &#xD;
&#xD;
C:\Agt6\_work\_temp\TestResults\c2kbuild_CLTBUILD23 2021-04-12 08_12_36\In\f026c113-0ca9-40fd-82f9-0a3884e2ad48\CLTBUILD23&gt;set EnvironmentFilePath=c:\agt6\_work\6\a\api\environment\regapiautomation\testdata\studentisir\..\..\RegApiAutoEnvironment.postman_environment.json &#xD;
&#xD;
C:\Agt6\_work\_temp\TestResults\c2kbuild_CLTBUILD23 2021-04-12 08_12_36\In\f026c113-0ca9-40fd-82f9-0a3884e2ad48\CLTBUILD23&gt;set HtmlResultsFile=AppProc-StudentISIR-Verify@HP-AcceptAsVerified_Html.html &#xD;
&#xD;
C:\Agt6\_work\_temp\TestResults\c2kbuild_CLTBUILD23 2021-04-12 08_12_36\In\f026c113-0ca9-40fd-82f9-0a3884e2ad48\CLTBUILD23&gt;set JunitResultsFile=AppProc-StudentISIR-Verify@HP-AcceptAsVerified_Junit.xml &#xD;
&#xD;
C:\Agt6\_work\_temp\TestResults\c2kbuild_CLTBUILD23 2021-04-12 08_12_36\In\f026c113-0ca9-40fd-82f9-0a3884e2ad48\CLTBUILD23&gt;newman run "c:\agt6\_work\6\a\api\environment\regapiautomation\testdata\studentisir\..\..\..\..\Tests\StudentIsir\AppProc-StudentISIR-Verify@HP-AcceptAsVerified.postman_collection.json" -k -d "c:\agt6\_work\6\a\api\environment\regapiautomation\testdata\studentisir\AppProc-StudentISIR-Verify@HP-AcceptAsVerified.data.json" -e "c:\agt6\_work\6\a\api\environment\regapiautomation\testdata\studentisir\..\..\RegApiAutoEnvironment.postman_environment.json" -r junit,html --reporter-html-export "AppProc-StudentISIR-Verify@HP-AcceptAsVerified_Html.html" --reporter-junit-export "AppProc-StudentISIR-Verify@HP-AcceptAsVerified_Junit.xml"</StdOut>
          </Output>
          <ResultFiles>
            <ResultFile path="CLTBUILD23\AppProc-StudentISIR-Verify@HP-AcceptAsVerified_Html.html" />
            <ResultFile path="CLTBUILD23\AppProc-StudentISIR-Verify@HP-AcceptAsVerified_Junit.xml" />
          </ResultFiles>
        </UnitTestResult>
      </InnerResults>
    </TestResultAggregation>
    <TestResultAggregation executionId="c07572d8-3e49-4f65-a8d1-ed7a237e0c45" testId="fb72c0e4-6c26-488d-b46a-eda20a8540b9" testName="OT-10S-CollegeFinancePlan-Student-Saved-Ugrad-Job-21_22" computerName="CLTBUILD23" duration="00:01:21.1971664" startTime="2021-04-12T09:26:13.9732789-04:00" endTime="2021-04-12T09:27:35.1675474-04:00" testType="ec4800e8-40e5-4ab3-8510-b8bf29b1904d" outcome="Passed" testListId="8c84fa94-04c1-424b-9868-57a2d4851a1d" relativeResultsDirectory="c07572d8-3e49-4f65-a8d1-ed7a237e0c45">
      <InnerResults>
        <UnitTestResult executionId="f65e6868-1897-4e8f-ba9b-ee337232effd" parentExecutionId="c07572d8-3e49-4f65-a8d1-ed7a237e0c45" testId="1d23b788-9e01-43b6-8cfb-816f5126dba9" testName="1- prereq-collegefinanceplan-student@saved-ugrad-job-21_22-createstudent (OT-10S-CollegeFinancePlan-Student-Saved-Ugrad-Job-21_22)" computerName="CLTBUILD23" duration="00:00:07.6041693" startTime="2021-04-12T09:26:13.9802774-04:00" endTime="2021-04-12T09:26:21.5847421-04:00" testType="13cdc9d9-ddb5-4fa4-a97d-d965ccfc6d4b" outcome="Passed" testListId="8c84fa94-04c1-424b-9868-57a2d4851a1d" relativeResultsDirectory="f65e6868-1897-4e8f-ba9b-ee337232effd">
          <Output>
            <StdOut>C:\Agt6\_work\_temp\TestResults\c2kbuild_CLTBUILD23 2021-04-12 08_12_36\In\f65e6868-1897-4e8f-ba9b-ee337232effd\CLTBUILD23&gt;if not defined TestLocation (set TestLocation=. ) &#xD;
&#xD;
C:\Agt6\_work\_temp\TestResults\c2kbuild_CLTBUILD23 2021-04-12 08_12_36\In\f65e6868-1897-4e8f-ba9b-ee337232effd\CLTBUILD23&gt;set CollectionFileName=c:\agt6\_work\6\a\api\environment\regapiautomation\testdata\shoppingsheets\prereq-student-saved-ugrad-job-21_22\..\..\..\..\..\PreReq\PreReq-CreateStudent.postman_collection.json &#xD;
&#xD;
C:\Agt6\_work\_temp\TestResults\c2kbuild_CLTBUILD23 2021-04-12 08_12_36\In\f65e6868-1897-4e8f-ba9b-ee337232effd\CLTBUILD23&gt;set DataFileName=c:\agt6\_work\6\a\api\environment\regapiautomation\testdata\shoppingsheets\prereq-student-saved-ugrad-job-21_22\PreReq-CollegeFinancePlan-Student@Saved-Ugrad-Job-21_22-CreateStudent.data.csv &#xD;
&#xD;
C:\Agt6\_work\_temp\TestResults\c2kbuild_CLTBUILD23 2021-04-12 08_12_36\In\f65e6868-1897-4e8f-ba9b-ee337232effd\CLTBUILD23&gt;set EnvironmentFilePath=c:\agt6\_work\6\a\api\environment\regapiautomation\testdata\shoppingsheets\prereq-student-saved-ugrad-job-21_22\..\..\..\RegApiAutoEnvironment.postman_environment.json &#xD;
&#xD;
C:\Agt6\_work\_temp\TestResults\c2kbuild_CLTBUILD23 2021-04-12 08_12_36\In\f65e6868-1897-4e8f-ba9b-ee337232effd\CLTBUILD23&gt;set HtmlResultsFile=PreReq-CollegeFinancePlan-Student@Saved-Ugrad-Job-21_22-CreateStudent_Html.html &#xD;
&#xD;
C:\Agt6\_work\_temp\TestResults\c2kbuild_CLTBUILD23 2021-04-12 08_12_36\In\f65e6868-1897-4e8f-ba9b-ee337232effd\CLTBUILD23&gt;set JunitResultsFile=PreReq-CollegeFinancePlan-Student@Saved-Ugrad-Job-21_22-CreateStudent_Junit.xml &#xD;
&#xD;
C:\Agt6\_work\_temp\TestResults\c2kbuild_CLTBUILD23 2021-04-12 08_12_36\In\f65e6868-1897-4e8f-ba9b-ee337232effd\CLTBUILD23&gt;newman run "c:\agt6\_work\6\a\api\environment\regapiautomation\testdata\shoppingsheets\prereq-student-saved-ugrad-job-21_22\..\..\..\..\..\PreReq\PreReq-CreateStudent.postman_collection.json" -k -d "c:\agt6\_work\6\a\api\environment\regapiautomation\testdata\shoppingsheets\prereq-student-saved-ugrad-job-21_22\PreReq-CollegeFinancePlan-Student@Saved-Ugrad-Job-21_22-CreateStudent.data.csv" -e "c:\agt6\_work\6\a\api\environment\regapiautomation\testdata\shoppingsheets\prereq-student-saved-ugrad-job-21_22\..\..\..\RegApiAutoEnvironment.postman_environment.json" -r junit,html --reporter-html-export "PreReq-CollegeFinancePlan-Student@Saved-Ugrad-Job-21_22-CreateStudent_Html.html" --reporter-junit-export "PreReq-CollegeFinancePlan-Student@Saved-Ugrad-Job-21_22-CreateStudent_Junit.xml"</StdOut>
          </Output>
          <ResultFiles>
            <ResultFile path="CLTBUILD23\PreReq-CollegeFinancePlan-Student@Saved-Ugrad-Job-21_22-CreateStudent_Html.html" />
            <ResultFile path="CLTBUILD23\PreReq-CollegeFinancePlan-Student@Saved-Ugrad-Job-21_22-CreateStudent_Junit.xml" />
          </ResultFiles>
        </UnitTestResult>
        <UnitTestResult executionId="5179beb4-da9e-460f-b723-c19ab135b060" parentExecutionId="c07572d8-3e49-4f65-a8d1-ed7a237e0c45" testId="a1304e7f-ad91-4bd8-a284-ef08b7dde3a7" testName="2- prereq-collegefinanceplan-student@saved-ugrad-job-21_22-importisir (OT-10S-CollegeFinancePlan-Student-Saved-Ugrad-Job-21_22)" computerName="CLTBUILD23" duration="00:00:07.8643277" startTime="2021-04-12T09:26:21.5847421-04:00" endTime="2021-04-12T09:26:29.4501876-04:00" testType="13cdc9d9-ddb5-4fa4-a97d-d965ccfc6d4b" outcome="Passed" testListId="8c84fa94-04c1-424b-9868-57a2d4851a1d" relativeResultsDirectory="5179beb4-da9e-460f-b723-c19ab135b060">
          <Output>
            <StdOut>C:\Agt6\_work\_temp\TestResults\c2kbuild_CLTBUILD23 2021-04-12 08_12_36\In\5179beb4-da9e-460f-b723-c19ab135b060\CLTBUILD23&gt;if not defined TestLocation (set TestLocation=. ) &#xD;
&#xD;
C:\Agt6\_work\_temp\TestResults\c2kbuild_CLTBUILD23 2021-04-12 08_12_36\In\5179beb4-da9e-460f-b723-c19ab135b060\CLTBUILD23&gt;set CollectionFileName=c:\agt6\_work\6\a\api\environment\regapiautomation\testdata\shoppingsheets\prereq-student-saved-ugrad-job-21_22\..\..\..\..\..\PreReq\PreReq-ImportISIR.postman_collection.json &#xD;
&#xD;
C:\Agt6\_work\_temp\TestResults\c2kbuild_CLTBUILD23 2021-04-12 08_12_36\In\5179beb4-da9e-460f-b723-c19ab135b060\CLTBUILD23&gt;set DataFileName=c:\agt6\_work\6\a\api\environment\regapiautomation\testdata\shoppingsheets\prereq-student-saved-ugrad-job-21_22\PreReq-CollegeFinancePlan-Student@Saved-Ugrad-Job-21_22-ImportISIR.data.json &#xD;
&#xD;
C:\Agt6\_work\_temp\TestResults\c2kbuild_CLTBUILD23 2021-04-12 08_12_36\In\5179beb4-da9e-460f-b723-c19ab135b060\CLTBUILD23&gt;set EnvironmentFilePath=c:\agt6\_work\6\a\api\environment\regapiautomation\testdata\shoppingsheets\prereq-student-saved-ugrad-job-21_22\..\..\..\RegApiAutoEnvironment.postman_environment.json &#xD;
&#xD;
C:\Agt6\_work\_temp\TestResults\c2kbuild_CLTBUILD23 2021-04-12 08_12_36\In\5179beb4-da9e-460f-b723-c19ab135b060\CLTBUILD23&gt;set HtmlResultsFile=PreReq-CollegeFinancePlan-Student@Saved-Ugrad-Job-21_22-ImportISIR_Html.html &#xD;
&#xD;
C:\Agt6\_work\_temp\TestResults\c2kbuild_CLTBUILD23 2021-04-12 08_12_36\In\5179beb4-da9e-460f-b723-c19ab135b060\CLTBUILD23&gt;set JunitResultsFile=PreReq-CollegeFinancePlan-Student@Saved-Ugrad-Job-21_22-ImportISIR_Junit.xml &#xD;
&#xD;
C:\Agt6\_work\_temp\TestResults\c2kbuild_CLTBUILD23 2021-04-12 08_12_36\In\5179beb4-da9e-460f-b723-c19ab135b060\CLTBUILD23&gt;newman run "c:\agt6\_work\6\a\api\environment\regapiautomation\testdata\shoppingsheets\prereq-student-saved-ugrad-job-21_22\..\..\..\..\..\PreReq\PreReq-ImportISIR.postman_collection.json" -k -d "c:\agt6\_work\6\a\api\environment\regapiautomation\testdata\shoppingsheets\prereq-student-saved-ugrad-job-21_22\PreReq-CollegeFinancePlan-Student@Saved-Ugrad-Job-21_22-ImportISIR.data.json" -e "c:\agt6\_work\6\a\api\environment\regapiautomation\testdata\shoppingsheets\prereq-student-saved-ugrad-job-21_22\..\..\..\RegApiAutoEnvironment.postman_environment.json" -r junit,html --reporter-html-export "PreReq-CollegeFinancePlan-Student@Saved-Ugrad-Job-21_22-ImportISIR_Html.html" --reporter-junit-export "PreReq-CollegeFinancePlan-Student@Saved-Ugrad-Job-21_22-ImportISIR_Junit.xml"</StdOut>
          </Output>
          <ResultFiles>
            <ResultFile path="CLTBUILD23\PreReq-CollegeFinancePlan-Student@Saved-Ugrad-Job-21_22-ImportISIR_Html.html" />
            <ResultFile path="CLTBUILD23\PreReq-CollegeFinancePlan-Student@Saved-Ugrad-Job-21_22-ImportISIR_Junit.xml" />
          </ResultFiles>
        </UnitTestResult>
        <UnitTestResult executionId="2ad02355-5525-4f15-a802-af23188263fb" parentExecutionId="c07572d8-3e49-4f65-a8d1-ed7a237e0c45" testId="584a69a0-c2b7-4b25-b481-a45aa22352ad" testName="3- prereq-collegefinanceplan-student@saved-ugrad-job-21_22-enrollstudent (OT-10S-CollegeFinancePlan-Student-Saved-Ugrad-Job-21_22)" computerName="CLTBUILD23" duration="00:00:12.3425302" startTime="2021-04-12T09:26:29.4531839-04:00" endTime="2021-04-12T09:26:41.7983038-04:00" testType="13cdc9d9-ddb5-4fa4-a97d-d965ccfc6d4b" outcome="Passed" testListId="8c84fa94-04c1-424b-9868-57a2d4851a1d" relativeResultsDirectory="2ad02355-5525-4f15-a802-af23188263fb">
          <Output>
            <StdOut>C:\Agt6\_work\_temp\TestResults\c2kbuild_CLTBUILD23 2021-04-12 08_12_36\In\2ad02355-5525-4f15-a802-af23188263fb\CLTBUILD23&gt;if not defined TestLocation (set TestLocation=. ) &#xD;
&#xD;
C:\Agt6\_work\_temp\TestResults\c2kbuild_CLTBUILD23 2021-04-12 08_12_36\In\2ad02355-5525-4f15-a802-af23188263fb\CLTBUILD23&gt;set CollectionFileName=c:\agt6\_work\6\a\api\environment\regapiautomation\testdata\shoppingsheets\prereq-student-saved-ugrad-job-21_22\..\..\..\..\..\PreReq\PreReq-EnrollStudent.postman_collection.json &#xD;
&#xD;
C:\Agt6\_work\_temp\TestResults\c2kbuild_CLTBUILD23 2021-04-12 08_12_36\In\2ad02355-5525-4f15-a802-af23188263fb\CLTBUILD23&gt;set DataFileName=c:\agt6\_work\6\a\api\environment\regapiautomation\testdata\shoppingsheets\prereq-student-saved-ugrad-job-21_22\PreReq-CollegeFinancePlan-Student@Saved-Ugrad-Job-21_22-EnrollStudent.data.csv &#xD;
&#xD;
C:\Agt6\_work\_temp\TestResults\c2kbuild_CLTBUILD23 2021-04-12 08_12_36\In\2ad02355-5525-4f15-a802-af23188263fb\CLTBUILD23&gt;set EnvironmentFilePath=c:\agt6\_work\6\a\api\environment\regapiautomation\testdata\shoppingsheets\prereq-student-saved-ugrad-job-21_22\..\..\..\RegApiAutoEnvironment.postman_environment.json &#xD;
&#xD;
C:\Agt6\_work\_temp\TestResults\c2kbuild_CLTBUILD23 2021-04-12 08_12_36\In\2ad02355-5525-4f15-a802-af23188263fb\CLTBUILD23&gt;set HtmlResultsFile=PreReq-CollegeFinancePlan-Student@Saved-Ugrad-Job-21_22-EnrollStudent_Html.html &#xD;
&#xD;
C:\Agt6\_work\_temp\TestResults\c2kbuild_CLTBUILD23 2021-04-12 08_12_36\In\2ad02355-5525-4f15-a802-af23188263fb\CLTBUILD23&gt;set JunitResultsFile=PreReq-CollegeFinancePlan-Student@Saved-Ugrad-Job-21_22-EnrollStudent_Junit.xml &#xD;
&#xD;
C:\Agt6\_work\_temp\TestResults\c2kbuild_CLTBUILD23 2021-04-12 08_12_36\In\2ad02355-5525-4f15-a802-af23188263fb\CLTBUILD23&gt;newman run "c:\agt6\_work\6\a\api\environment\regapiautomation\testdata\shoppingsheets\prereq-student-saved-ugrad-job-21_22\..\..\..\..\..\PreReq\PreReq-EnrollStudent.postman_collection.json" -k -d "c:\agt6\_work\6\a\api\environment\regapiautomation\testdata\shoppingsheets\prereq-student-saved-ugrad-job-21_22\PreReq-CollegeFinancePlan-Student@Saved-Ugrad-Job-21_22-EnrollStudent.data.csv" -e "c:\agt6\_work\6\a\api\environment\regapiautomation\testdata\shoppingsheets\prereq-student-saved-ugrad-job-21_22\..\..\..\RegApiAutoEnvironment.postman_environment.json" -r junit,html --reporter-html-export "PreReq-CollegeFinancePlan-Student@Saved-Ugrad-Job-21_22-EnrollStudent_Html.html" --reporter-junit-export "PreReq-CollegeFinancePlan-Student@Saved-Ugrad-Job-21_22-EnrollStudent_Junit.xml"</StdOut>
          </Output>
          <ResultFiles>
            <ResultFile path="CLTBUILD23\PreReq-CollegeFinancePlan-Student@Saved-Ugrad-Job-21_22-EnrollStudent_Html.html" />
            <ResultFile path="CLTBUILD23\PreReq-CollegeFinancePlan-Student@Saved-Ugrad-Job-21_22-EnrollStudent_Junit.xml" />
          </ResultFiles>
        </UnitTestResult>
        <UnitTestResult executionId="2380aed6-019d-45b5-85bf-fe1a09aae439" parentExecutionId="c07572d8-3e49-4f65-a8d1-ed7a237e0c45" testId="7f398d13-d657-4226-9c09-a83f186e6962" testName="4- prereq-collegefinanceplan-student@saved-ugrad-job-21_22-updatebudgetforacademicyearforpackaging (OT-10S-CollegeFinancePlan-Student-Saved-Ugrad-Job-21_22)" computerName="CLTBUILD23" duration="00:00:08.0153020" startTime="2021-04-12T09:26:41.7983038-04:00" endTime="2021-04-12T09:26:49.8197377-04:00" testType="13cdc9d9-ddb5-4fa4-a97d-d965ccfc6d4b" outcome="Passed" testListId="8c84fa94-04c1-424b-9868-57a2d4851a1d" relativeResultsDirectory="2380aed6-019d-45b5-85bf-fe1a09aae439">
          <Output>
            <StdOut>C:\Agt6\_work\_temp\TestResults\c2kbuild_CLTBUILD23 2021-04-12 08_12_36\In\2380aed6-019d-45b5-85bf-fe1a09aae439\CLTBUILD23&gt;if not defined TestLocation (set TestLocation=. ) &#xD;
&#xD;
C:\Agt6\_work\_temp\TestResults\c2kbuild_CLTBUILD23 2021-04-12 08_12_36\In\2380aed6-019d-45b5-85bf-fe1a09aae439\CLTBUILD23&gt;set CollectionFileName=c:\agt6\_work\6\a\api\environment\regapiautomation\testdata\shoppingsheets\prereq-student-saved-ugrad-job-21_22\..\..\..\..\..\PreReq\PreReq-UpdateBudgetForAcademicYearForPackaging.postman_collection.json &#xD;
&#xD;
C:\Agt6\_work\_temp\TestResults\c2kbuild_CLTBUILD23 2021-04-12 08_12_36\In\2380aed6-019d-45b5-85bf-fe1a09aae439\CLTBUILD23&gt;set DataFileName=c:\agt6\_work\6\a\api\environment\regapiautomation\testdata\shoppingsheets\prereq-student-saved-ugrad-job-21_22\PreReq-CollegeFinancePlan-Student@Saved-Ugrad-Job-21_22-UpdateBudgetForAcademicYearForPackaging.data.csv &#xD;
&#xD;
C:\Agt6\_work\_temp\TestResults\c2kbuild_CLTBUILD23 2021-04-12 08_12_36\In\2380aed6-019d-45b5-85bf-fe1a09aae439\CLTBUILD23&gt;set EnvironmentFilePath=c:\agt6\_work\6\a\api\environment\regapiautomation\testdata\shoppingsheets\prereq-student-saved-ugrad-job-21_22\..\..\..\RegApiAutoEnvironment.postman_environment.json &#xD;
&#xD;
C:\Agt6\_work\_temp\TestResults\c2kbuild_CLTBUILD23 2021-04-12 08_12_36\In\2380aed6-019d-45b5-85bf-fe1a09aae439\CLTBUILD23&gt;set HtmlResultsFile=PreReq-CollegeFinancePlan-Student@Saved-Ugrad-Job-21_22-UpdateBudgetForAcademicYearForPackaging_Html.html &#xD;
&#xD;
C:\Agt6\_work\_temp\TestResults\c2kbuild_CLTBUILD23 2021-04-12 08_12_36\In\2380aed6-019d-45b5-85bf-fe1a09aae439\CLTBUILD23&gt;set JunitResultsFile=PreReq-CollegeFinancePlan-Student@Saved-Ugrad-Job-21_22-UpdateBudgetForAcademicYearForPackaging_Junit.xml &#xD;
&#xD;
C:\Agt6\_work\_temp\TestResults\c2kbuild_CLTBUILD23 2021-04-12 08_12_36\In\2380aed6-019d-45b5-85bf-fe1a09aae439\CLTBUILD23&gt;newman run "c:\agt6\_work\6\a\api\environment\regapiautomation\testdata\shoppingsheets\prereq-student-saved-ugrad-job-21_22\..\..\..\..\..\PreReq\PreReq-UpdateBudgetForAcademicYearForPackaging.postman_collection.json" -k -d "c:\agt6\_work\6\a\api\environment\regapiautomation\testdata\shoppingsheets\prereq-student-saved-ugrad-job-21_22\PreReq-CollegeFinancePlan-Student@Saved-Ugrad-Job-21_22-UpdateBudgetForAcademicYearForPackaging.data.csv" -e "c:\agt6\_work\6\a\api\environment\regapiautomation\testdata\shoppingsheets\prereq-student-saved-ugrad-job-21_22\..\..\..\RegApiAutoEnvironment.postman_environment.json" -r junit,html --reporter-html-export "PreReq-CollegeFinancePlan-Student@Saved-Ugrad-Job-21_22-UpdateBudgetForAcademicYearForPackaging_Html.html" --reporter-junit-export "PreReq-CollegeFinancePlan-Student@Saved-Ugrad-Job-21_22-UpdateBudgetForAcademicYearForPackaging_Junit.xml"</StdOut>
          </Output>
          <ResultFiles>
            <ResultFile path="CLTBUILD23\PreReq-CollegeFinancePlan-Student@Saved-Ugrad-Job-21_22-UpdateBudgetForAcademicYearForPackaging_Html.html" />
            <ResultFile path="CLTBUILD23\PreReq-CollegeFinancePlan-Student@Saved-Ugrad-Job-21_22-UpdateBudgetForAcademicYearForPackaging_Junit.xml" />
          </ResultFiles>
        </UnitTestResult>
        <UnitTestResult executionId="61ec9090-a9de-46ca-aa87-f8263df316de" parentExecutionId="c07572d8-3e49-4f65-a8d1-ed7a237e0c45" testId="a6b9ed6f-81cb-4cb4-b9ad-f16d2683b4b1" testName="5- prereq-collegefinanceplan-student@saved-ugrad-job-21_22-awardgrantorloanforpackaging (OT-10S-CollegeFinancePlan-Student-Saved-Ugrad-Job-21_22)" computerName="CLTBUILD23" duration="00:00:10.9741412" startTime="2021-04-12T09:26:49.8207387-04:00" endTime="2021-04-12T09:27:00.7979665-04:00" testType="13cdc9d9-ddb5-4fa4-a97d-d965ccfc6d4b" outcome="Passed" testListId="8c84fa94-04c1-424b-9868-57a2d4851a1d" relativeResultsDirectory="61ec9090-a9de-46ca-aa87-f8263df316de">
          <Output>
            <StdOut>C:\Agt6\_work\_temp\TestResults\c2kbuild_CLTBUILD23 2021-04-12 08_12_36\In\61ec9090-a9de-46ca-aa87-f8263df316de\CLTBUILD23&gt;if not defined TestLocation (set TestLocation=. ) &#xD;
&#xD;
C:\Agt6\_work\_temp\TestResults\c2kbuild_CLTBUILD23 2021-04-12 08_12_36\In\61ec9090-a9de-46ca-aa87-f8263df316de\CLTBUILD23&gt;set CollectionFileName=c:\agt6\_work\6\a\api\environment\regapiautomation\testdata\shoppingsheets\prereq-student-saved-ugrad-job-21_22\..\..\..\..\..\PreReq\PreReq-AwardGrantorLoanForPackaging.postman_collection.json &#xD;
&#xD;
C:\Agt6\_work\_temp\TestResults\c2kbuild_CLTBUILD23 2021-04-12 08_12_36\In\61ec9090-a9de-46ca-aa87-f8263df316de\CLTBUILD23&gt;set DataFileName=c:\agt6\_work\6\a\api\environment\regapiautomation\testdata\shoppingsheets\prereq-student-saved-ugrad-job-21_22\PreReq-CollegeFinancePlan-Student@Saved-Ugrad-Job-21_22-AwardGrantorLoanForPackaging.data.csv &#xD;
&#xD;
C:\Agt6\_work\_temp\TestResults\c2kbuild_CLTBUILD23 2021-04-12 08_12_36\In\61ec9090-a9de-46ca-aa87-f8263df316de\CLTBUILD23&gt;set EnvironmentFilePath=c:\agt6\_work\6\a\api\environment\regapiautomation\testdata\shoppingsheets\prereq-student-saved-ugrad-job-21_22\..\..\..\RegApiAutoEnvironment.postman_environment.json &#xD;
&#xD;
C:\Agt6\_work\_temp\TestResults\c2kbuild_CLTBUILD23 2021-04-12 08_12_36\In\61ec9090-a9de-46ca-aa87-f8263df316de\CLTBUILD23&gt;set HtmlResultsFile=AwardGrantorLoanForPackaging_Html.html &#xD;
&#xD;
C:\Agt6\_work\_temp\TestResults\c2kbuild_CLTBUILD23 2021-04-12 08_12_36\In\61ec9090-a9de-46ca-aa87-f8263df316de\CLTBUILD23&gt;set JunitResultsFile=AwardGrantorLoanForPackaging_Junit.xml &#xD;
&#xD;
C:\Agt6\_work\_temp\TestResults\c2kbuild_CLTBUILD23 2021-04-12 08_12_36\In\61ec9090-a9de-46ca-aa87-f8263df316de\CLTBUILD23&gt;newman run "c:\agt6\_work\6\a\api\environment\regapiautomation\testdata\shoppingsheets\prereq-student-saved-ugrad-job-21_22\..\..\..\..\..\PreReq\PreReq-AwardGrantorLoanForPackaging.postman_collection.json" -d "c:\agt6\_work\6\a\api\environment\regapiautomation\testdata\shoppingsheets\prereq-student-saved-ugrad-job-21_22\PreReq-CollegeFinancePlan-Student@Saved-Ugrad-Job-21_22-AwardGrantorLoanForPackaging.data.csv" -e "c:\agt6\_work\6\a\api\environment\regapiautomation\testdata\shoppingsheets\prereq-student-saved-ugrad-job-21_22\..\..\..\RegApiAutoEnvironment.postman_environment.json" -k -r junit,html --reporter-html-export "AwardGrantorLoanForPackaging_Html.html" --reporter-junit-export "AwardGrantorLoanForPackaging_Junit.xml"</StdOut>
          </Output>
          <ResultFiles>
            <ResultFile path="CLTBUILD23\AwardGrantorLoanForPackaging_Html.html" />
            <ResultFile path="CLTBUILD23\AwardGrantorLoanForPackaging_Junit.xml" />
          </ResultFiles>
        </UnitTestResult>
        <UnitTestResult executionId="5fe29330-b195-4dc6-9ba6-b7586febb8bf" parentExecutionId="c07572d8-3e49-4f65-a8d1-ed7a237e0c45" testId="00609e86-8f24-460c-9067-7d647f000da3" testName="6- prereq-collegefinanceplan-student@saved-ugrad-job-21_22-awardloanforpackaging (OT-10S-CollegeFinancePlan-Student-Saved-Ugrad-Job-21_22)" computerName="CLTBUILD23" duration="00:00:16.4118890" startTime="2021-04-12T09:27:00.7979665-04:00" endTime="2021-04-12T09:27:17.2218026-04:00" testType="13cdc9d9-ddb5-4fa4-a97d-d965ccfc6d4b" outcome="Passed" testListId="8c84fa94-04c1-424b-9868-57a2d4851a1d" relativeResultsDirectory="5fe29330-b195-4dc6-9ba6-b7586febb8bf">
          <Output>
            <StdOut>C:\Agt6\_work\_temp\TestResults\c2kbuild_CLTBUILD23 2021-04-12 08_12_36\In\5fe29330-b195-4dc6-9ba6-b7586febb8bf\CLTBUILD23&gt;if not defined TestLocation (set TestLocation=. ) &#xD;
&#xD;
C:\Agt6\_work\_temp\TestResults\c2kbuild_CLTBUILD23 2021-04-12 08_12_36\In\5fe29330-b195-4dc6-9ba6-b7586febb8bf\CLTBUILD23&gt;set CollectionFileName=c:\agt6\_work\6\a\api\environment\regapiautomation\testdata\shoppingsheets\prereq-student-saved-ugrad-job-21_22\..\..\..\..\..\\PreReq\PreReq-AwardLoanForPackaging.postman_collection.json &#xD;
&#xD;
C:\Agt6\_work\_temp\TestResults\c2kbuild_CLTBUILD23 2021-04-12 08_12_36\In\5fe29330-b195-4dc6-9ba6-b7586febb8bf\CLTBUILD23&gt;set DataFileName=c:\agt6\_work\6\a\api\environment\regapiautomation\testdata\shoppingsheets\prereq-student-saved-ugrad-job-21_22\PreReq-CollegeFinancePlan-Student@Saved-Ugrad-Job-21_22-AwardLoanForPackaging.data.csv &#xD;
&#xD;
C:\Agt6\_work\_temp\TestResults\c2kbuild_CLTBUILD23 2021-04-12 08_12_36\In\5fe29330-b195-4dc6-9ba6-b7586febb8bf\CLTBUILD23&gt;set EnvironmentFilePath=c:\agt6\_work\6\a\api\environment\regapiautomation\testdata\shoppingsheets\prereq-student-saved-ugrad-job-21_22\..\..\..\RegApiAutoEnvironment.postman_environment.json &#xD;
&#xD;
C:\Agt6\_work\_temp\TestResults\c2kbuild_CLTBUILD23 2021-04-12 08_12_36\In\5fe29330-b195-4dc6-9ba6-b7586febb8bf\CLTBUILD23&gt;set HtmlResultsFile=PreReq-CollegeFinancePlan-Student@Saved-Ugrad-Job-21_22-AwardLoanForPackaging_Html.html &#xD;
&#xD;
C:\Agt6\_work\_temp\TestResults\c2kbuild_CLTBUILD23 2021-04-12 08_12_36\In\5fe29330-b195-4dc6-9ba6-b7586febb8bf\CLTBUILD23&gt;set JunitResultsFile=PreReq-CollegeFinancePlan-Student@Saved-Ugrad-Job-21_22-AwardLoanForPackaging_Junit.xml &#xD;
&#xD;
C:\Agt6\_work\_temp\TestResults\c2kbuild_CLTBUILD23 2021-04-12 08_12_36\In\5fe29330-b195-4dc6-9ba6-b7586febb8bf\CLTBUILD23&gt;newman run "c:\agt6\_work\6\a\api\environment\regapiautomation\testdata\shoppingsheets\prereq-student-saved-ugrad-job-21_22\..\..\..\..\..\\PreReq\PreReq-AwardLoanForPackaging.postman_collection.json" -k -d "c:\agt6\_work\6\a\api\environment\regapiautomation\testdata\shoppingsheets\prereq-student-saved-ugrad-job-21_22\PreReq-CollegeFinancePlan-Student@Saved-Ugrad-Job-21_22-AwardLoanForPackaging.data.csv" -e "c:\agt6\_work\6\a\api\environment\regapiautomation\testdata\shoppingsheets\prereq-student-saved-ugrad-job-21_22\..\..\..\RegApiAutoEnvironment.postman_environment.json" -r junit,html --reporter-html-export "PreReq-CollegeFinancePlan-Student@Saved-Ugrad-Job-21_22-AwardLoanForPackaging_Html.html" --reporter-junit-export "PreReq-CollegeFinancePlan-Student@Saved-Ugrad-Job-21_22-AwardLoanForPackaging_Junit.xml"</StdOut>
          </Output>
          <ResultFiles>
            <ResultFile path="CLTBUILD23\PreReq-CollegeFinancePlan-Student@Saved-Ugrad-Job-21_22-AwardLoanForPackaging_Html.html" />
            <ResultFile path="CLTBUILD23\PreReq-CollegeFinancePlan-Student@Saved-Ugrad-Job-21_22-AwardLoanForPackaging_Junit.xml" />
          </ResultFiles>
        </UnitTestResult>
        <UnitTestResult executionId="1c28e987-affe-4658-adec-d727f86b48a0" parentExecutionId="c07572d8-3e49-4f65-a8d1-ed7a237e0c45" testId="8f501d3f-8637-4717-bfac-d9852c9f5477" testName="7- collegefinanceplan-student@saved-ugrad-job-21_22-generictest (OT-10S-CollegeFinancePlan-Student-Saved-Ugrad-Job-21_22)" computerName="CLTBUILD23" duration="00:00:17.9432612" startTime="2021-04-12T09:27:17.2228081-04:00" endTime="2021-04-12T09:27:35.1655454-04:00" testType="13cdc9d9-ddb5-4fa4-a97d-d965ccfc6d4b" outcome="Passed" testListId="8c84fa94-04c1-424b-9868-57a2d4851a1d" relativeResultsDirectory="1c28e987-affe-4658-adec-d727f86b48a0">
          <Output>
            <StdOut>C:\Agt6\_work\_temp\TestResults\c2kbuild_CLTBUILD23 2021-04-12 08_12_36\In\1c28e987-affe-4658-adec-d727f86b48a0\CLTBUILD23&gt;if not defined TestLocation (set TestLocation=. ) &#xD;
&#xD;
C:\Agt6\_work\_temp\TestResults\c2kbuild_CLTBUILD23 2021-04-12 08_12_36\In\1c28e987-affe-4658-adec-d727f86b48a0\CLTBUILD23&gt;set CollectionFileName=c:\agt6\_work\6\a\api\environment\regapiautomation\testdata\shoppingsheets\..\..\..\..\Tests\ShoppingSheets\ShoppingSheets-Student@HP-Saved.postman_collection.json &#xD;
&#xD;
C:\Agt6\_work\_temp\TestResults\c2kbuild_CLTBUILD23 2021-04-12 08_12_36\In\1c28e987-affe-4658-adec-d727f86b48a0\CLTBUILD23&gt;set DataFileName=c:\agt6\_work\6\a\api\environment\regapiautomation\testdata\shoppingsheets\CollegeFinancePlan-Student@Saved-Ugrad-Job-21_22.data.json &#xD;
&#xD;
C:\Agt6\_work\_temp\TestResults\c2kbuild_CLTBUILD23 2021-04-12 08_12_36\In\1c28e987-affe-4658-adec-d727f86b48a0\CLTBUILD23&gt;set EnvironmentFilePath=c:\agt6\_work\6\a\api\environment\regapiautomation\testdata\shoppingsheets\..\..\RegApiAutoEnvironment.postman_environment.json &#xD;
&#xD;
C:\Agt6\_work\_temp\TestResults\c2kbuild_CLTBUILD23 2021-04-12 08_12_36\In\1c28e987-affe-4658-adec-d727f86b48a0\CLTBUILD23&gt;set HtmlResultsFile=CollegeFinancePlan-Student@Saved-Ugrad-Job-21_22_Html.html &#xD;
&#xD;
C:\Agt6\_work\_temp\TestResults\c2kbuild_CLTBUILD23 2021-04-12 08_12_36\In\1c28e987-affe-4658-adec-d727f86b48a0\CLTBUILD23&gt;set JunitResultsFile=CollegeFinancePlan-Student@Saved-Ugrad-Job-21_22_Junit.xml &#xD;
&#xD;
C:\Agt6\_work\_temp\TestResults\c2kbuild_CLTBUILD23 2021-04-12 08_12_36\In\1c28e987-affe-4658-adec-d727f86b48a0\CLTBUILD23&gt;newman run "c:\agt6\_work\6\a\api\environment\regapiautomation\testdata\shoppingsheets\..\..\..\..\Tests\ShoppingSheets\ShoppingSheets-Student@HP-Saved.postman_collection.json" -k -d "c:\agt6\_work\6\a\api\environment\regapiautomation\testdata\shoppingsheets\CollegeFinancePlan-Student@Saved-Ugrad-Job-21_22.data.json" -e "c:\agt6\_work\6\a\api\environment\regapiautomation\testdata\shoppingsheets\..\..\RegApiAutoEnvironment.postman_environment.json" -r junit,html --reporter-html-export "CollegeFinancePlan-Student@Saved-Ugrad-Job-21_22_Html.html" --reporter-junit-export "CollegeFinancePlan-Student@Saved-Ugrad-Job-21_22_Junit.xml"</StdOut>
          </Output>
          <ResultFiles>
            <ResultFile path="CLTBUILD23\CollegeFinancePlan-Student@Saved-Ugrad-Job-21_22_Html.html" />
            <ResultFile path="CLTBUILD23\CollegeFinancePlan-Student@Saved-Ugrad-Job-21_22_Junit.xml" />
          </ResultFiles>
        </UnitTestResult>
      </InnerResults>
    </TestResultAggregation>
    <TestResultAggregation executionId="ceba3cfb-f8cb-422b-acab-d09e7e4412a4" testId="741de36e-70c2-4275-94a0-843ec0c4b30a" testName="OT-01-CODExport_18-19" computerName="CLTBUILD23" duration="00:01:11.7577676" startTime="2021-04-12T08:16:33.7497818-04:00" endTime="2021-04-12T08:17:45.4993151-04:00" testType="ec4800e8-40e5-4ab3-8510-b8bf29b1904d" outcome="Passed" testListId="8c84fa94-04c1-424b-9868-57a2d4851a1d" relativeResultsDirectory="ceba3cfb-f8cb-422b-acab-d09e7e4412a4">
      <InnerResults>
        <UnitTestResult executionId="885c3ee1-1397-4a24-b2bf-d72f11b5f35c" parentExecutionId="ceba3cfb-f8cb-422b-acab-d09e7e4412a4" testId="272214a2-ee76-404d-bb03-2102acca9695" testName="1- prereq-codexport@hp_18-19-createstudent-generictest (OT-01-CODExport_18-19)" computerName="CLTBUILD23" duration="00:00:08.3547928" startTime="2021-04-12T08:16:33.7507836-04:00" endTime="2021-04-12T08:16:42.1061885-04:00" testType="13cdc9d9-ddb5-4fa4-a97d-d965ccfc6d4b" outcome="Passed" testListId="8c84fa94-04c1-424b-9868-57a2d4851a1d" relativeResultsDirectory="885c3ee1-1397-4a24-b2bf-d72f11b5f35c">
          <Output>
            <StdOut>C:\Agt6\_work\_temp\TestResults\c2kbuild_CLTBUILD23 2021-04-12 08_12_36\In\885c3ee1-1397-4a24-b2bf-d72f11b5f35c\CLTBUILD23&gt;if not defined TestLocation (set TestLocation=. ) &#xD;
&#xD;
C:\Agt6\_work\_temp\TestResults\c2kbuild_CLTBUILD23 2021-04-12 08_12_36\In\885c3ee1-1397-4a24-b2bf-d72f11b5f35c\CLTBUILD23&gt;set CollectionFileName=c:\agt6\_work\6\a\api\environment\regapiautomation\testdata\codexport\prereq_18-19\..\..\..\..\..\PreReq\PreReq-CreateStudent.postman_collection.json &#xD;
&#xD;
C:\Agt6\_work\_temp\TestResults\c2kbuild_CLTBUILD23 2021-04-12 08_12_36\In\885c3ee1-1397-4a24-b2bf-d72f11b5f35c\CLTBUILD23&gt;set DataFileName=c:\agt6\_work\6\a\api\environment\regapiautomation\testdata\codexport\prereq_18-19\PreReq-CODExport@HP_18-19-CreateStudent.data.csv &#xD;
&#xD;
C:\Agt6\_work\_temp\TestResults\c2kbuild_CLTBUILD23 2021-04-12 08_12_36\In\885c3ee1-1397-4a24-b2bf-d72f11b5f35c\CLTBUILD23&gt;set EnvironmentFilePath=c:\agt6\_work\6\a\api\environment\regapiautomation\testdata\codexport\prereq_18-19\..\..\..\RegApiAutoEnvironment.postman_environment.json &#xD;
&#xD;
C:\Agt6\_work\_temp\TestResults\c2kbuild_CLTBUILD23 2021-04-12 08_12_36\In\885c3ee1-1397-4a24-b2bf-d72f11b5f35c\CLTBUILD23&gt;set HtmlResultsFile=CreateStudent_18-19_Html.html &#xD;
&#xD;
C:\Agt6\_work\_temp\TestResults\c2kbuild_CLTBUILD23 2021-04-12 08_12_36\In\885c3ee1-1397-4a24-b2bf-d72f11b5f35c\CLTBUILD23&gt;set JunitResultsFile=CreateStudent_18-19_Junit.xml &#xD;
&#xD;
C:\Agt6\_work\_temp\TestResults\c2kbuild_CLTBUILD23 2021-04-12 08_12_36\In\885c3ee1-1397-4a24-b2bf-d72f11b5f35c\CLTBUILD23&gt;newman run "c:\agt6\_work\6\a\api\environment\regapiautomation\testdata\codexport\prereq_18-19\..\..\..\..\..\PreReq\PreReq-CreateStudent.postman_collection.json" -k -d "c:\agt6\_work\6\a\api\environment\regapiautomation\testdata\codexport\prereq_18-19\PreReq-CODExport@HP_18-19-CreateStudent.data.csv" -e "c:\agt6\_work\6\a\api\environment\regapiautomation\testdata\codexport\prereq_18-19\..\..\..\RegApiAutoEnvironment.postman_environment.json" -r junit,html --reporter-html-export "CreateStudent_18-19_Html.html" --reporter-junit-export "CreateStudent_18-19_Junit.xml"</StdOut>
          </Output>
          <ResultFiles>
            <ResultFile path="CLTBUILD23\CreateStudent_18-19_Html.html" />
            <ResultFile path="CLTBUILD23\CreateStudent_18-19_Junit.xml" />
          </ResultFiles>
        </UnitTestResult>
        <UnitTestResult executionId="cb97eefe-ddb5-4077-905f-16eae3dcf6fe" parentExecutionId="ceba3cfb-f8cb-422b-acab-d09e7e4412a4" testId="e4e7906e-bb80-425d-8871-e23fea3d625f" testName="2- prereq-codexport@hp_18-19-importisir-generictest (OT-01-CODExport_18-19)" computerName="CLTBUILD23" duration="00:00:10.5949868" startTime="2021-04-12T08:16:42.1061885-04:00" endTime="2021-04-12T08:16:52.7044431-04:00" testType="13cdc9d9-ddb5-4fa4-a97d-d965ccfc6d4b" outcome="Passed" testListId="8c84fa94-04c1-424b-9868-57a2d4851a1d" relativeResultsDirectory="cb97eefe-ddb5-4077-905f-16eae3dcf6fe">
          <Output>
            <StdOut>C:\Agt6\_work\_temp\TestResults\c2kbuild_CLTBUILD23 2021-04-12 08_12_36\In\cb97eefe-ddb5-4077-905f-16eae3dcf6fe\CLTBUILD23&gt;if not defined TestLocation (set TestLocation=. ) &#xD;
&#xD;
C:\Agt6\_work\_temp\TestResults\c2kbuild_CLTBUILD23 2021-04-12 08_12_36\In\cb97eefe-ddb5-4077-905f-16eae3dcf6fe\CLTBUILD23&gt;set CollectionFileName=c:\agt6\_work\6\a\api\environment\regapiautomation\testdata\codexport\prereq_18-19\..\..\..\..\..\PreReq\PreReq-ImportISIR.postman_collection.json &#xD;
&#xD;
C:\Agt6\_work\_temp\TestResults\c2kbuild_CLTBUILD23 2021-04-12 08_12_36\In\cb97eefe-ddb5-4077-905f-16eae3dcf6fe\CLTBUILD23&gt;set DataFileName=c:\agt6\_work\6\a\api\environment\regapiautomation\testdata\codexport\prereq_18-19\PreReq-CODExport@HP_18-19-ImportISIR.data.json &#xD;
&#xD;
C:\Agt6\_work\_temp\TestResults\c2kbuild_CLTBUILD23 2021-04-12 08_12_36\In\cb97eefe-ddb5-4077-905f-16eae3dcf6fe\CLTBUILD23&gt;set EnvironmentFilePath=c:\agt6\_work\6\a\api\environment\regapiautomation\testdata\codexport\prereq_18-19\..\..\..\RegApiAutoEnvironment.postman_environment.json &#xD;
&#xD;
C:\Agt6\_work\_temp\TestResults\c2kbuild_CLTBUILD23 2021-04-12 08_12_36\In\cb97eefe-ddb5-4077-905f-16eae3dcf6fe\CLTBUILD23&gt;set HtmlResultsFile=ImportISIR_18-19_Html.html &#xD;
&#xD;
C:\Agt6\_work\_temp\TestResults\c2kbuild_CLTBUILD23 2021-04-12 08_12_36\In\cb97eefe-ddb5-4077-905f-16eae3dcf6fe\CLTBUILD23&gt;set JunitResultsFile=ImportISIR_18-19_Junit.xml &#xD;
&#xD;
C:\Agt6\_work\_temp\TestResults\c2kbuild_CLTBUILD23 2021-04-12 08_12_36\In\cb97eefe-ddb5-4077-905f-16eae3dcf6fe\CLTBUILD23&gt;newman run "c:\agt6\_work\6\a\api\environment\regapiautomation\testdata\codexport\prereq_18-19\..\..\..\..\..\PreReq\PreReq-ImportISIR.postman_collection.json" -k -d "c:\agt6\_work\6\a\api\environment\regapiautomation\testdata\codexport\prereq_18-19\PreReq-CODExport@HP_18-19-ImportISIR.data.json" -e "c:\agt6\_work\6\a\api\environment\regapiautomation\testdata\codexport\prereq_18-19\..\..\..\RegApiAutoEnvironment.postman_environment.json" -r junit,html --reporter-html-export "ImportISIR_18-19_Html.html" --reporter-junit-export "ImportISIR_18-19_Junit.xml"</StdOut>
          </Output>
          <ResultFiles>
            <ResultFile path="CLTBUILD23\ImportISIR_18-19_Html.html" />
            <ResultFile path="CLTBUILD23\ImportISIR_18-19_Junit.xml" />
          </ResultFiles>
        </UnitTestResult>
        <UnitTestResult executionId="4a2be93b-dd2d-4444-b1c8-01d812577461" parentExecutionId="ceba3cfb-f8cb-422b-acab-d09e7e4412a4" testId="7ebbd344-c3ff-483d-9bb4-8ecc590d1b58" testName="3- prereq-codexport@hp_18-19-enrollstudent-generictest (OT-01-CODExport_18-19)" computerName="CLTBUILD23" duration="00:00:13.9236120" startTime="2021-04-12T08:16:52.7054419-04:00" endTime="2021-04-12T08:17:06.6293895-04:00" testType="13cdc9d9-ddb5-4fa4-a97d-d965ccfc6d4b" outcome="Passed" testListId="8c84fa94-04c1-424b-9868-57a2d4851a1d" relativeResultsDirectory="4a2be93b-dd2d-4444-b1c8-01d812577461">
          <Output>
            <StdOut>C:\Agt6\_work\_temp\TestResults\c2kbuild_CLTBUILD23 2021-04-12 08_12_36\In\4a2be93b-dd2d-4444-b1c8-01d812577461\CLTBUILD23&gt;if not defined TestLocation (set TestLocation=. ) &#xD;
&#xD;
C:\Agt6\_work\_temp\TestResults\c2kbuild_CLTBUILD23 2021-04-12 08_12_36\In\4a2be93b-dd2d-4444-b1c8-01d812577461\CLTBUILD23&gt;set CollectionFileName=c:\agt6\_work\6\a\api\environment\regapiautomation\testdata\codexport\prereq_18-19\..\..\..\..\..\PreReq\PreReq-EnrollStudent.postman_collection.json &#xD;
&#xD;
C:\Agt6\_work\_temp\TestResults\c2kbuild_CLTBUILD23 2021-04-12 08_12_36\In\4a2be93b-dd2d-4444-b1c8-01d812577461\CLTBUILD23&gt;set DataFileName=c:\agt6\_work\6\a\api\environment\regapiautomation\testdata\codexport\prereq_18-19\PreReq-CODExport@HP_18-19-EnrollStudent.data.csv &#xD;
&#xD;
C:\Agt6\_work\_temp\TestResults\c2kbuild_CLTBUILD23 2021-04-12 08_12_36\In\4a2be93b-dd2d-4444-b1c8-01d812577461\CLTBUILD23&gt;set EnvironmentFilePath=c:\agt6\_work\6\a\api\environment\regapiautomation\testdata\codexport\prereq_18-19\..\..\..\RegApiAutoEnvironment.postman_environment.json &#xD;
&#xD;
C:\Agt6\_work\_temp\TestResults\c2kbuild_CLTBUILD23 2021-04-12 08_12_36\In\4a2be93b-dd2d-4444-b1c8-01d812577461\CLTBUILD23&gt;set HtmlResultsFile=EnrollStudent_18-19_Html.html &#xD;
&#xD;
C:\Agt6\_work\_temp\TestResults\c2kbuild_CLTBUILD23 2021-04-12 08_12_36\In\4a2be93b-dd2d-4444-b1c8-01d812577461\CLTBUILD23&gt;set JunitResultsFile=EnrollStudent_18-19_Junit.xml &#xD;
&#xD;
C:\Agt6\_work\_temp\TestResults\c2kbuild_CLTBUILD23 2021-04-12 08_12_36\In\4a2be93b-dd2d-4444-b1c8-01d812577461\CLTBUILD23&gt;newman run "c:\agt6\_work\6\a\api\environment\regapiautomation\testdata\codexport\prereq_18-19\..\..\..\..\..\PreReq\PreReq-EnrollStudent.postman_collection.json" -k -d "c:\agt6\_work\6\a\api\environment\regapiautomation\testdata\codexport\prereq_18-19\PreReq-CODExport@HP_18-19-EnrollStudent.data.csv" -e "c:\agt6\_work\6\a\api\environment\regapiautomation\testdata\codexport\prereq_18-19\..\..\..\RegApiAutoEnvironment.postman_environment.json" -r junit,html --reporter-html-export "EnrollStudent_18-19_Html.html" --reporter-junit-export "EnrollStudent_18-19_Junit.xml"</StdOut>
          </Output>
          <ResultFiles>
            <ResultFile path="CLTBUILD23\EnrollStudent_18-19_Html.html" />
            <ResultFile path="CLTBUILD23\EnrollStudent_18-19_Junit.xml" />
          </ResultFiles>
        </UnitTestResult>
        <UnitTestResult executionId="9b3494b7-9960-463f-8025-8786cb1fc504" parentExecutionId="ceba3cfb-f8cb-422b-acab-d09e7e4412a4" testId="ff3d5617-e7f0-47d7-b4e4-194528b145d8" testName="4- prereq-codexport@hp_18-19-updatebudgetforacademicyearforpackaging-generictest (OT-01-CODExport_18-19)" computerName="CLTBUILD23" duration="00:00:07.8132155" startTime="2021-04-12T08:17:06.6293895-04:00" endTime="2021-04-12T08:17:14.4467869-04:00" testType="13cdc9d9-ddb5-4fa4-a97d-d965ccfc6d4b" outcome="Passed" testListId="8c84fa94-04c1-424b-9868-57a2d4851a1d" relativeResultsDirectory="9b3494b7-9960-463f-8025-8786cb1fc504">
          <Output>
            <StdOut>C:\Agt6\_work\_temp\TestResults\c2kbuild_CLTBUILD23 2021-04-12 08_12_36\In\9b3494b7-9960-463f-8025-8786cb1fc504\CLTBUILD23&gt;if not defined TestLocation (set TestLocation=. ) &#xD;
&#xD;
C:\Agt6\_work\_temp\TestResults\c2kbuild_CLTBUILD23 2021-04-12 08_12_36\In\9b3494b7-9960-463f-8025-8786cb1fc504\CLTBUILD23&gt;set CollectionFileName=c:\agt6\_work\6\a\api\environment\regapiautomation\testdata\codexport\prereq_18-19\..\..\..\..\..\PreReq\PreReq-UpdateBudgetForAcademicYearForPackaging.postman_collection.json &#xD;
&#xD;
C:\Agt6\_work\_temp\TestResults\c2kbuild_CLTBUILD23 2021-04-12 08_12_36\In\9b3494b7-9960-463f-8025-8786cb1fc504\CLTBUILD23&gt;set DataFileName=c:\agt6\_work\6\a\api\environment\regapiautomation\testdata\codexport\prereq_18-19\PreReq-CODExport@HP_18-19-UpdateBudgetForAcademicYearForPackaging.data.csv &#xD;
&#xD;
C:\Agt6\_work\_temp\TestResults\c2kbuild_CLTBUILD23 2021-04-12 08_12_36\In\9b3494b7-9960-463f-8025-8786cb1fc504\CLTBUILD23&gt;set EnvironmentFilePath=c:\agt6\_work\6\a\api\environment\regapiautomation\testdata\codexport\prereq_18-19\..\..\..\RegApiAutoEnvironment.postman_environment.json &#xD;
&#xD;
C:\Agt6\_work\_temp\TestResults\c2kbuild_CLTBUILD23 2021-04-12 08_12_36\In\9b3494b7-9960-463f-8025-8786cb1fc504\CLTBUILD23&gt;set HtmlResultsFile=UpdateBudgetForAcademicYearForPackaging_18-19_Html.html &#xD;
&#xD;
C:\Agt6\_work\_temp\TestResults\c2kbuild_CLTBUILD23 2021-04-12 08_12_36\In\9b3494b7-9960-463f-8025-8786cb1fc504\CLTBUILD23&gt;set JunitResultsFile=UpdateBudgetForAcademicYearForPackaging_18-19_Junit.xml &#xD;
&#xD;
C:\Agt6\_work\_temp\TestResults\c2kbuild_CLTBUILD23 2021-04-12 08_12_36\In\9b3494b7-9960-463f-8025-8786cb1fc504\CLTBUILD23&gt;newman run "c:\agt6\_work\6\a\api\environment\regapiautomation\testdata\codexport\prereq_18-19\..\..\..\..\..\PreReq\PreReq-UpdateBudgetForAcademicYearForPackaging.postman_collection.json" -k -d "c:\agt6\_work\6\a\api\environment\regapiautomation\testdata\codexport\prereq_18-19\PreReq-CODExport@HP_18-19-UpdateBudgetForAcademicYearForPackaging.data.csv" -e "c:\agt6\_work\6\a\api\environment\regapiautomation\testdata\codexport\prereq_18-19\..\..\..\RegApiAutoEnvironment.postman_environment.json" -r junit,html --reporter-html-export "UpdateBudgetForAcademicYearForPackaging_18-19_Html.html" --reporter-junit-export "UpdateBudgetForAcademicYearForPackaging_18-19_Junit.xml"</StdOut>
          </Output>
          <ResultFiles>
            <ResultFile path="CLTBUILD23\UpdateBudgetForAcademicYearForPackaging_18-19_Html.html" />
            <ResultFile path="CLTBUILD23\UpdateBudgetForAcademicYearForPackaging_18-19_Junit.xml" />
          </ResultFiles>
        </UnitTestResult>
        <UnitTestResult executionId="443d90e1-7fc0-4ca7-b074-c6c729130f6e" parentExecutionId="ceba3cfb-f8cb-422b-acab-d09e7e4412a4" testId="97335ec2-4a99-4833-b972-ab48ff700312" testName="5- prereq-codexport@hp_18-19-awardgrantorloanforpackaging.newman-generictest (OT-01-CODExport_18-19)" computerName="CLTBUILD23" duration="00:00:17.5787969" startTime="2021-04-12T08:17:14.4467869-04:00" endTime="2021-04-12T08:17:32.0314301-04:00" testType="13cdc9d9-ddb5-4fa4-a97d-d965ccfc6d4b" outcome="Passed" testListId="8c84fa94-04c1-424b-9868-57a2d4851a1d" relativeResultsDirectory="443d90e1-7fc0-4ca7-b074-c6c729130f6e">
          <Output>
            <StdOut>C:\Agt6\_work\_temp\TestResults\c2kbuild_CLTBUILD23 2021-04-12 08_12_36\In\443d90e1-7fc0-4ca7-b074-c6c729130f6e\CLTBUILD23&gt;if not defined TestLocation (set TestLocation=. ) &#xD;
&#xD;
C:\Agt6\_work\_temp\TestResults\c2kbuild_CLTBUILD23 2021-04-12 08_12_36\In\443d90e1-7fc0-4ca7-b074-c6c729130f6e\CLTBUILD23&gt;set CollectionFileName=c:\agt6\_work\6\a\api\environment\regapiautomation\testdata\codexport\prereq_18-19\..\..\..\..\..\PreReq\PreReq-AwardGrantForPackaging.postman_collection.json &#xD;
&#xD;
C:\Agt6\_work\_temp\TestResults\c2kbuild_CLTBUILD23 2021-04-12 08_12_36\In\443d90e1-7fc0-4ca7-b074-c6c729130f6e\CLTBUILD23&gt;set DataFileName=c:\agt6\_work\6\a\api\environment\regapiautomation\testdata\codexport\prereq_18-19\PreReq-CODExport@HP_18-19-AwardGrantorLoanForPackaging.data.csv &#xD;
&#xD;
C:\Agt6\_work\_temp\TestResults\c2kbuild_CLTBUILD23 2021-04-12 08_12_36\In\443d90e1-7fc0-4ca7-b074-c6c729130f6e\CLTBUILD23&gt;set EnvironmentFilePath=c:\agt6\_work\6\a\api\environment\regapiautomation\testdata\codexport\prereq_18-19\..\..\..\RegApiAutoEnvironment.postman_environment.json &#xD;
&#xD;
C:\Agt6\_work\_temp\TestResults\c2kbuild_CLTBUILD23 2021-04-12 08_12_36\In\443d90e1-7fc0-4ca7-b074-c6c729130f6e\CLTBUILD23&gt;set HtmlResultsFile=AwardGrantOrLoanForPackaging_18-19_Html.html &#xD;
&#xD;
C:\Agt6\_work\_temp\TestResults\c2kbuild_CLTBUILD23 2021-04-12 08_12_36\In\443d90e1-7fc0-4ca7-b074-c6c729130f6e\CLTBUILD23&gt;set JunitResultsFile=AwardGrantOrLoanForPackaging_18-19_Junit.xml &#xD;
&#xD;
C:\Agt6\_work\_temp\TestResults\c2kbuild_CLTBUILD23 2021-04-12 08_12_36\In\443d90e1-7fc0-4ca7-b074-c6c729130f6e\CLTBUILD23&gt;newman run "c:\agt6\_work\6\a\api\environment\regapiautomation\testdata\codexport\prereq_18-19\..\..\..\..\..\PreReq\PreReq-AwardGrantForPackaging.postman_collection.json" -k -d "c:\agt6\_work\6\a\api\environment\regapiautomation\testdata\codexport\prereq_18-19\PreReq-CODExport@HP_18-19-AwardGrantorLoanForPackaging.data.csv" -e "c:\agt6\_work\6\a\api\environment\regapiautomation\testdata\codexport\prereq_18-19\..\..\..\RegApiAutoEnvironment.postman_environment.json" -r junit,html --reporter-html-export "AwardGrantOrLoanForPackaging_18-19_Html.html" --reporter-junit-export "AwardGrantOrLoanForPackaging_18-19_Junit.xml"</StdOut>
          </Output>
          <ResultFiles>
            <ResultFile path="CLTBUILD23\AwardGrantOrLoanForPackaging_18-19_Html.html" />
            <ResultFile path="CLTBUILD23\AwardGrantOrLoanForPackaging_18-19_Junit.xml" />
          </ResultFiles>
        </UnitTestResult>
        <UnitTestResult executionId="f0259dff-6682-4dc9-a150-e5ddc6592afb" parentExecutionId="ceba3cfb-f8cb-422b-acab-d09e7e4412a4" testId="55b58fea-e99d-49f4-9ed0-098603b1ac79" testName="6- cod-export@hp-export_18-19-generictest (OT-01-CODExport_18-19)" computerName="CLTBUILD23" duration="00:00:13.4660438" startTime="2021-04-12T08:17:32.0324280-04:00" endTime="2021-04-12T08:17:45.4983164-04:00" testType="13cdc9d9-ddb5-4fa4-a97d-d965ccfc6d4b" outcome="Passed" testListId="8c84fa94-04c1-424b-9868-57a2d4851a1d" relativeResultsDirectory="f0259dff-6682-4dc9-a150-e5ddc6592afb">
          <Output>
            <StdOut>C:\Agt6\_work\_temp\TestResults\c2kbuild_CLTBUILD23 2021-04-12 08_12_36\In\f0259dff-6682-4dc9-a150-e5ddc6592afb\CLTBUILD23&gt;if not defined TestLocation (set TestLocation=. ) &#xD;
&#xD;
C:\Agt6\_work\_temp\TestResults\c2kbuild_CLTBUILD23 2021-04-12 08_12_36\In\f0259dff-6682-4dc9-a150-e5ddc6592afb\CLTBUILD23&gt;set CollectionFileName=c:\agt6\_work\6\a\api\environment\regapiautomation\testdata\codexport\..\..\..\..\Tests\CODExport\COD-Export@HP-Export.postman_collection.json &#xD;
&#xD;
C:\Agt6\_work\_temp\TestResults\c2kbuild_CLTBUILD23 2021-04-12 08_12_36\In\f0259dff-6682-4dc9-a150-e5ddc6592afb\CLTBUILD23&gt;set DataFileName=c:\agt6\_work\6\a\api\environment\regapiautomation\testdata\codexport\COD-Export@HP-Export_18-19.data.json &#xD;
&#xD;
C:\Agt6\_work\_temp\TestResults\c2kbuild_CLTBUILD23 2021-04-12 08_12_36\In\f0259dff-6682-4dc9-a150-e5ddc6592afb\CLTBUILD23&gt;set EnvironmentFilePath=c:\agt6\_work\6\a\api\environment\regapiautomation\testdata\codexport\..\..\RegApiAutoEnvironment.postman_environment.json &#xD;
&#xD;
C:\Agt6\_work\_temp\TestResults\c2kbuild_CLTBUILD23 2021-04-12 08_12_36\In\f0259dff-6682-4dc9-a150-e5ddc6592afb\CLTBUILD23&gt;set HtmlResultsFile=Tests_COD-Export@HP_18-19-Export_Html.html &#xD;
&#xD;
C:\Agt6\_work\_temp\TestResults\c2kbuild_CLTBUILD23 2021-04-12 08_12_36\In\f0259dff-6682-4dc9-a150-e5ddc6592afb\CLTBUILD23&gt;set JunitResultsFile=Tests_COD-Export@HP_18-19-Export_Junit.xml &#xD;
&#xD;
C:\Agt6\_work\_temp\TestResults\c2kbuild_CLTBUILD23 2021-04-12 08_12_36\In\f0259dff-6682-4dc9-a150-e5ddc6592afb\CLTBUILD23&gt;newman run "c:\agt6\_work\6\a\api\environment\regapiautomation\testdata\codexport\..\..\..\..\Tests\CODExport\COD-Export@HP-Export.postman_collection.json" -k -d "c:\agt6\_work\6\a\api\environment\regapiautomation\testdata\codexport\COD-Export@HP-Export_18-19.data.json" -e "c:\agt6\_work\6\a\api\environment\regapiautomation\testdata\codexport\..\..\RegApiAutoEnvironment.postman_environment.json" -r junit,html --reporter-html-export "Tests_COD-Export@HP_18-19-Export_Html.html" --reporter-junit-export "Tests_COD-Export@HP_18-19-Export_Junit.xml"</StdOut>
          </Output>
          <ResultFiles>
            <ResultFile path="CLTBUILD23\Tests_COD-Export@HP_18-19-Export_Html.html" />
            <ResultFile path="CLTBUILD23\Tests_COD-Export@HP_18-19-Export_Junit.xml" />
          </ResultFiles>
        </UnitTestResult>
      </InnerResults>
    </TestResultAggregation>
    <TestResultAggregation executionId="f687f83f-35d3-4cd0-ae38-43637f8f4f7d" testId="bebd1530-12b2-493c-a4bc-0958636927b9" testName="OT-09B-IsirPrint-IsirBatchPrint-21_22" computerName="CLTBUILD23" duration="00:00:18.7555332" startTime="2021-04-12T09:19:18.5985619-04:00" endTime="2021-04-12T09:19:37.3532294-04:00" testType="ec4800e8-40e5-4ab3-8510-b8bf29b1904d" outcome="Passed" testListId="8c84fa94-04c1-424b-9868-57a2d4851a1d" relativeResultsDirectory="f687f83f-35d3-4cd0-ae38-43637f8f4f7d">
      <InnerResults>
        <UnitTestResult executionId="06a427c0-7e78-47c8-b48b-aab076eb66e6" parentExecutionId="f687f83f-35d3-4cd0-ae38-43637f8f4f7d" testId="7bd6ad64-70f9-4b50-8dab-f8cc34acede7" testName="1- prereq-appproc-isirprint@hp-isirbatchprint-importisir-21_22-generictest (OT-09B-IsirPrint-IsirBatchPrint-21_22)" computerName="CLTBUILD23" duration="00:00:10.1419499" startTime="2021-04-12T09:19:18.5995611-04:00" endTime="2021-04-12T09:19:28.7418370-04:00" testType="13cdc9d9-ddb5-4fa4-a97d-d965ccfc6d4b" outcome="Passed" testListId="8c84fa94-04c1-424b-9868-57a2d4851a1d" relativeResultsDirectory="06a427c0-7e78-47c8-b48b-aab076eb66e6">
          <Output>
            <StdOut>C:\Agt6\_work\_temp\TestResults\c2kbuild_CLTBUILD23 2021-04-12 08_12_36\In\06a427c0-7e78-47c8-b48b-aab076eb66e6\CLTBUILD23&gt;if not defined TestLocation (set TestLocation=. ) &#xD;
&#xD;
C:\Agt6\_work\_temp\TestResults\c2kbuild_CLTBUILD23 2021-04-12 08_12_36\In\06a427c0-7e78-47c8-b48b-aab076eb66e6\CLTBUILD23&gt;set CollectionFileName=c:\agt6\_work\6\a\api\environment\regapiautomation\testdata\isirprint\prereq-isirprint-isirbatchprint-21_22\..\..\..\..\..\PreReq\PreReq-ImportISIR.postman_collection.json &#xD;
&#xD;
C:\Agt6\_work\_temp\TestResults\c2kbuild_CLTBUILD23 2021-04-12 08_12_36\In\06a427c0-7e78-47c8-b48b-aab076eb66e6\CLTBUILD23&gt;set DataFileName=c:\agt6\_work\6\a\api\environment\regapiautomation\testdata\isirprint\prereq-isirprint-isirbatchprint-21_22\PreReq-AppProc-ISIRPrint@HP-ISIRBatchPrint-ImportISIR-21_22.data.json &#xD;
&#xD;
C:\Agt6\_work\_temp\TestResults\c2kbuild_CLTBUILD23 2021-04-12 08_12_36\In\06a427c0-7e78-47c8-b48b-aab076eb66e6\CLTBUILD23&gt;set EnvironmentFilePath=c:\agt6\_work\6\a\api\environment\regapiautomation\testdata\isirprint\prereq-isirprint-isirbatchprint-21_22\..\..\..\RegApiAutoEnvironment.postman_environment.json &#xD;
&#xD;
C:\Agt6\_work\_temp\TestResults\c2kbuild_CLTBUILD23 2021-04-12 08_12_36\In\06a427c0-7e78-47c8-b48b-aab076eb66e6\CLTBUILD23&gt;set HtmlResultsFile=PreReq-AppProc-ISIRPrint@HP-ISIRBatchPrint-21_22_Html.html &#xD;
&#xD;
C:\Agt6\_work\_temp\TestResults\c2kbuild_CLTBUILD23 2021-04-12 08_12_36\In\06a427c0-7e78-47c8-b48b-aab076eb66e6\CLTBUILD23&gt;set JunitResultsFile=PreReq-AppProc-ISIRPrint@HP-ISIRBatchPrint-21_22_Junit.xml &#xD;
&#xD;
C:\Agt6\_work\_temp\TestResults\c2kbuild_CLTBUILD23 2021-04-12 08_12_36\In\06a427c0-7e78-47c8-b48b-aab076eb66e6\CLTBUILD23&gt;newman run "c:\agt6\_work\6\a\api\environment\regapiautomation\testdata\isirprint\prereq-isirprint-isirbatchprint-21_22\..\..\..\..\..\PreReq\PreReq-ImportISIR.postman_collection.json" -k -d "c:\agt6\_work\6\a\api\environment\regapiautomation\testdata\isirprint\prereq-isirprint-isirbatchprint-21_22\PreReq-AppProc-ISIRPrint@HP-ISIRBatchPrint-ImportISIR-21_22.data.json" -e "c:\agt6\_work\6\a\api\environment\regapiautomation\testdata\isirprint\prereq-isirprint-isirbatchprint-21_22\..\..\..\RegApiAutoEnvironment.postman_environment.json" -r junit,html --reporter-html-export "PreReq-AppProc-ISIRPrint@HP-ISIRBatchPrint-21_22_Html.html" --reporter-junit-export "PreReq-AppProc-ISIRPrint@HP-ISIRBatchPrint-21_22_Junit.xml"</StdOut>
          </Output>
          <ResultFiles>
            <ResultFile path="CLTBUILD23\PreReq-AppProc-ISIRPrint@HP-ISIRBatchPrint-21_22_Html.html" />
            <ResultFile path="CLTBUILD23\PreReq-AppProc-ISIRPrint@HP-ISIRBatchPrint-21_22_Junit.xml" />
          </ResultFiles>
        </UnitTestResult>
        <UnitTestResult executionId="fefc0ed9-ca0b-449c-a800-a9431ddc9850" parentExecutionId="f687f83f-35d3-4cd0-ae38-43637f8f4f7d" testId="06768748-1336-46cf-bc09-0635d120a2c3" testName="2- appproc-isirprint@hp-isirbatchprint-21_22-generictest (OT-09B-IsirPrint-IsirBatchPrint-21_22)" computerName="CLTBUILD23" duration="00:00:08.6091834" startTime="2021-04-12T09:19:28.7428362-04:00" endTime="2021-04-12T09:19:37.3522204-04:00" testType="13cdc9d9-ddb5-4fa4-a97d-d965ccfc6d4b" outcome="Passed" testListId="8c84fa94-04c1-424b-9868-57a2d4851a1d" relativeResultsDirectory="fefc0ed9-ca0b-449c-a800-a9431ddc9850">
          <Output>
            <StdOut>C:\Agt6\_work\_temp\TestResults\c2kbuild_CLTBUILD23 2021-04-12 08_12_36\In\fefc0ed9-ca0b-449c-a800-a9431ddc9850\CLTBUILD23&gt;if not defined TestLocation (set TestLocation=. ) &#xD;
&#xD;
C:\Agt6\_work\_temp\TestResults\c2kbuild_CLTBUILD23 2021-04-12 08_12_36\In\fefc0ed9-ca0b-449c-a800-a9431ddc9850\CLTBUILD23&gt;set CollectionFileName=c:\agt6\_work\6\a\api\environment\regapiautomation\testdata\isirprint\..\..\..\..\Tests\IsirPrint\AppProc-ISIRPrint@HP-ISIRBatchPrint.postman_collection.json &#xD;
&#xD;
C:\Agt6\_work\_temp\TestResults\c2kbuild_CLTBUILD23 2021-04-12 08_12_36\In\fefc0ed9-ca0b-449c-a800-a9431ddc9850\CLTBUILD23&gt;set DataFileName=c:\agt6\_work\6\a\api\environment\regapiautomation\testdata\isirprint\AppProc-ISIRPrint@HP-ISIRBatchPrint-21_22.data.json &#xD;
&#xD;
C:\Agt6\_work\_temp\TestResults\c2kbuild_CLTBUILD23 2021-04-12 08_12_36\In\fefc0ed9-ca0b-449c-a800-a9431ddc9850\CLTBUILD23&gt;set EnvironmentFilePath=c:\agt6\_work\6\a\api\environment\regapiautomation\testdata\isirprint\..\..\RegApiAutoEnvironment.postman_environment.json &#xD;
&#xD;
C:\Agt6\_work\_temp\TestResults\c2kbuild_CLTBUILD23 2021-04-12 08_12_36\In\fefc0ed9-ca0b-449c-a800-a9431ddc9850\CLTBUILD23&gt;set HtmlResultsFile=IsirPrint_AppProc-ISIRPrint@HP-ISIRBatchPrint-21_22-Html.html &#xD;
&#xD;
C:\Agt6\_work\_temp\TestResults\c2kbuild_CLTBUILD23 2021-04-12 08_12_36\In\fefc0ed9-ca0b-449c-a800-a9431ddc9850\CLTBUILD23&gt;set JunitResultsFile=IsirPrint_AppProc-ISIRPrint@HP-ISIRBatchPrint-21_22-Junit.xml &#xD;
&#xD;
C:\Agt6\_work\_temp\TestResults\c2kbuild_CLTBUILD23 2021-04-12 08_12_36\In\fefc0ed9-ca0b-449c-a800-a9431ddc9850\CLTBUILD23&gt;newman run "c:\agt6\_work\6\a\api\environment\regapiautomation\testdata\isirprint\..\..\..\..\Tests\IsirPrint\AppProc-ISIRPrint@HP-ISIRBatchPrint.postman_collection.json" -k -d "c:\agt6\_work\6\a\api\environment\regapiautomation\testdata\isirprint\AppProc-ISIRPrint@HP-ISIRBatchPrint-21_22.data.json" -e "c:\agt6\_work\6\a\api\environment\regapiautomation\testdata\isirprint\..\..\RegApiAutoEnvironment.postman_environment.json" -r junit,html --reporter-html-export "IsirPrint_AppProc-ISIRPrint@HP-ISIRBatchPrint-21_22-Html.html" --reporter-junit-export "IsirPrint_AppProc-ISIRPrint@HP-ISIRBatchPrint-21_22-Junit.xml"</StdOut>
          </Output>
          <ResultFiles>
            <ResultFile path="CLTBUILD23\IsirPrint_AppProc-ISIRPrint@HP-ISIRBatchPrint-21_22-Html.html" />
            <ResultFile path="CLTBUILD23\IsirPrint_AppProc-ISIRPrint@HP-ISIRBatchPrint-21_22-Junit.xml" />
          </ResultFiles>
        </UnitTestResult>
      </InnerResults>
    </TestResultAggregation>
    <TestResultAggregation executionId="d8dcc998-0708-4ed1-b4f9-e688748f8540" testId="d5fe2d01-930d-4f63-804a-a6cb2e6b0102" testName="OT-11-SSCR-EnrollmentReporting" computerName="CLTBUILD23" duration="00:00:58.7210829" startTime="2021-04-12T09:27:35.1705454-04:00" endTime="2021-04-12T09:28:33.8863864-04:00" testType="ec4800e8-40e5-4ab3-8510-b8bf29b1904d" outcome="Passed" testListId="8c84fa94-04c1-424b-9868-57a2d4851a1d" relativeResultsDirectory="d8dcc998-0708-4ed1-b4f9-e688748f8540">
      <InnerResults>
        <UnitTestResult executionId="0dd86b1b-9141-4a3d-a4c4-b8d02516d52d" parentExecutionId="d8dcc998-0708-4ed1-b4f9-e688748f8540" testId="8b9713e2-8915-48fc-bd28-c8c43613151a" testName="1- prereq-sscr-enrollmentreporting@hp-export-createstudent-generictest (OT-11-SSCR-EnrollmentReporting)" computerName="CLTBUILD23" duration="00:00:08.6085085" startTime="2021-04-12T09:27:35.1725425-04:00" endTime="2021-04-12T09:27:43.7859274-04:00" testType="13cdc9d9-ddb5-4fa4-a97d-d965ccfc6d4b" outcome="Passed" testListId="8c84fa94-04c1-424b-9868-57a2d4851a1d" relativeResultsDirectory="0dd86b1b-9141-4a3d-a4c4-b8d02516d52d">
          <Output>
            <StdOut>C:\Agt6\_work\_temp\TestResults\c2kbuild_CLTBUILD23 2021-04-12 08_12_36\In\0dd86b1b-9141-4a3d-a4c4-b8d02516d52d\CLTBUILD23&gt;if not defined TestLocation (set TestLocation=. ) &#xD;
&#xD;
C:\Agt6\_work\_temp\TestResults\c2kbuild_CLTBUILD23 2021-04-12 08_12_36\In\0dd86b1b-9141-4a3d-a4c4-b8d02516d52d\CLTBUILD23&gt;set CollectionFileName=c:\agt6\_work\6\a\api\environment\regapiautomation\testdata\sscr-enrollmentreporting\prereq\..\..\..\..\..\PreReq\PreReq-CreateStudent.postman_collection.json &#xD;
&#xD;
C:\Agt6\_work\_temp\TestResults\c2kbuild_CLTBUILD23 2021-04-12 08_12_36\In\0dd86b1b-9141-4a3d-a4c4-b8d02516d52d\CLTBUILD23&gt;set DataFileName=c:\agt6\_work\6\a\api\environment\regapiautomation\testdata\sscr-enrollmentreporting\prereq\PreReq-SSCR-EnrollmentReporting@HP-Export-CreateStudent.csv &#xD;
&#xD;
C:\Agt6\_work\_temp\TestResults\c2kbuild_CLTBUILD23 2021-04-12 08_12_36\In\0dd86b1b-9141-4a3d-a4c4-b8d02516d52d\CLTBUILD23&gt;set EnvironmentFilePath=c:\agt6\_work\6\a\api\environment\regapiautomation\testdata\sscr-enrollmentreporting\prereq\..\..\..\RegApiAutoEnvironment.postman_environment.json &#xD;
&#xD;
C:\Agt6\_work\_temp\TestResults\c2kbuild_CLTBUILD23 2021-04-12 08_12_36\In\0dd86b1b-9141-4a3d-a4c4-b8d02516d52d\CLTBUILD23&gt;set HtmlResultsFile=PreReq-SSCR-EnrollmentReporting@HP-Export-CreateStudent_Html.html &#xD;
&#xD;
C:\Agt6\_work\_temp\TestResults\c2kbuild_CLTBUILD23 2021-04-12 08_12_36\In\0dd86b1b-9141-4a3d-a4c4-b8d02516d52d\CLTBUILD23&gt;set JunitResultsFile=PreReq-SSCR-EnrollmentReporting@HP-Export-CreateStudent_Junit.xml &#xD;
&#xD;
C:\Agt6\_work\_temp\TestResults\c2kbuild_CLTBUILD23 2021-04-12 08_12_36\In\0dd86b1b-9141-4a3d-a4c4-b8d02516d52d\CLTBUILD23&gt;newman run "c:\agt6\_work\6\a\api\environment\regapiautomation\testdata\sscr-enrollmentreporting\prereq\..\..\..\..\..\PreReq\PreReq-CreateStudent.postman_collection.json" -k -d "c:\agt6\_work\6\a\api\environment\regapiautomation\testdata\sscr-enrollmentreporting\prereq\PreReq-SSCR-EnrollmentReporting@HP-Export-CreateStudent.csv" -e "c:\agt6\_work\6\a\api\environment\regapiautomation\testdata\sscr-enrollmentreporting\prereq\..\..\..\RegApiAutoEnvironment.postman_environment.json" -r junit,html --reporter-html-export "PreReq-SSCR-EnrollmentReporting@HP-Export-CreateStudent_Html.html" --reporter-junit-export "PreReq-SSCR-EnrollmentReporting@HP-Export-CreateStudent_Junit.xml"</StdOut>
          </Output>
          <ResultFiles>
            <ResultFile path="CLTBUILD23\PreReq-SSCR-EnrollmentReporting@HP-Export-CreateStudent_Html.html" />
            <ResultFile path="CLTBUILD23\PreReq-SSCR-EnrollmentReporting@HP-Export-CreateStudent_Junit.xml" />
          </ResultFiles>
        </UnitTestResult>
        <UnitTestResult executionId="984af598-cb22-4ac0-b6a6-6e6806738f44" parentExecutionId="d8dcc998-0708-4ed1-b4f9-e688748f8540" testId="4b88a3e1-f386-4703-9ec9-a2f97cc389e1" testName="2- prereq-sscr-enrollmentreporting@hp-export-enroll-generictest (OT-11-SSCR-EnrollmentReporting)" computerName="CLTBUILD23" duration="00:00:13.3771000" startTime="2021-04-12T09:27:43.7869342-04:00" endTime="2021-04-12T09:27:57.1639824-04:00" testType="13cdc9d9-ddb5-4fa4-a97d-d965ccfc6d4b" outcome="Passed" testListId="8c84fa94-04c1-424b-9868-57a2d4851a1d" relativeResultsDirectory="984af598-cb22-4ac0-b6a6-6e6806738f44">
          <Output>
            <StdOut>C:\Agt6\_work\_temp\TestResults\c2kbuild_CLTBUILD23 2021-04-12 08_12_36\In\984af598-cb22-4ac0-b6a6-6e6806738f44\CLTBUILD23&gt;if not defined TestLocation (set TestLocation=. ) &#xD;
&#xD;
C:\Agt6\_work\_temp\TestResults\c2kbuild_CLTBUILD23 2021-04-12 08_12_36\In\984af598-cb22-4ac0-b6a6-6e6806738f44\CLTBUILD23&gt;set CollectionFileName=c:\agt6\_work\6\a\api\environment\regapiautomation\testdata\sscr-enrollmentreporting\prereq\..\..\..\..\..\PreReq\PreReq-EnrollStudent.postman_collection.json &#xD;
&#xD;
C:\Agt6\_work\_temp\TestResults\c2kbuild_CLTBUILD23 2021-04-12 08_12_36\In\984af598-cb22-4ac0-b6a6-6e6806738f44\CLTBUILD23&gt;set DataFileName=c:\agt6\_work\6\a\api\environment\regapiautomation\testdata\sscr-enrollmentreporting\prereq\PreReq-SSCR-EnrollmentReporting@HP-Export-Enroll.data.csv &#xD;
&#xD;
C:\Agt6\_work\_temp\TestResults\c2kbuild_CLTBUILD23 2021-04-12 08_12_36\In\984af598-cb22-4ac0-b6a6-6e6806738f44\CLTBUILD23&gt;set EnvironmentFilePath=c:\agt6\_work\6\a\api\environment\regapiautomation\testdata\sscr-enrollmentreporting\prereq\..\..\..\RegApiAutoEnvironment.postman_environment.json &#xD;
&#xD;
C:\Agt6\_work\_temp\TestResults\c2kbuild_CLTBUILD23 2021-04-12 08_12_36\In\984af598-cb22-4ac0-b6a6-6e6806738f44\CLTBUILD23&gt;set HtmlResultsFile=PreReq-SSCR-EnrollmentReporting@HP-Export-Enroll_Html.html &#xD;
&#xD;
C:\Agt6\_work\_temp\TestResults\c2kbuild_CLTBUILD23 2021-04-12 08_12_36\In\984af598-cb22-4ac0-b6a6-6e6806738f44\CLTBUILD23&gt;set JunitResultsFile=PreReq-SSCR-EnrollmentReporting@HP-Export-Enroll_Junit.xml &#xD;
&#xD;
C:\Agt6\_work\_temp\TestResults\c2kbuild_CLTBUILD23 2021-04-12 08_12_36\In\984af598-cb22-4ac0-b6a6-6e6806738f44\CLTBUILD23&gt;newman run "c:\agt6\_work\6\a\api\environment\regapiautomation\testdata\sscr-enrollmentreporting\prereq\..\..\..\..\..\PreReq\PreReq-EnrollStudent.postman_collection.json" -k -d "c:\agt6\_work\6\a\api\environment\regapiautomation\testdata\sscr-enrollmentreporting\prereq\PreReq-SSCR-EnrollmentReporting@HP-Export-Enroll.data.csv" -e "c:\agt6\_work\6\a\api\environment\regapiautomation\testdata\sscr-enrollmentreporting\prereq\..\..\..\RegApiAutoEnvironment.postman_environment.json" -r junit,html --reporter-html-export "PreReq-SSCR-EnrollmentReporting@HP-Export-Enroll_Html.html" --reporter-junit-export "PreReq-SSCR-EnrollmentReporting@HP-Export-Enroll_Junit.xml"</StdOut>
          </Output>
          <ResultFiles>
            <ResultFile path="CLTBUILD23\PreReq-SSCR-EnrollmentReporting@HP-Export-Enroll_Html.html" />
            <ResultFile path="CLTBUILD23\PreReq-SSCR-EnrollmentReporting@HP-Export-Enroll_Junit.xml" />
          </ResultFiles>
        </UnitTestResult>
        <UnitTestResult executionId="407d7a01-5aa9-4b00-9983-6e810aee9a1f" parentExecutionId="d8dcc998-0708-4ed1-b4f9-e688748f8540" testId="8578da7f-1b7b-47ff-8bf8-b2064a6bd549" testName="3- prereq-sscr-enrollmentreporting@hp-export-seteffectivedate (OT-11-SSCR-EnrollmentReporting)" computerName="CLTBUILD23" duration="00:00:05.2573805" startTime="2021-04-12T09:27:57.1649843-04:00" endTime="2021-04-12T09:28:02.4286075-04:00" testType="13cdc9d9-ddb5-4fa4-a97d-d965ccfc6d4b" outcome="Passed" testListId="8c84fa94-04c1-424b-9868-57a2d4851a1d" relativeResultsDirectory="407d7a01-5aa9-4b00-9983-6e810aee9a1f">
          <Output>
            <StdOut>C:\Agt6\_work\_temp\TestResults\c2kbuild_CLTBUILD23 2021-04-12 08_12_36\In\407d7a01-5aa9-4b00-9983-6e810aee9a1f\CLTBUILD23&gt;if not defined TestLocation (set TestLocation=. ) &#xD;
&#xD;
C:\Agt6\_work\_temp\TestResults\c2kbuild_CLTBUILD23 2021-04-12 08_12_36\In\407d7a01-5aa9-4b00-9983-6e810aee9a1f\CLTBUILD23&gt;set CollectionFileName=c:\agt6\_work\6\a\api\environment\regapiautomation\testdata\sscr-enrollmentreporting\prereq\..\..\..\..\..\PreReq\PreReq-SetEffectiveDateAfterStudentEnroll.postman_collection.json &#xD;
&#xD;
C:\Agt6\_work\_temp\TestResults\c2kbuild_CLTBUILD23 2021-04-12 08_12_36\In\407d7a01-5aa9-4b00-9983-6e810aee9a1f\CLTBUILD23&gt;set DataFileName=c:\agt6\_work\6\a\api\environment\regapiautomation\testdata\sscr-enrollmentreporting\prereq\PreReq-SSCR-EnrollmentReporting@HP-Export-SetEffectiveDate.data.json &#xD;
&#xD;
C:\Agt6\_work\_temp\TestResults\c2kbuild_CLTBUILD23 2021-04-12 08_12_36\In\407d7a01-5aa9-4b00-9983-6e810aee9a1f\CLTBUILD23&gt;set EnvironmentFilePath=c:\agt6\_work\6\a\api\environment\regapiautomation\testdata\sscr-enrollmentreporting\prereq\..\..\..\RegApiAutoEnvironment.postman_environment.json &#xD;
&#xD;
C:\Agt6\_work\_temp\TestResults\c2kbuild_CLTBUILD23 2021-04-12 08_12_36\In\407d7a01-5aa9-4b00-9983-6e810aee9a1f\CLTBUILD23&gt;set HtmlResultsFile=PreReq-SSCR-EnrollmentReporting@HP-Export-Enroll_Html.html &#xD;
&#xD;
C:\Agt6\_work\_temp\TestResults\c2kbuild_CLTBUILD23 2021-04-12 08_12_36\In\407d7a01-5aa9-4b00-9983-6e810aee9a1f\CLTBUILD23&gt;set JunitResultsFile=PreReq-SSCR-EnrollmentReporting@HP-Export-Enroll_Junit.xml &#xD;
&#xD;
C:\Agt6\_work\_temp\TestResults\c2kbuild_CLTBUILD23 2021-04-12 08_12_36\In\407d7a01-5aa9-4b00-9983-6e810aee9a1f\CLTBUILD23&gt;newman run "c:\agt6\_work\6\a\api\environment\regapiautomation\testdata\sscr-enrollmentreporting\prereq\..\..\..\..\..\PreReq\PreReq-SetEffectiveDateAfterStudentEnroll.postman_collection.json" -k -d "c:\agt6\_work\6\a\api\environment\regapiautomation\testdata\sscr-enrollmentreporting\prereq\PreReq-SSCR-EnrollmentReporting@HP-Export-SetEffectiveDate.data.json" -e "c:\agt6\_work\6\a\api\environment\regapiautomation\testdata\sscr-enrollmentreporting\prereq\..\..\..\RegApiAutoEnvironment.postman_environment.json" -r junit,html --reporter-html-export "PreReq-SSCR-EnrollmentReporting@HP-Export-Enroll_Html.html" --reporter-junit-export "PreReq-SSCR-EnrollmentReporting@HP-Export-Enroll_Junit.xml"</StdOut>
          </Output>
          <ResultFiles>
            <ResultFile path="CLTBUILD23\PreReq-SSCR-EnrollmentReporting@HP-Export-Enroll_Html.html" />
            <ResultFile path="CLTBUILD23\PreReq-SSCR-EnrollmentReporting@HP-Export-Enroll_Junit.xml" />
          </ResultFiles>
        </UnitTestResult>
        <UnitTestResult executionId="7a14adfc-70d5-4a8a-9f3d-2baf4bbbfa37" parentExecutionId="d8dcc998-0708-4ed1-b4f9-e688748f8540" testId="4fb6edcf-1e0e-4cc6-aea3-9a3c6eead732" testName="4- prereq-sscr-enrollmentreporting@hp-export-registerclassandpostattendance-generictest (OT-11-SSCR-EnrollmentReporting)" computerName="CLTBUILD23" duration="00:00:08.4814942" startTime="2021-04-12T09:28:02.4286075-04:00" endTime="2021-04-12T09:28:10.9110095-04:00" testType="13cdc9d9-ddb5-4fa4-a97d-d965ccfc6d4b" outcome="Passed" testListId="8c84fa94-04c1-424b-9868-57a2d4851a1d" relativeResultsDirectory="7a14adfc-70d5-4a8a-9f3d-2baf4bbbfa37">
          <Output>
            <StdOut>C:\Agt6\_work\_temp\TestResults\c2kbuild_CLTBUILD23 2021-04-12 08_12_36\In\7a14adfc-70d5-4a8a-9f3d-2baf4bbbfa37\CLTBUILD23&gt;if not defined TestLocation (set TestLocation=. ) &#xD;
&#xD;
C:\Agt6\_work\_temp\TestResults\c2kbuild_CLTBUILD23 2021-04-12 08_12_36\In\7a14adfc-70d5-4a8a-9f3d-2baf4bbbfa37\CLTBUILD23&gt;set CollectionFileName=c:\agt6\_work\6\a\api\environment\regapiautomation\testdata\sscr-enrollmentreporting\prereq\..\..\..\..\..\PreReq\PreReq-RegisterClassAndPostAttendanceForStudent.postman_collection.json &#xD;
&#xD;
C:\Agt6\_work\_temp\TestResults\c2kbuild_CLTBUILD23 2021-04-12 08_12_36\In\7a14adfc-70d5-4a8a-9f3d-2baf4bbbfa37\CLTBUILD23&gt;set DataFileName=c:\agt6\_work\6\a\api\environment\regapiautomation\testdata\sscr-enrollmentreporting\prereq\PreReq-SSCR-EnrollmentReporting@HP-Export-RegisterClassAndPostAttendance.csv &#xD;
&#xD;
C:\Agt6\_work\_temp\TestResults\c2kbuild_CLTBUILD23 2021-04-12 08_12_36\In\7a14adfc-70d5-4a8a-9f3d-2baf4bbbfa37\CLTBUILD23&gt;set EnvironmentFilePath=c:\agt6\_work\6\a\api\environment\regapiautomation\testdata\sscr-enrollmentreporting\prereq\..\..\..\RegApiAutoEnvironment.postman_environment.json &#xD;
&#xD;
C:\Agt6\_work\_temp\TestResults\c2kbuild_CLTBUILD23 2021-04-12 08_12_36\In\7a14adfc-70d5-4a8a-9f3d-2baf4bbbfa37\CLTBUILD23&gt;set HtmlResultsFile=PreReq-RegisterClassAndPostAttendance_Html.html &#xD;
&#xD;
C:\Agt6\_work\_temp\TestResults\c2kbuild_CLTBUILD23 2021-04-12 08_12_36\In\7a14adfc-70d5-4a8a-9f3d-2baf4bbbfa37\CLTBUILD23&gt;set JunitResultsFile=PreReq-RegisterClassAndPostAttendance_Junit.xml &#xD;
&#xD;
C:\Agt6\_work\_temp\TestResults\c2kbuild_CLTBUILD23 2021-04-12 08_12_36\In\7a14adfc-70d5-4a8a-9f3d-2baf4bbbfa37\CLTBUILD23&gt;newman run "c:\agt6\_work\6\a\api\environment\regapiautomation\testdata\sscr-enrollmentreporting\prereq\..\..\..\..\..\PreReq\PreReq-RegisterClassAndPostAttendanceForStudent.postman_collection.json" -k -d "c:\agt6\_work\6\a\api\environment\regapiautomation\testdata\sscr-enrollmentreporting\prereq\PreReq-SSCR-EnrollmentReporting@HP-Export-RegisterClassAndPostAttendance.csv" -e "c:\agt6\_work\6\a\api\environment\regapiautomation\testdata\sscr-enrollmentreporting\prereq\..\..\..\RegApiAutoEnvironment.postman_environment.json" -r junit,html --reporter-html-export "PreReq-RegisterClassAndPostAttendance_Html.html" --reporter-junit-export "PreReq-RegisterClassAndPostAttendance_Junit.xml"</StdOut>
          </Output>
          <ResultFiles>
            <ResultFile path="CLTBUILD23\PreReq-RegisterClassAndPostAttendance_Html.html" />
            <ResultFile path="CLTBUILD23\PreReq-RegisterClassAndPostAttendance_Junit.xml" />
          </ResultFiles>
        </UnitTestResult>
        <UnitTestResult executionId="cc0627b4-9b01-452f-9fe9-103bef13b1ee" parentExecutionId="d8dcc998-0708-4ed1-b4f9-e688748f8540" testId="a0d137d9-5516-4fa6-84b5-a2c559a751d6" testName="5- prereq-sscr-enrollmentreporting@hp-export-calculateenrollment-generictest (OT-11-SSCR-EnrollmentReporting)" computerName="CLTBUILD23" duration="00:00:04.6218168" startTime="2021-04-12T09:28:10.9120114-04:00" endTime="2021-04-12T09:28:15.5376774-04:00" testType="13cdc9d9-ddb5-4fa4-a97d-d965ccfc6d4b" outcome="Passed" testListId="8c84fa94-04c1-424b-9868-57a2d4851a1d" relativeResultsDirectory="cc0627b4-9b01-452f-9fe9-103bef13b1ee">
          <Output>
            <StdOut>C:\Agt6\_work\_temp\TestResults\c2kbuild_CLTBUILD23 2021-04-12 08_12_36\In\cc0627b4-9b01-452f-9fe9-103bef13b1ee\CLTBUILD23&gt;if not defined TestLocation (set TestLocation=. ) &#xD;
&#xD;
C:\Agt6\_work\_temp\TestResults\c2kbuild_CLTBUILD23 2021-04-12 08_12_36\In\cc0627b4-9b01-452f-9fe9-103bef13b1ee\CLTBUILD23&gt;set CollectionFileName=c:\agt6\_work\6\a\api\environment\regapiautomation\testdata\sscr-enrollmentreporting\prereq\..\..\..\..\..\PreReq\PreReq-CalculateEnrollment.postman_collection.json &#xD;
&#xD;
C:\Agt6\_work\_temp\TestResults\c2kbuild_CLTBUILD23 2021-04-12 08_12_36\In\cc0627b4-9b01-452f-9fe9-103bef13b1ee\CLTBUILD23&gt;set DataFileName=c:\agt6\_work\6\a\api\environment\regapiautomation\testdata\sscr-enrollmentreporting\prereq\PreReq-SSCR-EnrollmentReporting@HP-Export-CalculateEnrollment.data.json &#xD;
&#xD;
C:\Agt6\_work\_temp\TestResults\c2kbuild_CLTBUILD23 2021-04-12 08_12_36\In\cc0627b4-9b01-452f-9fe9-103bef13b1ee\CLTBUILD23&gt;set EnvironmentFilePath=c:\agt6\_work\6\a\api\environment\regapiautomation\testdata\sscr-enrollmentreporting\prereq\..\..\..\RegApiAutoEnvironment.postman_environment.json &#xD;
&#xD;
C:\Agt6\_work\_temp\TestResults\c2kbuild_CLTBUILD23 2021-04-12 08_12_36\In\cc0627b4-9b01-452f-9fe9-103bef13b1ee\CLTBUILD23&gt;set HtmlResultsFile=PreReq-SSCR-EnrollmentReporting@HP-Export-CalculateEnrollment_Html.html &#xD;
&#xD;
C:\Agt6\_work\_temp\TestResults\c2kbuild_CLTBUILD23 2021-04-12 08_12_36\In\cc0627b4-9b01-452f-9fe9-103bef13b1ee\CLTBUILD23&gt;set JunitResultsFile=PreReq-SSCR-EnrollmentReporting@HP-Export-CalculateEnrollment_Junit.xml &#xD;
&#xD;
C:\Agt6\_work\_temp\TestResults\c2kbuild_CLTBUILD23 2021-04-12 08_12_36\In\cc0627b4-9b01-452f-9fe9-103bef13b1ee\CLTBUILD23&gt;newman run "c:\agt6\_work\6\a\api\environment\regapiautomation\testdata\sscr-enrollmentreporting\prereq\..\..\..\..\..\PreReq\PreReq-CalculateEnrollment.postman_collection.json" -k -d "c:\agt6\_work\6\a\api\environment\regapiautomation\testdata\sscr-enrollmentreporting\prereq\PreReq-SSCR-EnrollmentReporting@HP-Export-CalculateEnrollment.data.json" -e "c:\agt6\_work\6\a\api\environment\regapiautomation\testdata\sscr-enrollmentreporting\prereq\..\..\..\RegApiAutoEnvironment.postman_environment.json" -r junit,html --reporter-html-export "PreReq-SSCR-EnrollmentReporting@HP-Export-CalculateEnrollment_Html.html" --reporter-junit-export "PreReq-SSCR-EnrollmentReporting@HP-Export-CalculateEnrollment_Junit.xml"</StdOut>
          </Output>
          <ResultFiles>
            <ResultFile path="CLTBUILD23\PreReq-SSCR-EnrollmentReporting@HP-Export-CalculateEnrollment_Html.html" />
            <ResultFile path="CLTBUILD23\PreReq-SSCR-EnrollmentReporting@HP-Export-CalculateEnrollment_Junit.xml" />
          </ResultFiles>
        </UnitTestResult>
        <UnitTestResult executionId="ecdfb085-a8e4-4936-a017-91bb7879a02f" parentExecutionId="d8dcc998-0708-4ed1-b4f9-e688748f8540" testId="8bde502f-3ff6-4ac2-b387-48fdd692c93b" testName="6- sscr-enrollmentreporting@hp-export-generictest (OT-11-SSCR-EnrollmentReporting)" computerName="CLTBUILD23" duration="00:00:18.3439165" startTime="2021-04-12T09:28:15.5386801-04:00" endTime="2021-04-12T09:28:33.8853863-04:00" testType="13cdc9d9-ddb5-4fa4-a97d-d965ccfc6d4b" outcome="Passed" testListId="8c84fa94-04c1-424b-9868-57a2d4851a1d" relativeResultsDirectory="ecdfb085-a8e4-4936-a017-91bb7879a02f">
          <Output>
            <StdOut>C:\Agt6\_work\_temp\TestResults\c2kbuild_CLTBUILD23 2021-04-12 08_12_36\In\ecdfb085-a8e4-4936-a017-91bb7879a02f\CLTBUILD23&gt;if not defined TestLocation (set TestLocation=. ) &#xD;
&#xD;
C:\Agt6\_work\_temp\TestResults\c2kbuild_CLTBUILD23 2021-04-12 08_12_36\In\ecdfb085-a8e4-4936-a017-91bb7879a02f\CLTBUILD23&gt;set CollectionFileName=c:\agt6\_work\6\a\api\environment\regapiautomation\testdata\sscr-enrollmentreporting\..\..\..\..\Tests\SSCR-EnrollmentReporting\SSCR-EnrollmentReporting@HP-Export.postman_collection.json &#xD;
&#xD;
C:\Agt6\_work\_temp\TestResults\c2kbuild_CLTBUILD23 2021-04-12 08_12_36\In\ecdfb085-a8e4-4936-a017-91bb7879a02f\CLTBUILD23&gt;set DataFileName=c:\agt6\_work\6\a\api\environment\regapiautomation\testdata\sscr-enrollmentreporting\SSCR-EnrollmentReporting@HP-Export.data.json &#xD;
&#xD;
C:\Agt6\_work\_temp\TestResults\c2kbuild_CLTBUILD23 2021-04-12 08_12_36\In\ecdfb085-a8e4-4936-a017-91bb7879a02f\CLTBUILD23&gt;set EnvironmentFilePath=c:\agt6\_work\6\a\api\environment\regapiautomation\testdata\sscr-enrollmentreporting\..\..\RegApiAutoEnvironment.postman_environment.json &#xD;
&#xD;
C:\Agt6\_work\_temp\TestResults\c2kbuild_CLTBUILD23 2021-04-12 08_12_36\In\ecdfb085-a8e4-4936-a017-91bb7879a02f\CLTBUILD23&gt;set HtmlResultsFile=SSCR-EnrollmentReporting@HP-Export_Html.html &#xD;
&#xD;
C:\Agt6\_work\_temp\TestResults\c2kbuild_CLTBUILD23 2021-04-12 08_12_36\In\ecdfb085-a8e4-4936-a017-91bb7879a02f\CLTBUILD23&gt;set JunitResultsFile=SSCR-EnrollmentReporting@HP-Export_Junit.xml &#xD;
&#xD;
C:\Agt6\_work\_temp\TestResults\c2kbuild_CLTBUILD23 2021-04-12 08_12_36\In\ecdfb085-a8e4-4936-a017-91bb7879a02f\CLTBUILD23&gt;newman run "c:\agt6\_work\6\a\api\environment\regapiautomation\testdata\sscr-enrollmentreporting\..\..\..\..\Tests\SSCR-EnrollmentReporting\SSCR-EnrollmentReporting@HP-Export.postman_collection.json" -k -d "c:\agt6\_work\6\a\api\environment\regapiautomation\testdata\sscr-enrollmentreporting\SSCR-EnrollmentReporting@HP-Export.data.json" -e "c:\agt6\_work\6\a\api\environment\regapiautomation\testdata\sscr-enrollmentreporting\..\..\RegApiAutoEnvironment.postman_environment.json" -r junit,html --reporter-html-export "SSCR-EnrollmentReporting@HP-Export_Html.html" --reporter-junit-export "SSCR-EnrollmentReporting@HP-Export_Junit.xml"</StdOut>
          </Output>
          <ResultFiles>
            <ResultFile path="CLTBUILD23\SSCR-EnrollmentReporting@HP-Export_Html.html" />
            <ResultFile path="CLTBUILD23\SSCR-EnrollmentReporting@HP-Export_Junit.xml" />
          </ResultFiles>
        </UnitTestResult>
      </InnerResults>
    </TestResultAggregation>
    <TestResultAggregation executionId="697f4704-c9e2-4f19-8fbf-e152e9f52a64" testId="a25f4f48-62c4-4194-b090-9954bfc98809" testName="OT-06ZA-FISAP-Report-Summary-20_21" computerName="CLTBUILD23" duration="00:01:26.3712595" startTime="2021-04-12T09:13:07.1030686-04:00" endTime="2021-04-12T09:14:33.4659118-04:00" testType="ec4800e8-40e5-4ab3-8510-b8bf29b1904d" outcome="Passed" testListId="8c84fa94-04c1-424b-9868-57a2d4851a1d" relativeResultsDirectory="697f4704-c9e2-4f19-8fbf-e152e9f52a64">
      <InnerResults>
        <UnitTestResult executionId="69df16b5-e672-45db-941f-4bfdb0b4d081" parentExecutionId="697f4704-c9e2-4f19-8fbf-e152e9f52a64" testId="d32d3f3f-280b-4202-8d4c-c78166ee8969" testName="01- prereq-fisap-datacorrection@report-summary-20_21-createstudent-generictest (OT-06ZA-FISAP-Report-Summary-20_21)" computerName="CLTBUILD23" duration="00:00:08.2562960" startTime="2021-04-12T09:13:07.1050652-04:00" endTime="2021-04-12T09:13:15.3654805-04:00" testType="13cdc9d9-ddb5-4fa4-a97d-d965ccfc6d4b" outcome="Passed" testListId="8c84fa94-04c1-424b-9868-57a2d4851a1d" relativeResultsDirectory="69df16b5-e672-45db-941f-4bfdb0b4d081">
          <Output>
            <StdOut>C:\Agt6\_work\_temp\TestResults\c2kbuild_CLTBUILD23 2021-04-12 08_12_36\In\69df16b5-e672-45db-941f-4bfdb0b4d081\CLTBUILD23&gt;if not defined TestLocation (set TestLocation=. ) &#xD;
&#xD;
C:\Agt6\_work\_temp\TestResults\c2kbuild_CLTBUILD23 2021-04-12 08_12_36\In\69df16b5-e672-45db-941f-4bfdb0b4d081\CLTBUILD23&gt;set CollectionFileName=c:\agt6\_work\6\a\api\environment\regapiautomation\testdata\fisap-datacorrection\prereq-report-summary-20_21\..\..\..\..\..\PreReq\PreReq-CreateStudent.postman_collection.json &#xD;
&#xD;
C:\Agt6\_work\_temp\TestResults\c2kbuild_CLTBUILD23 2021-04-12 08_12_36\In\69df16b5-e672-45db-941f-4bfdb0b4d081\CLTBUILD23&gt;set DataFileName=c:\agt6\_work\6\a\api\environment\regapiautomation\testdata\fisap-datacorrection\prereq-report-summary-20_21\PreReq-FISAP-DataCorrection@Report-Summary-20_21-CreateStudent.data.csv &#xD;
&#xD;
C:\Agt6\_work\_temp\TestResults\c2kbuild_CLTBUILD23 2021-04-12 08_12_36\In\69df16b5-e672-45db-941f-4bfdb0b4d081\CLTBUILD23&gt;set EnvironmentFilePath=c:\agt6\_work\6\a\api\environment\regapiautomation\testdata\fisap-datacorrection\prereq-report-summary-20_21\..\..\..\RegApiAutoEnvironment.postman_environment.json &#xD;
&#xD;
C:\Agt6\_work\_temp\TestResults\c2kbuild_CLTBUILD23 2021-04-12 08_12_36\In\69df16b5-e672-45db-941f-4bfdb0b4d081\CLTBUILD23&gt;set HtmlResultsFile=PreReq-CreateStudent_Html.html &#xD;
&#xD;
C:\Agt6\_work\_temp\TestResults\c2kbuild_CLTBUILD23 2021-04-12 08_12_36\In\69df16b5-e672-45db-941f-4bfdb0b4d081\CLTBUILD23&gt;set JunitResultsFile=PreReq-CreateStudent_Junit.xml &#xD;
&#xD;
C:\Agt6\_work\_temp\TestResults\c2kbuild_CLTBUILD23 2021-04-12 08_12_36\In\69df16b5-e672-45db-941f-4bfdb0b4d081\CLTBUILD23&gt;newman run "c:\agt6\_work\6\a\api\environment\regapiautomation\testdata\fisap-datacorrection\prereq-report-summary-20_21\..\..\..\..\..\PreReq\PreReq-CreateStudent.postman_collection.json" -k -d "c:\agt6\_work\6\a\api\environment\regapiautomation\testdata\fisap-datacorrection\prereq-report-summary-20_21\PreReq-FISAP-DataCorrection@Report-Summary-20_21-CreateStudent.data.csv" -e "c:\agt6\_work\6\a\api\environment\regapiautomation\testdata\fisap-datacorrection\prereq-report-summary-20_21\..\..\..\RegApiAutoEnvironment.postman_environment.json" -r junit,html --reporter-html-export "PreReq-CreateStudent_Html.html" --reporter-junit-export "PreReq-CreateStudent_Junit.xml"</StdOut>
          </Output>
          <ResultFiles>
            <ResultFile path="CLTBUILD23\PreReq-CreateStudent_Html.html" />
            <ResultFile path="CLTBUILD23\PreReq-CreateStudent_Junit.xml" />
          </ResultFiles>
        </UnitTestResult>
        <UnitTestResult executionId="c33e4552-0894-4aa7-afd5-4459a2c6e2fe" parentExecutionId="697f4704-c9e2-4f19-8fbf-e152e9f52a64" testId="22cc65e5-93b8-4f58-8f55-3ce2306c49af" testName="02- prereq-fisap-datacorrection@report-summary-20_21-importisir-generictest (OT-06ZA-FISAP-Report-Summary-20_21)" computerName="CLTBUILD23" duration="00:00:07.5991468" startTime="2021-04-12T09:13:15.3654805-04:00" endTime="2021-04-12T09:13:22.9739420-04:00" testType="13cdc9d9-ddb5-4fa4-a97d-d965ccfc6d4b" outcome="Passed" testListId="8c84fa94-04c1-424b-9868-57a2d4851a1d" relativeResultsDirectory="c33e4552-0894-4aa7-afd5-4459a2c6e2fe">
          <Output>
            <StdOut>C:\Agt6\_work\_temp\TestResults\c2kbuild_CLTBUILD23 2021-04-12 08_12_36\In\c33e4552-0894-4aa7-afd5-4459a2c6e2fe\CLTBUILD23&gt;if not defined TestLocation (set TestLocation=. ) &#xD;
&#xD;
C:\Agt6\_work\_temp\TestResults\c2kbuild_CLTBUILD23 2021-04-12 08_12_36\In\c33e4552-0894-4aa7-afd5-4459a2c6e2fe\CLTBUILD23&gt;set CollectionFileName=c:\agt6\_work\6\a\api\environment\regapiautomation\testdata\fisap-datacorrection\prereq-report-summary-20_21\..\..\..\..\..\PreReq\PreReq-ImportIsir.postman_collection.json &#xD;
&#xD;
C:\Agt6\_work\_temp\TestResults\c2kbuild_CLTBUILD23 2021-04-12 08_12_36\In\c33e4552-0894-4aa7-afd5-4459a2c6e2fe\CLTBUILD23&gt;set DataFileName=c:\agt6\_work\6\a\api\environment\regapiautomation\testdata\fisap-datacorrection\prereq-report-summary-20_21\PreReq-FISAP-DataCorrection@Report-Summary-20_21-ImportIsir.data.json &#xD;
&#xD;
C:\Agt6\_work\_temp\TestResults\c2kbuild_CLTBUILD23 2021-04-12 08_12_36\In\c33e4552-0894-4aa7-afd5-4459a2c6e2fe\CLTBUILD23&gt;set EnvironmentFilePath=c:\agt6\_work\6\a\api\environment\regapiautomation\testdata\fisap-datacorrection\prereq-report-summary-20_21\..\..\..\RegApiAutoEnvironment.postman_environment.json &#xD;
&#xD;
C:\Agt6\_work\_temp\TestResults\c2kbuild_CLTBUILD23 2021-04-12 08_12_36\In\c33e4552-0894-4aa7-afd5-4459a2c6e2fe\CLTBUILD23&gt;set HtmlResultsFile=PreReq-ImportIsir_Html.html &#xD;
&#xD;
C:\Agt6\_work\_temp\TestResults\c2kbuild_CLTBUILD23 2021-04-12 08_12_36\In\c33e4552-0894-4aa7-afd5-4459a2c6e2fe\CLTBUILD23&gt;set JunitResultsFile=PreReq-ImportIsir_Junit.xml &#xD;
&#xD;
C:\Agt6\_work\_temp\TestResults\c2kbuild_CLTBUILD23 2021-04-12 08_12_36\In\c33e4552-0894-4aa7-afd5-4459a2c6e2fe\CLTBUILD23&gt;newman run "c:\agt6\_work\6\a\api\environment\regapiautomation\testdata\fisap-datacorrection\prereq-report-summary-20_21\..\..\..\..\..\PreReq\PreReq-ImportIsir.postman_collection.json" -k -d "c:\agt6\_work\6\a\api\environment\regapiautomation\testdata\fisap-datacorrection\prereq-report-summary-20_21\PreReq-FISAP-DataCorrection@Report-Summary-20_21-ImportIsir.data.json" -e "c:\agt6\_work\6\a\api\environment\regapiautomation\testdata\fisap-datacorrection\prereq-report-summary-20_21\..\..\..\RegApiAutoEnvironment.postman_environment.json" -r junit,html --reporter-html-export "PreReq-ImportIsir_Html.html" --reporter-junit-export "PreReq-ImportIsir_Junit.xml"</StdOut>
          </Output>
          <ResultFiles>
            <ResultFile path="CLTBUILD23\PreReq-ImportIsir_Html.html" />
            <ResultFile path="CLTBUILD23\PreReq-ImportIsir_Junit.xml" />
          </ResultFiles>
        </UnitTestResult>
        <UnitTestResult executionId="aaa989b4-776f-4d7a-9c81-aac4107ef160" parentExecutionId="697f4704-c9e2-4f19-8fbf-e152e9f52a64" testId="267ceb9e-949e-461c-8987-f2f9c5c54a06" testName="03- prereq-fisap-datacorrection@report-summary-20_21-enrollstudent-generictest (OT-06ZA-FISAP-Report-Summary-20_21)" computerName="CLTBUILD23" duration="00:00:14.8451986" startTime="2021-04-12T09:13:22.9739420-04:00" endTime="2021-04-12T09:13:37.8218764-04:00" testType="13cdc9d9-ddb5-4fa4-a97d-d965ccfc6d4b" outcome="Passed" testListId="8c84fa94-04c1-424b-9868-57a2d4851a1d" relativeResultsDirectory="aaa989b4-776f-4d7a-9c81-aac4107ef160">
          <Output>
            <StdOut>C:\Agt6\_work\_temp\TestResults\c2kbuild_CLTBUILD23 2021-04-12 08_12_36\In\aaa989b4-776f-4d7a-9c81-aac4107ef160\CLTBUILD23&gt;if not defined TestLocation (set TestLocation=. ) &#xD;
&#xD;
C:\Agt6\_work\_temp\TestResults\c2kbuild_CLTBUILD23 2021-04-12 08_12_36\In\aaa989b4-776f-4d7a-9c81-aac4107ef160\CLTBUILD23&gt;set CollectionFileName=c:\agt6\_work\6\a\api\environment\regapiautomation\testdata\fisap-datacorrection\prereq-report-summary-20_21\..\..\..\..\..\PreReq\PreReq-EnrollStudent.postman_collection.json &#xD;
&#xD;
C:\Agt6\_work\_temp\TestResults\c2kbuild_CLTBUILD23 2021-04-12 08_12_36\In\aaa989b4-776f-4d7a-9c81-aac4107ef160\CLTBUILD23&gt;set DataFileName=c:\agt6\_work\6\a\api\environment\regapiautomation\testdata\fisap-datacorrection\prereq-report-summary-20_21\PreReq-FISAP-DataCorrection@Report-Summary-20_21-EnrollStudent.data.csv &#xD;
&#xD;
C:\Agt6\_work\_temp\TestResults\c2kbuild_CLTBUILD23 2021-04-12 08_12_36\In\aaa989b4-776f-4d7a-9c81-aac4107ef160\CLTBUILD23&gt;set EnvironmentFilePath=c:\agt6\_work\6\a\api\environment\regapiautomation\testdata\fisap-datacorrection\prereq-report-summary-20_21\..\..\..\RegApiAutoEnvironment.postman_environment.json &#xD;
&#xD;
C:\Agt6\_work\_temp\TestResults\c2kbuild_CLTBUILD23 2021-04-12 08_12_36\In\aaa989b4-776f-4d7a-9c81-aac4107ef160\CLTBUILD23&gt;set HtmlResultsFile=PreReq-EnrollStudent_Html.html &#xD;
&#xD;
C:\Agt6\_work\_temp\TestResults\c2kbuild_CLTBUILD23 2021-04-12 08_12_36\In\aaa989b4-776f-4d7a-9c81-aac4107ef160\CLTBUILD23&gt;set JunitResultsFile=PreReq-EnrollStudent_Junit.xml &#xD;
&#xD;
C:\Agt6\_work\_temp\TestResults\c2kbuild_CLTBUILD23 2021-04-12 08_12_36\In\aaa989b4-776f-4d7a-9c81-aac4107ef160\CLTBUILD23&gt;newman run "c:\agt6\_work\6\a\api\environment\regapiautomation\testdata\fisap-datacorrection\prereq-report-summary-20_21\..\..\..\..\..\PreReq\PreReq-EnrollStudent.postman_collection.json" -k -d "c:\agt6\_work\6\a\api\environment\regapiautomation\testdata\fisap-datacorrection\prereq-report-summary-20_21\PreReq-FISAP-DataCorrection@Report-Summary-20_21-EnrollStudent.data.csv" -e "c:\agt6\_work\6\a\api\environment\regapiautomation\testdata\fisap-datacorrection\prereq-report-summary-20_21\..\..\..\RegApiAutoEnvironment.postman_environment.json" -r junit,html --reporter-html-export "PreReq-EnrollStudent_Html.html" --reporter-junit-export "PreReq-EnrollStudent_Junit.xml"</StdOut>
          </Output>
          <ResultFiles>
            <ResultFile path="CLTBUILD23\PreReq-EnrollStudent_Html.html" />
            <ResultFile path="CLTBUILD23\PreReq-EnrollStudent_Junit.xml" />
          </ResultFiles>
        </UnitTestResult>
        <UnitTestResult executionId="f3926224-9647-4236-87f4-f785cd7ec000" parentExecutionId="697f4704-c9e2-4f19-8fbf-e152e9f52a64" testId="840f41f0-4b32-4c3a-92da-d0f9540f7951" testName="04- prereq-fisap-datacorrection@report-summary-20_21-seteffectivedate-generictest (OT-06ZA-FISAP-Report-Summary-20_21)" computerName="CLTBUILD23" duration="00:00:05.2031709" startTime="2021-04-12T09:13:37.8238864-04:00" endTime="2021-04-12T09:13:43.0335084-04:00" testType="13cdc9d9-ddb5-4fa4-a97d-d965ccfc6d4b" outcome="Passed" testListId="8c84fa94-04c1-424b-9868-57a2d4851a1d" relativeResultsDirectory="f3926224-9647-4236-87f4-f785cd7ec000">
          <Output>
            <StdOut>C:\Agt6\_work\_temp\TestResults\c2kbuild_CLTBUILD23 2021-04-12 08_12_36\In\f3926224-9647-4236-87f4-f785cd7ec000\CLTBUILD23&gt;if not defined TestLocation (set TestLocation=. ) &#xD;
&#xD;
C:\Agt6\_work\_temp\TestResults\c2kbuild_CLTBUILD23 2021-04-12 08_12_36\In\f3926224-9647-4236-87f4-f785cd7ec000\CLTBUILD23&gt;set CollectionFileName=c:\agt6\_work\6\a\api\environment\regapiautomation\testdata\fisap-datacorrection\prereq-report-summary-20_21\..\..\..\..\..\PreReq\PreReq-SetEffectiveDateAfterStudentEnroll.postman_collection.json &#xD;
&#xD;
C:\Agt6\_work\_temp\TestResults\c2kbuild_CLTBUILD23 2021-04-12 08_12_36\In\f3926224-9647-4236-87f4-f785cd7ec000\CLTBUILD23&gt;set DataFileName=c:\agt6\_work\6\a\api\environment\regapiautomation\testdata\fisap-datacorrection\prereq-report-summary-20_21\PreReq-FISAP-DataCorrection@Report-Summary-20_21-SetEffectiveDate.data.json &#xD;
&#xD;
C:\Agt6\_work\_temp\TestResults\c2kbuild_CLTBUILD23 2021-04-12 08_12_36\In\f3926224-9647-4236-87f4-f785cd7ec000\CLTBUILD23&gt;set EnvironmentFilePath=c:\agt6\_work\6\a\api\environment\regapiautomation\testdata\fisap-datacorrection\prereq-report-summary-20_21\..\..\..\RegApiAutoEnvironment.postman_environment.json &#xD;
&#xD;
C:\Agt6\_work\_temp\TestResults\c2kbuild_CLTBUILD23 2021-04-12 08_12_36\In\f3926224-9647-4236-87f4-f785cd7ec000\CLTBUILD23&gt;set HtmlResultsFile=SetEffectiveDate_Html.html &#xD;
&#xD;
C:\Agt6\_work\_temp\TestResults\c2kbuild_CLTBUILD23 2021-04-12 08_12_36\In\f3926224-9647-4236-87f4-f785cd7ec000\CLTBUILD23&gt;set JunitResultsFile=SetEffectiveDate_Junit.xml &#xD;
&#xD;
C:\Agt6\_work\_temp\TestResults\c2kbuild_CLTBUILD23 2021-04-12 08_12_36\In\f3926224-9647-4236-87f4-f785cd7ec000\CLTBUILD23&gt;newman run "c:\agt6\_work\6\a\api\environment\regapiautomation\testdata\fisap-datacorrection\prereq-report-summary-20_21\..\..\..\..\..\PreReq\PreReq-SetEffectiveDateAfterStudentEnroll.postman_collection.json" -k -d "c:\agt6\_work\6\a\api\environment\regapiautomation\testdata\fisap-datacorrection\prereq-report-summary-20_21\PreReq-FISAP-DataCorrection@Report-Summary-20_21-SetEffectiveDate.data.json" -e "c:\agt6\_work\6\a\api\environment\regapiautomation\testdata\fisap-datacorrection\prereq-report-summary-20_21\..\..\..\RegApiAutoEnvironment.postman_environment.json" -r junit,html --reporter-html-export "SetEffectiveDate_Html.html" --reporter-junit-export "SetEffectiveDate_Junit.xml"</StdOut>
          </Output>
          <ResultFiles>
            <ResultFile path="CLTBUILD23\SetEffectiveDate_Html.html" />
            <ResultFile path="CLTBUILD23\SetEffectiveDate_Junit.xml" />
          </ResultFiles>
        </UnitTestResult>
        <UnitTestResult executionId="b3660a33-8e0f-4832-9ab0-04f278bcf4c9" parentExecutionId="697f4704-c9e2-4f19-8fbf-e152e9f52a64" testId="40949d53-7b41-47ea-9e13-b0a82d4ade2b" testName="05- prereq-fisap-datacorrection@report-summary-20_21-registerclassandpostattendance-generictest (OT-06ZA-FISAP-Report-Summary-20_21)" computerName="CLTBUILD23" duration="00:00:10.3648222" startTime="2021-04-12T09:13:43.0345040-04:00" endTime="2021-04-12T09:13:53.3997694-04:00" testType="13cdc9d9-ddb5-4fa4-a97d-d965ccfc6d4b" outcome="Passed" testListId="8c84fa94-04c1-424b-9868-57a2d4851a1d" relativeResultsDirectory="b3660a33-8e0f-4832-9ab0-04f278bcf4c9">
          <Output>
            <StdOut>C:\Agt6\_work\_temp\TestResults\c2kbuild_CLTBUILD23 2021-04-12 08_12_36\In\b3660a33-8e0f-4832-9ab0-04f278bcf4c9\CLTBUILD23&gt;if not defined TestLocation (set TestLocation=. ) &#xD;
&#xD;
C:\Agt6\_work\_temp\TestResults\c2kbuild_CLTBUILD23 2021-04-12 08_12_36\In\b3660a33-8e0f-4832-9ab0-04f278bcf4c9\CLTBUILD23&gt;set CollectionFileName=c:\agt6\_work\6\a\api\environment\regapiautomation\testdata\fisap-datacorrection\prereq-report-summary-20_21\..\..\..\..\..\PreReq\PreReq-RegisterClassAndPostAttendanceForStudent.postman_collection.json &#xD;
&#xD;
C:\Agt6\_work\_temp\TestResults\c2kbuild_CLTBUILD23 2021-04-12 08_12_36\In\b3660a33-8e0f-4832-9ab0-04f278bcf4c9\CLTBUILD23&gt;set DataFileName=c:\agt6\_work\6\a\api\environment\regapiautomation\testdata\fisap-datacorrection\prereq-report-summary-20_21\PreReq-FISAP-DataCorrection@Report-Summary-20_21-RegisterClassAndPostAttendance.csv &#xD;
&#xD;
C:\Agt6\_work\_temp\TestResults\c2kbuild_CLTBUILD23 2021-04-12 08_12_36\In\b3660a33-8e0f-4832-9ab0-04f278bcf4c9\CLTBUILD23&gt;set EnvironmentFilePath=c:\agt6\_work\6\a\api\environment\regapiautomation\testdata\fisap-datacorrection\prereq-report-summary-20_21\..\..\..\RegApiAutoEnvironment.postman_environment.json &#xD;
&#xD;
C:\Agt6\_work\_temp\TestResults\c2kbuild_CLTBUILD23 2021-04-12 08_12_36\In\b3660a33-8e0f-4832-9ab0-04f278bcf4c9\CLTBUILD23&gt;set HtmlResultsFile=PreReq-RegisterClassAndPostAttendance_Html.html &#xD;
&#xD;
C:\Agt6\_work\_temp\TestResults\c2kbuild_CLTBUILD23 2021-04-12 08_12_36\In\b3660a33-8e0f-4832-9ab0-04f278bcf4c9\CLTBUILD23&gt;set JunitResultsFile=PreReq-RegisterClassAndPostAttendance_Junit.xml &#xD;
&#xD;
C:\Agt6\_work\_temp\TestResults\c2kbuild_CLTBUILD23 2021-04-12 08_12_36\In\b3660a33-8e0f-4832-9ab0-04f278bcf4c9\CLTBUILD23&gt;newman run "c:\agt6\_work\6\a\api\environment\regapiautomation\testdata\fisap-datacorrection\prereq-report-summary-20_21\..\..\..\..\..\PreReq\PreReq-RegisterClassAndPostAttendanceForStudent.postman_collection.json" -k -d "c:\agt6\_work\6\a\api\environment\regapiautomation\testdata\fisap-datacorrection\prereq-report-summary-20_21\PreReq-FISAP-DataCorrection@Report-Summary-20_21-RegisterClassAndPostAttendance.csv" -e "c:\agt6\_work\6\a\api\environment\regapiautomation\testdata\fisap-datacorrection\prereq-report-summary-20_21\..\..\..\RegApiAutoEnvironment.postman_environment.json" -r junit,html --reporter-html-export "PreReq-RegisterClassAndPostAttendance_Html.html" --reporter-junit-export "PreReq-RegisterClassAndPostAttendance_Junit.xml"</StdOut>
          </Output>
          <ResultFiles>
            <ResultFile path="CLTBUILD23\PreReq-RegisterClassAndPostAttendance_Html.html" />
            <ResultFile path="CLTBUILD23\PreReq-RegisterClassAndPostAttendance_Junit.xml" />
          </ResultFiles>
        </UnitTestResult>
        <UnitTestResult executionId="77de9115-bef5-4e64-a940-8505625f420b" parentExecutionId="697f4704-c9e2-4f19-8fbf-e152e9f52a64" testId="3acf4828-6ed6-4eaa-b317-be67ef36db26" testName="06- prereq-fisap-datacorrection@report-summary-20_21-updatebudgetforacademicyearforpackaging-generictest (OT-06ZA-FISAP-Report-Summary-20_21)" computerName="CLTBUILD23" duration="00:00:09.0799957" startTime="2021-04-12T09:13:53.4007730-04:00" endTime="2021-04-12T09:14:02.4921211-04:00" testType="13cdc9d9-ddb5-4fa4-a97d-d965ccfc6d4b" outcome="Passed" testListId="8c84fa94-04c1-424b-9868-57a2d4851a1d" relativeResultsDirectory="77de9115-bef5-4e64-a940-8505625f420b">
          <Output>
            <StdOut>C:\Agt6\_work\_temp\TestResults\c2kbuild_CLTBUILD23 2021-04-12 08_12_36\In\77de9115-bef5-4e64-a940-8505625f420b\CLTBUILD23&gt;if not defined TestLocation (set TestLocation=. ) &#xD;
&#xD;
C:\Agt6\_work\_temp\TestResults\c2kbuild_CLTBUILD23 2021-04-12 08_12_36\In\77de9115-bef5-4e64-a940-8505625f420b\CLTBUILD23&gt;set CollectionFileName=c:\agt6\_work\6\a\api\environment\regapiautomation\testdata\fisap-datacorrection\prereq-report-summary-20_21\..\..\..\..\..\PreReq\PreReq-UpdateBudgetForAcademicYearForPackaging.postman_collection.json &#xD;
&#xD;
C:\Agt6\_work\_temp\TestResults\c2kbuild_CLTBUILD23 2021-04-12 08_12_36\In\77de9115-bef5-4e64-a940-8505625f420b\CLTBUILD23&gt;set DataFileName=c:\agt6\_work\6\a\api\environment\regapiautomation\testdata\fisap-datacorrection\prereq-report-summary-20_21\PreReq-FISAP-DataCorrection@Report-Summary-20_21-UpdateBudgetForAcademicYearForPackaging.data.csv &#xD;
&#xD;
C:\Agt6\_work\_temp\TestResults\c2kbuild_CLTBUILD23 2021-04-12 08_12_36\In\77de9115-bef5-4e64-a940-8505625f420b\CLTBUILD23&gt;set EnvironmentFilePath=c:\agt6\_work\6\a\api\environment\regapiautomation\testdata\fisap-datacorrection\prereq-report-summary-20_21\..\..\..\RegApiAutoEnvironment.postman_environment.json &#xD;
&#xD;
C:\Agt6\_work\_temp\TestResults\c2kbuild_CLTBUILD23 2021-04-12 08_12_36\In\77de9115-bef5-4e64-a940-8505625f420b\CLTBUILD23&gt;set HtmlResultsFile=PreReq-UpdateBudgetForAcademicYearForPackaging_Html.html &#xD;
&#xD;
C:\Agt6\_work\_temp\TestResults\c2kbuild_CLTBUILD23 2021-04-12 08_12_36\In\77de9115-bef5-4e64-a940-8505625f420b\CLTBUILD23&gt;set JunitResultsFile=PreReq-UpdateBudgetForAcademicYearForPackaging_Junit.xml &#xD;
&#xD;
C:\Agt6\_work\_temp\TestResults\c2kbuild_CLTBUILD23 2021-04-12 08_12_36\In\77de9115-bef5-4e64-a940-8505625f420b\CLTBUILD23&gt;newman run "c:\agt6\_work\6\a\api\environment\regapiautomation\testdata\fisap-datacorrection\prereq-report-summary-20_21\..\..\..\..\..\PreReq\PreReq-UpdateBudgetForAcademicYearForPackaging.postman_collection.json" -k -d "c:\agt6\_work\6\a\api\environment\regapiautomation\testdata\fisap-datacorrection\prereq-report-summary-20_21\PreReq-FISAP-DataCorrection@Report-Summary-20_21-UpdateBudgetForAcademicYearForPackaging.data.csv" -e "c:\agt6\_work\6\a\api\environment\regapiautomation\testdata\fisap-datacorrection\prereq-report-summary-20_21\..\..\..\RegApiAutoEnvironment.postman_environment.json" -r junit,html --reporter-html-export "PreReq-UpdateBudgetForAcademicYearForPackaging_Html.html" --reporter-junit-export "PreReq-UpdateBudgetForAcademicYearForPackaging_Junit.xml"</StdOut>
          </Output>
          <ResultFiles>
            <ResultFile path="CLTBUILD23\PreReq-UpdateBudgetForAcademicYearForPackaging_Html.html" />
            <ResultFile path="CLTBUILD23\PreReq-UpdateBudgetForAcademicYearForPackaging_Junit.xml" />
          </ResultFiles>
        </UnitTestResult>
        <UnitTestResult executionId="aa6c1619-593f-4d63-bfa5-15212ebefd88" parentExecutionId="697f4704-c9e2-4f19-8fbf-e152e9f52a64" testId="d2687bc2-640b-4279-baa6-7c1c549b06eb" testName="07- prereq-fisap-datacorrection@report-summary-20_21-awardgrantforpackaging-generictest (OT-06ZA-FISAP-Report-Summary-20_21)" computerName="CLTBUILD23" duration="00:00:09.2299800" startTime="2021-04-12T09:14:02.4921211-04:00" endTime="2021-04-12T09:14:11.7254562-04:00" testType="13cdc9d9-ddb5-4fa4-a97d-d965ccfc6d4b" outcome="Passed" testListId="8c84fa94-04c1-424b-9868-57a2d4851a1d" relativeResultsDirectory="aa6c1619-593f-4d63-bfa5-15212ebefd88">
          <Output>
            <StdOut>C:\Agt6\_work\_temp\TestResults\c2kbuild_CLTBUILD23 2021-04-12 08_12_36\In\aa6c1619-593f-4d63-bfa5-15212ebefd88\CLTBUILD23&gt;if not defined TestLocation (set TestLocation=. ) &#xD;
&#xD;
C:\Agt6\_work\_temp\TestResults\c2kbuild_CLTBUILD23 2021-04-12 08_12_36\In\aa6c1619-593f-4d63-bfa5-15212ebefd88\CLTBUILD23&gt;set CollectionFileName=c:\agt6\_work\6\a\api\environment\regapiautomation\testdata\fisap-datacorrection\prereq-report-summary-20_21\..\..\..\..\..\PreReq\PreReq-AwardGrantForPackaging.postman_collection.json &#xD;
&#xD;
C:\Agt6\_work\_temp\TestResults\c2kbuild_CLTBUILD23 2021-04-12 08_12_36\In\aa6c1619-593f-4d63-bfa5-15212ebefd88\CLTBUILD23&gt;set DataFileName=c:\agt6\_work\6\a\api\environment\regapiautomation\testdata\fisap-datacorrection\prereq-report-summary-20_21\PreReq-FISAP-DataCorrection@Report-Summary-20_21-AwardGrantForPackaging.data.csv &#xD;
&#xD;
C:\Agt6\_work\_temp\TestResults\c2kbuild_CLTBUILD23 2021-04-12 08_12_36\In\aa6c1619-593f-4d63-bfa5-15212ebefd88\CLTBUILD23&gt;set EnvironmentFilePath=c:\agt6\_work\6\a\api\environment\regapiautomation\testdata\fisap-datacorrection\prereq-report-summary-20_21\..\..\..\RegApiAutoEnvironment.postman_environment.json &#xD;
&#xD;
C:\Agt6\_work\_temp\TestResults\c2kbuild_CLTBUILD23 2021-04-12 08_12_36\In\aa6c1619-593f-4d63-bfa5-15212ebefd88\CLTBUILD23&gt;set HtmlResultsFile=PreReq-AwardGrantForPackaging_Html.html &#xD;
&#xD;
C:\Agt6\_work\_temp\TestResults\c2kbuild_CLTBUILD23 2021-04-12 08_12_36\In\aa6c1619-593f-4d63-bfa5-15212ebefd88\CLTBUILD23&gt;set JunitResultsFile=PreReq-AwardGrantForPackaging_Junit.xml &#xD;
&#xD;
C:\Agt6\_work\_temp\TestResults\c2kbuild_CLTBUILD23 2021-04-12 08_12_36\In\aa6c1619-593f-4d63-bfa5-15212ebefd88\CLTBUILD23&gt;newman run "c:\agt6\_work\6\a\api\environment\regapiautomation\testdata\fisap-datacorrection\prereq-report-summary-20_21\..\..\..\..\..\PreReq\PreReq-AwardGrantForPackaging.postman_collection.json" -k -d "c:\agt6\_work\6\a\api\environment\regapiautomation\testdata\fisap-datacorrection\prereq-report-summary-20_21\PreReq-FISAP-DataCorrection@Report-Summary-20_21-AwardGrantForPackaging.data.csv" -e "c:\agt6\_work\6\a\api\environment\regapiautomation\testdata\fisap-datacorrection\prereq-report-summary-20_21\..\..\..\RegApiAutoEnvironment.postman_environment.json" -r junit,html --reporter-html-export "PreReq-AwardGrantForPackaging_Html.html" --reporter-junit-export "PreReq-AwardGrantForPackaging_Junit.xml"</StdOut>
          </Output>
          <ResultFiles>
            <ResultFile path="CLTBUILD23\PreReq-AwardGrantForPackaging_Html.html" />
            <ResultFile path="CLTBUILD23\PreReq-AwardGrantForPackaging_Junit.xml" />
          </ResultFiles>
        </UnitTestResult>
        <UnitTestResult executionId="eee2c641-eb90-4d3b-8981-99902a043294" parentExecutionId="697f4704-c9e2-4f19-8fbf-e152e9f52a64" testId="ece4a9c2-5255-4511-8d67-a5cf921d509e" testName="08- prereq-fisap-datacorrection@report-summary-20_21-postpaymentledgercard-generictest (OT-06ZA-FISAP-Report-Summary-20_21)" computerName="CLTBUILD23" duration="00:00:07.4689883" startTime="2021-04-12T09:14:11.7264563-04:00" endTime="2021-04-12T09:14:19.2009202-04:00" testType="13cdc9d9-ddb5-4fa4-a97d-d965ccfc6d4b" outcome="Passed" testListId="8c84fa94-04c1-424b-9868-57a2d4851a1d" relativeResultsDirectory="eee2c641-eb90-4d3b-8981-99902a043294">
          <Output>
            <StdOut>C:\Agt6\_work\_temp\TestResults\c2kbuild_CLTBUILD23 2021-04-12 08_12_36\In\eee2c641-eb90-4d3b-8981-99902a043294\CLTBUILD23&gt;if not defined TestLocation (set TestLocation=. ) &#xD;
&#xD;
C:\Agt6\_work\_temp\TestResults\c2kbuild_CLTBUILD23 2021-04-12 08_12_36\In\eee2c641-eb90-4d3b-8981-99902a043294\CLTBUILD23&gt;set CollectionFileName=c:\agt6\_work\6\a\api\environment\regapiautomation\testdata\fisap-datacorrection\prereq-report-summary-20_21\..\..\..\..\..\PreReq\PreReq-PostPaymentLedgerCard.postman_collection.json &#xD;
&#xD;
C:\Agt6\_work\_temp\TestResults\c2kbuild_CLTBUILD23 2021-04-12 08_12_36\In\eee2c641-eb90-4d3b-8981-99902a043294\CLTBUILD23&gt;set DataFileName=c:\agt6\_work\6\a\api\environment\regapiautomation\testdata\fisap-datacorrection\prereq-report-summary-20_21\PreReq-FISAP-DataCorrection@Report-Summary-20_21-PostPaymentLedgerCard.data.json &#xD;
&#xD;
C:\Agt6\_work\_temp\TestResults\c2kbuild_CLTBUILD23 2021-04-12 08_12_36\In\eee2c641-eb90-4d3b-8981-99902a043294\CLTBUILD23&gt;set EnvironmentFilePath=c:\agt6\_work\6\a\api\environment\regapiautomation\testdata\fisap-datacorrection\prereq-report-summary-20_21\..\..\..\RegApiAutoEnvironment.postman_environment.json &#xD;
&#xD;
C:\Agt6\_work\_temp\TestResults\c2kbuild_CLTBUILD23 2021-04-12 08_12_36\In\eee2c641-eb90-4d3b-8981-99902a043294\CLTBUILD23&gt;set HtmlResultsFile=PreReq-PostPaymentLedgerCard_Html.html &#xD;
&#xD;
C:\Agt6\_work\_temp\TestResults\c2kbuild_CLTBUILD23 2021-04-12 08_12_36\In\eee2c641-eb90-4d3b-8981-99902a043294\CLTBUILD23&gt;set JunitResultsFile=PreReq-PostPaymentLdegerCard_Junit.xml &#xD;
&#xD;
C:\Agt6\_work\_temp\TestResults\c2kbuild_CLTBUILD23 2021-04-12 08_12_36\In\eee2c641-eb90-4d3b-8981-99902a043294\CLTBUILD23&gt;newman run "c:\agt6\_work\6\a\api\environment\regapiautomation\testdata\fisap-datacorrection\prereq-report-summary-20_21\..\..\..\..\..\PreReq\PreReq-PostPaymentLedgerCard.postman_collection.json" -k -d "c:\agt6\_work\6\a\api\environment\regapiautomation\testdata\fisap-datacorrection\prereq-report-summary-20_21\PreReq-FISAP-DataCorrection@Report-Summary-20_21-PostPaymentLedgerCard.data.json" -e "c:\agt6\_work\6\a\api\environment\regapiautomation\testdata\fisap-datacorrection\prereq-report-summary-20_21\..\..\..\RegApiAutoEnvironment.postman_environment.json" -r junit,html --reporter-html-export "PreReq-PostPaymentLedgerCard_Html.html" --reporter-junit-export "PreReq-PostPaymentLdegerCard_Junit.xml"</StdOut>
          </Output>
          <ResultFiles>
            <ResultFile path="CLTBUILD23\PreReq-PostPaymentLdegerCard_Junit.xml" />
            <ResultFile path="CLTBUILD23\PreReq-PostPaymentLedgerCard_Html.html" />
          </ResultFiles>
        </UnitTestResult>
        <UnitTestResult executionId="83626397-84e1-4338-8488-74cf1453347e" parentExecutionId="697f4704-c9e2-4f19-8fbf-e152e9f52a64" testId="a8c8f6f0-6161-44ab-a164-d96346277b81" testName="09- prereq-fisap-datacorrection@report-summary-20_21-changestudentstatus-generictest (OT-06ZA-FISAP-Report-Summary-20_21)" computerName="CLTBUILD23" duration="00:00:06.2710690" startTime="2021-04-12T09:14:19.2009202-04:00" endTime="2021-04-12T09:14:25.4744772-04:00" testType="13cdc9d9-ddb5-4fa4-a97d-d965ccfc6d4b" outcome="Passed" testListId="8c84fa94-04c1-424b-9868-57a2d4851a1d" relativeResultsDirectory="83626397-84e1-4338-8488-74cf1453347e">
          <Output>
            <StdOut>C:\Agt6\_work\_temp\TestResults\c2kbuild_CLTBUILD23 2021-04-12 08_12_36\In\83626397-84e1-4338-8488-74cf1453347e\CLTBUILD23&gt;if not defined TestLocation (set TestLocation=. ) &#xD;
&#xD;
C:\Agt6\_work\_temp\TestResults\c2kbuild_CLTBUILD23 2021-04-12 08_12_36\In\83626397-84e1-4338-8488-74cf1453347e\CLTBUILD23&gt;set CollectionFileName=c:\agt6\_work\6\a\api\environment\regapiautomation\testdata\fisap-datacorrection\prereq-report-summary-20_21\..\..\..\..\..\PreReq\PreReq-GraduateStudentStatus.postman_collection.json &#xD;
&#xD;
C:\Agt6\_work\_temp\TestResults\c2kbuild_CLTBUILD23 2021-04-12 08_12_36\In\83626397-84e1-4338-8488-74cf1453347e\CLTBUILD23&gt;set DataFileName=c:\agt6\_work\6\a\api\environment\regapiautomation\testdata\fisap-datacorrection\prereq-report-summary-20_21\PreReq-FISAP-DataCorrection@Report-Summary-20_21-ChangeStudentStatus.data.json &#xD;
&#xD;
C:\Agt6\_work\_temp\TestResults\c2kbuild_CLTBUILD23 2021-04-12 08_12_36\In\83626397-84e1-4338-8488-74cf1453347e\CLTBUILD23&gt;set EnvironmentFilePath=c:\agt6\_work\6\a\api\environment\regapiautomation\testdata\fisap-datacorrection\prereq-report-summary-20_21\..\..\..\RegApiAutoEnvironment.postman_environment.json &#xD;
&#xD;
C:\Agt6\_work\_temp\TestResults\c2kbuild_CLTBUILD23 2021-04-12 08_12_36\In\83626397-84e1-4338-8488-74cf1453347e\CLTBUILD23&gt;set HtmlResultsFile=PreReq-ChangeStudentStatus_Html.html &#xD;
&#xD;
C:\Agt6\_work\_temp\TestResults\c2kbuild_CLTBUILD23 2021-04-12 08_12_36\In\83626397-84e1-4338-8488-74cf1453347e\CLTBUILD23&gt;set JunitResultsFile=PreReq-ChangeStudentStatus_Junit.xml &#xD;
&#xD;
C:\Agt6\_work\_temp\TestResults\c2kbuild_CLTBUILD23 2021-04-12 08_12_36\In\83626397-84e1-4338-8488-74cf1453347e\CLTBUILD23&gt;newman run "c:\agt6\_work\6\a\api\environment\regapiautomation\testdata\fisap-datacorrection\prereq-report-summary-20_21\..\..\..\..\..\PreReq\PreReq-GraduateStudentStatus.postman_collection.json" -k -d "c:\agt6\_work\6\a\api\environment\regapiautomation\testdata\fisap-datacorrection\prereq-report-summary-20_21\PreReq-FISAP-DataCorrection@Report-Summary-20_21-ChangeStudentStatus.data.json" -e "c:\agt6\_work\6\a\api\environment\regapiautomation\testdata\fisap-datacorrection\prereq-report-summary-20_21\..\..\..\RegApiAutoEnvironment.postman_environment.json" -r junit,html --reporter-html-export "PreReq-ChangeStudentStatus_Html.html" --reporter-junit-export "PreReq-ChangeStudentStatus_Junit.xml"</StdOut>
          </Output>
          <ResultFiles>
            <ResultFile path="CLTBUILD23\PreReq-ChangeStudentStatus_Html.html" />
            <ResultFile path="CLTBUILD23\PreReq-ChangeStudentStatus_Junit.xml" />
          </ResultFiles>
        </UnitTestResult>
        <UnitTestResult executionId="d845af72-e6ca-4cc2-8783-c9d5ceece48b" parentExecutionId="697f4704-c9e2-4f19-8fbf-e152e9f52a64" testId="f6f34868-791c-42ca-88d4-7311fd40f3ce" testName="10- fisap-datacorrection@report-summary-20_21-generictest (OT-06ZA-FISAP-Report-Summary-20_21)" computerName="CLTBUILD23" duration="00:00:07.9867554" startTime="2021-04-12T09:14:25.4744772-04:00" endTime="2021-04-12T09:14:33.4649117-04:00" testType="13cdc9d9-ddb5-4fa4-a97d-d965ccfc6d4b" outcome="Passed" testListId="8c84fa94-04c1-424b-9868-57a2d4851a1d" relativeResultsDirectory="d845af72-e6ca-4cc2-8783-c9d5ceece48b">
          <Output>
            <StdOut>C:\Agt6\_work\_temp\TestResults\c2kbuild_CLTBUILD23 2021-04-12 08_12_36\In\d845af72-e6ca-4cc2-8783-c9d5ceece48b\CLTBUILD23&gt;if not defined TestLocation (set TestLocation=. ) &#xD;
&#xD;
C:\Agt6\_work\_temp\TestResults\c2kbuild_CLTBUILD23 2021-04-12 08_12_36\In\d845af72-e6ca-4cc2-8783-c9d5ceece48b\CLTBUILD23&gt;set CollectionFileName=c:\agt6\_work\6\a\api\environment\regapiautomation\testdata\fisap-datacorrection\..\..\..\..\Tests\FISAP-DataCorrection\FISAP-DataCorrection@Report-Summary.postman_collection.json &#xD;
&#xD;
C:\Agt6\_work\_temp\TestResults\c2kbuild_CLTBUILD23 2021-04-12 08_12_36\In\d845af72-e6ca-4cc2-8783-c9d5ceece48b\CLTBUILD23&gt;set DataFileName=c:\agt6\_work\6\a\api\environment\regapiautomation\testdata\fisap-datacorrection\FISAP-DataCorrection@Report-Summary-20_21.data.json &#xD;
&#xD;
C:\Agt6\_work\_temp\TestResults\c2kbuild_CLTBUILD23 2021-04-12 08_12_36\In\d845af72-e6ca-4cc2-8783-c9d5ceece48b\CLTBUILD23&gt;set EnvironmentFilePath=c:\agt6\_work\6\a\api\environment\regapiautomation\testdata\fisap-datacorrection\..\..\RegApiAutoEnvironment.postman_environment.json &#xD;
&#xD;
C:\Agt6\_work\_temp\TestResults\c2kbuild_CLTBUILD23 2021-04-12 08_12_36\In\d845af72-e6ca-4cc2-8783-c9d5ceece48b\CLTBUILD23&gt;set HtmlResultsFile=FISAP-DataCorrection@Report-Summary-20_21-Html.html &#xD;
&#xD;
C:\Agt6\_work\_temp\TestResults\c2kbuild_CLTBUILD23 2021-04-12 08_12_36\In\d845af72-e6ca-4cc2-8783-c9d5ceece48b\CLTBUILD23&gt;set JunitResultsFile=FISAP-DataCorrection@Report-Summary-20_21-Junit.xml &#xD;
&#xD;
C:\Agt6\_work\_temp\TestResults\c2kbuild_CLTBUILD23 2021-04-12 08_12_36\In\d845af72-e6ca-4cc2-8783-c9d5ceece48b\CLTBUILD23&gt;newman run "c:\agt6\_work\6\a\api\environment\regapiautomation\testdata\fisap-datacorrection\..\..\..\..\Tests\FISAP-DataCorrection\FISAP-DataCorrection@Report-Summary.postman_collection.json" -k -d "c:\agt6\_work\6\a\api\environment\regapiautomation\testdata\fisap-datacorrection\FISAP-DataCorrection@Report-Summary-20_21.data.json" -e "c:\agt6\_work\6\a\api\environment\regapiautomation\testdata\fisap-datacorrection\..\..\RegApiAutoEnvironment.postman_environment.json" -r junit,html --reporter-html-export "FISAP-DataCorrection@Report-Summary-20_21-Html.html" --reporter-junit-export "FISAP-DataCorrection@Report-Summary-20_21-Junit.xml"</StdOut>
          </Output>
          <ResultFiles>
            <ResultFile path="CLTBUILD23\FISAP-DataCorrection@Report-Summary-20_21-Html.html" />
            <ResultFile path="CLTBUILD23\FISAP-DataCorrection@Report-Summary-20_21-Junit.xml" />
          </ResultFiles>
        </UnitTestResult>
      </InnerResults>
    </TestResultAggregation>
    <TestResultAggregation executionId="e3b66657-a9f6-4472-a6cd-7f0a51b3a969" testId="3426e1b8-e63d-4e0a-97f0-deed17c472bb" testName="OT-05C-CODExceptions-Resolve-PN-21_22" computerName="CLTBUILD23" duration="00:01:21.3733509" startTime="2021-04-12T08:40:05.0929324-04:00" endTime="2021-04-12T08:41:26.4811456-04:00" testType="ec4800e8-40e5-4ab3-8510-b8bf29b1904d" outcome="Passed" testListId="8c84fa94-04c1-424b-9868-57a2d4851a1d" relativeResultsDirectory="e3b66657-a9f6-4472-a6cd-7f0a51b3a969">
      <InnerResults>
        <UnitTestResult executionId="ca08b588-8673-432b-90cb-d608466b27a1" parentExecutionId="e3b66657-a9f6-4472-a6cd-7f0a51b3a969" testId="199cf613-8fcc-4ff8-b330-6fea857f4619" testName="1- prereq-cod-exceptions@resolve-award-pn-21_22-createstudent-generictest (OT-05C-CODExceptions-Resolve-PN-21_22)" computerName="CLTBUILD23" duration="00:00:08.0318556" startTime="2021-04-12T08:40:05.0969358-04:00" endTime="2021-04-12T08:40:13.1327438-04:00" testType="13cdc9d9-ddb5-4fa4-a97d-d965ccfc6d4b" outcome="Passed" testListId="8c84fa94-04c1-424b-9868-57a2d4851a1d" relativeResultsDirectory="ca08b588-8673-432b-90cb-d608466b27a1">
          <Output>
            <StdOut>C:\Agt6\_work\_temp\TestResults\c2kbuild_CLTBUILD23 2021-04-12 08_12_36\In\ca08b588-8673-432b-90cb-d608466b27a1\CLTBUILD23&gt;if not defined TestLocation (set TestLocation=. ) &#xD;
&#xD;
C:\Agt6\_work\_temp\TestResults\c2kbuild_CLTBUILD23 2021-04-12 08_12_36\In\ca08b588-8673-432b-90cb-d608466b27a1\CLTBUILD23&gt;set CollectionFileName=c:\agt6\_work\6\a\api\environment\regapiautomation\testdata\codexceptions\prereq-resolve-pn-21_22\..\..\..\..\..\PreReq\PreReq-CreateStudent.postman_collection.json &#xD;
&#xD;
C:\Agt6\_work\_temp\TestResults\c2kbuild_CLTBUILD23 2021-04-12 08_12_36\In\ca08b588-8673-432b-90cb-d608466b27a1\CLTBUILD23&gt;set DataFileName=c:\agt6\_work\6\a\api\environment\regapiautomation\testdata\codexceptions\prereq-resolve-pn-21_22\PreReq-COD-Exceptions@Resolve-Award-PN-21_22-CreateStudent.data.csv &#xD;
&#xD;
C:\Agt6\_work\_temp\TestResults\c2kbuild_CLTBUILD23 2021-04-12 08_12_36\In\ca08b588-8673-432b-90cb-d608466b27a1\CLTBUILD23&gt;set EnvironmentFilePath=c:\agt6\_work\6\a\api\environment\regapiautomation\testdata\codexceptions\prereq-resolve-pn-21_22\..\..\..\RegApiAutoEnvironment.postman_environment.json &#xD;
&#xD;
C:\Agt6\_work\_temp\TestResults\c2kbuild_CLTBUILD23 2021-04-12 08_12_36\In\ca08b588-8673-432b-90cb-d608466b27a1\CLTBUILD23&gt;set HtmlResultsFile=PreReq-COD-Exceptions@Resolve-Award-PN-21_22-CreateStudent_Html.html &#xD;
&#xD;
C:\Agt6\_work\_temp\TestResults\c2kbuild_CLTBUILD23 2021-04-12 08_12_36\In\ca08b588-8673-432b-90cb-d608466b27a1\CLTBUILD23&gt;set JunitResultsFile=PreReq-COD-Exceptions@Resolve-Award-PN-21_22-CreateStudent_Junit.xml &#xD;
&#xD;
C:\Agt6\_work\_temp\TestResults\c2kbuild_CLTBUILD23 2021-04-12 08_12_36\In\ca08b588-8673-432b-90cb-d608466b27a1\CLTBUILD23&gt;newman run "c:\agt6\_work\6\a\api\environment\regapiautomation\testdata\codexceptions\prereq-resolve-pn-21_22\..\..\..\..\..\PreReq\PreReq-CreateStudent.postman_collection.json" -k -d "c:\agt6\_work\6\a\api\environment\regapiautomation\testdata\codexceptions\prereq-resolve-pn-21_22\PreReq-COD-Exceptions@Resolve-Award-PN-21_22-CreateStudent.data.csv" -e "c:\agt6\_work\6\a\api\environment\regapiautomation\testdata\codexceptions\prereq-resolve-pn-21_22\..\..\..\RegApiAutoEnvironment.postman_environment.json" -r junit,html --reporter-html-export "PreReq-COD-Exceptions@Resolve-Award-PN-21_22-CreateStudent_Html.html" --reporter-junit-export "PreReq-COD-Exceptions@Resolve-Award-PN-21_22-CreateStudent_Junit.xml"</StdOut>
          </Output>
          <ResultFiles>
            <ResultFile path="CLTBUILD23\PreReq-COD-Exceptions@Resolve-Award-PN-21_22-CreateStudent_Html.html" />
            <ResultFile path="CLTBUILD23\PreReq-COD-Exceptions@Resolve-Award-PN-21_22-CreateStudent_Junit.xml" />
          </ResultFiles>
        </UnitTestResult>
        <UnitTestResult executionId="5f228722-d994-432c-bfff-4b65cc1be3ba" parentExecutionId="e3b66657-a9f6-4472-a6cd-7f0a51b3a969" testId="5aa87472-099e-4d13-b713-c555c492ff45" testName="2- prereq-cod-exceptions@resolve-award-pn-21_22-importisir-generictest (OT-05C-CODExceptions-Resolve-PN-21_22)" computerName="CLTBUILD23" duration="00:00:08.9101878" startTime="2021-04-12T08:40:13.1327438-04:00" endTime="2021-04-12T08:40:22.0486647-04:00" testType="13cdc9d9-ddb5-4fa4-a97d-d965ccfc6d4b" outcome="Passed" testListId="8c84fa94-04c1-424b-9868-57a2d4851a1d" relativeResultsDirectory="5f228722-d994-432c-bfff-4b65cc1be3ba">
          <Output>
            <StdOut>C:\Agt6\_work\_temp\TestResults\c2kbuild_CLTBUILD23 2021-04-12 08_12_36\In\5f228722-d994-432c-bfff-4b65cc1be3ba\CLTBUILD23&gt;if not defined TestLocation (set TestLocation=. ) &#xD;
&#xD;
C:\Agt6\_work\_temp\TestResults\c2kbuild_CLTBUILD23 2021-04-12 08_12_36\In\5f228722-d994-432c-bfff-4b65cc1be3ba\CLTBUILD23&gt;set CollectionFileName=c:\agt6\_work\6\a\api\environment\regapiautomation\testdata\codexceptions\prereq-resolve-pn-21_22\..\..\..\..\..\PreReq\PreReq-ImportISIR.postman_collection.json &#xD;
&#xD;
C:\Agt6\_work\_temp\TestResults\c2kbuild_CLTBUILD23 2021-04-12 08_12_36\In\5f228722-d994-432c-bfff-4b65cc1be3ba\CLTBUILD23&gt;set DataFileName=c:\agt6\_work\6\a\api\environment\regapiautomation\testdata\codexceptions\prereq-resolve-pn-21_22\PreReq-COD-Exceptions@Resolve-Award-PN-21_22-ImportISIR.data.json &#xD;
&#xD;
C:\Agt6\_work\_temp\TestResults\c2kbuild_CLTBUILD23 2021-04-12 08_12_36\In\5f228722-d994-432c-bfff-4b65cc1be3ba\CLTBUILD23&gt;set EnvironmentFilePath=c:\agt6\_work\6\a\api\environment\regapiautomation\testdata\codexceptions\prereq-resolve-pn-21_22\..\..\..\RegApiAutoEnvironment.postman_environment.json &#xD;
&#xD;
C:\Agt6\_work\_temp\TestResults\c2kbuild_CLTBUILD23 2021-04-12 08_12_36\In\5f228722-d994-432c-bfff-4b65cc1be3ba\CLTBUILD23&gt;set HtmlResultsFile=PreReq-COD-Exceptions@Resolve-Award-PN-21_22-ImportISIR_Html.html &#xD;
&#xD;
C:\Agt6\_work\_temp\TestResults\c2kbuild_CLTBUILD23 2021-04-12 08_12_36\In\5f228722-d994-432c-bfff-4b65cc1be3ba\CLTBUILD23&gt;set JunitResultsFile=PreReq-COD-Exceptions@Resolve-Award-PN-21_22-ImportISIR_Junit.xml &#xD;
&#xD;
C:\Agt6\_work\_temp\TestResults\c2kbuild_CLTBUILD23 2021-04-12 08_12_36\In\5f228722-d994-432c-bfff-4b65cc1be3ba\CLTBUILD23&gt;newman run "c:\agt6\_work\6\a\api\environment\regapiautomation\testdata\codexceptions\prereq-resolve-pn-21_22\..\..\..\..\..\PreReq\PreReq-ImportISIR.postman_collection.json" -k -d "c:\agt6\_work\6\a\api\environment\regapiautomation\testdata\codexceptions\prereq-resolve-pn-21_22\PreReq-COD-Exceptions@Resolve-Award-PN-21_22-ImportISIR.data.json" -e "c:\agt6\_work\6\a\api\environment\regapiautomation\testdata\codexceptions\prereq-resolve-pn-21_22\..\..\..\RegApiAutoEnvironment.postman_environment.json" -r junit,html --reporter-html-export "PreReq-COD-Exceptions@Resolve-Award-PN-21_22-ImportISIR_Html.html" --reporter-junit-export "PreReq-COD-Exceptions@Resolve-Award-PN-21_22-ImportISIR_Junit.xml"</StdOut>
          </Output>
          <ResultFiles>
            <ResultFile path="CLTBUILD23\PreReq-COD-Exceptions@Resolve-Award-PN-21_22-ImportISIR_Html.html" />
            <ResultFile path="CLTBUILD23\PreReq-COD-Exceptions@Resolve-Award-PN-21_22-ImportISIR_Junit.xml" />
          </ResultFiles>
        </UnitTestResult>
        <UnitTestResult executionId="41b8f14c-8ea4-428b-ae88-01b7edb5af1b" parentExecutionId="e3b66657-a9f6-4472-a6cd-7f0a51b3a969" testId="7366db68-50a7-488c-8cd3-0a98cc393e1f" testName="3- prereq-cod-exceptions@resolve-award-pn-21_22-enrollstudent-generictest (OT-05C-CODExceptions-Resolve-PN-21_22)" computerName="CLTBUILD23" duration="00:00:12.5624157" startTime="2021-04-12T08:40:22.0496642-04:00" endTime="2021-04-12T08:40:34.6192252-04:00" testType="13cdc9d9-ddb5-4fa4-a97d-d965ccfc6d4b" outcome="Passed" testListId="8c84fa94-04c1-424b-9868-57a2d4851a1d" relativeResultsDirectory="41b8f14c-8ea4-428b-ae88-01b7edb5af1b">
          <Output>
            <StdOut>C:\Agt6\_work\_temp\TestResults\c2kbuild_CLTBUILD23 2021-04-12 08_12_36\In\41b8f14c-8ea4-428b-ae88-01b7edb5af1b\CLTBUILD23&gt;if not defined TestLocation (set TestLocation=. ) &#xD;
&#xD;
C:\Agt6\_work\_temp\TestResults\c2kbuild_CLTBUILD23 2021-04-12 08_12_36\In\41b8f14c-8ea4-428b-ae88-01b7edb5af1b\CLTBUILD23&gt;set CollectionFileName=c:\agt6\_work\6\a\api\environment\regapiautomation\testdata\codexceptions\prereq-resolve-pn-21_22\..\..\..\..\..\PreReq\PreReq-EnrollStudent.postman_collection.json &#xD;
&#xD;
C:\Agt6\_work\_temp\TestResults\c2kbuild_CLTBUILD23 2021-04-12 08_12_36\In\41b8f14c-8ea4-428b-ae88-01b7edb5af1b\CLTBUILD23&gt;set DataFileName=c:\agt6\_work\6\a\api\environment\regapiautomation\testdata\codexceptions\prereq-resolve-pn-21_22\PreReq-COD-Exceptions@Resolve-Award-PN-21_22-EnrollStudent.data.csv &#xD;
&#xD;
C:\Agt6\_work\_temp\TestResults\c2kbuild_CLTBUILD23 2021-04-12 08_12_36\In\41b8f14c-8ea4-428b-ae88-01b7edb5af1b\CLTBUILD23&gt;set EnvironmentFilePath=c:\agt6\_work\6\a\api\environment\regapiautomation\testdata\codexceptions\prereq-resolve-pn-21_22\..\..\..\RegApiAutoEnvironment.postman_environment.json &#xD;
&#xD;
C:\Agt6\_work\_temp\TestResults\c2kbuild_CLTBUILD23 2021-04-12 08_12_36\In\41b8f14c-8ea4-428b-ae88-01b7edb5af1b\CLTBUILD23&gt;set HtmlResultsFile=PreReq-COD-Exceptions@Resolve-Award-PN-21_22-EnrollStudent_Html.html &#xD;
&#xD;
C:\Agt6\_work\_temp\TestResults\c2kbuild_CLTBUILD23 2021-04-12 08_12_36\In\41b8f14c-8ea4-428b-ae88-01b7edb5af1b\CLTBUILD23&gt;set JunitResultsFile=PreReq-COD-Exceptions@Resolve-Award-PN-21_22-EnrollStudent_Junit.xml &#xD;
&#xD;
C:\Agt6\_work\_temp\TestResults\c2kbuild_CLTBUILD23 2021-04-12 08_12_36\In\41b8f14c-8ea4-428b-ae88-01b7edb5af1b\CLTBUILD23&gt;newman run "c:\agt6\_work\6\a\api\environment\regapiautomation\testdata\codexceptions\prereq-resolve-pn-21_22\..\..\..\..\..\PreReq\PreReq-EnrollStudent.postman_collection.json" -k -d "c:\agt6\_work\6\a\api\environment\regapiautomation\testdata\codexceptions\prereq-resolve-pn-21_22\PreReq-COD-Exceptions@Resolve-Award-PN-21_22-EnrollStudent.data.csv" -e "c:\agt6\_work\6\a\api\environment\regapiautomation\testdata\codexceptions\prereq-resolve-pn-21_22\..\..\..\RegApiAutoEnvironment.postman_environment.json" -r junit,html --reporter-html-export "PreReq-COD-Exceptions@Resolve-Award-PN-21_22-EnrollStudent_Html.html" --reporter-junit-export "PreReq-COD-Exceptions@Resolve-Award-PN-21_22-EnrollStudent_Junit.xml"</StdOut>
          </Output>
          <ResultFiles>
            <ResultFile path="CLTBUILD23\PreReq-COD-Exceptions@Resolve-Award-PN-21_22-EnrollStudent_Html.html" />
            <ResultFile path="CLTBUILD23\PreReq-COD-Exceptions@Resolve-Award-PN-21_22-EnrollStudent_Junit.xml" />
          </ResultFiles>
        </UnitTestResult>
        <UnitTestResult executionId="f849d2fe-2729-4044-a14f-bede896158d6" parentExecutionId="e3b66657-a9f6-4472-a6cd-7f0a51b3a969" testId="c94ddd41-e29e-4551-9b89-f5ad63ea5000" testName="4- prereq-cod-exceptions@resolve-award-pn-21_22-updatebudgetforacademicyearforpackaging-generictest (OT-05C-CODExceptions-Resolve-PN-21_22)" computerName="CLTBUILD23" duration="00:00:08.4357749" startTime="2021-04-12T08:40:34.6202300-04:00" endTime="2021-04-12T08:40:43.0628512-04:00" testType="13cdc9d9-ddb5-4fa4-a97d-d965ccfc6d4b" outcome="Passed" testListId="8c84fa94-04c1-424b-9868-57a2d4851a1d" relativeResultsDirectory="f849d2fe-2729-4044-a14f-bede896158d6">
          <Output>
            <StdOut>C:\Agt6\_work\_temp\TestResults\c2kbuild_CLTBUILD23 2021-04-12 08_12_36\In\f849d2fe-2729-4044-a14f-bede896158d6\CLTBUILD23&gt;if not defined TestLocation (set TestLocation=. ) &#xD;
&#xD;
C:\Agt6\_work\_temp\TestResults\c2kbuild_CLTBUILD23 2021-04-12 08_12_36\In\f849d2fe-2729-4044-a14f-bede896158d6\CLTBUILD23&gt;set CollectionFileName=c:\agt6\_work\6\a\api\environment\regapiautomation\testdata\codexceptions\prereq-resolve-pn-21_22\..\..\..\..\..\PreReq\PreReq-UpdateBudgetForAcademicYearForPackaging.postman_collection.json &#xD;
&#xD;
C:\Agt6\_work\_temp\TestResults\c2kbuild_CLTBUILD23 2021-04-12 08_12_36\In\f849d2fe-2729-4044-a14f-bede896158d6\CLTBUILD23&gt;set DataFileName=c:\agt6\_work\6\a\api\environment\regapiautomation\testdata\codexceptions\prereq-resolve-pn-21_22\PreReq-COD-Exceptions@Resolve-Award-PN-21_22-UpdateBudgetForAcademicYearForPackaging.data.csv &#xD;
&#xD;
C:\Agt6\_work\_temp\TestResults\c2kbuild_CLTBUILD23 2021-04-12 08_12_36\In\f849d2fe-2729-4044-a14f-bede896158d6\CLTBUILD23&gt;set EnvironmentFilePath=c:\agt6\_work\6\a\api\environment\regapiautomation\testdata\codexceptions\prereq-resolve-pn-21_22\..\..\..\RegApiAutoEnvironment.postman_environment.json &#xD;
&#xD;
C:\Agt6\_work\_temp\TestResults\c2kbuild_CLTBUILD23 2021-04-12 08_12_36\In\f849d2fe-2729-4044-a14f-bede896158d6\CLTBUILD23&gt;set HtmlResultsFile=PreReq-COD-Exceptions@Resolve-Award-PN-21_22-UpdateBudgetForAcademicYearForPackaging_Html.html &#xD;
&#xD;
C:\Agt6\_work\_temp\TestResults\c2kbuild_CLTBUILD23 2021-04-12 08_12_36\In\f849d2fe-2729-4044-a14f-bede896158d6\CLTBUILD23&gt;set JunitResultsFile=PreReq-COD-Exceptions@Resolve-Award-PN-21_22-UpdateBudgetForAcademicYearForPackaging_Junit.xml &#xD;
&#xD;
C:\Agt6\_work\_temp\TestResults\c2kbuild_CLTBUILD23 2021-04-12 08_12_36\In\f849d2fe-2729-4044-a14f-bede896158d6\CLTBUILD23&gt;newman run "c:\agt6\_work\6\a\api\environment\regapiautomation\testdata\codexceptions\prereq-resolve-pn-21_22\..\..\..\..\..\PreReq\PreReq-UpdateBudgetForAcademicYearForPackaging.postman_collection.json" -k -d "c:\agt6\_work\6\a\api\environment\regapiautomation\testdata\codexceptions\prereq-resolve-pn-21_22\PreReq-COD-Exceptions@Resolve-Award-PN-21_22-UpdateBudgetForAcademicYearForPackaging.data.csv" -e "c:\agt6\_work\6\a\api\environment\regapiautomation\testdata\codexceptions\prereq-resolve-pn-21_22\..\..\..\RegApiAutoEnvironment.postman_environment.json" -r junit,html --reporter-html-export "PreReq-COD-Exceptions@Resolve-Award-PN-21_22-UpdateBudgetForAcademicYearForPackaging_Html.html" --reporter-junit-export "PreReq-COD-Exceptions@Resolve-Award-PN-21_22-UpdateBudgetForAcademicYearForPackaging_Junit.xml"</StdOut>
          </Output>
          <ResultFiles>
            <ResultFile path="CLTBUILD23\PreReq-COD-Exceptions@Resolve-Award-PN-21_22-UpdateBudgetForAcademicYearForPackaging_Html.html" />
            <ResultFile path="CLTBUILD23\PreReq-COD-Exceptions@Resolve-Award-PN-21_22-UpdateBudgetForAcademicYearForPackaging_Junit.xml" />
          </ResultFiles>
        </UnitTestResult>
        <UnitTestResult executionId="7bbb3cf7-7183-4707-85ff-8927610aba62" parentExecutionId="e3b66657-a9f6-4472-a6cd-7f0a51b3a969" testId="079e1f06-06c6-4170-866f-3945f425a915" testName="5- prereq-cod-exceptions@resolve-award-pn-21_22-codimport-generictest (OT-05C-CODExceptions-Resolve-PN-21_22)" computerName="CLTBUILD23" duration="00:00:11.9689163" startTime="2021-04-12T08:40:43.0638547-04:00" endTime="2021-04-12T08:40:55.0370342-04:00" testType="13cdc9d9-ddb5-4fa4-a97d-d965ccfc6d4b" outcome="Passed" testListId="8c84fa94-04c1-424b-9868-57a2d4851a1d" relativeResultsDirectory="7bbb3cf7-7183-4707-85ff-8927610aba62">
          <Output>
            <StdOut>C:\Agt6\_work\_temp\TestResults\c2kbuild_CLTBUILD23 2021-04-12 08_12_36\In\7bbb3cf7-7183-4707-85ff-8927610aba62\CLTBUILD23&gt;if not defined TestLocation (set TestLocation=. ) &#xD;
&#xD;
C:\Agt6\_work\_temp\TestResults\c2kbuild_CLTBUILD23 2021-04-12 08_12_36\In\7bbb3cf7-7183-4707-85ff-8927610aba62\CLTBUILD23&gt;set CollectionFileName=c:\agt6\_work\6\a\api\environment\regapiautomation\testdata\codexceptions\prereq-resolve-pn-21_22\..\..\..\..\..\PreReq\PreReq-CODImport.postman_collection.json &#xD;
&#xD;
C:\Agt6\_work\_temp\TestResults\c2kbuild_CLTBUILD23 2021-04-12 08_12_36\In\7bbb3cf7-7183-4707-85ff-8927610aba62\CLTBUILD23&gt;set DataFileName=c:\agt6\_work\6\a\api\environment\regapiautomation\testdata\codexceptions\prereq-resolve-pn-21_22\PreReq-COD-Exceptions@Resolve-Award-PN-21_22-CODImport.data.json &#xD;
&#xD;
C:\Agt6\_work\_temp\TestResults\c2kbuild_CLTBUILD23 2021-04-12 08_12_36\In\7bbb3cf7-7183-4707-85ff-8927610aba62\CLTBUILD23&gt;set EnvironmentFilePath=c:\agt6\_work\6\a\api\environment\regapiautomation\testdata\codexceptions\prereq-resolve-pn-21_22\..\..\..\RegApiAutoEnvironment.postman_environment.json &#xD;
&#xD;
C:\Agt6\_work\_temp\TestResults\c2kbuild_CLTBUILD23 2021-04-12 08_12_36\In\7bbb3cf7-7183-4707-85ff-8927610aba62\CLTBUILD23&gt;set HtmlResultsFile=PreReq-COD-Exceptions@Resolve-Award-PN-21_22-CODImport_Html.html &#xD;
&#xD;
C:\Agt6\_work\_temp\TestResults\c2kbuild_CLTBUILD23 2021-04-12 08_12_36\In\7bbb3cf7-7183-4707-85ff-8927610aba62\CLTBUILD23&gt;set JunitResultsFile=PreReq-COD-Exceptions@Resolve-Award-PN-21_22-CODImport_Junit.xml &#xD;
&#xD;
C:\Agt6\_work\_temp\TestResults\c2kbuild_CLTBUILD23 2021-04-12 08_12_36\In\7bbb3cf7-7183-4707-85ff-8927610aba62\CLTBUILD23&gt;newman run "c:\agt6\_work\6\a\api\environment\regapiautomation\testdata\codexceptions\prereq-resolve-pn-21_22\..\..\..\..\..\PreReq\PreReq-CODImport.postman_collection.json" -k -d "c:\agt6\_work\6\a\api\environment\regapiautomation\testdata\codexceptions\prereq-resolve-pn-21_22\PreReq-COD-Exceptions@Resolve-Award-PN-21_22-CODImport.data.json" -e "c:\agt6\_work\6\a\api\environment\regapiautomation\testdata\codexceptions\prereq-resolve-pn-21_22\..\..\..\RegApiAutoEnvironment.postman_environment.json" -r junit,html --reporter-html-export "PreReq-COD-Exceptions@Resolve-Award-PN-21_22-CODImport_Html.html" --reporter-junit-export "PreReq-COD-Exceptions@Resolve-Award-PN-21_22-CODImport_Junit.xml"</StdOut>
          </Output>
          <ResultFiles>
            <ResultFile path="CLTBUILD23\PreReq-COD-Exceptions@Resolve-Award-PN-21_22-CODImport_Html.html" />
            <ResultFile path="CLTBUILD23\PreReq-COD-Exceptions@Resolve-Award-PN-21_22-CODImport_Junit.xml" />
          </ResultFiles>
        </UnitTestResult>
        <UnitTestResult executionId="1bdcc3af-36cf-46fb-aeaa-1775afd2cab4" parentExecutionId="e3b66657-a9f6-4472-a6cd-7f0a51b3a969" testId="d76b35fd-cc5a-4266-a416-2e375d280f77" testName="6- codexceptions@resolve-award-pn-first-21_22-generictest (OT-05C-CODExceptions-Resolve-PN-21_22)" computerName="CLTBUILD23" duration="00:00:07.6322171" startTime="2021-04-12T08:40:55.0370342-04:00" endTime="2021-04-12T08:41:02.6743454-04:00" testType="13cdc9d9-ddb5-4fa4-a97d-d965ccfc6d4b" outcome="Passed" testListId="8c84fa94-04c1-424b-9868-57a2d4851a1d" relativeResultsDirectory="1bdcc3af-36cf-46fb-aeaa-1775afd2cab4">
          <Output>
            <StdOut>C:\Agt6\_work\_temp\TestResults\c2kbuild_CLTBUILD23 2021-04-12 08_12_36\In\1bdcc3af-36cf-46fb-aeaa-1775afd2cab4\CLTBUILD23&gt;if not defined TestLocation (set TestLocation=. ) &#xD;
&#xD;
C:\Agt6\_work\_temp\TestResults\c2kbuild_CLTBUILD23 2021-04-12 08_12_36\In\1bdcc3af-36cf-46fb-aeaa-1775afd2cab4\CLTBUILD23&gt;set CollectionFileName=c:\agt6\_work\6\a\api\environment\regapiautomation\testdata\codexceptions\..\..\..\..\Tests\CODExceptions\COD-Exceptions@Resolve-Award-PN.postman_collection.json &#xD;
&#xD;
C:\Agt6\_work\_temp\TestResults\c2kbuild_CLTBUILD23 2021-04-12 08_12_36\In\1bdcc3af-36cf-46fb-aeaa-1775afd2cab4\CLTBUILD23&gt;set DataFileName=c:\agt6\_work\6\a\api\environment\regapiautomation\testdata\codexceptions\CODExceptions@Resolve-Award-PN-first-21_22.data.json &#xD;
&#xD;
C:\Agt6\_work\_temp\TestResults\c2kbuild_CLTBUILD23 2021-04-12 08_12_36\In\1bdcc3af-36cf-46fb-aeaa-1775afd2cab4\CLTBUILD23&gt;set EnvironmentFilePath=c:\agt6\_work\6\a\api\environment\regapiautomation\testdata\codexceptions\..\..\RegApiAutoEnvironment.postman_environment.json &#xD;
&#xD;
C:\Agt6\_work\_temp\TestResults\c2kbuild_CLTBUILD23 2021-04-12 08_12_36\In\1bdcc3af-36cf-46fb-aeaa-1775afd2cab4\CLTBUILD23&gt;set HtmlResultsFile=CODExceptions@Resolve-Award-PN-first-21_22-Html.html &#xD;
&#xD;
C:\Agt6\_work\_temp\TestResults\c2kbuild_CLTBUILD23 2021-04-12 08_12_36\In\1bdcc3af-36cf-46fb-aeaa-1775afd2cab4\CLTBUILD23&gt;set JunitResultsFile=CODExceptions@Resolve-Award-PN-first-21_22-Junit.xml &#xD;
&#xD;
C:\Agt6\_work\_temp\TestResults\c2kbuild_CLTBUILD23 2021-04-12 08_12_36\In\1bdcc3af-36cf-46fb-aeaa-1775afd2cab4\CLTBUILD23&gt;newman run "c:\agt6\_work\6\a\api\environment\regapiautomation\testdata\codexceptions\..\..\..\..\Tests\CODExceptions\COD-Exceptions@Resolve-Award-PN.postman_collection.json" -k -d "c:\agt6\_work\6\a\api\environment\regapiautomation\testdata\codexceptions\CODExceptions@Resolve-Award-PN-first-21_22.data.json" -e "c:\agt6\_work\6\a\api\environment\regapiautomation\testdata\codexceptions\..\..\RegApiAutoEnvironment.postman_environment.json" -r junit,html --reporter-html-export "CODExceptions@Resolve-Award-PN-first-21_22-Html.html" --reporter-junit-export "CODExceptions@Resolve-Award-PN-first-21_22-Junit.xml"</StdOut>
          </Output>
          <ResultFiles>
            <ResultFile path="CLTBUILD23\CODExceptions@Resolve-Award-PN-first-21_22-Html.html" />
            <ResultFile path="CLTBUILD23\CODExceptions@Resolve-Award-PN-first-21_22-Junit.xml" />
          </ResultFiles>
        </UnitTestResult>
        <UnitTestResult executionId="b8566ec1-3393-4585-954d-322cd825aa56" parentExecutionId="e3b66657-a9f6-4472-a6cd-7f0a51b3a969" testId="1f38c856-c574-465c-b9a0-d18316761b90" testName="7- prereq-cod-exceptions@resolve-award-pn-21_22-awardloanforpackaging-generictest (OT-05C-CODExceptions-Resolve-PN-21_22)" computerName="CLTBUILD23" duration="00:00:16.1060069" startTime="2021-04-12T08:41:02.6743454-04:00" endTime="2021-04-12T08:41:18.7889462-04:00" testType="13cdc9d9-ddb5-4fa4-a97d-d965ccfc6d4b" outcome="Passed" testListId="8c84fa94-04c1-424b-9868-57a2d4851a1d" relativeResultsDirectory="b8566ec1-3393-4585-954d-322cd825aa56">
          <Output>
            <StdOut>C:\Agt6\_work\_temp\TestResults\c2kbuild_CLTBUILD23 2021-04-12 08_12_36\In\b8566ec1-3393-4585-954d-322cd825aa56\CLTBUILD23&gt;if not defined TestLocation (set TestLocation=. ) &#xD;
&#xD;
C:\Agt6\_work\_temp\TestResults\c2kbuild_CLTBUILD23 2021-04-12 08_12_36\In\b8566ec1-3393-4585-954d-322cd825aa56\CLTBUILD23&gt;set CollectionFileName=c:\agt6\_work\6\a\api\environment\regapiautomation\testdata\codexceptions\prereq-resolve-pn-21_22\..\..\..\..\..\PreReq\PreReq-AwardLoanForPackaging.postman_collection.json &#xD;
&#xD;
C:\Agt6\_work\_temp\TestResults\c2kbuild_CLTBUILD23 2021-04-12 08_12_36\In\b8566ec1-3393-4585-954d-322cd825aa56\CLTBUILD23&gt;set DataFileName=c:\agt6\_work\6\a\api\environment\regapiautomation\testdata\codexceptions\prereq-resolve-pn-21_22\PreReq-COD-Exceptions@Resolve-Award-PN-21_22-AwardLoanForPackaging.data.csv &#xD;
&#xD;
C:\Agt6\_work\_temp\TestResults\c2kbuild_CLTBUILD23 2021-04-12 08_12_36\In\b8566ec1-3393-4585-954d-322cd825aa56\CLTBUILD23&gt;set EnvironmentFilePath=c:\agt6\_work\6\a\api\environment\regapiautomation\testdata\codexceptions\prereq-resolve-pn-21_22\..\..\..\RegApiAutoEnvironment.postman_environment.json &#xD;
&#xD;
C:\Agt6\_work\_temp\TestResults\c2kbuild_CLTBUILD23 2021-04-12 08_12_36\In\b8566ec1-3393-4585-954d-322cd825aa56\CLTBUILD23&gt;set HtmlResultsFile=PreReq-COD-Exceptions@Resolve-Award-PN-21_22-AwardLoanForPackaging_Html.html &#xD;
&#xD;
C:\Agt6\_work\_temp\TestResults\c2kbuild_CLTBUILD23 2021-04-12 08_12_36\In\b8566ec1-3393-4585-954d-322cd825aa56\CLTBUILD23&gt;set JunitResultsFile=PreReq-COD-Exceptions@Resolve-Award-PN-21_22-AwardLoanForPackaging_Junit.xml &#xD;
&#xD;
C:\Agt6\_work\_temp\TestResults\c2kbuild_CLTBUILD23 2021-04-12 08_12_36\In\b8566ec1-3393-4585-954d-322cd825aa56\CLTBUILD23&gt;newman run "c:\agt6\_work\6\a\api\environment\regapiautomation\testdata\codexceptions\prereq-resolve-pn-21_22\..\..\..\..\..\PreReq\PreReq-AwardLoanForPackaging.postman_collection.json" -k -d "c:\agt6\_work\6\a\api\environment\regapiautomation\testdata\codexceptions\prereq-resolve-pn-21_22\PreReq-COD-Exceptions@Resolve-Award-PN-21_22-AwardLoanForPackaging.data.csv" -e "c:\agt6\_work\6\a\api\environment\regapiautomation\testdata\codexceptions\prereq-resolve-pn-21_22\..\..\..\RegApiAutoEnvironment.postman_environment.json" -r junit,html --reporter-html-export "PreReq-COD-Exceptions@Resolve-Award-PN-21_22-AwardLoanForPackaging_Html.html" --reporter-junit-export "PreReq-COD-Exceptions@Resolve-Award-PN-21_22-AwardLoanForPackaging_Junit.xml"</StdOut>
          </Output>
          <ResultFiles>
            <ResultFile path="CLTBUILD23\PreReq-COD-Exceptions@Resolve-Award-PN-21_22-AwardLoanForPackaging_Html.html" />
            <ResultFile path="CLTBUILD23\PreReq-COD-Exceptions@Resolve-Award-PN-21_22-AwardLoanForPackaging_Junit.xml" />
          </ResultFiles>
        </UnitTestResult>
        <UnitTestResult executionId="7d44802a-d330-46ad-802a-f01e00769dd5" parentExecutionId="e3b66657-a9f6-4472-a6cd-7f0a51b3a969" testId="2b551c37-c223-4e21-87ba-3ce7e9d16af6" testName="8- codexceptions@resolve-award-pn-second-21_22-generictest (OT-05C-CODExceptions-Resolve-PN-21_22)" computerName="CLTBUILD23" duration="00:00:07.6792005" startTime="2021-04-12T08:41:18.7899407-04:00" endTime="2021-04-12T08:41:26.4811456-04:00" testType="13cdc9d9-ddb5-4fa4-a97d-d965ccfc6d4b" outcome="Passed" testListId="8c84fa94-04c1-424b-9868-57a2d4851a1d" relativeResultsDirectory="7d44802a-d330-46ad-802a-f01e00769dd5">
          <Output>
            <StdOut>C:\Agt6\_work\_temp\TestResults\c2kbuild_CLTBUILD23 2021-04-12 08_12_36\In\7d44802a-d330-46ad-802a-f01e00769dd5\CLTBUILD23&gt;if not defined TestLocation (set TestLocation=. ) &#xD;
&#xD;
C:\Agt6\_work\_temp\TestResults\c2kbuild_CLTBUILD23 2021-04-12 08_12_36\In\7d44802a-d330-46ad-802a-f01e00769dd5\CLTBUILD23&gt;set CollectionFileName=c:\agt6\_work\6\a\api\environment\regapiautomation\testdata\codexceptions\..\..\..\..\Tests\CODExceptions\COD-Exceptions@Resolve-Award-PN.postman_collection.json &#xD;
&#xD;
C:\Agt6\_work\_temp\TestResults\c2kbuild_CLTBUILD23 2021-04-12 08_12_36\In\7d44802a-d330-46ad-802a-f01e00769dd5\CLTBUILD23&gt;set DataFileName=c:\agt6\_work\6\a\api\environment\regapiautomation\testdata\codexceptions\CODExceptions@Resolve-Award-PN-second-21_22.data.json &#xD;
&#xD;
C:\Agt6\_work\_temp\TestResults\c2kbuild_CLTBUILD23 2021-04-12 08_12_36\In\7d44802a-d330-46ad-802a-f01e00769dd5\CLTBUILD23&gt;set EnvironmentFilePath=c:\agt6\_work\6\a\api\environment\regapiautomation\testdata\codexceptions\..\..\RegApiAutoEnvironment.postman_environment.json &#xD;
&#xD;
C:\Agt6\_work\_temp\TestResults\c2kbuild_CLTBUILD23 2021-04-12 08_12_36\In\7d44802a-d330-46ad-802a-f01e00769dd5\CLTBUILD23&gt;set HtmlResultsFile=CODExceptions@Resolve-Award-PN-second-21_22-Html.html &#xD;
&#xD;
C:\Agt6\_work\_temp\TestResults\c2kbuild_CLTBUILD23 2021-04-12 08_12_36\In\7d44802a-d330-46ad-802a-f01e00769dd5\CLTBUILD23&gt;set JunitResultsFile=CODExceptions@Resolve-Award-PN-second-21_22-Junit.xml &#xD;
&#xD;
C:\Agt6\_work\_temp\TestResults\c2kbuild_CLTBUILD23 2021-04-12 08_12_36\In\7d44802a-d330-46ad-802a-f01e00769dd5\CLTBUILD23&gt;newman run "c:\agt6\_work\6\a\api\environment\regapiautomation\testdata\codexceptions\..\..\..\..\Tests\CODExceptions\COD-Exceptions@Resolve-Award-PN.postman_collection.json" -k -d "c:\agt6\_work\6\a\api\environment\regapiautomation\testdata\codexceptions\CODExceptions@Resolve-Award-PN-second-21_22.data.json" -e "c:\agt6\_work\6\a\api\environment\regapiautomation\testdata\codexceptions\..\..\RegApiAutoEnvironment.postman_environment.json" -r junit,html --reporter-html-export "CODExceptions@Resolve-Award-PN-second-21_22-Html.html" --reporter-junit-export "CODExceptions@Resolve-Award-PN-second-21_22-Junit.xml"</StdOut>
          </Output>
          <ResultFiles>
            <ResultFile path="CLTBUILD23\CODExceptions@Resolve-Award-PN-second-21_22-Html.html" />
            <ResultFile path="CLTBUILD23\CODExceptions@Resolve-Award-PN-second-21_22-Junit.xml" />
          </ResultFiles>
        </UnitTestResult>
      </InnerResults>
    </TestResultAggregation>
    <TestResultAggregation executionId="42ba3c3a-4665-4f5e-bffa-5e9418378c33" testId="9809e190-42ab-4475-a51a-6fefd9cbe97e" testName="OT-14-TsmExport-HP-Both-Date" computerName="CLTBUILD23" duration="00:00:54.0117486" startTime="2021-04-12T09:31:09.5823796-04:00" endTime="2021-04-12T09:32:03.5995613-04:00" testType="ec4800e8-40e5-4ab3-8510-b8bf29b1904d" outcome="Passed" testListId="8c84fa94-04c1-424b-9868-57a2d4851a1d" relativeResultsDirectory="42ba3c3a-4665-4f5e-bffa-5e9418378c33">
      <InnerResults>
        <UnitTestResult executionId="99763960-563b-4874-b103-4d3a4ed5b32b" parentExecutionId="42ba3c3a-4665-4f5e-bffa-5e9418378c33" testId="4e6977cc-53c6-47a6-aa3d-6c026d142d79" testName="1- prereq-tsmexport@hp-createstudent-generictest (OT-14-TsmExport-HP-Both-Date)" computerName="CLTBUILD23" duration="00:00:07.8273702" startTime="2021-04-12T09:31:09.5943727-04:00" endTime="2021-04-12T09:31:17.4238267-04:00" testType="13cdc9d9-ddb5-4fa4-a97d-d965ccfc6d4b" outcome="Passed" testListId="8c84fa94-04c1-424b-9868-57a2d4851a1d" relativeResultsDirectory="99763960-563b-4874-b103-4d3a4ed5b32b">
          <Output>
            <StdOut>C:\Agt6\_work\_temp\TestResults\c2kbuild_CLTBUILD23 2021-04-12 08_12_36\In\99763960-563b-4874-b103-4d3a4ed5b32b\CLTBUILD23&gt;if not defined TestLocation (set TestLocation=. ) &#xD;
&#xD;
C:\Agt6\_work\_temp\TestResults\c2kbuild_CLTBUILD23 2021-04-12 08_12_36\In\99763960-563b-4874-b103-4d3a4ed5b32b\CLTBUILD23&gt;set CollectionFileName=c:\agt6\_work\6\a\api\environment\regapiautomation\testdata\tsmexport\prereq-hp-both-date\..\..\..\..\..\PreReq\PreReq-CreateStudent.postman_collection.json &#xD;
&#xD;
C:\Agt6\_work\_temp\TestResults\c2kbuild_CLTBUILD23 2021-04-12 08_12_36\In\99763960-563b-4874-b103-4d3a4ed5b32b\CLTBUILD23&gt;set DataFileName=c:\agt6\_work\6\a\api\environment\regapiautomation\testdata\tsmexport\prereq-hp-both-date\PreReq-TsmExport@HP-CreateStudent.data.csv &#xD;
&#xD;
C:\Agt6\_work\_temp\TestResults\c2kbuild_CLTBUILD23 2021-04-12 08_12_36\In\99763960-563b-4874-b103-4d3a4ed5b32b\CLTBUILD23&gt;set EnvironmentFilePath=c:\agt6\_work\6\a\api\environment\regapiautomation\testdata\tsmexport\prereq-hp-both-date\..\..\..\RegApiAutoEnvironment.postman_environment.json &#xD;
&#xD;
C:\Agt6\_work\_temp\TestResults\c2kbuild_CLTBUILD23 2021-04-12 08_12_36\In\99763960-563b-4874-b103-4d3a4ed5b32b\CLTBUILD23&gt;set HtmlResultsFile=CreateStudent_Html.html &#xD;
&#xD;
C:\Agt6\_work\_temp\TestResults\c2kbuild_CLTBUILD23 2021-04-12 08_12_36\In\99763960-563b-4874-b103-4d3a4ed5b32b\CLTBUILD23&gt;set JunitResultsFile=CreateStudent_Junit.xml &#xD;
&#xD;
C:\Agt6\_work\_temp\TestResults\c2kbuild_CLTBUILD23 2021-04-12 08_12_36\In\99763960-563b-4874-b103-4d3a4ed5b32b\CLTBUILD23&gt;newman run "c:\agt6\_work\6\a\api\environment\regapiautomation\testdata\tsmexport\prereq-hp-both-date\..\..\..\..\..\PreReq\PreReq-CreateStudent.postman_collection.json" -k -d "c:\agt6\_work\6\a\api\environment\regapiautomation\testdata\tsmexport\prereq-hp-both-date\PreReq-TsmExport@HP-CreateStudent.data.csv" -e "c:\agt6\_work\6\a\api\environment\regapiautomation\testdata\tsmexport\prereq-hp-both-date\..\..\..\RegApiAutoEnvironment.postman_environment.json" -r junit,html --reporter-html-export "CreateStudent_Html.html" --reporter-junit-export "CreateStudent_Junit.xml"</StdOut>
          </Output>
          <ResultFiles>
            <ResultFile path="CLTBUILD23\CreateStudent_Html.html" />
            <ResultFile path="CLTBUILD23\CreateStudent_Junit.xml" />
          </ResultFiles>
        </UnitTestResult>
        <UnitTestResult executionId="1f30ab65-e925-4439-ab83-9f010adabfde" parentExecutionId="42ba3c3a-4665-4f5e-bffa-5e9418378c33" testId="789e3ca1-61c9-49c4-875f-d7e6e5322146" testName="2- prereq-tsmexport@hp-enrollstudent-generictest (OT-14-TsmExport-HP-Both-Date)" computerName="CLTBUILD23" duration="00:00:12.3828972" startTime="2021-04-12T09:31:17.4248282-04:00" endTime="2021-04-12T09:31:29.8089519-04:00" testType="13cdc9d9-ddb5-4fa4-a97d-d965ccfc6d4b" outcome="Passed" testListId="8c84fa94-04c1-424b-9868-57a2d4851a1d" relativeResultsDirectory="1f30ab65-e925-4439-ab83-9f010adabfde">
          <Output>
            <StdOut>C:\Agt6\_work\_temp\TestResults\c2kbuild_CLTBUILD23 2021-04-12 08_12_36\In\1f30ab65-e925-4439-ab83-9f010adabfde\CLTBUILD23&gt;if not defined TestLocation (set TestLocation=. ) &#xD;
&#xD;
C:\Agt6\_work\_temp\TestResults\c2kbuild_CLTBUILD23 2021-04-12 08_12_36\In\1f30ab65-e925-4439-ab83-9f010adabfde\CLTBUILD23&gt;set CollectionFileName=c:\agt6\_work\6\a\api\environment\regapiautomation\testdata\tsmexport\prereq-hp-both-date\..\..\..\..\..\PreReq\PreReq-EnrollStudent.postman_collection.json &#xD;
&#xD;
C:\Agt6\_work\_temp\TestResults\c2kbuild_CLTBUILD23 2021-04-12 08_12_36\In\1f30ab65-e925-4439-ab83-9f010adabfde\CLTBUILD23&gt;set DataFileName=c:\agt6\_work\6\a\api\environment\regapiautomation\testdata\tsmexport\prereq-hp-both-date\PreReq-TsmExport@HP-EnrollStudent.data.csv &#xD;
&#xD;
C:\Agt6\_work\_temp\TestResults\c2kbuild_CLTBUILD23 2021-04-12 08_12_36\In\1f30ab65-e925-4439-ab83-9f010adabfde\CLTBUILD23&gt;set EnvironmentFilePath=c:\agt6\_work\6\a\api\environment\regapiautomation\testdata\tsmexport\prereq-hp-both-date\..\..\..\RegApiAutoEnvironment.postman_environment.json &#xD;
&#xD;
C:\Agt6\_work\_temp\TestResults\c2kbuild_CLTBUILD23 2021-04-12 08_12_36\In\1f30ab65-e925-4439-ab83-9f010adabfde\CLTBUILD23&gt;set HtmlResultsFile=EnrollStudent_Html.html &#xD;
&#xD;
C:\Agt6\_work\_temp\TestResults\c2kbuild_CLTBUILD23 2021-04-12 08_12_36\In\1f30ab65-e925-4439-ab83-9f010adabfde\CLTBUILD23&gt;set JunitResultsFile=EnrollStudent_Junit.xml &#xD;
&#xD;
C:\Agt6\_work\_temp\TestResults\c2kbuild_CLTBUILD23 2021-04-12 08_12_36\In\1f30ab65-e925-4439-ab83-9f010adabfde\CLTBUILD23&gt;newman run "c:\agt6\_work\6\a\api\environment\regapiautomation\testdata\tsmexport\prereq-hp-both-date\..\..\..\..\..\PreReq\PreReq-EnrollStudent.postman_collection.json" -k -d "c:\agt6\_work\6\a\api\environment\regapiautomation\testdata\tsmexport\prereq-hp-both-date\PreReq-TsmExport@HP-EnrollStudent.data.csv" -e "c:\agt6\_work\6\a\api\environment\regapiautomation\testdata\tsmexport\prereq-hp-both-date\..\..\..\RegApiAutoEnvironment.postman_environment.json" -r junit,html --reporter-html-export "EnrollStudent_Html.html" --reporter-junit-export "EnrollStudent_Junit.xml"</StdOut>
          </Output>
          <ResultFiles>
            <ResultFile path="CLTBUILD23\EnrollStudent_Html.html" />
            <ResultFile path="CLTBUILD23\EnrollStudent_Junit.xml" />
          </ResultFiles>
        </UnitTestResult>
        <UnitTestResult executionId="afba8d71-2c09-4ffe-a7fa-1b0996133640" parentExecutionId="42ba3c3a-4665-4f5e-bffa-5e9418378c33" testId="578f516b-1262-494e-922e-5a3e02ba07e2" testName="3- prereq-tsmexport@hp-export-seteffectivedate-generictest (OT-14-TsmExport-HP-Both-Date)" computerName="CLTBUILD23" duration="00:00:05.1106389" startTime="2021-04-12T09:31:29.8099507-04:00" endTime="2021-04-12T09:31:34.9225913-04:00" testType="13cdc9d9-ddb5-4fa4-a97d-d965ccfc6d4b" outcome="Passed" testListId="8c84fa94-04c1-424b-9868-57a2d4851a1d" relativeResultsDirectory="afba8d71-2c09-4ffe-a7fa-1b0996133640">
          <Output>
            <StdOut>C:\Agt6\_work\_temp\TestResults\c2kbuild_CLTBUILD23 2021-04-12 08_12_36\In\afba8d71-2c09-4ffe-a7fa-1b0996133640\CLTBUILD23&gt;if not defined TestLocation (set TestLocation=. ) &#xD;
&#xD;
C:\Agt6\_work\_temp\TestResults\c2kbuild_CLTBUILD23 2021-04-12 08_12_36\In\afba8d71-2c09-4ffe-a7fa-1b0996133640\CLTBUILD23&gt;set CollectionFileName=c:\agt6\_work\6\a\api\environment\regapiautomation\testdata\tsmexport\prereq-hp-both-date\..\..\..\..\..\PreReq\PreReq-SetEffectiveDateAfterStudentEnroll.postman_collection.json &#xD;
&#xD;
C:\Agt6\_work\_temp\TestResults\c2kbuild_CLTBUILD23 2021-04-12 08_12_36\In\afba8d71-2c09-4ffe-a7fa-1b0996133640\CLTBUILD23&gt;set DataFileName=c:\agt6\_work\6\a\api\environment\regapiautomation\testdata\tsmexport\prereq-hp-both-date\PreReq-TsmExport@HP-Export-SetEffectiveDate.data.json &#xD;
&#xD;
C:\Agt6\_work\_temp\TestResults\c2kbuild_CLTBUILD23 2021-04-12 08_12_36\In\afba8d71-2c09-4ffe-a7fa-1b0996133640\CLTBUILD23&gt;set EnvironmentFilePath=c:\agt6\_work\6\a\api\environment\regapiautomation\testdata\tsmexport\prereq-hp-both-date\..\..\..\RegApiAutoEnvironment.postman_environment.json &#xD;
&#xD;
C:\Agt6\_work\_temp\TestResults\c2kbuild_CLTBUILD23 2021-04-12 08_12_36\In\afba8d71-2c09-4ffe-a7fa-1b0996133640\CLTBUILD23&gt;set HtmlResultsFile=PreReq-TsmExport@HP-Export-Enroll_Html.html &#xD;
&#xD;
C:\Agt6\_work\_temp\TestResults\c2kbuild_CLTBUILD23 2021-04-12 08_12_36\In\afba8d71-2c09-4ffe-a7fa-1b0996133640\CLTBUILD23&gt;set JunitResultsFile=PreReq-TsmExport@HP-Export-Enroll_Junit.xml &#xD;
&#xD;
C:\Agt6\_work\_temp\TestResults\c2kbuild_CLTBUILD23 2021-04-12 08_12_36\In\afba8d71-2c09-4ffe-a7fa-1b0996133640\CLTBUILD23&gt;newman run "c:\agt6\_work\6\a\api\environment\regapiautomation\testdata\tsmexport\prereq-hp-both-date\..\..\..\..\..\PreReq\PreReq-SetEffectiveDateAfterStudentEnroll.postman_collection.json" -k -d "c:\agt6\_work\6\a\api\environment\regapiautomation\testdata\tsmexport\prereq-hp-both-date\PreReq-TsmExport@HP-Export-SetEffectiveDate.data.json" -e "c:\agt6\_work\6\a\api\environment\regapiautomation\testdata\tsmexport\prereq-hp-both-date\..\..\..\RegApiAutoEnvironment.postman_environment.json" -r junit,html --reporter-html-export "PreReq-TsmExport@HP-Export-Enroll_Html.html" --reporter-junit-export "PreReq-TsmExport@HP-Export-Enroll_Junit.xml"</StdOut>
          </Output>
          <ResultFiles>
            <ResultFile path="CLTBUILD23\PreReq-TsmExport@HP-Export-Enroll_Html.html" />
            <ResultFile path="CLTBUILD23\PreReq-TsmExport@HP-Export-Enroll_Junit.xml" />
          </ResultFiles>
        </UnitTestResult>
        <UnitTestResult executionId="9c8611e2-029a-403d-a07d-3579fe248cfc" parentExecutionId="42ba3c3a-4665-4f5e-bffa-5e9418378c33" testId="c4c4367d-5052-4a7d-b92f-a3414daf0a38" testName="4- prereq-tsmexport@hp-registerclassandpostattendance-generictest (OT-14-TsmExport-HP-Both-Date)" computerName="CLTBUILD23" duration="00:00:09.0512971" startTime="2021-04-12T09:31:34.9225913-04:00" endTime="2021-04-12T09:31:43.9779550-04:00" testType="13cdc9d9-ddb5-4fa4-a97d-d965ccfc6d4b" outcome="Passed" testListId="8c84fa94-04c1-424b-9868-57a2d4851a1d" relativeResultsDirectory="9c8611e2-029a-403d-a07d-3579fe248cfc">
          <Output>
            <StdOut>C:\Agt6\_work\_temp\TestResults\c2kbuild_CLTBUILD23 2021-04-12 08_12_36\In\9c8611e2-029a-403d-a07d-3579fe248cfc\CLTBUILD23&gt;if not defined TestLocation (set TestLocation=. ) &#xD;
&#xD;
C:\Agt6\_work\_temp\TestResults\c2kbuild_CLTBUILD23 2021-04-12 08_12_36\In\9c8611e2-029a-403d-a07d-3579fe248cfc\CLTBUILD23&gt;set CollectionFileName=c:\agt6\_work\6\a\api\environment\regapiautomation\testdata\tsmexport\prereq-hp-both-date\..\..\..\..\..\PreReq\PreReq-RegisterClassAndPostAttendanceForStudent.postman_collection.json &#xD;
&#xD;
C:\Agt6\_work\_temp\TestResults\c2kbuild_CLTBUILD23 2021-04-12 08_12_36\In\9c8611e2-029a-403d-a07d-3579fe248cfc\CLTBUILD23&gt;set DataFileName=c:\agt6\_work\6\a\api\environment\regapiautomation\testdata\tsmexport\prereq-hp-both-date\PreReq-TsmExport@HP-RegisterClassAndPostAttendance.csv &#xD;
&#xD;
C:\Agt6\_work\_temp\TestResults\c2kbuild_CLTBUILD23 2021-04-12 08_12_36\In\9c8611e2-029a-403d-a07d-3579fe248cfc\CLTBUILD23&gt;set EnvironmentFilePath=c:\agt6\_work\6\a\api\environment\regapiautomation\testdata\tsmexport\prereq-hp-both-date\..\..\..\RegApiAutoEnvironment.postman_environment.json &#xD;
&#xD;
C:\Agt6\_work\_temp\TestResults\c2kbuild_CLTBUILD23 2021-04-12 08_12_36\In\9c8611e2-029a-403d-a07d-3579fe248cfc\CLTBUILD23&gt;set HtmlResultsFile=PreReq-TsmExport@HP-RegisterClassAndPostAttendance_Html.html &#xD;
&#xD;
C:\Agt6\_work\_temp\TestResults\c2kbuild_CLTBUILD23 2021-04-12 08_12_36\In\9c8611e2-029a-403d-a07d-3579fe248cfc\CLTBUILD23&gt;set JunitResultsFile=PreReq-TsmExport@HP-RegisterClassAndPostAttendance_Junit.xml &#xD;
&#xD;
C:\Agt6\_work\_temp\TestResults\c2kbuild_CLTBUILD23 2021-04-12 08_12_36\In\9c8611e2-029a-403d-a07d-3579fe248cfc\CLTBUILD23&gt;newman run "c:\agt6\_work\6\a\api\environment\regapiautomation\testdata\tsmexport\prereq-hp-both-date\..\..\..\..\..\PreReq\PreReq-RegisterClassAndPostAttendanceForStudent.postman_collection.json" -k -d "c:\agt6\_work\6\a\api\environment\regapiautomation\testdata\tsmexport\prereq-hp-both-date\PreReq-TsmExport@HP-RegisterClassAndPostAttendance.csv" -e "c:\agt6\_work\6\a\api\environment\regapiautomation\testdata\tsmexport\prereq-hp-both-date\..\..\..\RegApiAutoEnvironment.postman_environment.json" -r junit,html --reporter-html-export "PreReq-TsmExport@HP-RegisterClassAndPostAttendance_Html.html" --reporter-junit-export "PreReq-TsmExport@HP-RegisterClassAndPostAttendance_Junit.xml"</StdOut>
          </Output>
          <ResultFiles>
            <ResultFile path="CLTBUILD23\PreReq-TsmExport@HP-RegisterClassAndPostAttendance_Html.html" />
            <ResultFile path="CLTBUILD23\PreReq-TsmExport@HP-RegisterClassAndPostAttendance_Junit.xml" />
          </ResultFiles>
        </UnitTestResult>
        <UnitTestResult executionId="0d63a59a-f9a2-4f0f-bec0-5a79ae108e45" parentExecutionId="42ba3c3a-4665-4f5e-bffa-5e9418378c33" testId="6f6da284-e0ff-453d-a893-35944e52004e" testName="5- tsmexport@hp-both-date-generictest (OT-14-TsmExport-HP-Both-Date)" computerName="CLTBUILD23" duration="00:00:19.6194696" startTime="2021-04-12T09:31:43.9779550-04:00" endTime="2021-04-12T09:32:03.5995613-04:00" testType="13cdc9d9-ddb5-4fa4-a97d-d965ccfc6d4b" outcome="Passed" testListId="8c84fa94-04c1-424b-9868-57a2d4851a1d" relativeResultsDirectory="0d63a59a-f9a2-4f0f-bec0-5a79ae108e45">
          <Output>
            <StdOut>C:\Agt6\_work\_temp\TestResults\c2kbuild_CLTBUILD23 2021-04-12 08_12_36\In\0d63a59a-f9a2-4f0f-bec0-5a79ae108e45\CLTBUILD23&gt;if not defined TestLocation (set TestLocation=. ) &#xD;
&#xD;
C:\Agt6\_work\_temp\TestResults\c2kbuild_CLTBUILD23 2021-04-12 08_12_36\In\0d63a59a-f9a2-4f0f-bec0-5a79ae108e45\CLTBUILD23&gt;set CollectionFileName=c:\agt6\_work\6\a\api\environment\regapiautomation\testdata\tsmexport\..\..\..\..\Tests\TSMExport\TsmExport@hp-Both-Date.postman_collection.json &#xD;
&#xD;
C:\Agt6\_work\_temp\TestResults\c2kbuild_CLTBUILD23 2021-04-12 08_12_36\In\0d63a59a-f9a2-4f0f-bec0-5a79ae108e45\CLTBUILD23&gt;set DataFileName=c:\agt6\_work\6\a\api\environment\regapiautomation\testdata\tsmexport\TsmExport@hp-Both-Date.data.json &#xD;
&#xD;
C:\Agt6\_work\_temp\TestResults\c2kbuild_CLTBUILD23 2021-04-12 08_12_36\In\0d63a59a-f9a2-4f0f-bec0-5a79ae108e45\CLTBUILD23&gt;set EnvironmentFilePath=c:\agt6\_work\6\a\api\environment\regapiautomation\testdata\tsmexport\..\..\..\..\Common\RegApiAutoEnvironment.postman_environment.json &#xD;
&#xD;
C:\Agt6\_work\_temp\TestResults\c2kbuild_CLTBUILD23 2021-04-12 08_12_36\In\0d63a59a-f9a2-4f0f-bec0-5a79ae108e45\CLTBUILD23&gt;set HtmlResultsFile=TsmExport@hp-Both-Date-Html.html &#xD;
&#xD;
C:\Agt6\_work\_temp\TestResults\c2kbuild_CLTBUILD23 2021-04-12 08_12_36\In\0d63a59a-f9a2-4f0f-bec0-5a79ae108e45\CLTBUILD23&gt;set JunitResultsFile=TsmExport@hp-Both-Date-Junit.xml &#xD;
&#xD;
C:\Agt6\_work\_temp\TestResults\c2kbuild_CLTBUILD23 2021-04-12 08_12_36\In\0d63a59a-f9a2-4f0f-bec0-5a79ae108e45\CLTBUILD23&gt;newman run "c:\agt6\_work\6\a\api\environment\regapiautomation\testdata\tsmexport\..\..\..\..\Tests\TSMExport\TsmExport@hp-Both-Date.postman_collection.json" -k -d "c:\agt6\_work\6\a\api\environment\regapiautomation\testdata\tsmexport\TsmExport@hp-Both-Date.data.json" -e "c:\agt6\_work\6\a\api\environment\regapiautomation\testdata\tsmexport\..\..\..\..\Common\RegApiAutoEnvironment.postman_environment.json" -r junit,html --reporter-html-export "TsmExport@hp-Both-Date-Html.html" --reporter-junit-export "TsmExport@hp-Both-Date-Junit.xml"</StdOut>
          </Output>
          <ResultFiles>
            <ResultFile path="CLTBUILD23\TsmExport@hp-Both-Date-Html.html" />
            <ResultFile path="CLTBUILD23\TsmExport@hp-Both-Date-Junit.xml" />
          </ResultFiles>
        </UnitTestResult>
      </InnerResults>
    </TestResultAggregation>
    <TestResultAggregation executionId="5b422433-794d-4c79-9a43-7109a85109e3" testId="5beedf44-3450-41f3-bd8b-4c8afc78c902" testName="OT-03B-ApplicationData-Import-Isir" computerName="CLTBUILD23" duration="00:00:19.5184049" startTime="2021-04-12T08:32:27.9742093-04:00" endTime="2021-04-12T08:32:47.4908186-04:00" testType="ec4800e8-40e5-4ab3-8510-b8bf29b1904d" outcome="Passed" testListId="8c84fa94-04c1-424b-9868-57a2d4851a1d" relativeResultsDirectory="5b422433-794d-4c79-9a43-7109a85109e3">
      <InnerResults>
        <UnitTestResult executionId="21dba51f-6be3-4a48-a6d4-17359ac0ae12" parentExecutionId="5b422433-794d-4c79-9a43-7109a85109e3" testId="7a7ec367-70db-44e9-bdb8-83b1dbbae73f" testName="1- appproc-appdata-import@hp-isir-generictest (OT-03B-ApplicationData-Import-Isir)" computerName="CLTBUILD23" duration="00:00:19.5106634" startTime="2021-04-12T08:32:27.9752080-04:00" endTime="2021-04-12T08:32:47.4898212-04:00" testType="13cdc9d9-ddb5-4fa4-a97d-d965ccfc6d4b" outcome="Passed" testListId="8c84fa94-04c1-424b-9868-57a2d4851a1d" relativeResultsDirectory="21dba51f-6be3-4a48-a6d4-17359ac0ae12">
          <Output>
            <StdOut>C:\Agt6\_work\_temp\TestResults\c2kbuild_CLTBUILD23 2021-04-12 08_12_36\In\21dba51f-6be3-4a48-a6d4-17359ac0ae12\CLTBUILD23&gt;if not defined TestLocation (set TestLocation=. ) &#xD;
&#xD;
C:\Agt6\_work\_temp\TestResults\c2kbuild_CLTBUILD23 2021-04-12 08_12_36\In\21dba51f-6be3-4a48-a6d4-17359ac0ae12\CLTBUILD23&gt;set CollectionFileName=c:\agt6\_work\6\a\api\environment\regapiautomation\testdata\applicationdata\import\..\..\..\..\..\Tests\ApplicationData\Import\AppProc-AppData-Import@HP-Isir.postman_collection.json &#xD;
&#xD;
C:\Agt6\_work\_temp\TestResults\c2kbuild_CLTBUILD23 2021-04-12 08_12_36\In\21dba51f-6be3-4a48-a6d4-17359ac0ae12\CLTBUILD23&gt;set DataFileName=c:\agt6\_work\6\a\api\environment\regapiautomation\testdata\applicationdata\import\AppProc-AppData-Import@HP-Isir.data.json &#xD;
&#xD;
C:\Agt6\_work\_temp\TestResults\c2kbuild_CLTBUILD23 2021-04-12 08_12_36\In\21dba51f-6be3-4a48-a6d4-17359ac0ae12\CLTBUILD23&gt;set EnvironmentFilePath=c:\agt6\_work\6\a\api\environment\regapiautomation\testdata\applicationdata\import\..\..\..\RegApiAutoEnvironment.postman_environment.json &#xD;
&#xD;
C:\Agt6\_work\_temp\TestResults\c2kbuild_CLTBUILD23 2021-04-12 08_12_36\In\21dba51f-6be3-4a48-a6d4-17359ac0ae12\CLTBUILD23&gt;set HtmlResultsFile=AppProc-AppData-Import@HP-Isir-Html.html &#xD;
&#xD;
C:\Agt6\_work\_temp\TestResults\c2kbuild_CLTBUILD23 2021-04-12 08_12_36\In\21dba51f-6be3-4a48-a6d4-17359ac0ae12\CLTBUILD23&gt;set JunitResultsFile=AppProc-AppData-Import@HP-Isir-Isir-Junit.xml &#xD;
&#xD;
C:\Agt6\_work\_temp\TestResults\c2kbuild_CLTBUILD23 2021-04-12 08_12_36\In\21dba51f-6be3-4a48-a6d4-17359ac0ae12\CLTBUILD23&gt;newman run "c:\agt6\_work\6\a\api\environment\regapiautomation\testdata\applicationdata\import\..\..\..\..\..\Tests\ApplicationData\Import\AppProc-AppData-Import@HP-Isir.postman_collection.json" -k -d "c:\agt6\_work\6\a\api\environment\regapiautomation\testdata\applicationdata\import\AppProc-AppData-Import@HP-Isir.data.json" -e "c:\agt6\_work\6\a\api\environment\regapiautomation\testdata\applicationdata\import\..\..\..\RegApiAutoEnvironment.postman_environment.json" -r junit,html --reporter-html-export "AppProc-AppData-Import@HP-Isir-Html.html" --reporter-junit-export "AppProc-AppData-Import@HP-Isir-Isir-Junit.xml"</StdOut>
          </Output>
          <ResultFiles>
            <ResultFile path="CLTBUILD23\AppProc-AppData-Import@HP-Isir-Html.html" />
            <ResultFile path="CLTBUILD23\AppProc-AppData-Import@HP-Isir-Isir-Junit.xml" />
          </ResultFiles>
        </UnitTestResult>
      </InnerResults>
    </TestResultAggregation>
    <TestResultAggregation executionId="b90254e2-b42d-458a-ba13-92fb914bc3fe" testId="c586056d-50db-4e40-961b-1090fb582a5b" testName="OT-03F-ApplicationData-Export-Corrections-21_22" computerName="CLTBUILD23" duration="00:00:18.0778455" startTime="2021-04-12T08:33:43.3855436-04:00" endTime="2021-04-12T08:34:01.4877786-04:00" testType="ec4800e8-40e5-4ab3-8510-b8bf29b1904d" outcome="Passed" testListId="8c84fa94-04c1-424b-9868-57a2d4851a1d" relativeResultsDirectory="b90254e2-b42d-458a-ba13-92fb914bc3fe">
      <InnerResults>
        <UnitTestResult executionId="dc0ba42c-854e-48b6-873e-d889ad704a3e" parentExecutionId="b90254e2-b42d-458a-ba13-92fb914bc3fe" testId="91bb78a0-bd54-451f-b02f-23b3700ca25c" testName="1- prereq-appproc-appdata-export@hp-corrections-21_22-generictest (OT-03F-ApplicationData-Export-Corrections-21_22)" computerName="CLTBUILD23" duration="00:00:10.4357335" startTime="2021-04-12T08:33:43.3885439-04:00" endTime="2021-04-12T08:33:53.8415829-04:00" testType="13cdc9d9-ddb5-4fa4-a97d-d965ccfc6d4b" outcome="Passed" testListId="8c84fa94-04c1-424b-9868-57a2d4851a1d" relativeResultsDirectory="dc0ba42c-854e-48b6-873e-d889ad704a3e">
          <Output>
            <StdOut>C:\Agt6\_work\_temp\TestResults\c2kbuild_CLTBUILD23 2021-04-12 08_12_36\In\dc0ba42c-854e-48b6-873e-d889ad704a3e\CLTBUILD23&gt;if not defined TestLocation (set TestLocation=. ) &#xD;
&#xD;
C:\Agt6\_work\_temp\TestResults\c2kbuild_CLTBUILD23 2021-04-12 08_12_36\In\dc0ba42c-854e-48b6-873e-d889ad704a3e\CLTBUILD23&gt;set CollectionFileName=c:\agt6\_work\6\a\api\environment\regapiautomation\testdata\applicationdata\export\prereq-hp-corrections-21_22\..\..\..\..\..\..\PreReq\PreReq-CreateISIRCorrections.postman_collection.json &#xD;
&#xD;
C:\Agt6\_work\_temp\TestResults\c2kbuild_CLTBUILD23 2021-04-12 08_12_36\In\dc0ba42c-854e-48b6-873e-d889ad704a3e\CLTBUILD23&gt;set DataFileName=c:\agt6\_work\6\a\api\environment\regapiautomation\testdata\applicationdata\export\prereq-hp-corrections-21_22\PreReq-AppProc-AppData-Export@HP-Corrections-21_22.data.json &#xD;
&#xD;
C:\Agt6\_work\_temp\TestResults\c2kbuild_CLTBUILD23 2021-04-12 08_12_36\In\dc0ba42c-854e-48b6-873e-d889ad704a3e\CLTBUILD23&gt;set EnvironmentFilePath=c:\agt6\_work\6\a\api\environment\regapiautomation\testdata\applicationdata\export\prereq-hp-corrections-21_22\..\..\..\..\RegApiAutoEnvironment.postman_environment.json &#xD;
&#xD;
C:\Agt6\_work\_temp\TestResults\c2kbuild_CLTBUILD23 2021-04-12 08_12_36\In\dc0ba42c-854e-48b6-873e-d889ad704a3e\CLTBUILD23&gt;set HtmlResultsFile=PreReq-AppProc-AppData-Export@HP-Corrections-21_22_Html.html &#xD;
&#xD;
C:\Agt6\_work\_temp\TestResults\c2kbuild_CLTBUILD23 2021-04-12 08_12_36\In\dc0ba42c-854e-48b6-873e-d889ad704a3e\CLTBUILD23&gt;set JunitResultsFile=PreReq-AppProc-AppData-Export@HP-Corrections-21_22_Junit.xml &#xD;
&#xD;
C:\Agt6\_work\_temp\TestResults\c2kbuild_CLTBUILD23 2021-04-12 08_12_36\In\dc0ba42c-854e-48b6-873e-d889ad704a3e\CLTBUILD23&gt;newman run "c:\agt6\_work\6\a\api\environment\regapiautomation\testdata\applicationdata\export\prereq-hp-corrections-21_22\..\..\..\..\..\..\PreReq\PreReq-CreateISIRCorrections.postman_collection.json" -d "c:\agt6\_work\6\a\api\environment\regapiautomation\testdata\applicationdata\export\prereq-hp-corrections-21_22\PreReq-AppProc-AppData-Export@HP-Corrections-21_22.data.json" -e "c:\agt6\_work\6\a\api\environment\regapiautomation\testdata\applicationdata\export\prereq-hp-corrections-21_22\..\..\..\..\RegApiAutoEnvironment.postman_environment.json" -r junit,html --reporter-html-export "PreReq-AppProc-AppData-Export@HP-Corrections-21_22_Html.html" --reporter-junit-export "PreReq-AppProc-AppData-Export@HP-Corrections-21_22_Junit.xml"</StdOut>
          </Output>
          <ResultFiles>
            <ResultFile path="CLTBUILD23\PreReq-AppProc-AppData-Export@HP-Corrections-21_22_Html.html" />
            <ResultFile path="CLTBUILD23\PreReq-AppProc-AppData-Export@HP-Corrections-21_22_Junit.xml" />
          </ResultFiles>
        </UnitTestResult>
        <UnitTestResult executionId="24d5dded-03fe-48ba-ab8c-5d5e200ddd3e" parentExecutionId="b90254e2-b42d-458a-ba13-92fb914bc3fe" testId="280f9537-8896-4bf9-924c-b1f356a48e21" testName="2- appproc-appdata-export@hp-corrections-21_22-generictest (OT-03F-ApplicationData-Export-Corrections-21_22)" computerName="CLTBUILD23" duration="00:00:07.6317660" startTime="2021-04-12T08:33:53.8425834-04:00" endTime="2021-04-12T08:34:01.4867728-04:00" testType="13cdc9d9-ddb5-4fa4-a97d-d965ccfc6d4b" outcome="Passed" testListId="8c84fa94-04c1-424b-9868-57a2d4851a1d" relativeResultsDirectory="24d5dded-03fe-48ba-ab8c-5d5e200ddd3e">
          <Output>
            <StdOut>C:\Agt6\_work\_temp\TestResults\c2kbuild_CLTBUILD23 2021-04-12 08_12_36\In\24d5dded-03fe-48ba-ab8c-5d5e200ddd3e\CLTBUILD23&gt;if not defined TestLocation (set TestLocation=. ) &#xD;
&#xD;
C:\Agt6\_work\_temp\TestResults\c2kbuild_CLTBUILD23 2021-04-12 08_12_36\In\24d5dded-03fe-48ba-ab8c-5d5e200ddd3e\CLTBUILD23&gt;set CollectionFileName=c:\agt6\_work\6\a\api\environment\regapiautomation\testdata\applicationdata\export\..\..\..\..\..\Tests\ApplicationData\Export\AppProc-AppData-Export@HP-Corrections.postman_collection.json &#xD;
&#xD;
C:\Agt6\_work\_temp\TestResults\c2kbuild_CLTBUILD23 2021-04-12 08_12_36\In\24d5dded-03fe-48ba-ab8c-5d5e200ddd3e\CLTBUILD23&gt;set DataFileName=c:\agt6\_work\6\a\api\environment\regapiautomation\testdata\applicationdata\export\AppProc-AppData-Export@HP-Corrections-21_22.data.json &#xD;
&#xD;
C:\Agt6\_work\_temp\TestResults\c2kbuild_CLTBUILD23 2021-04-12 08_12_36\In\24d5dded-03fe-48ba-ab8c-5d5e200ddd3e\CLTBUILD23&gt;set EnvironmentFilePath=c:\agt6\_work\6\a\api\environment\regapiautomation\testdata\applicationdata\export\..\..\..\RegApiAutoEnvironment.postman_environment.json &#xD;
&#xD;
C:\Agt6\_work\_temp\TestResults\c2kbuild_CLTBUILD23 2021-04-12 08_12_36\In\24d5dded-03fe-48ba-ab8c-5d5e200ddd3e\CLTBUILD23&gt;set HtmlResultsFile=AppProc-AppData-Export@HP-Corrections-21_22-Html.html &#xD;
&#xD;
C:\Agt6\_work\_temp\TestResults\c2kbuild_CLTBUILD23 2021-04-12 08_12_36\In\24d5dded-03fe-48ba-ab8c-5d5e200ddd3e\CLTBUILD23&gt;set JunitResultsFile=AppProc-AppData-Export@HP-Corrections-21_22-Junit.xml &#xD;
&#xD;
C:\Agt6\_work\_temp\TestResults\c2kbuild_CLTBUILD23 2021-04-12 08_12_36\In\24d5dded-03fe-48ba-ab8c-5d5e200ddd3e\CLTBUILD23&gt;newman run "c:\agt6\_work\6\a\api\environment\regapiautomation\testdata\applicationdata\export\..\..\..\..\..\Tests\ApplicationData\Export\AppProc-AppData-Export@HP-Corrections.postman_collection.json" -k -d "c:\agt6\_work\6\a\api\environment\regapiautomation\testdata\applicationdata\export\AppProc-AppData-Export@HP-Corrections-21_22.data.json" -e "c:\agt6\_work\6\a\api\environment\regapiautomation\testdata\applicationdata\export\..\..\..\RegApiAutoEnvironment.postman_environment.json" -r junit,html --reporter-html-export "AppProc-AppData-Export@HP-Corrections-21_22-Html.html" --reporter-junit-export "AppProc-AppData-Export@HP-Corrections-21_22-Junit.xml"</StdOut>
          </Output>
          <ResultFiles>
            <ResultFile path="CLTBUILD23\AppProc-AppData-Export@HP-Corrections-21_22-Html.html" />
            <ResultFile path="CLTBUILD23\AppProc-AppData-Export@HP-Corrections-21_22-Junit.xml" />
          </ResultFiles>
        </UnitTestResult>
      </InnerResults>
    </TestResultAggregation>
    <TestResultAggregation executionId="613c3c01-58c9-42ed-86cc-0ef93de9d1ec" testId="ddb3eb36-3c96-413f-bb39-b3ed912d41aa" testName="OT-10D-CollegeFinancePlan-Config-ProspectiveStudentsGrants-21_22" computerName="CLTBUILD23" duration="00:00:13.4694282" startTime="2021-04-12T09:21:04.8169833-04:00" endTime="2021-04-12T09:21:18.2930162-04:00" testType="ec4800e8-40e5-4ab3-8510-b8bf29b1904d" outcome="Passed" testListId="8c84fa94-04c1-424b-9868-57a2d4851a1d" relativeResultsDirectory="613c3c01-58c9-42ed-86cc-0ef93de9d1ec">
      <InnerResults>
        <UnitTestResult executionId="89978ce9-fef8-4465-9cd1-c401c58255ae" parentExecutionId="613c3c01-58c9-42ed-86cc-0ef93de9d1ec" testId="c0239241-e77a-49ed-b6b1-199de5beb54d" testName="1- collegefinanceplan-config@prospectivestudentsgrants-21_22-generictest (OT-10D-CollegeFinancePlan-Config-ProspectiveStudentsGrants-21_22)" computerName="CLTBUILD23" duration="00:00:13.4656310" startTime="2021-04-12T09:21:04.8249832-04:00" endTime="2021-04-12T09:21:18.2910191-04:00" testType="13cdc9d9-ddb5-4fa4-a97d-d965ccfc6d4b" outcome="Passed" testListId="8c84fa94-04c1-424b-9868-57a2d4851a1d" relativeResultsDirectory="89978ce9-fef8-4465-9cd1-c401c58255ae">
          <Output>
            <StdOut>C:\Agt6\_work\_temp\TestResults\c2kbuild_CLTBUILD23 2021-04-12 08_12_36\In\89978ce9-fef8-4465-9cd1-c401c58255ae\CLTBUILD23&gt;if not defined TestLocation (set TestLocation=. ) &#xD;
&#xD;
C:\Agt6\_work\_temp\TestResults\c2kbuild_CLTBUILD23 2021-04-12 08_12_36\In\89978ce9-fef8-4465-9cd1-c401c58255ae\CLTBUILD23&gt;set CollectionFileName=c:\agt6\_work\6\a\api\environment\regapiautomation\testdata\shoppingsheets\..\..\..\..\Tests\ShoppingSheets\CollegeFinancePlan-Config@ProspectiveStudentsGrants.postman_collection.json &#xD;
&#xD;
C:\Agt6\_work\_temp\TestResults\c2kbuild_CLTBUILD23 2021-04-12 08_12_36\In\89978ce9-fef8-4465-9cd1-c401c58255ae\CLTBUILD23&gt;set DataFileName=c:\agt6\_work\6\a\api\environment\regapiautomation\testdata\shoppingsheets\CollegeFinancePlan-Config@ProspectiveStudentsGrants-21_22.data.csv &#xD;
&#xD;
C:\Agt6\_work\_temp\TestResults\c2kbuild_CLTBUILD23 2021-04-12 08_12_36\In\89978ce9-fef8-4465-9cd1-c401c58255ae\CLTBUILD23&gt;set EnvironmentFilePath=c:\agt6\_work\6\a\api\environment\regapiautomation\testdata\shoppingsheets\..\..\RegApiAutoEnvironment.postman_environment.json &#xD;
&#xD;
C:\Agt6\_work\_temp\TestResults\c2kbuild_CLTBUILD23 2021-04-12 08_12_36\In\89978ce9-fef8-4465-9cd1-c401c58255ae\CLTBUILD23&gt;set HtmlResultsFile=CollegeFinancePlan-Config@ProspectiveStudentsGrants-21_22_Html.html &#xD;
&#xD;
C:\Agt6\_work\_temp\TestResults\c2kbuild_CLTBUILD23 2021-04-12 08_12_36\In\89978ce9-fef8-4465-9cd1-c401c58255ae\CLTBUILD23&gt;set JunitResultsFile=CollegeFinancePlan-Config@ProspectiveStudentsGrants-21_22_Junit.xml &#xD;
&#xD;
C:\Agt6\_work\_temp\TestResults\c2kbuild_CLTBUILD23 2021-04-12 08_12_36\In\89978ce9-fef8-4465-9cd1-c401c58255ae\CLTBUILD23&gt;newman run "c:\agt6\_work\6\a\api\environment\regapiautomation\testdata\shoppingsheets\..\..\..\..\Tests\ShoppingSheets\CollegeFinancePlan-Config@ProspectiveStudentsGrants.postman_collection.json" -k -d "c:\agt6\_work\6\a\api\environment\regapiautomation\testdata\shoppingsheets\CollegeFinancePlan-Config@ProspectiveStudentsGrants-21_22.data.csv" -e "c:\agt6\_work\6\a\api\environment\regapiautomation\testdata\shoppingsheets\..\..\RegApiAutoEnvironment.postman_environment.json" -r junit,html --reporter-html-export "CollegeFinancePlan-Config@ProspectiveStudentsGrants-21_22_Html.html" --reporter-junit-export "CollegeFinancePlan-Config@ProspectiveStudentsGrants-21_22_Junit.xml"</StdOut>
          </Output>
          <ResultFiles>
            <ResultFile path="CLTBUILD23\CollegeFinancePlan-Config@ProspectiveStudentsGrants-21_22_Html.html" />
            <ResultFile path="CLTBUILD23\CollegeFinancePlan-Config@ProspectiveStudentsGrants-21_22_Junit.xml" />
          </ResultFiles>
        </UnitTestResult>
      </InnerResults>
    </TestResultAggregation>
    <TestResultAggregation executionId="ac0cbf78-2e81-457a-b65b-fdc11e34bc33" testId="b6e695ed-1085-442c-8394-ffc77e1a59da" testName="OT-05A-CODExceptions-Resolve-21_22" computerName="CLTBUILD23" duration="00:01:21.3080479" startTime="2021-04-12T08:37:46.7794413-04:00" endTime="2021-04-12T08:39:08.1217610-04:00" testType="ec4800e8-40e5-4ab3-8510-b8bf29b1904d" outcome="Passed" testListId="8c84fa94-04c1-424b-9868-57a2d4851a1d" relativeResultsDirectory="ac0cbf78-2e81-457a-b65b-fdc11e34bc33">
      <InnerResults>
        <UnitTestResult executionId="c04c51ec-0203-4904-bfe0-7ffa195e1fc7" parentExecutionId="ac0cbf78-2e81-457a-b65b-fdc11e34bc33" testId="199cf613-8fcc-4ff8-b330-6fea857f4618" testName="1- prereq-cod-exceptions@hp-resolve-award-bn-21_22-createstudent-generictest (OT-05A-CODExceptions-Resolve-21_22)" computerName="CLTBUILD23" duration="00:00:07.9600765" startTime="2021-04-12T08:37:46.7884438-04:00" endTime="2021-04-12T08:37:54.7529475-04:00" testType="13cdc9d9-ddb5-4fa4-a97d-d965ccfc6d4b" outcome="Passed" testListId="8c84fa94-04c1-424b-9868-57a2d4851a1d" relativeResultsDirectory="c04c51ec-0203-4904-bfe0-7ffa195e1fc7">
          <Output>
            <StdOut>C:\Agt6\_work\_temp\TestResults\c2kbuild_CLTBUILD23 2021-04-12 08_12_36\In\c04c51ec-0203-4904-bfe0-7ffa195e1fc7\CLTBUILD23&gt;if not defined TestLocation (set TestLocation=. ) &#xD;
&#xD;
C:\Agt6\_work\_temp\TestResults\c2kbuild_CLTBUILD23 2021-04-12 08_12_36\In\c04c51ec-0203-4904-bfe0-7ffa195e1fc7\CLTBUILD23&gt;set CollectionFileName=c:\agt6\_work\6\a\api\environment\regapiautomation\testdata\codexceptions\prereq-21_22\..\..\..\..\..\PreReq\PreReq-CreateStudent.postman_collection.json &#xD;
&#xD;
C:\Agt6\_work\_temp\TestResults\c2kbuild_CLTBUILD23 2021-04-12 08_12_36\In\c04c51ec-0203-4904-bfe0-7ffa195e1fc7\CLTBUILD23&gt;set DataFileName=c:\agt6\_work\6\a\api\environment\regapiautomation\testdata\codexceptions\prereq-21_22\PreReq-COD-Exceptions@HP-Resolve-Award-BN-21_22-CreateStudent.data.csv &#xD;
&#xD;
C:\Agt6\_work\_temp\TestResults\c2kbuild_CLTBUILD23 2021-04-12 08_12_36\In\c04c51ec-0203-4904-bfe0-7ffa195e1fc7\CLTBUILD23&gt;set EnvironmentFilePath=c:\agt6\_work\6\a\api\environment\regapiautomation\testdata\codexceptions\prereq-21_22\..\..\..\RegApiAutoEnvironment.postman_environment.json &#xD;
&#xD;
C:\Agt6\_work\_temp\TestResults\c2kbuild_CLTBUILD23 2021-04-12 08_12_36\In\c04c51ec-0203-4904-bfe0-7ffa195e1fc7\CLTBUILD23&gt;set HtmlResultsFile=PreReq-COD-Exceptions@HP-Resolve-Award-BN-21_22-CreateStudent_Html.html &#xD;
&#xD;
C:\Agt6\_work\_temp\TestResults\c2kbuild_CLTBUILD23 2021-04-12 08_12_36\In\c04c51ec-0203-4904-bfe0-7ffa195e1fc7\CLTBUILD23&gt;set JunitResultsFile=PreReq-COD-Exceptions@HP-Resolve-Award-BN-21_22-CreateStudent_Junit.xml &#xD;
&#xD;
C:\Agt6\_work\_temp\TestResults\c2kbuild_CLTBUILD23 2021-04-12 08_12_36\In\c04c51ec-0203-4904-bfe0-7ffa195e1fc7\CLTBUILD23&gt;newman run "c:\agt6\_work\6\a\api\environment\regapiautomation\testdata\codexceptions\prereq-21_22\..\..\..\..\..\PreReq\PreReq-CreateStudent.postman_collection.json" -k -d "c:\agt6\_work\6\a\api\environment\regapiautomation\testdata\codexceptions\prereq-21_22\PreReq-COD-Exceptions@HP-Resolve-Award-BN-21_22-CreateStudent.data.csv" -e "c:\agt6\_work\6\a\api\environment\regapiautomation\testdata\codexceptions\prereq-21_22\..\..\..\RegApiAutoEnvironment.postman_environment.json" -r junit,html --reporter-html-export "PreReq-COD-Exceptions@HP-Resolve-Award-BN-21_22-CreateStudent_Html.html" --reporter-junit-export "PreReq-COD-Exceptions@HP-Resolve-Award-BN-21_22-CreateStudent_Junit.xml"</StdOut>
          </Output>
          <ResultFiles>
            <ResultFile path="CLTBUILD23\PreReq-COD-Exceptions@HP-Resolve-Award-BN-21_22-CreateStudent_Html.html" />
            <ResultFile path="CLTBUILD23\PreReq-COD-Exceptions@HP-Resolve-Award-BN-21_22-CreateStudent_Junit.xml" />
          </ResultFiles>
        </UnitTestResult>
        <UnitTestResult executionId="e9ac02c0-ad68-4694-a341-82c75a10b6ad" parentExecutionId="ac0cbf78-2e81-457a-b65b-fdc11e34bc33" testId="5aa87472-099e-4d13-b713-c555c492ff44" testName="2- prereq-cod-exceptions@hp-resolve-award-bn-21_22-importisir-generictest (OT-05A-CODExceptions-Resolve-21_22)" computerName="CLTBUILD23" duration="00:00:08.1836402" startTime="2021-04-12T08:37:54.7529475-04:00" endTime="2021-04-12T08:38:02.9414079-04:00" testType="13cdc9d9-ddb5-4fa4-a97d-d965ccfc6d4b" outcome="Passed" testListId="8c84fa94-04c1-424b-9868-57a2d4851a1d" relativeResultsDirectory="e9ac02c0-ad68-4694-a341-82c75a10b6ad">
          <Output>
            <StdOut>C:\Agt6\_work\_temp\TestResults\c2kbuild_CLTBUILD23 2021-04-12 08_12_36\In\e9ac02c0-ad68-4694-a341-82c75a10b6ad\CLTBUILD23&gt;if not defined TestLocation (set TestLocation=. ) &#xD;
&#xD;
C:\Agt6\_work\_temp\TestResults\c2kbuild_CLTBUILD23 2021-04-12 08_12_36\In\e9ac02c0-ad68-4694-a341-82c75a10b6ad\CLTBUILD23&gt;set CollectionFileName=c:\agt6\_work\6\a\api\environment\regapiautomation\testdata\codexceptions\prereq-21_22\..\..\..\..\..\PreReq\PreReq-ImportISIR.postman_collection.json &#xD;
&#xD;
C:\Agt6\_work\_temp\TestResults\c2kbuild_CLTBUILD23 2021-04-12 08_12_36\In\e9ac02c0-ad68-4694-a341-82c75a10b6ad\CLTBUILD23&gt;set DataFileName=c:\agt6\_work\6\a\api\environment\regapiautomation\testdata\codexceptions\prereq-21_22\PreReq-COD-Exceptions@HP-Resolve-Award-BN-21_22-ImportISIR.data.json &#xD;
&#xD;
C:\Agt6\_work\_temp\TestResults\c2kbuild_CLTBUILD23 2021-04-12 08_12_36\In\e9ac02c0-ad68-4694-a341-82c75a10b6ad\CLTBUILD23&gt;set EnvironmentFilePath=c:\agt6\_work\6\a\api\environment\regapiautomation\testdata\codexceptions\prereq-21_22\..\..\..\RegApiAutoEnvironment.postman_environment.json &#xD;
&#xD;
C:\Agt6\_work\_temp\TestResults\c2kbuild_CLTBUILD23 2021-04-12 08_12_36\In\e9ac02c0-ad68-4694-a341-82c75a10b6ad\CLTBUILD23&gt;set HtmlResultsFile=PreReq-COD-Exceptions@HP-Resolve-Award-BN-21_22-ImportISIR_Html.html &#xD;
&#xD;
C:\Agt6\_work\_temp\TestResults\c2kbuild_CLTBUILD23 2021-04-12 08_12_36\In\e9ac02c0-ad68-4694-a341-82c75a10b6ad\CLTBUILD23&gt;set JunitResultsFile=PreReq-COD-Exceptions@HP-Resolve-Award-BN-21_22-ImportISIR_Junit.xml &#xD;
&#xD;
C:\Agt6\_work\_temp\TestResults\c2kbuild_CLTBUILD23 2021-04-12 08_12_36\In\e9ac02c0-ad68-4694-a341-82c75a10b6ad\CLTBUILD23&gt;newman run "c:\agt6\_work\6\a\api\environment\regapiautomation\testdata\codexceptions\prereq-21_22\..\..\..\..\..\PreReq\PreReq-ImportISIR.postman_collection.json" -k -d "c:\agt6\_work\6\a\api\environment\regapiautomation\testdata\codexceptions\prereq-21_22\PreReq-COD-Exceptions@HP-Resolve-Award-BN-21_22-ImportISIR.data.json" -e "c:\agt6\_work\6\a\api\environment\regapiautomation\testdata\codexceptions\prereq-21_22\..\..\..\RegApiAutoEnvironment.postman_environment.json" -r junit,html --reporter-html-export "PreReq-COD-Exceptions@HP-Resolve-Award-BN-21_22-ImportISIR_Html.html" --reporter-junit-export "PreReq-COD-Exceptions@HP-Resolve-Award-BN-21_22-ImportISIR_Junit.xml"</StdOut>
          </Output>
          <ResultFiles>
            <ResultFile path="CLTBUILD23\PreReq-COD-Exceptions@HP-Resolve-Award-BN-21_22-ImportISIR_Html.html" />
            <ResultFile path="CLTBUILD23\PreReq-COD-Exceptions@HP-Resolve-Award-BN-21_22-ImportISIR_Junit.xml" />
          </ResultFiles>
        </UnitTestResult>
        <UnitTestResult executionId="d79f8833-e8ee-4fc4-bb46-4710b3db6738" parentExecutionId="ac0cbf78-2e81-457a-b65b-fdc11e34bc33" testId="7366db68-50a7-488c-8cd3-0a98cc393e1e" testName="3- prereq-cod-exceptions@hp-resolve-award-bn-21_22-enrollstudent-generictest (OT-05A-CODExceptions-Resolve-21_22)" computerName="CLTBUILD23" duration="00:00:13.2534277" startTime="2021-04-12T08:38:02.9424116-04:00" endTime="2021-04-12T08:38:16.2047527-04:00" testType="13cdc9d9-ddb5-4fa4-a97d-d965ccfc6d4b" outcome="Passed" testListId="8c84fa94-04c1-424b-9868-57a2d4851a1d" relativeResultsDirectory="d79f8833-e8ee-4fc4-bb46-4710b3db6738">
          <Output>
            <StdOut>C:\Agt6\_work\_temp\TestResults\c2kbuild_CLTBUILD23 2021-04-12 08_12_36\In\d79f8833-e8ee-4fc4-bb46-4710b3db6738\CLTBUILD23&gt;if not defined TestLocation (set TestLocation=. ) &#xD;
&#xD;
C:\Agt6\_work\_temp\TestResults\c2kbuild_CLTBUILD23 2021-04-12 08_12_36\In\d79f8833-e8ee-4fc4-bb46-4710b3db6738\CLTBUILD23&gt;set CollectionFileName=c:\agt6\_work\6\a\api\environment\regapiautomation\testdata\codexceptions\prereq-21_22\..\..\..\..\..\PreReq\PreReq-EnrollStudent.postman_collection.json &#xD;
&#xD;
C:\Agt6\_work\_temp\TestResults\c2kbuild_CLTBUILD23 2021-04-12 08_12_36\In\d79f8833-e8ee-4fc4-bb46-4710b3db6738\CLTBUILD23&gt;set DataFileName=c:\agt6\_work\6\a\api\environment\regapiautomation\testdata\codexceptions\prereq-21_22\PreReq-COD-Exceptions@HP-Resolve-Award-BN-21_22-EnrollStudent.data.csv &#xD;
&#xD;
C:\Agt6\_work\_temp\TestResults\c2kbuild_CLTBUILD23 2021-04-12 08_12_36\In\d79f8833-e8ee-4fc4-bb46-4710b3db6738\CLTBUILD23&gt;set EnvironmentFilePath=c:\agt6\_work\6\a\api\environment\regapiautomation\testdata\codexceptions\prereq-21_22\..\..\..\RegApiAutoEnvironment.postman_environment.json &#xD;
&#xD;
C:\Agt6\_work\_temp\TestResults\c2kbuild_CLTBUILD23 2021-04-12 08_12_36\In\d79f8833-e8ee-4fc4-bb46-4710b3db6738\CLTBUILD23&gt;set HtmlResultsFile=PreReq-COD-Exceptions@HP-Resolve-Award-BN-21_22-EnrollStudent_Html.html &#xD;
&#xD;
C:\Agt6\_work\_temp\TestResults\c2kbuild_CLTBUILD23 2021-04-12 08_12_36\In\d79f8833-e8ee-4fc4-bb46-4710b3db6738\CLTBUILD23&gt;set JunitResultsFile=PreReq-COD-Exceptions@HP-Resolve-Award-BN-21_22-EnrollStudent_Junit.xml &#xD;
&#xD;
C:\Agt6\_work\_temp\TestResults\c2kbuild_CLTBUILD23 2021-04-12 08_12_36\In\d79f8833-e8ee-4fc4-bb46-4710b3db6738\CLTBUILD23&gt;newman run "c:\agt6\_work\6\a\api\environment\regapiautomation\testdata\codexceptions\prereq-21_22\..\..\..\..\..\PreReq\PreReq-EnrollStudent.postman_collection.json" -k -d "c:\agt6\_work\6\a\api\environment\regapiautomation\testdata\codexceptions\prereq-21_22\PreReq-COD-Exceptions@HP-Resolve-Award-BN-21_22-EnrollStudent.data.csv" -e "c:\agt6\_work\6\a\api\environment\regapiautomation\testdata\codexceptions\prereq-21_22\..\..\..\RegApiAutoEnvironment.postman_environment.json" -r junit,html --reporter-html-export "PreReq-COD-Exceptions@HP-Resolve-Award-BN-21_22-EnrollStudent_Html.html" --reporter-junit-export "PreReq-COD-Exceptions@HP-Resolve-Award-BN-21_22-EnrollStudent_Junit.xml"</StdOut>
          </Output>
          <ResultFiles>
            <ResultFile path="CLTBUILD23\PreReq-COD-Exceptions@HP-Resolve-Award-BN-21_22-EnrollStudent_Html.html" />
            <ResultFile path="CLTBUILD23\PreReq-COD-Exceptions@HP-Resolve-Award-BN-21_22-EnrollStudent_Junit.xml" />
          </ResultFiles>
        </UnitTestResult>
        <UnitTestResult executionId="20f3503c-b6e5-4248-a418-2105302fb484" parentExecutionId="ac0cbf78-2e81-457a-b65b-fdc11e34bc33" testId="c94ddd41-e29e-4551-9b89-f5ad63ea50ff" testName="4- prereq-cod-exceptions@hp-resolve-award-bn-21_22-updatebudgetforacademicyearforpackaging-generictest (OT-05A-CODExceptions-Resolve-21_22)" computerName="CLTBUILD23" duration="00:00:08.7818653" startTime="2021-04-12T08:38:16.2047527-04:00" endTime="2021-04-12T08:38:24.9951249-04:00" testType="13cdc9d9-ddb5-4fa4-a97d-d965ccfc6d4b" outcome="Passed" testListId="8c84fa94-04c1-424b-9868-57a2d4851a1d" relativeResultsDirectory="20f3503c-b6e5-4248-a418-2105302fb484">
          <Output>
            <StdOut>C:\Agt6\_work\_temp\TestResults\c2kbuild_CLTBUILD23 2021-04-12 08_12_36\In\20f3503c-b6e5-4248-a418-2105302fb484\CLTBUILD23&gt;if not defined TestLocation (set TestLocation=. ) &#xD;
&#xD;
C:\Agt6\_work\_temp\TestResults\c2kbuild_CLTBUILD23 2021-04-12 08_12_36\In\20f3503c-b6e5-4248-a418-2105302fb484\CLTBUILD23&gt;set CollectionFileName=c:\agt6\_work\6\a\api\environment\regapiautomation\testdata\codexceptions\prereq-21_22\..\..\..\..\..\PreReq\PreReq-UpdateBudgetForAcademicYearForPackaging.postman_collection.json &#xD;
&#xD;
C:\Agt6\_work\_temp\TestResults\c2kbuild_CLTBUILD23 2021-04-12 08_12_36\In\20f3503c-b6e5-4248-a418-2105302fb484\CLTBUILD23&gt;set DataFileName=c:\agt6\_work\6\a\api\environment\regapiautomation\testdata\codexceptions\prereq-21_22\PreReq-COD-Exceptions@HP-Resolve-Award-BN-21_22-UpdateBudgetForAcademicYearForPackaging.data.csv &#xD;
&#xD;
C:\Agt6\_work\_temp\TestResults\c2kbuild_CLTBUILD23 2021-04-12 08_12_36\In\20f3503c-b6e5-4248-a418-2105302fb484\CLTBUILD23&gt;set EnvironmentFilePath=c:\agt6\_work\6\a\api\environment\regapiautomation\testdata\codexceptions\prereq-21_22\..\..\..\RegApiAutoEnvironment.postman_environment.json &#xD;
&#xD;
C:\Agt6\_work\_temp\TestResults\c2kbuild_CLTBUILD23 2021-04-12 08_12_36\In\20f3503c-b6e5-4248-a418-2105302fb484\CLTBUILD23&gt;set HtmlResultsFile=PreReq-COD-Exceptions@HP-Resolve-Award-BN-21_22-UpdateBudgetForAcademicYearForPackaging_Html.html &#xD;
&#xD;
C:\Agt6\_work\_temp\TestResults\c2kbuild_CLTBUILD23 2021-04-12 08_12_36\In\20f3503c-b6e5-4248-a418-2105302fb484\CLTBUILD23&gt;set JunitResultsFile=PreReq-COD-Exceptions@HP-Resolve-Award-BN-21_22-UpdateBudgetForAcademicYearForPackaging_Junit.xml &#xD;
&#xD;
C:\Agt6\_work\_temp\TestResults\c2kbuild_CLTBUILD23 2021-04-12 08_12_36\In\20f3503c-b6e5-4248-a418-2105302fb484\CLTBUILD23&gt;newman run "c:\agt6\_work\6\a\api\environment\regapiautomation\testdata\codexceptions\prereq-21_22\..\..\..\..\..\PreReq\PreReq-UpdateBudgetForAcademicYearForPackaging.postman_collection.json" -k -d "c:\agt6\_work\6\a\api\environment\regapiautomation\testdata\codexceptions\prereq-21_22\PreReq-COD-Exceptions@HP-Resolve-Award-BN-21_22-UpdateBudgetForAcademicYearForPackaging.data.csv" -e "c:\agt6\_work\6\a\api\environment\regapiautomation\testdata\codexceptions\prereq-21_22\..\..\..\RegApiAutoEnvironment.postman_environment.json" -r junit,html --reporter-html-export "PreReq-COD-Exceptions@HP-Resolve-Award-BN-21_22-UpdateBudgetForAcademicYearForPackaging_Html.html" --reporter-junit-export "PreReq-COD-Exceptions@HP-Resolve-Award-BN-21_22-UpdateBudgetForAcademicYearForPackaging_Junit.xml"</StdOut>
          </Output>
          <ResultFiles>
            <ResultFile path="CLTBUILD23\PreReq-COD-Exceptions@HP-Resolve-Award-BN-21_22-UpdateBudgetForAcademicYearForPackaging_Html.html" />
            <ResultFile path="CLTBUILD23\PreReq-COD-Exceptions@HP-Resolve-Award-BN-21_22-UpdateBudgetForAcademicYearForPackaging_Junit.xml" />
          </ResultFiles>
        </UnitTestResult>
        <UnitTestResult executionId="e01b0caa-87a3-4bd3-b060-1d359220764c" parentExecutionId="ac0cbf78-2e81-457a-b65b-fdc11e34bc33" testId="079e1f06-06c6-4170-866f-3945f425a914" testName="5- prereq-cod-exceptions@hp-resolve-award-bn-21_22-codimport-generictest (OT-05A-CODExceptions-Resolve-21_22)" computerName="CLTBUILD23" duration="00:00:11.5400943" startTime="2021-04-12T08:38:24.9951249-04:00" endTime="2021-04-12T08:38:36.5403406-04:00" testType="13cdc9d9-ddb5-4fa4-a97d-d965ccfc6d4b" outcome="Passed" testListId="8c84fa94-04c1-424b-9868-57a2d4851a1d" relativeResultsDirectory="e01b0caa-87a3-4bd3-b060-1d359220764c">
          <Output>
            <StdOut>C:\Agt6\_work\_temp\TestResults\c2kbuild_CLTBUILD23 2021-04-12 08_12_36\In\e01b0caa-87a3-4bd3-b060-1d359220764c\CLTBUILD23&gt;if not defined TestLocation (set TestLocation=. ) &#xD;
&#xD;
C:\Agt6\_work\_temp\TestResults\c2kbuild_CLTBUILD23 2021-04-12 08_12_36\In\e01b0caa-87a3-4bd3-b060-1d359220764c\CLTBUILD23&gt;set CollectionFileName=c:\agt6\_work\6\a\api\environment\regapiautomation\testdata\codexceptions\prereq-21_22\..\..\..\..\..\PreReq\PreReq-CODImport.postman_collection.json &#xD;
&#xD;
C:\Agt6\_work\_temp\TestResults\c2kbuild_CLTBUILD23 2021-04-12 08_12_36\In\e01b0caa-87a3-4bd3-b060-1d359220764c\CLTBUILD23&gt;set DataFileName=c:\agt6\_work\6\a\api\environment\regapiautomation\testdata\codexceptions\prereq-21_22\PreReq-COD-Exceptions@HP-Resolve-Award-BN-21_22-CODImport.data.json &#xD;
&#xD;
C:\Agt6\_work\_temp\TestResults\c2kbuild_CLTBUILD23 2021-04-12 08_12_36\In\e01b0caa-87a3-4bd3-b060-1d359220764c\CLTBUILD23&gt;set EnvironmentFilePath=c:\agt6\_work\6\a\api\environment\regapiautomation\testdata\codexceptions\prereq-21_22\..\..\..\RegApiAutoEnvironment.postman_environment.json &#xD;
&#xD;
C:\Agt6\_work\_temp\TestResults\c2kbuild_CLTBUILD23 2021-04-12 08_12_36\In\e01b0caa-87a3-4bd3-b060-1d359220764c\CLTBUILD23&gt;set HtmlResultsFile=PreReq-COD-Exceptions@HP-Resolve-Award-BN-21_22-CODImport_Html.html &#xD;
&#xD;
C:\Agt6\_work\_temp\TestResults\c2kbuild_CLTBUILD23 2021-04-12 08_12_36\In\e01b0caa-87a3-4bd3-b060-1d359220764c\CLTBUILD23&gt;set JunitResultsFile=PreReq-COD-Exceptions@HP-Resolve-Award-BN-21_22-CODImport_Junit.xml &#xD;
&#xD;
C:\Agt6\_work\_temp\TestResults\c2kbuild_CLTBUILD23 2021-04-12 08_12_36\In\e01b0caa-87a3-4bd3-b060-1d359220764c\CLTBUILD23&gt;newman run "c:\agt6\_work\6\a\api\environment\regapiautomation\testdata\codexceptions\prereq-21_22\..\..\..\..\..\PreReq\PreReq-CODImport.postman_collection.json" -k -d "c:\agt6\_work\6\a\api\environment\regapiautomation\testdata\codexceptions\prereq-21_22\PreReq-COD-Exceptions@HP-Resolve-Award-BN-21_22-CODImport.data.json" -e "c:\agt6\_work\6\a\api\environment\regapiautomation\testdata\codexceptions\prereq-21_22\..\..\..\RegApiAutoEnvironment.postman_environment.json" -r junit,html --reporter-html-export "PreReq-COD-Exceptions@HP-Resolve-Award-BN-21_22-CODImport_Html.html" --reporter-junit-export "PreReq-COD-Exceptions@HP-Resolve-Award-BN-21_22-CODImport_Junit.xml"</StdOut>
          </Output>
          <ResultFiles>
            <ResultFile path="CLTBUILD23\PreReq-COD-Exceptions@HP-Resolve-Award-BN-21_22-CODImport_Html.html" />
            <ResultFile path="CLTBUILD23\PreReq-COD-Exceptions@HP-Resolve-Award-BN-21_22-CODImport_Junit.xml" />
          </ResultFiles>
        </UnitTestResult>
        <UnitTestResult executionId="6bad03c6-6d34-4a1d-a0e3-573011fdeaee" parentExecutionId="ac0cbf78-2e81-457a-b65b-fdc11e34bc33" testId="d76b35fd-cc5a-4266-a416-2e375d280f76" testName="6- codexceptions@hp-resolve-award-bn-first-21_22-generictest (OT-05A-CODExceptions-Resolve-21_22)" computerName="CLTBUILD23" duration="00:00:08.0329945" startTime="2021-04-12T08:38:36.5413411-04:00" endTime="2021-04-12T08:38:44.5811399-04:00" testType="13cdc9d9-ddb5-4fa4-a97d-d965ccfc6d4b" outcome="Passed" testListId="8c84fa94-04c1-424b-9868-57a2d4851a1d" relativeResultsDirectory="6bad03c6-6d34-4a1d-a0e3-573011fdeaee">
          <Output>
            <StdOut>C:\Agt6\_work\_temp\TestResults\c2kbuild_CLTBUILD23 2021-04-12 08_12_36\In\6bad03c6-6d34-4a1d-a0e3-573011fdeaee\CLTBUILD23&gt;if not defined TestLocation (set TestLocation=. ) &#xD;
&#xD;
C:\Agt6\_work\_temp\TestResults\c2kbuild_CLTBUILD23 2021-04-12 08_12_36\In\6bad03c6-6d34-4a1d-a0e3-573011fdeaee\CLTBUILD23&gt;set CollectionFileName=c:\agt6\_work\6\a\api\environment\regapiautomation\testdata\codexceptions\..\..\..\..\Tests\CODExceptions\COD-Exceptions@HP-Resolve-Award-BN.postman_collection.json &#xD;
&#xD;
C:\Agt6\_work\_temp\TestResults\c2kbuild_CLTBUILD23 2021-04-12 08_12_36\In\6bad03c6-6d34-4a1d-a0e3-573011fdeaee\CLTBUILD23&gt;set DataFileName=c:\agt6\_work\6\a\api\environment\regapiautomation\testdata\codexceptions\CODExceptions@HP-Resolve-Award-BN-first-21_22.data.json &#xD;
&#xD;
C:\Agt6\_work\_temp\TestResults\c2kbuild_CLTBUILD23 2021-04-12 08_12_36\In\6bad03c6-6d34-4a1d-a0e3-573011fdeaee\CLTBUILD23&gt;set EnvironmentFilePath=c:\agt6\_work\6\a\api\environment\regapiautomation\testdata\codexceptions\..\..\RegApiAutoEnvironment.postman_environment.json &#xD;
&#xD;
C:\Agt6\_work\_temp\TestResults\c2kbuild_CLTBUILD23 2021-04-12 08_12_36\In\6bad03c6-6d34-4a1d-a0e3-573011fdeaee\CLTBUILD23&gt;set HtmlResultsFile=CODExceptions@HP-Resolve-Award-BN-first-21_22-Html.html &#xD;
&#xD;
C:\Agt6\_work\_temp\TestResults\c2kbuild_CLTBUILD23 2021-04-12 08_12_36\In\6bad03c6-6d34-4a1d-a0e3-573011fdeaee\CLTBUILD23&gt;set JunitResultsFile=CODExceptions@HP-Resolve-Award-BN-first-21_22-Junit.xml &#xD;
&#xD;
C:\Agt6\_work\_temp\TestResults\c2kbuild_CLTBUILD23 2021-04-12 08_12_36\In\6bad03c6-6d34-4a1d-a0e3-573011fdeaee\CLTBUILD23&gt;newman run "c:\agt6\_work\6\a\api\environment\regapiautomation\testdata\codexceptions\..\..\..\..\Tests\CODExceptions\COD-Exceptions@HP-Resolve-Award-BN.postman_collection.json" -k -d "c:\agt6\_work\6\a\api\environment\regapiautomation\testdata\codexceptions\CODExceptions@HP-Resolve-Award-BN-first-21_22.data.json" -e "c:\agt6\_work\6\a\api\environment\regapiautomation\testdata\codexceptions\..\..\RegApiAutoEnvironment.postman_environment.json" -r junit,html --reporter-html-export "CODExceptions@HP-Resolve-Award-BN-first-21_22-Html.html" --reporter-junit-export "CODExceptions@HP-Resolve-Award-BN-first-21_22-Junit.xml"</StdOut>
          </Output>
          <ResultFiles>
            <ResultFile path="CLTBUILD23\CODExceptions@HP-Resolve-Award-BN-first-21_22-Html.html" />
            <ResultFile path="CLTBUILD23\CODExceptions@HP-Resolve-Award-BN-first-21_22-Junit.xml" />
          </ResultFiles>
        </UnitTestResult>
        <UnitTestResult executionId="b404ec47-1882-4d24-9df5-8df9ab5cdda7" parentExecutionId="ac0cbf78-2e81-457a-b65b-fdc11e34bc33" testId="1f38c856-c574-465c-b9a0-d18316761b8f" testName="7- prereq-cod-exceptions@hp-resolve-award-bn-21_22-awardloanforpackaging-generictest (OT-05A-CODExceptions-Resolve-21_22)" computerName="CLTBUILD23" duration="00:00:15.9430165" startTime="2021-04-12T08:38:44.5811399-04:00" endTime="2021-04-12T08:39:00.5323898-04:00" testType="13cdc9d9-ddb5-4fa4-a97d-d965ccfc6d4b" outcome="Passed" testListId="8c84fa94-04c1-424b-9868-57a2d4851a1d" relativeResultsDirectory="b404ec47-1882-4d24-9df5-8df9ab5cdda7">
          <Output>
            <StdOut>C:\Agt6\_work\_temp\TestResults\c2kbuild_CLTBUILD23 2021-04-12 08_12_36\In\b404ec47-1882-4d24-9df5-8df9ab5cdda7\CLTBUILD23&gt;if not defined TestLocation (set TestLocation=. ) &#xD;
&#xD;
C:\Agt6\_work\_temp\TestResults\c2kbuild_CLTBUILD23 2021-04-12 08_12_36\In\b404ec47-1882-4d24-9df5-8df9ab5cdda7\CLTBUILD23&gt;set CollectionFileName=c:\agt6\_work\6\a\api\environment\regapiautomation\testdata\codexceptions\prereq-21_22\..\..\..\..\..\\PreReq\PreReq-AwardLoanForPackaging.postman_collection.json &#xD;
&#xD;
C:\Agt6\_work\_temp\TestResults\c2kbuild_CLTBUILD23 2021-04-12 08_12_36\In\b404ec47-1882-4d24-9df5-8df9ab5cdda7\CLTBUILD23&gt;set DataFileName=c:\agt6\_work\6\a\api\environment\regapiautomation\testdata\codexceptions\prereq-21_22\PreReq-COD-Exceptions@HP-Resolve-Award-BN-21_22-AwardLoanForPackaging.data.csv &#xD;
&#xD;
C:\Agt6\_work\_temp\TestResults\c2kbuild_CLTBUILD23 2021-04-12 08_12_36\In\b404ec47-1882-4d24-9df5-8df9ab5cdda7\CLTBUILD23&gt;set EnvironmentFilePath=c:\agt6\_work\6\a\api\environment\regapiautomation\testdata\codexceptions\prereq-21_22\..\..\..\RegApiAutoEnvironment.postman_environment.json &#xD;
&#xD;
C:\Agt6\_work\_temp\TestResults\c2kbuild_CLTBUILD23 2021-04-12 08_12_36\In\b404ec47-1882-4d24-9df5-8df9ab5cdda7\CLTBUILD23&gt;set HtmlResultsFile=PreReq-COD-Exceptions@HP-Resolve-Award-BN-21_22-AwardLoanForPackaging_Html.html &#xD;
&#xD;
C:\Agt6\_work\_temp\TestResults\c2kbuild_CLTBUILD23 2021-04-12 08_12_36\In\b404ec47-1882-4d24-9df5-8df9ab5cdda7\CLTBUILD23&gt;set JunitResultsFile=PreReq-COD-Exceptions@HP-Resolve-Award-BN-21_22-AwardLoanForPackaging_Junit.xml &#xD;
&#xD;
C:\Agt6\_work\_temp\TestResults\c2kbuild_CLTBUILD23 2021-04-12 08_12_36\In\b404ec47-1882-4d24-9df5-8df9ab5cdda7\CLTBUILD23&gt;newman run "c:\agt6\_work\6\a\api\environment\regapiautomation\testdata\codexceptions\prereq-21_22\..\..\..\..\..\\PreReq\PreReq-AwardLoanForPackaging.postman_collection.json" -k -d "c:\agt6\_work\6\a\api\environment\regapiautomation\testdata\codexceptions\prereq-21_22\PreReq-COD-Exceptions@HP-Resolve-Award-BN-21_22-AwardLoanForPackaging.data.csv" -e "c:\agt6\_work\6\a\api\environment\regapiautomation\testdata\codexceptions\prereq-21_22\..\..\..\RegApiAutoEnvironment.postman_environment.json" -r junit,html --reporter-html-export "PreReq-COD-Exceptions@HP-Resolve-Award-BN-21_22-AwardLoanForPackaging_Html.html" --reporter-junit-export "PreReq-COD-Exceptions@HP-Resolve-Award-BN-21_22-AwardLoanForPackaging_Junit.xml"</StdOut>
          </Output>
          <ResultFiles>
            <ResultFile path="CLTBUILD23\PreReq-COD-Exceptions@HP-Resolve-Award-BN-21_22-AwardLoanForPackaging_Html.html" />
            <ResultFile path="CLTBUILD23\PreReq-COD-Exceptions@HP-Resolve-Award-BN-21_22-AwardLoanForPackaging_Junit.xml" />
          </ResultFiles>
        </UnitTestResult>
        <UnitTestResult executionId="3fedf163-d8c3-4eb7-bb59-b3141ea31f2d" parentExecutionId="ac0cbf78-2e81-457a-b65b-fdc11e34bc33" testId="2b551c37-c223-4e21-87ba-3ce7e9d16af5" testName="8- codexceptions@hp-resolve-award-bn-second-21_22-generictest (OT-05A-CODExceptions-Resolve-21_22)" computerName="CLTBUILD23" duration="00:00:07.5822624" startTime="2021-04-12T08:39:00.5333899-04:00" endTime="2021-04-12T08:39:08.1207579-04:00" testType="13cdc9d9-ddb5-4fa4-a97d-d965ccfc6d4b" outcome="Passed" testListId="8c84fa94-04c1-424b-9868-57a2d4851a1d" relativeResultsDirectory="3fedf163-d8c3-4eb7-bb59-b3141ea31f2d">
          <Output>
            <StdOut>C:\Agt6\_work\_temp\TestResults\c2kbuild_CLTBUILD23 2021-04-12 08_12_36\In\3fedf163-d8c3-4eb7-bb59-b3141ea31f2d\CLTBUILD23&gt;if not defined TestLocation (set TestLocation=. ) &#xD;
&#xD;
C:\Agt6\_work\_temp\TestResults\c2kbuild_CLTBUILD23 2021-04-12 08_12_36\In\3fedf163-d8c3-4eb7-bb59-b3141ea31f2d\CLTBUILD23&gt;set CollectionFileName=c:\agt6\_work\6\a\api\environment\regapiautomation\testdata\codexceptions\..\..\..\..\Tests\CODExceptions\COD-Exceptions@HP-Resolve-Award-BN.postman_collection.json &#xD;
&#xD;
C:\Agt6\_work\_temp\TestResults\c2kbuild_CLTBUILD23 2021-04-12 08_12_36\In\3fedf163-d8c3-4eb7-bb59-b3141ea31f2d\CLTBUILD23&gt;set DataFileName=c:\agt6\_work\6\a\api\environment\regapiautomation\testdata\codexceptions\CODExceptions@HP-Resolve-Award-BN-second-21_22.data.json &#xD;
&#xD;
C:\Agt6\_work\_temp\TestResults\c2kbuild_CLTBUILD23 2021-04-12 08_12_36\In\3fedf163-d8c3-4eb7-bb59-b3141ea31f2d\CLTBUILD23&gt;set EnvironmentFilePath=c:\agt6\_work\6\a\api\environment\regapiautomation\testdata\codexceptions\..\..\RegApiAutoEnvironment.postman_environment.json &#xD;
&#xD;
C:\Agt6\_work\_temp\TestResults\c2kbuild_CLTBUILD23 2021-04-12 08_12_36\In\3fedf163-d8c3-4eb7-bb59-b3141ea31f2d\CLTBUILD23&gt;set HtmlResultsFile=CODExceptions@HP-Resolve-Award-BN-second-21_22-Html.html &#xD;
&#xD;
C:\Agt6\_work\_temp\TestResults\c2kbuild_CLTBUILD23 2021-04-12 08_12_36\In\3fedf163-d8c3-4eb7-bb59-b3141ea31f2d\CLTBUILD23&gt;set JunitResultsFile=CODExceptions@HP-Resolve-Award-BN-second-21_22-Junit.xml &#xD;
&#xD;
C:\Agt6\_work\_temp\TestResults\c2kbuild_CLTBUILD23 2021-04-12 08_12_36\In\3fedf163-d8c3-4eb7-bb59-b3141ea31f2d\CLTBUILD23&gt;newman run "c:\agt6\_work\6\a\api\environment\regapiautomation\testdata\codexceptions\..\..\..\..\Tests\CODExceptions\COD-Exceptions@HP-Resolve-Award-BN.postman_collection.json" -k -d "c:\agt6\_work\6\a\api\environment\regapiautomation\testdata\codexceptions\CODExceptions@HP-Resolve-Award-BN-second-21_22.data.json" -e "c:\agt6\_work\6\a\api\environment\regapiautomation\testdata\codexceptions\..\..\RegApiAutoEnvironment.postman_environment.json" -r junit,html --reporter-html-export "CODExceptions@HP-Resolve-Award-BN-second-21_22-Html.html" --reporter-junit-export "CODExceptions@HP-Resolve-Award-BN-second-21_22-Junit.xml"</StdOut>
          </Output>
          <ResultFiles>
            <ResultFile path="CLTBUILD23\CODExceptions@HP-Resolve-Award-BN-second-21_22-Html.html" />
            <ResultFile path="CLTBUILD23\CODExceptions@HP-Resolve-Award-BN-second-21_22-Junit.xml" />
          </ResultFiles>
        </UnitTestResult>
      </InnerResults>
    </TestResultAggregation>
    <TestResultAggregation executionId="6ee7da16-d39c-4948-b9eb-4981a8ea6714" testId="50b87d5c-3685-4a1c-b30e-f04edc86018d" testName="OT-06D-FISAP-NoClasses-19_20" computerName="CLTBUILD23" duration="00:01:08.4383745" startTime="2021-04-12T08:46:04.7180951-04:00" endTime="2021-04-12T08:47:13.1585547-04:00" testType="ec4800e8-40e5-4ab3-8510-b8bf29b1904d" outcome="Passed" testListId="8c84fa94-04c1-424b-9868-57a2d4851a1d" relativeResultsDirectory="6ee7da16-d39c-4948-b9eb-4981a8ea6714">
      <InnerResults>
        <UnitTestResult executionId="13e7fdcf-b7a0-4336-b022-30c4821436d3" parentExecutionId="6ee7da16-d39c-4948-b9eb-4981a8ea6714" testId="8d69d740-51eb-4496-b261-8ee0ef835425" testName="1- prereq-fisap-datacorrection@noclasses-19_20-createstudent-generictest (OT-06D-FISAP-NoClasses-19_20)" computerName="CLTBUILD23" duration="00:00:08.3146496" startTime="2021-04-12T08:46:04.7240988-04:00" endTime="2021-04-12T08:46:13.0440945-04:00" testType="13cdc9d9-ddb5-4fa4-a97d-d965ccfc6d4b" outcome="Passed" testListId="8c84fa94-04c1-424b-9868-57a2d4851a1d" relativeResultsDirectory="13e7fdcf-b7a0-4336-b022-30c4821436d3">
          <Output>
            <StdOut>C:\Agt6\_work\_temp\TestResults\c2kbuild_CLTBUILD23 2021-04-12 08_12_36\In\13e7fdcf-b7a0-4336-b022-30c4821436d3\CLTBUILD23&gt;if not defined TestLocation (set TestLocation=. ) &#xD;
&#xD;
C:\Agt6\_work\_temp\TestResults\c2kbuild_CLTBUILD23 2021-04-12 08_12_36\In\13e7fdcf-b7a0-4336-b022-30c4821436d3\CLTBUILD23&gt;set CollectionFileName=c:\agt6\_work\6\a\api\environment\regapiautomation\testdata\fisap-datacorrection\prereq-noclasses-19_20\..\..\..\..\..\PreReq\PreReq-CreateStudent.postman_collection.json &#xD;
&#xD;
C:\Agt6\_work\_temp\TestResults\c2kbuild_CLTBUILD23 2021-04-12 08_12_36\In\13e7fdcf-b7a0-4336-b022-30c4821436d3\CLTBUILD23&gt;set DataFileName=c:\agt6\_work\6\a\api\environment\regapiautomation\testdata\fisap-datacorrection\prereq-noclasses-19_20\PreReq-FISAP-DataCorrection@NoClasses-19_20-CreateStudent.data.csv &#xD;
&#xD;
C:\Agt6\_work\_temp\TestResults\c2kbuild_CLTBUILD23 2021-04-12 08_12_36\In\13e7fdcf-b7a0-4336-b022-30c4821436d3\CLTBUILD23&gt;set EnvironmentFilePath=c:\agt6\_work\6\a\api\environment\regapiautomation\testdata\fisap-datacorrection\prereq-noclasses-19_20\..\..\..\RegApiAutoEnvironment.postman_environment.json &#xD;
&#xD;
C:\Agt6\_work\_temp\TestResults\c2kbuild_CLTBUILD23 2021-04-12 08_12_36\In\13e7fdcf-b7a0-4336-b022-30c4821436d3\CLTBUILD23&gt;set HtmlResultsFile=PreReq-CreateStudent_Html.html &#xD;
&#xD;
C:\Agt6\_work\_temp\TestResults\c2kbuild_CLTBUILD23 2021-04-12 08_12_36\In\13e7fdcf-b7a0-4336-b022-30c4821436d3\CLTBUILD23&gt;set JunitResultsFile=PreReq-CreateStudent_Junit.xml &#xD;
&#xD;
C:\Agt6\_work\_temp\TestResults\c2kbuild_CLTBUILD23 2021-04-12 08_12_36\In\13e7fdcf-b7a0-4336-b022-30c4821436d3\CLTBUILD23&gt;newman run "c:\agt6\_work\6\a\api\environment\regapiautomation\testdata\fisap-datacorrection\prereq-noclasses-19_20\..\..\..\..\..\PreReq\PreReq-CreateStudent.postman_collection.json" -k -d "c:\agt6\_work\6\a\api\environment\regapiautomation\testdata\fisap-datacorrection\prereq-noclasses-19_20\PreReq-FISAP-DataCorrection@NoClasses-19_20-CreateStudent.data.csv" -e "c:\agt6\_work\6\a\api\environment\regapiautomation\testdata\fisap-datacorrection\prereq-noclasses-19_20\..\..\..\RegApiAutoEnvironment.postman_environment.json" -r junit,html --reporter-html-export "PreReq-CreateStudent_Html.html" --reporter-junit-export "PreReq-CreateStudent_Junit.xml"</StdOut>
          </Output>
          <ResultFiles>
            <ResultFile path="CLTBUILD23\PreReq-CreateStudent_Html.html" />
            <ResultFile path="CLTBUILD23\PreReq-CreateStudent_Junit.xml" />
          </ResultFiles>
        </UnitTestResult>
        <UnitTestResult executionId="89a980a8-9961-4db5-8af0-16fd48406f8c" parentExecutionId="6ee7da16-d39c-4948-b9eb-4981a8ea6714" testId="aa498f7a-d1c6-4d83-b471-72dfa04e605d" testName="2- prereq-fisap-datacorrection@noclasses-19_20-importisir-generictest (OT-06D-FISAP-NoClasses-19_20)" computerName="CLTBUILD23" duration="00:00:08.1442637" startTime="2021-04-12T08:46:13.0450938-04:00" endTime="2021-04-12T08:46:21.1940790-04:00" testType="13cdc9d9-ddb5-4fa4-a97d-d965ccfc6d4b" outcome="Passed" testListId="8c84fa94-04c1-424b-9868-57a2d4851a1d" relativeResultsDirectory="89a980a8-9961-4db5-8af0-16fd48406f8c">
          <Output>
            <StdOut>C:\Agt6\_work\_temp\TestResults\c2kbuild_CLTBUILD23 2021-04-12 08_12_36\In\89a980a8-9961-4db5-8af0-16fd48406f8c\CLTBUILD23&gt;if not defined TestLocation (set TestLocation=. ) &#xD;
&#xD;
C:\Agt6\_work\_temp\TestResults\c2kbuild_CLTBUILD23 2021-04-12 08_12_36\In\89a980a8-9961-4db5-8af0-16fd48406f8c\CLTBUILD23&gt;set CollectionFileName=c:\agt6\_work\6\a\api\environment\regapiautomation\testdata\fisap-datacorrection\prereq-noclasses-19_20\..\..\..\..\..\PreReq\PreReq-ImportIsir.postman_collection.json &#xD;
&#xD;
C:\Agt6\_work\_temp\TestResults\c2kbuild_CLTBUILD23 2021-04-12 08_12_36\In\89a980a8-9961-4db5-8af0-16fd48406f8c\CLTBUILD23&gt;set DataFileName=c:\agt6\_work\6\a\api\environment\regapiautomation\testdata\fisap-datacorrection\prereq-noclasses-19_20\PreReq-FISAP-DataCorrection@NoClasses-19_20-ImportIsir.data.json &#xD;
&#xD;
C:\Agt6\_work\_temp\TestResults\c2kbuild_CLTBUILD23 2021-04-12 08_12_36\In\89a980a8-9961-4db5-8af0-16fd48406f8c\CLTBUILD23&gt;set EnvironmentFilePath=c:\agt6\_work\6\a\api\environment\regapiautomation\testdata\fisap-datacorrection\prereq-noclasses-19_20\..\..\..\RegApiAutoEnvironment.postman_environment.json &#xD;
&#xD;
C:\Agt6\_work\_temp\TestResults\c2kbuild_CLTBUILD23 2021-04-12 08_12_36\In\89a980a8-9961-4db5-8af0-16fd48406f8c\CLTBUILD23&gt;set HtmlResultsFile=PreReq-ImportIsir_Html.html &#xD;
&#xD;
C:\Agt6\_work\_temp\TestResults\c2kbuild_CLTBUILD23 2021-04-12 08_12_36\In\89a980a8-9961-4db5-8af0-16fd48406f8c\CLTBUILD23&gt;set JunitResultsFile=PreReq-ImportIsir_Junit.xml &#xD;
&#xD;
C:\Agt6\_work\_temp\TestResults\c2kbuild_CLTBUILD23 2021-04-12 08_12_36\In\89a980a8-9961-4db5-8af0-16fd48406f8c\CLTBUILD23&gt;newman run "c:\agt6\_work\6\a\api\environment\regapiautomation\testdata\fisap-datacorrection\prereq-noclasses-19_20\..\..\..\..\..\PreReq\PreReq-ImportIsir.postman_collection.json" -k -d "c:\agt6\_work\6\a\api\environment\regapiautomation\testdata\fisap-datacorrection\prereq-noclasses-19_20\PreReq-FISAP-DataCorrection@NoClasses-19_20-ImportIsir.data.json" -e "c:\agt6\_work\6\a\api\environment\regapiautomation\testdata\fisap-datacorrection\prereq-noclasses-19_20\..\..\..\RegApiAutoEnvironment.postman_environment.json" -r junit,html --reporter-html-export "PreReq-ImportIsir_Html.html" --reporter-junit-export "PreReq-ImportIsir_Junit.xml"</StdOut>
          </Output>
          <ResultFiles>
            <ResultFile path="CLTBUILD23\PreReq-ImportIsir_Html.html" />
            <ResultFile path="CLTBUILD23\PreReq-ImportIsir_Junit.xml" />
          </ResultFiles>
        </UnitTestResult>
        <UnitTestResult executionId="3c9d3379-2012-4b8b-b0a0-2619937f5347" parentExecutionId="6ee7da16-d39c-4948-b9eb-4981a8ea6714" testId="1908f3c1-ac30-41e0-986f-127136802680" testName="3- prereq-fisap-datacorrection@noclasses-19_20-enrollstudent-generictest (OT-06D-FISAP-NoClasses-19_20)" computerName="CLTBUILD23" duration="00:00:12.5140675" startTime="2021-04-12T08:46:21.1950783-04:00" endTime="2021-04-12T08:46:33.7129961-04:00" testType="13cdc9d9-ddb5-4fa4-a97d-d965ccfc6d4b" outcome="Passed" testListId="8c84fa94-04c1-424b-9868-57a2d4851a1d" relativeResultsDirectory="3c9d3379-2012-4b8b-b0a0-2619937f5347">
          <Output>
            <StdOut>C:\Agt6\_work\_temp\TestResults\c2kbuild_CLTBUILD23 2021-04-12 08_12_36\In\3c9d3379-2012-4b8b-b0a0-2619937f5347\CLTBUILD23&gt;if not defined TestLocation (set TestLocation=. ) &#xD;
&#xD;
C:\Agt6\_work\_temp\TestResults\c2kbuild_CLTBUILD23 2021-04-12 08_12_36\In\3c9d3379-2012-4b8b-b0a0-2619937f5347\CLTBUILD23&gt;set CollectionFileName=c:\agt6\_work\6\a\api\environment\regapiautomation\testdata\fisap-datacorrection\prereq-noclasses-19_20\..\..\..\..\..\PreReq\PreReq-EnrollStudent.postman_collection.json &#xD;
&#xD;
C:\Agt6\_work\_temp\TestResults\c2kbuild_CLTBUILD23 2021-04-12 08_12_36\In\3c9d3379-2012-4b8b-b0a0-2619937f5347\CLTBUILD23&gt;set DataFileName=c:\agt6\_work\6\a\api\environment\regapiautomation\testdata\fisap-datacorrection\prereq-noclasses-19_20\PreReq-FISAP-DataCorrection@NoClasses-19_20-EnrollStudent.data.csv &#xD;
&#xD;
C:\Agt6\_work\_temp\TestResults\c2kbuild_CLTBUILD23 2021-04-12 08_12_36\In\3c9d3379-2012-4b8b-b0a0-2619937f5347\CLTBUILD23&gt;set EnvironmentFilePath=c:\agt6\_work\6\a\api\environment\regapiautomation\testdata\fisap-datacorrection\prereq-noclasses-19_20\..\..\..\RegApiAutoEnvironment.postman_environment.json &#xD;
&#xD;
C:\Agt6\_work\_temp\TestResults\c2kbuild_CLTBUILD23 2021-04-12 08_12_36\In\3c9d3379-2012-4b8b-b0a0-2619937f5347\CLTBUILD23&gt;set HtmlResultsFile=PreReq-EnrollStudent_Html.html &#xD;
&#xD;
C:\Agt6\_work\_temp\TestResults\c2kbuild_CLTBUILD23 2021-04-12 08_12_36\In\3c9d3379-2012-4b8b-b0a0-2619937f5347\CLTBUILD23&gt;set JunitResultsFile=PreReq-EnrollStudent_Junit.xml &#xD;
&#xD;
C:\Agt6\_work\_temp\TestResults\c2kbuild_CLTBUILD23 2021-04-12 08_12_36\In\3c9d3379-2012-4b8b-b0a0-2619937f5347\CLTBUILD23&gt;newman run "c:\agt6\_work\6\a\api\environment\regapiautomation\testdata\fisap-datacorrection\prereq-noclasses-19_20\..\..\..\..\..\PreReq\PreReq-EnrollStudent.postman_collection.json" -k -d "c:\agt6\_work\6\a\api\environment\regapiautomation\testdata\fisap-datacorrection\prereq-noclasses-19_20\PreReq-FISAP-DataCorrection@NoClasses-19_20-EnrollStudent.data.csv" -e "c:\agt6\_work\6\a\api\environment\regapiautomation\testdata\fisap-datacorrection\prereq-noclasses-19_20\..\..\..\RegApiAutoEnvironment.postman_environment.json" -r junit,html --reporter-html-export "PreReq-EnrollStudent_Html.html" --reporter-junit-export "PreReq-EnrollStudent_Junit.xml"</StdOut>
          </Output>
          <ResultFiles>
            <ResultFile path="CLTBUILD23\PreReq-EnrollStudent_Html.html" />
            <ResultFile path="CLTBUILD23\PreReq-EnrollStudent_Junit.xml" />
          </ResultFiles>
        </UnitTestResult>
        <UnitTestResult executionId="bece8588-b231-4d58-966f-826e4cfee4b5" parentExecutionId="6ee7da16-d39c-4948-b9eb-4981a8ea6714" testId="50a9d364-e996-4744-a630-90f09bb96893" testName="4- prereq-fisap-datacorrection@noclasses-19_20-updatebudgetforacademicyearforpackaging-generictest (OT-06D-FISAP-NoClasses-19_20)" computerName="CLTBUILD23" duration="00:00:08.6872277" startTime="2021-04-12T08:46:33.7140007-04:00" endTime="2021-04-12T08:46:42.4029465-04:00" testType="13cdc9d9-ddb5-4fa4-a97d-d965ccfc6d4b" outcome="Passed" testListId="8c84fa94-04c1-424b-9868-57a2d4851a1d" relativeResultsDirectory="bece8588-b231-4d58-966f-826e4cfee4b5">
          <Output>
            <StdOut>C:\Agt6\_work\_temp\TestResults\c2kbuild_CLTBUILD23 2021-04-12 08_12_36\In\bece8588-b231-4d58-966f-826e4cfee4b5\CLTBUILD23&gt;if not defined TestLocation (set TestLocation=. ) &#xD;
&#xD;
C:\Agt6\_work\_temp\TestResults\c2kbuild_CLTBUILD23 2021-04-12 08_12_36\In\bece8588-b231-4d58-966f-826e4cfee4b5\CLTBUILD23&gt;set CollectionFileName=c:\agt6\_work\6\a\api\environment\regapiautomation\testdata\fisap-datacorrection\prereq-noclasses-19_20\..\..\..\..\..\PreReq\PreReq-UpdateBudgetForAcademicYearForPackaging.postman_collection.json &#xD;
&#xD;
C:\Agt6\_work\_temp\TestResults\c2kbuild_CLTBUILD23 2021-04-12 08_12_36\In\bece8588-b231-4d58-966f-826e4cfee4b5\CLTBUILD23&gt;set DataFileName=c:\agt6\_work\6\a\api\environment\regapiautomation\testdata\fisap-datacorrection\prereq-noclasses-19_20\PreReq-FISAP-DataCorrection@NoClasses-19_20-UpdateBudgetForAcademicYearForPackaging.data.csv &#xD;
&#xD;
C:\Agt6\_work\_temp\TestResults\c2kbuild_CLTBUILD23 2021-04-12 08_12_36\In\bece8588-b231-4d58-966f-826e4cfee4b5\CLTBUILD23&gt;set EnvironmentFilePath=c:\agt6\_work\6\a\api\environment\regapiautomation\testdata\fisap-datacorrection\prereq-noclasses-19_20\..\..\..\RegApiAutoEnvironment.postman_environment.json &#xD;
&#xD;
C:\Agt6\_work\_temp\TestResults\c2kbuild_CLTBUILD23 2021-04-12 08_12_36\In\bece8588-b231-4d58-966f-826e4cfee4b5\CLTBUILD23&gt;set HtmlResultsFile=PreReq-UpdateBudgetForAcademicYearForPackaging_Html.html &#xD;
&#xD;
C:\Agt6\_work\_temp\TestResults\c2kbuild_CLTBUILD23 2021-04-12 08_12_36\In\bece8588-b231-4d58-966f-826e4cfee4b5\CLTBUILD23&gt;set JunitResultsFile=PreReq-UpdateBudgetForAcademicYearForPackaging_Junit.xml &#xD;
&#xD;
C:\Agt6\_work\_temp\TestResults\c2kbuild_CLTBUILD23 2021-04-12 08_12_36\In\bece8588-b231-4d58-966f-826e4cfee4b5\CLTBUILD23&gt;newman run "c:\agt6\_work\6\a\api\environment\regapiautomation\testdata\fisap-datacorrection\prereq-noclasses-19_20\..\..\..\..\..\PreReq\PreReq-UpdateBudgetForAcademicYearForPackaging.postman_collection.json" -k -d "c:\agt6\_work\6\a\api\environment\regapiautomation\testdata\fisap-datacorrection\prereq-noclasses-19_20\PreReq-FISAP-DataCorrection@NoClasses-19_20-UpdateBudgetForAcademicYearForPackaging.data.csv" -e "c:\agt6\_work\6\a\api\environment\regapiautomation\testdata\fisap-datacorrection\prereq-noclasses-19_20\..\..\..\RegApiAutoEnvironment.postman_environment.json" -r junit,html --reporter-html-export "PreReq-UpdateBudgetForAcademicYearForPackaging_Html.html" --reporter-junit-export "PreReq-UpdateBudgetForAcademicYearForPackaging_Junit.xml"</StdOut>
          </Output>
          <ResultFiles>
            <ResultFile path="CLTBUILD23\PreReq-UpdateBudgetForAcademicYearForPackaging_Html.html" />
            <ResultFile path="CLTBUILD23\PreReq-UpdateBudgetForAcademicYearForPackaging_Junit.xml" />
          </ResultFiles>
        </UnitTestResult>
        <UnitTestResult executionId="5d3d2c2d-eba7-4485-8b1e-180a33febc58" parentExecutionId="6ee7da16-d39c-4948-b9eb-4981a8ea6714" testId="89b70e74-a2a4-48f0-b14b-5422eb7afc1c" testName="5- prereq-fisap-datacorrection@noclasses-19_20-awardgrantforpackaging-generictest (OT-06D-FISAP-NoClasses-19_20)" computerName="CLTBUILD23" duration="00:00:09.5875600" startTime="2021-04-12T08:46:42.4029465-04:00" endTime="2021-04-12T08:46:51.9918360-04:00" testType="13cdc9d9-ddb5-4fa4-a97d-d965ccfc6d4b" outcome="Passed" testListId="8c84fa94-04c1-424b-9868-57a2d4851a1d" relativeResultsDirectory="5d3d2c2d-eba7-4485-8b1e-180a33febc58">
          <Output>
            <StdOut>C:\Agt6\_work\_temp\TestResults\c2kbuild_CLTBUILD23 2021-04-12 08_12_36\In\5d3d2c2d-eba7-4485-8b1e-180a33febc58\CLTBUILD23&gt;if not defined TestLocation (set TestLocation=. ) &#xD;
&#xD;
C:\Agt6\_work\_temp\TestResults\c2kbuild_CLTBUILD23 2021-04-12 08_12_36\In\5d3d2c2d-eba7-4485-8b1e-180a33febc58\CLTBUILD23&gt;set CollectionFileName=c:\agt6\_work\6\a\api\environment\regapiautomation\testdata\fisap-datacorrection\prereq-noclasses-19_20\..\..\..\..\..\PreReq\PreReq-AwardGrantForPackaging.postman_collection.json &#xD;
&#xD;
C:\Agt6\_work\_temp\TestResults\c2kbuild_CLTBUILD23 2021-04-12 08_12_36\In\5d3d2c2d-eba7-4485-8b1e-180a33febc58\CLTBUILD23&gt;set DataFileName=c:\agt6\_work\6\a\api\environment\regapiautomation\testdata\fisap-datacorrection\prereq-noclasses-19_20\PreReq-FISAP-DataCorrection@NoClasses-19_20-AwardGrantForPackaging.data.csv &#xD;
&#xD;
C:\Agt6\_work\_temp\TestResults\c2kbuild_CLTBUILD23 2021-04-12 08_12_36\In\5d3d2c2d-eba7-4485-8b1e-180a33febc58\CLTBUILD23&gt;set EnvironmentFilePath=c:\agt6\_work\6\a\api\environment\regapiautomation\testdata\fisap-datacorrection\prereq-noclasses-19_20\..\..\..\RegApiAutoEnvironment.postman_environment.json &#xD;
&#xD;
C:\Agt6\_work\_temp\TestResults\c2kbuild_CLTBUILD23 2021-04-12 08_12_36\In\5d3d2c2d-eba7-4485-8b1e-180a33febc58\CLTBUILD23&gt;set HtmlResultsFile=PreReq-AwardGrantForPackaging_Html.html &#xD;
&#xD;
C:\Agt6\_work\_temp\TestResults\c2kbuild_CLTBUILD23 2021-04-12 08_12_36\In\5d3d2c2d-eba7-4485-8b1e-180a33febc58\CLTBUILD23&gt;set JunitResultsFile=PreReq-AwardGrantForPackaging_Junit.xml &#xD;
&#xD;
C:\Agt6\_work\_temp\TestResults\c2kbuild_CLTBUILD23 2021-04-12 08_12_36\In\5d3d2c2d-eba7-4485-8b1e-180a33febc58\CLTBUILD23&gt;newman run "c:\agt6\_work\6\a\api\environment\regapiautomation\testdata\fisap-datacorrection\prereq-noclasses-19_20\..\..\..\..\..\PreReq\PreReq-AwardGrantForPackaging.postman_collection.json" -k -d "c:\agt6\_work\6\a\api\environment\regapiautomation\testdata\fisap-datacorrection\prereq-noclasses-19_20\PreReq-FISAP-DataCorrection@NoClasses-19_20-AwardGrantForPackaging.data.csv" -e "c:\agt6\_work\6\a\api\environment\regapiautomation\testdata\fisap-datacorrection\prereq-noclasses-19_20\..\..\..\RegApiAutoEnvironment.postman_environment.json" -r junit,html --reporter-html-export "PreReq-AwardGrantForPackaging_Html.html" --reporter-junit-export "PreReq-AwardGrantForPackaging_Junit.xml"</StdOut>
          </Output>
          <ResultFiles>
            <ResultFile path="CLTBUILD23\PreReq-AwardGrantForPackaging_Html.html" />
            <ResultFile path="CLTBUILD23\PreReq-AwardGrantForPackaging_Junit.xml" />
          </ResultFiles>
        </UnitTestResult>
        <UnitTestResult executionId="bf4c224a-129a-4c7f-a005-9f49aa3ad736" parentExecutionId="6ee7da16-d39c-4948-b9eb-4981a8ea6714" testId="0fa2b87f-a0c3-4a23-aa8e-3bf72799a0c9" testName="6- prereq-fisap-datacorrection@noclasses-19_20-postpaymentledgercard-generictest (OT-06D-FISAP-NoClasses-19_20)" computerName="CLTBUILD23" duration="00:00:08.1810487" startTime="2021-04-12T08:46:51.9928348-04:00" endTime="2021-04-12T08:47:00.1747333-04:00" testType="13cdc9d9-ddb5-4fa4-a97d-d965ccfc6d4b" outcome="Passed" testListId="8c84fa94-04c1-424b-9868-57a2d4851a1d" relativeResultsDirectory="bf4c224a-129a-4c7f-a005-9f49aa3ad736">
          <Output>
            <StdOut>C:\Agt6\_work\_temp\TestResults\c2kbuild_CLTBUILD23 2021-04-12 08_12_36\In\bf4c224a-129a-4c7f-a005-9f49aa3ad736\CLTBUILD23&gt;if not defined TestLocation (set TestLocation=. ) &#xD;
&#xD;
C:\Agt6\_work\_temp\TestResults\c2kbuild_CLTBUILD23 2021-04-12 08_12_36\In\bf4c224a-129a-4c7f-a005-9f49aa3ad736\CLTBUILD23&gt;set CollectionFileName=c:\agt6\_work\6\a\api\environment\regapiautomation\testdata\fisap-datacorrection\prereq-noclasses-19_20\..\..\..\..\..\PreReq\PreReq-PostPaymentLedgerCard.postman_collection.json &#xD;
&#xD;
C:\Agt6\_work\_temp\TestResults\c2kbuild_CLTBUILD23 2021-04-12 08_12_36\In\bf4c224a-129a-4c7f-a005-9f49aa3ad736\CLTBUILD23&gt;set DataFileName=c:\agt6\_work\6\a\api\environment\regapiautomation\testdata\fisap-datacorrection\prereq-noclasses-19_20\PreReq-FISAP-DataCorrection@NoClasses-19_20-PostPaymentLedgerCard.data.json &#xD;
&#xD;
C:\Agt6\_work\_temp\TestResults\c2kbuild_CLTBUILD23 2021-04-12 08_12_36\In\bf4c224a-129a-4c7f-a005-9f49aa3ad736\CLTBUILD23&gt;set EnvironmentFilePath=c:\agt6\_work\6\a\api\environment\regapiautomation\testdata\fisap-datacorrection\prereq-noclasses-19_20\..\..\..\RegApiAutoEnvironment.postman_environment.json &#xD;
&#xD;
C:\Agt6\_work\_temp\TestResults\c2kbuild_CLTBUILD23 2021-04-12 08_12_36\In\bf4c224a-129a-4c7f-a005-9f49aa3ad736\CLTBUILD23&gt;set HtmlResultsFile=PreReq-PostPaymentLedgerCard_Html.html &#xD;
&#xD;
C:\Agt6\_work\_temp\TestResults\c2kbuild_CLTBUILD23 2021-04-12 08_12_36\In\bf4c224a-129a-4c7f-a005-9f49aa3ad736\CLTBUILD23&gt;set JunitResultsFile=PreReq-PostPaymentLdegerCard_Junit.xml &#xD;
&#xD;
C:\Agt6\_work\_temp\TestResults\c2kbuild_CLTBUILD23 2021-04-12 08_12_36\In\bf4c224a-129a-4c7f-a005-9f49aa3ad736\CLTBUILD23&gt;newman run "c:\agt6\_work\6\a\api\environment\regapiautomation\testdata\fisap-datacorrection\prereq-noclasses-19_20\..\..\..\..\..\PreReq\PreReq-PostPaymentLedgerCard.postman_collection.json" -k -d "c:\agt6\_work\6\a\api\environment\regapiautomation\testdata\fisap-datacorrection\prereq-noclasses-19_20\PreReq-FISAP-DataCorrection@NoClasses-19_20-PostPaymentLedgerCard.data.json" -e "c:\agt6\_work\6\a\api\environment\regapiautomation\testdata\fisap-datacorrection\prereq-noclasses-19_20\..\..\..\RegApiAutoEnvironment.postman_environment.json" -r junit,html --reporter-html-export "PreReq-PostPaymentLedgerCard_Html.html" --reporter-junit-export "PreReq-PostPaymentLdegerCard_Junit.xml"</StdOut>
          </Output>
          <ResultFiles>
            <ResultFile path="CLTBUILD23\PreReq-PostPaymentLdegerCard_Junit.xml" />
            <ResultFile path="CLTBUILD23\PreReq-PostPaymentLedgerCard_Html.html" />
          </ResultFiles>
        </UnitTestResult>
        <UnitTestResult executionId="60284dbc-1d7a-4735-be47-828676878e26" parentExecutionId="6ee7da16-d39c-4948-b9eb-4981a8ea6714" testId="b22eb6f6-cae0-404d-8d07-9cdddec4785a" testName="7- prereq-fisap-datacorrection@noclasses-19_20-changestudentstatus-generictest (OT-06D-FISAP-NoClasses-19_20)" computerName="CLTBUILD23" duration="00:00:06.7006692" startTime="2021-04-12T08:47:00.1747333-04:00" endTime="2021-04-12T08:47:06.8766488-04:00" testType="13cdc9d9-ddb5-4fa4-a97d-d965ccfc6d4b" outcome="Passed" testListId="8c84fa94-04c1-424b-9868-57a2d4851a1d" relativeResultsDirectory="60284dbc-1d7a-4735-be47-828676878e26">
          <Output>
            <StdOut>C:\Agt6\_work\_temp\TestResults\c2kbuild_CLTBUILD23 2021-04-12 08_12_36\In\60284dbc-1d7a-4735-be47-828676878e26\CLTBUILD23&gt;if not defined TestLocation (set TestLocation=. ) &#xD;
&#xD;
C:\Agt6\_work\_temp\TestResults\c2kbuild_CLTBUILD23 2021-04-12 08_12_36\In\60284dbc-1d7a-4735-be47-828676878e26\CLTBUILD23&gt;set CollectionFileName=c:\agt6\_work\6\a\api\environment\regapiautomation\testdata\fisap-datacorrection\prereq-noclasses-19_20\..\..\..\..\..\PreReq\PreReq-GraduateStudentStatus.postman_collection.json &#xD;
&#xD;
C:\Agt6\_work\_temp\TestResults\c2kbuild_CLTBUILD23 2021-04-12 08_12_36\In\60284dbc-1d7a-4735-be47-828676878e26\CLTBUILD23&gt;set DataFileName=c:\agt6\_work\6\a\api\environment\regapiautomation\testdata\fisap-datacorrection\prereq-noclasses-19_20\PreReq-FISAP-DataCorrection@NoClasses-19_20-ChangeStudentStatus.data.json &#xD;
&#xD;
C:\Agt6\_work\_temp\TestResults\c2kbuild_CLTBUILD23 2021-04-12 08_12_36\In\60284dbc-1d7a-4735-be47-828676878e26\CLTBUILD23&gt;set EnvironmentFilePath=c:\agt6\_work\6\a\api\environment\regapiautomation\testdata\fisap-datacorrection\prereq-noclasses-19_20\..\..\..\RegApiAutoEnvironment.postman_environment.json &#xD;
&#xD;
C:\Agt6\_work\_temp\TestResults\c2kbuild_CLTBUILD23 2021-04-12 08_12_36\In\60284dbc-1d7a-4735-be47-828676878e26\CLTBUILD23&gt;set HtmlResultsFile=PreReq-ChangeStudentStatus_Html.html &#xD;
&#xD;
C:\Agt6\_work\_temp\TestResults\c2kbuild_CLTBUILD23 2021-04-12 08_12_36\In\60284dbc-1d7a-4735-be47-828676878e26\CLTBUILD23&gt;set JunitResultsFile=PreReq-ChangeStudentStatus_Junit.xml &#xD;
&#xD;
C:\Agt6\_work\_temp\TestResults\c2kbuild_CLTBUILD23 2021-04-12 08_12_36\In\60284dbc-1d7a-4735-be47-828676878e26\CLTBUILD23&gt;newman run "c:\agt6\_work\6\a\api\environment\regapiautomation\testdata\fisap-datacorrection\prereq-noclasses-19_20\..\..\..\..\..\PreReq\PreReq-GraduateStudentStatus.postman_collection.json" -k -d "c:\agt6\_work\6\a\api\environment\regapiautomation\testdata\fisap-datacorrection\prereq-noclasses-19_20\PreReq-FISAP-DataCorrection@NoClasses-19_20-ChangeStudentStatus.data.json" -e "c:\agt6\_work\6\a\api\environment\regapiautomation\testdata\fisap-datacorrection\prereq-noclasses-19_20\..\..\..\RegApiAutoEnvironment.postman_environment.json" -r junit,html --reporter-html-export "PreReq-ChangeStudentStatus_Html.html" --reporter-junit-export "PreReq-ChangeStudentStatus_Junit.xml"</StdOut>
          </Output>
          <ResultFiles>
            <ResultFile path="CLTBUILD23\PreReq-ChangeStudentStatus_Html.html" />
            <ResultFile path="CLTBUILD23\PreReq-ChangeStudentStatus_Junit.xml" />
          </ResultFiles>
        </UnitTestResult>
        <UnitTestResult executionId="a99f16ca-5b53-4489-82c3-52620ee9c88c" parentExecutionId="6ee7da16-d39c-4948-b9eb-4981a8ea6714" testId="dc74fd9e-7745-491b-b771-185fe2a51493" testName="8- fisap-datacorrection@noclasses-19_20-generictest (OT-06D-FISAP-NoClasses-19_20)" computerName="CLTBUILD23" duration="00:00:06.2763670" startTime="2021-04-12T08:47:06.8776480-04:00" endTime="2021-04-12T08:47:13.1565575-04:00" testType="13cdc9d9-ddb5-4fa4-a97d-d965ccfc6d4b" outcome="Passed" testListId="8c84fa94-04c1-424b-9868-57a2d4851a1d" relativeResultsDirectory="a99f16ca-5b53-4489-82c3-52620ee9c88c">
          <Output>
            <StdOut>C:\Agt6\_work\_temp\TestResults\c2kbuild_CLTBUILD23 2021-04-12 08_12_36\In\a99f16ca-5b53-4489-82c3-52620ee9c88c\CLTBUILD23&gt;if not defined TestLocation (set TestLocation=. ) &#xD;
&#xD;
C:\Agt6\_work\_temp\TestResults\c2kbuild_CLTBUILD23 2021-04-12 08_12_36\In\a99f16ca-5b53-4489-82c3-52620ee9c88c\CLTBUILD23&gt;set CollectionFileName=c:\agt6\_work\6\a\api\environment\regapiautomation\testdata\fisap-datacorrection\..\..\..\..\Tests\FISAP-DataCorrection\FISAP-DataCorrection@NoClasses.postman_collection.json &#xD;
&#xD;
C:\Agt6\_work\_temp\TestResults\c2kbuild_CLTBUILD23 2021-04-12 08_12_36\In\a99f16ca-5b53-4489-82c3-52620ee9c88c\CLTBUILD23&gt;set DataFileName=c:\agt6\_work\6\a\api\environment\regapiautomation\testdata\fisap-datacorrection\FISAP-DataCorrection@NoClasses-19_20.data.json &#xD;
&#xD;
C:\Agt6\_work\_temp\TestResults\c2kbuild_CLTBUILD23 2021-04-12 08_12_36\In\a99f16ca-5b53-4489-82c3-52620ee9c88c\CLTBUILD23&gt;set EnvironmentFilePath=c:\agt6\_work\6\a\api\environment\regapiautomation\testdata\fisap-datacorrection\..\..\RegApiAutoEnvironment.postman_environment.json &#xD;
&#xD;
C:\Agt6\_work\_temp\TestResults\c2kbuild_CLTBUILD23 2021-04-12 08_12_36\In\a99f16ca-5b53-4489-82c3-52620ee9c88c\CLTBUILD23&gt;set HtmlResultsFile=FISAP-DataCorrection@NoClasses-19_20-Html.html &#xD;
&#xD;
C:\Agt6\_work\_temp\TestResults\c2kbuild_CLTBUILD23 2021-04-12 08_12_36\In\a99f16ca-5b53-4489-82c3-52620ee9c88c\CLTBUILD23&gt;set JunitResultsFile=FISAP-DataCorrection@NoClasses-19_20-Junit.xml &#xD;
&#xD;
C:\Agt6\_work\_temp\TestResults\c2kbuild_CLTBUILD23 2021-04-12 08_12_36\In\a99f16ca-5b53-4489-82c3-52620ee9c88c\CLTBUILD23&gt;newman run "c:\agt6\_work\6\a\api\environment\regapiautomation\testdata\fisap-datacorrection\..\..\..\..\Tests\FISAP-DataCorrection\FISAP-DataCorrection@NoClasses.postman_collection.json" -k -d "c:\agt6\_work\6\a\api\environment\regapiautomation\testdata\fisap-datacorrection\FISAP-DataCorrection@NoClasses-19_20.data.json" -e "c:\agt6\_work\6\a\api\environment\regapiautomation\testdata\fisap-datacorrection\..\..\RegApiAutoEnvironment.postman_environment.json" -r junit,html --reporter-html-export "FISAP-DataCorrection@NoClasses-19_20-Html.html" --reporter-junit-export "FISAP-DataCorrection@NoClasses-19_20-Junit.xml"</StdOut>
          </Output>
          <ResultFiles>
            <ResultFile path="CLTBUILD23\FISAP-DataCorrection@NoClasses-19_20-Html.html" />
            <ResultFile path="CLTBUILD23\FISAP-DataCorrection@NoClasses-19_20-Junit.xml" />
          </ResultFiles>
        </UnitTestResult>
      </InnerResults>
    </TestResultAggregation>
    <TestResultAggregation executionId="5a8771e7-72c5-465b-b762-48c7991620d1" testId="144b348b-bbff-4127-9794-94e15b0d5fdf" testName="OT-01D-CODExport.Regenerate-21_22" computerName="CLTBUILD23" duration="00:01:43.3336071" startTime="2021-04-12T08:20:33.9666199-04:00" endTime="2021-04-12T08:22:17.2846983-04:00" testType="ec4800e8-40e5-4ab3-8510-b8bf29b1904d" outcome="Passed" testListId="8c84fa94-04c1-424b-9868-57a2d4851a1d" relativeResultsDirectory="5a8771e7-72c5-465b-b762-48c7991620d1">
      <InnerResults>
        <UnitTestResult executionId="c3011463-b21f-4eac-9ac1-f4bc211f7097" parentExecutionId="5a8771e7-72c5-465b-b762-48c7991620d1" testId="c4ce48df-bba4-4f47-b69d-ee33d1981ea3" testName="1- prereq-codexport@regenerate-21_22-createstudent-generictest (OT-01D-CODExport.Regenerate-21_22)" computerName="CLTBUILD23" duration="00:00:07.6771055" startTime="2021-04-12T08:20:33.9676208-04:00" endTime="2021-04-12T08:20:41.6528307-04:00" testType="13cdc9d9-ddb5-4fa4-a97d-d965ccfc6d4b" outcome="Passed" testListId="8c84fa94-04c1-424b-9868-57a2d4851a1d" relativeResultsDirectory="c3011463-b21f-4eac-9ac1-f4bc211f7097">
          <Output>
            <StdOut>C:\Agt6\_work\_temp\TestResults\c2kbuild_CLTBUILD23 2021-04-12 08_12_36\In\c3011463-b21f-4eac-9ac1-f4bc211f7097\CLTBUILD23&gt;if not defined TestLocation (set TestLocation=. ) &#xD;
&#xD;
C:\Agt6\_work\_temp\TestResults\c2kbuild_CLTBUILD23 2021-04-12 08_12_36\In\c3011463-b21f-4eac-9ac1-f4bc211f7097\CLTBUILD23&gt;set CollectionFileName=c:\agt6\_work\6\a\api\environment\regapiautomation\testdata\codexport\prereq-regenerate-21_22\..\..\..\..\..\PreReq\PreReq-CreateStudent.postman_collection.json &#xD;
&#xD;
C:\Agt6\_work\_temp\TestResults\c2kbuild_CLTBUILD23 2021-04-12 08_12_36\In\c3011463-b21f-4eac-9ac1-f4bc211f7097\CLTBUILD23&gt;set DataFileName=c:\agt6\_work\6\a\api\environment\regapiautomation\testdata\codexport\prereq-regenerate-21_22\PreReq-CODExport@Regenerate-21_22-CreateStudent.data.csv &#xD;
&#xD;
C:\Agt6\_work\_temp\TestResults\c2kbuild_CLTBUILD23 2021-04-12 08_12_36\In\c3011463-b21f-4eac-9ac1-f4bc211f7097\CLTBUILD23&gt;set EnvironmentFilePath=c:\agt6\_work\6\a\api\environment\regapiautomation\testdata\codexport\prereq-regenerate-21_22\..\..\..\RegApiAutoEnvironment.postman_environment.json &#xD;
&#xD;
C:\Agt6\_work\_temp\TestResults\c2kbuild_CLTBUILD23 2021-04-12 08_12_36\In\c3011463-b21f-4eac-9ac1-f4bc211f7097\CLTBUILD23&gt;set HtmlResultsFile=CreateStudent_Html.html &#xD;
&#xD;
C:\Agt6\_work\_temp\TestResults\c2kbuild_CLTBUILD23 2021-04-12 08_12_36\In\c3011463-b21f-4eac-9ac1-f4bc211f7097\CLTBUILD23&gt;set JunitResultsFile=CreateStudent_Junit.xml &#xD;
&#xD;
C:\Agt6\_work\_temp\TestResults\c2kbuild_CLTBUILD23 2021-04-12 08_12_36\In\c3011463-b21f-4eac-9ac1-f4bc211f7097\CLTBUILD23&gt;newman run "c:\agt6\_work\6\a\api\environment\regapiautomation\testdata\codexport\prereq-regenerate-21_22\..\..\..\..\..\PreReq\PreReq-CreateStudent.postman_collection.json" -k -d "c:\agt6\_work\6\a\api\environment\regapiautomation\testdata\codexport\prereq-regenerate-21_22\PreReq-CODExport@Regenerate-21_22-CreateStudent.data.csv" -e "c:\agt6\_work\6\a\api\environment\regapiautomation\testdata\codexport\prereq-regenerate-21_22\..\..\..\RegApiAutoEnvironment.postman_environment.json" -r junit,html --reporter-html-export "CreateStudent_Html.html" --reporter-junit-export "CreateStudent_Junit.xml"</StdOut>
          </Output>
          <ResultFiles>
            <ResultFile path="CLTBUILD23\CreateStudent_Html.html" />
            <ResultFile path="CLTBUILD23\CreateStudent_Junit.xml" />
          </ResultFiles>
        </UnitTestResult>
        <UnitTestResult executionId="34093bd8-a660-4d72-986d-8195effe6a7b" parentExecutionId="5a8771e7-72c5-465b-b762-48c7991620d1" testId="6d5c09d2-046f-4dae-8858-41fa0be1c3ce" testName="2- prereq-codexport@regenerate-21_22-importisir-generictest (OT-01D-CODExport.Regenerate-21_22)" computerName="CLTBUILD23" duration="00:00:08.6809388" startTime="2021-04-12T08:20:41.6538317-04:00" endTime="2021-04-12T08:20:50.3429367-04:00" testType="13cdc9d9-ddb5-4fa4-a97d-d965ccfc6d4b" outcome="Passed" testListId="8c84fa94-04c1-424b-9868-57a2d4851a1d" relativeResultsDirectory="34093bd8-a660-4d72-986d-8195effe6a7b">
          <Output>
            <StdOut>C:\Agt6\_work\_temp\TestResults\c2kbuild_CLTBUILD23 2021-04-12 08_12_36\In\34093bd8-a660-4d72-986d-8195effe6a7b\CLTBUILD23&gt;if not defined TestLocation (set TestLocation=. ) &#xD;
&#xD;
C:\Agt6\_work\_temp\TestResults\c2kbuild_CLTBUILD23 2021-04-12 08_12_36\In\34093bd8-a660-4d72-986d-8195effe6a7b\CLTBUILD23&gt;set CollectionFileName=c:\agt6\_work\6\a\api\environment\regapiautomation\testdata\codexport\prereq-regenerate-21_22\..\..\..\..\..\PreReq\PreReq-ImportISIR.postman_collection.json &#xD;
&#xD;
C:\Agt6\_work\_temp\TestResults\c2kbuild_CLTBUILD23 2021-04-12 08_12_36\In\34093bd8-a660-4d72-986d-8195effe6a7b\CLTBUILD23&gt;set DataFileName=c:\agt6\_work\6\a\api\environment\regapiautomation\testdata\codexport\prereq-regenerate-21_22\PreReq-CODExport@Regenerate-21_22-ImportISIR.data.json &#xD;
&#xD;
C:\Agt6\_work\_temp\TestResults\c2kbuild_CLTBUILD23 2021-04-12 08_12_36\In\34093bd8-a660-4d72-986d-8195effe6a7b\CLTBUILD23&gt;set EnvironmentFilePath=c:\agt6\_work\6\a\api\environment\regapiautomation\testdata\codexport\prereq-regenerate-21_22\..\..\..\RegApiAutoEnvironment.postman_environment.json &#xD;
&#xD;
C:\Agt6\_work\_temp\TestResults\c2kbuild_CLTBUILD23 2021-04-12 08_12_36\In\34093bd8-a660-4d72-986d-8195effe6a7b\CLTBUILD23&gt;set HtmlResultsFile=ImportISIR_Html.html &#xD;
&#xD;
C:\Agt6\_work\_temp\TestResults\c2kbuild_CLTBUILD23 2021-04-12 08_12_36\In\34093bd8-a660-4d72-986d-8195effe6a7b\CLTBUILD23&gt;set JunitResultsFile=ImportISIR_Junit.xml &#xD;
&#xD;
C:\Agt6\_work\_temp\TestResults\c2kbuild_CLTBUILD23 2021-04-12 08_12_36\In\34093bd8-a660-4d72-986d-8195effe6a7b\CLTBUILD23&gt;newman run "c:\agt6\_work\6\a\api\environment\regapiautomation\testdata\codexport\prereq-regenerate-21_22\..\..\..\..\..\PreReq\PreReq-ImportISIR.postman_collection.json" -k -d "c:\agt6\_work\6\a\api\environment\regapiautomation\testdata\codexport\prereq-regenerate-21_22\PreReq-CODExport@Regenerate-21_22-ImportISIR.data.json" -e "c:\agt6\_work\6\a\api\environment\regapiautomation\testdata\codexport\prereq-regenerate-21_22\..\..\..\RegApiAutoEnvironment.postman_environment.json" -r junit,html --reporter-html-export "ImportISIR_Html.html" --reporter-junit-export "ImportISIR_Junit.xml"</StdOut>
          </Output>
          <ResultFiles>
            <ResultFile path="CLTBUILD23\ImportISIR_Html.html" />
            <ResultFile path="CLTBUILD23\ImportISIR_Junit.xml" />
          </ResultFiles>
        </UnitTestResult>
        <UnitTestResult executionId="a0503fe3-93b7-4581-a7ec-dcc036ab0efd" parentExecutionId="5a8771e7-72c5-465b-b762-48c7991620d1" testId="fa0959fe-e713-4e38-aad8-1fb3aa0e25ed" testName="3- prereq-codexport@regenerate-21_22-enrollstudent-generictest (OT-01D-CODExport.Regenerate-21_22)" computerName="CLTBUILD23" duration="00:00:15.6965279" startTime="2021-04-12T08:20:50.3429367-04:00" endTime="2021-04-12T08:21:06.0383269-04:00" testType="13cdc9d9-ddb5-4fa4-a97d-d965ccfc6d4b" outcome="Passed" testListId="8c84fa94-04c1-424b-9868-57a2d4851a1d" relativeResultsDirectory="a0503fe3-93b7-4581-a7ec-dcc036ab0efd">
          <Output>
            <StdOut>C:\Agt6\_work\_temp\TestResults\c2kbuild_CLTBUILD23 2021-04-12 08_12_36\In\a0503fe3-93b7-4581-a7ec-dcc036ab0efd\CLTBUILD23&gt;if not defined TestLocation (set TestLocation=. ) &#xD;
&#xD;
C:\Agt6\_work\_temp\TestResults\c2kbuild_CLTBUILD23 2021-04-12 08_12_36\In\a0503fe3-93b7-4581-a7ec-dcc036ab0efd\CLTBUILD23&gt;set CollectionFileName=c:\agt6\_work\6\a\api\environment\regapiautomation\testdata\codexport\prereq-regenerate-21_22\..\..\..\..\..\PreReq\PreReq-EnrollStudent.postman_collection.json &#xD;
&#xD;
C:\Agt6\_work\_temp\TestResults\c2kbuild_CLTBUILD23 2021-04-12 08_12_36\In\a0503fe3-93b7-4581-a7ec-dcc036ab0efd\CLTBUILD23&gt;set DataFileName=c:\agt6\_work\6\a\api\environment\regapiautomation\testdata\codexport\prereq-regenerate-21_22\PreReq-CODExport@Regenerate-21_22-EnrollStudent.data.csv &#xD;
&#xD;
C:\Agt6\_work\_temp\TestResults\c2kbuild_CLTBUILD23 2021-04-12 08_12_36\In\a0503fe3-93b7-4581-a7ec-dcc036ab0efd\CLTBUILD23&gt;set EnvironmentFilePath=c:\agt6\_work\6\a\api\environment\regapiautomation\testdata\codexport\prereq-regenerate-21_22\..\..\..\RegApiAutoEnvironment.postman_environment.json &#xD;
&#xD;
C:\Agt6\_work\_temp\TestResults\c2kbuild_CLTBUILD23 2021-04-12 08_12_36\In\a0503fe3-93b7-4581-a7ec-dcc036ab0efd\CLTBUILD23&gt;set HtmlResultsFile=EnrollStudent_Html.html &#xD;
&#xD;
C:\Agt6\_work\_temp\TestResults\c2kbuild_CLTBUILD23 2021-04-12 08_12_36\In\a0503fe3-93b7-4581-a7ec-dcc036ab0efd\CLTBUILD23&gt;set JunitResultsFile=EnrollStudent_Junit.xml &#xD;
&#xD;
C:\Agt6\_work\_temp\TestResults\c2kbuild_CLTBUILD23 2021-04-12 08_12_36\In\a0503fe3-93b7-4581-a7ec-dcc036ab0efd\CLTBUILD23&gt;newman run "c:\agt6\_work\6\a\api\environment\regapiautomation\testdata\codexport\prereq-regenerate-21_22\..\..\..\..\..\PreReq\PreReq-EnrollStudent.postman_collection.json" -k -d "c:\agt6\_work\6\a\api\environment\regapiautomation\testdata\codexport\prereq-regenerate-21_22\PreReq-CODExport@Regenerate-21_22-EnrollStudent.data.csv" -e "c:\agt6\_work\6\a\api\environment\regapiautomation\testdata\codexport\prereq-regenerate-21_22\..\..\..\RegApiAutoEnvironment.postman_environment.json" -r junit,html --reporter-html-export "EnrollStudent_Html.html" --reporter-junit-export "EnrollStudent_Junit.xml"</StdOut>
          </Output>
          <ResultFiles>
            <ResultFile path="CLTBUILD23\EnrollStudent_Html.html" />
            <ResultFile path="CLTBUILD23\EnrollStudent_Junit.xml" />
          </ResultFiles>
        </UnitTestResult>
        <UnitTestResult executionId="2ee197eb-0c00-47b0-8fab-2036eaa5e3d8" parentExecutionId="5a8771e7-72c5-465b-b762-48c7991620d1" testId="e1204454-f111-420f-9994-8229d7f3a42f" testName="4- prereq-codexport@regenerate-21_22-updatebudgetforacademicyearforpackaging-generictest (OT-01D-CODExport.Regenerate-21_22)" computerName="CLTBUILD23" duration="00:00:08.8837724" startTime="2021-04-12T08:21:06.0393265-04:00" endTime="2021-04-12T08:21:14.9234134-04:00" testType="13cdc9d9-ddb5-4fa4-a97d-d965ccfc6d4b" outcome="Passed" testListId="8c84fa94-04c1-424b-9868-57a2d4851a1d" relativeResultsDirectory="2ee197eb-0c00-47b0-8fab-2036eaa5e3d8">
          <Output>
            <StdOut>C:\Agt6\_work\_temp\TestResults\c2kbuild_CLTBUILD23 2021-04-12 08_12_36\In\2ee197eb-0c00-47b0-8fab-2036eaa5e3d8\CLTBUILD23&gt;if not defined TestLocation (set TestLocation=. ) &#xD;
&#xD;
C:\Agt6\_work\_temp\TestResults\c2kbuild_CLTBUILD23 2021-04-12 08_12_36\In\2ee197eb-0c00-47b0-8fab-2036eaa5e3d8\CLTBUILD23&gt;set CollectionFileName=c:\agt6\_work\6\a\api\environment\regapiautomation\testdata\codexport\prereq-regenerate-21_22\..\..\..\..\..\PreReq\PreReq-UpdateBudgetForAcademicYearForPackaging.postman_collection.json &#xD;
&#xD;
C:\Agt6\_work\_temp\TestResults\c2kbuild_CLTBUILD23 2021-04-12 08_12_36\In\2ee197eb-0c00-47b0-8fab-2036eaa5e3d8\CLTBUILD23&gt;set DataFileName=c:\agt6\_work\6\a\api\environment\regapiautomation\testdata\codexport\prereq-regenerate-21_22\PreReq-CODExport@Regenerate-21_22-UpdateBudgetForAcademicYearForPackaging.data.csv &#xD;
&#xD;
C:\Agt6\_work\_temp\TestResults\c2kbuild_CLTBUILD23 2021-04-12 08_12_36\In\2ee197eb-0c00-47b0-8fab-2036eaa5e3d8\CLTBUILD23&gt;set EnvironmentFilePath=c:\agt6\_work\6\a\api\environment\regapiautomation\testdata\codexport\prereq-regenerate-21_22\..\..\..\RegApiAutoEnvironment.postman_environment.json &#xD;
&#xD;
C:\Agt6\_work\_temp\TestResults\c2kbuild_CLTBUILD23 2021-04-12 08_12_36\In\2ee197eb-0c00-47b0-8fab-2036eaa5e3d8\CLTBUILD23&gt;set HtmlResultsFile=UpdateBudgetForAcademicYearForPackaging_Html.html &#xD;
&#xD;
C:\Agt6\_work\_temp\TestResults\c2kbuild_CLTBUILD23 2021-04-12 08_12_36\In\2ee197eb-0c00-47b0-8fab-2036eaa5e3d8\CLTBUILD23&gt;set JunitResultsFile=UpdateBudgetForAcademicYearForPackaging_Junit.xml &#xD;
&#xD;
C:\Agt6\_work\_temp\TestResults\c2kbuild_CLTBUILD23 2021-04-12 08_12_36\In\2ee197eb-0c00-47b0-8fab-2036eaa5e3d8\CLTBUILD23&gt;newman run "c:\agt6\_work\6\a\api\environment\regapiautomation\testdata\codexport\prereq-regenerate-21_22\..\..\..\..\..\PreReq\PreReq-UpdateBudgetForAcademicYearForPackaging.postman_collection.json" -k -d "c:\agt6\_work\6\a\api\environment\regapiautomation\testdata\codexport\prereq-regenerate-21_22\PreReq-CODExport@Regenerate-21_22-UpdateBudgetForAcademicYearForPackaging.data.csv" -e "c:\agt6\_work\6\a\api\environment\regapiautomation\testdata\codexport\prereq-regenerate-21_22\..\..\..\RegApiAutoEnvironment.postman_environment.json" -r junit,html --reporter-html-export "UpdateBudgetForAcademicYearForPackaging_Html.html" --reporter-junit-export "UpdateBudgetForAcademicYearForPackaging_Junit.xml"</StdOut>
          </Output>
          <ResultFiles>
            <ResultFile path="CLTBUILD23\UpdateBudgetForAcademicYearForPackaging_Html.html" />
            <ResultFile path="CLTBUILD23\UpdateBudgetForAcademicYearForPackaging_Junit.xml" />
          </ResultFiles>
        </UnitTestResult>
        <UnitTestResult executionId="02e4b502-ed9b-43bd-86fa-5bf9dc96a952" parentExecutionId="5a8771e7-72c5-465b-b762-48c7991620d1" testId="c958152b-26ac-4f4b-9276-5d8e2d52bf73" testName="5- prereq-codexport@regenerate-21_22-awardgrantorloanforpackaging-generictest (OT-01D-CODExport.Regenerate-21_22)" computerName="CLTBUILD23" duration="00:00:21.3833398" startTime="2021-04-12T08:21:14.9234134-04:00" endTime="2021-04-12T08:21:36.3161623-04:00" testType="13cdc9d9-ddb5-4fa4-a97d-d965ccfc6d4b" outcome="Passed" testListId="8c84fa94-04c1-424b-9868-57a2d4851a1d" relativeResultsDirectory="02e4b502-ed9b-43bd-86fa-5bf9dc96a952">
          <Output>
            <StdOut>C:\Agt6\_work\_temp\TestResults\c2kbuild_CLTBUILD23 2021-04-12 08_12_36\In\02e4b502-ed9b-43bd-86fa-5bf9dc96a952\CLTBUILD23&gt;if not defined TestLocation (set TestLocation=. ) &#xD;
&#xD;
C:\Agt6\_work\_temp\TestResults\c2kbuild_CLTBUILD23 2021-04-12 08_12_36\In\02e4b502-ed9b-43bd-86fa-5bf9dc96a952\CLTBUILD23&gt;set CollectionFileName=c:\agt6\_work\6\a\api\environment\regapiautomation\testdata\codexport\prereq-regenerate-21_22\..\..\..\..\..\PreReq\PreReq-AwardGrantorLoanForPackaging.postman_collection.json &#xD;
&#xD;
C:\Agt6\_work\_temp\TestResults\c2kbuild_CLTBUILD23 2021-04-12 08_12_36\In\02e4b502-ed9b-43bd-86fa-5bf9dc96a952\CLTBUILD23&gt;set DataFileName=c:\agt6\_work\6\a\api\environment\regapiautomation\testdata\codexport\prereq-regenerate-21_22\PreReq-CODExport@Regenerate-21_22-AwardGrantorLoanForPackaging.data.csv &#xD;
&#xD;
C:\Agt6\_work\_temp\TestResults\c2kbuild_CLTBUILD23 2021-04-12 08_12_36\In\02e4b502-ed9b-43bd-86fa-5bf9dc96a952\CLTBUILD23&gt;set EnvironmentFilePath=c:\agt6\_work\6\a\api\environment\regapiautomation\testdata\codexport\prereq-regenerate-21_22\..\..\..\RegApiAutoEnvironment.postman_environment.json &#xD;
&#xD;
C:\Agt6\_work\_temp\TestResults\c2kbuild_CLTBUILD23 2021-04-12 08_12_36\In\02e4b502-ed9b-43bd-86fa-5bf9dc96a952\CLTBUILD23&gt;set HtmlResultsFile=AwardGrantorLoanForPackaging_Html.html &#xD;
&#xD;
C:\Agt6\_work\_temp\TestResults\c2kbuild_CLTBUILD23 2021-04-12 08_12_36\In\02e4b502-ed9b-43bd-86fa-5bf9dc96a952\CLTBUILD23&gt;set JunitResultsFile=AwardGrantorLoanForPackaging_Junit.xml &#xD;
&#xD;
C:\Agt6\_work\_temp\TestResults\c2kbuild_CLTBUILD23 2021-04-12 08_12_36\In\02e4b502-ed9b-43bd-86fa-5bf9dc96a952\CLTBUILD23&gt;newman run "c:\agt6\_work\6\a\api\environment\regapiautomation\testdata\codexport\prereq-regenerate-21_22\..\..\..\..\..\PreReq\PreReq-AwardGrantorLoanForPackaging.postman_collection.json" -d "c:\agt6\_work\6\a\api\environment\regapiautomation\testdata\codexport\prereq-regenerate-21_22\PreReq-CODExport@Regenerate-21_22-AwardGrantorLoanForPackaging.data.csv" -e "c:\agt6\_work\6\a\api\environment\regapiautomation\testdata\codexport\prereq-regenerate-21_22\..\..\..\RegApiAutoEnvironment.postman_environment.json" -k -r junit,html --reporter-html-export "AwardGrantorLoanForPackaging_Html.html" --reporter-junit-export "AwardGrantorLoanForPackaging_Junit.xml"</StdOut>
          </Output>
          <ResultFiles>
            <ResultFile path="CLTBUILD23\AwardGrantorLoanForPackaging_Html.html" />
            <ResultFile path="CLTBUILD23\AwardGrantorLoanForPackaging_Junit.xml" />
          </ResultFiles>
        </UnitTestResult>
        <UnitTestResult executionId="29c948e0-d68e-4f06-89eb-a9b01ea454c8" parentExecutionId="5a8771e7-72c5-465b-b762-48c7991620d1" testId="139e63b3-2051-4895-a8f4-3f57b30db4de" testName="6- prereq-codexport@regenerate-21_22-awardloanforpackaging-generictest (OT-01D-CODExport.Regenerate-21_22)" computerName="CLTBUILD23" duration="00:00:20.8064796" startTime="2021-04-12T08:21:36.3161623-04:00" endTime="2021-04-12T08:21:57.1258895-04:00" testType="13cdc9d9-ddb5-4fa4-a97d-d965ccfc6d4b" outcome="Passed" testListId="8c84fa94-04c1-424b-9868-57a2d4851a1d" relativeResultsDirectory="29c948e0-d68e-4f06-89eb-a9b01ea454c8">
          <Output>
            <StdOut>C:\Agt6\_work\_temp\TestResults\c2kbuild_CLTBUILD23 2021-04-12 08_12_36\In\29c948e0-d68e-4f06-89eb-a9b01ea454c8\CLTBUILD23&gt;if not defined TestLocation (set TestLocation=. ) &#xD;
&#xD;
C:\Agt6\_work\_temp\TestResults\c2kbuild_CLTBUILD23 2021-04-12 08_12_36\In\29c948e0-d68e-4f06-89eb-a9b01ea454c8\CLTBUILD23&gt;set CollectionFileName=c:\agt6\_work\6\a\api\environment\regapiautomation\testdata\codexport\prereq-regenerate-21_22\..\..\..\..\..\PreReq\PreReq-AwardLoanForPackaging.postman_collection.json &#xD;
&#xD;
C:\Agt6\_work\_temp\TestResults\c2kbuild_CLTBUILD23 2021-04-12 08_12_36\In\29c948e0-d68e-4f06-89eb-a9b01ea454c8\CLTBUILD23&gt;set DataFileName=c:\agt6\_work\6\a\api\environment\regapiautomation\testdata\codexport\prereq-regenerate-21_22\PreReq-CODExport@Regenerate-21_22-AwardLoanForPackaging.data.csv &#xD;
&#xD;
C:\Agt6\_work\_temp\TestResults\c2kbuild_CLTBUILD23 2021-04-12 08_12_36\In\29c948e0-d68e-4f06-89eb-a9b01ea454c8\CLTBUILD23&gt;set EnvironmentFilePath=c:\agt6\_work\6\a\api\environment\regapiautomation\testdata\codexport\prereq-regenerate-21_22\..\..\..\RegApiAutoEnvironment.postman_environment.json &#xD;
&#xD;
C:\Agt6\_work\_temp\TestResults\c2kbuild_CLTBUILD23 2021-04-12 08_12_36\In\29c948e0-d68e-4f06-89eb-a9b01ea454c8\CLTBUILD23&gt;set HtmlResultsFile=AwardLoanForPackaging_Html.html &#xD;
&#xD;
C:\Agt6\_work\_temp\TestResults\c2kbuild_CLTBUILD23 2021-04-12 08_12_36\In\29c948e0-d68e-4f06-89eb-a9b01ea454c8\CLTBUILD23&gt;set JunitResultsFile=AwardLoanForPackaging_Junit.xml &#xD;
&#xD;
C:\Agt6\_work\_temp\TestResults\c2kbuild_CLTBUILD23 2021-04-12 08_12_36\In\29c948e0-d68e-4f06-89eb-a9b01ea454c8\CLTBUILD23&gt;newman run "c:\agt6\_work\6\a\api\environment\regapiautomation\testdata\codexport\prereq-regenerate-21_22\..\..\..\..\..\PreReq\PreReq-AwardLoanForPackaging.postman_collection.json" -d "c:\agt6\_work\6\a\api\environment\regapiautomation\testdata\codexport\prereq-regenerate-21_22\PreReq-CODExport@Regenerate-21_22-AwardLoanForPackaging.data.csv" -e "c:\agt6\_work\6\a\api\environment\regapiautomation\testdata\codexport\prereq-regenerate-21_22\..\..\..\RegApiAutoEnvironment.postman_environment.json" -k -r junit,html --reporter-html-export "AwardLoanForPackaging_Html.html" --reporter-junit-export "AwardLoanForPackaging_Junit.xml"</StdOut>
          </Output>
          <ResultFiles>
            <ResultFile path="CLTBUILD23\AwardLoanForPackaging_Html.html" />
            <ResultFile path="CLTBUILD23\AwardLoanForPackaging_Junit.xml" />
          </ResultFiles>
        </UnitTestResult>
        <UnitTestResult executionId="8dcd7d55-34df-480f-b5dc-3e62a3ae5ace" parentExecutionId="5a8771e7-72c5-465b-b762-48c7991620d1" testId="cac1be5b-84e5-4b32-9443-b184e2df83ce" testName="7- prereq-cod-export@regenerate-21_22-export-generictest (OT-01D-CODExport.Regenerate-21_22)" computerName="CLTBUILD23" duration="00:00:11.9713745" startTime="2021-04-12T08:21:57.1278918-04:00" endTime="2021-04-12T08:22:09.0985880-04:00" testType="13cdc9d9-ddb5-4fa4-a97d-d965ccfc6d4b" outcome="Passed" testListId="8c84fa94-04c1-424b-9868-57a2d4851a1d" relativeResultsDirectory="8dcd7d55-34df-480f-b5dc-3e62a3ae5ace">
          <Output>
            <StdOut>C:\Agt6\_work\_temp\TestResults\c2kbuild_CLTBUILD23 2021-04-12 08_12_36\In\8dcd7d55-34df-480f-b5dc-3e62a3ae5ace\CLTBUILD23&gt;if not defined TestLocation (set TestLocation=. ) &#xD;
&#xD;
C:\Agt6\_work\_temp\TestResults\c2kbuild_CLTBUILD23 2021-04-12 08_12_36\In\8dcd7d55-34df-480f-b5dc-3e62a3ae5ace\CLTBUILD23&gt;set CollectionFileName=c:\agt6\_work\6\a\api\environment\regapiautomation\testdata\codexport\prereq-regenerate-21_22\..\..\..\..\..\Tests\CODExport\COD-Export@Loans-Grants.postman_collection.json &#xD;
&#xD;
C:\Agt6\_work\_temp\TestResults\c2kbuild_CLTBUILD23 2021-04-12 08_12_36\In\8dcd7d55-34df-480f-b5dc-3e62a3ae5ace\CLTBUILD23&gt;set DataFileName=c:\agt6\_work\6\a\api\environment\regapiautomation\testdata\codexport\prereq-regenerate-21_22\PreReq-COD-Export@Regenerate-21_22-Export.data.json &#xD;
&#xD;
C:\Agt6\_work\_temp\TestResults\c2kbuild_CLTBUILD23 2021-04-12 08_12_36\In\8dcd7d55-34df-480f-b5dc-3e62a3ae5ace\CLTBUILD23&gt;set EnvironmentFilePath=c:\agt6\_work\6\a\api\environment\regapiautomation\testdata\codexport\prereq-regenerate-21_22\..\..\..\RegApiAutoEnvironment.postman_environment.json &#xD;
&#xD;
C:\Agt6\_work\_temp\TestResults\c2kbuild_CLTBUILD23 2021-04-12 08_12_36\In\8dcd7d55-34df-480f-b5dc-3e62a3ae5ace\CLTBUILD23&gt;set HtmlResultsFile=Tests_COD-Export@Regenerate-21_22-Export_Html.html &#xD;
&#xD;
C:\Agt6\_work\_temp\TestResults\c2kbuild_CLTBUILD23 2021-04-12 08_12_36\In\8dcd7d55-34df-480f-b5dc-3e62a3ae5ace\CLTBUILD23&gt;set JunitResultsFile=Tests_COD-Export@Regenerate-21_22-Export_Junit.xml &#xD;
&#xD;
C:\Agt6\_work\_temp\TestResults\c2kbuild_CLTBUILD23 2021-04-12 08_12_36\In\8dcd7d55-34df-480f-b5dc-3e62a3ae5ace\CLTBUILD23&gt;newman run "c:\agt6\_work\6\a\api\environment\regapiautomation\testdata\codexport\prereq-regenerate-21_22\..\..\..\..\..\Tests\CODExport\COD-Export@Loans-Grants.postman_collection.json" -k -d "c:\agt6\_work\6\a\api\environment\regapiautomation\testdata\codexport\prereq-regenerate-21_22\PreReq-COD-Export@Regenerate-21_22-Export.data.json" -e "c:\agt6\_work\6\a\api\environment\regapiautomation\testdata\codexport\prereq-regenerate-21_22\..\..\..\RegApiAutoEnvironment.postman_environment.json" -r junit,html --reporter-html-export "Tests_COD-Export@Regenerate-21_22-Export_Html.html" --reporter-junit-export "Tests_COD-Export@Regenerate-21_22-Export_Junit.xml"</StdOut>
          </Output>
          <ResultFiles>
            <ResultFile path="CLTBUILD23\Tests_COD-Export@Regenerate-21_22-Export_Html.html" />
            <ResultFile path="CLTBUILD23\Tests_COD-Export@Regenerate-21_22-Export_Junit.xml" />
          </ResultFiles>
        </UnitTestResult>
        <UnitTestResult executionId="de0706fc-63d6-4ec6-a638-479e83df58b1" parentExecutionId="5a8771e7-72c5-465b-b762-48c7991620d1" testId="cac1be5b-84e5-4b32-9443-b184e2df83cd" testName="8- cod-export@regenerate-21_22-generictest (OT-01D-CODExport.Regenerate-21_22)" computerName="CLTBUILD23" duration="00:00:08.1782870" startTime="2021-04-12T08:22:09.1015877-04:00" endTime="2021-04-12T08:22:17.2836978-04:00" testType="13cdc9d9-ddb5-4fa4-a97d-d965ccfc6d4b" outcome="Passed" testListId="8c84fa94-04c1-424b-9868-57a2d4851a1d" relativeResultsDirectory="de0706fc-63d6-4ec6-a638-479e83df58b1">
          <Output>
            <StdOut>C:\Agt6\_work\_temp\TestResults\c2kbuild_CLTBUILD23 2021-04-12 08_12_36\In\de0706fc-63d6-4ec6-a638-479e83df58b1\CLTBUILD23&gt;if not defined TestLocation (set TestLocation=. ) &#xD;
&#xD;
C:\Agt6\_work\_temp\TestResults\c2kbuild_CLTBUILD23 2021-04-12 08_12_36\In\de0706fc-63d6-4ec6-a638-479e83df58b1\CLTBUILD23&gt;set CollectionFileName=c:\agt6\_work\6\a\api\environment\regapiautomation\testdata\codexport\..\..\..\..\Tests\CODExport\COD-Export@Regenerate.postman_collection.json &#xD;
&#xD;
C:\Agt6\_work\_temp\TestResults\c2kbuild_CLTBUILD23 2021-04-12 08_12_36\In\de0706fc-63d6-4ec6-a638-479e83df58b1\CLTBUILD23&gt;set DataFileName=c:\agt6\_work\6\a\api\environment\regapiautomation\testdata\codexport\COD-Export@Regenerate-21_22.data.json &#xD;
&#xD;
C:\Agt6\_work\_temp\TestResults\c2kbuild_CLTBUILD23 2021-04-12 08_12_36\In\de0706fc-63d6-4ec6-a638-479e83df58b1\CLTBUILD23&gt;set EnvironmentFilePath=c:\agt6\_work\6\a\api\environment\regapiautomation\testdata\codexport\..\..\RegApiAutoEnvironment.postman_environment.json &#xD;
&#xD;
C:\Agt6\_work\_temp\TestResults\c2kbuild_CLTBUILD23 2021-04-12 08_12_36\In\de0706fc-63d6-4ec6-a638-479e83df58b1\CLTBUILD23&gt;set HtmlResultsFile=Tests_COD-Export@Regenerate-21_22_Html.html &#xD;
&#xD;
C:\Agt6\_work\_temp\TestResults\c2kbuild_CLTBUILD23 2021-04-12 08_12_36\In\de0706fc-63d6-4ec6-a638-479e83df58b1\CLTBUILD23&gt;set JunitResultsFile=Tests_COD-Export@Regenerate-21_22_Junit.xml &#xD;
&#xD;
C:\Agt6\_work\_temp\TestResults\c2kbuild_CLTBUILD23 2021-04-12 08_12_36\In\de0706fc-63d6-4ec6-a638-479e83df58b1\CLTBUILD23&gt;newman run "c:\agt6\_work\6\a\api\environment\regapiautomation\testdata\codexport\..\..\..\..\Tests\CODExport\COD-Export@Regenerate.postman_collection.json" -k -d "c:\agt6\_work\6\a\api\environment\regapiautomation\testdata\codexport\COD-Export@Regenerate-21_22.data.json" -e "c:\agt6\_work\6\a\api\environment\regapiautomation\testdata\codexport\..\..\RegApiAutoEnvironment.postman_environment.json" -r junit,html --reporter-html-export "Tests_COD-Export@Regenerate-21_22_Html.html" --reporter-junit-export "Tests_COD-Export@Regenerate-21_22_Junit.xml"</StdOut>
          </Output>
          <ResultFiles>
            <ResultFile path="CLTBUILD23\Tests_COD-Export@Regenerate-21_22_Html.html" />
            <ResultFile path="CLTBUILD23\Tests_COD-Export@Regenerate-21_22_Junit.xml" />
          </ResultFiles>
        </UnitTestResult>
      </InnerResults>
    </TestResultAggregation>
    <TestResultAggregation executionId="300b7aae-6fa8-43f0-b94e-28f948bd5c45" testId="0b69c654-f9f8-4d57-b55a-471163e9636f" testName="OT-01C-CODExport.Loans-Grants-21_22" computerName="CLTBUILD23" duration="00:01:45.6507025" startTime="2021-04-12T08:18:48.3258571-04:00" endTime="2021-04-12T08:20:33.9646193-04:00" testType="ec4800e8-40e5-4ab3-8510-b8bf29b1904d" outcome="Passed" testListId="8c84fa94-04c1-424b-9868-57a2d4851a1d" relativeResultsDirectory="300b7aae-6fa8-43f0-b94e-28f948bd5c45">
      <InnerResults>
        <UnitTestResult executionId="e2e44fdc-8a20-4fb9-8a90-00e62fdbc87e" parentExecutionId="300b7aae-6fa8-43f0-b94e-28f948bd5c45" testId="c4ce48df-bba4-4f47-b69d-ee33d1981ea1" testName="1- prereq-codexport@loans-grants-21_22-createstudent-generictest (OT-01C-CODExport.Loans-Grants-21_22)" computerName="CLTBUILD23" duration="00:00:08.7147793" startTime="2021-04-12T08:18:48.3298596-04:00" endTime="2021-04-12T08:18:57.0500744-04:00" testType="13cdc9d9-ddb5-4fa4-a97d-d965ccfc6d4b" outcome="Passed" testListId="8c84fa94-04c1-424b-9868-57a2d4851a1d" relativeResultsDirectory="e2e44fdc-8a20-4fb9-8a90-00e62fdbc87e">
          <Output>
            <StdOut>C:\Agt6\_work\_temp\TestResults\c2kbuild_CLTBUILD23 2021-04-12 08_12_36\In\e2e44fdc-8a20-4fb9-8a90-00e62fdbc87e\CLTBUILD23&gt;if not defined TestLocation (set TestLocation=. ) &#xD;
&#xD;
C:\Agt6\_work\_temp\TestResults\c2kbuild_CLTBUILD23 2021-04-12 08_12_36\In\e2e44fdc-8a20-4fb9-8a90-00e62fdbc87e\CLTBUILD23&gt;set CollectionFileName=c:\agt6\_work\6\a\api\environment\regapiautomation\testdata\codexport\prereq-loans-grants-21_22\..\..\..\..\..\PreReq\PreReq-CreateStudent.postman_collection.json &#xD;
&#xD;
C:\Agt6\_work\_temp\TestResults\c2kbuild_CLTBUILD23 2021-04-12 08_12_36\In\e2e44fdc-8a20-4fb9-8a90-00e62fdbc87e\CLTBUILD23&gt;set DataFileName=c:\agt6\_work\6\a\api\environment\regapiautomation\testdata\codexport\prereq-loans-grants-21_22\PreReq-CODExport@Loans-Grants-21_22-CreateStudent.data.csv &#xD;
&#xD;
C:\Agt6\_work\_temp\TestResults\c2kbuild_CLTBUILD23 2021-04-12 08_12_36\In\e2e44fdc-8a20-4fb9-8a90-00e62fdbc87e\CLTBUILD23&gt;set EnvironmentFilePath=c:\agt6\_work\6\a\api\environment\regapiautomation\testdata\codexport\prereq-loans-grants-21_22\..\..\..\RegApiAutoEnvironment.postman_environment.json &#xD;
&#xD;
C:\Agt6\_work\_temp\TestResults\c2kbuild_CLTBUILD23 2021-04-12 08_12_36\In\e2e44fdc-8a20-4fb9-8a90-00e62fdbc87e\CLTBUILD23&gt;set HtmlResultsFile=CreateStudent_Html.html &#xD;
&#xD;
C:\Agt6\_work\_temp\TestResults\c2kbuild_CLTBUILD23 2021-04-12 08_12_36\In\e2e44fdc-8a20-4fb9-8a90-00e62fdbc87e\CLTBUILD23&gt;set JunitResultsFile=CreateStudent_Junit.xml &#xD;
&#xD;
C:\Agt6\_work\_temp\TestResults\c2kbuild_CLTBUILD23 2021-04-12 08_12_36\In\e2e44fdc-8a20-4fb9-8a90-00e62fdbc87e\CLTBUILD23&gt;newman run "c:\agt6\_work\6\a\api\environment\regapiautomation\testdata\codexport\prereq-loans-grants-21_22\..\..\..\..\..\PreReq\PreReq-CreateStudent.postman_collection.json" -k -d "c:\agt6\_work\6\a\api\environment\regapiautomation\testdata\codexport\prereq-loans-grants-21_22\PreReq-CODExport@Loans-Grants-21_22-CreateStudent.data.csv" -e "c:\agt6\_work\6\a\api\environment\regapiautomation\testdata\codexport\prereq-loans-grants-21_22\..\..\..\RegApiAutoEnvironment.postman_environment.json" -r junit,html --reporter-html-export "CreateStudent_Html.html" --reporter-junit-export "CreateStudent_Junit.xml"</StdOut>
          </Output>
          <ResultFiles>
            <ResultFile path="CLTBUILD23\CreateStudent_Html.html" />
            <ResultFile path="CLTBUILD23\CreateStudent_Junit.xml" />
          </ResultFiles>
        </UnitTestResult>
        <UnitTestResult executionId="17094049-cdd2-494d-9105-7bd0aaadbb6e" parentExecutionId="300b7aae-6fa8-43f0-b94e-28f948bd5c45" testId="6d5c09d2-046f-4dae-8858-41fa0be1c3cc" testName="2- prereq-codexport@loans-grants-21_22-importisir-generictest (OT-01C-CODExport.Loans-Grants-21_22)" computerName="CLTBUILD23" duration="00:00:08.2321462" startTime="2021-04-12T08:18:57.0510772-04:00" endTime="2021-04-12T08:19:05.2903203-04:00" testType="13cdc9d9-ddb5-4fa4-a97d-d965ccfc6d4b" outcome="Passed" testListId="8c84fa94-04c1-424b-9868-57a2d4851a1d" relativeResultsDirectory="17094049-cdd2-494d-9105-7bd0aaadbb6e">
          <Output>
            <StdOut>C:\Agt6\_work\_temp\TestResults\c2kbuild_CLTBUILD23 2021-04-12 08_12_36\In\17094049-cdd2-494d-9105-7bd0aaadbb6e\CLTBUILD23&gt;if not defined TestLocation (set TestLocation=. ) &#xD;
&#xD;
C:\Agt6\_work\_temp\TestResults\c2kbuild_CLTBUILD23 2021-04-12 08_12_36\In\17094049-cdd2-494d-9105-7bd0aaadbb6e\CLTBUILD23&gt;set CollectionFileName=c:\agt6\_work\6\a\api\environment\regapiautomation\testdata\codexport\prereq-loans-grants-21_22\..\..\..\..\..\PreReq\PreReq-ImportISIR.postman_collection.json &#xD;
&#xD;
C:\Agt6\_work\_temp\TestResults\c2kbuild_CLTBUILD23 2021-04-12 08_12_36\In\17094049-cdd2-494d-9105-7bd0aaadbb6e\CLTBUILD23&gt;set DataFileName=c:\agt6\_work\6\a\api\environment\regapiautomation\testdata\codexport\prereq-loans-grants-21_22\PreReq-CODExport@Loans-Grants-21_22-ImportISIR.data.json &#xD;
&#xD;
C:\Agt6\_work\_temp\TestResults\c2kbuild_CLTBUILD23 2021-04-12 08_12_36\In\17094049-cdd2-494d-9105-7bd0aaadbb6e\CLTBUILD23&gt;set EnvironmentFilePath=c:\agt6\_work\6\a\api\environment\regapiautomation\testdata\codexport\prereq-loans-grants-21_22\..\..\..\RegApiAutoEnvironment.postman_environment.json &#xD;
&#xD;
C:\Agt6\_work\_temp\TestResults\c2kbuild_CLTBUILD23 2021-04-12 08_12_36\In\17094049-cdd2-494d-9105-7bd0aaadbb6e\CLTBUILD23&gt;set HtmlResultsFile=ImportISIR_Html.html &#xD;
&#xD;
C:\Agt6\_work\_temp\TestResults\c2kbuild_CLTBUILD23 2021-04-12 08_12_36\In\17094049-cdd2-494d-9105-7bd0aaadbb6e\CLTBUILD23&gt;set JunitResultsFile=ImportISIR_Junit.xml &#xD;
&#xD;
C:\Agt6\_work\_temp\TestResults\c2kbuild_CLTBUILD23 2021-04-12 08_12_36\In\17094049-cdd2-494d-9105-7bd0aaadbb6e\CLTBUILD23&gt;newman run "c:\agt6\_work\6\a\api\environment\regapiautomation\testdata\codexport\prereq-loans-grants-21_22\..\..\..\..\..\PreReq\PreReq-ImportISIR.postman_collection.json" -k -d "c:\agt6\_work\6\a\api\environment\regapiautomation\testdata\codexport\prereq-loans-grants-21_22\PreReq-CODExport@Loans-Grants-21_22-ImportISIR.data.json" -e "c:\agt6\_work\6\a\api\environment\regapiautomation\testdata\codexport\prereq-loans-grants-21_22\..\..\..\RegApiAutoEnvironment.postman_environment.json" -r junit,html --reporter-html-export "ImportISIR_Html.html" --reporter-junit-export "ImportISIR_Junit.xml"</StdOut>
          </Output>
          <ResultFiles>
            <ResultFile path="CLTBUILD23\ImportISIR_Html.html" />
            <ResultFile path="CLTBUILD23\ImportISIR_Junit.xml" />
          </ResultFiles>
        </UnitTestResult>
        <UnitTestResult executionId="df44187e-60d1-4be2-af39-422adb26f1b1" parentExecutionId="300b7aae-6fa8-43f0-b94e-28f948bd5c45" testId="fa0959fe-e713-4e38-aad8-1fb3aa0e25eb" testName="3- prereq-codexport@loans-grants-21_22-enrollstudent-generictest (OT-01C-CODExport.Loans-Grants-21_22)" computerName="CLTBUILD23" duration="00:00:12.7002444" startTime="2021-04-12T08:19:05.2913243-04:00" endTime="2021-04-12T08:19:17.9951043-04:00" testType="13cdc9d9-ddb5-4fa4-a97d-d965ccfc6d4b" outcome="Passed" testListId="8c84fa94-04c1-424b-9868-57a2d4851a1d" relativeResultsDirectory="df44187e-60d1-4be2-af39-422adb26f1b1">
          <Output>
            <StdOut>C:\Agt6\_work\_temp\TestResults\c2kbuild_CLTBUILD23 2021-04-12 08_12_36\In\df44187e-60d1-4be2-af39-422adb26f1b1\CLTBUILD23&gt;if not defined TestLocation (set TestLocation=. ) &#xD;
&#xD;
C:\Agt6\_work\_temp\TestResults\c2kbuild_CLTBUILD23 2021-04-12 08_12_36\In\df44187e-60d1-4be2-af39-422adb26f1b1\CLTBUILD23&gt;set CollectionFileName=c:\agt6\_work\6\a\api\environment\regapiautomation\testdata\codexport\prereq-loans-grants-21_22\..\..\..\..\..\PreReq\PreReq-EnrollStudent.postman_collection.json &#xD;
&#xD;
C:\Agt6\_work\_temp\TestResults\c2kbuild_CLTBUILD23 2021-04-12 08_12_36\In\df44187e-60d1-4be2-af39-422adb26f1b1\CLTBUILD23&gt;set DataFileName=c:\agt6\_work\6\a\api\environment\regapiautomation\testdata\codexport\prereq-loans-grants-21_22\PreReq-CODExport@Loans-Grants-21_22-EnrollStudent.data.csv &#xD;
&#xD;
C:\Agt6\_work\_temp\TestResults\c2kbuild_CLTBUILD23 2021-04-12 08_12_36\In\df44187e-60d1-4be2-af39-422adb26f1b1\CLTBUILD23&gt;set EnvironmentFilePath=c:\agt6\_work\6\a\api\environment\regapiautomation\testdata\codexport\prereq-loans-grants-21_22\..\..\..\RegApiAutoEnvironment.postman_environment.json &#xD;
&#xD;
C:\Agt6\_work\_temp\TestResults\c2kbuild_CLTBUILD23 2021-04-12 08_12_36\In\df44187e-60d1-4be2-af39-422adb26f1b1\CLTBUILD23&gt;set HtmlResultsFile=EnrollStudent_Html.html &#xD;
&#xD;
C:\Agt6\_work\_temp\TestResults\c2kbuild_CLTBUILD23 2021-04-12 08_12_36\In\df44187e-60d1-4be2-af39-422adb26f1b1\CLTBUILD23&gt;set JunitResultsFile=EnrollStudent_Junit.xml &#xD;
&#xD;
C:\Agt6\_work\_temp\TestResults\c2kbuild_CLTBUILD23 2021-04-12 08_12_36\In\df44187e-60d1-4be2-af39-422adb26f1b1\CLTBUILD23&gt;newman run "c:\agt6\_work\6\a\api\environment\regapiautomation\testdata\codexport\prereq-loans-grants-21_22\..\..\..\..\..\PreReq\PreReq-EnrollStudent.postman_collection.json" -k -d "c:\agt6\_work\6\a\api\environment\regapiautomation\testdata\codexport\prereq-loans-grants-21_22\PreReq-CODExport@Loans-Grants-21_22-EnrollStudent.data.csv" -e "c:\agt6\_work\6\a\api\environment\regapiautomation\testdata\codexport\prereq-loans-grants-21_22\..\..\..\RegApiAutoEnvironment.postman_environment.json" -r junit,html --reporter-html-export "EnrollStudent_Html.html" --reporter-junit-export "EnrollStudent_Junit.xml"</StdOut>
          </Output>
          <ResultFiles>
            <ResultFile path="CLTBUILD23\EnrollStudent_Html.html" />
            <ResultFile path="CLTBUILD23\EnrollStudent_Junit.xml" />
          </ResultFiles>
        </UnitTestResult>
        <UnitTestResult executionId="af763d93-6435-47f1-8e69-681ec93f7165" parentExecutionId="300b7aae-6fa8-43f0-b94e-28f948bd5c45" testId="e1204454-f111-420f-9994-8229d7f3a42d" testName="4- prereq-codexport@loans-grants-21_22-updatebudgetforacademicyearforpackaging-generictest (OT-01C-CODExport.Loans-Grants-21_22)" computerName="CLTBUILD23" duration="00:00:08.7246532" startTime="2021-04-12T08:19:17.9961040-04:00" endTime="2021-04-12T08:19:26.7222670-04:00" testType="13cdc9d9-ddb5-4fa4-a97d-d965ccfc6d4b" outcome="Passed" testListId="8c84fa94-04c1-424b-9868-57a2d4851a1d" relativeResultsDirectory="af763d93-6435-47f1-8e69-681ec93f7165">
          <Output>
            <StdOut>C:\Agt6\_work\_temp\TestResults\c2kbuild_CLTBUILD23 2021-04-12 08_12_36\In\af763d93-6435-47f1-8e69-681ec93f7165\CLTBUILD23&gt;if not defined TestLocation (set TestLocation=. ) &#xD;
&#xD;
C:\Agt6\_work\_temp\TestResults\c2kbuild_CLTBUILD23 2021-04-12 08_12_36\In\af763d93-6435-47f1-8e69-681ec93f7165\CLTBUILD23&gt;set CollectionFileName=c:\agt6\_work\6\a\api\environment\regapiautomation\testdata\codexport\prereq-loans-grants-21_22\..\..\..\..\..\PreReq\PreReq-UpdateBudgetForAcademicYearForPackaging.postman_collection.json &#xD;
&#xD;
C:\Agt6\_work\_temp\TestResults\c2kbuild_CLTBUILD23 2021-04-12 08_12_36\In\af763d93-6435-47f1-8e69-681ec93f7165\CLTBUILD23&gt;set DataFileName=c:\agt6\_work\6\a\api\environment\regapiautomation\testdata\codexport\prereq-loans-grants-21_22\PreReq-CODExport@Loans-Grants-21_22-UpdateBudgetForAcademicYearForPackaging.data.csv &#xD;
&#xD;
C:\Agt6\_work\_temp\TestResults\c2kbuild_CLTBUILD23 2021-04-12 08_12_36\In\af763d93-6435-47f1-8e69-681ec93f7165\CLTBUILD23&gt;set EnvironmentFilePath=c:\agt6\_work\6\a\api\environment\regapiautomation\testdata\codexport\prereq-loans-grants-21_22\..\..\..\RegApiAutoEnvironment.postman_environment.json &#xD;
&#xD;
C:\Agt6\_work\_temp\TestResults\c2kbuild_CLTBUILD23 2021-04-12 08_12_36\In\af763d93-6435-47f1-8e69-681ec93f7165\CLTBUILD23&gt;set HtmlResultsFile=UpdateBudgetForAcademicYearForPackaging_Html.html &#xD;
&#xD;
C:\Agt6\_work\_temp\TestResults\c2kbuild_CLTBUILD23 2021-04-12 08_12_36\In\af763d93-6435-47f1-8e69-681ec93f7165\CLTBUILD23&gt;set JunitResultsFile=UpdateBudgetForAcademicYearForPackaging_Junit.xml &#xD;
&#xD;
C:\Agt6\_work\_temp\TestResults\c2kbuild_CLTBUILD23 2021-04-12 08_12_36\In\af763d93-6435-47f1-8e69-681ec93f7165\CLTBUILD23&gt;newman run "c:\agt6\_work\6\a\api\environment\regapiautomation\testdata\codexport\prereq-loans-grants-21_22\..\..\..\..\..\PreReq\PreReq-UpdateBudgetForAcademicYearForPackaging.postman_collection.json" -k -d "c:\agt6\_work\6\a\api\environment\regapiautomation\testdata\codexport\prereq-loans-grants-21_22\PreReq-CODExport@Loans-Grants-21_22-UpdateBudgetForAcademicYearForPackaging.data.csv" -e "c:\agt6\_work\6\a\api\environment\regapiautomation\testdata\codexport\prereq-loans-grants-21_22\..\..\..\RegApiAutoEnvironment.postman_environment.json" -r junit,html --reporter-html-export "UpdateBudgetForAcademicYearForPackaging_Html.html" --reporter-junit-export "UpdateBudgetForAcademicYearForPackaging_Junit.xml"</StdOut>
          </Output>
          <ResultFiles>
            <ResultFile path="CLTBUILD23\UpdateBudgetForAcademicYearForPackaging_Html.html" />
            <ResultFile path="CLTBUILD23\UpdateBudgetForAcademicYearForPackaging_Junit.xml" />
          </ResultFiles>
        </UnitTestResult>
        <UnitTestResult executionId="cadf41c9-da81-4ed7-938f-0041a25abd42" parentExecutionId="300b7aae-6fa8-43f0-b94e-28f948bd5c45" testId="c958152b-26ac-4f4b-9276-5d8e2d52bf71" testName="5- prereq-codexport@loans-grants-21_22-awardgrantorloanforpackaging-generictest (OT-01C-CODExport.Loans-Grants-21_22)" computerName="CLTBUILD23" duration="00:00:21.5305191" startTime="2021-04-12T08:19:26.7222670-04:00" endTime="2021-04-12T08:19:48.2532013-04:00" testType="13cdc9d9-ddb5-4fa4-a97d-d965ccfc6d4b" outcome="Passed" testListId="8c84fa94-04c1-424b-9868-57a2d4851a1d" relativeResultsDirectory="cadf41c9-da81-4ed7-938f-0041a25abd42">
          <Output>
            <StdOut>C:\Agt6\_work\_temp\TestResults\c2kbuild_CLTBUILD23 2021-04-12 08_12_36\In\cadf41c9-da81-4ed7-938f-0041a25abd42\CLTBUILD23&gt;if not defined TestLocation (set TestLocation=. ) &#xD;
&#xD;
C:\Agt6\_work\_temp\TestResults\c2kbuild_CLTBUILD23 2021-04-12 08_12_36\In\cadf41c9-da81-4ed7-938f-0041a25abd42\CLTBUILD23&gt;set CollectionFileName=c:\agt6\_work\6\a\api\environment\regapiautomation\testdata\codexport\prereq-loans-grants-21_22\..\..\..\..\..\PreReq\PreReq-AwardGrantorLoanForPackaging.postman_collection.json &#xD;
&#xD;
C:\Agt6\_work\_temp\TestResults\c2kbuild_CLTBUILD23 2021-04-12 08_12_36\In\cadf41c9-da81-4ed7-938f-0041a25abd42\CLTBUILD23&gt;set DataFileName=c:\agt6\_work\6\a\api\environment\regapiautomation\testdata\codexport\prereq-loans-grants-21_22\PreReq-CODExport@Loans-Grants-21_22-AwardGrantorLoanForPackaging.data.csv &#xD;
&#xD;
C:\Agt6\_work\_temp\TestResults\c2kbuild_CLTBUILD23 2021-04-12 08_12_36\In\cadf41c9-da81-4ed7-938f-0041a25abd42\CLTBUILD23&gt;set EnvironmentFilePath=c:\agt6\_work\6\a\api\environment\regapiautomation\testdata\codexport\prereq-loans-grants-21_22\..\..\..\RegApiAutoEnvironment.postman_environment.json &#xD;
&#xD;
C:\Agt6\_work\_temp\TestResults\c2kbuild_CLTBUILD23 2021-04-12 08_12_36\In\cadf41c9-da81-4ed7-938f-0041a25abd42\CLTBUILD23&gt;set HtmlResultsFile=AwardGrantorLoanForPackaging_Html.html &#xD;
&#xD;
C:\Agt6\_work\_temp\TestResults\c2kbuild_CLTBUILD23 2021-04-12 08_12_36\In\cadf41c9-da81-4ed7-938f-0041a25abd42\CLTBUILD23&gt;set JunitResultsFile=AwardGrantorLoanForPackaging_Junit.xml &#xD;
&#xD;
C:\Agt6\_work\_temp\TestResults\c2kbuild_CLTBUILD23 2021-04-12 08_12_36\In\cadf41c9-da81-4ed7-938f-0041a25abd42\CLTBUILD23&gt;newman run "c:\agt6\_work\6\a\api\environment\regapiautomation\testdata\codexport\prereq-loans-grants-21_22\..\..\..\..\..\PreReq\PreReq-AwardGrantorLoanForPackaging.postman_collection.json" -d "c:\agt6\_work\6\a\api\environment\regapiautomation\testdata\codexport\prereq-loans-grants-21_22\PreReq-CODExport@Loans-Grants-21_22-AwardGrantorLoanForPackaging.data.csv" -e "c:\agt6\_work\6\a\api\environment\regapiautomation\testdata\codexport\prereq-loans-grants-21_22\..\..\..\RegApiAutoEnvironment.postman_environment.json" -k -r junit,html --reporter-html-export "AwardGrantorLoanForPackaging_Html.html" --reporter-junit-export "AwardGrantorLoanForPackaging_Junit.xml"</StdOut>
          </Output>
          <ResultFiles>
            <ResultFile path="CLTBUILD23\AwardGrantorLoanForPackaging_Html.html" />
            <ResultFile path="CLTBUILD23\AwardGrantorLoanForPackaging_Junit.xml" />
          </ResultFiles>
        </UnitTestResult>
        <UnitTestResult executionId="f49f7574-f81c-4429-ab19-35d7c742d635" parentExecutionId="300b7aae-6fa8-43f0-b94e-28f948bd5c45" testId="139e63b3-2051-4895-a8f4-3f57b30db4dc" testName="6- prereq-codexport@loans-grants-21_22-awardloanforpackaging-generictest (OT-01C-CODExport.Loans-Grants-21_22)" computerName="CLTBUILD23" duration="00:00:27.9429457" startTime="2021-04-12T08:19:48.2562011-04:00" endTime="2021-04-12T08:20:16.1964441-04:00" testType="13cdc9d9-ddb5-4fa4-a97d-d965ccfc6d4b" outcome="Passed" testListId="8c84fa94-04c1-424b-9868-57a2d4851a1d" relativeResultsDirectory="f49f7574-f81c-4429-ab19-35d7c742d635">
          <Output>
            <StdOut>C:\Agt6\_work\_temp\TestResults\c2kbuild_CLTBUILD23 2021-04-12 08_12_36\In\f49f7574-f81c-4429-ab19-35d7c742d635\CLTBUILD23&gt;if not defined TestLocation (set TestLocation=. ) &#xD;
&#xD;
C:\Agt6\_work\_temp\TestResults\c2kbuild_CLTBUILD23 2021-04-12 08_12_36\In\f49f7574-f81c-4429-ab19-35d7c742d635\CLTBUILD23&gt;set CollectionFileName=c:\agt6\_work\6\a\api\environment\regapiautomation\testdata\codexport\prereq-loans-grants-21_22\..\..\..\..\..\PreReq\PreReq-AwardLoanForPackaging.postman_collection.json &#xD;
&#xD;
C:\Agt6\_work\_temp\TestResults\c2kbuild_CLTBUILD23 2021-04-12 08_12_36\In\f49f7574-f81c-4429-ab19-35d7c742d635\CLTBUILD23&gt;set DataFileName=c:\agt6\_work\6\a\api\environment\regapiautomation\testdata\codexport\prereq-loans-grants-21_22\PreReq-CODExport@Loans-Grants-21_22-AwardLoanForPackaging.data.csv &#xD;
&#xD;
C:\Agt6\_work\_temp\TestResults\c2kbuild_CLTBUILD23 2021-04-12 08_12_36\In\f49f7574-f81c-4429-ab19-35d7c742d635\CLTBUILD23&gt;set EnvironmentFilePath=c:\agt6\_work\6\a\api\environment\regapiautomation\testdata\codexport\prereq-loans-grants-21_22\..\..\..\RegApiAutoEnvironment.postman_environment.json &#xD;
&#xD;
C:\Agt6\_work\_temp\TestResults\c2kbuild_CLTBUILD23 2021-04-12 08_12_36\In\f49f7574-f81c-4429-ab19-35d7c742d635\CLTBUILD23&gt;set HtmlResultsFile=AwardLoanForPackaging_Html.html &#xD;
&#xD;
C:\Agt6\_work\_temp\TestResults\c2kbuild_CLTBUILD23 2021-04-12 08_12_36\In\f49f7574-f81c-4429-ab19-35d7c742d635\CLTBUILD23&gt;set JunitResultsFile=AwardLoanForPackaging_Junit.xml &#xD;
&#xD;
C:\Agt6\_work\_temp\TestResults\c2kbuild_CLTBUILD23 2021-04-12 08_12_36\In\f49f7574-f81c-4429-ab19-35d7c742d635\CLTBUILD23&gt;newman run "c:\agt6\_work\6\a\api\environment\regapiautomation\testdata\codexport\prereq-loans-grants-21_22\..\..\..\..\..\PreReq\PreReq-AwardLoanForPackaging.postman_collection.json" -d "c:\agt6\_work\6\a\api\environment\regapiautomation\testdata\codexport\prereq-loans-grants-21_22\PreReq-CODExport@Loans-Grants-21_22-AwardLoanForPackaging.data.csv" -e "c:\agt6\_work\6\a\api\environment\regapiautomation\testdata\codexport\prereq-loans-grants-21_22\..\..\..\RegApiAutoEnvironment.postman_environment.json" -k -r junit,html --reporter-html-export "AwardLoanForPackaging_Html.html" --reporter-junit-export "AwardLoanForPackaging_Junit.xml"</StdOut>
          </Output>
          <ResultFiles>
            <ResultFile path="CLTBUILD23\AwardLoanForPackaging_Html.html" />
            <ResultFile path="CLTBUILD23\AwardLoanForPackaging_Junit.xml" />
          </ResultFiles>
        </UnitTestResult>
        <UnitTestResult executionId="809e9838-6531-46a5-878e-052d2bcab4b3" parentExecutionId="300b7aae-6fa8-43f0-b94e-28f948bd5c45" testId="cac1be5b-84e5-4b32-9443-b184e2df83cb" testName="7- cod-export@loans-grants-21_22-export-generictest (OT-01C-CODExport.Loans-Grants-21_22)" computerName="CLTBUILD23" duration="00:00:17.7650487" startTime="2021-04-12T08:20:16.1974459-04:00" endTime="2021-04-12T08:20:33.9636210-04:00" testType="13cdc9d9-ddb5-4fa4-a97d-d965ccfc6d4b" outcome="Passed" testListId="8c84fa94-04c1-424b-9868-57a2d4851a1d" relativeResultsDirectory="809e9838-6531-46a5-878e-052d2bcab4b3">
          <Output>
            <StdOut>C:\Agt6\_work\_temp\TestResults\c2kbuild_CLTBUILD23 2021-04-12 08_12_36\In\809e9838-6531-46a5-878e-052d2bcab4b3\CLTBUILD23&gt;if not defined TestLocation (set TestLocation=. ) &#xD;
&#xD;
C:\Agt6\_work\_temp\TestResults\c2kbuild_CLTBUILD23 2021-04-12 08_12_36\In\809e9838-6531-46a5-878e-052d2bcab4b3\CLTBUILD23&gt;set CollectionFileName=c:\agt6\_work\6\a\api\environment\regapiautomation\testdata\codexport\..\..\..\..\Tests\CODExport\COD-Export@Loans-Grants.postman_collection.json &#xD;
&#xD;
C:\Agt6\_work\_temp\TestResults\c2kbuild_CLTBUILD23 2021-04-12 08_12_36\In\809e9838-6531-46a5-878e-052d2bcab4b3\CLTBUILD23&gt;set DataFileName=c:\agt6\_work\6\a\api\environment\regapiautomation\testdata\codexport\COD-Export@Loans-Grants-21_22-Export.data.json &#xD;
&#xD;
C:\Agt6\_work\_temp\TestResults\c2kbuild_CLTBUILD23 2021-04-12 08_12_36\In\809e9838-6531-46a5-878e-052d2bcab4b3\CLTBUILD23&gt;set EnvironmentFilePath=c:\agt6\_work\6\a\api\environment\regapiautomation\testdata\codexport\..\..\RegApiAutoEnvironment.postman_environment.json &#xD;
&#xD;
C:\Agt6\_work\_temp\TestResults\c2kbuild_CLTBUILD23 2021-04-12 08_12_36\In\809e9838-6531-46a5-878e-052d2bcab4b3\CLTBUILD23&gt;set HtmlResultsFile=Tests_COD-Export@Loans-Grants-21_22-Export_Html.html &#xD;
&#xD;
C:\Agt6\_work\_temp\TestResults\c2kbuild_CLTBUILD23 2021-04-12 08_12_36\In\809e9838-6531-46a5-878e-052d2bcab4b3\CLTBUILD23&gt;set JunitResultsFile=Tests_COD-Export@Loans-Grants-21_22-Export_Junit.xml &#xD;
&#xD;
C:\Agt6\_work\_temp\TestResults\c2kbuild_CLTBUILD23 2021-04-12 08_12_36\In\809e9838-6531-46a5-878e-052d2bcab4b3\CLTBUILD23&gt;newman run "c:\agt6\_work\6\a\api\environment\regapiautomation\testdata\codexport\..\..\..\..\Tests\CODExport\COD-Export@Loans-Grants.postman_collection.json" -k -d "c:\agt6\_work\6\a\api\environment\regapiautomation\testdata\codexport\COD-Export@Loans-Grants-21_22-Export.data.json" -e "c:\agt6\_work\6\a\api\environment\regapiautomation\testdata\codexport\..\..\RegApiAutoEnvironment.postman_environment.json" -r junit,html --reporter-html-export "Tests_COD-Export@Loans-Grants-21_22-Export_Html.html" --reporter-junit-export "Tests_COD-Export@Loans-Grants-21_22-Export_Junit.xml"</StdOut>
          </Output>
          <ResultFiles>
            <ResultFile path="CLTBUILD23\Tests_COD-Export@Loans-Grants-21_22-Export_Html.html" />
            <ResultFile path="CLTBUILD23\Tests_COD-Export@Loans-Grants-21_22-Export_Junit.xml" />
          </ResultFiles>
        </UnitTestResult>
      </InnerResults>
    </TestResultAggregation>
    <TestResultAggregation executionId="b949bb6c-fbc7-48b0-a321-ff7ca17aa84c" testId="3fc9ee59-c119-4dc8-b365-1b49ed9b245f" testName="OT-09A-IsirPrint-id" computerName="CLTBUILD23" duration="00:00:08.6508973" startTime="2021-04-12T09:19:09.9391788-04:00" endTime="2021-04-12T09:19:18.5945611-04:00" testType="ec4800e8-40e5-4ab3-8510-b8bf29b1904d" outcome="Passed" testListId="8c84fa94-04c1-424b-9868-57a2d4851a1d" relativeResultsDirectory="b949bb6c-fbc7-48b0-a321-ff7ca17aa84c">
      <InnerResults>
        <UnitTestResult executionId="6b873b47-0aff-4fff-9538-8967f3cd19dd" parentExecutionId="b949bb6c-fbc7-48b0-a321-ff7ca17aa84c" testId="ed32ceb4-834e-4cc6-a2b2-74dc76fb4ab6" testName="1- appproc-isirprint@hp-isiridprint-generictest (OT-09A-IsirPrint-id)" computerName="CLTBUILD23" duration="00:00:08.6474037" startTime="2021-04-12T09:19:09.9441731-04:00" endTime="2021-04-12T09:19:18.5915626-04:00" testType="13cdc9d9-ddb5-4fa4-a97d-d965ccfc6d4b" outcome="Passed" testListId="8c84fa94-04c1-424b-9868-57a2d4851a1d" relativeResultsDirectory="6b873b47-0aff-4fff-9538-8967f3cd19dd">
          <Output>
            <StdOut>C:\Agt6\_work\_temp\TestResults\c2kbuild_CLTBUILD23 2021-04-12 08_12_36\In\6b873b47-0aff-4fff-9538-8967f3cd19dd\CLTBUILD23&gt;if not defined TestLocation (set TestLocation=. ) &#xD;
&#xD;
C:\Agt6\_work\_temp\TestResults\c2kbuild_CLTBUILD23 2021-04-12 08_12_36\In\6b873b47-0aff-4fff-9538-8967f3cd19dd\CLTBUILD23&gt;set CollectionFileName=c:\agt6\_work\6\a\api\environment\regapiautomation\testdata\isirprint\..\..\..\..\Tests\IsirPrint\AppProc-ISIRPrint@HP-ISIRIdPrint.postman_collection.json &#xD;
&#xD;
C:\Agt6\_work\_temp\TestResults\c2kbuild_CLTBUILD23 2021-04-12 08_12_36\In\6b873b47-0aff-4fff-9538-8967f3cd19dd\CLTBUILD23&gt;set DataFileName=c:\agt6\_work\6\a\api\environment\regapiautomation\testdata\isirprint\AppProc-ISIRPrint@HP-ISIRIdPrint.data.json &#xD;
&#xD;
C:\Agt6\_work\_temp\TestResults\c2kbuild_CLTBUILD23 2021-04-12 08_12_36\In\6b873b47-0aff-4fff-9538-8967f3cd19dd\CLTBUILD23&gt;set EnvironmentFilePath=c:\agt6\_work\6\a\api\environment\regapiautomation\testdata\isirprint\..\..\RegApiAutoEnvironment.postman_environment.json &#xD;
&#xD;
C:\Agt6\_work\_temp\TestResults\c2kbuild_CLTBUILD23 2021-04-12 08_12_36\In\6b873b47-0aff-4fff-9538-8967f3cd19dd\CLTBUILD23&gt;set HtmlResultsFile=IsirPrint_AppProc-ISIRPrint@HP-ISIRIdPrint-Html.html &#xD;
&#xD;
C:\Agt6\_work\_temp\TestResults\c2kbuild_CLTBUILD23 2021-04-12 08_12_36\In\6b873b47-0aff-4fff-9538-8967f3cd19dd\CLTBUILD23&gt;set JunitResultsFile=IsirPrint_AppProc-ISIRPrint@HP-ISIRIdPrint-Junit.xml &#xD;
&#xD;
C:\Agt6\_work\_temp\TestResults\c2kbuild_CLTBUILD23 2021-04-12 08_12_36\In\6b873b47-0aff-4fff-9538-8967f3cd19dd\CLTBUILD23&gt;newman run "c:\agt6\_work\6\a\api\environment\regapiautomation\testdata\isirprint\..\..\..\..\Tests\IsirPrint\AppProc-ISIRPrint@HP-ISIRIdPrint.postman_collection.json" -k -d "c:\agt6\_work\6\a\api\environment\regapiautomation\testdata\isirprint\AppProc-ISIRPrint@HP-ISIRIdPrint.data.json" -e "c:\agt6\_work\6\a\api\environment\regapiautomation\testdata\isirprint\..\..\RegApiAutoEnvironment.postman_environment.json" -r junit,html --reporter-html-export "IsirPrint_AppProc-ISIRPrint@HP-ISIRIdPrint-Html.html" --reporter-junit-export "IsirPrint_AppProc-ISIRPrint@HP-ISIRIdPrint-Junit.xml"</StdOut>
          </Output>
          <ResultFiles>
            <ResultFile path="CLTBUILD23\IsirPrint_AppProc-ISIRPrint@HP-ISIRIdPrint-Html.html" />
            <ResultFile path="CLTBUILD23\IsirPrint_AppProc-ISIRPrint@HP-ISIRIdPrint-Junit.xml" />
          </ResultFiles>
        </UnitTestResult>
      </InnerResults>
    </TestResultAggregation>
    <TestResultAggregation executionId="dc42fed8-ef16-4149-9bef-fb5f599cdf53" testId="8f544bdd-3365-4373-bbef-abf94b6d70f9" testName="OT-06H-FISAP-ColumnC-19_20" computerName="CLTBUILD23" duration="00:00:43.8225215" startTime="2021-04-12T08:49:53.0995733-04:00" endTime="2021-04-12T08:50:36.9204375-04:00" testType="ec4800e8-40e5-4ab3-8510-b8bf29b1904d" outcome="Passed" testListId="8c84fa94-04c1-424b-9868-57a2d4851a1d" relativeResultsDirectory="dc42fed8-ef16-4149-9bef-fb5f599cdf53">
      <InnerResults>
        <UnitTestResult executionId="c57be2d7-e552-42c5-a6fe-b4926ad3afe0" parentExecutionId="dc42fed8-ef16-4149-9bef-fb5f599cdf53" testId="2a07fcc0-9779-42e4-adb8-91c88f90a941" testName="1- prereq-fisap-datacorrection@columnc-19_20-createstudent-generictest (OT-06H-FISAP-ColumnC-19_20)" computerName="CLTBUILD23" duration="00:00:08.2579390" startTime="2021-04-12T08:49:53.1015722-04:00" endTime="2021-04-12T08:50:01.3641994-04:00" testType="13cdc9d9-ddb5-4fa4-a97d-d965ccfc6d4b" outcome="Passed" testListId="8c84fa94-04c1-424b-9868-57a2d4851a1d" relativeResultsDirectory="c57be2d7-e552-42c5-a6fe-b4926ad3afe0">
          <Output>
            <StdOut>C:\Agt6\_work\_temp\TestResults\c2kbuild_CLTBUILD23 2021-04-12 08_12_36\In\c57be2d7-e552-42c5-a6fe-b4926ad3afe0\CLTBUILD23&gt;if not defined TestLocation (set TestLocation=. ) &#xD;
&#xD;
C:\Agt6\_work\_temp\TestResults\c2kbuild_CLTBUILD23 2021-04-12 08_12_36\In\c57be2d7-e552-42c5-a6fe-b4926ad3afe0\CLTBUILD23&gt;set CollectionFileName=c:\agt6\_work\6\a\api\environment\regapiautomation\testdata\fisap-datacorrection\prereq-columnc-19-20\..\..\..\..\..\PreReq\PreReq-CreateStudent.postman_collection.json &#xD;
&#xD;
C:\Agt6\_work\_temp\TestResults\c2kbuild_CLTBUILD23 2021-04-12 08_12_36\In\c57be2d7-e552-42c5-a6fe-b4926ad3afe0\CLTBUILD23&gt;set DataFileName=c:\agt6\_work\6\a\api\environment\regapiautomation\testdata\fisap-datacorrection\prereq-columnc-19-20\PreReq-FISAP-DataCorrection@ColumnC-19_20-CreateStudent.data.csv &#xD;
&#xD;
C:\Agt6\_work\_temp\TestResults\c2kbuild_CLTBUILD23 2021-04-12 08_12_36\In\c57be2d7-e552-42c5-a6fe-b4926ad3afe0\CLTBUILD23&gt;set EnvironmentFilePath=c:\agt6\_work\6\a\api\environment\regapiautomation\testdata\fisap-datacorrection\prereq-columnc-19-20\..\..\..\RegApiAutoEnvironment.postman_environment.json &#xD;
&#xD;
C:\Agt6\_work\_temp\TestResults\c2kbuild_CLTBUILD23 2021-04-12 08_12_36\In\c57be2d7-e552-42c5-a6fe-b4926ad3afe0\CLTBUILD23&gt;set HtmlResultsFile=CreateStudent_Html.html &#xD;
&#xD;
C:\Agt6\_work\_temp\TestResults\c2kbuild_CLTBUILD23 2021-04-12 08_12_36\In\c57be2d7-e552-42c5-a6fe-b4926ad3afe0\CLTBUILD23&gt;set JunitResultsFile=CreateStudent_Junit.xml &#xD;
&#xD;
C:\Agt6\_work\_temp\TestResults\c2kbuild_CLTBUILD23 2021-04-12 08_12_36\In\c57be2d7-e552-42c5-a6fe-b4926ad3afe0\CLTBUILD23&gt;newman run "c:\agt6\_work\6\a\api\environment\regapiautomation\testdata\fisap-datacorrection\prereq-columnc-19-20\..\..\..\..\..\PreReq\PreReq-CreateStudent.postman_collection.json" -k -d "c:\agt6\_work\6\a\api\environment\regapiautomation\testdata\fisap-datacorrection\prereq-columnc-19-20\PreReq-FISAP-DataCorrection@ColumnC-19_20-CreateStudent.data.csv" -e "c:\agt6\_work\6\a\api\environment\regapiautomation\testdata\fisap-datacorrection\prereq-columnc-19-20\..\..\..\RegApiAutoEnvironment.postman_environment.json" -r junit,html --reporter-html-export "CreateStudent_Html.html" --reporter-junit-export "CreateStudent_Junit.xml"</StdOut>
          </Output>
          <ResultFiles>
            <ResultFile path="CLTBUILD23\CreateStudent_Html.html" />
            <ResultFile path="CLTBUILD23\CreateStudent_Junit.xml" />
          </ResultFiles>
        </UnitTestResult>
        <UnitTestResult executionId="e482c5fb-ffb5-438e-b293-e5dae0f04fbb" parentExecutionId="dc42fed8-ef16-4149-9bef-fb5f599cdf53" testId="dc38b2b0-a466-4153-93e4-b164b652e4ad" testName="2- prereq-fisap-datacorrection@columnc-19_20-importisir-generictest (OT-06H-FISAP-ColumnC-19_20)" computerName="CLTBUILD23" duration="00:00:08.6711951" startTime="2021-04-12T08:50:01.3651995-04:00" endTime="2021-04-12T08:50:10.0398141-04:00" testType="13cdc9d9-ddb5-4fa4-a97d-d965ccfc6d4b" outcome="Passed" testListId="8c84fa94-04c1-424b-9868-57a2d4851a1d" relativeResultsDirectory="e482c5fb-ffb5-438e-b293-e5dae0f04fbb">
          <Output>
            <StdOut>C:\Agt6\_work\_temp\TestResults\c2kbuild_CLTBUILD23 2021-04-12 08_12_36\In\e482c5fb-ffb5-438e-b293-e5dae0f04fbb\CLTBUILD23&gt;if not defined TestLocation (set TestLocation=. ) &#xD;
&#xD;
C:\Agt6\_work\_temp\TestResults\c2kbuild_CLTBUILD23 2021-04-12 08_12_36\In\e482c5fb-ffb5-438e-b293-e5dae0f04fbb\CLTBUILD23&gt;set CollectionFileName=c:\agt6\_work\6\a\api\environment\regapiautomation\testdata\fisap-datacorrection\prereq-columnc-19-20\..\..\..\..\..\PreReq\PreReq-ImportIsir.postman_collection.json &#xD;
&#xD;
C:\Agt6\_work\_temp\TestResults\c2kbuild_CLTBUILD23 2021-04-12 08_12_36\In\e482c5fb-ffb5-438e-b293-e5dae0f04fbb\CLTBUILD23&gt;set DataFileName=c:\agt6\_work\6\a\api\environment\regapiautomation\testdata\fisap-datacorrection\prereq-columnc-19-20\PreReq-FISAP-DataCorrection@ColumnC-19_20-ImportIsir.data.json &#xD;
&#xD;
C:\Agt6\_work\_temp\TestResults\c2kbuild_CLTBUILD23 2021-04-12 08_12_36\In\e482c5fb-ffb5-438e-b293-e5dae0f04fbb\CLTBUILD23&gt;set EnvironmentFilePath=c:\agt6\_work\6\a\api\environment\regapiautomation\testdata\fisap-datacorrection\prereq-columnc-19-20\..\..\..\RegApiAutoEnvironment.postman_environment.json &#xD;
&#xD;
C:\Agt6\_work\_temp\TestResults\c2kbuild_CLTBUILD23 2021-04-12 08_12_36\In\e482c5fb-ffb5-438e-b293-e5dae0f04fbb\CLTBUILD23&gt;set HtmlResultsFile=ImportIsir_Html.html &#xD;
&#xD;
C:\Agt6\_work\_temp\TestResults\c2kbuild_CLTBUILD23 2021-04-12 08_12_36\In\e482c5fb-ffb5-438e-b293-e5dae0f04fbb\CLTBUILD23&gt;set JunitResultsFile=ImportIsir_Junit.xml &#xD;
&#xD;
C:\Agt6\_work\_temp\TestResults\c2kbuild_CLTBUILD23 2021-04-12 08_12_36\In\e482c5fb-ffb5-438e-b293-e5dae0f04fbb\CLTBUILD23&gt;newman run "c:\agt6\_work\6\a\api\environment\regapiautomation\testdata\fisap-datacorrection\prereq-columnc-19-20\..\..\..\..\..\PreReq\PreReq-ImportIsir.postman_collection.json" -k -d "c:\agt6\_work\6\a\api\environment\regapiautomation\testdata\fisap-datacorrection\prereq-columnc-19-20\PreReq-FISAP-DataCorrection@ColumnC-19_20-ImportIsir.data.json" -e "c:\agt6\_work\6\a\api\environment\regapiautomation\testdata\fisap-datacorrection\prereq-columnc-19-20\..\..\..\RegApiAutoEnvironment.postman_environment.json" -r junit,html --reporter-html-export "ImportIsir_Html.html" --reporter-junit-export "ImportIsir_Junit.xml"</StdOut>
          </Output>
          <ResultFiles>
            <ResultFile path="CLTBUILD23\ImportIsir_Html.html" />
            <ResultFile path="CLTBUILD23\ImportIsir_Junit.xml" />
          </ResultFiles>
        </UnitTestResult>
        <UnitTestResult executionId="fe3ff2e5-5dbe-4ebc-89bf-11eb4340dee9" parentExecutionId="dc42fed8-ef16-4149-9bef-fb5f599cdf53" testId="ba378e3c-3c32-4fb6-b2ff-8043c915e7d7" testName="3- prereq-fisap-datacorrection@columnc-19_20-enrollstudent-generictest (OT-06H-FISAP-ColumnC-19_20)" computerName="CLTBUILD23" duration="00:00:11.5071422" startTime="2021-04-12T08:50:10.0398141-04:00" endTime="2021-04-12T08:50:21.5492957-04:00" testType="13cdc9d9-ddb5-4fa4-a97d-d965ccfc6d4b" outcome="Passed" testListId="8c84fa94-04c1-424b-9868-57a2d4851a1d" relativeResultsDirectory="fe3ff2e5-5dbe-4ebc-89bf-11eb4340dee9">
          <Output>
            <StdOut>C:\Agt6\_work\_temp\TestResults\c2kbuild_CLTBUILD23 2021-04-12 08_12_36\In\fe3ff2e5-5dbe-4ebc-89bf-11eb4340dee9\CLTBUILD23&gt;if not defined TestLocation (set TestLocation=. ) &#xD;
&#xD;
C:\Agt6\_work\_temp\TestResults\c2kbuild_CLTBUILD23 2021-04-12 08_12_36\In\fe3ff2e5-5dbe-4ebc-89bf-11eb4340dee9\CLTBUILD23&gt;set CollectionFileName=c:\agt6\_work\6\a\api\environment\regapiautomation\testdata\fisap-datacorrection\prereq-columnc-19-20\..\..\..\..\..\PreReq\PreReq-EnrollStudent.postman_collection.json &#xD;
&#xD;
C:\Agt6\_work\_temp\TestResults\c2kbuild_CLTBUILD23 2021-04-12 08_12_36\In\fe3ff2e5-5dbe-4ebc-89bf-11eb4340dee9\CLTBUILD23&gt;set DataFileName=c:\agt6\_work\6\a\api\environment\regapiautomation\testdata\fisap-datacorrection\prereq-columnc-19-20\PreReq-FISAP-DataCorrection@ColumnC-19_20-EnrollStudent.data.csv &#xD;
&#xD;
C:\Agt6\_work\_temp\TestResults\c2kbuild_CLTBUILD23 2021-04-12 08_12_36\In\fe3ff2e5-5dbe-4ebc-89bf-11eb4340dee9\CLTBUILD23&gt;set EnvironmentFilePath=c:\agt6\_work\6\a\api\environment\regapiautomation\testdata\fisap-datacorrection\prereq-columnc-19-20\..\..\..\RegApiAutoEnvironment.postman_environment.json &#xD;
&#xD;
C:\Agt6\_work\_temp\TestResults\c2kbuild_CLTBUILD23 2021-04-12 08_12_36\In\fe3ff2e5-5dbe-4ebc-89bf-11eb4340dee9\CLTBUILD23&gt;set HtmlResultsFile=NoClasses-EnrollStudent_Html.html &#xD;
&#xD;
C:\Agt6\_work\_temp\TestResults\c2kbuild_CLTBUILD23 2021-04-12 08_12_36\In\fe3ff2e5-5dbe-4ebc-89bf-11eb4340dee9\CLTBUILD23&gt;set JunitResultsFile=NoClasses-EnrollStudent_Junit.xml &#xD;
&#xD;
C:\Agt6\_work\_temp\TestResults\c2kbuild_CLTBUILD23 2021-04-12 08_12_36\In\fe3ff2e5-5dbe-4ebc-89bf-11eb4340dee9\CLTBUILD23&gt;newman run "c:\agt6\_work\6\a\api\environment\regapiautomation\testdata\fisap-datacorrection\prereq-columnc-19-20\..\..\..\..\..\PreReq\PreReq-EnrollStudent.postman_collection.json" -k -d "c:\agt6\_work\6\a\api\environment\regapiautomation\testdata\fisap-datacorrection\prereq-columnc-19-20\PreReq-FISAP-DataCorrection@ColumnC-19_20-EnrollStudent.data.csv" -e "c:\agt6\_work\6\a\api\environment\regapiautomation\testdata\fisap-datacorrection\prereq-columnc-19-20\..\..\..\RegApiAutoEnvironment.postman_environment.json" -r junit,html --reporter-html-export "NoClasses-EnrollStudent_Html.html" --reporter-junit-export "NoClasses-EnrollStudent_Junit.xml"</StdOut>
          </Output>
          <ResultFiles>
            <ResultFile path="CLTBUILD23\NoClasses-EnrollStudent_Html.html" />
            <ResultFile path="CLTBUILD23\NoClasses-EnrollStudent_Junit.xml" />
          </ResultFiles>
        </UnitTestResult>
        <UnitTestResult executionId="c893b124-212c-4b52-95e6-d93563249f1d" parentExecutionId="dc42fed8-ef16-4149-9bef-fb5f599cdf53" testId="56ac01b4-897e-4826-8922-33f9ef46fbbd" testName="4- prereq-fisap-datacorrection@columnc-19_20-registerclassandpostattendance-generictest (OT-06H-FISAP-ColumnC-19_20)" computerName="CLTBUILD23" duration="00:00:08.5145961" startTime="2021-04-12T08:50:21.5492957-04:00" endTime="2021-04-12T08:50:30.0718320-04:00" testType="13cdc9d9-ddb5-4fa4-a97d-d965ccfc6d4b" outcome="Passed" testListId="8c84fa94-04c1-424b-9868-57a2d4851a1d" relativeResultsDirectory="c893b124-212c-4b52-95e6-d93563249f1d">
          <Output>
            <StdOut>C:\Agt6\_work\_temp\TestResults\c2kbuild_CLTBUILD23 2021-04-12 08_12_36\In\c893b124-212c-4b52-95e6-d93563249f1d\CLTBUILD23&gt;if not defined TestLocation (set TestLocation=. ) &#xD;
&#xD;
C:\Agt6\_work\_temp\TestResults\c2kbuild_CLTBUILD23 2021-04-12 08_12_36\In\c893b124-212c-4b52-95e6-d93563249f1d\CLTBUILD23&gt;set CollectionFileName=c:\agt6\_work\6\a\api\environment\regapiautomation\testdata\fisap-datacorrection\prereq-columnc-19-20\..\..\..\..\..\PreReq\PreReq-RegisterClassAndPostAttendanceForStudent.postman_collection.json &#xD;
&#xD;
C:\Agt6\_work\_temp\TestResults\c2kbuild_CLTBUILD23 2021-04-12 08_12_36\In\c893b124-212c-4b52-95e6-d93563249f1d\CLTBUILD23&gt;set DataFileName=c:\agt6\_work\6\a\api\environment\regapiautomation\testdata\fisap-datacorrection\prereq-columnc-19-20\PreReq-FISAP-DataCorrection@ColumnC-19_20-RegisterClassAndPostAttendance.csv &#xD;
&#xD;
C:\Agt6\_work\_temp\TestResults\c2kbuild_CLTBUILD23 2021-04-12 08_12_36\In\c893b124-212c-4b52-95e6-d93563249f1d\CLTBUILD23&gt;set EnvironmentFilePath=c:\agt6\_work\6\a\api\environment\regapiautomation\testdata\fisap-datacorrection\prereq-columnc-19-20\..\..\..\RegApiAutoEnvironment.postman_environment.json &#xD;
&#xD;
C:\Agt6\_work\_temp\TestResults\c2kbuild_CLTBUILD23 2021-04-12 08_12_36\In\c893b124-212c-4b52-95e6-d93563249f1d\CLTBUILD23&gt;set HtmlResultsFile=PreReq-RegisterClassAndPostAttendance_Html.html &#xD;
&#xD;
C:\Agt6\_work\_temp\TestResults\c2kbuild_CLTBUILD23 2021-04-12 08_12_36\In\c893b124-212c-4b52-95e6-d93563249f1d\CLTBUILD23&gt;set JunitResultsFile=PreReq-RegisterClassAndPostAttendance_Junit.xml &#xD;
&#xD;
C:\Agt6\_work\_temp\TestResults\c2kbuild_CLTBUILD23 2021-04-12 08_12_36\In\c893b124-212c-4b52-95e6-d93563249f1d\CLTBUILD23&gt;newman run "c:\agt6\_work\6\a\api\environment\regapiautomation\testdata\fisap-datacorrection\prereq-columnc-19-20\..\..\..\..\..\PreReq\PreReq-RegisterClassAndPostAttendanceForStudent.postman_collection.json" -k -d "c:\agt6\_work\6\a\api\environment\regapiautomation\testdata\fisap-datacorrection\prereq-columnc-19-20\PreReq-FISAP-DataCorrection@ColumnC-19_20-RegisterClassAndPostAttendance.csv" -e "c:\agt6\_work\6\a\api\environment\regapiautomation\testdata\fisap-datacorrection\prereq-columnc-19-20\..\..\..\RegApiAutoEnvironment.postman_environment.json" -r junit,html --reporter-html-export "PreReq-RegisterClassAndPostAttendance_Html.html" --reporter-junit-export "PreReq-RegisterClassAndPostAttendance_Junit.xml"</StdOut>
          </Output>
          <ResultFiles>
            <ResultFile path="CLTBUILD23\PreReq-RegisterClassAndPostAttendance_Html.html" />
            <ResultFile path="CLTBUILD23\PreReq-RegisterClassAndPostAttendance_Junit.xml" />
          </ResultFiles>
        </UnitTestResult>
        <UnitTestResult executionId="4b8cd716-bffa-45bf-a4ce-06a7b8e66f56" parentExecutionId="dc42fed8-ef16-4149-9bef-fb5f599cdf53" testId="b5deb619-7e9c-46f9-bb3d-6195db1443e2" testName="5- fisap-datacorrection@columnc-19_20-generictest (OT-06H-FISAP-ColumnC-19_20)" computerName="CLTBUILD23" duration="00:00:06.8402969" startTime="2021-04-12T08:50:30.0728304-04:00" endTime="2021-04-12T08:50:36.9184359-04:00" testType="13cdc9d9-ddb5-4fa4-a97d-d965ccfc6d4b" outcome="Passed" testListId="8c84fa94-04c1-424b-9868-57a2d4851a1d" relativeResultsDirectory="4b8cd716-bffa-45bf-a4ce-06a7b8e66f56">
          <Output>
            <StdOut>C:\Agt6\_work\_temp\TestResults\c2kbuild_CLTBUILD23 2021-04-12 08_12_36\In\4b8cd716-bffa-45bf-a4ce-06a7b8e66f56\CLTBUILD23&gt;if not defined TestLocation (set TestLocation=. ) &#xD;
&#xD;
C:\Agt6\_work\_temp\TestResults\c2kbuild_CLTBUILD23 2021-04-12 08_12_36\In\4b8cd716-bffa-45bf-a4ce-06a7b8e66f56\CLTBUILD23&gt;set CollectionFileName=c:\agt6\_work\6\a\api\environment\regapiautomation\testdata\fisap-datacorrection\..\..\..\..\Tests\FISAP-DataCorrection\FISAP-DataCorrection@ColumnA.postman_collection.json &#xD;
&#xD;
C:\Agt6\_work\_temp\TestResults\c2kbuild_CLTBUILD23 2021-04-12 08_12_36\In\4b8cd716-bffa-45bf-a4ce-06a7b8e66f56\CLTBUILD23&gt;set DataFileName=c:\agt6\_work\6\a\api\environment\regapiautomation\testdata\fisap-datacorrection\FISAP-DataCorrection@ColumnC-19_20.data.json &#xD;
&#xD;
C:\Agt6\_work\_temp\TestResults\c2kbuild_CLTBUILD23 2021-04-12 08_12_36\In\4b8cd716-bffa-45bf-a4ce-06a7b8e66f56\CLTBUILD23&gt;set EnvironmentFilePath=c:\agt6\_work\6\a\api\environment\regapiautomation\testdata\fisap-datacorrection\..\..\RegApiAutoEnvironment.postman_environment.json &#xD;
&#xD;
C:\Agt6\_work\_temp\TestResults\c2kbuild_CLTBUILD23 2021-04-12 08_12_36\In\4b8cd716-bffa-45bf-a4ce-06a7b8e66f56\CLTBUILD23&gt;set HtmlResultsFile=FISAP-DataCorrection@ColumnC-19_20-Html.html &#xD;
&#xD;
C:\Agt6\_work\_temp\TestResults\c2kbuild_CLTBUILD23 2021-04-12 08_12_36\In\4b8cd716-bffa-45bf-a4ce-06a7b8e66f56\CLTBUILD23&gt;set JunitResultsFile=FISAP-DataCorrection@ColumnC-19_20-Junit.xml &#xD;
&#xD;
C:\Agt6\_work\_temp\TestResults\c2kbuild_CLTBUILD23 2021-04-12 08_12_36\In\4b8cd716-bffa-45bf-a4ce-06a7b8e66f56\CLTBUILD23&gt;newman run "c:\agt6\_work\6\a\api\environment\regapiautomation\testdata\fisap-datacorrection\..\..\..\..\Tests\FISAP-DataCorrection\FISAP-DataCorrection@ColumnA.postman_collection.json" -k -d "c:\agt6\_work\6\a\api\environment\regapiautomation\testdata\fisap-datacorrection\FISAP-DataCorrection@ColumnC-19_20.data.json" -e "c:\agt6\_work\6\a\api\environment\regapiautomation\testdata\fisap-datacorrection\..\..\RegApiAutoEnvironment.postman_environment.json" -r junit,html --reporter-html-export "FISAP-DataCorrection@ColumnC-19_20-Html.html" --reporter-junit-export "FISAP-DataCorrection@ColumnC-19_20-Junit.xml"</StdOut>
          </Output>
          <ResultFiles>
            <ResultFile path="CLTBUILD23\FISAP-DataCorrection@ColumnC-19_20-Html.html" />
            <ResultFile path="CLTBUILD23\FISAP-DataCorrection@ColumnC-19_20-Junit.xml" />
          </ResultFiles>
        </UnitTestResult>
      </InnerResults>
    </TestResultAggregation>
    <TestResultAggregation executionId="1b80f72f-2e8a-4682-ab8e-9c15673042ab" testId="7723ef94-de34-4777-8ccc-fe53af0cef72" testName="OT-06G-FISAP-ColumnA-20_21" computerName="CLTBUILD23" duration="00:00:51.1725129" startTime="2021-04-12T08:49:01.9266101-04:00" endTime="2021-04-12T08:49:53.0975708-04:00" testType="ec4800e8-40e5-4ab3-8510-b8bf29b1904d" outcome="Passed" testListId="8c84fa94-04c1-424b-9868-57a2d4851a1d" relativeResultsDirectory="1b80f72f-2e8a-4682-ab8e-9c15673042ab">
      <InnerResults>
        <UnitTestResult executionId="e963ae6e-3c14-4fb3-b51a-355264c33c64" parentExecutionId="1b80f72f-2e8a-4682-ab8e-9c15673042ab" testId="62603344-d91e-40a2-bd05-f7569e508ff5" testName="1- prereq-fisap-datacorrection@columna-20_21-createstudent-generictest (OT-06G-FISAP-ColumnA-20_21)" computerName="CLTBUILD23" duration="00:00:08.3665040" startTime="2021-04-12T08:49:01.9296118-04:00" endTime="2021-04-12T08:49:10.2982914-04:00" testType="13cdc9d9-ddb5-4fa4-a97d-d965ccfc6d4b" outcome="Passed" testListId="8c84fa94-04c1-424b-9868-57a2d4851a1d" relativeResultsDirectory="e963ae6e-3c14-4fb3-b51a-355264c33c64">
          <Output>
            <StdOut>C:\Agt6\_work\_temp\TestResults\c2kbuild_CLTBUILD23 2021-04-12 08_12_36\In\e963ae6e-3c14-4fb3-b51a-355264c33c64\CLTBUILD23&gt;if not defined TestLocation (set TestLocation=. ) &#xD;
&#xD;
C:\Agt6\_work\_temp\TestResults\c2kbuild_CLTBUILD23 2021-04-12 08_12_36\In\e963ae6e-3c14-4fb3-b51a-355264c33c64\CLTBUILD23&gt;set CollectionFileName=c:\agt6\_work\6\a\api\environment\regapiautomation\testdata\fisap-datacorrection\prereq-columna-20-21\..\..\..\..\..\PreReq\PreReq-CreateStudent.postman_collection.json &#xD;
&#xD;
C:\Agt6\_work\_temp\TestResults\c2kbuild_CLTBUILD23 2021-04-12 08_12_36\In\e963ae6e-3c14-4fb3-b51a-355264c33c64\CLTBUILD23&gt;set DataFileName=c:\agt6\_work\6\a\api\environment\regapiautomation\testdata\fisap-datacorrection\prereq-columna-20-21\PreReq-FISAP-DataCorrection@ColumnA-20_21-CreateStudent.data.csv &#xD;
&#xD;
C:\Agt6\_work\_temp\TestResults\c2kbuild_CLTBUILD23 2021-04-12 08_12_36\In\e963ae6e-3c14-4fb3-b51a-355264c33c64\CLTBUILD23&gt;set EnvironmentFilePath=c:\agt6\_work\6\a\api\environment\regapiautomation\testdata\fisap-datacorrection\prereq-columna-20-21\..\..\..\RegApiAutoEnvironment.postman_environment.json &#xD;
&#xD;
C:\Agt6\_work\_temp\TestResults\c2kbuild_CLTBUILD23 2021-04-12 08_12_36\In\e963ae6e-3c14-4fb3-b51a-355264c33c64\CLTBUILD23&gt;set HtmlResultsFile=CreateStudent_Html.html &#xD;
&#xD;
C:\Agt6\_work\_temp\TestResults\c2kbuild_CLTBUILD23 2021-04-12 08_12_36\In\e963ae6e-3c14-4fb3-b51a-355264c33c64\CLTBUILD23&gt;set JunitResultsFile=CreateStudent_Junit.xml &#xD;
&#xD;
C:\Agt6\_work\_temp\TestResults\c2kbuild_CLTBUILD23 2021-04-12 08_12_36\In\e963ae6e-3c14-4fb3-b51a-355264c33c64\CLTBUILD23&gt;newman run "c:\agt6\_work\6\a\api\environment\regapiautomation\testdata\fisap-datacorrection\prereq-columna-20-21\..\..\..\..\..\PreReq\PreReq-CreateStudent.postman_collection.json" -k -d "c:\agt6\_work\6\a\api\environment\regapiautomation\testdata\fisap-datacorrection\prereq-columna-20-21\PreReq-FISAP-DataCorrection@ColumnA-20_21-CreateStudent.data.csv" -e "c:\agt6\_work\6\a\api\environment\regapiautomation\testdata\fisap-datacorrection\prereq-columna-20-21\..\..\..\RegApiAutoEnvironment.postman_environment.json" -r junit,html --reporter-html-export "CreateStudent_Html.html" --reporter-junit-export "CreateStudent_Junit.xml"</StdOut>
          </Output>
          <ResultFiles>
            <ResultFile path="CLTBUILD23\CreateStudent_Html.html" />
            <ResultFile path="CLTBUILD23\CreateStudent_Junit.xml" />
          </ResultFiles>
        </UnitTestResult>
        <UnitTestResult executionId="d6ef7dca-9b1c-40de-9e6c-afea9469c3e7" parentExecutionId="1b80f72f-2e8a-4682-ab8e-9c15673042ab" testId="7e009d24-93a5-4b94-bd99-ff3766615292" testName="2- prereq-fisap-datacorrection@columna-20_21-importisir-generictest (OT-06G-FISAP-ColumnA-20_21)" computerName="CLTBUILD23" duration="00:00:08.5588499" startTime="2021-04-12T08:49:10.2982914-04:00" endTime="2021-04-12T08:49:18.8619578-04:00" testType="13cdc9d9-ddb5-4fa4-a97d-d965ccfc6d4b" outcome="Passed" testListId="8c84fa94-04c1-424b-9868-57a2d4851a1d" relativeResultsDirectory="d6ef7dca-9b1c-40de-9e6c-afea9469c3e7">
          <Output>
            <StdOut>C:\Agt6\_work\_temp\TestResults\c2kbuild_CLTBUILD23 2021-04-12 08_12_36\In\d6ef7dca-9b1c-40de-9e6c-afea9469c3e7\CLTBUILD23&gt;if not defined TestLocation (set TestLocation=. ) &#xD;
&#xD;
C:\Agt6\_work\_temp\TestResults\c2kbuild_CLTBUILD23 2021-04-12 08_12_36\In\d6ef7dca-9b1c-40de-9e6c-afea9469c3e7\CLTBUILD23&gt;set CollectionFileName=c:\agt6\_work\6\a\api\environment\regapiautomation\testdata\fisap-datacorrection\prereq-columna-20-21\..\..\..\..\..\PreReq\PreReq-ImportIsir.postman_collection.json &#xD;
&#xD;
C:\Agt6\_work\_temp\TestResults\c2kbuild_CLTBUILD23 2021-04-12 08_12_36\In\d6ef7dca-9b1c-40de-9e6c-afea9469c3e7\CLTBUILD23&gt;set DataFileName=c:\agt6\_work\6\a\api\environment\regapiautomation\testdata\fisap-datacorrection\prereq-columna-20-21\PreReq-FISAP-DataCorrection@ColumnA-20_21-ImportIsir.data.json &#xD;
&#xD;
C:\Agt6\_work\_temp\TestResults\c2kbuild_CLTBUILD23 2021-04-12 08_12_36\In\d6ef7dca-9b1c-40de-9e6c-afea9469c3e7\CLTBUILD23&gt;set EnvironmentFilePath=c:\agt6\_work\6\a\api\environment\regapiautomation\testdata\fisap-datacorrection\prereq-columna-20-21\..\..\..\RegApiAutoEnvironment.postman_environment.json &#xD;
&#xD;
C:\Agt6\_work\_temp\TestResults\c2kbuild_CLTBUILD23 2021-04-12 08_12_36\In\d6ef7dca-9b1c-40de-9e6c-afea9469c3e7\CLTBUILD23&gt;set HtmlResultsFile=ImportIsir_Html.html &#xD;
&#xD;
C:\Agt6\_work\_temp\TestResults\c2kbuild_CLTBUILD23 2021-04-12 08_12_36\In\d6ef7dca-9b1c-40de-9e6c-afea9469c3e7\CLTBUILD23&gt;set JunitResultsFile=ImportIsir_Junit.xml &#xD;
&#xD;
C:\Agt6\_work\_temp\TestResults\c2kbuild_CLTBUILD23 2021-04-12 08_12_36\In\d6ef7dca-9b1c-40de-9e6c-afea9469c3e7\CLTBUILD23&gt;newman run "c:\agt6\_work\6\a\api\environment\regapiautomation\testdata\fisap-datacorrection\prereq-columna-20-21\..\..\..\..\..\PreReq\PreReq-ImportIsir.postman_collection.json" -k -d "c:\agt6\_work\6\a\api\environment\regapiautomation\testdata\fisap-datacorrection\prereq-columna-20-21\PreReq-FISAP-DataCorrection@ColumnA-20_21-ImportIsir.data.json" -e "c:\agt6\_work\6\a\api\environment\regapiautomation\testdata\fisap-datacorrection\prereq-columna-20-21\..\..\..\RegApiAutoEnvironment.postman_environment.json" -r junit,html --reporter-html-export "ImportIsir_Html.html" --reporter-junit-export "ImportIsir_Junit.xml"</StdOut>
          </Output>
          <ResultFiles>
            <ResultFile path="CLTBUILD23\ImportIsir_Html.html" />
            <ResultFile path="CLTBUILD23\ImportIsir_Junit.xml" />
          </ResultFiles>
        </UnitTestResult>
        <UnitTestResult executionId="c0ef7bb0-4123-4c5d-b061-41f23b5da524" parentExecutionId="1b80f72f-2e8a-4682-ab8e-9c15673042ab" testId="489fccbe-1241-4f7c-9a65-48912cddf434" testName="3- prereq-fisap-datacorrection@columna-20_21-enrollstudent-generictest (OT-06G-FISAP-ColumnA-20_21)" computerName="CLTBUILD23" duration="00:00:12.6289057" startTime="2021-04-12T08:49:18.8629579-04:00" endTime="2021-04-12T08:49:31.4924715-04:00" testType="13cdc9d9-ddb5-4fa4-a97d-d965ccfc6d4b" outcome="Passed" testListId="8c84fa94-04c1-424b-9868-57a2d4851a1d" relativeResultsDirectory="c0ef7bb0-4123-4c5d-b061-41f23b5da524">
          <Output>
            <StdOut>C:\Agt6\_work\_temp\TestResults\c2kbuild_CLTBUILD23 2021-04-12 08_12_36\In\c0ef7bb0-4123-4c5d-b061-41f23b5da524\CLTBUILD23&gt;if not defined TestLocation (set TestLocation=. ) &#xD;
&#xD;
C:\Agt6\_work\_temp\TestResults\c2kbuild_CLTBUILD23 2021-04-12 08_12_36\In\c0ef7bb0-4123-4c5d-b061-41f23b5da524\CLTBUILD23&gt;set CollectionFileName=c:\agt6\_work\6\a\api\environment\regapiautomation\testdata\fisap-datacorrection\prereq-columna-20-21\..\..\..\..\..\PreReq\PreReq-EnrollStudent.postman_collection.json &#xD;
&#xD;
C:\Agt6\_work\_temp\TestResults\c2kbuild_CLTBUILD23 2021-04-12 08_12_36\In\c0ef7bb0-4123-4c5d-b061-41f23b5da524\CLTBUILD23&gt;set DataFileName=c:\agt6\_work\6\a\api\environment\regapiautomation\testdata\fisap-datacorrection\prereq-columna-20-21\PreReq-FISAP-DataCorrection@ColumnA-20_21-EnrollStudent.data.csv &#xD;
&#xD;
C:\Agt6\_work\_temp\TestResults\c2kbuild_CLTBUILD23 2021-04-12 08_12_36\In\c0ef7bb0-4123-4c5d-b061-41f23b5da524\CLTBUILD23&gt;set EnvironmentFilePath=c:\agt6\_work\6\a\api\environment\regapiautomation\testdata\fisap-datacorrection\prereq-columna-20-21\..\..\..\RegApiAutoEnvironment.postman_environment.json &#xD;
&#xD;
C:\Agt6\_work\_temp\TestResults\c2kbuild_CLTBUILD23 2021-04-12 08_12_36\In\c0ef7bb0-4123-4c5d-b061-41f23b5da524\CLTBUILD23&gt;set HtmlResultsFile=NoClasses-EnrollStudent_Html.html &#xD;
&#xD;
C:\Agt6\_work\_temp\TestResults\c2kbuild_CLTBUILD23 2021-04-12 08_12_36\In\c0ef7bb0-4123-4c5d-b061-41f23b5da524\CLTBUILD23&gt;set JunitResultsFile=NoClasses-EnrollStudent_Junit.xml &#xD;
&#xD;
C:\Agt6\_work\_temp\TestResults\c2kbuild_CLTBUILD23 2021-04-12 08_12_36\In\c0ef7bb0-4123-4c5d-b061-41f23b5da524\CLTBUILD23&gt;newman run "c:\agt6\_work\6\a\api\environment\regapiautomation\testdata\fisap-datacorrection\prereq-columna-20-21\..\..\..\..\..\PreReq\PreReq-EnrollStudent.postman_collection.json" -k -d "c:\agt6\_work\6\a\api\environment\regapiautomation\testdata\fisap-datacorrection\prereq-columna-20-21\PreReq-FISAP-DataCorrection@ColumnA-20_21-EnrollStudent.data.csv" -e "c:\agt6\_work\6\a\api\environment\regapiautomation\testdata\fisap-datacorrection\prereq-columna-20-21\..\..\..\RegApiAutoEnvironment.postman_environment.json" -r junit,html --reporter-html-export "NoClasses-EnrollStudent_Html.html" --reporter-junit-export "NoClasses-EnrollStudent_Junit.xml"</StdOut>
          </Output>
          <ResultFiles>
            <ResultFile path="CLTBUILD23\NoClasses-EnrollStudent_Html.html" />
            <ResultFile path="CLTBUILD23\NoClasses-EnrollStudent_Junit.xml" />
          </ResultFiles>
        </UnitTestResult>
        <UnitTestResult executionId="875b29d4-55bb-4fc2-b0df-09c5755417ea" parentExecutionId="1b80f72f-2e8a-4682-ab8e-9c15673042ab" testId="637b8e79-09e6-4fca-964d-af91d5725dbc" testName="4- prereq-fisap-datacorrection@columna-20_21-registerclassandpostattendance-generictest (OT-06G-FISAP-ColumnA-20_21)" computerName="CLTBUILD23" duration="00:00:08.0174205" startTime="2021-04-12T08:49:31.4924715-04:00" endTime="2021-04-12T08:49:39.5111562-04:00" testType="13cdc9d9-ddb5-4fa4-a97d-d965ccfc6d4b" outcome="Passed" testListId="8c84fa94-04c1-424b-9868-57a2d4851a1d" relativeResultsDirectory="875b29d4-55bb-4fc2-b0df-09c5755417ea">
          <Output>
            <StdOut>C:\Agt6\_work\_temp\TestResults\c2kbuild_CLTBUILD23 2021-04-12 08_12_36\In\875b29d4-55bb-4fc2-b0df-09c5755417ea\CLTBUILD23&gt;if not defined TestLocation (set TestLocation=. ) &#xD;
&#xD;
C:\Agt6\_work\_temp\TestResults\c2kbuild_CLTBUILD23 2021-04-12 08_12_36\In\875b29d4-55bb-4fc2-b0df-09c5755417ea\CLTBUILD23&gt;set CollectionFileName=c:\agt6\_work\6\a\api\environment\regapiautomation\testdata\fisap-datacorrection\prereq-columna-20-21\..\..\..\..\..\PreReq\PreReq-RegisterClassAndPostAttendanceForStudent.postman_collection.json &#xD;
&#xD;
C:\Agt6\_work\_temp\TestResults\c2kbuild_CLTBUILD23 2021-04-12 08_12_36\In\875b29d4-55bb-4fc2-b0df-09c5755417ea\CLTBUILD23&gt;set DataFileName=c:\agt6\_work\6\a\api\environment\regapiautomation\testdata\fisap-datacorrection\prereq-columna-20-21\PreReq-FISAP-DataCorrection@ColumnA-20_21-RegisterClassAndPostAttendance.csv &#xD;
&#xD;
C:\Agt6\_work\_temp\TestResults\c2kbuild_CLTBUILD23 2021-04-12 08_12_36\In\875b29d4-55bb-4fc2-b0df-09c5755417ea\CLTBUILD23&gt;set EnvironmentFilePath=c:\agt6\_work\6\a\api\environment\regapiautomation\testdata\fisap-datacorrection\prereq-columna-20-21\..\..\..\RegApiAutoEnvironment.postman_environment.json &#xD;
&#xD;
C:\Agt6\_work\_temp\TestResults\c2kbuild_CLTBUILD23 2021-04-12 08_12_36\In\875b29d4-55bb-4fc2-b0df-09c5755417ea\CLTBUILD23&gt;set HtmlResultsFile=PreReq-RegisterClassAndPostAttendance_Html.html &#xD;
&#xD;
C:\Agt6\_work\_temp\TestResults\c2kbuild_CLTBUILD23 2021-04-12 08_12_36\In\875b29d4-55bb-4fc2-b0df-09c5755417ea\CLTBUILD23&gt;set JunitResultsFile=PreReq-RegisterClassAndPostAttendance_Junit.xml &#xD;
&#xD;
C:\Agt6\_work\_temp\TestResults\c2kbuild_CLTBUILD23 2021-04-12 08_12_36\In\875b29d4-55bb-4fc2-b0df-09c5755417ea\CLTBUILD23&gt;newman run "c:\agt6\_work\6\a\api\environment\regapiautomation\testdata\fisap-datacorrection\prereq-columna-20-21\..\..\..\..\..\PreReq\PreReq-RegisterClassAndPostAttendanceForStudent.postman_collection.json" -k -d "c:\agt6\_work\6\a\api\environment\regapiautomation\testdata\fisap-datacorrection\prereq-columna-20-21\PreReq-FISAP-DataCorrection@ColumnA-20_21-RegisterClassAndPostAttendance.csv" -e "c:\agt6\_work\6\a\api\environment\regapiautomation\testdata\fisap-datacorrection\prereq-columna-20-21\..\..\..\RegApiAutoEnvironment.postman_environment.json" -r junit,html --reporter-html-export "PreReq-RegisterClassAndPostAttendance_Html.html" --reporter-junit-export "PreReq-RegisterClassAndPostAttendance_Junit.xml"</StdOut>
          </Output>
          <ResultFiles>
            <ResultFile path="CLTBUILD23\PreReq-RegisterClassAndPostAttendance_Html.html" />
            <ResultFile path="CLTBUILD23\PreReq-RegisterClassAndPostAttendance_Junit.xml" />
          </ResultFiles>
        </UnitTestResult>
        <UnitTestResult executionId="baae64d0-8682-4090-b24c-b172cd78707e" parentExecutionId="1b80f72f-2e8a-4682-ab8e-9c15673042ab" testId="5e698e50-574b-4edc-a8fd-6b2db357b0d1" testName="5- prereq-fisap-datacorrection@columna-20_21-changestudentstatus-generictest (OT-06G-FISAP-ColumnA-20_21)" computerName="CLTBUILD23" duration="00:00:06.7678029" startTime="2021-04-12T08:49:39.5121568-04:00" endTime="2021-04-12T08:49:46.2798708-04:00" testType="13cdc9d9-ddb5-4fa4-a97d-d965ccfc6d4b" outcome="Passed" testListId="8c84fa94-04c1-424b-9868-57a2d4851a1d" relativeResultsDirectory="baae64d0-8682-4090-b24c-b172cd78707e">
          <Output>
            <StdOut>C:\Agt6\_work\_temp\TestResults\c2kbuild_CLTBUILD23 2021-04-12 08_12_36\In\baae64d0-8682-4090-b24c-b172cd78707e\CLTBUILD23&gt;if not defined TestLocation (set TestLocation=. ) &#xD;
&#xD;
C:\Agt6\_work\_temp\TestResults\c2kbuild_CLTBUILD23 2021-04-12 08_12_36\In\baae64d0-8682-4090-b24c-b172cd78707e\CLTBUILD23&gt;set CollectionFileName=c:\agt6\_work\6\a\api\environment\regapiautomation\testdata\fisap-datacorrection\prereq-columna-20-21\..\..\..\..\..\PreReq\PreReq-GraduateStudentStatus.postman_collection.json &#xD;
&#xD;
C:\Agt6\_work\_temp\TestResults\c2kbuild_CLTBUILD23 2021-04-12 08_12_36\In\baae64d0-8682-4090-b24c-b172cd78707e\CLTBUILD23&gt;set DataFileName=c:\agt6\_work\6\a\api\environment\regapiautomation\testdata\fisap-datacorrection\prereq-columna-20-21\PreReq-FISAP-DataCorrection@ColumnA-20_21-ChangeStudentStatus.data.json &#xD;
&#xD;
C:\Agt6\_work\_temp\TestResults\c2kbuild_CLTBUILD23 2021-04-12 08_12_36\In\baae64d0-8682-4090-b24c-b172cd78707e\CLTBUILD23&gt;set EnvironmentFilePath=c:\agt6\_work\6\a\api\environment\regapiautomation\testdata\fisap-datacorrection\prereq-columna-20-21\..\..\..\RegApiAutoEnvironment.postman_environment.json &#xD;
&#xD;
C:\Agt6\_work\_temp\TestResults\c2kbuild_CLTBUILD23 2021-04-12 08_12_36\In\baae64d0-8682-4090-b24c-b172cd78707e\CLTBUILD23&gt;set HtmlResultsFile=PreReq-ChangeStudentStatus_Html.html &#xD;
&#xD;
C:\Agt6\_work\_temp\TestResults\c2kbuild_CLTBUILD23 2021-04-12 08_12_36\In\baae64d0-8682-4090-b24c-b172cd78707e\CLTBUILD23&gt;set JunitResultsFile=PreReq-ChangeStudentStatus_Junit.xml &#xD;
&#xD;
C:\Agt6\_work\_temp\TestResults\c2kbuild_CLTBUILD23 2021-04-12 08_12_36\In\baae64d0-8682-4090-b24c-b172cd78707e\CLTBUILD23&gt;newman run "c:\agt6\_work\6\a\api\environment\regapiautomation\testdata\fisap-datacorrection\prereq-columna-20-21\..\..\..\..\..\PreReq\PreReq-GraduateStudentStatus.postman_collection.json" -k -d "c:\agt6\_work\6\a\api\environment\regapiautomation\testdata\fisap-datacorrection\prereq-columna-20-21\PreReq-FISAP-DataCorrection@ColumnA-20_21-ChangeStudentStatus.data.json" -e "c:\agt6\_work\6\a\api\environment\regapiautomation\testdata\fisap-datacorrection\prereq-columna-20-21\..\..\..\RegApiAutoEnvironment.postman_environment.json" -r junit,html --reporter-html-export "PreReq-ChangeStudentStatus_Html.html" --reporter-junit-export "PreReq-ChangeStudentStatus_Junit.xml"</StdOut>
          </Output>
          <ResultFiles>
            <ResultFile path="CLTBUILD23\PreReq-ChangeStudentStatus_Html.html" />
            <ResultFile path="CLTBUILD23\PreReq-ChangeStudentStatus_Junit.xml" />
          </ResultFiles>
        </UnitTestResult>
        <UnitTestResult executionId="84afb902-5fa9-42d9-b067-b065a987ad86" parentExecutionId="1b80f72f-2e8a-4682-ab8e-9c15673042ab" testId="36306fc9-e359-460f-89bb-9a4c2cf8ebd0" testName="6- fisap-datacorrection@columna-20_21-generictest (OT-06G-FISAP-ColumnA-20_21)" computerName="CLTBUILD23" duration="00:00:06.8122099" startTime="2021-04-12T08:49:46.2808763-04:00" endTime="2021-04-12T08:49:53.0975708-04:00" testType="13cdc9d9-ddb5-4fa4-a97d-d965ccfc6d4b" outcome="Passed" testListId="8c84fa94-04c1-424b-9868-57a2d4851a1d" relativeResultsDirectory="84afb902-5fa9-42d9-b067-b065a987ad86">
          <Output>
            <StdOut>C:\Agt6\_work\_temp\TestResults\c2kbuild_CLTBUILD23 2021-04-12 08_12_36\In\84afb902-5fa9-42d9-b067-b065a987ad86\CLTBUILD23&gt;if not defined TestLocation (set TestLocation=. ) &#xD;
&#xD;
C:\Agt6\_work\_temp\TestResults\c2kbuild_CLTBUILD23 2021-04-12 08_12_36\In\84afb902-5fa9-42d9-b067-b065a987ad86\CLTBUILD23&gt;set CollectionFileName=c:\agt6\_work\6\a\api\environment\regapiautomation\testdata\fisap-datacorrection\..\..\..\..\Tests\FISAP-DataCorrection\FISAP-DataCorrection@ColumnA.postman_collection.json &#xD;
&#xD;
C:\Agt6\_work\_temp\TestResults\c2kbuild_CLTBUILD23 2021-04-12 08_12_36\In\84afb902-5fa9-42d9-b067-b065a987ad86\CLTBUILD23&gt;set DataFileName=c:\agt6\_work\6\a\api\environment\regapiautomation\testdata\fisap-datacorrection\FISAP-DataCorrection@ColumnA-20_21.data.json &#xD;
&#xD;
C:\Agt6\_work\_temp\TestResults\c2kbuild_CLTBUILD23 2021-04-12 08_12_36\In\84afb902-5fa9-42d9-b067-b065a987ad86\CLTBUILD23&gt;set EnvironmentFilePath=c:\agt6\_work\6\a\api\environment\regapiautomation\testdata\fisap-datacorrection\..\..\RegApiAutoEnvironment.postman_environment.json &#xD;
&#xD;
C:\Agt6\_work\_temp\TestResults\c2kbuild_CLTBUILD23 2021-04-12 08_12_36\In\84afb902-5fa9-42d9-b067-b065a987ad86\CLTBUILD23&gt;set HtmlResultsFile=FISAP-DataCorrection@ColumnA-20_21-Html.html &#xD;
&#xD;
C:\Agt6\_work\_temp\TestResults\c2kbuild_CLTBUILD23 2021-04-12 08_12_36\In\84afb902-5fa9-42d9-b067-b065a987ad86\CLTBUILD23&gt;set JunitResultsFile=FISAP-DataCorrection@ColumnA-20_21-Junit.xml &#xD;
&#xD;
C:\Agt6\_work\_temp\TestResults\c2kbuild_CLTBUILD23 2021-04-12 08_12_36\In\84afb902-5fa9-42d9-b067-b065a987ad86\CLTBUILD23&gt;newman run "c:\agt6\_work\6\a\api\environment\regapiautomation\testdata\fisap-datacorrection\..\..\..\..\Tests\FISAP-DataCorrection\FISAP-DataCorrection@ColumnA.postman_collection.json" -k -d "c:\agt6\_work\6\a\api\environment\regapiautomation\testdata\fisap-datacorrection\FISAP-DataCorrection@ColumnA-20_21.data.json" -e "c:\agt6\_work\6\a\api\environment\regapiautomation\testdata\fisap-datacorrection\..\..\RegApiAutoEnvironment.postman_environment.json" -r junit,html --reporter-html-export "FISAP-DataCorrection@ColumnA-20_21-Html.html" --reporter-junit-export "FISAP-DataCorrection@ColumnA-20_21-Junit.xml"</StdOut>
          </Output>
          <ResultFiles>
            <ResultFile path="CLTBUILD23\FISAP-DataCorrection@ColumnA-20_21-Html.html" />
            <ResultFile path="CLTBUILD23\FISAP-DataCorrection@ColumnA-20_21-Junit.xml" />
          </ResultFiles>
        </UnitTestResult>
      </InnerResults>
    </TestResultAggregation>
    <TestResultAggregation executionId="cbc55a14-6f06-452f-a4c3-ff3a5af6d327" testId="e49284c1-3eec-4215-9ed0-247e6236da65" testName="OT-12E-StudentIsir.AcceptAsVerified-21_22" computerName="CLTBUILD23" duration="00:00:18.8707454" startTime="2021-04-12T09:29:46.4292613-04:00" endTime="2021-04-12T09:30:05.2989256-04:00" testType="ec4800e8-40e5-4ab3-8510-b8bf29b1904d" outcome="Passed" testListId="8c84fa94-04c1-424b-9868-57a2d4851a1d" relativeResultsDirectory="cbc55a14-6f06-452f-a4c3-ff3a5af6d327">
      <InnerResults>
        <UnitTestResult executionId="263377ab-e810-4d43-ac5d-9f0717f16b72" parentExecutionId="cbc55a14-6f06-452f-a4c3-ff3a5af6d327" testId="633eacaf-9346-4298-9682-9b9e5c04155f" testName="1- prereq-appproc-studentisir-verify@hp-acceptasverified-importisir-21_22-generictest (OT-12E-StudentIsir.AcceptAsVerified-21_22)" computerName="CLTBUILD23" duration="00:00:07.8105375" startTime="2021-04-12T09:29:46.4302592-04:00" endTime="2021-04-12T09:29:54.2446993-04:00" testType="13cdc9d9-ddb5-4fa4-a97d-d965ccfc6d4b" outcome="Passed" testListId="8c84fa94-04c1-424b-9868-57a2d4851a1d" relativeResultsDirectory="263377ab-e810-4d43-ac5d-9f0717f16b72">
          <Output>
            <StdOut>C:\Agt6\_work\_temp\TestResults\c2kbuild_CLTBUILD23 2021-04-12 08_12_36\In\263377ab-e810-4d43-ac5d-9f0717f16b72\CLTBUILD23&gt;if not defined TestLocation (set TestLocation=. ) &#xD;
&#xD;
C:\Agt6\_work\_temp\TestResults\c2kbuild_CLTBUILD23 2021-04-12 08_12_36\In\263377ab-e810-4d43-ac5d-9f0717f16b72\CLTBUILD23&gt;set CollectionFileName=c:\agt6\_work\6\a\api\environment\regapiautomation\testdata\studentisir\prereq-hp-acceptasverified-21_22\..\..\..\..\..\PreReq\PreReq-ImportISIR.postman_collection.json &#xD;
&#xD;
C:\Agt6\_work\_temp\TestResults\c2kbuild_CLTBUILD23 2021-04-12 08_12_36\In\263377ab-e810-4d43-ac5d-9f0717f16b72\CLTBUILD23&gt;set DataFileName=c:\agt6\_work\6\a\api\environment\regapiautomation\testdata\studentisir\prereq-hp-acceptasverified-21_22\PreReq-AppProc-StudentISIR-Verify@HP-AcceptAsVerified-ImportIsir-21_22.data.json &#xD;
&#xD;
C:\Agt6\_work\_temp\TestResults\c2kbuild_CLTBUILD23 2021-04-12 08_12_36\In\263377ab-e810-4d43-ac5d-9f0717f16b72\CLTBUILD23&gt;set EnvironmentFilePath=c:\agt6\_work\6\a\api\environment\regapiautomation\testdata\studentisir\prereq-hp-acceptasverified-21_22\..\..\..\RegApiAutoEnvironment.postman_environment.json &#xD;
&#xD;
C:\Agt6\_work\_temp\TestResults\c2kbuild_CLTBUILD23 2021-04-12 08_12_36\In\263377ab-e810-4d43-ac5d-9f0717f16b72\CLTBUILD23&gt;set HtmlResultsFile=PreReq-AppProc-StudentISIR-Verify@HP-AcceptAsVerified-21_22_Html.html &#xD;
&#xD;
C:\Agt6\_work\_temp\TestResults\c2kbuild_CLTBUILD23 2021-04-12 08_12_36\In\263377ab-e810-4d43-ac5d-9f0717f16b72\CLTBUILD23&gt;set JunitResultsFile=PreReq-AppProc-StudentISIR-Verify@HP-AcceptAsVerified-21_22_Junit.xml &#xD;
&#xD;
C:\Agt6\_work\_temp\TestResults\c2kbuild_CLTBUILD23 2021-04-12 08_12_36\In\263377ab-e810-4d43-ac5d-9f0717f16b72\CLTBUILD23&gt;newman run "c:\agt6\_work\6\a\api\environment\regapiautomation\testdata\studentisir\prereq-hp-acceptasverified-21_22\..\..\..\..\..\PreReq\PreReq-ImportISIR.postman_collection.json" -k -d "c:\agt6\_work\6\a\api\environment\regapiautomation\testdata\studentisir\prereq-hp-acceptasverified-21_22\PreReq-AppProc-StudentISIR-Verify@HP-AcceptAsVerified-ImportIsir-21_22.data.json" -e "c:\agt6\_work\6\a\api\environment\regapiautomation\testdata\studentisir\prereq-hp-acceptasverified-21_22\..\..\..\RegApiAutoEnvironment.postman_environment.json" -r junit,html --reporter-html-export "PreReq-AppProc-StudentISIR-Verify@HP-AcceptAsVerified-21_22_Html.html" --reporter-junit-export "PreReq-AppProc-StudentISIR-Verify@HP-AcceptAsVerified-21_22_Junit.xml"</StdOut>
          </Output>
          <ResultFiles>
            <ResultFile path="CLTBUILD23\PreReq-AppProc-StudentISIR-Verify@HP-AcceptAsVerified-21_22_Html.html" />
            <ResultFile path="CLTBUILD23\PreReq-AppProc-StudentISIR-Verify@HP-AcceptAsVerified-21_22_Junit.xml" />
          </ResultFiles>
        </UnitTestResult>
        <UnitTestResult executionId="bd3a079c-62f1-4ca9-9f69-2775e199442f" parentExecutionId="cbc55a14-6f06-452f-a4c3-ff3a5af6d327" testId="6342a375-ba20-48a6-8b2f-d59f64515d5c" testName="2- appproc-studentisir-verify@hp-acceptasverified-21_22-generictest (OT-12E-StudentIsir.AcceptAsVerified-21_22)" computerName="CLTBUILD23" duration="00:00:11.0463976" startTime="2021-04-12T09:29:54.2456998-04:00" endTime="2021-04-12T09:30:05.2979723-04:00" testType="13cdc9d9-ddb5-4fa4-a97d-d965ccfc6d4b" outcome="Passed" testListId="8c84fa94-04c1-424b-9868-57a2d4851a1d" relativeResultsDirectory="bd3a079c-62f1-4ca9-9f69-2775e199442f">
          <Output>
            <StdOut>C:\Agt6\_work\_temp\TestResults\c2kbuild_CLTBUILD23 2021-04-12 08_12_36\In\bd3a079c-62f1-4ca9-9f69-2775e199442f\CLTBUILD23&gt;if not defined TestLocation (set TestLocation=. ) &#xD;
&#xD;
C:\Agt6\_work\_temp\TestResults\c2kbuild_CLTBUILD23 2021-04-12 08_12_36\In\bd3a079c-62f1-4ca9-9f69-2775e199442f\CLTBUILD23&gt;set CollectionFileName=c:\agt6\_work\6\a\api\environment\regapiautomation\testdata\studentisir\..\..\..\..\Tests\StudentIsir\AppProc-StudentISIR-Verify@HP-AcceptAsVerified.postman_collection.json &#xD;
&#xD;
C:\Agt6\_work\_temp\TestResults\c2kbuild_CLTBUILD23 2021-04-12 08_12_36\In\bd3a079c-62f1-4ca9-9f69-2775e199442f\CLTBUILD23&gt;set DataFileName=c:\agt6\_work\6\a\api\environment\regapiautomation\testdata\studentisir\AppProc-StudentISIR-Verify@HP-AcceptAsVerified-21_22.data.json &#xD;
&#xD;
C:\Agt6\_work\_temp\TestResults\c2kbuild_CLTBUILD23 2021-04-12 08_12_36\In\bd3a079c-62f1-4ca9-9f69-2775e199442f\CLTBUILD23&gt;set EnvironmentFilePath=c:\agt6\_work\6\a\api\environment\regapiautomation\testdata\studentisir\..\..\RegApiAutoEnvironment.postman_environment.json &#xD;
&#xD;
C:\Agt6\_work\_temp\TestResults\c2kbuild_CLTBUILD23 2021-04-12 08_12_36\In\bd3a079c-62f1-4ca9-9f69-2775e199442f\CLTBUILD23&gt;set HtmlResultsFile=AppProc-StudentISIR-Verify@HP-AcceptAsVerified-21_22_Html.html &#xD;
&#xD;
C:\Agt6\_work\_temp\TestResults\c2kbuild_CLTBUILD23 2021-04-12 08_12_36\In\bd3a079c-62f1-4ca9-9f69-2775e199442f\CLTBUILD23&gt;set JunitResultsFile=AppProc-StudentISIR-Verify@HP-AcceptAsVerified-21_22_Junit.xml &#xD;
&#xD;
C:\Agt6\_work\_temp\TestResults\c2kbuild_CLTBUILD23 2021-04-12 08_12_36\In\bd3a079c-62f1-4ca9-9f69-2775e199442f\CLTBUILD23&gt;newman run "c:\agt6\_work\6\a\api\environment\regapiautomation\testdata\studentisir\..\..\..\..\Tests\StudentIsir\AppProc-StudentISIR-Verify@HP-AcceptAsVerified.postman_collection.json" -k -d "c:\agt6\_work\6\a\api\environment\regapiautomation\testdata\studentisir\AppProc-StudentISIR-Verify@HP-AcceptAsVerified-21_22.data.json" -e "c:\agt6\_work\6\a\api\environment\regapiautomation\testdata\studentisir\..\..\RegApiAutoEnvironment.postman_environment.json" -r junit,html --reporter-html-export "AppProc-StudentISIR-Verify@HP-AcceptAsVerified-21_22_Html.html" --reporter-junit-export "AppProc-StudentISIR-Verify@HP-AcceptAsVerified-21_22_Junit.xml"</StdOut>
          </Output>
          <ResultFiles>
            <ResultFile path="CLTBUILD23\AppProc-StudentISIR-Verify@HP-AcceptAsVerified-21_22_Html.html" />
            <ResultFile path="CLTBUILD23\AppProc-StudentISIR-Verify@HP-AcceptAsVerified-21_22_Junit.xml" />
          </ResultFiles>
        </UnitTestResult>
      </InnerResults>
    </TestResultAggregation>
    <TestResultAggregation executionId="0889c9ce-a452-472a-a370-bce8c5448207" testId="abbfb1db-e4d6-4488-aeab-e5b8d126ffd0" testName="OT-01-CODExport" computerName="CLTBUILD23" duration="00:03:45.2600995" startTime="2021-04-12T08:12:48.5023922-04:00" endTime="2021-04-12T08:16:33.7437821-04:00" testType="ec4800e8-40e5-4ab3-8510-b8bf29b1904d" outcome="Failed" testListId="8c84fa94-04c1-424b-9868-57a2d4851a1d" relativeResultsDirectory="0889c9ce-a452-472a-a370-bce8c5448207">
      <InnerResults>
        <UnitTestResult executionId="92d76d28-45db-4a48-be0c-7bd18c06a1dd" parentExecutionId="0889c9ce-a452-472a-a370-bce8c5448207" testId="4e6977cc-53c6-47a6-aa3d-6c026d142d78" testName="1- prereq-codexport@hp-createstudent-generictest (OT-01-CODExport)" computerName="CLTBUILD23" duration="00:00:36.4679127" startTime="2021-04-12T08:12:48.5033942-04:00" endTime="2021-04-12T08:13:24.9704768-04:00" testType="13cdc9d9-ddb5-4fa4-a97d-d965ccfc6d4b" outcome="Passed" testListId="8c84fa94-04c1-424b-9868-57a2d4851a1d" relativeResultsDirectory="92d76d28-45db-4a48-be0c-7bd18c06a1dd">
          <Output>
            <StdOut>C:\Agt6\_work\_temp\TestResults\c2kbuild_CLTBUILD23 2021-04-12 08_12_36\In\92d76d28-45db-4a48-be0c-7bd18c06a1dd\CLTBUILD23&gt;if not defined TestLocation (set TestLocation=. ) &#xD;
&#xD;
C:\Agt6\_work\_temp\TestResults\c2kbuild_CLTBUILD23 2021-04-12 08_12_36\In\92d76d28-45db-4a48-be0c-7bd18c06a1dd\CLTBUILD23&gt;set CollectionFileName=c:\agt6\_work\6\a\api\environment\regapiautomation\testdata\codexport\prereq\..\..\..\..\..\PreReq\PreReq-CreateStudent.postman_collection.json &#xD;
&#xD;
C:\Agt6\_work\_temp\TestResults\c2kbuild_CLTBUILD23 2021-04-12 08_12_36\In\92d76d28-45db-4a48-be0c-7bd18c06a1dd\CLTBUILD23&gt;set DataFileName=c:\agt6\_work\6\a\api\environment\regapiautomation\testdata\codexport\prereq\PreReq-CODExport@HP-CreateStudent.data.csv &#xD;
&#xD;
C:\Agt6\_work\_temp\TestResults\c2kbuild_CLTBUILD23 2021-04-12 08_12_36\In\92d76d28-45db-4a48-be0c-7bd18c06a1dd\CLTBUILD23&gt;set EnvironmentFilePath=c:\agt6\_work\6\a\api\environment\regapiautomation\testdata\codexport\prereq\..\..\..\RegApiAutoEnvironment.postman_environment.json &#xD;
&#xD;
C:\Agt6\_work\_temp\TestResults\c2kbuild_CLTBUILD23 2021-04-12 08_12_36\In\92d76d28-45db-4a48-be0c-7bd18c06a1dd\CLTBUILD23&gt;set HtmlResultsFile=CreateStudent_Html.html &#xD;
&#xD;
C:\Agt6\_work\_temp\TestResults\c2kbuild_CLTBUILD23 2021-04-12 08_12_36\In\92d76d28-45db-4a48-be0c-7bd18c06a1dd\CLTBUILD23&gt;set JunitResultsFile=CreateStudent_Junit.xml &#xD;
&#xD;
C:\Agt6\_work\_temp\TestResults\c2kbuild_CLTBUILD23 2021-04-12 08_12_36\In\92d76d28-45db-4a48-be0c-7bd18c06a1dd\CLTBUILD23&gt;newman run "c:\agt6\_work\6\a\api\environment\regapiautomation\testdata\codexport\prereq\..\..\..\..\..\PreReq\PreReq-CreateStudent.postman_collection.json" -k -d "c:\agt6\_work\6\a\api\environment\regapiautomation\testdata\codexport\prereq\PreReq-CODExport@HP-CreateStudent.data.csv" -e "c:\agt6\_work\6\a\api\environment\regapiautomation\testdata\codexport\prereq\..\..\..\RegApiAutoEnvironment.postman_environment.json" -r junit,html --reporter-html-export "CreateStudent_Html.html" --reporter-junit-export "CreateStudent_Junit.xml"</StdOut>
          </Output>
          <ResultFiles>
            <ResultFile path="CLTBUILD23\CreateStudent_Html.html" />
            <ResultFile path="CLTBUILD23\CreateStudent_Junit.xml" />
          </ResultFiles>
        </UnitTestResult>
        <UnitTestResult executionId="ffe25c79-302d-4eab-ab28-26ff4d12d111" parentExecutionId="0889c9ce-a452-472a-a370-bce8c5448207" testId="0976098c-95da-4e16-8a10-ee92e0280345" testName="2- prereq-codexport@hp-importisir-generictest (OT-01-CODExport)" computerName="CLTBUILD23" duration="00:00:41.2340312" startTime="2021-04-12T08:13:24.9734791-04:00" endTime="2021-04-12T08:14:06.2058580-04:00" testType="13cdc9d9-ddb5-4fa4-a97d-d965ccfc6d4b" outcome="Passed" testListId="8c84fa94-04c1-424b-9868-57a2d4851a1d" relativeResultsDirectory="ffe25c79-302d-4eab-ab28-26ff4d12d111">
          <Output>
            <StdOut>C:\Agt6\_work\_temp\TestResults\c2kbuild_CLTBUILD23 2021-04-12 08_12_36\In\ffe25c79-302d-4eab-ab28-26ff4d12d111\CLTBUILD23&gt;if not defined TestLocation (set TestLocation=. ) &#xD;
&#xD;
C:\Agt6\_work\_temp\TestResults\c2kbuild_CLTBUILD23 2021-04-12 08_12_36\In\ffe25c79-302d-4eab-ab28-26ff4d12d111\CLTBUILD23&gt;set CollectionFileName=c:\agt6\_work\6\a\api\environment\regapiautomation\testdata\codexport\prereq\..\..\..\..\..\PreReq\PreReq-ImportISIR.postman_collection.json &#xD;
&#xD;
C:\Agt6\_work\_temp\TestResults\c2kbuild_CLTBUILD23 2021-04-12 08_12_36\In\ffe25c79-302d-4eab-ab28-26ff4d12d111\CLTBUILD23&gt;set DataFileName=c:\agt6\_work\6\a\api\environment\regapiautomation\testdata\codexport\prereq\PreReq-CODExport@HP-ImportISIR.data.json &#xD;
&#xD;
C:\Agt6\_work\_temp\TestResults\c2kbuild_CLTBUILD23 2021-04-12 08_12_36\In\ffe25c79-302d-4eab-ab28-26ff4d12d111\CLTBUILD23&gt;set EnvironmentFilePath=c:\agt6\_work\6\a\api\environment\regapiautomation\testdata\codexport\prereq\..\..\..\RegApiAutoEnvironment.postman_environment.json &#xD;
&#xD;
C:\Agt6\_work\_temp\TestResults\c2kbuild_CLTBUILD23 2021-04-12 08_12_36\In\ffe25c79-302d-4eab-ab28-26ff4d12d111\CLTBUILD23&gt;set HtmlResultsFile=ImportISIR_Html.html &#xD;
&#xD;
C:\Agt6\_work\_temp\TestResults\c2kbuild_CLTBUILD23 2021-04-12 08_12_36\In\ffe25c79-302d-4eab-ab28-26ff4d12d111\CLTBUILD23&gt;set JunitResultsFile=ImportISIR_Junit.xml &#xD;
&#xD;
C:\Agt6\_work\_temp\TestResults\c2kbuild_CLTBUILD23 2021-04-12 08_12_36\In\ffe25c79-302d-4eab-ab28-26ff4d12d111\CLTBUILD23&gt;newman run "c:\agt6\_work\6\a\api\environment\regapiautomation\testdata\codexport\prereq\..\..\..\..\..\PreReq\PreReq-ImportISIR.postman_collection.json" -k -d "c:\agt6\_work\6\a\api\environment\regapiautomation\testdata\codexport\prereq\PreReq-CODExport@HP-ImportISIR.data.json" -e "c:\agt6\_work\6\a\api\environment\regapiautomation\testdata\codexport\prereq\..\..\..\RegApiAutoEnvironment.postman_environment.json" -r junit,html --reporter-html-export "ImportISIR_Html.html" --reporter-junit-export "ImportISIR_Junit.xml"</StdOut>
          </Output>
          <ResultFiles>
            <ResultFile path="CLTBUILD23\ImportISIR_Html.html" />
            <ResultFile path="CLTBUILD23\ImportISIR_Junit.xml" />
          </ResultFiles>
        </UnitTestResult>
        <UnitTestResult executionId="89177c2c-fc27-4c2d-bc47-d0b22539e8e2" parentExecutionId="0889c9ce-a452-472a-a370-bce8c5448207" testId="4cbcae0a-1441-4253-a921-b7b544aa1fe7" testName="3- prereq-codexport@hp-enrollstudent-generictest (OT-01-CODExport)" computerName="CLTBUILD23" duration="00:01:13.4484012" startTime="2021-04-12T08:14:06.2068572-04:00" endTime="2021-04-12T08:15:19.6571771-04:00" testType="13cdc9d9-ddb5-4fa4-a97d-d965ccfc6d4b" outcome="Passed" testListId="8c84fa94-04c1-424b-9868-57a2d4851a1d" relativeResultsDirectory="89177c2c-fc27-4c2d-bc47-d0b22539e8e2">
          <Output>
            <StdOut>C:\Agt6\_work\_temp\TestResults\c2kbuild_CLTBUILD23 2021-04-12 08_12_36\In\89177c2c-fc27-4c2d-bc47-d0b22539e8e2\CLTBUILD23&gt;if not defined TestLocation (set TestLocation=. ) &#xD;
&#xD;
C:\Agt6\_work\_temp\TestResults\c2kbuild_CLTBUILD23 2021-04-12 08_12_36\In\89177c2c-fc27-4c2d-bc47-d0b22539e8e2\CLTBUILD23&gt;set CollectionFileName=c:\agt6\_work\6\a\api\environment\regapiautomation\testdata\codexport\prereq\..\..\..\..\..\PreReq\PreReq-EnrollStudent.postman_collection.json &#xD;
&#xD;
C:\Agt6\_work\_temp\TestResults\c2kbuild_CLTBUILD23 2021-04-12 08_12_36\In\89177c2c-fc27-4c2d-bc47-d0b22539e8e2\CLTBUILD23&gt;set DataFileName=c:\agt6\_work\6\a\api\environment\regapiautomation\testdata\codexport\prereq\PreReq-CODExport@HP-EnrollStudent.data.csv &#xD;
&#xD;
C:\Agt6\_work\_temp\TestResults\c2kbuild_CLTBUILD23 2021-04-12 08_12_36\In\89177c2c-fc27-4c2d-bc47-d0b22539e8e2\CLTBUILD23&gt;set EnvironmentFilePath=c:\agt6\_work\6\a\api\environment\regapiautomation\testdata\codexport\prereq\..\..\..\RegApiAutoEnvironment.postman_environment.json &#xD;
&#xD;
C:\Agt6\_work\_temp\TestResults\c2kbuild_CLTBUILD23 2021-04-12 08_12_36\In\89177c2c-fc27-4c2d-bc47-d0b22539e8e2\CLTBUILD23&gt;set HtmlResultsFile=EnrollStudent_Html.html &#xD;
&#xD;
C:\Agt6\_work\_temp\TestResults\c2kbuild_CLTBUILD23 2021-04-12 08_12_36\In\89177c2c-fc27-4c2d-bc47-d0b22539e8e2\CLTBUILD23&gt;set JunitResultsFile=EnrollStudent_Junit.xml &#xD;
&#xD;
C:\Agt6\_work\_temp\TestResults\c2kbuild_CLTBUILD23 2021-04-12 08_12_36\In\89177c2c-fc27-4c2d-bc47-d0b22539e8e2\CLTBUILD23&gt;newman run "c:\agt6\_work\6\a\api\environment\regapiautomation\testdata\codexport\prereq\..\..\..\..\..\PreReq\PreReq-EnrollStudent.postman_collection.json" -k -d "c:\agt6\_work\6\a\api\environment\regapiautomation\testdata\codexport\prereq\PreReq-CODExport@HP-EnrollStudent.data.csv" -e "c:\agt6\_work\6\a\api\environment\regapiautomation\testdata\codexport\prereq\..\..\..\RegApiAutoEnvironment.postman_environment.json" -r junit,html --reporter-html-export "EnrollStudent_Html.html" --reporter-junit-export "EnrollStudent_Junit.xml"</StdOut>
          </Output>
          <ResultFiles>
            <ResultFile path="CLTBUILD23\EnrollStudent_Html.html" />
            <ResultFile path="CLTBUILD23\EnrollStudent_Junit.xml" />
          </ResultFiles>
        </UnitTestResult>
        <UnitTestResult executionId="3781884c-411d-4765-9a74-99c96a0fa6aa" parentExecutionId="0889c9ce-a452-472a-a370-bce8c5448207" testId="c14b2afe-5a4a-49c6-ab8d-235785fb3daa" testName="4- prereq-codexport@hp-updatebudgetforacademicyearforpackaging-generictest (OT-01-CODExport)" computerName="CLTBUILD23" duration="00:00:17.2395828" startTime="2021-04-12T08:15:19.6571771-04:00" endTime="2021-04-12T08:15:36.8992864-04:00" testType="13cdc9d9-ddb5-4fa4-a97d-d965ccfc6d4b" outcome="Passed" testListId="8c84fa94-04c1-424b-9868-57a2d4851a1d" relativeResultsDirectory="3781884c-411d-4765-9a74-99c96a0fa6aa">
          <Output>
            <StdOut>C:\Agt6\_work\_temp\TestResults\c2kbuild_CLTBUILD23 2021-04-12 08_12_36\In\3781884c-411d-4765-9a74-99c96a0fa6aa\CLTBUILD23&gt;if not defined TestLocation (set TestLocation=. ) &#xD;
&#xD;
C:\Agt6\_work\_temp\TestResults\c2kbuild_CLTBUILD23 2021-04-12 08_12_36\In\3781884c-411d-4765-9a74-99c96a0fa6aa\CLTBUILD23&gt;set CollectionFileName=c:\agt6\_work\6\a\api\environment\regapiautomation\testdata\codexport\prereq\..\..\..\..\..\PreReq\PreReq-UpdateBudgetForAcademicYearForPackaging.postman_collection.json &#xD;
&#xD;
C:\Agt6\_work\_temp\TestResults\c2kbuild_CLTBUILD23 2021-04-12 08_12_36\In\3781884c-411d-4765-9a74-99c96a0fa6aa\CLTBUILD23&gt;set DataFileName=c:\agt6\_work\6\a\api\environment\regapiautomation\testdata\codexport\prereq\PreReq-CODExport@HP-UpdateBudgetForAcademicYearForPackaging.data.csv &#xD;
&#xD;
C:\Agt6\_work\_temp\TestResults\c2kbuild_CLTBUILD23 2021-04-12 08_12_36\In\3781884c-411d-4765-9a74-99c96a0fa6aa\CLTBUILD23&gt;set EnvironmentFilePath=c:\agt6\_work\6\a\api\environment\regapiautomation\testdata\codexport\prereq\..\..\..\RegApiAutoEnvironment.postman_environment.json &#xD;
&#xD;
C:\Agt6\_work\_temp\TestResults\c2kbuild_CLTBUILD23 2021-04-12 08_12_36\In\3781884c-411d-4765-9a74-99c96a0fa6aa\CLTBUILD23&gt;set HtmlResultsFile=UpdateBudgetForAcademicYearForPackaging_Html.html &#xD;
&#xD;
C:\Agt6\_work\_temp\TestResults\c2kbuild_CLTBUILD23 2021-04-12 08_12_36\In\3781884c-411d-4765-9a74-99c96a0fa6aa\CLTBUILD23&gt;set JunitResultsFile=UpdateBudgetForAcademicYearForPackaging_Junit.xml &#xD;
&#xD;
C:\Agt6\_work\_temp\TestResults\c2kbuild_CLTBUILD23 2021-04-12 08_12_36\In\3781884c-411d-4765-9a74-99c96a0fa6aa\CLTBUILD23&gt;newman run "c:\agt6\_work\6\a\api\environment\regapiautomation\testdata\codexport\prereq\..\..\..\..\..\PreReq\PreReq-UpdateBudgetForAcademicYearForPackaging.postman_collection.json" -k -d "c:\agt6\_work\6\a\api\environment\regapiautomation\testdata\codexport\prereq\PreReq-CODExport@HP-UpdateBudgetForAcademicYearForPackaging.data.csv" -e "c:\agt6\_work\6\a\api\environment\regapiautomation\testdata\codexport\prereq\..\..\..\RegApiAutoEnvironment.postman_environment.json" -r junit,html --reporter-html-export "UpdateBudgetForAcademicYearForPackaging_Html.html" --reporter-junit-export "UpdateBudgetForAcademicYearForPackaging_Junit.xml"</StdOut>
          </Output>
          <ResultFiles>
            <ResultFile path="CLTBUILD23\UpdateBudgetForAcademicYearForPackaging_Html.html" />
            <ResultFile path="CLTBUILD23\UpdateBudgetForAcademicYearForPackaging_Junit.xml" />
          </ResultFiles>
        </UnitTestResult>
        <UnitTestResult executionId="4bb981e3-c5e6-4297-a20e-7e54aeee7799" parentExecutionId="0889c9ce-a452-472a-a370-bce8c5448207" testId="ee725602-161e-47c9-a607-b4c044c197bc" testName="5- prereq-codexport@hp-awardgrantorloanforpackaging-generictest (OT-01-CODExport)" computerName="CLTBUILD23" duration="00:00:33.9535167" startTime="2021-04-12T08:15:36.8992864-04:00" endTime="2021-04-12T08:16:10.8513325-04:00" testType="13cdc9d9-ddb5-4fa4-a97d-d965ccfc6d4b" outcome="Passed" testListId="8c84fa94-04c1-424b-9868-57a2d4851a1d" relativeResultsDirectory="4bb981e3-c5e6-4297-a20e-7e54aeee7799">
          <Output>
            <StdOut>C:\Agt6\_work\_temp\TestResults\c2kbuild_CLTBUILD23 2021-04-12 08_12_36\In\4bb981e3-c5e6-4297-a20e-7e54aeee7799\CLTBUILD23&gt;if not defined TestLocation (set TestLocation=. ) &#xD;
&#xD;
C:\Agt6\_work\_temp\TestResults\c2kbuild_CLTBUILD23 2021-04-12 08_12_36\In\4bb981e3-c5e6-4297-a20e-7e54aeee7799\CLTBUILD23&gt;set CollectionFileName=c:\agt6\_work\6\a\api\environment\regapiautomation\testdata\codexport\prereq\..\..\..\..\..\PreReq\PreReq-AwardGrantForPackaging.postman_collection.json &#xD;
&#xD;
C:\Agt6\_work\_temp\TestResults\c2kbuild_CLTBUILD23 2021-04-12 08_12_36\In\4bb981e3-c5e6-4297-a20e-7e54aeee7799\CLTBUILD23&gt;set DataFileName=c:\agt6\_work\6\a\api\environment\regapiautomation\testdata\codexport\prereq\PreReq-CODExport@HP-AwardGrantorLoanForPackaging.data.csv &#xD;
&#xD;
C:\Agt6\_work\_temp\TestResults\c2kbuild_CLTBUILD23 2021-04-12 08_12_36\In\4bb981e3-c5e6-4297-a20e-7e54aeee7799\CLTBUILD23&gt;set EnvironmentFilePath=c:\agt6\_work\6\a\api\environment\regapiautomation\testdata\codexport\prereq\..\..\..\RegApiAutoEnvironment.postman_environment.json &#xD;
&#xD;
C:\Agt6\_work\_temp\TestResults\c2kbuild_CLTBUILD23 2021-04-12 08_12_36\In\4bb981e3-c5e6-4297-a20e-7e54aeee7799\CLTBUILD23&gt;set HtmlResultsFile=AwardGrantOrLoanForPackaging_Html.html &#xD;
&#xD;
C:\Agt6\_work\_temp\TestResults\c2kbuild_CLTBUILD23 2021-04-12 08_12_36\In\4bb981e3-c5e6-4297-a20e-7e54aeee7799\CLTBUILD23&gt;set JunitResultsFile=AwardGrantOrLoanForPackaging_Junit.xml &#xD;
&#xD;
C:\Agt6\_work\_temp\TestResults\c2kbuild_CLTBUILD23 2021-04-12 08_12_36\In\4bb981e3-c5e6-4297-a20e-7e54aeee7799\CLTBUILD23&gt;newman run "c:\agt6\_work\6\a\api\environment\regapiautomation\testdata\codexport\prereq\..\..\..\..\..\PreReq\PreReq-AwardGrantForPackaging.postman_collection.json" -k -d "c:\agt6\_work\6\a\api\environment\regapiautomation\testdata\codexport\prereq\PreReq-CODExport@HP-AwardGrantorLoanForPackaging.data.csv" -e "c:\agt6\_work\6\a\api\environment\regapiautomation\testdata\codexport\prereq\..\..\..\RegApiAutoEnvironment.postman_environment.json" -r junit,html --reporter-html-export "AwardGrantOrLoanForPackaging_Html.html" --reporter-junit-export "AwardGrantOrLoanForPackaging_Junit.xml"</StdOut>
          </Output>
          <ResultFiles>
            <ResultFile path="CLTBUILD23\AwardGrantOrLoanForPackaging_Html.html" />
            <ResultFile path="CLTBUILD23\AwardGrantOrLoanForPackaging_Junit.xml" />
          </ResultFiles>
        </UnitTestResult>
        <UnitTestResult executionId="120ba785-0d09-4ef8-8c11-b0655c52f818" parentExecutionId="0889c9ce-a452-472a-a370-bce8c5448207" testId="3b3d7741-765b-4437-a316-46c0b0bb2325" testName="6- cod-export@hp-export-generictest (OT-01-CODExport)" computerName="CLTBUILD23" duration="00:00:22.8879988" startTime="2021-04-12T08:16:10.8513325-04:00" endTime="2021-04-12T08:16:33.7427820-04:00" testType="13cdc9d9-ddb5-4fa4-a97d-d965ccfc6d4b" outcome="Failed" testListId="8c84fa94-04c1-424b-9868-57a2d4851a1d" relativeResultsDirectory="120ba785-0d09-4ef8-8c11-b0655c52f818">
          <Output>
            <StdOut>C:\Agt6\_work\_temp\TestResults\c2kbuild_CLTBUILD23 2021-04-12 08_12_36\In\120ba785-0d09-4ef8-8c11-b0655c52f818\CLTBUILD23&gt;if not defined TestLocation (set TestLocation=. ) &#xD;
&#xD;
C:\Agt6\_work\_temp\TestResults\c2kbuild_CLTBUILD23 2021-04-12 08_12_36\In\120ba785-0d09-4ef8-8c11-b0655c52f818\CLTBUILD23&gt;set CollectionFileName=c:\agt6\_work\6\a\api\environment\regapiautomation\testdata\codexport\..\..\..\..\Tests\CODExport\COD-Export@HP-Export.postman_collection.json &#xD;
&#xD;
C:\Agt6\_work\_temp\TestResults\c2kbuild_CLTBUILD23 2021-04-12 08_12_36\In\120ba785-0d09-4ef8-8c11-b0655c52f818\CLTBUILD23&gt;set DataFileName=c:\agt6\_work\6\a\api\environment\regapiautomation\testdata\codexport\COD-Export@HP-Export.data.json &#xD;
&#xD;
C:\Agt6\_work\_temp\TestResults\c2kbuild_CLTBUILD23 2021-04-12 08_12_36\In\120ba785-0d09-4ef8-8c11-b0655c52f818\CLTBUILD23&gt;set EnvironmentFilePath=c:\agt6\_work\6\a\api\environment\regapiautomation\testdata\codexport\..\..\RegApiAutoEnvironment.postman_environment.json &#xD;
&#xD;
C:\Agt6\_work\_temp\TestResults\c2kbuild_CLTBUILD23 2021-04-12 08_12_36\In\120ba785-0d09-4ef8-8c11-b0655c52f818\CLTBUILD23&gt;set HtmlResultsFile=Tests_COD-Export@HP-Export_Html.html &#xD;
&#xD;
C:\Agt6\_work\_temp\TestResults\c2kbuild_CLTBUILD23 2021-04-12 08_12_36\In\120ba785-0d09-4ef8-8c11-b0655c52f818\CLTBUILD23&gt;set JunitResultsFile=Tests_COD-Export@HP-Export_Junit.xml &#xD;
&#xD;
C:\Agt6\_work\_temp\TestResults\c2kbuild_CLTBUILD23 2021-04-12 08_12_36\In\120ba785-0d09-4ef8-8c11-b0655c52f818\CLTBUILD23&gt;newman run "c:\agt6\_work\6\a\api\environment\regapiautomation\testdata\codexport\..\..\..\..\Tests\CODExport\COD-Export@HP-Export.postman_collection.json" -k -d "c:\agt6\_work\6\a\api\environment\regapiautomation\testdata\codexport\COD-Export@HP-Export.data.json" -e "c:\agt6\_work\6\a\api\environment\regapiautomation\testdata\codexport\..\..\RegApiAutoEnvironment.postman_environment.json" -r junit,html --reporter-html-export "Tests_COD-Export@HP-Export_Html.html" --reporter-junit-export "Tests_COD-Export@HP-Export_Junit.xml"</StdOut>
            <ErrorInfo>
              <Message>The test failed with exit code 1.</Message>
            </ErrorInfo>
          </Output>
          <ResultFiles>
            <ResultFile path="CLTBUILD23\Tests_COD-Export@HP-Export_Html.html" />
            <ResultFile path="CLTBUILD23\Tests_COD-Export@HP-Export_Junit.xml" />
          </ResultFiles>
        </UnitTestResult>
      </InnerResults>
    </TestResultAggregation>
    <TestResultAggregation executionId="aa45d248-d3be-4714-80a6-d8b03b78f18a" testId="703abfd9-8f5b-4542-b252-5e32205f8fb8" testName="OT-06Z-FISAP-Report-Summary-19_20" computerName="CLTBUILD23" duration="00:01:24.5105591" startTime="2021-04-12T09:11:42.5981003-04:00" endTime="2021-04-12T09:13:07.1000683-04:00" testType="ec4800e8-40e5-4ab3-8510-b8bf29b1904d" outcome="Passed" testListId="8c84fa94-04c1-424b-9868-57a2d4851a1d" relativeResultsDirectory="aa45d248-d3be-4714-80a6-d8b03b78f18a">
      <InnerResults>
        <UnitTestResult executionId="44fc8d42-75f8-4b6e-b41e-de3f2eafe22e" parentExecutionId="aa45d248-d3be-4714-80a6-d8b03b78f18a" testId="40fc3844-03d6-49b4-9c3e-254598e977a5" testName="01- prereq-fisap-datacorrection@report-summary-19_20-createstudent-generictest (OT-06Z-FISAP-Report-Summary-19_20)" computerName="CLTBUILD23" duration="00:00:07.8455454" startTime="2021-04-12T09:11:42.6001018-04:00" endTime="2021-04-12T09:11:50.4455414-04:00" testType="13cdc9d9-ddb5-4fa4-a97d-d965ccfc6d4b" outcome="Passed" testListId="8c84fa94-04c1-424b-9868-57a2d4851a1d" relativeResultsDirectory="44fc8d42-75f8-4b6e-b41e-de3f2eafe22e">
          <Output>
            <StdOut>C:\Agt6\_work\_temp\TestResults\c2kbuild_CLTBUILD23 2021-04-12 08_12_36\In\44fc8d42-75f8-4b6e-b41e-de3f2eafe22e\CLTBUILD23&gt;if not defined TestLocation (set TestLocation=. ) &#xD;
&#xD;
C:\Agt6\_work\_temp\TestResults\c2kbuild_CLTBUILD23 2021-04-12 08_12_36\In\44fc8d42-75f8-4b6e-b41e-de3f2eafe22e\CLTBUILD23&gt;set CollectionFileName=c:\agt6\_work\6\a\api\environment\regapiautomation\testdata\fisap-datacorrection\prereq-report-summary-19_20\..\..\..\..\..\PreReq\PreReq-CreateStudent.postman_collection.json &#xD;
&#xD;
C:\Agt6\_work\_temp\TestResults\c2kbuild_CLTBUILD23 2021-04-12 08_12_36\In\44fc8d42-75f8-4b6e-b41e-de3f2eafe22e\CLTBUILD23&gt;set DataFileName=c:\agt6\_work\6\a\api\environment\regapiautomation\testdata\fisap-datacorrection\prereq-report-summary-19_20\PreReq-FISAP-DataCorrection@Report-Summary-19_20-CreateStudent.data.csv &#xD;
&#xD;
C:\Agt6\_work\_temp\TestResults\c2kbuild_CLTBUILD23 2021-04-12 08_12_36\In\44fc8d42-75f8-4b6e-b41e-de3f2eafe22e\CLTBUILD23&gt;set EnvironmentFilePath=c:\agt6\_work\6\a\api\environment\regapiautomation\testdata\fisap-datacorrection\prereq-report-summary-19_20\..\..\..\RegApiAutoEnvironment.postman_environment.json &#xD;
&#xD;
C:\Agt6\_work\_temp\TestResults\c2kbuild_CLTBUILD23 2021-04-12 08_12_36\In\44fc8d42-75f8-4b6e-b41e-de3f2eafe22e\CLTBUILD23&gt;set HtmlResultsFile=CreateStudent_Html.html &#xD;
&#xD;
C:\Agt6\_work\_temp\TestResults\c2kbuild_CLTBUILD23 2021-04-12 08_12_36\In\44fc8d42-75f8-4b6e-b41e-de3f2eafe22e\CLTBUILD23&gt;set JunitResultsFile=CreateStudent_Junit.xml &#xD;
&#xD;
C:\Agt6\_work\_temp\TestResults\c2kbuild_CLTBUILD23 2021-04-12 08_12_36\In\44fc8d42-75f8-4b6e-b41e-de3f2eafe22e\CLTBUILD23&gt;newman run "c:\agt6\_work\6\a\api\environment\regapiautomation\testdata\fisap-datacorrection\prereq-report-summary-19_20\..\..\..\..\..\PreReq\PreReq-CreateStudent.postman_collection.json" -k -d "c:\agt6\_work\6\a\api\environment\regapiautomation\testdata\fisap-datacorrection\prereq-report-summary-19_20\PreReq-FISAP-DataCorrection@Report-Summary-19_20-CreateStudent.data.csv" -e "c:\agt6\_work\6\a\api\environment\regapiautomation\testdata\fisap-datacorrection\prereq-report-summary-19_20\..\..\..\RegApiAutoEnvironment.postman_environment.json" -r junit,html --reporter-html-export "CreateStudent_Html.html" --reporter-junit-export "CreateStudent_Junit.xml"</StdOut>
          </Output>
          <ResultFiles>
            <ResultFile path="CLTBUILD23\CreateStudent_Html.html" />
            <ResultFile path="CLTBUILD23\CreateStudent_Junit.xml" />
          </ResultFiles>
        </UnitTestResult>
        <UnitTestResult executionId="61847a81-35ce-4198-ad7f-5f908601da04" parentExecutionId="aa45d248-d3be-4714-80a6-d8b03b78f18a" testId="b50d8501-2bdf-44ec-beee-f5acbfcb2efb" testName="02- prereq-fisap-datacorrection@report-summary-19_20-importisir-generictest (OT-06Z-FISAP-Report-Summary-19_20)" computerName="CLTBUILD23" duration="00:00:08.8700821" startTime="2021-04-12T09:11:50.4465424-04:00" endTime="2021-04-12T09:11:59.3199097-04:00" testType="13cdc9d9-ddb5-4fa4-a97d-d965ccfc6d4b" outcome="Passed" testListId="8c84fa94-04c1-424b-9868-57a2d4851a1d" relativeResultsDirectory="61847a81-35ce-4198-ad7f-5f908601da04">
          <Output>
            <StdOut>C:\Agt6\_work\_temp\TestResults\c2kbuild_CLTBUILD23 2021-04-12 08_12_36\In\61847a81-35ce-4198-ad7f-5f908601da04\CLTBUILD23&gt;if not defined TestLocation (set TestLocation=. ) &#xD;
&#xD;
C:\Agt6\_work\_temp\TestResults\c2kbuild_CLTBUILD23 2021-04-12 08_12_36\In\61847a81-35ce-4198-ad7f-5f908601da04\CLTBUILD23&gt;set CollectionFileName=c:\agt6\_work\6\a\api\environment\regapiautomation\testdata\fisap-datacorrection\prereq-report-summary-19_20\..\..\..\..\..\PreReq\PreReq-ImportIsir.postman_collection.json &#xD;
&#xD;
C:\Agt6\_work\_temp\TestResults\c2kbuild_CLTBUILD23 2021-04-12 08_12_36\In\61847a81-35ce-4198-ad7f-5f908601da04\CLTBUILD23&gt;set DataFileName=c:\agt6\_work\6\a\api\environment\regapiautomation\testdata\fisap-datacorrection\prereq-report-summary-19_20\PreReq-FISAP-DataCorrection@Report-Summary-19_20-ImportIsir.data.json &#xD;
&#xD;
C:\Agt6\_work\_temp\TestResults\c2kbuild_CLTBUILD23 2021-04-12 08_12_36\In\61847a81-35ce-4198-ad7f-5f908601da04\CLTBUILD23&gt;set EnvironmentFilePath=c:\agt6\_work\6\a\api\environment\regapiautomation\testdata\fisap-datacorrection\prereq-report-summary-19_20\..\..\..\RegApiAutoEnvironment.postman_environment.json &#xD;
&#xD;
C:\Agt6\_work\_temp\TestResults\c2kbuild_CLTBUILD23 2021-04-12 08_12_36\In\61847a81-35ce-4198-ad7f-5f908601da04\CLTBUILD23&gt;set HtmlResultsFile=PreReq-ImportIsir_Html.html &#xD;
&#xD;
C:\Agt6\_work\_temp\TestResults\c2kbuild_CLTBUILD23 2021-04-12 08_12_36\In\61847a81-35ce-4198-ad7f-5f908601da04\CLTBUILD23&gt;set JunitResultsFile=PreReq-ImportIsir_Junit.xml &#xD;
&#xD;
C:\Agt6\_work\_temp\TestResults\c2kbuild_CLTBUILD23 2021-04-12 08_12_36\In\61847a81-35ce-4198-ad7f-5f908601da04\CLTBUILD23&gt;newman run "c:\agt6\_work\6\a\api\environment\regapiautomation\testdata\fisap-datacorrection\prereq-report-summary-19_20\..\..\..\..\..\PreReq\PreReq-ImportIsir.postman_collection.json" -k -d "c:\agt6\_work\6\a\api\environment\regapiautomation\testdata\fisap-datacorrection\prereq-report-summary-19_20\PreReq-FISAP-DataCorrection@Report-Summary-19_20-ImportIsir.data.json" -e "c:\agt6\_work\6\a\api\environment\regapiautomation\testdata\fisap-datacorrection\prereq-report-summary-19_20\..\..\..\RegApiAutoEnvironment.postman_environment.json" -r junit,html --reporter-html-export "PreReq-ImportIsir_Html.html" --reporter-junit-export "PreReq-ImportIsir_Junit.xml"</StdOut>
          </Output>
          <ResultFiles>
            <ResultFile path="CLTBUILD23\PreReq-ImportIsir_Html.html" />
            <ResultFile path="CLTBUILD23\PreReq-ImportIsir_Junit.xml" />
          </ResultFiles>
        </UnitTestResult>
        <UnitTestResult executionId="9e2cddc9-8b16-45bd-adef-d04b09375a4e" parentExecutionId="aa45d248-d3be-4714-80a6-d8b03b78f18a" testId="c64b02e4-d3ad-4a85-9ed3-833b58bfe5c8" testName="03- prereq-fisap-datacorrection@report-summary-19_20-enrollstudent-generictest (OT-06Z-FISAP-Report-Summary-19_20)" computerName="CLTBUILD23" duration="00:00:13.0781664" startTime="2021-04-12T09:11:59.3219125-04:00" endTime="2021-04-12T09:12:12.4009768-04:00" testType="13cdc9d9-ddb5-4fa4-a97d-d965ccfc6d4b" outcome="Passed" testListId="8c84fa94-04c1-424b-9868-57a2d4851a1d" relativeResultsDirectory="9e2cddc9-8b16-45bd-adef-d04b09375a4e">
          <Output>
            <StdOut>C:\Agt6\_work\_temp\TestResults\c2kbuild_CLTBUILD23 2021-04-12 08_12_36\In\9e2cddc9-8b16-45bd-adef-d04b09375a4e\CLTBUILD23&gt;if not defined TestLocation (set TestLocation=. ) &#xD;
&#xD;
C:\Agt6\_work\_temp\TestResults\c2kbuild_CLTBUILD23 2021-04-12 08_12_36\In\9e2cddc9-8b16-45bd-adef-d04b09375a4e\CLTBUILD23&gt;set CollectionFileName=c:\agt6\_work\6\a\api\environment\regapiautomation\testdata\fisap-datacorrection\prereq-report-summary-19_20\..\..\..\..\..\PreReq\PreReq-EnrollStudent.postman_collection.json &#xD;
&#xD;
C:\Agt6\_work\_temp\TestResults\c2kbuild_CLTBUILD23 2021-04-12 08_12_36\In\9e2cddc9-8b16-45bd-adef-d04b09375a4e\CLTBUILD23&gt;set DataFileName=c:\agt6\_work\6\a\api\environment\regapiautomation\testdata\fisap-datacorrection\prereq-report-summary-19_20\PreReq-FISAP-DataCorrection@Report-Summary-19_20-EnrollStudent.data.csv &#xD;
&#xD;
C:\Agt6\_work\_temp\TestResults\c2kbuild_CLTBUILD23 2021-04-12 08_12_36\In\9e2cddc9-8b16-45bd-adef-d04b09375a4e\CLTBUILD23&gt;set EnvironmentFilePath=c:\agt6\_work\6\a\api\environment\regapiautomation\testdata\fisap-datacorrection\prereq-report-summary-19_20\..\..\..\RegApiAutoEnvironment.postman_environment.json &#xD;
&#xD;
C:\Agt6\_work\_temp\TestResults\c2kbuild_CLTBUILD23 2021-04-12 08_12_36\In\9e2cddc9-8b16-45bd-adef-d04b09375a4e\CLTBUILD23&gt;set HtmlResultsFile=EnrollStudent_Html.html &#xD;
&#xD;
C:\Agt6\_work\_temp\TestResults\c2kbuild_CLTBUILD23 2021-04-12 08_12_36\In\9e2cddc9-8b16-45bd-adef-d04b09375a4e\CLTBUILD23&gt;set JunitResultsFile=EnrollStudent_Junit.xml &#xD;
&#xD;
C:\Agt6\_work\_temp\TestResults\c2kbuild_CLTBUILD23 2021-04-12 08_12_36\In\9e2cddc9-8b16-45bd-adef-d04b09375a4e\CLTBUILD23&gt;newman run "c:\agt6\_work\6\a\api\environment\regapiautomation\testdata\fisap-datacorrection\prereq-report-summary-19_20\..\..\..\..\..\PreReq\PreReq-EnrollStudent.postman_collection.json" -k -d "c:\agt6\_work\6\a\api\environment\regapiautomation\testdata\fisap-datacorrection\prereq-report-summary-19_20\PreReq-FISAP-DataCorrection@Report-Summary-19_20-EnrollStudent.data.csv" -e "c:\agt6\_work\6\a\api\environment\regapiautomation\testdata\fisap-datacorrection\prereq-report-summary-19_20\..\..\..\RegApiAutoEnvironment.postman_environment.json" -r junit,html --reporter-html-export "EnrollStudent_Html.html" --reporter-junit-export "EnrollStudent_Junit.xml"</StdOut>
          </Output>
          <ResultFiles>
            <ResultFile path="CLTBUILD23\EnrollStudent_Html.html" />
            <ResultFile path="CLTBUILD23\EnrollStudent_Junit.xml" />
          </ResultFiles>
        </UnitTestResult>
        <UnitTestResult executionId="52c7284d-6dc4-427a-b072-f412c912f9d6" parentExecutionId="aa45d248-d3be-4714-80a6-d8b03b78f18a" testId="a018bada-4ad0-4238-a6af-c70ca94cbc9a" testName="04- prereq-fisap-datacorrection@report-summary-19_20-seteffectivedate-generictest (OT-06Z-FISAP-Report-Summary-19_20)" computerName="CLTBUILD23" duration="00:00:05.6951225" startTime="2021-04-12T09:12:12.4019751-04:00" endTime="2021-04-12T09:12:18.1005666-04:00" testType="13cdc9d9-ddb5-4fa4-a97d-d965ccfc6d4b" outcome="Passed" testListId="8c84fa94-04c1-424b-9868-57a2d4851a1d" relativeResultsDirectory="52c7284d-6dc4-427a-b072-f412c912f9d6">
          <Output>
            <StdOut>C:\Agt6\_work\_temp\TestResults\c2kbuild_CLTBUILD23 2021-04-12 08_12_36\In\52c7284d-6dc4-427a-b072-f412c912f9d6\CLTBUILD23&gt;if not defined TestLocation (set TestLocation=. ) &#xD;
&#xD;
C:\Agt6\_work\_temp\TestResults\c2kbuild_CLTBUILD23 2021-04-12 08_12_36\In\52c7284d-6dc4-427a-b072-f412c912f9d6\CLTBUILD23&gt;set CollectionFileName=c:\agt6\_work\6\a\api\environment\regapiautomation\testdata\fisap-datacorrection\prereq-report-summary-19_20\..\..\..\..\..\PreReq\PreReq-SetEffectiveDateAfterStudentEnroll.postman_collection.json &#xD;
&#xD;
C:\Agt6\_work\_temp\TestResults\c2kbuild_CLTBUILD23 2021-04-12 08_12_36\In\52c7284d-6dc4-427a-b072-f412c912f9d6\CLTBUILD23&gt;set DataFileName=c:\agt6\_work\6\a\api\environment\regapiautomation\testdata\fisap-datacorrection\prereq-report-summary-19_20\PreReq-FISAP-DataCorrection@Report-Summary-19_20-SetEffectiveDate.data.json &#xD;
&#xD;
C:\Agt6\_work\_temp\TestResults\c2kbuild_CLTBUILD23 2021-04-12 08_12_36\In\52c7284d-6dc4-427a-b072-f412c912f9d6\CLTBUILD23&gt;set EnvironmentFilePath=c:\agt6\_work\6\a\api\environment\regapiautomation\testdata\fisap-datacorrection\prereq-report-summary-19_20\..\..\..\RegApiAutoEnvironment.postman_environment.json &#xD;
&#xD;
C:\Agt6\_work\_temp\TestResults\c2kbuild_CLTBUILD23 2021-04-12 08_12_36\In\52c7284d-6dc4-427a-b072-f412c912f9d6\CLTBUILD23&gt;set HtmlResultsFile=SetEffectiveDate_Html.html &#xD;
&#xD;
C:\Agt6\_work\_temp\TestResults\c2kbuild_CLTBUILD23 2021-04-12 08_12_36\In\52c7284d-6dc4-427a-b072-f412c912f9d6\CLTBUILD23&gt;set JunitResultsFile=SetEffectiveDate_Junit.xml &#xD;
&#xD;
C:\Agt6\_work\_temp\TestResults\c2kbuild_CLTBUILD23 2021-04-12 08_12_36\In\52c7284d-6dc4-427a-b072-f412c912f9d6\CLTBUILD23&gt;newman run "c:\agt6\_work\6\a\api\environment\regapiautomation\testdata\fisap-datacorrection\prereq-report-summary-19_20\..\..\..\..\..\PreReq\PreReq-SetEffectiveDateAfterStudentEnroll.postman_collection.json" -k -d "c:\agt6\_work\6\a\api\environment\regapiautomation\testdata\fisap-datacorrection\prereq-report-summary-19_20\PreReq-FISAP-DataCorrection@Report-Summary-19_20-SetEffectiveDate.data.json" -e "c:\agt6\_work\6\a\api\environment\regapiautomation\testdata\fisap-datacorrection\prereq-report-summary-19_20\..\..\..\RegApiAutoEnvironment.postman_environment.json" -r junit,html --reporter-html-export "SetEffectiveDate_Html.html" --reporter-junit-export "SetEffectiveDate_Junit.xml"</StdOut>
          </Output>
          <ResultFiles>
            <ResultFile path="CLTBUILD23\SetEffectiveDate_Html.html" />
            <ResultFile path="CLTBUILD23\SetEffectiveDate_Junit.xml" />
          </ResultFiles>
        </UnitTestResult>
        <UnitTestResult executionId="9c0e8a2a-e99b-4552-b8f2-138c4cf9327b" parentExecutionId="aa45d248-d3be-4714-80a6-d8b03b78f18a" testId="c7ab4523-ef20-4f7b-88c1-e537bb4012ee" testName="05- prereq-fisap-datacorrection@report-summary-19_20-registerclassandpostattendance-generictest (OT-06Z-FISAP-Report-Summary-19_20)" computerName="CLTBUILD23" duration="00:00:08.5752185" startTime="2021-04-12T09:12:18.1005666-04:00" endTime="2021-04-12T09:12:26.6779551-04:00" testType="13cdc9d9-ddb5-4fa4-a97d-d965ccfc6d4b" outcome="Passed" testListId="8c84fa94-04c1-424b-9868-57a2d4851a1d" relativeResultsDirectory="9c0e8a2a-e99b-4552-b8f2-138c4cf9327b">
          <Output>
            <StdOut>C:\Agt6\_work\_temp\TestResults\c2kbuild_CLTBUILD23 2021-04-12 08_12_36\In\9c0e8a2a-e99b-4552-b8f2-138c4cf9327b\CLTBUILD23&gt;if not defined TestLocation (set TestLocation=. ) &#xD;
&#xD;
C:\Agt6\_work\_temp\TestResults\c2kbuild_CLTBUILD23 2021-04-12 08_12_36\In\9c0e8a2a-e99b-4552-b8f2-138c4cf9327b\CLTBUILD23&gt;set CollectionFileName=c:\agt6\_work\6\a\api\environment\regapiautomation\testdata\fisap-datacorrection\prereq-report-summary-19_20\..\..\..\..\..\PreReq\PreReq-RegisterClassAndPostAttendanceForStudent.postman_collection.json &#xD;
&#xD;
C:\Agt6\_work\_temp\TestResults\c2kbuild_CLTBUILD23 2021-04-12 08_12_36\In\9c0e8a2a-e99b-4552-b8f2-138c4cf9327b\CLTBUILD23&gt;set DataFileName=c:\agt6\_work\6\a\api\environment\regapiautomation\testdata\fisap-datacorrection\prereq-report-summary-19_20\PreReq-FISAP-DataCorrection@Report-Summary-19_20-RegisterClassAndPostAttendance.csv &#xD;
&#xD;
C:\Agt6\_work\_temp\TestResults\c2kbuild_CLTBUILD23 2021-04-12 08_12_36\In\9c0e8a2a-e99b-4552-b8f2-138c4cf9327b\CLTBUILD23&gt;set EnvironmentFilePath=c:\agt6\_work\6\a\api\environment\regapiautomation\testdata\fisap-datacorrection\prereq-report-summary-19_20\..\..\..\RegApiAutoEnvironment.postman_environment.json &#xD;
&#xD;
C:\Agt6\_work\_temp\TestResults\c2kbuild_CLTBUILD23 2021-04-12 08_12_36\In\9c0e8a2a-e99b-4552-b8f2-138c4cf9327b\CLTBUILD23&gt;set HtmlResultsFile=PreReq-RegisterClassAndPostAttendance_Html.html &#xD;
&#xD;
C:\Agt6\_work\_temp\TestResults\c2kbuild_CLTBUILD23 2021-04-12 08_12_36\In\9c0e8a2a-e99b-4552-b8f2-138c4cf9327b\CLTBUILD23&gt;set JunitResultsFile=PreReq-RegisterClassAndPostAttendance_Junit.xml &#xD;
&#xD;
C:\Agt6\_work\_temp\TestResults\c2kbuild_CLTBUILD23 2021-04-12 08_12_36\In\9c0e8a2a-e99b-4552-b8f2-138c4cf9327b\CLTBUILD23&gt;newman run "c:\agt6\_work\6\a\api\environment\regapiautomation\testdata\fisap-datacorrection\prereq-report-summary-19_20\..\..\..\..\..\PreReq\PreReq-RegisterClassAndPostAttendanceForStudent.postman_collection.json" -k -d "c:\agt6\_work\6\a\api\environment\regapiautomation\testdata\fisap-datacorrection\prereq-report-summary-19_20\PreReq-FISAP-DataCorrection@Report-Summary-19_20-RegisterClassAndPostAttendance.csv" -e "c:\agt6\_work\6\a\api\environment\regapiautomation\testdata\fisap-datacorrection\prereq-report-summary-19_20\..\..\..\RegApiAutoEnvironment.postman_environment.json" -r junit,html --reporter-html-export "PreReq-RegisterClassAndPostAttendance_Html.html" --reporter-junit-export "PreReq-RegisterClassAndPostAttendance_Junit.xml"</StdOut>
          </Output>
          <ResultFiles>
            <ResultFile path="CLTBUILD23\PreReq-RegisterClassAndPostAttendance_Html.html" />
            <ResultFile path="CLTBUILD23\PreReq-RegisterClassAndPostAttendance_Junit.xml" />
          </ResultFiles>
        </UnitTestResult>
        <UnitTestResult executionId="885bf934-c26d-4623-8e29-bcd38bda20da" parentExecutionId="aa45d248-d3be-4714-80a6-d8b03b78f18a" testId="6727ace9-2542-4493-b3ae-24524c8d45ce" testName="06- prereq-fisap-datacorrection@report-summary-19_20-updatebudgetforacademicyearforpackaging-generictest (OT-06Z-FISAP-Report-Summary-19_20)" computerName="CLTBUILD23" duration="00:00:08.5890746" startTime="2021-04-12T09:12:26.6789561-04:00" endTime="2021-04-12T09:12:35.2773440-04:00" testType="13cdc9d9-ddb5-4fa4-a97d-d965ccfc6d4b" outcome="Passed" testListId="8c84fa94-04c1-424b-9868-57a2d4851a1d" relativeResultsDirectory="885bf934-c26d-4623-8e29-bcd38bda20da">
          <Output>
            <StdOut>C:\Agt6\_work\_temp\TestResults\c2kbuild_CLTBUILD23 2021-04-12 08_12_36\In\885bf934-c26d-4623-8e29-bcd38bda20da\CLTBUILD23&gt;if not defined TestLocation (set TestLocation=. ) &#xD;
&#xD;
C:\Agt6\_work\_temp\TestResults\c2kbuild_CLTBUILD23 2021-04-12 08_12_36\In\885bf934-c26d-4623-8e29-bcd38bda20da\CLTBUILD23&gt;set CollectionFileName=c:\agt6\_work\6\a\api\environment\regapiautomation\testdata\fisap-datacorrection\prereq-report-summary-19_20\..\..\..\..\..\PreReq\PreReq-UpdateBudgetForAcademicYearForPackaging.postman_collection.json &#xD;
&#xD;
C:\Agt6\_work\_temp\TestResults\c2kbuild_CLTBUILD23 2021-04-12 08_12_36\In\885bf934-c26d-4623-8e29-bcd38bda20da\CLTBUILD23&gt;set DataFileName=c:\agt6\_work\6\a\api\environment\regapiautomation\testdata\fisap-datacorrection\prereq-report-summary-19_20\PreReq-FISAP-DataCorrection@Report-Summary-19_20-UpdateBudgetForAcademicYearForPackaging.data.csv &#xD;
&#xD;
C:\Agt6\_work\_temp\TestResults\c2kbuild_CLTBUILD23 2021-04-12 08_12_36\In\885bf934-c26d-4623-8e29-bcd38bda20da\CLTBUILD23&gt;set EnvironmentFilePath=c:\agt6\_work\6\a\api\environment\regapiautomation\testdata\fisap-datacorrection\prereq-report-summary-19_20\..\..\..\RegApiAutoEnvironment.postman_environment.json &#xD;
&#xD;
C:\Agt6\_work\_temp\TestResults\c2kbuild_CLTBUILD23 2021-04-12 08_12_36\In\885bf934-c26d-4623-8e29-bcd38bda20da\CLTBUILD23&gt;set HtmlResultsFile=PreReq-UpdateBudgetForAcademicYearForPackaging_Html.html &#xD;
&#xD;
C:\Agt6\_work\_temp\TestResults\c2kbuild_CLTBUILD23 2021-04-12 08_12_36\In\885bf934-c26d-4623-8e29-bcd38bda20da\CLTBUILD23&gt;set JunitResultsFile=PreReq-UpdateBudgetForAcademicYearForPackaging_Junit.xml &#xD;
&#xD;
C:\Agt6\_work\_temp\TestResults\c2kbuild_CLTBUILD23 2021-04-12 08_12_36\In\885bf934-c26d-4623-8e29-bcd38bda20da\CLTBUILD23&gt;newman run "c:\agt6\_work\6\a\api\environment\regapiautomation\testdata\fisap-datacorrection\prereq-report-summary-19_20\..\..\..\..\..\PreReq\PreReq-UpdateBudgetForAcademicYearForPackaging.postman_collection.json" -k -d "c:\agt6\_work\6\a\api\environment\regapiautomation\testdata\fisap-datacorrection\prereq-report-summary-19_20\PreReq-FISAP-DataCorrection@Report-Summary-19_20-UpdateBudgetForAcademicYearForPackaging.data.csv" -e "c:\agt6\_work\6\a\api\environment\regapiautomation\testdata\fisap-datacorrection\prereq-report-summary-19_20\..\..\..\RegApiAutoEnvironment.postman_environment.json" -r junit,html --reporter-html-export "PreReq-UpdateBudgetForAcademicYearForPackaging_Html.html" --reporter-junit-export "PreReq-UpdateBudgetForAcademicYearForPackaging_Junit.xml"</StdOut>
          </Output>
          <ResultFiles>
            <ResultFile path="CLTBUILD23\PreReq-UpdateBudgetForAcademicYearForPackaging_Html.html" />
            <ResultFile path="CLTBUILD23\PreReq-UpdateBudgetForAcademicYearForPackaging_Junit.xml" />
          </ResultFiles>
        </UnitTestResult>
        <UnitTestResult executionId="244dcf38-6268-494f-9f68-2c310a7aecc5" parentExecutionId="aa45d248-d3be-4714-80a6-d8b03b78f18a" testId="5f2c23b2-3585-42f7-934a-2955e77e968d" testName="07- prereq-fisap-datacorrection@report-summary-19_20-awardgrantforpackaging-generictest (OT-06Z-FISAP-Report-Summary-19_20)" computerName="CLTBUILD23" duration="00:00:08.6863251" startTime="2021-04-12T09:12:35.2823369-04:00" endTime="2021-04-12T09:12:43.9697214-04:00" testType="13cdc9d9-ddb5-4fa4-a97d-d965ccfc6d4b" outcome="Passed" testListId="8c84fa94-04c1-424b-9868-57a2d4851a1d" relativeResultsDirectory="244dcf38-6268-494f-9f68-2c310a7aecc5">
          <Output>
            <StdOut>C:\Agt6\_work\_temp\TestResults\c2kbuild_CLTBUILD23 2021-04-12 08_12_36\In\244dcf38-6268-494f-9f68-2c310a7aecc5\CLTBUILD23&gt;if not defined TestLocation (set TestLocation=. ) &#xD;
&#xD;
C:\Agt6\_work\_temp\TestResults\c2kbuild_CLTBUILD23 2021-04-12 08_12_36\In\244dcf38-6268-494f-9f68-2c310a7aecc5\CLTBUILD23&gt;set CollectionFileName=c:\agt6\_work\6\a\api\environment\regapiautomation\testdata\fisap-datacorrection\prereq-report-summary-19_20\..\..\..\..\..\PreReq\PreReq-AwardGrantForPackaging.postman_collection.json &#xD;
&#xD;
C:\Agt6\_work\_temp\TestResults\c2kbuild_CLTBUILD23 2021-04-12 08_12_36\In\244dcf38-6268-494f-9f68-2c310a7aecc5\CLTBUILD23&gt;set DataFileName=c:\agt6\_work\6\a\api\environment\regapiautomation\testdata\fisap-datacorrection\prereq-report-summary-19_20\PreReq-FISAP-DataCorrection@Report-Summary-19_20-AwardGrantForPackaging.data.csv &#xD;
&#xD;
C:\Agt6\_work\_temp\TestResults\c2kbuild_CLTBUILD23 2021-04-12 08_12_36\In\244dcf38-6268-494f-9f68-2c310a7aecc5\CLTBUILD23&gt;set EnvironmentFilePath=c:\agt6\_work\6\a\api\environment\regapiautomation\testdata\fisap-datacorrection\prereq-report-summary-19_20\..\..\..\RegApiAutoEnvironment.postman_environment.json &#xD;
&#xD;
C:\Agt6\_work\_temp\TestResults\c2kbuild_CLTBUILD23 2021-04-12 08_12_36\In\244dcf38-6268-494f-9f68-2c310a7aecc5\CLTBUILD23&gt;set HtmlResultsFile=PreReq-AwardGrantForPackaging_Html.html &#xD;
&#xD;
C:\Agt6\_work\_temp\TestResults\c2kbuild_CLTBUILD23 2021-04-12 08_12_36\In\244dcf38-6268-494f-9f68-2c310a7aecc5\CLTBUILD23&gt;set JunitResultsFile=PreReq-AwardGrantForPackaging_Junit.xml &#xD;
&#xD;
C:\Agt6\_work\_temp\TestResults\c2kbuild_CLTBUILD23 2021-04-12 08_12_36\In\244dcf38-6268-494f-9f68-2c310a7aecc5\CLTBUILD23&gt;newman run "c:\agt6\_work\6\a\api\environment\regapiautomation\testdata\fisap-datacorrection\prereq-report-summary-19_20\..\..\..\..\..\PreReq\PreReq-AwardGrantForPackaging.postman_collection.json" -k -d "c:\agt6\_work\6\a\api\environment\regapiautomation\testdata\fisap-datacorrection\prereq-report-summary-19_20\PreReq-FISAP-DataCorrection@Report-Summary-19_20-AwardGrantForPackaging.data.csv" -e "c:\agt6\_work\6\a\api\environment\regapiautomation\testdata\fisap-datacorrection\prereq-report-summary-19_20\..\..\..\RegApiAutoEnvironment.postman_environment.json" -r junit,html --reporter-html-export "PreReq-AwardGrantForPackaging_Html.html" --reporter-junit-export "PreReq-AwardGrantForPackaging_Junit.xml"</StdOut>
          </Output>
          <ResultFiles>
            <ResultFile path="CLTBUILD23\PreReq-AwardGrantForPackaging_Html.html" />
            <ResultFile path="CLTBUILD23\PreReq-AwardGrantForPackaging_Junit.xml" />
          </ResultFiles>
        </UnitTestResult>
        <UnitTestResult executionId="58931c4e-30cd-4b90-92da-66f0462567ef" parentExecutionId="aa45d248-d3be-4714-80a6-d8b03b78f18a" testId="f6f909e7-07a7-43b0-98a6-83f1d19f2143" testName="08- prereq-fisap-datacorrection@report-summary-19_20-postpaymentledgercard-generictest (OT-06Z-FISAP-Report-Summary-19_20)" computerName="CLTBUILD23" duration="00:00:07.7847750" startTime="2021-04-12T09:12:43.9707206-04:00" endTime="2021-04-12T09:12:51.7581639-04:00" testType="13cdc9d9-ddb5-4fa4-a97d-d965ccfc6d4b" outcome="Passed" testListId="8c84fa94-04c1-424b-9868-57a2d4851a1d" relativeResultsDirectory="58931c4e-30cd-4b90-92da-66f0462567ef">
          <Output>
            <StdOut>C:\Agt6\_work\_temp\TestResults\c2kbuild_CLTBUILD23 2021-04-12 08_12_36\In\58931c4e-30cd-4b90-92da-66f0462567ef\CLTBUILD23&gt;if not defined TestLocation (set TestLocation=. ) &#xD;
&#xD;
C:\Agt6\_work\_temp\TestResults\c2kbuild_CLTBUILD23 2021-04-12 08_12_36\In\58931c4e-30cd-4b90-92da-66f0462567ef\CLTBUILD23&gt;set CollectionFileName=c:\agt6\_work\6\a\api\environment\regapiautomation\testdata\fisap-datacorrection\prereq-report-summary-19_20\..\..\..\..\..\PreReq\PreReq-PostPaymentLedgerCard.postman_collection.json &#xD;
&#xD;
C:\Agt6\_work\_temp\TestResults\c2kbuild_CLTBUILD23 2021-04-12 08_12_36\In\58931c4e-30cd-4b90-92da-66f0462567ef\CLTBUILD23&gt;set DataFileName=c:\agt6\_work\6\a\api\environment\regapiautomation\testdata\fisap-datacorrection\prereq-report-summary-19_20\PreReq-FISAP-DataCorrection@Report-Summary-19_20-PostPaymentLedgerCard.data.json &#xD;
&#xD;
C:\Agt6\_work\_temp\TestResults\c2kbuild_CLTBUILD23 2021-04-12 08_12_36\In\58931c4e-30cd-4b90-92da-66f0462567ef\CLTBUILD23&gt;set EnvironmentFilePath=c:\agt6\_work\6\a\api\environment\regapiautomation\testdata\fisap-datacorrection\prereq-report-summary-19_20\..\..\..\RegApiAutoEnvironment.postman_environment.json &#xD;
&#xD;
C:\Agt6\_work\_temp\TestResults\c2kbuild_CLTBUILD23 2021-04-12 08_12_36\In\58931c4e-30cd-4b90-92da-66f0462567ef\CLTBUILD23&gt;set HtmlResultsFile=PreReq-PostPaymentLedgerCard_Html.html &#xD;
&#xD;
C:\Agt6\_work\_temp\TestResults\c2kbuild_CLTBUILD23 2021-04-12 08_12_36\In\58931c4e-30cd-4b90-92da-66f0462567ef\CLTBUILD23&gt;set JunitResultsFile=PreReq-PostPaymentLdegerCard_Junit.xml &#xD;
&#xD;
C:\Agt6\_work\_temp\TestResults\c2kbuild_CLTBUILD23 2021-04-12 08_12_36\In\58931c4e-30cd-4b90-92da-66f0462567ef\CLTBUILD23&gt;newman run "c:\agt6\_work\6\a\api\environment\regapiautomation\testdata\fisap-datacorrection\prereq-report-summary-19_20\..\..\..\..\..\PreReq\PreReq-PostPaymentLedgerCard.postman_collection.json" -k -d "c:\agt6\_work\6\a\api\environment\regapiautomation\testdata\fisap-datacorrection\prereq-report-summary-19_20\PreReq-FISAP-DataCorrection@Report-Summary-19_20-PostPaymentLedgerCard.data.json" -e "c:\agt6\_work\6\a\api\environment\regapiautomation\testdata\fisap-datacorrection\prereq-report-summary-19_20\..\..\..\RegApiAutoEnvironment.postman_environment.json" -r junit,html --reporter-html-export "PreReq-PostPaymentLedgerCard_Html.html" --reporter-junit-export "PreReq-PostPaymentLdegerCard_Junit.xml"</StdOut>
          </Output>
          <ResultFiles>
            <ResultFile path="CLTBUILD23\PreReq-PostPaymentLdegerCard_Junit.xml" />
            <ResultFile path="CLTBUILD23\PreReq-PostPaymentLedgerCard_Html.html" />
          </ResultFiles>
        </UnitTestResult>
        <UnitTestResult executionId="149d6e97-dd3d-4b54-b4fa-8b115fad3d00" parentExecutionId="aa45d248-d3be-4714-80a6-d8b03b78f18a" testId="7b26671f-6808-464b-b2ce-01496bf3bc89" testName="09- prereq-fisap-datacorrection@report-summary-19_20-changestudentstatus-generictest (OT-06Z-FISAP-Report-Summary-19_20)" computerName="CLTBUILD23" duration="00:00:06.5727888" startTime="2021-04-12T09:12:51.7581639-04:00" endTime="2021-04-12T09:12:58.3346963-04:00" testType="13cdc9d9-ddb5-4fa4-a97d-d965ccfc6d4b" outcome="Passed" testListId="8c84fa94-04c1-424b-9868-57a2d4851a1d" relativeResultsDirectory="149d6e97-dd3d-4b54-b4fa-8b115fad3d00">
          <Output>
            <StdOut>C:\Agt6\_work\_temp\TestResults\c2kbuild_CLTBUILD23 2021-04-12 08_12_36\In\149d6e97-dd3d-4b54-b4fa-8b115fad3d00\CLTBUILD23&gt;if not defined TestLocation (set TestLocation=. ) &#xD;
&#xD;
C:\Agt6\_work\_temp\TestResults\c2kbuild_CLTBUILD23 2021-04-12 08_12_36\In\149d6e97-dd3d-4b54-b4fa-8b115fad3d00\CLTBUILD23&gt;set CollectionFileName=c:\agt6\_work\6\a\api\environment\regapiautomation\testdata\fisap-datacorrection\prereq-report-summary-19_20\..\..\..\..\..\PreReq\PreReq-GraduateStudentStatus.postman_collection.json &#xD;
&#xD;
C:\Agt6\_work\_temp\TestResults\c2kbuild_CLTBUILD23 2021-04-12 08_12_36\In\149d6e97-dd3d-4b54-b4fa-8b115fad3d00\CLTBUILD23&gt;set DataFileName=c:\agt6\_work\6\a\api\environment\regapiautomation\testdata\fisap-datacorrection\prereq-report-summary-19_20\PreReq-FISAP-DataCorrection@Report-Summary-19_20-ChangeStudentStatus.data.json &#xD;
&#xD;
C:\Agt6\_work\_temp\TestResults\c2kbuild_CLTBUILD23 2021-04-12 08_12_36\In\149d6e97-dd3d-4b54-b4fa-8b115fad3d00\CLTBUILD23&gt;set EnvironmentFilePath=c:\agt6\_work\6\a\api\environment\regapiautomation\testdata\fisap-datacorrection\prereq-report-summary-19_20\..\..\..\RegApiAutoEnvironment.postman_environment.json &#xD;
&#xD;
C:\Agt6\_work\_temp\TestResults\c2kbuild_CLTBUILD23 2021-04-12 08_12_36\In\149d6e97-dd3d-4b54-b4fa-8b115fad3d00\CLTBUILD23&gt;set HtmlResultsFile=PreReq-ChangeStudentStatus_Html.html &#xD;
&#xD;
C:\Agt6\_work\_temp\TestResults\c2kbuild_CLTBUILD23 2021-04-12 08_12_36\In\149d6e97-dd3d-4b54-b4fa-8b115fad3d00\CLTBUILD23&gt;set JunitResultsFile=PreReq-ChangeStudentStatus_Junit.xml &#xD;
&#xD;
C:\Agt6\_work\_temp\TestResults\c2kbuild_CLTBUILD23 2021-04-12 08_12_36\In\149d6e97-dd3d-4b54-b4fa-8b115fad3d00\CLTBUILD23&gt;newman run "c:\agt6\_work\6\a\api\environment\regapiautomation\testdata\fisap-datacorrection\prereq-report-summary-19_20\..\..\..\..\..\PreReq\PreReq-GraduateStudentStatus.postman_collection.json" -k -d "c:\agt6\_work\6\a\api\environment\regapiautomation\testdata\fisap-datacorrection\prereq-report-summary-19_20\PreReq-FISAP-DataCorrection@Report-Summary-19_20-ChangeStudentStatus.data.json" -e "c:\agt6\_work\6\a\api\environment\regapiautomation\testdata\fisap-datacorrection\prereq-report-summary-19_20\..\..\..\RegApiAutoEnvironment.postman_environment.json" -r junit,html --reporter-html-export "PreReq-ChangeStudentStatus_Html.html" --reporter-junit-export "PreReq-ChangeStudentStatus_Junit.xml"</StdOut>
          </Output>
          <ResultFiles>
            <ResultFile path="CLTBUILD23\PreReq-ChangeStudentStatus_Html.html" />
            <ResultFile path="CLTBUILD23\PreReq-ChangeStudentStatus_Junit.xml" />
          </ResultFiles>
        </UnitTestResult>
        <UnitTestResult executionId="ccfe19b0-2eb2-4073-865f-467f31e915e8" parentExecutionId="aa45d248-d3be-4714-80a6-d8b03b78f18a" testId="6ab4e60c-2525-4448-806a-d2e309ba685b" testName="10- fisap-datacorrection@report-summary-19_20-generictest (OT-06Z-FISAP-Report-Summary-19_20)" computerName="CLTBUILD23" duration="00:00:08.7601403" startTime="2021-04-12T09:12:58.3346963-04:00" endTime="2021-04-12T09:13:07.0990691-04:00" testType="13cdc9d9-ddb5-4fa4-a97d-d965ccfc6d4b" outcome="Passed" testListId="8c84fa94-04c1-424b-9868-57a2d4851a1d" relativeResultsDirectory="ccfe19b0-2eb2-4073-865f-467f31e915e8">
          <Output>
            <StdOut>C:\Agt6\_work\_temp\TestResults\c2kbuild_CLTBUILD23 2021-04-12 08_12_36\In\ccfe19b0-2eb2-4073-865f-467f31e915e8\CLTBUILD23&gt;if not defined TestLocation (set TestLocation=. ) &#xD;
&#xD;
C:\Agt6\_work\_temp\TestResults\c2kbuild_CLTBUILD23 2021-04-12 08_12_36\In\ccfe19b0-2eb2-4073-865f-467f31e915e8\CLTBUILD23&gt;set CollectionFileName=c:\agt6\_work\6\a\api\environment\regapiautomation\testdata\fisap-datacorrection\..\..\..\..\Tests\FISAP-DataCorrection\FISAP-DataCorrection@Report-Summary.postman_collection.json &#xD;
&#xD;
C:\Agt6\_work\_temp\TestResults\c2kbuild_CLTBUILD23 2021-04-12 08_12_36\In\ccfe19b0-2eb2-4073-865f-467f31e915e8\CLTBUILD23&gt;set DataFileName=c:\agt6\_work\6\a\api\environment\regapiautomation\testdata\fisap-datacorrection\FISAP-DataCorrection@Report-Summary-19_20.data.json &#xD;
&#xD;
C:\Agt6\_work\_temp\TestResults\c2kbuild_CLTBUILD23 2021-04-12 08_12_36\In\ccfe19b0-2eb2-4073-865f-467f31e915e8\CLTBUILD23&gt;set EnvironmentFilePath=c:\agt6\_work\6\a\api\environment\regapiautomation\testdata\fisap-datacorrection\..\..\RegApiAutoEnvironment.postman_environment.json &#xD;
&#xD;
C:\Agt6\_work\_temp\TestResults\c2kbuild_CLTBUILD23 2021-04-12 08_12_36\In\ccfe19b0-2eb2-4073-865f-467f31e915e8\CLTBUILD23&gt;set HtmlResultsFile=FISAP-DataCorrection@Report-Summary-19_20-Html.html &#xD;
&#xD;
C:\Agt6\_work\_temp\TestResults\c2kbuild_CLTBUILD23 2021-04-12 08_12_36\In\ccfe19b0-2eb2-4073-865f-467f31e915e8\CLTBUILD23&gt;set JunitResultsFile=FISAP-DataCorrection@Report-Summary-19_20-Junit.xml &#xD;
&#xD;
C:\Agt6\_work\_temp\TestResults\c2kbuild_CLTBUILD23 2021-04-12 08_12_36\In\ccfe19b0-2eb2-4073-865f-467f31e915e8\CLTBUILD23&gt;newman run "c:\agt6\_work\6\a\api\environment\regapiautomation\testdata\fisap-datacorrection\..\..\..\..\Tests\FISAP-DataCorrection\FISAP-DataCorrection@Report-Summary.postman_collection.json" -k -d "c:\agt6\_work\6\a\api\environment\regapiautomation\testdata\fisap-datacorrection\FISAP-DataCorrection@Report-Summary-19_20.data.json" -e "c:\agt6\_work\6\a\api\environment\regapiautomation\testdata\fisap-datacorrection\..\..\RegApiAutoEnvironment.postman_environment.json" -r junit,html --reporter-html-export "FISAP-DataCorrection@Report-Summary-19_20-Html.html" --reporter-junit-export "FISAP-DataCorrection@Report-Summary-19_20-Junit.xml"</StdOut>
          </Output>
          <ResultFiles>
            <ResultFile path="CLTBUILD23\FISAP-DataCorrection@Report-Summary-19_20-Html.html" />
            <ResultFile path="CLTBUILD23\FISAP-DataCorrection@Report-Summary-19_20-Junit.xml" />
          </ResultFiles>
        </UnitTestResult>
      </InnerResults>
    </TestResultAggregation>
    <TestResultAggregation executionId="8b6a38b1-0ae6-4efa-8ba5-636ed1a71512" testId="698ce00f-d264-466b-84eb-ed1574686554" testName="OT-06W-FISAP-ResolveDep-20_21" computerName="CLTBUILD23" duration="00:01:23.9153419" startTime="2021-04-12T09:05:22.2018994-04:00" endTime="2021-04-12T09:06:46.1108038-04:00" testType="ec4800e8-40e5-4ab3-8510-b8bf29b1904d" outcome="Passed" testListId="8c84fa94-04c1-424b-9868-57a2d4851a1d" relativeResultsDirectory="8b6a38b1-0ae6-4efa-8ba5-636ed1a71512">
      <InnerResults>
        <UnitTestResult executionId="e79e2dd1-52ff-47bf-93b2-d52f43e5e817" parentExecutionId="8b6a38b1-0ae6-4efa-8ba5-636ed1a71512" testId="563dd27b-260f-468b-8f1b-b6ee2910c62a" testName="01- prereq-fisap-datacorrection@resolvedep-20_21-createstudent-generictest (OT-06W-FISAP-ResolveDep-20_21)" computerName="CLTBUILD23" duration="00:00:07.4874510" startTime="2021-04-12T09:05:22.2059007-04:00" endTime="2021-04-12T09:05:29.7003498-04:00" testType="13cdc9d9-ddb5-4fa4-a97d-d965ccfc6d4b" outcome="Passed" testListId="8c84fa94-04c1-424b-9868-57a2d4851a1d" relativeResultsDirectory="e79e2dd1-52ff-47bf-93b2-d52f43e5e817">
          <Output>
            <StdOut>C:\Agt6\_work\_temp\TestResults\c2kbuild_CLTBUILD23 2021-04-12 08_12_36\In\e79e2dd1-52ff-47bf-93b2-d52f43e5e817\CLTBUILD23&gt;if not defined TestLocation (set TestLocation=. ) &#xD;
&#xD;
C:\Agt6\_work\_temp\TestResults\c2kbuild_CLTBUILD23 2021-04-12 08_12_36\In\e79e2dd1-52ff-47bf-93b2-d52f43e5e817\CLTBUILD23&gt;set CollectionFileName=c:\agt6\_work\6\a\api\environment\regapiautomation\testdata\fisap-datacorrection\prereq-resolvedep-20_21\..\..\..\..\..\PreReq\PreReq-CreateStudent.postman_collection.json &#xD;
&#xD;
C:\Agt6\_work\_temp\TestResults\c2kbuild_CLTBUILD23 2021-04-12 08_12_36\In\e79e2dd1-52ff-47bf-93b2-d52f43e5e817\CLTBUILD23&gt;set DataFileName=c:\agt6\_work\6\a\api\environment\regapiautomation\testdata\fisap-datacorrection\prereq-resolvedep-20_21\PreReq-FISAP-DataCorrection@ResolveDep-20_21-CreateStudent.data.csv &#xD;
&#xD;
C:\Agt6\_work\_temp\TestResults\c2kbuild_CLTBUILD23 2021-04-12 08_12_36\In\e79e2dd1-52ff-47bf-93b2-d52f43e5e817\CLTBUILD23&gt;set EnvironmentFilePath=c:\agt6\_work\6\a\api\environment\regapiautomation\testdata\fisap-datacorrection\prereq-resolvedep-20_21\..\..\..\RegApiAutoEnvironment.postman_environment.json &#xD;
&#xD;
C:\Agt6\_work\_temp\TestResults\c2kbuild_CLTBUILD23 2021-04-12 08_12_36\In\e79e2dd1-52ff-47bf-93b2-d52f43e5e817\CLTBUILD23&gt;set HtmlResultsFile=PreReq-CreateStudent_Html.html &#xD;
&#xD;
C:\Agt6\_work\_temp\TestResults\c2kbuild_CLTBUILD23 2021-04-12 08_12_36\In\e79e2dd1-52ff-47bf-93b2-d52f43e5e817\CLTBUILD23&gt;set JunitResultsFile=PreReq-CreateStudent_Junit.xml &#xD;
&#xD;
C:\Agt6\_work\_temp\TestResults\c2kbuild_CLTBUILD23 2021-04-12 08_12_36\In\e79e2dd1-52ff-47bf-93b2-d52f43e5e817\CLTBUILD23&gt;newman run "c:\agt6\_work\6\a\api\environment\regapiautomation\testdata\fisap-datacorrection\prereq-resolvedep-20_21\..\..\..\..\..\PreReq\PreReq-CreateStudent.postman_collection.json" -k -d "c:\agt6\_work\6\a\api\environment\regapiautomation\testdata\fisap-datacorrection\prereq-resolvedep-20_21\PreReq-FISAP-DataCorrection@ResolveDep-20_21-CreateStudent.data.csv" -e "c:\agt6\_work\6\a\api\environment\regapiautomation\testdata\fisap-datacorrection\prereq-resolvedep-20_21\..\..\..\RegApiAutoEnvironment.postman_environment.json" -r junit,html --reporter-html-export "PreReq-CreateStudent_Html.html" --reporter-junit-export "PreReq-CreateStudent_Junit.xml"</StdOut>
          </Output>
          <ResultFiles>
            <ResultFile path="CLTBUILD23\PreReq-CreateStudent_Html.html" />
            <ResultFile path="CLTBUILD23\PreReq-CreateStudent_Junit.xml" />
          </ResultFiles>
        </UnitTestResult>
        <UnitTestResult executionId="60b0dbcf-736f-482c-b704-09352ea4e7b0" parentExecutionId="8b6a38b1-0ae6-4efa-8ba5-636ed1a71512" testId="c27d2f95-dba0-4fd4-b249-3a52349b5a42" testName="02- prereq-fisap-datacorrection@resolvedep-20_21-importisir-generictest (OT-06W-FISAP-ResolveDep-20_21)" computerName="CLTBUILD23" duration="00:00:08.4425305" startTime="2021-04-12T09:05:29.7013530-04:00" endTime="2021-04-12T09:05:38.1467335-04:00" testType="13cdc9d9-ddb5-4fa4-a97d-d965ccfc6d4b" outcome="Passed" testListId="8c84fa94-04c1-424b-9868-57a2d4851a1d" relativeResultsDirectory="60b0dbcf-736f-482c-b704-09352ea4e7b0">
          <Output>
            <StdOut>C:\Agt6\_work\_temp\TestResults\c2kbuild_CLTBUILD23 2021-04-12 08_12_36\In\60b0dbcf-736f-482c-b704-09352ea4e7b0\CLTBUILD23&gt;if not defined TestLocation (set TestLocation=. ) &#xD;
&#xD;
C:\Agt6\_work\_temp\TestResults\c2kbuild_CLTBUILD23 2021-04-12 08_12_36\In\60b0dbcf-736f-482c-b704-09352ea4e7b0\CLTBUILD23&gt;set CollectionFileName=c:\agt6\_work\6\a\api\environment\regapiautomation\testdata\fisap-datacorrection\prereq-resolvedep-20_21\..\..\..\..\..\PreReq\PreReq-ImportIsir.postman_collection.json &#xD;
&#xD;
C:\Agt6\_work\_temp\TestResults\c2kbuild_CLTBUILD23 2021-04-12 08_12_36\In\60b0dbcf-736f-482c-b704-09352ea4e7b0\CLTBUILD23&gt;set DataFileName=c:\agt6\_work\6\a\api\environment\regapiautomation\testdata\fisap-datacorrection\prereq-resolvedep-20_21\PreReq-FISAP-DataCorrection@ResolveDep-20_21-ImportIsir.data.json &#xD;
&#xD;
C:\Agt6\_work\_temp\TestResults\c2kbuild_CLTBUILD23 2021-04-12 08_12_36\In\60b0dbcf-736f-482c-b704-09352ea4e7b0\CLTBUILD23&gt;set EnvironmentFilePath=c:\agt6\_work\6\a\api\environment\regapiautomation\testdata\fisap-datacorrection\prereq-resolvedep-20_21\..\..\..\RegApiAutoEnvironment.postman_environment.json &#xD;
&#xD;
C:\Agt6\_work\_temp\TestResults\c2kbuild_CLTBUILD23 2021-04-12 08_12_36\In\60b0dbcf-736f-482c-b704-09352ea4e7b0\CLTBUILD23&gt;set HtmlResultsFile=PreReq-ImportIsir_Html.html &#xD;
&#xD;
C:\Agt6\_work\_temp\TestResults\c2kbuild_CLTBUILD23 2021-04-12 08_12_36\In\60b0dbcf-736f-482c-b704-09352ea4e7b0\CLTBUILD23&gt;set JunitResultsFile=PreReq-ImportIsir_Junit.xml &#xD;
&#xD;
C:\Agt6\_work\_temp\TestResults\c2kbuild_CLTBUILD23 2021-04-12 08_12_36\In\60b0dbcf-736f-482c-b704-09352ea4e7b0\CLTBUILD23&gt;newman run "c:\agt6\_work\6\a\api\environment\regapiautomation\testdata\fisap-datacorrection\prereq-resolvedep-20_21\..\..\..\..\..\PreReq\PreReq-ImportIsir.postman_collection.json" -k -d "c:\agt6\_work\6\a\api\environment\regapiautomation\testdata\fisap-datacorrection\prereq-resolvedep-20_21\PreReq-FISAP-DataCorrection@ResolveDep-20_21-ImportIsir.data.json" -e "c:\agt6\_work\6\a\api\environment\regapiautomation\testdata\fisap-datacorrection\prereq-resolvedep-20_21\..\..\..\RegApiAutoEnvironment.postman_environment.json" -r junit,html --reporter-html-export "PreReq-ImportIsir_Html.html" --reporter-junit-export "PreReq-ImportIsir_Junit.xml"</StdOut>
          </Output>
          <ResultFiles>
            <ResultFile path="CLTBUILD23\PreReq-ImportIsir_Html.html" />
            <ResultFile path="CLTBUILD23\PreReq-ImportIsir_Junit.xml" />
          </ResultFiles>
        </UnitTestResult>
        <UnitTestResult executionId="0f218c9b-fb69-47d6-9060-9606e7ce62a4" parentExecutionId="8b6a38b1-0ae6-4efa-8ba5-636ed1a71512" testId="5a6dda80-6c92-4c35-ab40-4ab5b47b0d47" testName="03- prereq-fisap-datacorrection@resolvedep-20_21-enrollstudent-generictest (OT-06W-FISAP-ResolveDep-20_21)" computerName="CLTBUILD23" duration="00:00:13.2935798" startTime="2021-04-12T09:05:38.1467335-04:00" endTime="2021-04-12T09:05:51.4427766-04:00" testType="13cdc9d9-ddb5-4fa4-a97d-d965ccfc6d4b" outcome="Passed" testListId="8c84fa94-04c1-424b-9868-57a2d4851a1d" relativeResultsDirectory="0f218c9b-fb69-47d6-9060-9606e7ce62a4">
          <Output>
            <StdOut>C:\Agt6\_work\_temp\TestResults\c2kbuild_CLTBUILD23 2021-04-12 08_12_36\In\0f218c9b-fb69-47d6-9060-9606e7ce62a4\CLTBUILD23&gt;if not defined TestLocation (set TestLocation=. ) &#xD;
&#xD;
C:\Agt6\_work\_temp\TestResults\c2kbuild_CLTBUILD23 2021-04-12 08_12_36\In\0f218c9b-fb69-47d6-9060-9606e7ce62a4\CLTBUILD23&gt;set CollectionFileName=c:\agt6\_work\6\a\api\environment\regapiautomation\testdata\fisap-datacorrection\prereq-resolvedep-20_21\..\..\..\..\..\PreReq\PreReq-EnrollStudent.postman_collection.json &#xD;
&#xD;
C:\Agt6\_work\_temp\TestResults\c2kbuild_CLTBUILD23 2021-04-12 08_12_36\In\0f218c9b-fb69-47d6-9060-9606e7ce62a4\CLTBUILD23&gt;set DataFileName=c:\agt6\_work\6\a\api\environment\regapiautomation\testdata\fisap-datacorrection\prereq-resolvedep-20_21\PreReq-FISAP-DataCorrection@ResolveDep-20_21-EnrollStudent.data.csv &#xD;
&#xD;
C:\Agt6\_work\_temp\TestResults\c2kbuild_CLTBUILD23 2021-04-12 08_12_36\In\0f218c9b-fb69-47d6-9060-9606e7ce62a4\CLTBUILD23&gt;set EnvironmentFilePath=c:\agt6\_work\6\a\api\environment\regapiautomation\testdata\fisap-datacorrection\prereq-resolvedep-20_21\..\..\..\RegApiAutoEnvironment.postman_environment.json &#xD;
&#xD;
C:\Agt6\_work\_temp\TestResults\c2kbuild_CLTBUILD23 2021-04-12 08_12_36\In\0f218c9b-fb69-47d6-9060-9606e7ce62a4\CLTBUILD23&gt;set HtmlResultsFile=PreReq-EnrollStudent_Html.html &#xD;
&#xD;
C:\Agt6\_work\_temp\TestResults\c2kbuild_CLTBUILD23 2021-04-12 08_12_36\In\0f218c9b-fb69-47d6-9060-9606e7ce62a4\CLTBUILD23&gt;set JunitResultsFile=PreReq-EnrollStudent_Junit.xml &#xD;
&#xD;
C:\Agt6\_work\_temp\TestResults\c2kbuild_CLTBUILD23 2021-04-12 08_12_36\In\0f218c9b-fb69-47d6-9060-9606e7ce62a4\CLTBUILD23&gt;newman run "c:\agt6\_work\6\a\api\environment\regapiautomation\testdata\fisap-datacorrection\prereq-resolvedep-20_21\..\..\..\..\..\PreReq\PreReq-EnrollStudent.postman_collection.json" -k -d "c:\agt6\_work\6\a\api\environment\regapiautomation\testdata\fisap-datacorrection\prereq-resolvedep-20_21\PreReq-FISAP-DataCorrection@ResolveDep-20_21-EnrollStudent.data.csv" -e "c:\agt6\_work\6\a\api\environment\regapiautomation\testdata\fisap-datacorrection\prereq-resolvedep-20_21\..\..\..\RegApiAutoEnvironment.postman_environment.json" -r junit,html --reporter-html-export "PreReq-EnrollStudent_Html.html" --reporter-junit-export "PreReq-EnrollStudent_Junit.xml"</StdOut>
          </Output>
          <ResultFiles>
            <ResultFile path="CLTBUILD23\PreReq-EnrollStudent_Html.html" />
            <ResultFile path="CLTBUILD23\PreReq-EnrollStudent_Junit.xml" />
          </ResultFiles>
        </UnitTestResult>
        <UnitTestResult executionId="b6bd05e1-9a32-4a5f-aec3-c75e7f4369b2" parentExecutionId="8b6a38b1-0ae6-4efa-8ba5-636ed1a71512" testId="22f00a30-a862-46db-a98f-37b050e186cc" testName="04- prereq-fisap-datacorrection@resolvedep-20_21-seteffectivedate-generictest (OT-06W-FISAP-ResolveDep-20_21)" computerName="CLTBUILD23" duration="00:00:05.6129587" startTime="2021-04-12T09:05:51.4427766-04:00" endTime="2021-04-12T09:05:57.0573689-04:00" testType="13cdc9d9-ddb5-4fa4-a97d-d965ccfc6d4b" outcome="Passed" testListId="8c84fa94-04c1-424b-9868-57a2d4851a1d" relativeResultsDirectory="b6bd05e1-9a32-4a5f-aec3-c75e7f4369b2">
          <Output>
            <StdOut>C:\Agt6\_work\_temp\TestResults\c2kbuild_CLTBUILD23 2021-04-12 08_12_36\In\b6bd05e1-9a32-4a5f-aec3-c75e7f4369b2\CLTBUILD23&gt;if not defined TestLocation (set TestLocation=. ) &#xD;
&#xD;
C:\Agt6\_work\_temp\TestResults\c2kbuild_CLTBUILD23 2021-04-12 08_12_36\In\b6bd05e1-9a32-4a5f-aec3-c75e7f4369b2\CLTBUILD23&gt;set CollectionFileName=c:\agt6\_work\6\a\api\environment\regapiautomation\testdata\fisap-datacorrection\prereq-resolvedep-20_21\..\..\..\..\..\PreReq\PreReq-SetEffectiveDateAfterStudentEnroll.postman_collection.json &#xD;
&#xD;
C:\Agt6\_work\_temp\TestResults\c2kbuild_CLTBUILD23 2021-04-12 08_12_36\In\b6bd05e1-9a32-4a5f-aec3-c75e7f4369b2\CLTBUILD23&gt;set DataFileName=c:\agt6\_work\6\a\api\environment\regapiautomation\testdata\fisap-datacorrection\prereq-resolvedep-20_21\PreReq-FISAP-DataCorrection@ResolveDep-20_21-SetEffectiveDate.data.json &#xD;
&#xD;
C:\Agt6\_work\_temp\TestResults\c2kbuild_CLTBUILD23 2021-04-12 08_12_36\In\b6bd05e1-9a32-4a5f-aec3-c75e7f4369b2\CLTBUILD23&gt;set EnvironmentFilePath=c:\agt6\_work\6\a\api\environment\regapiautomation\testdata\fisap-datacorrection\prereq-resolvedep-20_21\..\..\..\RegApiAutoEnvironment.postman_environment.json &#xD;
&#xD;
C:\Agt6\_work\_temp\TestResults\c2kbuild_CLTBUILD23 2021-04-12 08_12_36\In\b6bd05e1-9a32-4a5f-aec3-c75e7f4369b2\CLTBUILD23&gt;set HtmlResultsFile=SetEffectiveDate_Html.html &#xD;
&#xD;
C:\Agt6\_work\_temp\TestResults\c2kbuild_CLTBUILD23 2021-04-12 08_12_36\In\b6bd05e1-9a32-4a5f-aec3-c75e7f4369b2\CLTBUILD23&gt;set JunitResultsFile=SetEffectiveDate_Junit.xml &#xD;
&#xD;
C:\Agt6\_work\_temp\TestResults\c2kbuild_CLTBUILD23 2021-04-12 08_12_36\In\b6bd05e1-9a32-4a5f-aec3-c75e7f4369b2\CLTBUILD23&gt;newman run "c:\agt6\_work\6\a\api\environment\regapiautomation\testdata\fisap-datacorrection\prereq-resolvedep-20_21\..\..\..\..\..\PreReq\PreReq-SetEffectiveDateAfterStudentEnroll.postman_collection.json" -k -d "c:\agt6\_work\6\a\api\environment\regapiautomation\testdata\fisap-datacorrection\prereq-resolvedep-20_21\PreReq-FISAP-DataCorrection@ResolveDep-20_21-SetEffectiveDate.data.json" -e "c:\agt6\_work\6\a\api\environment\regapiautomation\testdata\fisap-datacorrection\prereq-resolvedep-20_21\..\..\..\RegApiAutoEnvironment.postman_environment.json" -r junit,html --reporter-html-export "SetEffectiveDate_Html.html" --reporter-junit-export "SetEffectiveDate_Junit.xml"</StdOut>
          </Output>
          <ResultFiles>
            <ResultFile path="CLTBUILD23\SetEffectiveDate_Html.html" />
            <ResultFile path="CLTBUILD23\SetEffectiveDate_Junit.xml" />
          </ResultFiles>
        </UnitTestResult>
        <UnitTestResult executionId="c32494cb-3cb4-490b-9ec4-9b7ce5420916" parentExecutionId="8b6a38b1-0ae6-4efa-8ba5-636ed1a71512" testId="01c93057-0681-47ac-ae88-e2898dcfb79b" testName="05- prereq-fisap-datacorrection@resolvedep-20_21-registerclassandpostattendance-generictest (OT-06W-FISAP-ResolveDep-20_21)" computerName="CLTBUILD23" duration="00:00:08.2820536" startTime="2021-04-12T09:05:57.0583668-04:00" endTime="2021-04-12T09:06:05.3457668-04:00" testType="13cdc9d9-ddb5-4fa4-a97d-d965ccfc6d4b" outcome="Passed" testListId="8c84fa94-04c1-424b-9868-57a2d4851a1d" relativeResultsDirectory="c32494cb-3cb4-490b-9ec4-9b7ce5420916">
          <Output>
            <StdOut>C:\Agt6\_work\_temp\TestResults\c2kbuild_CLTBUILD23 2021-04-12 08_12_36\In\c32494cb-3cb4-490b-9ec4-9b7ce5420916\CLTBUILD23&gt;if not defined TestLocation (set TestLocation=. ) &#xD;
&#xD;
C:\Agt6\_work\_temp\TestResults\c2kbuild_CLTBUILD23 2021-04-12 08_12_36\In\c32494cb-3cb4-490b-9ec4-9b7ce5420916\CLTBUILD23&gt;set CollectionFileName=c:\agt6\_work\6\a\api\environment\regapiautomation\testdata\fisap-datacorrection\prereq-resolvedep-20_21\..\..\..\..\..\PreReq\PreReq-RegisterClassAndPostAttendanceForStudent.postman_collection.json &#xD;
&#xD;
C:\Agt6\_work\_temp\TestResults\c2kbuild_CLTBUILD23 2021-04-12 08_12_36\In\c32494cb-3cb4-490b-9ec4-9b7ce5420916\CLTBUILD23&gt;set DataFileName=c:\agt6\_work\6\a\api\environment\regapiautomation\testdata\fisap-datacorrection\prereq-resolvedep-20_21\PreReq-FISAP-DataCorrection@ResolveDep-20_21-RegisterClassAndPostAttendance.csv &#xD;
&#xD;
C:\Agt6\_work\_temp\TestResults\c2kbuild_CLTBUILD23 2021-04-12 08_12_36\In\c32494cb-3cb4-490b-9ec4-9b7ce5420916\CLTBUILD23&gt;set EnvironmentFilePath=c:\agt6\_work\6\a\api\environment\regapiautomation\testdata\fisap-datacorrection\prereq-resolvedep-20_21\..\..\..\RegApiAutoEnvironment.postman_environment.json &#xD;
&#xD;
C:\Agt6\_work\_temp\TestResults\c2kbuild_CLTBUILD23 2021-04-12 08_12_36\In\c32494cb-3cb4-490b-9ec4-9b7ce5420916\CLTBUILD23&gt;set HtmlResultsFile=PreReq-RegisterClassAndPostAttendance_Html.html &#xD;
&#xD;
C:\Agt6\_work\_temp\TestResults\c2kbuild_CLTBUILD23 2021-04-12 08_12_36\In\c32494cb-3cb4-490b-9ec4-9b7ce5420916\CLTBUILD23&gt;set JunitResultsFile=PreReq-RegisterClassAndPostAttendance_Junit.xml &#xD;
&#xD;
C:\Agt6\_work\_temp\TestResults\c2kbuild_CLTBUILD23 2021-04-12 08_12_36\In\c32494cb-3cb4-490b-9ec4-9b7ce5420916\CLTBUILD23&gt;newman run "c:\agt6\_work\6\a\api\environment\regapiautomation\testdata\fisap-datacorrection\prereq-resolvedep-20_21\..\..\..\..\..\PreReq\PreReq-RegisterClassAndPostAttendanceForStudent.postman_collection.json" -k -d "c:\agt6\_work\6\a\api\environment\regapiautomation\testdata\fisap-datacorrection\prereq-resolvedep-20_21\PreReq-FISAP-DataCorrection@ResolveDep-20_21-RegisterClassAndPostAttendance.csv" -e "c:\agt6\_work\6\a\api\environment\regapiautomation\testdata\fisap-datacorrection\prereq-resolvedep-20_21\..\..\..\RegApiAutoEnvironment.postman_environment.json" -r junit,html --reporter-html-export "PreReq-RegisterClassAndPostAttendance_Html.html" --reporter-junit-export "PreReq-RegisterClassAndPostAttendance_Junit.xml"</StdOut>
          </Output>
          <ResultFiles>
            <ResultFile path="CLTBUILD23\PreReq-RegisterClassAndPostAttendance_Html.html" />
            <ResultFile path="CLTBUILD23\PreReq-RegisterClassAndPostAttendance_Junit.xml" />
          </ResultFiles>
        </UnitTestResult>
        <UnitTestResult executionId="7eaf6f5e-8343-41a2-b95d-b2a05f812c07" parentExecutionId="8b6a38b1-0ae6-4efa-8ba5-636ed1a71512" testId="958ba9b0-7452-4040-935c-f9d8410379c8" testName="06- prereq-fisap-datacorrection@resolvedep-20_21-updatebudgetforacademicyearforpackaging-generictest (OT-06W-FISAP-ResolveDep-20_21)" computerName="CLTBUILD23" duration="00:00:07.7478077" startTime="2021-04-12T09:06:05.3467669-04:00" endTime="2021-04-12T09:06:13.0981937-04:00" testType="13cdc9d9-ddb5-4fa4-a97d-d965ccfc6d4b" outcome="Passed" testListId="8c84fa94-04c1-424b-9868-57a2d4851a1d" relativeResultsDirectory="7eaf6f5e-8343-41a2-b95d-b2a05f812c07">
          <Output>
            <StdOut>C:\Agt6\_work\_temp\TestResults\c2kbuild_CLTBUILD23 2021-04-12 08_12_36\In\7eaf6f5e-8343-41a2-b95d-b2a05f812c07\CLTBUILD23&gt;if not defined TestLocation (set TestLocation=. ) &#xD;
&#xD;
C:\Agt6\_work\_temp\TestResults\c2kbuild_CLTBUILD23 2021-04-12 08_12_36\In\7eaf6f5e-8343-41a2-b95d-b2a05f812c07\CLTBUILD23&gt;set CollectionFileName=c:\agt6\_work\6\a\api\environment\regapiautomation\testdata\fisap-datacorrection\prereq-resolvedep-20_21\..\..\..\..\..\PreReq\PreReq-UpdateBudgetForAcademicYearForPackaging.postman_collection.json &#xD;
&#xD;
C:\Agt6\_work\_temp\TestResults\c2kbuild_CLTBUILD23 2021-04-12 08_12_36\In\7eaf6f5e-8343-41a2-b95d-b2a05f812c07\CLTBUILD23&gt;set DataFileName=c:\agt6\_work\6\a\api\environment\regapiautomation\testdata\fisap-datacorrection\prereq-resolvedep-20_21\PreReq-FISAP-DataCorrection@ResolveDep-20_21-UpdateBudgetForAcademicYearForPackaging.data.csv &#xD;
&#xD;
C:\Agt6\_work\_temp\TestResults\c2kbuild_CLTBUILD23 2021-04-12 08_12_36\In\7eaf6f5e-8343-41a2-b95d-b2a05f812c07\CLTBUILD23&gt;set EnvironmentFilePath=c:\agt6\_work\6\a\api\environment\regapiautomation\testdata\fisap-datacorrection\prereq-resolvedep-20_21\..\..\..\RegApiAutoEnvironment.postman_environment.json &#xD;
&#xD;
C:\Agt6\_work\_temp\TestResults\c2kbuild_CLTBUILD23 2021-04-12 08_12_36\In\7eaf6f5e-8343-41a2-b95d-b2a05f812c07\CLTBUILD23&gt;set HtmlResultsFile=PreReq-UpdateBudgetForAcademicYearForPackaging_Html.html &#xD;
&#xD;
C:\Agt6\_work\_temp\TestResults\c2kbuild_CLTBUILD23 2021-04-12 08_12_36\In\7eaf6f5e-8343-41a2-b95d-b2a05f812c07\CLTBUILD23&gt;set JunitResultsFile=PreReq-UpdateBudgetForAcademicYearForPackaging_Junit.xml &#xD;
&#xD;
C:\Agt6\_work\_temp\TestResults\c2kbuild_CLTBUILD23 2021-04-12 08_12_36\In\7eaf6f5e-8343-41a2-b95d-b2a05f812c07\CLTBUILD23&gt;newman run "c:\agt6\_work\6\a\api\environment\regapiautomation\testdata\fisap-datacorrection\prereq-resolvedep-20_21\..\..\..\..\..\PreReq\PreReq-UpdateBudgetForAcademicYearForPackaging.postman_collection.json" -k -d "c:\agt6\_work\6\a\api\environment\regapiautomation\testdata\fisap-datacorrection\prereq-resolvedep-20_21\PreReq-FISAP-DataCorrection@ResolveDep-20_21-UpdateBudgetForAcademicYearForPackaging.data.csv" -e "c:\agt6\_work\6\a\api\environment\regapiautomation\testdata\fisap-datacorrection\prereq-resolvedep-20_21\..\..\..\RegApiAutoEnvironment.postman_environment.json" -r junit,html --reporter-html-export "PreReq-UpdateBudgetForAcademicYearForPackaging_Html.html" --reporter-junit-export "PreReq-UpdateBudgetForAcademicYearForPackaging_Junit.xml"</StdOut>
          </Output>
          <ResultFiles>
            <ResultFile path="CLTBUILD23\PreReq-UpdateBudgetForAcademicYearForPackaging_Html.html" />
            <ResultFile path="CLTBUILD23\PreReq-UpdateBudgetForAcademicYearForPackaging_Junit.xml" />
          </ResultFiles>
        </UnitTestResult>
        <UnitTestResult executionId="80579730-c514-41b4-bfdf-41d3394da678" parentExecutionId="8b6a38b1-0ae6-4efa-8ba5-636ed1a71512" testId="682842f2-896c-4558-991c-16bbbc4dcb6f" testName="07- prereq-fisap-datacorrection@resolvedep-20_21-awardgrantforpackaging-generictest (OT-06W-FISAP-ResolveDep-20_21)" computerName="CLTBUILD23" duration="00:00:09.5274841" startTime="2021-04-12T09:06:13.0991987-04:00" endTime="2021-04-12T09:06:22.6275129-04:00" testType="13cdc9d9-ddb5-4fa4-a97d-d965ccfc6d4b" outcome="Passed" testListId="8c84fa94-04c1-424b-9868-57a2d4851a1d" relativeResultsDirectory="80579730-c514-41b4-bfdf-41d3394da678">
          <Output>
            <StdOut>C:\Agt6\_work\_temp\TestResults\c2kbuild_CLTBUILD23 2021-04-12 08_12_36\In\80579730-c514-41b4-bfdf-41d3394da678\CLTBUILD23&gt;if not defined TestLocation (set TestLocation=. ) &#xD;
&#xD;
C:\Agt6\_work\_temp\TestResults\c2kbuild_CLTBUILD23 2021-04-12 08_12_36\In\80579730-c514-41b4-bfdf-41d3394da678\CLTBUILD23&gt;set CollectionFileName=c:\agt6\_work\6\a\api\environment\regapiautomation\testdata\fisap-datacorrection\prereq-resolvedep-20_21\..\..\..\..\..\PreReq\PreReq-AwardGrantForPackaging.postman_collection.json &#xD;
&#xD;
C:\Agt6\_work\_temp\TestResults\c2kbuild_CLTBUILD23 2021-04-12 08_12_36\In\80579730-c514-41b4-bfdf-41d3394da678\CLTBUILD23&gt;set DataFileName=c:\agt6\_work\6\a\api\environment\regapiautomation\testdata\fisap-datacorrection\prereq-resolvedep-20_21\PreReq-FISAP-DataCorrection@ResolveDep-20_21-AwardGrantForPackaging.data.csv &#xD;
&#xD;
C:\Agt6\_work\_temp\TestResults\c2kbuild_CLTBUILD23 2021-04-12 08_12_36\In\80579730-c514-41b4-bfdf-41d3394da678\CLTBUILD23&gt;set EnvironmentFilePath=c:\agt6\_work\6\a\api\environment\regapiautomation\testdata\fisap-datacorrection\prereq-resolvedep-20_21\..\..\..\RegApiAutoEnvironment.postman_environment.json &#xD;
&#xD;
C:\Agt6\_work\_temp\TestResults\c2kbuild_CLTBUILD23 2021-04-12 08_12_36\In\80579730-c514-41b4-bfdf-41d3394da678\CLTBUILD23&gt;set HtmlResultsFile=PreReq-AwardGrantForPackaging_Html.html &#xD;
&#xD;
C:\Agt6\_work\_temp\TestResults\c2kbuild_CLTBUILD23 2021-04-12 08_12_36\In\80579730-c514-41b4-bfdf-41d3394da678\CLTBUILD23&gt;set JunitResultsFile=PreReq-AwardGrantForPackaging_Junit.xml &#xD;
&#xD;
C:\Agt6\_work\_temp\TestResults\c2kbuild_CLTBUILD23 2021-04-12 08_12_36\In\80579730-c514-41b4-bfdf-41d3394da678\CLTBUILD23&gt;newman run "c:\agt6\_work\6\a\api\environment\regapiautomation\testdata\fisap-datacorrection\prereq-resolvedep-20_21\..\..\..\..\..\PreReq\PreReq-AwardGrantForPackaging.postman_collection.json" -k -d "c:\agt6\_work\6\a\api\environment\regapiautomation\testdata\fisap-datacorrection\prereq-resolvedep-20_21\PreReq-FISAP-DataCorrection@ResolveDep-20_21-AwardGrantForPackaging.data.csv" -e "c:\agt6\_work\6\a\api\environment\regapiautomation\testdata\fisap-datacorrection\prereq-resolvedep-20_21\..\..\..\RegApiAutoEnvironment.postman_environment.json" -r junit,html --reporter-html-export "PreReq-AwardGrantForPackaging_Html.html" --reporter-junit-export "PreReq-AwardGrantForPackaging_Junit.xml"</StdOut>
          </Output>
          <ResultFiles>
            <ResultFile path="CLTBUILD23\PreReq-AwardGrantForPackaging_Html.html" />
            <ResultFile path="CLTBUILD23\PreReq-AwardGrantForPackaging_Junit.xml" />
          </ResultFiles>
        </UnitTestResult>
        <UnitTestResult executionId="e645905f-fb39-48d5-b5f0-2d3b29f0379a" parentExecutionId="8b6a38b1-0ae6-4efa-8ba5-636ed1a71512" testId="4fe457d7-070b-434a-b828-94bb38611d30" testName="08- prereq-fisap-datacorrection@resolvedep-20_21-postpaymentledgercard-generictest (OT-06W-FISAP-ResolveDep-20_21)" computerName="CLTBUILD23" duration="00:00:07.8430337" startTime="2021-04-12T09:06:22.6285162-04:00" endTime="2021-04-12T09:06:30.4739397-04:00" testType="13cdc9d9-ddb5-4fa4-a97d-d965ccfc6d4b" outcome="Passed" testListId="8c84fa94-04c1-424b-9868-57a2d4851a1d" relativeResultsDirectory="e645905f-fb39-48d5-b5f0-2d3b29f0379a">
          <Output>
            <StdOut>C:\Agt6\_work\_temp\TestResults\c2kbuild_CLTBUILD23 2021-04-12 08_12_36\In\e645905f-fb39-48d5-b5f0-2d3b29f0379a\CLTBUILD23&gt;if not defined TestLocation (set TestLocation=. ) &#xD;
&#xD;
C:\Agt6\_work\_temp\TestResults\c2kbuild_CLTBUILD23 2021-04-12 08_12_36\In\e645905f-fb39-48d5-b5f0-2d3b29f0379a\CLTBUILD23&gt;set CollectionFileName=c:\agt6\_work\6\a\api\environment\regapiautomation\testdata\fisap-datacorrection\prereq-resolvedep-20_21\..\..\..\..\..\PreReq\PreReq-PostPaymentLedgerCard.postman_collection.json &#xD;
&#xD;
C:\Agt6\_work\_temp\TestResults\c2kbuild_CLTBUILD23 2021-04-12 08_12_36\In\e645905f-fb39-48d5-b5f0-2d3b29f0379a\CLTBUILD23&gt;set DataFileName=c:\agt6\_work\6\a\api\environment\regapiautomation\testdata\fisap-datacorrection\prereq-resolvedep-20_21\PreReq-FISAP-DataCorrection@ResolveDep-20_21-PostPaymentLedgerCard.data.json &#xD;
&#xD;
C:\Agt6\_work\_temp\TestResults\c2kbuild_CLTBUILD23 2021-04-12 08_12_36\In\e645905f-fb39-48d5-b5f0-2d3b29f0379a\CLTBUILD23&gt;set EnvironmentFilePath=c:\agt6\_work\6\a\api\environment\regapiautomation\testdata\fisap-datacorrection\prereq-resolvedep-20_21\..\..\..\RegApiAutoEnvironment.postman_environment.json &#xD;
&#xD;
C:\Agt6\_work\_temp\TestResults\c2kbuild_CLTBUILD23 2021-04-12 08_12_36\In\e645905f-fb39-48d5-b5f0-2d3b29f0379a\CLTBUILD23&gt;set HtmlResultsFile=PreReq-PostPaymentLedgerCard_Html.html &#xD;
&#xD;
C:\Agt6\_work\_temp\TestResults\c2kbuild_CLTBUILD23 2021-04-12 08_12_36\In\e645905f-fb39-48d5-b5f0-2d3b29f0379a\CLTBUILD23&gt;set JunitResultsFile=PreReq-PostPaymentLdegerCard_Junit.xml &#xD;
&#xD;
C:\Agt6\_work\_temp\TestResults\c2kbuild_CLTBUILD23 2021-04-12 08_12_36\In\e645905f-fb39-48d5-b5f0-2d3b29f0379a\CLTBUILD23&gt;newman run "c:\agt6\_work\6\a\api\environment\regapiautomation\testdata\fisap-datacorrection\prereq-resolvedep-20_21\..\..\..\..\..\PreReq\PreReq-PostPaymentLedgerCard.postman_collection.json" -k -d "c:\agt6\_work\6\a\api\environment\regapiautomation\testdata\fisap-datacorrection\prereq-resolvedep-20_21\PreReq-FISAP-DataCorrection@ResolveDep-20_21-PostPaymentLedgerCard.data.json" -e "c:\agt6\_work\6\a\api\environment\regapiautomation\testdata\fisap-datacorrection\prereq-resolvedep-20_21\..\..\..\RegApiAutoEnvironment.postman_environment.json" -r junit,html --reporter-html-export "PreReq-PostPaymentLedgerCard_Html.html" --reporter-junit-export "PreReq-PostPaymentLdegerCard_Junit.xml"</StdOut>
          </Output>
          <ResultFiles>
            <ResultFile path="CLTBUILD23\PreReq-PostPaymentLdegerCard_Junit.xml" />
            <ResultFile path="CLTBUILD23\PreReq-PostPaymentLedgerCard_Html.html" />
          </ResultFiles>
        </UnitTestResult>
        <UnitTestResult executionId="9b200325-a42a-4e2e-b2ee-3cb9177005f7" parentExecutionId="8b6a38b1-0ae6-4efa-8ba5-636ed1a71512" testId="6ac5833f-b62b-44d3-a733-3754e903a0e4" testName="09- prereq-fisap-datacorrection@resolvedep-20_21-changestudentstatus-generictest (OT-06W-FISAP-ResolveDep-20_21)" computerName="CLTBUILD23" duration="00:00:06.9440101" startTime="2021-04-12T09:06:30.4749688-04:00" endTime="2021-04-12T09:06:37.4194321-04:00" testType="13cdc9d9-ddb5-4fa4-a97d-d965ccfc6d4b" outcome="Passed" testListId="8c84fa94-04c1-424b-9868-57a2d4851a1d" relativeResultsDirectory="9b200325-a42a-4e2e-b2ee-3cb9177005f7">
          <Output>
            <StdOut>C:\Agt6\_work\_temp\TestResults\c2kbuild_CLTBUILD23 2021-04-12 08_12_36\In\9b200325-a42a-4e2e-b2ee-3cb9177005f7\CLTBUILD23&gt;if not defined TestLocation (set TestLocation=. ) &#xD;
&#xD;
C:\Agt6\_work\_temp\TestResults\c2kbuild_CLTBUILD23 2021-04-12 08_12_36\In\9b200325-a42a-4e2e-b2ee-3cb9177005f7\CLTBUILD23&gt;set CollectionFileName=c:\agt6\_work\6\a\api\environment\regapiautomation\testdata\fisap-datacorrection\prereq-resolvedep-20_21\..\..\..\..\..\PreReq\PreReq-GraduateStudentStatus.postman_collection.json &#xD;
&#xD;
C:\Agt6\_work\_temp\TestResults\c2kbuild_CLTBUILD23 2021-04-12 08_12_36\In\9b200325-a42a-4e2e-b2ee-3cb9177005f7\CLTBUILD23&gt;set DataFileName=c:\agt6\_work\6\a\api\environment\regapiautomation\testdata\fisap-datacorrection\prereq-resolvedep-20_21\PreReq-FISAP-DataCorrection@ResolveDep-20_21-ChangeStudentStatus.data.json &#xD;
&#xD;
C:\Agt6\_work\_temp\TestResults\c2kbuild_CLTBUILD23 2021-04-12 08_12_36\In\9b200325-a42a-4e2e-b2ee-3cb9177005f7\CLTBUILD23&gt;set EnvironmentFilePath=c:\agt6\_work\6\a\api\environment\regapiautomation\testdata\fisap-datacorrection\prereq-resolvedep-20_21\..\..\..\RegApiAutoEnvironment.postman_environment.json &#xD;
&#xD;
C:\Agt6\_work\_temp\TestResults\c2kbuild_CLTBUILD23 2021-04-12 08_12_36\In\9b200325-a42a-4e2e-b2ee-3cb9177005f7\CLTBUILD23&gt;set HtmlResultsFile=PreReq-ChangeStudentStatus_Html.html &#xD;
&#xD;
C:\Agt6\_work\_temp\TestResults\c2kbuild_CLTBUILD23 2021-04-12 08_12_36\In\9b200325-a42a-4e2e-b2ee-3cb9177005f7\CLTBUILD23&gt;set JunitResultsFile=PreReq-ChangeStudentStatus_Junit.xml &#xD;
&#xD;
C:\Agt6\_work\_temp\TestResults\c2kbuild_CLTBUILD23 2021-04-12 08_12_36\In\9b200325-a42a-4e2e-b2ee-3cb9177005f7\CLTBUILD23&gt;newman run "c:\agt6\_work\6\a\api\environment\regapiautomation\testdata\fisap-datacorrection\prereq-resolvedep-20_21\..\..\..\..\..\PreReq\PreReq-GraduateStudentStatus.postman_collection.json" -k -d "c:\agt6\_work\6\a\api\environment\regapiautomation\testdata\fisap-datacorrection\prereq-resolvedep-20_21\PreReq-FISAP-DataCorrection@ResolveDep-20_21-ChangeStudentStatus.data.json" -e "c:\agt6\_work\6\a\api\environment\regapiautomation\testdata\fisap-datacorrection\prereq-resolvedep-20_21\..\..\..\RegApiAutoEnvironment.postman_environment.json" -r junit,html --reporter-html-export "PreReq-ChangeStudentStatus_Html.html" --reporter-junit-export "PreReq-ChangeStudentStatus_Junit.xml"</StdOut>
          </Output>
          <ResultFiles>
            <ResultFile path="CLTBUILD23\PreReq-ChangeStudentStatus_Html.html" />
            <ResultFile path="CLTBUILD23\PreReq-ChangeStudentStatus_Junit.xml" />
          </ResultFiles>
        </UnitTestResult>
        <UnitTestResult executionId="3bc2970d-ea3a-455e-ac43-30ec3618cdf6" parentExecutionId="8b6a38b1-0ae6-4efa-8ba5-636ed1a71512" testId="15daf47e-d718-4205-a067-182032dff649" testName="10- fisap-datacorrection@resolvedep-20_21-generictest (OT-06W-FISAP-ResolveDep-20_21)" computerName="CLTBUILD23" duration="00:00:08.6863991" startTime="2021-04-12T09:06:37.4204367-04:00" endTime="2021-04-12T09:06:46.1098019-04:00" testType="13cdc9d9-ddb5-4fa4-a97d-d965ccfc6d4b" outcome="Passed" testListId="8c84fa94-04c1-424b-9868-57a2d4851a1d" relativeResultsDirectory="3bc2970d-ea3a-455e-ac43-30ec3618cdf6">
          <Output>
            <StdOut>C:\Agt6\_work\_temp\TestResults\c2kbuild_CLTBUILD23 2021-04-12 08_12_36\In\3bc2970d-ea3a-455e-ac43-30ec3618cdf6\CLTBUILD23&gt;if not defined TestLocation (set TestLocation=. ) &#xD;
&#xD;
C:\Agt6\_work\_temp\TestResults\c2kbuild_CLTBUILD23 2021-04-12 08_12_36\In\3bc2970d-ea3a-455e-ac43-30ec3618cdf6\CLTBUILD23&gt;set CollectionFileName=c:\agt6\_work\6\a\api\environment\regapiautomation\testdata\fisap-datacorrection\..\..\..\..\Tests\FISAP-DataCorrection\FISAP-DataCorrection@ResolveDep.postman_collection.json &#xD;
&#xD;
C:\Agt6\_work\_temp\TestResults\c2kbuild_CLTBUILD23 2021-04-12 08_12_36\In\3bc2970d-ea3a-455e-ac43-30ec3618cdf6\CLTBUILD23&gt;set DataFileName=c:\agt6\_work\6\a\api\environment\regapiautomation\testdata\fisap-datacorrection\FISAP-DataCorrection@ResolveDep-20_21.data.json &#xD;
&#xD;
C:\Agt6\_work\_temp\TestResults\c2kbuild_CLTBUILD23 2021-04-12 08_12_36\In\3bc2970d-ea3a-455e-ac43-30ec3618cdf6\CLTBUILD23&gt;set EnvironmentFilePath=c:\agt6\_work\6\a\api\environment\regapiautomation\testdata\fisap-datacorrection\..\..\RegApiAutoEnvironment.postman_environment.json &#xD;
&#xD;
C:\Agt6\_work\_temp\TestResults\c2kbuild_CLTBUILD23 2021-04-12 08_12_36\In\3bc2970d-ea3a-455e-ac43-30ec3618cdf6\CLTBUILD23&gt;set HtmlResultsFile=FISAP-DataCorrection@ResolveDep-20_21-Html.html &#xD;
&#xD;
C:\Agt6\_work\_temp\TestResults\c2kbuild_CLTBUILD23 2021-04-12 08_12_36\In\3bc2970d-ea3a-455e-ac43-30ec3618cdf6\CLTBUILD23&gt;set JunitResultsFile=FISAP-DataCorrection@ResolveDep-20_21-Junit.xml &#xD;
&#xD;
C:\Agt6\_work\_temp\TestResults\c2kbuild_CLTBUILD23 2021-04-12 08_12_36\In\3bc2970d-ea3a-455e-ac43-30ec3618cdf6\CLTBUILD23&gt;newman run "c:\agt6\_work\6\a\api\environment\regapiautomation\testdata\fisap-datacorrection\..\..\..\..\Tests\FISAP-DataCorrection\FISAP-DataCorrection@ResolveDep.postman_collection.json" -k -d "c:\agt6\_work\6\a\api\environment\regapiautomation\testdata\fisap-datacorrection\FISAP-DataCorrection@ResolveDep-20_21.data.json" -e "c:\agt6\_work\6\a\api\environment\regapiautomation\testdata\fisap-datacorrection\..\..\RegApiAutoEnvironment.postman_environment.json" -r junit,html --reporter-html-export "FISAP-DataCorrection@ResolveDep-20_21-Html.html" --reporter-junit-export "FISAP-DataCorrection@ResolveDep-20_21-Junit.xml"</StdOut>
          </Output>
          <ResultFiles>
            <ResultFile path="CLTBUILD23\FISAP-DataCorrection@ResolveDep-20_21-Html.html" />
            <ResultFile path="CLTBUILD23\FISAP-DataCorrection@ResolveDep-20_21-Junit.xml" />
          </ResultFiles>
        </UnitTestResult>
      </InnerResults>
    </TestResultAggregation>
    <TestResultAggregation executionId="790655c0-55e5-4476-a3c2-349721f2c6a8" testId="75ada498-5844-43a8-bc58-b1f73e2230f7" testName="OT-03G-ApplicationData-Import-ISIRSRetry-21_22" computerName="CLTBUILD23" duration="00:00:17.1051925" startTime="2021-04-12T08:34:01.4907831-04:00" endTime="2021-04-12T08:34:18.6163402-04:00" testType="ec4800e8-40e5-4ab3-8510-b8bf29b1904d" outcome="Passed" testListId="8c84fa94-04c1-424b-9868-57a2d4851a1d" relativeResultsDirectory="790655c0-55e5-4476-a3c2-349721f2c6a8">
      <InnerResults>
        <UnitTestResult executionId="52aa9a48-78e4-4c4a-a004-6da36d8ad1f1" parentExecutionId="790655c0-55e5-4476-a3c2-349721f2c6a8" testId="41fdb1ad-6259-4cc0-bd37-2355dd5a7b07" testName="1- prereq-appdata-import@retryisirsimport-importisir-21_22-generictest (OT-03G-ApplicationData-Import-ISIRSRetry-21_22)" computerName="CLTBUILD23" duration="00:00:08.5463167" startTime="2021-04-12T08:34:01.4917836-04:00" endTime="2021-04-12T08:34:10.0517268-04:00" testType="13cdc9d9-ddb5-4fa4-a97d-d965ccfc6d4b" outcome="Passed" testListId="8c84fa94-04c1-424b-9868-57a2d4851a1d" relativeResultsDirectory="52aa9a48-78e4-4c4a-a004-6da36d8ad1f1">
          <Output>
            <StdOut>C:\Agt6\_work\_temp\TestResults\c2kbuild_CLTBUILD23 2021-04-12 08_12_36\In\52aa9a48-78e4-4c4a-a004-6da36d8ad1f1\CLTBUILD23&gt;if not defined TestLocation (set TestLocation=. ) &#xD;
&#xD;
C:\Agt6\_work\_temp\TestResults\c2kbuild_CLTBUILD23 2021-04-12 08_12_36\In\52aa9a48-78e4-4c4a-a004-6da36d8ad1f1\CLTBUILD23&gt;set CollectionFileName=c:\agt6\_work\6\a\api\environment\regapiautomation\testdata\applicationdata\import\prereq-appproc-import@retryisirimport-21_22\..\..\..\..\..\..\PreReq\PreReq-ImportISIR.postman_collection.json &#xD;
&#xD;
C:\Agt6\_work\_temp\TestResults\c2kbuild_CLTBUILD23 2021-04-12 08_12_36\In\52aa9a48-78e4-4c4a-a004-6da36d8ad1f1\CLTBUILD23&gt;set DataFileName=c:\agt6\_work\6\a\api\environment\regapiautomation\testdata\applicationdata\import\prereq-appproc-import@retryisirimport-21_22\PreReq-ApplicationData-Import@RetryIsirsImport-ImportISIR-21_22.data.json &#xD;
&#xD;
C:\Agt6\_work\_temp\TestResults\c2kbuild_CLTBUILD23 2021-04-12 08_12_36\In\52aa9a48-78e4-4c4a-a004-6da36d8ad1f1\CLTBUILD23&gt;set EnvironmentFilePath=c:\agt6\_work\6\a\api\environment\regapiautomation\testdata\applicationdata\import\prereq-appproc-import@retryisirimport-21_22\..\..\..\..\RegApiAutoEnvironment.postman_environment.json &#xD;
&#xD;
C:\Agt6\_work\_temp\TestResults\c2kbuild_CLTBUILD23 2021-04-12 08_12_36\In\52aa9a48-78e4-4c4a-a004-6da36d8ad1f1\CLTBUILD23&gt;set HtmlResultsFile=PreReq-ApplicationData-Import@RetryIsirsImport-ImportIsir-21_22_Html.html &#xD;
&#xD;
C:\Agt6\_work\_temp\TestResults\c2kbuild_CLTBUILD23 2021-04-12 08_12_36\In\52aa9a48-78e4-4c4a-a004-6da36d8ad1f1\CLTBUILD23&gt;set JunitResultsFile=PreReq-ApplicationData-Import@RetryIsirsImport-ImportIsir-21_22_Junit.xml &#xD;
&#xD;
C:\Agt6\_work\_temp\TestResults\c2kbuild_CLTBUILD23 2021-04-12 08_12_36\In\52aa9a48-78e4-4c4a-a004-6da36d8ad1f1\CLTBUILD23&gt;newman run "c:\agt6\_work\6\a\api\environment\regapiautomation\testdata\applicationdata\import\prereq-appproc-import@retryisirimport-21_22\..\..\..\..\..\..\PreReq\PreReq-ImportISIR.postman_collection.json" -k -d "c:\agt6\_work\6\a\api\environment\regapiautomation\testdata\applicationdata\import\prereq-appproc-import@retryisirimport-21_22\PreReq-ApplicationData-Import@RetryIsirsImport-ImportISIR-21_22.data.json" -e "c:\agt6\_work\6\a\api\environment\regapiautomation\testdata\applicationdata\import\prereq-appproc-import@retryisirimport-21_22\..\..\..\..\RegApiAutoEnvironment.postman_environment.json" -r junit,html --reporter-html-export "PreReq-ApplicationData-Import@RetryIsirsImport-ImportIsir-21_22_Html.html" --reporter-junit-export "PreReq-ApplicationData-Import@RetryIsirsImport-ImportIsir-21_22_Junit.xml"</StdOut>
          </Output>
          <ResultFiles>
            <ResultFile path="CLTBUILD23\PreReq-ApplicationData-Import@RetryIsirsImport-ImportIsir-21_22_Html.html" />
            <ResultFile path="CLTBUILD23\PreReq-ApplicationData-Import@RetryIsirsImport-ImportIsir-21_22_Junit.xml" />
          </ResultFiles>
        </UnitTestResult>
        <UnitTestResult executionId="6a7e855d-a01a-4ef3-b25c-3db02f45ad0c" parentExecutionId="790655c0-55e5-4476-a3c2-349721f2c6a8" testId="51eec996-2e30-459b-8cc5-ffa13f517494" testName="2- applicationdata-import@retryisirsimport-21_22-generictest (OT-03G-ApplicationData-Import-ISIRSRetry-21_22)" computerName="CLTBUILD23" duration="00:00:08.5519308" startTime="2021-04-12T08:34:10.0527254-04:00" endTime="2021-04-12T08:34:18.6153336-04:00" testType="13cdc9d9-ddb5-4fa4-a97d-d965ccfc6d4b" outcome="Passed" testListId="8c84fa94-04c1-424b-9868-57a2d4851a1d" relativeResultsDirectory="6a7e855d-a01a-4ef3-b25c-3db02f45ad0c">
          <Output>
            <StdOut>C:\Agt6\_work\_temp\TestResults\c2kbuild_CLTBUILD23 2021-04-12 08_12_36\In\6a7e855d-a01a-4ef3-b25c-3db02f45ad0c\CLTBUILD23&gt;if not defined TestLocation (set TestLocation=. ) &#xD;
&#xD;
C:\Agt6\_work\_temp\TestResults\c2kbuild_CLTBUILD23 2021-04-12 08_12_36\In\6a7e855d-a01a-4ef3-b25c-3db02f45ad0c\CLTBUILD23&gt;set CollectionFileName=c:\agt6\_work\6\a\api\environment\regapiautomation\testdata\applicationdata\import\..\..\..\..\..\Tests\ApplicationData\Import\ApplicationData-Import@RetryIsirsImport.postman_collection.json &#xD;
&#xD;
C:\Agt6\_work\_temp\TestResults\c2kbuild_CLTBUILD23 2021-04-12 08_12_36\In\6a7e855d-a01a-4ef3-b25c-3db02f45ad0c\CLTBUILD23&gt;set DataFileName=c:\agt6\_work\6\a\api\environment\regapiautomation\testdata\applicationdata\import\ApplicationData-Import@RetryIsirsImport-21_22.data.json &#xD;
&#xD;
C:\Agt6\_work\_temp\TestResults\c2kbuild_CLTBUILD23 2021-04-12 08_12_36\In\6a7e855d-a01a-4ef3-b25c-3db02f45ad0c\CLTBUILD23&gt;set EnvironmentFilePath=c:\agt6\_work\6\a\api\environment\regapiautomation\testdata\applicationdata\import\..\..\..\RegApiAutoEnvironment.postman_environment.json &#xD;
&#xD;
C:\Agt6\_work\_temp\TestResults\c2kbuild_CLTBUILD23 2021-04-12 08_12_36\In\6a7e855d-a01a-4ef3-b25c-3db02f45ad0c\CLTBUILD23&gt;set HtmlResultsFile=Import_ApplicationData-Import@RetryIsirsImport-21_22-Html.html &#xD;
&#xD;
C:\Agt6\_work\_temp\TestResults\c2kbuild_CLTBUILD23 2021-04-12 08_12_36\In\6a7e855d-a01a-4ef3-b25c-3db02f45ad0c\CLTBUILD23&gt;set JunitResultsFile=Import_ApplicationData-Import@RetryIsirsImport-21_22-Junit.xml &#xD;
&#xD;
C:\Agt6\_work\_temp\TestResults\c2kbuild_CLTBUILD23 2021-04-12 08_12_36\In\6a7e855d-a01a-4ef3-b25c-3db02f45ad0c\CLTBUILD23&gt;newman run "c:\agt6\_work\6\a\api\environment\regapiautomation\testdata\applicationdata\import\..\..\..\..\..\Tests\ApplicationData\Import\ApplicationData-Import@RetryIsirsImport.postman_collection.json" -k -d "c:\agt6\_work\6\a\api\environment\regapiautomation\testdata\applicationdata\import\ApplicationData-Import@RetryIsirsImport-21_22.data.json" -e "c:\agt6\_work\6\a\api\environment\regapiautomation\testdata\applicationdata\import\..\..\..\RegApiAutoEnvironment.postman_environment.json" -r junit,html --reporter-html-export "Import_ApplicationData-Import@RetryIsirsImport-21_22-Html.html" --reporter-junit-export "Import_ApplicationData-Import@RetryIsirsImport-21_22-Junit.xml"</StdOut>
          </Output>
          <ResultFiles>
            <ResultFile path="CLTBUILD23\Import_ApplicationData-Import@RetryIsirsImport-21_22-Html.html" />
            <ResultFile path="CLTBUILD23\Import_ApplicationData-Import@RetryIsirsImport-21_22-Junit.xml" />
          </ResultFiles>
        </UnitTestResult>
      </InnerResults>
    </TestResultAggregation>
    <TestResultAggregation executionId="7d7ca4a2-4734-4385-812f-45a5369cb8eb" testId="7644f0c5-48ca-493c-94ee-2e72a615fac9" testName="OT-10G-CollegeFinancePlan-Config-InterestRate-21_22" computerName="CLTBUILD23" duration="00:00:05.9538091" startTime="2021-04-12T09:21:36.6517106-04:00" endTime="2021-04-12T09:21:42.6062828-04:00" testType="ec4800e8-40e5-4ab3-8510-b8bf29b1904d" outcome="Passed" testListId="8c84fa94-04c1-424b-9868-57a2d4851a1d" relativeResultsDirectory="7d7ca4a2-4734-4385-812f-45a5369cb8eb">
      <InnerResults>
        <UnitTestResult executionId="dcde663f-33b3-4342-956a-f6e6dc414771" parentExecutionId="7d7ca4a2-4734-4385-812f-45a5369cb8eb" testId="e974e990-075a-42ff-8e95-48876f96390d" testName="1- collegefinanceplan-config@interestrate-21_22-generictest (OT-10G-CollegeFinancePlan-Config-InterestRate-21_22)" computerName="CLTBUILD23" duration="00:00:05.9449911" startTime="2021-04-12T09:21:36.6537090-04:00" endTime="2021-04-12T09:21:42.6062828-04:00" testType="13cdc9d9-ddb5-4fa4-a97d-d965ccfc6d4b" outcome="Passed" testListId="8c84fa94-04c1-424b-9868-57a2d4851a1d" relativeResultsDirectory="dcde663f-33b3-4342-956a-f6e6dc414771">
          <Output>
            <StdOut>C:\Agt6\_work\_temp\TestResults\c2kbuild_CLTBUILD23 2021-04-12 08_12_36\In\dcde663f-33b3-4342-956a-f6e6dc414771\CLTBUILD23&gt;if not defined TestLocation (set TestLocation=. ) &#xD;
&#xD;
C:\Agt6\_work\_temp\TestResults\c2kbuild_CLTBUILD23 2021-04-12 08_12_36\In\dcde663f-33b3-4342-956a-f6e6dc414771\CLTBUILD23&gt;set CollectionFileName=c:\agt6\_work\6\a\api\environment\regapiautomation\testdata\shoppingsheets\..\..\..\..\Tests\ShoppingSheets\CollegeFinancePlan-Config@InterestRate.postman_collection.json &#xD;
&#xD;
C:\Agt6\_work\_temp\TestResults\c2kbuild_CLTBUILD23 2021-04-12 08_12_36\In\dcde663f-33b3-4342-956a-f6e6dc414771\CLTBUILD23&gt;set DataFileName=c:\agt6\_work\6\a\api\environment\regapiautomation\testdata\shoppingsheets\CollegeFinancePlan-Config@InterestRate-21_22.data.csv &#xD;
&#xD;
C:\Agt6\_work\_temp\TestResults\c2kbuild_CLTBUILD23 2021-04-12 08_12_36\In\dcde663f-33b3-4342-956a-f6e6dc414771\CLTBUILD23&gt;set EnvironmentFilePath=c:\agt6\_work\6\a\api\environment\regapiautomation\testdata\shoppingsheets\..\..\RegApiAutoEnvironment.postman_environment.json &#xD;
&#xD;
C:\Agt6\_work\_temp\TestResults\c2kbuild_CLTBUILD23 2021-04-12 08_12_36\In\dcde663f-33b3-4342-956a-f6e6dc414771\CLTBUILD23&gt;set HtmlResultsFile=CollegeFinancePlan-Config@InterestRate-21_22_Html.html &#xD;
&#xD;
C:\Agt6\_work\_temp\TestResults\c2kbuild_CLTBUILD23 2021-04-12 08_12_36\In\dcde663f-33b3-4342-956a-f6e6dc414771\CLTBUILD23&gt;set JunitResultsFile=CollegeFinancePlan-Config@InterestRate-21_22_Junit.xml &#xD;
&#xD;
C:\Agt6\_work\_temp\TestResults\c2kbuild_CLTBUILD23 2021-04-12 08_12_36\In\dcde663f-33b3-4342-956a-f6e6dc414771\CLTBUILD23&gt;newman run "c:\agt6\_work\6\a\api\environment\regapiautomation\testdata\shoppingsheets\..\..\..\..\Tests\ShoppingSheets\CollegeFinancePlan-Config@InterestRate.postman_collection.json" -k -d "c:\agt6\_work\6\a\api\environment\regapiautomation\testdata\shoppingsheets\CollegeFinancePlan-Config@InterestRate-21_22.data.csv" -e "c:\agt6\_work\6\a\api\environment\regapiautomation\testdata\shoppingsheets\..\..\RegApiAutoEnvironment.postman_environment.json" -r junit,html --reporter-html-export "CollegeFinancePlan-Config@InterestRate-21_22_Html.html" --reporter-junit-export "CollegeFinancePlan-Config@InterestRate-21_22_Junit.xml"</StdOut>
          </Output>
          <ResultFiles>
            <ResultFile path="CLTBUILD23\CollegeFinancePlan-Config@InterestRate-21_22_Html.html" />
            <ResultFile path="CLTBUILD23\CollegeFinancePlan-Config@InterestRate-21_22_Junit.xml" />
          </ResultFiles>
        </UnitTestResult>
      </InnerResults>
    </TestResultAggregation>
    <TestResultAggregation executionId="a67fdef1-ffa3-4010-b987-33cb35827b6b" testId="ba93e3b1-314a-4702-b21f-3c03b49b57aa" testName="OT-00-Setup" computerName="CLTBUILD23" duration="00:00:09.9813242" startTime="2021-04-12T08:12:38.4732523-04:00" endTime="2021-04-12T08:12:48.5003950-04:00" testType="ec4800e8-40e5-4ab3-8510-b8bf29b1904d" outcome="Passed" testListId="8c84fa94-04c1-424b-9868-57a2d4851a1d" relativeResultsDirectory="a67fdef1-ffa3-4010-b987-33cb35827b6b">
      <InnerResults>
        <UnitTestResult executionId="cc8985c6-958f-4fa2-83ae-6018719216fd" parentExecutionId="a67fdef1-ffa3-4010-b987-33cb35827b6b" testId="d46aa5e7-f136-40d8-ae97-2c56018d951e" testName="1- setupregulatorytestenvironment-generictest (OT-00-Setup)" computerName="CLTBUILD23" duration="00:00:09.9259338" startTime="2021-04-12T08:12:38.5182509-04:00" endTime="2021-04-12T08:12:48.4883955-04:00" testType="13cdc9d9-ddb5-4fa4-a97d-d965ccfc6d4b" outcome="Passed" testListId="8c84fa94-04c1-424b-9868-57a2d4851a1d" relativeResultsDirectory="cc8985c6-958f-4fa2-83ae-6018719216fd">
          <Output>
            <StdOut>C:\Agt6\_work\_temp\TestResults\c2kbuild_CLTBUILD23 2021-04-12 08_12_36\In\cc8985c6-958f-4fa2-83ae-6018719216fd\CLTBUILD23&gt;if not defined TestLocation (set TestLocation=. ) &#xD;
&#xD;
C:\Agt6\_work\_temp\TestResults\c2kbuild_CLTBUILD23 2021-04-12 08_12_36\In\cc8985c6-958f-4fa2-83ae-6018719216fd\CLTBUILD23&gt;set CollectionFileName=c:\agt6\_work\6\a\api\environment\regapiautomation\setupregulatorytestenvironment\SetupRegulatoryTestEnvironment.postman_collection.json &#xD;
&#xD;
C:\Agt6\_work\_temp\TestResults\c2kbuild_CLTBUILD23 2021-04-12 08_12_36\In\cc8985c6-958f-4fa2-83ae-6018719216fd\CLTBUILD23&gt;set EnvironmentFilePath=c:\agt6\_work\6\a\api\environment\regapiautomation\setupregulatorytestenvironment\..\RegApiAutoEnvironment.postman_environment.json &#xD;
&#xD;
C:\Agt6\_work\_temp\TestResults\c2kbuild_CLTBUILD23 2021-04-12 08_12_36\In\cc8985c6-958f-4fa2-83ae-6018719216fd\CLTBUILD23&gt;set HtmlResultsFile=SetupRegulatoryTestEnvironment_Html.html &#xD;
&#xD;
C:\Agt6\_work\_temp\TestResults\c2kbuild_CLTBUILD23 2021-04-12 08_12_36\In\cc8985c6-958f-4fa2-83ae-6018719216fd\CLTBUILD23&gt;newman run "c:\agt6\_work\6\a\api\environment\regapiautomation\setupregulatorytestenvironment\SetupRegulatoryTestEnvironment.postman_collection.json" -e "c:\agt6\_work\6\a\api\environment\regapiautomation\setupregulatorytestenvironment\..\RegApiAutoEnvironment.postman_environment.json" -r html --reporter-html-export "SetupRegulatoryTestEnvironment_Html.html"</StdOut>
          </Output>
          <ResultFiles>
            <ResultFile path="CLTBUILD23\SetupRegulatoryTestEnvironment_Html.html" />
          </ResultFiles>
        </UnitTestResult>
      </InnerResults>
    </TestResultAggregation>
    <TestResultAggregation executionId="17f7a4dd-0161-4e4c-84e9-062dda432156" testId="db70eb3b-f5ce-4bf2-8761-ce74e0ffb6b6" testName="OT-07A-IPEDSCompletionSurvey" computerName="CLTBUILD23" duration="00:00:16.5151266" startTime="2021-04-12T09:17:58.2403065-04:00" endTime="2021-04-12T09:18:14.7551177-04:00" testType="ec4800e8-40e5-4ab3-8510-b8bf29b1904d" outcome="Passed" testListId="8c84fa94-04c1-424b-9868-57a2d4851a1d" relativeResultsDirectory="17f7a4dd-0161-4e4c-84e9-062dda432156">
      <InnerResults>
        <UnitTestResult executionId="c656b1b8-127e-4c74-bba5-70eea9b13224" parentExecutionId="17f7a4dd-0161-4e4c-84e9-062dda432156" testId="4abce5a7-8aac-44e5-b4ba-54c39cff5aca" testName="1- prereq-ipedscompletionsurvey@hp-graduatestudentstatus-generictest (OT-07A-IPEDSCompletionSurvey)" computerName="CLTBUILD23" duration="00:00:08.3255046" startTime="2021-04-12T09:17:58.2412968-04:00" endTime="2021-04-12T09:18:06.5687021-04:00" testType="13cdc9d9-ddb5-4fa4-a97d-d965ccfc6d4b" outcome="Passed" testListId="8c84fa94-04c1-424b-9868-57a2d4851a1d" relativeResultsDirectory="c656b1b8-127e-4c74-bba5-70eea9b13224">
          <Output>
            <StdOut>C:\Agt6\_work\_temp\TestResults\c2kbuild_CLTBUILD23 2021-04-12 08_12_36\In\c656b1b8-127e-4c74-bba5-70eea9b13224\CLTBUILD23&gt;if not defined TestLocation (set TestLocation=. ) &#xD;
&#xD;
C:\Agt6\_work\_temp\TestResults\c2kbuild_CLTBUILD23 2021-04-12 08_12_36\In\c656b1b8-127e-4c74-bba5-70eea9b13224\CLTBUILD23&gt;set CollectionFileName=c:\agt6\_work\6\a\api\environment\regapiautomation\testdata\ipeds\prereq\..\..\..\..\..\PreReq\PreReq-GraduateStudentStatus.postman_collection.json &#xD;
&#xD;
C:\Agt6\_work\_temp\TestResults\c2kbuild_CLTBUILD23 2021-04-12 08_12_36\In\c656b1b8-127e-4c74-bba5-70eea9b13224\CLTBUILD23&gt;set DataFileName=c:\agt6\_work\6\a\api\environment\regapiautomation\testdata\ipeds\prereq\PreReq-IPEDSCompletionSurvey@HP-GraduateStudentStatus.data.json &#xD;
&#xD;
C:\Agt6\_work\_temp\TestResults\c2kbuild_CLTBUILD23 2021-04-12 08_12_36\In\c656b1b8-127e-4c74-bba5-70eea9b13224\CLTBUILD23&gt;set EnvironmentFilePath=c:\agt6\_work\6\a\api\environment\regapiautomation\testdata\ipeds\prereq\..\..\..\RegApiAutoEnvironment.postman_environment.json &#xD;
&#xD;
C:\Agt6\_work\_temp\TestResults\c2kbuild_CLTBUILD23 2021-04-12 08_12_36\In\c656b1b8-127e-4c74-bba5-70eea9b13224\CLTBUILD23&gt;set HtmlResultsFile=PreReq-IPEDSCompletionSurvey@HP-GraduateStudentStatus_Html.html &#xD;
&#xD;
C:\Agt6\_work\_temp\TestResults\c2kbuild_CLTBUILD23 2021-04-12 08_12_36\In\c656b1b8-127e-4c74-bba5-70eea9b13224\CLTBUILD23&gt;set JunitResultsFile=PreReq-IPEDSCompletionSurvey@HP-GraduateStudentStatus_Junit.xml &#xD;
&#xD;
C:\Agt6\_work\_temp\TestResults\c2kbuild_CLTBUILD23 2021-04-12 08_12_36\In\c656b1b8-127e-4c74-bba5-70eea9b13224\CLTBUILD23&gt;newman run "c:\agt6\_work\6\a\api\environment\regapiautomation\testdata\ipeds\prereq\..\..\..\..\..\PreReq\PreReq-GraduateStudentStatus.postman_collection.json" -k -d "c:\agt6\_work\6\a\api\environment\regapiautomation\testdata\ipeds\prereq\PreReq-IPEDSCompletionSurvey@HP-GraduateStudentStatus.data.json" -e "c:\agt6\_work\6\a\api\environment\regapiautomation\testdata\ipeds\prereq\..\..\..\RegApiAutoEnvironment.postman_environment.json" -r junit,html --reporter-html-export "PreReq-IPEDSCompletionSurvey@HP-GraduateStudentStatus_Html.html" --reporter-junit-export "PreReq-IPEDSCompletionSurvey@HP-GraduateStudentStatus_Junit.xml"</StdOut>
          </Output>
          <ResultFiles>
            <ResultFile path="CLTBUILD23\PreReq-IPEDSCompletionSurvey@HP-GraduateStudentStatus_Html.html" />
            <ResultFile path="CLTBUILD23\PreReq-IPEDSCompletionSurvey@HP-GraduateStudentStatus_Junit.xml" />
          </ResultFiles>
        </UnitTestResult>
        <UnitTestResult executionId="de78c4a2-449e-4163-8415-4cbc8bc361a0" parentExecutionId="17f7a4dd-0161-4e4c-84e9-062dda432156" testId="df1e6033-b05a-42a1-9b8a-36572e27fd58" testName="2- ipedscompletionsurvey@hp-generictest (OT-07A-IPEDSCompletionSurvey)" computerName="CLTBUILD23" duration="00:00:08.1817877" startTime="2021-04-12T09:18:06.5697044-04:00" endTime="2021-04-12T09:18:14.7541203-04:00" testType="13cdc9d9-ddb5-4fa4-a97d-d965ccfc6d4b" outcome="Passed" testListId="8c84fa94-04c1-424b-9868-57a2d4851a1d" relativeResultsDirectory="de78c4a2-449e-4163-8415-4cbc8bc361a0">
          <Output>
            <StdOut>C:\Agt6\_work\_temp\TestResults\c2kbuild_CLTBUILD23 2021-04-12 08_12_36\In\de78c4a2-449e-4163-8415-4cbc8bc361a0\CLTBUILD23&gt;if not defined TestLocation (set TestLocation=. ) &#xD;
&#xD;
C:\Agt6\_work\_temp\TestResults\c2kbuild_CLTBUILD23 2021-04-12 08_12_36\In\de78c4a2-449e-4163-8415-4cbc8bc361a0\CLTBUILD23&gt;set CollectionFileName=c:\agt6\_work\6\a\api\environment\regapiautomation\testdata\ipeds\..\..\..\..\Tests\IPEDS\IPEDSCompletionSurvey@HP.postman_collection.json &#xD;
&#xD;
C:\Agt6\_work\_temp\TestResults\c2kbuild_CLTBUILD23 2021-04-12 08_12_36\In\de78c4a2-449e-4163-8415-4cbc8bc361a0\CLTBUILD23&gt;set DataFileName=c:\agt6\_work\6\a\api\environment\regapiautomation\testdata\ipeds\IPEDSCompletionSurvey@HP.data.json &#xD;
&#xD;
C:\Agt6\_work\_temp\TestResults\c2kbuild_CLTBUILD23 2021-04-12 08_12_36\In\de78c4a2-449e-4163-8415-4cbc8bc361a0\CLTBUILD23&gt;set EnvironmentFilePath=c:\agt6\_work\6\a\api\environment\regapiautomation\testdata\ipeds\..\..\RegApiAutoEnvironment.postman_environment.json &#xD;
&#xD;
C:\Agt6\_work\_temp\TestResults\c2kbuild_CLTBUILD23 2021-04-12 08_12_36\In\de78c4a2-449e-4163-8415-4cbc8bc361a0\CLTBUILD23&gt;set HtmlResultsFile=IPEDSCompletionSurvey@HP_Html.html &#xD;
&#xD;
C:\Agt6\_work\_temp\TestResults\c2kbuild_CLTBUILD23 2021-04-12 08_12_36\In\de78c4a2-449e-4163-8415-4cbc8bc361a0\CLTBUILD23&gt;set JunitResultsFile=IPEDSCompletionSurvey@HP_Junit.xml &#xD;
&#xD;
C:\Agt6\_work\_temp\TestResults\c2kbuild_CLTBUILD23 2021-04-12 08_12_36\In\de78c4a2-449e-4163-8415-4cbc8bc361a0\CLTBUILD23&gt;newman run "c:\agt6\_work\6\a\api\environment\regapiautomation\testdata\ipeds\..\..\..\..\Tests\IPEDS\IPEDSCompletionSurvey@HP.postman_collection.json" -k -d "c:\agt6\_work\6\a\api\environment\regapiautomation\testdata\ipeds\IPEDSCompletionSurvey@HP.data.json" -e "c:\agt6\_work\6\a\api\environment\regapiautomation\testdata\ipeds\..\..\RegApiAutoEnvironment.postman_environment.json" -r junit,html --reporter-html-export "IPEDSCompletionSurvey@HP_Html.html" --reporter-junit-export "IPEDSCompletionSurvey@HP_Junit.xml"</StdOut>
          </Output>
          <ResultFiles>
            <ResultFile path="CLTBUILD23\IPEDSCompletionSurvey@HP_Html.html" />
            <ResultFile path="CLTBUILD23\IPEDSCompletionSurvey@HP_Junit.xml" />
          </ResultFiles>
        </UnitTestResult>
      </InnerResults>
    </TestResultAggregation>
    <TestResultAggregation executionId="91c8cff2-3836-41ca-9be3-7febea5767b1" testId="a3544fda-3f19-4721-95ce-55b509de2b11" testName="OT-10F-CollegeFinancePlan-Config-WorkStudy-21_22" computerName="CLTBUILD23" duration="00:00:06.1456856" startTime="2021-04-12T09:21:30.4991485-04:00" endTime="2021-04-12T09:21:36.6457114-04:00" testType="ec4800e8-40e5-4ab3-8510-b8bf29b1904d" outcome="Passed" testListId="8c84fa94-04c1-424b-9868-57a2d4851a1d" relativeResultsDirectory="91c8cff2-3836-41ca-9be3-7febea5767b1">
      <InnerResults>
        <UnitTestResult executionId="d65c8db0-d634-48cb-8f4a-d2ea9ce69d6d" parentExecutionId="91c8cff2-3836-41ca-9be3-7febea5767b1" testId="0288db0c-4a69-4135-87fc-4e2959d34122" testName="1- collegefinanceplan-config@workstudy-21_22-generictest (OT-10F-CollegeFinancePlan-Config-WorkStudy-21_22)" computerName="CLTBUILD23" duration="00:00:06.1358487" startTime="2021-04-12T09:21:30.5011527-04:00" endTime="2021-04-12T09:21:36.6397112-04:00" testType="13cdc9d9-ddb5-4fa4-a97d-d965ccfc6d4b" outcome="Passed" testListId="8c84fa94-04c1-424b-9868-57a2d4851a1d" relativeResultsDirectory="d65c8db0-d634-48cb-8f4a-d2ea9ce69d6d">
          <Output>
            <StdOut>C:\Agt6\_work\_temp\TestResults\c2kbuild_CLTBUILD23 2021-04-12 08_12_36\In\d65c8db0-d634-48cb-8f4a-d2ea9ce69d6d\CLTBUILD23&gt;if not defined TestLocation (set TestLocation=. ) &#xD;
&#xD;
C:\Agt6\_work\_temp\TestResults\c2kbuild_CLTBUILD23 2021-04-12 08_12_36\In\d65c8db0-d634-48cb-8f4a-d2ea9ce69d6d\CLTBUILD23&gt;set CollectionFileName=c:\agt6\_work\6\a\api\environment\regapiautomation\testdata\shoppingsheets\..\..\..\..\Tests\ShoppingSheets\CollegeFinancePlan-Config@WorkStudy.postman_collection.json &#xD;
&#xD;
C:\Agt6\_work\_temp\TestResults\c2kbuild_CLTBUILD23 2021-04-12 08_12_36\In\d65c8db0-d634-48cb-8f4a-d2ea9ce69d6d\CLTBUILD23&gt;set DataFileName=c:\agt6\_work\6\a\api\environment\regapiautomation\testdata\shoppingsheets\CollegeFinancePlan-Config@WorkStudy-21_22.data.csv &#xD;
&#xD;
C:\Agt6\_work\_temp\TestResults\c2kbuild_CLTBUILD23 2021-04-12 08_12_36\In\d65c8db0-d634-48cb-8f4a-d2ea9ce69d6d\CLTBUILD23&gt;set EnvironmentFilePath=c:\agt6\_work\6\a\api\environment\regapiautomation\testdata\shoppingsheets\..\..\RegApiAutoEnvironment.postman_environment.json &#xD;
&#xD;
C:\Agt6\_work\_temp\TestResults\c2kbuild_CLTBUILD23 2021-04-12 08_12_36\In\d65c8db0-d634-48cb-8f4a-d2ea9ce69d6d\CLTBUILD23&gt;set HtmlResultsFile=CollegeFinancePlan-Config@WorkStudy-21_22_Html.html &#xD;
&#xD;
C:\Agt6\_work\_temp\TestResults\c2kbuild_CLTBUILD23 2021-04-12 08_12_36\In\d65c8db0-d634-48cb-8f4a-d2ea9ce69d6d\CLTBUILD23&gt;set JunitResultsFile=CollegeFinancePlan-Config@WorkStudy-21_22_Junit.xml &#xD;
&#xD;
C:\Agt6\_work\_temp\TestResults\c2kbuild_CLTBUILD23 2021-04-12 08_12_36\In\d65c8db0-d634-48cb-8f4a-d2ea9ce69d6d\CLTBUILD23&gt;newman run "c:\agt6\_work\6\a\api\environment\regapiautomation\testdata\shoppingsheets\..\..\..\..\Tests\ShoppingSheets\CollegeFinancePlan-Config@WorkStudy.postman_collection.json" -k -d "c:\agt6\_work\6\a\api\environment\regapiautomation\testdata\shoppingsheets\CollegeFinancePlan-Config@WorkStudy-21_22.data.csv" -e "c:\agt6\_work\6\a\api\environment\regapiautomation\testdata\shoppingsheets\..\..\RegApiAutoEnvironment.postman_environment.json" -r junit,html --reporter-html-export "CollegeFinancePlan-Config@WorkStudy-21_22_Html.html" --reporter-junit-export "CollegeFinancePlan-Config@WorkStudy-21_22_Junit.xml"</StdOut>
          </Output>
          <ResultFiles>
            <ResultFile path="CLTBUILD23\CollegeFinancePlan-Config@WorkStudy-21_22_Html.html" />
            <ResultFile path="CLTBUILD23\CollegeFinancePlan-Config@WorkStudy-21_22_Junit.xml" />
          </ResultFiles>
        </UnitTestResult>
      </InnerResults>
    </TestResultAggregation>
    <TestResultAggregation executionId="b6298cba-cbf4-4ecd-ad1d-23c55dfd7d0c" testId="6e8b8850-fd6c-4c57-8e91-3af72d743290" testName="OT-10A-ShoppingSheets-Student-Saved-Print" computerName="CLTBUILD23" duration="00:00:19.4129677" startTime="2021-04-12T09:20:25.3927915-04:00" endTime="2021-04-12T09:20:44.8074067-04:00" testType="ec4800e8-40e5-4ab3-8510-b8bf29b1904d" outcome="Passed" testListId="8c84fa94-04c1-424b-9868-57a2d4851a1d" relativeResultsDirectory="b6298cba-cbf4-4ecd-ad1d-23c55dfd7d0c">
      <InnerResults>
        <UnitTestResult executionId="8ad84cce-986f-4694-a1fb-cf9e2c42674d" parentExecutionId="b6298cba-cbf4-4ecd-ad1d-23c55dfd7d0c" testId="8f501d3f-8637-4717-bfac-d9852c9f5472" testName="1- shoppingsheets-student@hp-saved-generictest (OT-10A-ShoppingSheets-Student-Saved-Print)" computerName="CLTBUILD23" duration="00:00:19.4053109" startTime="2021-04-12T09:20:25.3967901-04:00" endTime="2021-04-12T09:20:44.8064070-04:00" testType="13cdc9d9-ddb5-4fa4-a97d-d965ccfc6d4b" outcome="Passed" testListId="8c84fa94-04c1-424b-9868-57a2d4851a1d" relativeResultsDirectory="8ad84cce-986f-4694-a1fb-cf9e2c42674d">
          <Output>
            <StdOut>C:\Agt6\_work\_temp\TestResults\c2kbuild_CLTBUILD23 2021-04-12 08_12_36\In\8ad84cce-986f-4694-a1fb-cf9e2c42674d\CLTBUILD23&gt;if not defined TestLocation (set TestLocation=. ) &#xD;
&#xD;
C:\Agt6\_work\_temp\TestResults\c2kbuild_CLTBUILD23 2021-04-12 08_12_36\In\8ad84cce-986f-4694-a1fb-cf9e2c42674d\CLTBUILD23&gt;set CollectionFileName=c:\agt6\_work\6\a\api\environment\regapiautomation\testdata\shoppingsheets\..\..\..\..\Tests\ShoppingSheets\ShoppingSheets-Student@HP-Saved.postman_collection.json &#xD;
&#xD;
C:\Agt6\_work\_temp\TestResults\c2kbuild_CLTBUILD23 2021-04-12 08_12_36\In\8ad84cce-986f-4694-a1fb-cf9e2c42674d\CLTBUILD23&gt;set DataFileName=c:\agt6\_work\6\a\api\environment\regapiautomation\testdata\shoppingsheets\ShoppingSheets-Student@HP-Saved.data.json &#xD;
&#xD;
C:\Agt6\_work\_temp\TestResults\c2kbuild_CLTBUILD23 2021-04-12 08_12_36\In\8ad84cce-986f-4694-a1fb-cf9e2c42674d\CLTBUILD23&gt;set EnvironmentFilePath=c:\agt6\_work\6\a\api\environment\regapiautomation\testdata\shoppingsheets\..\..\RegApiAutoEnvironment.postman_environment.json &#xD;
&#xD;
C:\Agt6\_work\_temp\TestResults\c2kbuild_CLTBUILD23 2021-04-12 08_12_36\In\8ad84cce-986f-4694-a1fb-cf9e2c42674d\CLTBUILD23&gt;set HtmlResultsFile=ShoppingSheets-Student@HP-Saved_Html.html &#xD;
&#xD;
C:\Agt6\_work\_temp\TestResults\c2kbuild_CLTBUILD23 2021-04-12 08_12_36\In\8ad84cce-986f-4694-a1fb-cf9e2c42674d\CLTBUILD23&gt;set JunitResultsFile=ShoppingSheets-Student@HP-Saved_Junit.xml &#xD;
&#xD;
C:\Agt6\_work\_temp\TestResults\c2kbuild_CLTBUILD23 2021-04-12 08_12_36\In\8ad84cce-986f-4694-a1fb-cf9e2c42674d\CLTBUILD23&gt;newman run "c:\agt6\_work\6\a\api\environment\regapiautomation\testdata\shoppingsheets\..\..\..\..\Tests\ShoppingSheets\ShoppingSheets-Student@HP-Saved.postman_collection.json" -k -d "c:\agt6\_work\6\a\api\environment\regapiautomation\testdata\shoppingsheets\ShoppingSheets-Student@HP-Saved.data.json" -e "c:\agt6\_work\6\a\api\environment\regapiautomation\testdata\shoppingsheets\..\..\RegApiAutoEnvironment.postman_environment.json" -r junit,html --reporter-html-export "ShoppingSheets-Student@HP-Saved_Html.html" --reporter-junit-export "ShoppingSheets-Student@HP-Saved_Junit.xml"</StdOut>
          </Output>
          <ResultFiles>
            <ResultFile path="CLTBUILD23\ShoppingSheets-Student@HP-Saved_Html.html" />
            <ResultFile path="CLTBUILD23\ShoppingSheets-Student@HP-Saved_Junit.xml" />
          </ResultFiles>
        </UnitTestResult>
      </InnerResults>
    </TestResultAggregation>
    <TestResultAggregation executionId="65d94a0f-318b-47d1-aafb-e5656a9b204c" testId="05268c4f-2d7b-4928-a301-5bca96bc47cf" testName="OT-06L-FISAP-NotEligible-SEOG-19_20" computerName="CLTBUILD23" duration="00:01:03.4329539" startTime="2021-04-12T08:53:02.2047480-04:00" endTime="2021-04-12T08:54:05.6326895-04:00" testType="ec4800e8-40e5-4ab3-8510-b8bf29b1904d" outcome="Passed" testListId="8c84fa94-04c1-424b-9868-57a2d4851a1d" relativeResultsDirectory="65d94a0f-318b-47d1-aafb-e5656a9b204c">
      <InnerResults>
        <UnitTestResult executionId="0994c9a6-a06a-49bb-9444-de20ae9e51f9" parentExecutionId="65d94a0f-318b-47d1-aafb-e5656a9b204c" testId="5c7611e9-4037-4d7f-bb5c-4a02988006b2" testName="1- prereq-fisap-datacorrection@noteligible-seog-19_20-createstudent-generictest (OT-06L-FISAP-NotEligible-SEOG-19_20)" computerName="CLTBUILD23" duration="00:00:08.8661525" startTime="2021-04-12T08:53:02.2067504-04:00" endTime="2021-04-12T08:53:11.0791792-04:00" testType="13cdc9d9-ddb5-4fa4-a97d-d965ccfc6d4b" outcome="Passed" testListId="8c84fa94-04c1-424b-9868-57a2d4851a1d" relativeResultsDirectory="0994c9a6-a06a-49bb-9444-de20ae9e51f9">
          <Output>
            <StdOut>C:\Agt6\_work\_temp\TestResults\c2kbuild_CLTBUILD23 2021-04-12 08_12_36\In\0994c9a6-a06a-49bb-9444-de20ae9e51f9\CLTBUILD23&gt;if not defined TestLocation (set TestLocation=. ) &#xD;
&#xD;
C:\Agt6\_work\_temp\TestResults\c2kbuild_CLTBUILD23 2021-04-12 08_12_36\In\0994c9a6-a06a-49bb-9444-de20ae9e51f9\CLTBUILD23&gt;set CollectionFileName=c:\agt6\_work\6\a\api\environment\regapiautomation\testdata\fisap-datacorrection\prereq-noteligible-seog-19-20\..\..\..\..\..\PreReq\PreReq-CreateStudent.postman_collection.json &#xD;
&#xD;
C:\Agt6\_work\_temp\TestResults\c2kbuild_CLTBUILD23 2021-04-12 08_12_36\In\0994c9a6-a06a-49bb-9444-de20ae9e51f9\CLTBUILD23&gt;set DataFileName=c:\agt6\_work\6\a\api\environment\regapiautomation\testdata\fisap-datacorrection\prereq-noteligible-seog-19-20\PreReq-FISAP-DataCorrection@NotEligible-SEOG-19_20-CreateStudent.data.csv &#xD;
&#xD;
C:\Agt6\_work\_temp\TestResults\c2kbuild_CLTBUILD23 2021-04-12 08_12_36\In\0994c9a6-a06a-49bb-9444-de20ae9e51f9\CLTBUILD23&gt;set EnvironmentFilePath=c:\agt6\_work\6\a\api\environment\regapiautomation\testdata\fisap-datacorrection\prereq-noteligible-seog-19-20\..\..\..\RegApiAutoEnvironment.postman_environment.json &#xD;
&#xD;
C:\Agt6\_work\_temp\TestResults\c2kbuild_CLTBUILD23 2021-04-12 08_12_36\In\0994c9a6-a06a-49bb-9444-de20ae9e51f9\CLTBUILD23&gt;set HtmlResultsFile=CreateStudent_Html.html &#xD;
&#xD;
C:\Agt6\_work\_temp\TestResults\c2kbuild_CLTBUILD23 2021-04-12 08_12_36\In\0994c9a6-a06a-49bb-9444-de20ae9e51f9\CLTBUILD23&gt;set JunitResultsFile=CreateStudent_Junit.xml &#xD;
&#xD;
C:\Agt6\_work\_temp\TestResults\c2kbuild_CLTBUILD23 2021-04-12 08_12_36\In\0994c9a6-a06a-49bb-9444-de20ae9e51f9\CLTBUILD23&gt;newman run "c:\agt6\_work\6\a\api\environment\regapiautomation\testdata\fisap-datacorrection\prereq-noteligible-seog-19-20\..\..\..\..\..\PreReq\PreReq-CreateStudent.postman_collection.json" -k -d "c:\agt6\_work\6\a\api\environment\regapiautomation\testdata\fisap-datacorrection\prereq-noteligible-seog-19-20\PreReq-FISAP-DataCorrection@NotEligible-SEOG-19_20-CreateStudent.data.csv" -e "c:\agt6\_work\6\a\api\environment\regapiautomation\testdata\fisap-datacorrection\prereq-noteligible-seog-19-20\..\..\..\RegApiAutoEnvironment.postman_environment.json" -r junit,html --reporter-html-export "CreateStudent_Html.html" --reporter-junit-export "CreateStudent_Junit.xml"</StdOut>
          </Output>
          <ResultFiles>
            <ResultFile path="CLTBUILD23\CreateStudent_Html.html" />
            <ResultFile path="CLTBUILD23\CreateStudent_Junit.xml" />
          </ResultFiles>
        </UnitTestResult>
        <UnitTestResult executionId="3f05f723-1615-4450-bab6-e7ac91de611b" parentExecutionId="65d94a0f-318b-47d1-aafb-e5656a9b204c" testId="d0705a0c-67ec-4506-a825-53ed129064c2" testName="2- prereq-fisap-datacorrection@noteligible-seog-19_20-importisir-generictest (OT-06L-FISAP-NotEligible-SEOG-19_20)" computerName="CLTBUILD23" duration="00:00:08.6436426" startTime="2021-04-12T08:53:11.0801771-04:00" endTime="2021-04-12T08:53:19.7286246-04:00" testType="13cdc9d9-ddb5-4fa4-a97d-d965ccfc6d4b" outcome="Passed" testListId="8c84fa94-04c1-424b-9868-57a2d4851a1d" relativeResultsDirectory="3f05f723-1615-4450-bab6-e7ac91de611b">
          <Output>
            <StdOut>C:\Agt6\_work\_temp\TestResults\c2kbuild_CLTBUILD23 2021-04-12 08_12_36\In\3f05f723-1615-4450-bab6-e7ac91de611b\CLTBUILD23&gt;if not defined TestLocation (set TestLocation=. ) &#xD;
&#xD;
C:\Agt6\_work\_temp\TestResults\c2kbuild_CLTBUILD23 2021-04-12 08_12_36\In\3f05f723-1615-4450-bab6-e7ac91de611b\CLTBUILD23&gt;set CollectionFileName=c:\agt6\_work\6\a\api\environment\regapiautomation\testdata\fisap-datacorrection\prereq-noteligible-seog-19-20\..\..\..\..\..\PreReq\PreReq-ImportIsir.postman_collection.json &#xD;
&#xD;
C:\Agt6\_work\_temp\TestResults\c2kbuild_CLTBUILD23 2021-04-12 08_12_36\In\3f05f723-1615-4450-bab6-e7ac91de611b\CLTBUILD23&gt;set DataFileName=c:\agt6\_work\6\a\api\environment\regapiautomation\testdata\fisap-datacorrection\prereq-noteligible-seog-19-20\PreReq-FISAP-DataCorrection@NotEligible-SEOG-19_20-ImportIsir.data.json &#xD;
&#xD;
C:\Agt6\_work\_temp\TestResults\c2kbuild_CLTBUILD23 2021-04-12 08_12_36\In\3f05f723-1615-4450-bab6-e7ac91de611b\CLTBUILD23&gt;set EnvironmentFilePath=c:\agt6\_work\6\a\api\environment\regapiautomation\testdata\fisap-datacorrection\prereq-noteligible-seog-19-20\..\..\..\RegApiAutoEnvironment.postman_environment.json &#xD;
&#xD;
C:\Agt6\_work\_temp\TestResults\c2kbuild_CLTBUILD23 2021-04-12 08_12_36\In\3f05f723-1615-4450-bab6-e7ac91de611b\CLTBUILD23&gt;set HtmlResultsFile=PreReq-ImportIsir_Html.html &#xD;
&#xD;
C:\Agt6\_work\_temp\TestResults\c2kbuild_CLTBUILD23 2021-04-12 08_12_36\In\3f05f723-1615-4450-bab6-e7ac91de611b\CLTBUILD23&gt;set JunitResultsFile=PreReq-ImportIsir_Junit.xml &#xD;
&#xD;
C:\Agt6\_work\_temp\TestResults\c2kbuild_CLTBUILD23 2021-04-12 08_12_36\In\3f05f723-1615-4450-bab6-e7ac91de611b\CLTBUILD23&gt;newman run "c:\agt6\_work\6\a\api\environment\regapiautomation\testdata\fisap-datacorrection\prereq-noteligible-seog-19-20\..\..\..\..\..\PreReq\PreReq-ImportIsir.postman_collection.json" -k -d "c:\agt6\_work\6\a\api\environment\regapiautomation\testdata\fisap-datacorrection\prereq-noteligible-seog-19-20\PreReq-FISAP-DataCorrection@NotEligible-SEOG-19_20-ImportIsir.data.json" -e "c:\agt6\_work\6\a\api\environment\regapiautomation\testdata\fisap-datacorrection\prereq-noteligible-seog-19-20\..\..\..\RegApiAutoEnvironment.postman_environment.json" -r junit,html --reporter-html-export "PreReq-ImportIsir_Html.html" --reporter-junit-export "PreReq-ImportIsir_Junit.xml"</StdOut>
          </Output>
          <ResultFiles>
            <ResultFile path="CLTBUILD23\PreReq-ImportIsir_Html.html" />
            <ResultFile path="CLTBUILD23\PreReq-ImportIsir_Junit.xml" />
          </ResultFiles>
        </UnitTestResult>
        <UnitTestResult executionId="d0d5e5b8-cfff-4ffe-b81b-55b1ad1ef9e0" parentExecutionId="65d94a0f-318b-47d1-aafb-e5656a9b204c" testId="fc0d760b-8be4-4dfa-89dc-f6123ba31cba" testName="3- prereq-fisap-datacorrection@noteligible-seog-19_20-enrollstudent-generictest (OT-06L-FISAP-NotEligible-SEOG-19_20)" computerName="CLTBUILD23" duration="00:00:11.8299283" startTime="2021-04-12T08:53:19.7296273-04:00" endTime="2021-04-12T08:53:31.5628680-04:00" testType="13cdc9d9-ddb5-4fa4-a97d-d965ccfc6d4b" outcome="Passed" testListId="8c84fa94-04c1-424b-9868-57a2d4851a1d" relativeResultsDirectory="d0d5e5b8-cfff-4ffe-b81b-55b1ad1ef9e0">
          <Output>
            <StdOut>C:\Agt6\_work\_temp\TestResults\c2kbuild_CLTBUILD23 2021-04-12 08_12_36\In\d0d5e5b8-cfff-4ffe-b81b-55b1ad1ef9e0\CLTBUILD23&gt;if not defined TestLocation (set TestLocation=. ) &#xD;
&#xD;
C:\Agt6\_work\_temp\TestResults\c2kbuild_CLTBUILD23 2021-04-12 08_12_36\In\d0d5e5b8-cfff-4ffe-b81b-55b1ad1ef9e0\CLTBUILD23&gt;set CollectionFileName=c:\agt6\_work\6\a\api\environment\regapiautomation\testdata\fisap-datacorrection\prereq-noteligible-seog-19-20\..\..\..\..\..\PreReq\PreReq-EnrollStudent.postman_collection.json &#xD;
&#xD;
C:\Agt6\_work\_temp\TestResults\c2kbuild_CLTBUILD23 2021-04-12 08_12_36\In\d0d5e5b8-cfff-4ffe-b81b-55b1ad1ef9e0\CLTBUILD23&gt;set DataFileName=c:\agt6\_work\6\a\api\environment\regapiautomation\testdata\fisap-datacorrection\prereq-noteligible-seog-19-20\PreReq-FISAP-DataCorrection@NotEligible-SEOG-19_20-EnrollStudent.data.csv &#xD;
&#xD;
C:\Agt6\_work\_temp\TestResults\c2kbuild_CLTBUILD23 2021-04-12 08_12_36\In\d0d5e5b8-cfff-4ffe-b81b-55b1ad1ef9e0\CLTBUILD23&gt;set EnvironmentFilePath=c:\agt6\_work\6\a\api\environment\regapiautomation\testdata\fisap-datacorrection\prereq-noteligible-seog-19-20\..\..\..\RegApiAutoEnvironment.postman_environment.json &#xD;
&#xD;
C:\Agt6\_work\_temp\TestResults\c2kbuild_CLTBUILD23 2021-04-12 08_12_36\In\d0d5e5b8-cfff-4ffe-b81b-55b1ad1ef9e0\CLTBUILD23&gt;set HtmlResultsFile=EnrollStudent_Html.html &#xD;
&#xD;
C:\Agt6\_work\_temp\TestResults\c2kbuild_CLTBUILD23 2021-04-12 08_12_36\In\d0d5e5b8-cfff-4ffe-b81b-55b1ad1ef9e0\CLTBUILD23&gt;set JunitResultsFile=EnrollStudent_Junit.xml &#xD;
&#xD;
C:\Agt6\_work\_temp\TestResults\c2kbuild_CLTBUILD23 2021-04-12 08_12_36\In\d0d5e5b8-cfff-4ffe-b81b-55b1ad1ef9e0\CLTBUILD23&gt;newman run "c:\agt6\_work\6\a\api\environment\regapiautomation\testdata\fisap-datacorrection\prereq-noteligible-seog-19-20\..\..\..\..\..\PreReq\PreReq-EnrollStudent.postman_collection.json" -k -d "c:\agt6\_work\6\a\api\environment\regapiautomation\testdata\fisap-datacorrection\prereq-noteligible-seog-19-20\PreReq-FISAP-DataCorrection@NotEligible-SEOG-19_20-EnrollStudent.data.csv" -e "c:\agt6\_work\6\a\api\environment\regapiautomation\testdata\fisap-datacorrection\prereq-noteligible-seog-19-20\..\..\..\RegApiAutoEnvironment.postman_environment.json" -r junit,html --reporter-html-export "EnrollStudent_Html.html" --reporter-junit-export "EnrollStudent_Junit.xml"</StdOut>
          </Output>
          <ResultFiles>
            <ResultFile path="CLTBUILD23\EnrollStudent_Html.html" />
            <ResultFile path="CLTBUILD23\EnrollStudent_Junit.xml" />
          </ResultFiles>
        </UnitTestResult>
        <UnitTestResult executionId="837b4611-af4a-4927-b0c9-d5e5d7e468d4" parentExecutionId="65d94a0f-318b-47d1-aafb-e5656a9b204c" testId="7e078cf1-15f9-4d89-adaf-732e5e1e36b8" testName="4- prereq-fisap-datacorrection@noteligible-seog-19_20-registerclassandpostattendance-generictest (OT-06L-FISAP-NotEligible-SEOG-19_20)" computerName="CLTBUILD23" duration="00:00:08.3630135" startTime="2021-04-12T08:53:31.5658670-04:00" endTime="2021-04-12T08:53:39.9303309-04:00" testType="13cdc9d9-ddb5-4fa4-a97d-d965ccfc6d4b" outcome="Passed" testListId="8c84fa94-04c1-424b-9868-57a2d4851a1d" relativeResultsDirectory="837b4611-af4a-4927-b0c9-d5e5d7e468d4">
          <Output>
            <StdOut>C:\Agt6\_work\_temp\TestResults\c2kbuild_CLTBUILD23 2021-04-12 08_12_36\In\837b4611-af4a-4927-b0c9-d5e5d7e468d4\CLTBUILD23&gt;if not defined TestLocation (set TestLocation=. ) &#xD;
&#xD;
C:\Agt6\_work\_temp\TestResults\c2kbuild_CLTBUILD23 2021-04-12 08_12_36\In\837b4611-af4a-4927-b0c9-d5e5d7e468d4\CLTBUILD23&gt;set CollectionFileName=c:\agt6\_work\6\a\api\environment\regapiautomation\testdata\fisap-datacorrection\prereq-noteligible-seog-19-20\..\..\..\..\..\PreReq\PreReq-RegisterClassAndPostAttendanceForStudent.postman_collection.json &#xD;
&#xD;
C:\Agt6\_work\_temp\TestResults\c2kbuild_CLTBUILD23 2021-04-12 08_12_36\In\837b4611-af4a-4927-b0c9-d5e5d7e468d4\CLTBUILD23&gt;set DataFileName=c:\agt6\_work\6\a\api\environment\regapiautomation\testdata\fisap-datacorrection\prereq-noteligible-seog-19-20\PreReq-FISAP-DataCorrection@NotEligible-SEOG-19_20-RegisterClassAndPostAttendance.csv &#xD;
&#xD;
C:\Agt6\_work\_temp\TestResults\c2kbuild_CLTBUILD23 2021-04-12 08_12_36\In\837b4611-af4a-4927-b0c9-d5e5d7e468d4\CLTBUILD23&gt;set EnvironmentFilePath=c:\agt6\_work\6\a\api\environment\regapiautomation\testdata\fisap-datacorrection\prereq-noteligible-seog-19-20\..\..\..\RegApiAutoEnvironment.postman_environment.json &#xD;
&#xD;
C:\Agt6\_work\_temp\TestResults\c2kbuild_CLTBUILD23 2021-04-12 08_12_36\In\837b4611-af4a-4927-b0c9-d5e5d7e468d4\CLTBUILD23&gt;set HtmlResultsFile=PreReq-RegisterClassAndPostAttendance_Html.html &#xD;
&#xD;
C:\Agt6\_work\_temp\TestResults\c2kbuild_CLTBUILD23 2021-04-12 08_12_36\In\837b4611-af4a-4927-b0c9-d5e5d7e468d4\CLTBUILD23&gt;set JunitResultsFile=PreReq-RegisterClassAndPostAttendance_Junit.xml &#xD;
&#xD;
C:\Agt6\_work\_temp\TestResults\c2kbuild_CLTBUILD23 2021-04-12 08_12_36\In\837b4611-af4a-4927-b0c9-d5e5d7e468d4\CLTBUILD23&gt;newman run "c:\agt6\_work\6\a\api\environment\regapiautomation\testdata\fisap-datacorrection\prereq-noteligible-seog-19-20\..\..\..\..\..\PreReq\PreReq-RegisterClassAndPostAttendanceForStudent.postman_collection.json" -k -d "c:\agt6\_work\6\a\api\environment\regapiautomation\testdata\fisap-datacorrection\prereq-noteligible-seog-19-20\PreReq-FISAP-DataCorrection@NotEligible-SEOG-19_20-RegisterClassAndPostAttendance.csv" -e "c:\agt6\_work\6\a\api\environment\regapiautomation\testdata\fisap-datacorrection\prereq-noteligible-seog-19-20\..\..\..\RegApiAutoEnvironment.postman_environment.json" -r junit,html --reporter-html-export "PreReq-RegisterClassAndPostAttendance_Html.html" --reporter-junit-export "PreReq-RegisterClassAndPostAttendance_Junit.xml"</StdOut>
          </Output>
          <ResultFiles>
            <ResultFile path="CLTBUILD23\PreReq-RegisterClassAndPostAttendance_Html.html" />
            <ResultFile path="CLTBUILD23\PreReq-RegisterClassAndPostAttendance_Junit.xml" />
          </ResultFiles>
        </UnitTestResult>
        <UnitTestResult executionId="92994283-aa67-4bb2-998f-a40b855d328d" parentExecutionId="65d94a0f-318b-47d1-aafb-e5656a9b204c" testId="457943b3-1c72-4016-8e4e-f1711e45f10f" testName="5- prereq-fisap-datacorrection@noteligible-seog-19_20-updatebudgetforacademicyearforpackaging-generictest (OT-06L-FISAP-NotEligible-SEOG-19_20)" computerName="CLTBUILD23" duration="00:00:08.4102104" startTime="2021-04-12T08:53:39.9303309-04:00" endTime="2021-04-12T08:53:48.3427993-04:00" testType="13cdc9d9-ddb5-4fa4-a97d-d965ccfc6d4b" outcome="Passed" testListId="8c84fa94-04c1-424b-9868-57a2d4851a1d" relativeResultsDirectory="92994283-aa67-4bb2-998f-a40b855d328d">
          <Output>
            <StdOut>C:\Agt6\_work\_temp\TestResults\c2kbuild_CLTBUILD23 2021-04-12 08_12_36\In\92994283-aa67-4bb2-998f-a40b855d328d\CLTBUILD23&gt;if not defined TestLocation (set TestLocation=. ) &#xD;
&#xD;
C:\Agt6\_work\_temp\TestResults\c2kbuild_CLTBUILD23 2021-04-12 08_12_36\In\92994283-aa67-4bb2-998f-a40b855d328d\CLTBUILD23&gt;set CollectionFileName=c:\agt6\_work\6\a\api\environment\regapiautomation\testdata\fisap-datacorrection\prereq-noteligible-seog-19-20\..\..\..\..\..\PreReq\PreReq-UpdateBudgetForAcademicYearForPackaging.postman_collection.json &#xD;
&#xD;
C:\Agt6\_work\_temp\TestResults\c2kbuild_CLTBUILD23 2021-04-12 08_12_36\In\92994283-aa67-4bb2-998f-a40b855d328d\CLTBUILD23&gt;set DataFileName=c:\agt6\_work\6\a\api\environment\regapiautomation\testdata\fisap-datacorrection\prereq-noteligible-seog-19-20\PreReq-FISAP-DataCorrection@NotEligible-SEOG-19_20-UpdateBudgetForAcademicYearForPackaging.data.csv &#xD;
&#xD;
C:\Agt6\_work\_temp\TestResults\c2kbuild_CLTBUILD23 2021-04-12 08_12_36\In\92994283-aa67-4bb2-998f-a40b855d328d\CLTBUILD23&gt;set EnvironmentFilePath=c:\agt6\_work\6\a\api\environment\regapiautomation\testdata\fisap-datacorrection\prereq-noteligible-seog-19-20\..\..\..\RegApiAutoEnvironment.postman_environment.json &#xD;
&#xD;
C:\Agt6\_work\_temp\TestResults\c2kbuild_CLTBUILD23 2021-04-12 08_12_36\In\92994283-aa67-4bb2-998f-a40b855d328d\CLTBUILD23&gt;set HtmlResultsFile=PreReq-UpdateBudgetForAcademicYearForPackaging_Html.html &#xD;
&#xD;
C:\Agt6\_work\_temp\TestResults\c2kbuild_CLTBUILD23 2021-04-12 08_12_36\In\92994283-aa67-4bb2-998f-a40b855d328d\CLTBUILD23&gt;set JunitResultsFile=PreReq-UpdateBudgetForAcademicYearForPackaging_Junit.xml &#xD;
&#xD;
C:\Agt6\_work\_temp\TestResults\c2kbuild_CLTBUILD23 2021-04-12 08_12_36\In\92994283-aa67-4bb2-998f-a40b855d328d\CLTBUILD23&gt;newman run "c:\agt6\_work\6\a\api\environment\regapiautomation\testdata\fisap-datacorrection\prereq-noteligible-seog-19-20\..\..\..\..\..\PreReq\PreReq-UpdateBudgetForAcademicYearForPackaging.postman_collection.json" -k -d "c:\agt6\_work\6\a\api\environment\regapiautomation\testdata\fisap-datacorrection\prereq-noteligible-seog-19-20\PreReq-FISAP-DataCorrection@NotEligible-SEOG-19_20-UpdateBudgetForAcademicYearForPackaging.data.csv" -e "c:\agt6\_work\6\a\api\environment\regapiautomation\testdata\fisap-datacorrection\prereq-noteligible-seog-19-20\..\..\..\RegApiAutoEnvironment.postman_environment.json" -r junit,html --reporter-html-export "PreReq-UpdateBudgetForAcademicYearForPackaging_Html.html" --reporter-junit-export "PreReq-UpdateBudgetForAcademicYearForPackaging_Junit.xml"</StdOut>
          </Output>
          <ResultFiles>
            <ResultFile path="CLTBUILD23\PreReq-UpdateBudgetForAcademicYearForPackaging_Html.html" />
            <ResultFile path="CLTBUILD23\PreReq-UpdateBudgetForAcademicYearForPackaging_Junit.xml" />
          </ResultFiles>
        </UnitTestResult>
        <UnitTestResult executionId="a853b044-1143-4bac-87a9-fe765285832e" parentExecutionId="65d94a0f-318b-47d1-aafb-e5656a9b204c" testId="2239a91a-f3fd-438d-9e69-70c97372a12c" testName="6- prereq-fisap-datacorrection@noteligible-seog-19_20-awardgrantforpackaging-generictest (OT-06L-FISAP-NotEligible-SEOG-19_20)" computerName="CLTBUILD23" duration="00:00:09.8739850" startTime="2021-04-12T08:53:48.3437994-04:00" endTime="2021-04-12T08:53:58.2181669-04:00" testType="13cdc9d9-ddb5-4fa4-a97d-d965ccfc6d4b" outcome="Passed" testListId="8c84fa94-04c1-424b-9868-57a2d4851a1d" relativeResultsDirectory="a853b044-1143-4bac-87a9-fe765285832e">
          <Output>
            <StdOut>C:\Agt6\_work\_temp\TestResults\c2kbuild_CLTBUILD23 2021-04-12 08_12_36\In\a853b044-1143-4bac-87a9-fe765285832e\CLTBUILD23&gt;if not defined TestLocation (set TestLocation=. ) &#xD;
&#xD;
C:\Agt6\_work\_temp\TestResults\c2kbuild_CLTBUILD23 2021-04-12 08_12_36\In\a853b044-1143-4bac-87a9-fe765285832e\CLTBUILD23&gt;set CollectionFileName=c:\agt6\_work\6\a\api\environment\regapiautomation\testdata\fisap-datacorrection\prereq-noteligible-seog-19-20\..\..\..\..\..\PreReq\PreReq-AwardGrantForPackaging.postman_collection.json &#xD;
&#xD;
C:\Agt6\_work\_temp\TestResults\c2kbuild_CLTBUILD23 2021-04-12 08_12_36\In\a853b044-1143-4bac-87a9-fe765285832e\CLTBUILD23&gt;set DataFileName=c:\agt6\_work\6\a\api\environment\regapiautomation\testdata\fisap-datacorrection\prereq-noteligible-seog-19-20\PreReq-FISAP-DataCorrection@NotEligible-SEOG-19_20-AwardGrantForPackaging.data.csv &#xD;
&#xD;
C:\Agt6\_work\_temp\TestResults\c2kbuild_CLTBUILD23 2021-04-12 08_12_36\In\a853b044-1143-4bac-87a9-fe765285832e\CLTBUILD23&gt;set EnvironmentFilePath=c:\agt6\_work\6\a\api\environment\regapiautomation\testdata\fisap-datacorrection\prereq-noteligible-seog-19-20\..\..\..\RegApiAutoEnvironment.postman_environment.json &#xD;
&#xD;
C:\Agt6\_work\_temp\TestResults\c2kbuild_CLTBUILD23 2021-04-12 08_12_36\In\a853b044-1143-4bac-87a9-fe765285832e\CLTBUILD23&gt;set HtmlResultsFile=PreReq-AwardGrantForPackaging_Html.html &#xD;
&#xD;
C:\Agt6\_work\_temp\TestResults\c2kbuild_CLTBUILD23 2021-04-12 08_12_36\In\a853b044-1143-4bac-87a9-fe765285832e\CLTBUILD23&gt;set JunitResultsFile=PreReq-AwardGrantForPackaging_Junit.xml &#xD;
&#xD;
C:\Agt6\_work\_temp\TestResults\c2kbuild_CLTBUILD23 2021-04-12 08_12_36\In\a853b044-1143-4bac-87a9-fe765285832e\CLTBUILD23&gt;newman run "c:\agt6\_work\6\a\api\environment\regapiautomation\testdata\fisap-datacorrection\prereq-noteligible-seog-19-20\..\..\..\..\..\PreReq\PreReq-AwardGrantForPackaging.postman_collection.json" -k -d "c:\agt6\_work\6\a\api\environment\regapiautomation\testdata\fisap-datacorrection\prereq-noteligible-seog-19-20\PreReq-FISAP-DataCorrection@NotEligible-SEOG-19_20-AwardGrantForPackaging.data.csv" -e "c:\agt6\_work\6\a\api\environment\regapiautomation\testdata\fisap-datacorrection\prereq-noteligible-seog-19-20\..\..\..\RegApiAutoEnvironment.postman_environment.json" -r junit,html --reporter-html-export "PreReq-AwardGrantForPackaging_Html.html" --reporter-junit-export "PreReq-AwardGrantForPackaging_Junit.xml"</StdOut>
          </Output>
          <ResultFiles>
            <ResultFile path="CLTBUILD23\PreReq-AwardGrantForPackaging_Html.html" />
            <ResultFile path="CLTBUILD23\PreReq-AwardGrantForPackaging_Junit.xml" />
          </ResultFiles>
        </UnitTestResult>
        <UnitTestResult executionId="4ee1dffc-a8a2-4185-9d59-466509c4c150" parentExecutionId="65d94a0f-318b-47d1-aafb-e5656a9b204c" testId="05d30a23-8212-4e53-bf15-086faf0a406e" testName="7- fisap-datacorrection@noteligible-seog-19_20-generictest (OT-06L-FISAP-NotEligible-SEOG-19_20)" computerName="CLTBUILD23" duration="00:00:07.4049306" startTime="2021-04-12T08:53:58.2191661-04:00" endTime="2021-04-12T08:54:05.6316880-04:00" testType="13cdc9d9-ddb5-4fa4-a97d-d965ccfc6d4b" outcome="Passed" testListId="8c84fa94-04c1-424b-9868-57a2d4851a1d" relativeResultsDirectory="4ee1dffc-a8a2-4185-9d59-466509c4c150">
          <Output>
            <StdOut>C:\Agt6\_work\_temp\TestResults\c2kbuild_CLTBUILD23 2021-04-12 08_12_36\In\4ee1dffc-a8a2-4185-9d59-466509c4c150\CLTBUILD23&gt;if not defined TestLocation (set TestLocation=. ) &#xD;
&#xD;
C:\Agt6\_work\_temp\TestResults\c2kbuild_CLTBUILD23 2021-04-12 08_12_36\In\4ee1dffc-a8a2-4185-9d59-466509c4c150\CLTBUILD23&gt;set CollectionFileName=c:\agt6\_work\6\a\api\environment\regapiautomation\testdata\fisap-datacorrection\..\..\..\..\Tests\FISAP-DataCorrection\FISAP-DataCorrection@NotEligible-SEOG.postman_collection.json &#xD;
&#xD;
C:\Agt6\_work\_temp\TestResults\c2kbuild_CLTBUILD23 2021-04-12 08_12_36\In\4ee1dffc-a8a2-4185-9d59-466509c4c150\CLTBUILD23&gt;set DataFileName=c:\agt6\_work\6\a\api\environment\regapiautomation\testdata\fisap-datacorrection\FISAP-DataCorrection@NotEligible-SEOG-19_20.data.json &#xD;
&#xD;
C:\Agt6\_work\_temp\TestResults\c2kbuild_CLTBUILD23 2021-04-12 08_12_36\In\4ee1dffc-a8a2-4185-9d59-466509c4c150\CLTBUILD23&gt;set EnvironmentFilePath=c:\agt6\_work\6\a\api\environment\regapiautomation\testdata\fisap-datacorrection\..\..\RegApiAutoEnvironment.postman_environment.json &#xD;
&#xD;
C:\Agt6\_work\_temp\TestResults\c2kbuild_CLTBUILD23 2021-04-12 08_12_36\In\4ee1dffc-a8a2-4185-9d59-466509c4c150\CLTBUILD23&gt;set HtmlResultsFile=FISAP-DataCorrection@NotEligible-SEOG-19_20-Html.html &#xD;
&#xD;
C:\Agt6\_work\_temp\TestResults\c2kbuild_CLTBUILD23 2021-04-12 08_12_36\In\4ee1dffc-a8a2-4185-9d59-466509c4c150\CLTBUILD23&gt;set JunitResultsFile=FISAP-DataCorrection@NotEligible-SEOG-19_20-Junit.xml &#xD;
&#xD;
C:\Agt6\_work\_temp\TestResults\c2kbuild_CLTBUILD23 2021-04-12 08_12_36\In\4ee1dffc-a8a2-4185-9d59-466509c4c150\CLTBUILD23&gt;newman run "c:\agt6\_work\6\a\api\environment\regapiautomation\testdata\fisap-datacorrection\..\..\..\..\Tests\FISAP-DataCorrection\FISAP-DataCorrection@NotEligible-SEOG.postman_collection.json" -k -d "c:\agt6\_work\6\a\api\environment\regapiautomation\testdata\fisap-datacorrection\FISAP-DataCorrection@NotEligible-SEOG-19_20.data.json" -e "c:\agt6\_work\6\a\api\environment\regapiautomation\testdata\fisap-datacorrection\..\..\RegApiAutoEnvironment.postman_environment.json" -r junit,html --reporter-html-export "FISAP-DataCorrection@NotEligible-SEOG-19_20-Html.html" --reporter-junit-export "FISAP-DataCorrection@NotEligible-SEOG-19_20-Junit.xml"</StdOut>
          </Output>
          <ResultFiles>
            <ResultFile path="CLTBUILD23\FISAP-DataCorrection@NotEligible-SEOG-19_20-Html.html" />
            <ResultFile path="CLTBUILD23\FISAP-DataCorrection@NotEligible-SEOG-19_20-Junit.xml" />
          </ResultFiles>
        </UnitTestResult>
      </InnerResults>
    </TestResultAggregation>
    <TestResultAggregation executionId="71ffb719-f215-4e8b-a8b3-628f3eae97ac" testId="6ac65b4f-50d2-40c2-91c6-25cb7c2a7304" testName="OT-03E-ApplicationData-Import-ErrorReport-21_22" computerName="CLTBUILD23" duration="00:00:08.6838147" startTime="2021-04-12T08:33:34.6889568-04:00" endTime="2021-04-12T08:33:43.3845408-04:00" testType="ec4800e8-40e5-4ab3-8510-b8bf29b1904d" outcome="Passed" testListId="8c84fa94-04c1-424b-9868-57a2d4851a1d" relativeResultsDirectory="71ffb719-f215-4e8b-a8b3-628f3eae97ac">
      <InnerResults>
        <UnitTestResult executionId="30b3869a-fbb8-49bc-af9e-79e491a869f0" parentExecutionId="71ffb719-f215-4e8b-a8b3-628f3eae97ac" testId="b4a1300b-0eb7-4c19-99c7-95b321295b6b" testName="1- appproc-appdata-import@hp-errorreport-21_22-generictest (OT-03E-ApplicationData-Import-ErrorReport-21_22)" computerName="CLTBUILD23" duration="00:00:08.6776560" startTime="2021-04-12T08:33:34.6899560-04:00" endTime="2021-04-12T08:33:43.3835381-04:00" testType="13cdc9d9-ddb5-4fa4-a97d-d965ccfc6d4b" outcome="Passed" testListId="8c84fa94-04c1-424b-9868-57a2d4851a1d" relativeResultsDirectory="30b3869a-fbb8-49bc-af9e-79e491a869f0">
          <Output>
            <StdOut>C:\Agt6\_work\_temp\TestResults\c2kbuild_CLTBUILD23 2021-04-12 08_12_36\In\30b3869a-fbb8-49bc-af9e-79e491a869f0\CLTBUILD23&gt;if not defined TestLocation (set TestLocation=. ) &#xD;
&#xD;
C:\Agt6\_work\_temp\TestResults\c2kbuild_CLTBUILD23 2021-04-12 08_12_36\In\30b3869a-fbb8-49bc-af9e-79e491a869f0\CLTBUILD23&gt;set CollectionFileName=c:\agt6\_work\6\a\api\environment\regapiautomation\testdata\applicationdata\import\..\..\..\..\..\Tests\ApplicationData\Import\AppProc-AppData-Import@HP-ErrorReport.postman_collection.json &#xD;
&#xD;
C:\Agt6\_work\_temp\TestResults\c2kbuild_CLTBUILD23 2021-04-12 08_12_36\In\30b3869a-fbb8-49bc-af9e-79e491a869f0\CLTBUILD23&gt;set DataFileName=c:\agt6\_work\6\a\api\environment\regapiautomation\testdata\applicationdata\import\AppProc-AppData-Import@HP-ErrorReport-21_22.data.json &#xD;
&#xD;
C:\Agt6\_work\_temp\TestResults\c2kbuild_CLTBUILD23 2021-04-12 08_12_36\In\30b3869a-fbb8-49bc-af9e-79e491a869f0\CLTBUILD23&gt;set EnvironmentFilePath=c:\agt6\_work\6\a\api\environment\regapiautomation\testdata\applicationdata\import\..\..\..\RegApiAutoEnvironment.postman_environment.json &#xD;
&#xD;
C:\Agt6\_work\_temp\TestResults\c2kbuild_CLTBUILD23 2021-04-12 08_12_36\In\30b3869a-fbb8-49bc-af9e-79e491a869f0\CLTBUILD23&gt;set HtmlResultsFile=AppProc-AppData-Import@HP-ErrorReport-21_22-Html.html &#xD;
&#xD;
C:\Agt6\_work\_temp\TestResults\c2kbuild_CLTBUILD23 2021-04-12 08_12_36\In\30b3869a-fbb8-49bc-af9e-79e491a869f0\CLTBUILD23&gt;set JunitResultsFile=AppProc-AppData-Import@HP-ErrorReport-21_22-Junit.xml &#xD;
&#xD;
C:\Agt6\_work\_temp\TestResults\c2kbuild_CLTBUILD23 2021-04-12 08_12_36\In\30b3869a-fbb8-49bc-af9e-79e491a869f0\CLTBUILD23&gt;newman run "c:\agt6\_work\6\a\api\environment\regapiautomation\testdata\applicationdata\import\..\..\..\..\..\Tests\ApplicationData\Import\AppProc-AppData-Import@HP-ErrorReport.postman_collection.json" -k -d "c:\agt6\_work\6\a\api\environment\regapiautomation\testdata\applicationdata\import\AppProc-AppData-Import@HP-ErrorReport-21_22.data.json" -e "c:\agt6\_work\6\a\api\environment\regapiautomation\testdata\applicationdata\import\..\..\..\RegApiAutoEnvironment.postman_environment.json" -r junit,html --reporter-html-export "AppProc-AppData-Import@HP-ErrorReport-21_22-Html.html" --reporter-junit-export "AppProc-AppData-Import@HP-ErrorReport-21_22-Junit.xml"</StdOut>
          </Output>
          <ResultFiles>
            <ResultFile path="CLTBUILD23\AppProc-AppData-Import@HP-ErrorReport-21_22-Html.html" />
            <ResultFile path="CLTBUILD23\AppProc-AppData-Import@HP-ErrorReport-21_22-Junit.xml" />
          </ResultFiles>
        </UnitTestResult>
      </InnerResults>
    </TestResultAggregation>
    <TestResultAggregation executionId="5adf10be-2ed4-4786-b2e1-ba1b0140d2e0" testId="df2f9833-45e1-47ab-a5f1-3bd05e7c29ca" testName="OT-01E-CODExport.Create-GrantDataRequest-Multi-O-All-21_22" computerName="CLTBUILD23" duration="00:01:29.5433138" startTime="2021-04-12T08:22:17.2856957-04:00" endTime="2021-04-12T08:23:46.8158364-04:00" testType="ec4800e8-40e5-4ab3-8510-b8bf29b1904d" outcome="Passed" testListId="8c84fa94-04c1-424b-9868-57a2d4851a1d" relativeResultsDirectory="5adf10be-2ed4-4786-b2e1-ba1b0140d2e0">
      <InnerResults>
        <UnitTestResult executionId="c4d6cfc6-bd59-445e-a160-bca7307dd6bc" parentExecutionId="5adf10be-2ed4-4786-b2e1-ba1b0140d2e0" testId="c4ce48df-bba4-4f47-b69d-ee33d1981ea5" testName="1- prereq-codexport@create-grantdatarequest-multi-o-all-21_22-createstudent (OT-01E-CODExport.Create-GrantDataRequest-Multi-O-All-21_22)" computerName="CLTBUILD23" duration="00:00:07.8938089" startTime="2021-04-12T08:22:17.2876985-04:00" endTime="2021-04-12T08:22:25.1878388-04:00" testType="13cdc9d9-ddb5-4fa4-a97d-d965ccfc6d4b" outcome="Passed" testListId="8c84fa94-04c1-424b-9868-57a2d4851a1d" relativeResultsDirectory="c4d6cfc6-bd59-445e-a160-bca7307dd6bc">
          <Output>
            <StdOut>C:\Agt6\_work\_temp\TestResults\c2kbuild_CLTBUILD23 2021-04-12 08_12_36\In\c4d6cfc6-bd59-445e-a160-bca7307dd6bc\CLTBUILD23&gt;if not defined TestLocation (set TestLocation=. ) &#xD;
&#xD;
C:\Agt6\_work\_temp\TestResults\c2kbuild_CLTBUILD23 2021-04-12 08_12_36\In\c4d6cfc6-bd59-445e-a160-bca7307dd6bc\CLTBUILD23&gt;set CollectionFileName=c:\agt6\_work\6\a\api\environment\regapiautomation\testdata\codexport\prereq-create-grantdatarequest-multi-o-all-21_22\..\..\..\..\..\PreReq\PreReq-CreateStudent.postman_collection.json &#xD;
&#xD;
C:\Agt6\_work\_temp\TestResults\c2kbuild_CLTBUILD23 2021-04-12 08_12_36\In\c4d6cfc6-bd59-445e-a160-bca7307dd6bc\CLTBUILD23&gt;set DataFileName=c:\agt6\_work\6\a\api\environment\regapiautomation\testdata\codexport\prereq-create-grantdatarequest-multi-o-all-21_22\PreReq-CODExport@Create-GrantDataRequest-Multi-O-All-21_22-CreateStudent.data.csv &#xD;
&#xD;
C:\Agt6\_work\_temp\TestResults\c2kbuild_CLTBUILD23 2021-04-12 08_12_36\In\c4d6cfc6-bd59-445e-a160-bca7307dd6bc\CLTBUILD23&gt;set EnvironmentFilePath=c:\agt6\_work\6\a\api\environment\regapiautomation\testdata\codexport\prereq-create-grantdatarequest-multi-o-all-21_22\..\..\..\RegApiAutoEnvironment.postman_environment.json &#xD;
&#xD;
C:\Agt6\_work\_temp\TestResults\c2kbuild_CLTBUILD23 2021-04-12 08_12_36\In\c4d6cfc6-bd59-445e-a160-bca7307dd6bc\CLTBUILD23&gt;set HtmlResultsFile=CreateStudent_Html.html &#xD;
&#xD;
C:\Agt6\_work\_temp\TestResults\c2kbuild_CLTBUILD23 2021-04-12 08_12_36\In\c4d6cfc6-bd59-445e-a160-bca7307dd6bc\CLTBUILD23&gt;set JunitResultsFile=CreateStudent_Junit.xml &#xD;
&#xD;
C:\Agt6\_work\_temp\TestResults\c2kbuild_CLTBUILD23 2021-04-12 08_12_36\In\c4d6cfc6-bd59-445e-a160-bca7307dd6bc\CLTBUILD23&gt;newman run "c:\agt6\_work\6\a\api\environment\regapiautomation\testdata\codexport\prereq-create-grantdatarequest-multi-o-all-21_22\..\..\..\..\..\PreReq\PreReq-CreateStudent.postman_collection.json" -k -d "c:\agt6\_work\6\a\api\environment\regapiautomation\testdata\codexport\prereq-create-grantdatarequest-multi-o-all-21_22\PreReq-CODExport@Create-GrantDataRequest-Multi-O-All-21_22-CreateStudent.data.csv" -e "c:\agt6\_work\6\a\api\environment\regapiautomation\testdata\codexport\prereq-create-grantdatarequest-multi-o-all-21_22\..\..\..\RegApiAutoEnvironment.postman_environment.json" -r junit,html --reporter-html-export "CreateStudent_Html.html" --reporter-junit-export "CreateStudent_Junit.xml"</StdOut>
          </Output>
          <ResultFiles>
            <ResultFile path="CLTBUILD23\CreateStudent_Html.html" />
            <ResultFile path="CLTBUILD23\CreateStudent_Junit.xml" />
          </ResultFiles>
        </UnitTestResult>
        <UnitTestResult executionId="a114c7f7-f70b-4428-820d-dee9a1152bd9" parentExecutionId="5adf10be-2ed4-4786-b2e1-ba1b0140d2e0" testId="6d5c09d2-046f-4dae-8858-41fa0be1c3da" testName="2- prereq-codexport@create-grantdatarequest-multi-o-all-21_22-importisir (OT-01E-CODExport.Create-GrantDataRequest-Multi-O-All-21_22)" computerName="CLTBUILD23" duration="00:00:08.3312113" startTime="2021-04-12T08:22:25.1878388-04:00" endTime="2021-04-12T08:22:33.5319276-04:00" testType="13cdc9d9-ddb5-4fa4-a97d-d965ccfc6d4b" outcome="Passed" testListId="8c84fa94-04c1-424b-9868-57a2d4851a1d" relativeResultsDirectory="a114c7f7-f70b-4428-820d-dee9a1152bd9">
          <Output>
            <StdOut>C:\Agt6\_work\_temp\TestResults\c2kbuild_CLTBUILD23 2021-04-12 08_12_36\In\a114c7f7-f70b-4428-820d-dee9a1152bd9\CLTBUILD23&gt;if not defined TestLocation (set TestLocation=. ) &#xD;
&#xD;
C:\Agt6\_work\_temp\TestResults\c2kbuild_CLTBUILD23 2021-04-12 08_12_36\In\a114c7f7-f70b-4428-820d-dee9a1152bd9\CLTBUILD23&gt;set CollectionFileName=c:\agt6\_work\6\a\api\environment\regapiautomation\testdata\codexport\prereq-create-grantdatarequest-multi-o-all-21_22\..\..\..\..\..\PreReq\PreReq-ImportISIR.postman_collection.json &#xD;
&#xD;
C:\Agt6\_work\_temp\TestResults\c2kbuild_CLTBUILD23 2021-04-12 08_12_36\In\a114c7f7-f70b-4428-820d-dee9a1152bd9\CLTBUILD23&gt;set DataFileName=c:\agt6\_work\6\a\api\environment\regapiautomation\testdata\codexport\prereq-create-grantdatarequest-multi-o-all-21_22\PreReq-CODExport@Create-GrantDataRequest-Multi-O-All-21_22-ImportISIR.data.json &#xD;
&#xD;
C:\Agt6\_work\_temp\TestResults\c2kbuild_CLTBUILD23 2021-04-12 08_12_36\In\a114c7f7-f70b-4428-820d-dee9a1152bd9\CLTBUILD23&gt;set EnvironmentFilePath=c:\agt6\_work\6\a\api\environment\regapiautomation\testdata\codexport\prereq-create-grantdatarequest-multi-o-all-21_22\..\..\..\RegApiAutoEnvironment.postman_environment.json &#xD;
&#xD;
C:\Agt6\_work\_temp\TestResults\c2kbuild_CLTBUILD23 2021-04-12 08_12_36\In\a114c7f7-f70b-4428-820d-dee9a1152bd9\CLTBUILD23&gt;set HtmlResultsFile=ImportISIR_Html.html &#xD;
&#xD;
C:\Agt6\_work\_temp\TestResults\c2kbuild_CLTBUILD23 2021-04-12 08_12_36\In\a114c7f7-f70b-4428-820d-dee9a1152bd9\CLTBUILD23&gt;set JunitResultsFile=ImportISIR_Junit.xml &#xD;
&#xD;
C:\Agt6\_work\_temp\TestResults\c2kbuild_CLTBUILD23 2021-04-12 08_12_36\In\a114c7f7-f70b-4428-820d-dee9a1152bd9\CLTBUILD23&gt;newman run "c:\agt6\_work\6\a\api\environment\regapiautomation\testdata\codexport\prereq-create-grantdatarequest-multi-o-all-21_22\..\..\..\..\..\PreReq\PreReq-ImportISIR.postman_collection.json" -k -d "c:\agt6\_work\6\a\api\environment\regapiautomation\testdata\codexport\prereq-create-grantdatarequest-multi-o-all-21_22\PreReq-CODExport@Create-GrantDataRequest-Multi-O-All-21_22-ImportISIR.data.json" -e "c:\agt6\_work\6\a\api\environment\regapiautomation\testdata\codexport\prereq-create-grantdatarequest-multi-o-all-21_22\..\..\..\RegApiAutoEnvironment.postman_environment.json" -r junit,html --reporter-html-export "ImportISIR_Html.html" --reporter-junit-export "ImportISIR_Junit.xml"</StdOut>
          </Output>
          <ResultFiles>
            <ResultFile path="CLTBUILD23\ImportISIR_Html.html" />
            <ResultFile path="CLTBUILD23\ImportISIR_Junit.xml" />
          </ResultFiles>
        </UnitTestResult>
        <UnitTestResult executionId="8145e8a8-40b0-4164-876b-dbb5835c3ebf" parentExecutionId="5adf10be-2ed4-4786-b2e1-ba1b0140d2e0" testId="fa0959fe-e713-4e38-aad8-1fb3aa0e2510" testName="3- prereq-codexport@create-grantdatarequest-multi-o-all-21_22-enrollstudent (OT-01E-CODExport.Create-GrantDataRequest-Multi-O-All-21_22)" computerName="CLTBUILD23" duration="00:00:12.6576003" startTime="2021-04-12T08:22:33.5319276-04:00" endTime="2021-04-12T08:22:46.1945477-04:00" testType="13cdc9d9-ddb5-4fa4-a97d-d965ccfc6d4b" outcome="Passed" testListId="8c84fa94-04c1-424b-9868-57a2d4851a1d" relativeResultsDirectory="8145e8a8-40b0-4164-876b-dbb5835c3ebf">
          <Output>
            <StdOut>C:\Agt6\_work\_temp\TestResults\c2kbuild_CLTBUILD23 2021-04-12 08_12_36\In\8145e8a8-40b0-4164-876b-dbb5835c3ebf\CLTBUILD23&gt;if not defined TestLocation (set TestLocation=. ) &#xD;
&#xD;
C:\Agt6\_work\_temp\TestResults\c2kbuild_CLTBUILD23 2021-04-12 08_12_36\In\8145e8a8-40b0-4164-876b-dbb5835c3ebf\CLTBUILD23&gt;set CollectionFileName=c:\agt6\_work\6\a\api\environment\regapiautomation\testdata\codexport\prereq-create-grantdatarequest-multi-o-all-21_22\..\..\..\..\..\PreReq\PreReq-EnrollStudent.postman_collection.json &#xD;
&#xD;
C:\Agt6\_work\_temp\TestResults\c2kbuild_CLTBUILD23 2021-04-12 08_12_36\In\8145e8a8-40b0-4164-876b-dbb5835c3ebf\CLTBUILD23&gt;set DataFileName=c:\agt6\_work\6\a\api\environment\regapiautomation\testdata\codexport\prereq-create-grantdatarequest-multi-o-all-21_22\PreReq-CODExport@Create-GrantDataRequest-Multi-O-All-21_22-EnrollStudent.data.csv &#xD;
&#xD;
C:\Agt6\_work\_temp\TestResults\c2kbuild_CLTBUILD23 2021-04-12 08_12_36\In\8145e8a8-40b0-4164-876b-dbb5835c3ebf\CLTBUILD23&gt;set EnvironmentFilePath=c:\agt6\_work\6\a\api\environment\regapiautomation\testdata\codexport\prereq-create-grantdatarequest-multi-o-all-21_22\..\..\..\RegApiAutoEnvironment.postman_environment.json &#xD;
&#xD;
C:\Agt6\_work\_temp\TestResults\c2kbuild_CLTBUILD23 2021-04-12 08_12_36\In\8145e8a8-40b0-4164-876b-dbb5835c3ebf\CLTBUILD23&gt;set HtmlResultsFile=EnrollStudent_Html.html &#xD;
&#xD;
C:\Agt6\_work\_temp\TestResults\c2kbuild_CLTBUILD23 2021-04-12 08_12_36\In\8145e8a8-40b0-4164-876b-dbb5835c3ebf\CLTBUILD23&gt;set JunitResultsFile=EnrollStudent_Junit.xml &#xD;
&#xD;
C:\Agt6\_work\_temp\TestResults\c2kbuild_CLTBUILD23 2021-04-12 08_12_36\In\8145e8a8-40b0-4164-876b-dbb5835c3ebf\CLTBUILD23&gt;newman run "c:\agt6\_work\6\a\api\environment\regapiautomation\testdata\codexport\prereq-create-grantdatarequest-multi-o-all-21_22\..\..\..\..\..\PreReq\PreReq-EnrollStudent.postman_collection.json" -k -d "c:\agt6\_work\6\a\api\environment\regapiautomation\testdata\codexport\prereq-create-grantdatarequest-multi-o-all-21_22\PreReq-CODExport@Create-GrantDataRequest-Multi-O-All-21_22-EnrollStudent.data.csv" -e "c:\agt6\_work\6\a\api\environment\regapiautomation\testdata\codexport\prereq-create-grantdatarequest-multi-o-all-21_22\..\..\..\RegApiAutoEnvironment.postman_environment.json" -r junit,html --reporter-html-export "EnrollStudent_Html.html" --reporter-junit-export "EnrollStudent_Junit.xml"</StdOut>
          </Output>
          <ResultFiles>
            <ResultFile path="CLTBUILD23\EnrollStudent_Html.html" />
            <ResultFile path="CLTBUILD23\EnrollStudent_Junit.xml" />
          </ResultFiles>
        </UnitTestResult>
        <UnitTestResult executionId="18658900-b48c-4c89-990f-77ffa01419b1" parentExecutionId="5adf10be-2ed4-4786-b2e1-ba1b0140d2e0" testId="e1204454-f111-420f-9994-8229d7f3a430" testName="4- prereq-codexport@create-grantdatarequest-multi-o-all-21_22-updatebudgetforacademicyearforpackaging (OT-01E-CODExport.Create-GrantDataRequest-Multi-O-All-21_22)" computerName="CLTBUILD23" duration="00:00:08.8900247" startTime="2021-04-12T08:22:46.1945477-04:00" endTime="2021-04-12T08:22:55.0845800-04:00" testType="13cdc9d9-ddb5-4fa4-a97d-d965ccfc6d4b" outcome="Passed" testListId="8c84fa94-04c1-424b-9868-57a2d4851a1d" relativeResultsDirectory="18658900-b48c-4c89-990f-77ffa01419b1">
          <Output>
            <StdOut>C:\Agt6\_work\_temp\TestResults\c2kbuild_CLTBUILD23 2021-04-12 08_12_36\In\18658900-b48c-4c89-990f-77ffa01419b1\CLTBUILD23&gt;if not defined TestLocation (set TestLocation=. ) &#xD;
&#xD;
C:\Agt6\_work\_temp\TestResults\c2kbuild_CLTBUILD23 2021-04-12 08_12_36\In\18658900-b48c-4c89-990f-77ffa01419b1\CLTBUILD23&gt;set CollectionFileName=c:\agt6\_work\6\a\api\environment\regapiautomation\testdata\codexport\prereq-create-grantdatarequest-multi-o-all-21_22\..\..\..\..\..\PreReq\PreReq-UpdateBudgetForAcademicYearForPackaging.postman_collection.json &#xD;
&#xD;
C:\Agt6\_work\_temp\TestResults\c2kbuild_CLTBUILD23 2021-04-12 08_12_36\In\18658900-b48c-4c89-990f-77ffa01419b1\CLTBUILD23&gt;set DataFileName=c:\agt6\_work\6\a\api\environment\regapiautomation\testdata\codexport\prereq-create-grantdatarequest-multi-o-all-21_22\PreReq-CODExport@Create-GrantDataRequest-Multi-O-All-21_22-UpdateBudgetForAcademicYearForPackaging.data.csv &#xD;
&#xD;
C:\Agt6\_work\_temp\TestResults\c2kbuild_CLTBUILD23 2021-04-12 08_12_36\In\18658900-b48c-4c89-990f-77ffa01419b1\CLTBUILD23&gt;set EnvironmentFilePath=c:\agt6\_work\6\a\api\environment\regapiautomation\testdata\codexport\prereq-create-grantdatarequest-multi-o-all-21_22\..\..\..\RegApiAutoEnvironment.postman_environment.json &#xD;
&#xD;
C:\Agt6\_work\_temp\TestResults\c2kbuild_CLTBUILD23 2021-04-12 08_12_36\In\18658900-b48c-4c89-990f-77ffa01419b1\CLTBUILD23&gt;set HtmlResultsFile=UpdateBudgetForAcademicYearForPackaging_Html.html &#xD;
&#xD;
C:\Agt6\_work\_temp\TestResults\c2kbuild_CLTBUILD23 2021-04-12 08_12_36\In\18658900-b48c-4c89-990f-77ffa01419b1\CLTBUILD23&gt;set JunitResultsFile=UpdateBudgetForAcademicYearForPackaging_Junit.xml &#xD;
&#xD;
C:\Agt6\_work\_temp\TestResults\c2kbuild_CLTBUILD23 2021-04-12 08_12_36\In\18658900-b48c-4c89-990f-77ffa01419b1\CLTBUILD23&gt;newman run "c:\agt6\_work\6\a\api\environment\regapiautomation\testdata\codexport\prereq-create-grantdatarequest-multi-o-all-21_22\..\..\..\..\..\PreReq\PreReq-UpdateBudgetForAcademicYearForPackaging.postman_collection.json" -k -d "c:\agt6\_work\6\a\api\environment\regapiautomation\testdata\codexport\prereq-create-grantdatarequest-multi-o-all-21_22\PreReq-CODExport@Create-GrantDataRequest-Multi-O-All-21_22-UpdateBudgetForAcademicYearForPackaging.data.csv" -e "c:\agt6\_work\6\a\api\environment\regapiautomation\testdata\codexport\prereq-create-grantdatarequest-multi-o-all-21_22\..\..\..\RegApiAutoEnvironment.postman_environment.json" -r junit,html --reporter-html-export "UpdateBudgetForAcademicYearForPackaging_Html.html" --reporter-junit-export "UpdateBudgetForAcademicYearForPackaging_Junit.xml"</StdOut>
          </Output>
          <ResultFiles>
            <ResultFile path="CLTBUILD23\UpdateBudgetForAcademicYearForPackaging_Html.html" />
            <ResultFile path="CLTBUILD23\UpdateBudgetForAcademicYearForPackaging_Junit.xml" />
          </ResultFiles>
        </UnitTestResult>
        <UnitTestResult executionId="88ffe6ed-2bfc-49a8-805c-c1308358b03d" parentExecutionId="5adf10be-2ed4-4786-b2e1-ba1b0140d2e0" testId="c958152b-26ac-4f4b-9276-5d8e2d52bf75" testName="5- prereq-codexport@create-grantdatarequest-multi-o-all-21_22-awardgrantorloanforpackaging (OT-01E-CODExport.Create-GrantDataRequest-Multi-O-All-21_22)" computerName="CLTBUILD23" duration="00:00:22.3316686" startTime="2021-04-12T08:22:55.0855810-04:00" endTime="2021-04-12T08:23:17.4151436-04:00" testType="13cdc9d9-ddb5-4fa4-a97d-d965ccfc6d4b" outcome="Passed" testListId="8c84fa94-04c1-424b-9868-57a2d4851a1d" relativeResultsDirectory="88ffe6ed-2bfc-49a8-805c-c1308358b03d">
          <Output>
            <StdOut>C:\Agt6\_work\_temp\TestResults\c2kbuild_CLTBUILD23 2021-04-12 08_12_36\In\88ffe6ed-2bfc-49a8-805c-c1308358b03d\CLTBUILD23&gt;if not defined TestLocation (set TestLocation=. ) &#xD;
&#xD;
C:\Agt6\_work\_temp\TestResults\c2kbuild_CLTBUILD23 2021-04-12 08_12_36\In\88ffe6ed-2bfc-49a8-805c-c1308358b03d\CLTBUILD23&gt;set CollectionFileName=c:\agt6\_work\6\a\api\environment\regapiautomation\testdata\codexport\prereq-create-grantdatarequest-multi-o-all-21_22\..\..\..\..\..\PreReq\PreReq-AwardGrantorLoanForPackaging.postman_collection.json &#xD;
&#xD;
C:\Agt6\_work\_temp\TestResults\c2kbuild_CLTBUILD23 2021-04-12 08_12_36\In\88ffe6ed-2bfc-49a8-805c-c1308358b03d\CLTBUILD23&gt;set DataFileName=c:\agt6\_work\6\a\api\environment\regapiautomation\testdata\codexport\prereq-create-grantdatarequest-multi-o-all-21_22\PreReq-CODExport@Create-GrantDataRequest-Multi-O-All-21_22-AwardGrantorLoanForPackaging.data.csv &#xD;
&#xD;
C:\Agt6\_work\_temp\TestResults\c2kbuild_CLTBUILD23 2021-04-12 08_12_36\In\88ffe6ed-2bfc-49a8-805c-c1308358b03d\CLTBUILD23&gt;set EnvironmentFilePath=c:\agt6\_work\6\a\api\environment\regapiautomation\testdata\codexport\prereq-create-grantdatarequest-multi-o-all-21_22\..\..\..\RegApiAutoEnvironment.postman_environment.json &#xD;
&#xD;
C:\Agt6\_work\_temp\TestResults\c2kbuild_CLTBUILD23 2021-04-12 08_12_36\In\88ffe6ed-2bfc-49a8-805c-c1308358b03d\CLTBUILD23&gt;set HtmlResultsFile=AwardGrantorLoanForPackaging_Html.html &#xD;
&#xD;
C:\Agt6\_work\_temp\TestResults\c2kbuild_CLTBUILD23 2021-04-12 08_12_36\In\88ffe6ed-2bfc-49a8-805c-c1308358b03d\CLTBUILD23&gt;set JunitResultsFile=AwardGrantorLoanForPackaging_Junit.xml &#xD;
&#xD;
C:\Agt6\_work\_temp\TestResults\c2kbuild_CLTBUILD23 2021-04-12 08_12_36\In\88ffe6ed-2bfc-49a8-805c-c1308358b03d\CLTBUILD23&gt;newman run "c:\agt6\_work\6\a\api\environment\regapiautomation\testdata\codexport\prereq-create-grantdatarequest-multi-o-all-21_22\..\..\..\..\..\PreReq\PreReq-AwardGrantorLoanForPackaging.postman_collection.json" -d "c:\agt6\_work\6\a\api\environment\regapiautomation\testdata\codexport\prereq-create-grantdatarequest-multi-o-all-21_22\PreReq-CODExport@Create-GrantDataRequest-Multi-O-All-21_22-AwardGrantorLoanForPackaging.data.csv" -e "c:\agt6\_work\6\a\api\environment\regapiautomation\testdata\codexport\prereq-create-grantdatarequest-multi-o-all-21_22\..\..\..\RegApiAutoEnvironment.postman_environment.json" -k -r junit,html --reporter-html-export "AwardGrantorLoanForPackaging_Html.html" --reporter-junit-export "AwardGrantorLoanForPackaging_Junit.xml"</StdOut>
          </Output>
          <ResultFiles>
            <ResultFile path="CLTBUILD23\AwardGrantorLoanForPackaging_Html.html" />
            <ResultFile path="CLTBUILD23\AwardGrantorLoanForPackaging_Junit.xml" />
          </ResultFiles>
        </UnitTestResult>
        <UnitTestResult executionId="3f39c2e8-1164-42a3-a1d2-756b4ab1c227" parentExecutionId="5adf10be-2ed4-4786-b2e1-ba1b0140d2e0" testId="139e63b3-2051-4895-a8f4-3f57b30db4e1" testName="6- prereq-codexport@create-grantdatarequest-multi-o-all-21_22-awardloanforpackaging (OT-01E-CODExport.Create-GrantDataRequest-Multi-O-All-21_22)" computerName="CLTBUILD23" duration="00:00:21.5487567" startTime="2021-04-12T08:23:17.4151436-04:00" endTime="2021-04-12T08:23:38.9647418-04:00" testType="13cdc9d9-ddb5-4fa4-a97d-d965ccfc6d4b" outcome="Passed" testListId="8c84fa94-04c1-424b-9868-57a2d4851a1d" relativeResultsDirectory="3f39c2e8-1164-42a3-a1d2-756b4ab1c227">
          <Output>
            <StdOut>C:\Agt6\_work\_temp\TestResults\c2kbuild_CLTBUILD23 2021-04-12 08_12_36\In\3f39c2e8-1164-42a3-a1d2-756b4ab1c227\CLTBUILD23&gt;if not defined TestLocation (set TestLocation=. ) &#xD;
&#xD;
C:\Agt6\_work\_temp\TestResults\c2kbuild_CLTBUILD23 2021-04-12 08_12_36\In\3f39c2e8-1164-42a3-a1d2-756b4ab1c227\CLTBUILD23&gt;set CollectionFileName=c:\agt6\_work\6\a\api\environment\regapiautomation\testdata\codexport\prereq-create-grantdatarequest-multi-o-all-21_22\..\..\..\..\..\PreReq\PreReq-AwardLoanForPackaging.postman_collection.json &#xD;
&#xD;
C:\Agt6\_work\_temp\TestResults\c2kbuild_CLTBUILD23 2021-04-12 08_12_36\In\3f39c2e8-1164-42a3-a1d2-756b4ab1c227\CLTBUILD23&gt;set DataFileName=c:\agt6\_work\6\a\api\environment\regapiautomation\testdata\codexport\prereq-create-grantdatarequest-multi-o-all-21_22\PreReq-CODExport@Create-GrantDataRequest-Multi-O-All-21_22-AwardLoanForPackaging.data.csv &#xD;
&#xD;
C:\Agt6\_work\_temp\TestResults\c2kbuild_CLTBUILD23 2021-04-12 08_12_36\In\3f39c2e8-1164-42a3-a1d2-756b4ab1c227\CLTBUILD23&gt;set EnvironmentFilePath=c:\agt6\_work\6\a\api\environment\regapiautomation\testdata\codexport\prereq-create-grantdatarequest-multi-o-all-21_22\..\..\..\RegApiAutoEnvironment.postman_environment.json &#xD;
&#xD;
C:\Agt6\_work\_temp\TestResults\c2kbuild_CLTBUILD23 2021-04-12 08_12_36\In\3f39c2e8-1164-42a3-a1d2-756b4ab1c227\CLTBUILD23&gt;set HtmlResultsFile=AwardLoanForPackaging_Html.html &#xD;
&#xD;
C:\Agt6\_work\_temp\TestResults\c2kbuild_CLTBUILD23 2021-04-12 08_12_36\In\3f39c2e8-1164-42a3-a1d2-756b4ab1c227\CLTBUILD23&gt;set JunitResultsFile=AwardLoanForPackaging_Junit.xml &#xD;
&#xD;
C:\Agt6\_work\_temp\TestResults\c2kbuild_CLTBUILD23 2021-04-12 08_12_36\In\3f39c2e8-1164-42a3-a1d2-756b4ab1c227\CLTBUILD23&gt;newman run "c:\agt6\_work\6\a\api\environment\regapiautomation\testdata\codexport\prereq-create-grantdatarequest-multi-o-all-21_22\..\..\..\..\..\PreReq\PreReq-AwardLoanForPackaging.postman_collection.json" -d "c:\agt6\_work\6\a\api\environment\regapiautomation\testdata\codexport\prereq-create-grantdatarequest-multi-o-all-21_22\PreReq-CODExport@Create-GrantDataRequest-Multi-O-All-21_22-AwardLoanForPackaging.data.csv" -e "c:\agt6\_work\6\a\api\environment\regapiautomation\testdata\codexport\prereq-create-grantdatarequest-multi-o-all-21_22\..\..\..\RegApiAutoEnvironment.postman_environment.json" -k -r junit,html --reporter-html-export "AwardLoanForPackaging_Html.html" --reporter-junit-export "AwardLoanForPackaging_Junit.xml"</StdOut>
          </Output>
          <ResultFiles>
            <ResultFile path="CLTBUILD23\AwardLoanForPackaging_Html.html" />
            <ResultFile path="CLTBUILD23\AwardLoanForPackaging_Junit.xml" />
          </ResultFiles>
        </UnitTestResult>
        <UnitTestResult executionId="6c6cb721-1284-4f7d-af5c-7645a78503c7" parentExecutionId="5adf10be-2ed4-4786-b2e1-ba1b0140d2e0" testId="a5bb8cdb-3dc6-4e77-8170-74b1738debed" testName="7- cod-export@create-grantdatarequest-multi-o-all-21_22 (OT-01E-CODExport.Create-GrantDataRequest-Multi-O-All-21_22)" computerName="CLTBUILD23" duration="00:00:07.8442965" startTime="2021-04-12T08:23:38.9647418-04:00" endTime="2021-04-12T08:23:46.8148382-04:00" testType="13cdc9d9-ddb5-4fa4-a97d-d965ccfc6d4b" outcome="Passed" testListId="8c84fa94-04c1-424b-9868-57a2d4851a1d" relativeResultsDirectory="6c6cb721-1284-4f7d-af5c-7645a78503c7">
          <Output>
            <StdOut>C:\Agt6\_work\_temp\TestResults\c2kbuild_CLTBUILD23 2021-04-12 08_12_36\In\6c6cb721-1284-4f7d-af5c-7645a78503c7\CLTBUILD23&gt;if not defined TestLocation (set TestLocation=. ) &#xD;
&#xD;
C:\Agt6\_work\_temp\TestResults\c2kbuild_CLTBUILD23 2021-04-12 08_12_36\In\6c6cb721-1284-4f7d-af5c-7645a78503c7\CLTBUILD23&gt;set CollectionFileName=c:\agt6\_work\6\a\api\environment\regapiautomation\testdata\codexport\..\..\..\..\Tests\CODExport\COD-Export@Create-GrantDataRequest.postman_collection.json &#xD;
&#xD;
C:\Agt6\_work\_temp\TestResults\c2kbuild_CLTBUILD23 2021-04-12 08_12_36\In\6c6cb721-1284-4f7d-af5c-7645a78503c7\CLTBUILD23&gt;set DataFileName=c:\agt6\_work\6\a\api\environment\regapiautomation\testdata\codexport\COD-Export@Create-GrantDataRequest-Multi-O-All-21_22.data.json &#xD;
&#xD;
C:\Agt6\_work\_temp\TestResults\c2kbuild_CLTBUILD23 2021-04-12 08_12_36\In\6c6cb721-1284-4f7d-af5c-7645a78503c7\CLTBUILD23&gt;set EnvironmentFilePath=c:\agt6\_work\6\a\api\environment\regapiautomation\testdata\codexport\..\..\RegApiAutoEnvironment.postman_environment.json &#xD;
&#xD;
C:\Agt6\_work\_temp\TestResults\c2kbuild_CLTBUILD23 2021-04-12 08_12_36\In\6c6cb721-1284-4f7d-af5c-7645a78503c7\CLTBUILD23&gt;set HtmlResultsFile=Tests_COD-Export@Create-GrantDataRequest-Multi-O-All-21_22_Html.html &#xD;
&#xD;
C:\Agt6\_work\_temp\TestResults\c2kbuild_CLTBUILD23 2021-04-12 08_12_36\In\6c6cb721-1284-4f7d-af5c-7645a78503c7\CLTBUILD23&gt;set JunitResultsFile=Tests_COD-Export@Create-GrantDataRequest-Multi-O-All-21_22_Junit.xml &#xD;
&#xD;
C:\Agt6\_work\_temp\TestResults\c2kbuild_CLTBUILD23 2021-04-12 08_12_36\In\6c6cb721-1284-4f7d-af5c-7645a78503c7\CLTBUILD23&gt;newman run "c:\agt6\_work\6\a\api\environment\regapiautomation\testdata\codexport\..\..\..\..\Tests\CODExport\COD-Export@Create-GrantDataRequest.postman_collection.json" -k -d "c:\agt6\_work\6\a\api\environment\regapiautomation\testdata\codexport\COD-Export@Create-GrantDataRequest-Multi-O-All-21_22.data.json" -e "c:\agt6\_work\6\a\api\environment\regapiautomation\testdata\codexport\..\..\RegApiAutoEnvironment.postman_environment.json" -r junit,html --reporter-html-export "Tests_COD-Export@Create-GrantDataRequest-Multi-O-All-21_22_Html.html" --reporter-junit-export "Tests_COD-Export@Create-GrantDataRequest-Multi-O-All-21_22_Junit.xml"</StdOut>
          </Output>
          <ResultFiles>
            <ResultFile path="CLTBUILD23\Tests_COD-Export@Create-GrantDataRequest-Multi-O-All-21_22_Html.html" />
            <ResultFile path="CLTBUILD23\Tests_COD-Export@Create-GrantDataRequest-Multi-O-All-21_22_Junit.xml" />
          </ResultFiles>
        </UnitTestResult>
      </InnerResults>
    </TestResultAggregation>
    <TestResultAggregation executionId="e4bc49c0-0d6c-4200-b587-34d08029f03b" testId="f4d02a8e-8a0d-47c6-bc8e-0838bc8dd1c0" testName="OT-06Y-FISAP-Report-Detail-20_21" computerName="CLTBUILD23" duration="00:01:24.1462860" startTime="2021-04-12T09:10:18.4591072-04:00" endTime="2021-04-12T09:11:42.5971015-04:00" testType="ec4800e8-40e5-4ab3-8510-b8bf29b1904d" outcome="Passed" testListId="8c84fa94-04c1-424b-9868-57a2d4851a1d" relativeResultsDirectory="e4bc49c0-0d6c-4200-b587-34d08029f03b">
      <InnerResults>
        <UnitTestResult executionId="787efcc1-e3f4-4e77-bbba-3c227ed5500a" parentExecutionId="e4bc49c0-0d6c-4200-b587-34d08029f03b" testId="241be051-5a9a-4cc4-a40b-eaeb4ad2254c" testName="01- prereq-fisap-datacorrection@report-detail-20_21-createstudent-generictest (OT-06Y-FISAP-Report-Detail-20_21)" computerName="CLTBUILD23" duration="00:00:07.8599845" startTime="2021-04-12T09:10:18.4611078-04:00" endTime="2021-04-12T09:10:26.3255456-04:00" testType="13cdc9d9-ddb5-4fa4-a97d-d965ccfc6d4b" outcome="Passed" testListId="8c84fa94-04c1-424b-9868-57a2d4851a1d" relativeResultsDirectory="787efcc1-e3f4-4e77-bbba-3c227ed5500a">
          <Output>
            <StdOut>C:\Agt6\_work\_temp\TestResults\c2kbuild_CLTBUILD23 2021-04-12 08_12_36\In\787efcc1-e3f4-4e77-bbba-3c227ed5500a\CLTBUILD23&gt;if not defined TestLocation (set TestLocation=. ) &#xD;
&#xD;
C:\Agt6\_work\_temp\TestResults\c2kbuild_CLTBUILD23 2021-04-12 08_12_36\In\787efcc1-e3f4-4e77-bbba-3c227ed5500a\CLTBUILD23&gt;set CollectionFileName=c:\agt6\_work\6\a\api\environment\regapiautomation\testdata\fisap-datacorrection\prereq-report-detail-20_21\..\..\..\..\..\PreReq\PreReq-CreateStudent.postman_collection.json &#xD;
&#xD;
C:\Agt6\_work\_temp\TestResults\c2kbuild_CLTBUILD23 2021-04-12 08_12_36\In\787efcc1-e3f4-4e77-bbba-3c227ed5500a\CLTBUILD23&gt;set DataFileName=c:\agt6\_work\6\a\api\environment\regapiautomation\testdata\fisap-datacorrection\prereq-report-detail-20_21\PreReq-FISAP-DataCorrection@Report-Detail-20_21-CreateStudent.data.csv &#xD;
&#xD;
C:\Agt6\_work\_temp\TestResults\c2kbuild_CLTBUILD23 2021-04-12 08_12_36\In\787efcc1-e3f4-4e77-bbba-3c227ed5500a\CLTBUILD23&gt;set EnvironmentFilePath=c:\agt6\_work\6\a\api\environment\regapiautomation\testdata\fisap-datacorrection\prereq-report-detail-20_21\..\..\..\RegApiAutoEnvironment.postman_environment.json &#xD;
&#xD;
C:\Agt6\_work\_temp\TestResults\c2kbuild_CLTBUILD23 2021-04-12 08_12_36\In\787efcc1-e3f4-4e77-bbba-3c227ed5500a\CLTBUILD23&gt;set HtmlResultsFile=PreReq-CreateStudent_Html.html &#xD;
&#xD;
C:\Agt6\_work\_temp\TestResults\c2kbuild_CLTBUILD23 2021-04-12 08_12_36\In\787efcc1-e3f4-4e77-bbba-3c227ed5500a\CLTBUILD23&gt;set JunitResultsFile=PreReq-CreateStudent_Junit.xml &#xD;
&#xD;
C:\Agt6\_work\_temp\TestResults\c2kbuild_CLTBUILD23 2021-04-12 08_12_36\In\787efcc1-e3f4-4e77-bbba-3c227ed5500a\CLTBUILD23&gt;newman run "c:\agt6\_work\6\a\api\environment\regapiautomation\testdata\fisap-datacorrection\prereq-report-detail-20_21\..\..\..\..\..\PreReq\PreReq-CreateStudent.postman_collection.json" -k -d "c:\agt6\_work\6\a\api\environment\regapiautomation\testdata\fisap-datacorrection\prereq-report-detail-20_21\PreReq-FISAP-DataCorrection@Report-Detail-20_21-CreateStudent.data.csv" -e "c:\agt6\_work\6\a\api\environment\regapiautomation\testdata\fisap-datacorrection\prereq-report-detail-20_21\..\..\..\RegApiAutoEnvironment.postman_environment.json" -r junit,html --reporter-html-export "PreReq-CreateStudent_Html.html" --reporter-junit-export "PreReq-CreateStudent_Junit.xml"</StdOut>
          </Output>
          <ResultFiles>
            <ResultFile path="CLTBUILD23\PreReq-CreateStudent_Html.html" />
            <ResultFile path="CLTBUILD23\PreReq-CreateStudent_Junit.xml" />
          </ResultFiles>
        </UnitTestResult>
        <UnitTestResult executionId="0694c6df-644c-47f9-a7df-b6e9df89d798" parentExecutionId="e4bc49c0-0d6c-4200-b587-34d08029f03b" testId="9f83467f-e02f-4255-93d9-0e9f25c5e9d4" testName="02- prereq-fisap-datacorrection@report-detail-20_21-importisir-generictest (OT-06Y-FISAP-Report-Detail-20_21)" computerName="CLTBUILD23" duration="00:00:08.5614788" startTime="2021-04-12T09:10:26.3255456-04:00" endTime="2021-04-12T09:10:34.8909384-04:00" testType="13cdc9d9-ddb5-4fa4-a97d-d965ccfc6d4b" outcome="Passed" testListId="8c84fa94-04c1-424b-9868-57a2d4851a1d" relativeResultsDirectory="0694c6df-644c-47f9-a7df-b6e9df89d798">
          <Output>
            <StdOut>C:\Agt6\_work\_temp\TestResults\c2kbuild_CLTBUILD23 2021-04-12 08_12_36\In\0694c6df-644c-47f9-a7df-b6e9df89d798\CLTBUILD23&gt;if not defined TestLocation (set TestLocation=. ) &#xD;
&#xD;
C:\Agt6\_work\_temp\TestResults\c2kbuild_CLTBUILD23 2021-04-12 08_12_36\In\0694c6df-644c-47f9-a7df-b6e9df89d798\CLTBUILD23&gt;set CollectionFileName=c:\agt6\_work\6\a\api\environment\regapiautomation\testdata\fisap-datacorrection\prereq-report-detail-20_21\..\..\..\..\..\PreReq\PreReq-ImportIsir.postman_collection.json &#xD;
&#xD;
C:\Agt6\_work\_temp\TestResults\c2kbuild_CLTBUILD23 2021-04-12 08_12_36\In\0694c6df-644c-47f9-a7df-b6e9df89d798\CLTBUILD23&gt;set DataFileName=c:\agt6\_work\6\a\api\environment\regapiautomation\testdata\fisap-datacorrection\prereq-report-detail-20_21\PreReq-FISAP-DataCorrection@Report-Detail-20_21-ImportIsir.data.json &#xD;
&#xD;
C:\Agt6\_work\_temp\TestResults\c2kbuild_CLTBUILD23 2021-04-12 08_12_36\In\0694c6df-644c-47f9-a7df-b6e9df89d798\CLTBUILD23&gt;set EnvironmentFilePath=c:\agt6\_work\6\a\api\environment\regapiautomation\testdata\fisap-datacorrection\prereq-report-detail-20_21\..\..\..\RegApiAutoEnvironment.postman_environment.json &#xD;
&#xD;
C:\Agt6\_work\_temp\TestResults\c2kbuild_CLTBUILD23 2021-04-12 08_12_36\In\0694c6df-644c-47f9-a7df-b6e9df89d798\CLTBUILD23&gt;set HtmlResultsFile=PreReq-ImportIsir_Html.html &#xD;
&#xD;
C:\Agt6\_work\_temp\TestResults\c2kbuild_CLTBUILD23 2021-04-12 08_12_36\In\0694c6df-644c-47f9-a7df-b6e9df89d798\CLTBUILD23&gt;set JunitResultsFile=PreReq-ImportIsir_Junit.xml &#xD;
&#xD;
C:\Agt6\_work\_temp\TestResults\c2kbuild_CLTBUILD23 2021-04-12 08_12_36\In\0694c6df-644c-47f9-a7df-b6e9df89d798\CLTBUILD23&gt;newman run "c:\agt6\_work\6\a\api\environment\regapiautomation\testdata\fisap-datacorrection\prereq-report-detail-20_21\..\..\..\..\..\PreReq\PreReq-ImportIsir.postman_collection.json" -k -d "c:\agt6\_work\6\a\api\environment\regapiautomation\testdata\fisap-datacorrection\prereq-report-detail-20_21\PreReq-FISAP-DataCorrection@Report-Detail-20_21-ImportIsir.data.json" -e "c:\agt6\_work\6\a\api\environment\regapiautomation\testdata\fisap-datacorrection\prereq-report-detail-20_21\..\..\..\RegApiAutoEnvironment.postman_environment.json" -r junit,html --reporter-html-export "PreReq-ImportIsir_Html.html" --reporter-junit-export "PreReq-ImportIsir_Junit.xml"</StdOut>
          </Output>
          <ResultFiles>
            <ResultFile path="CLTBUILD23\PreReq-ImportIsir_Html.html" />
            <ResultFile path="CLTBUILD23\PreReq-ImportIsir_Junit.xml" />
          </ResultFiles>
        </UnitTestResult>
        <UnitTestResult executionId="e748ff90-6e08-4e52-83d5-e076c2eeeb03" parentExecutionId="e4bc49c0-0d6c-4200-b587-34d08029f03b" testId="84ffa514-b56e-44e9-831c-dbcd4cd8f069" testName="03- prereq-fisap-datacorrection@report-detail-20_21-enrollstudent-generictest (OT-06Y-FISAP-Report-Detail-20_21)" computerName="CLTBUILD23" duration="00:00:12.5384785" startTime="2021-04-12T09:10:34.8909384-04:00" endTime="2021-04-12T09:10:47.4310327-04:00" testType="13cdc9d9-ddb5-4fa4-a97d-d965ccfc6d4b" outcome="Passed" testListId="8c84fa94-04c1-424b-9868-57a2d4851a1d" relativeResultsDirectory="e748ff90-6e08-4e52-83d5-e076c2eeeb03">
          <Output>
            <StdOut>C:\Agt6\_work\_temp\TestResults\c2kbuild_CLTBUILD23 2021-04-12 08_12_36\In\e748ff90-6e08-4e52-83d5-e076c2eeeb03\CLTBUILD23&gt;if not defined TestLocation (set TestLocation=. ) &#xD;
&#xD;
C:\Agt6\_work\_temp\TestResults\c2kbuild_CLTBUILD23 2021-04-12 08_12_36\In\e748ff90-6e08-4e52-83d5-e076c2eeeb03\CLTBUILD23&gt;set CollectionFileName=c:\agt6\_work\6\a\api\environment\regapiautomation\testdata\fisap-datacorrection\prereq-report-detail-20_21\..\..\..\..\..\PreReq\PreReq-EnrollStudent.postman_collection.json &#xD;
&#xD;
C:\Agt6\_work\_temp\TestResults\c2kbuild_CLTBUILD23 2021-04-12 08_12_36\In\e748ff90-6e08-4e52-83d5-e076c2eeeb03\CLTBUILD23&gt;set DataFileName=c:\agt6\_work\6\a\api\environment\regapiautomation\testdata\fisap-datacorrection\prereq-report-detail-20_21\PreReq-FISAP-DataCorrection@Report-Detail-20_21-EnrollStudent.data.csv &#xD;
&#xD;
C:\Agt6\_work\_temp\TestResults\c2kbuild_CLTBUILD23 2021-04-12 08_12_36\In\e748ff90-6e08-4e52-83d5-e076c2eeeb03\CLTBUILD23&gt;set EnvironmentFilePath=c:\agt6\_work\6\a\api\environment\regapiautomation\testdata\fisap-datacorrection\prereq-report-detail-20_21\..\..\..\RegApiAutoEnvironment.postman_environment.json &#xD;
&#xD;
C:\Agt6\_work\_temp\TestResults\c2kbuild_CLTBUILD23 2021-04-12 08_12_36\In\e748ff90-6e08-4e52-83d5-e076c2eeeb03\CLTBUILD23&gt;set HtmlResultsFile=PreReq-EnrollStudent_Html.html &#xD;
&#xD;
C:\Agt6\_work\_temp\TestResults\c2kbuild_CLTBUILD23 2021-04-12 08_12_36\In\e748ff90-6e08-4e52-83d5-e076c2eeeb03\CLTBUILD23&gt;set JunitResultsFile=PreReq-EnrollStudent_Junit.xml &#xD;
&#xD;
C:\Agt6\_work\_temp\TestResults\c2kbuild_CLTBUILD23 2021-04-12 08_12_36\In\e748ff90-6e08-4e52-83d5-e076c2eeeb03\CLTBUILD23&gt;newman run "c:\agt6\_work\6\a\api\environment\regapiautomation\testdata\fisap-datacorrection\prereq-report-detail-20_21\..\..\..\..\..\PreReq\PreReq-EnrollStudent.postman_collection.json" -k -d "c:\agt6\_work\6\a\api\environment\regapiautomation\testdata\fisap-datacorrection\prereq-report-detail-20_21\PreReq-FISAP-DataCorrection@Report-Detail-20_21-EnrollStudent.data.csv" -e "c:\agt6\_work\6\a\api\environment\regapiautomation\testdata\fisap-datacorrection\prereq-report-detail-20_21\..\..\..\RegApiAutoEnvironment.postman_environment.json" -r junit,html --reporter-html-export "PreReq-EnrollStudent_Html.html" --reporter-junit-export "PreReq-EnrollStudent_Junit.xml"</StdOut>
          </Output>
          <ResultFiles>
            <ResultFile path="CLTBUILD23\PreReq-EnrollStudent_Html.html" />
            <ResultFile path="CLTBUILD23\PreReq-EnrollStudent_Junit.xml" />
          </ResultFiles>
        </UnitTestResult>
        <UnitTestResult executionId="ef780125-51d4-465d-80b4-24ddea3db5d9" parentExecutionId="e4bc49c0-0d6c-4200-b587-34d08029f03b" testId="53627ac5-ea39-40bc-8aa6-b08739614696" testName="04- prereq-fisap-datacorrection@report-detail-20_21-seteffectivedate-generictest (OT-06Y-FISAP-Report-Detail-20_21)" computerName="CLTBUILD23" duration="00:00:05.4404137" startTime="2021-04-12T09:10:47.4310327-04:00" endTime="2021-04-12T09:10:52.8726491-04:00" testType="13cdc9d9-ddb5-4fa4-a97d-d965ccfc6d4b" outcome="Passed" testListId="8c84fa94-04c1-424b-9868-57a2d4851a1d" relativeResultsDirectory="ef780125-51d4-465d-80b4-24ddea3db5d9">
          <Output>
            <StdOut>C:\Agt6\_work\_temp\TestResults\c2kbuild_CLTBUILD23 2021-04-12 08_12_36\In\ef780125-51d4-465d-80b4-24ddea3db5d9\CLTBUILD23&gt;if not defined TestLocation (set TestLocation=. ) &#xD;
&#xD;
C:\Agt6\_work\_temp\TestResults\c2kbuild_CLTBUILD23 2021-04-12 08_12_36\In\ef780125-51d4-465d-80b4-24ddea3db5d9\CLTBUILD23&gt;set CollectionFileName=c:\agt6\_work\6\a\api\environment\regapiautomation\testdata\fisap-datacorrection\prereq-report-detail-20_21\..\..\..\..\..\PreReq\PreReq-SetEffectiveDateAfterStudentEnroll.postman_collection.json &#xD;
&#xD;
C:\Agt6\_work\_temp\TestResults\c2kbuild_CLTBUILD23 2021-04-12 08_12_36\In\ef780125-51d4-465d-80b4-24ddea3db5d9\CLTBUILD23&gt;set DataFileName=c:\agt6\_work\6\a\api\environment\regapiautomation\testdata\fisap-datacorrection\prereq-report-detail-20_21\PreReq-FISAP-DataCorrection@Report-Detail-20_21-SetEffectiveDate.data.json &#xD;
&#xD;
C:\Agt6\_work\_temp\TestResults\c2kbuild_CLTBUILD23 2021-04-12 08_12_36\In\ef780125-51d4-465d-80b4-24ddea3db5d9\CLTBUILD23&gt;set EnvironmentFilePath=c:\agt6\_work\6\a\api\environment\regapiautomation\testdata\fisap-datacorrection\prereq-report-detail-20_21\..\..\..\RegApiAutoEnvironment.postman_environment.json &#xD;
&#xD;
C:\Agt6\_work\_temp\TestResults\c2kbuild_CLTBUILD23 2021-04-12 08_12_36\In\ef780125-51d4-465d-80b4-24ddea3db5d9\CLTBUILD23&gt;set HtmlResultsFile=SetEffectiveDate_Html.html &#xD;
&#xD;
C:\Agt6\_work\_temp\TestResults\c2kbuild_CLTBUILD23 2021-04-12 08_12_36\In\ef780125-51d4-465d-80b4-24ddea3db5d9\CLTBUILD23&gt;set JunitResultsFile=SetEffectiveDate_Junit.xml &#xD;
&#xD;
C:\Agt6\_work\_temp\TestResults\c2kbuild_CLTBUILD23 2021-04-12 08_12_36\In\ef780125-51d4-465d-80b4-24ddea3db5d9\CLTBUILD23&gt;newman run "c:\agt6\_work\6\a\api\environment\regapiautomation\testdata\fisap-datacorrection\prereq-report-detail-20_21\..\..\..\..\..\PreReq\PreReq-SetEffectiveDateAfterStudentEnroll.postman_collection.json" -k -d "c:\agt6\_work\6\a\api\environment\regapiautomation\testdata\fisap-datacorrection\prereq-report-detail-20_21\PreReq-FISAP-DataCorrection@Report-Detail-20_21-SetEffectiveDate.data.json" -e "c:\agt6\_work\6\a\api\environment\regapiautomation\testdata\fisap-datacorrection\prereq-report-detail-20_21\..\..\..\RegApiAutoEnvironment.postman_environment.json" -r junit,html --reporter-html-export "SetEffectiveDate_Html.html" --reporter-junit-export "SetEffectiveDate_Junit.xml"</StdOut>
          </Output>
          <ResultFiles>
            <ResultFile path="CLTBUILD23\SetEffectiveDate_Html.html" />
            <ResultFile path="CLTBUILD23\SetEffectiveDate_Junit.xml" />
          </ResultFiles>
        </UnitTestResult>
        <UnitTestResult executionId="7ebaac44-8412-498f-a83e-61339c339259" parentExecutionId="e4bc49c0-0d6c-4200-b587-34d08029f03b" testId="6d79c5dc-b8c1-45e7-a98c-f918b81745d1" testName="05- prereq-fisap-datacorrection@report-detail-20_21-registerclassandpostattendance-generictest (OT-06Y-FISAP-Report-Detail-20_21)" computerName="CLTBUILD23" duration="00:00:08.5702589" startTime="2021-04-12T09:10:52.8726491-04:00" endTime="2021-04-12T09:11:01.4450383-04:00" testType="13cdc9d9-ddb5-4fa4-a97d-d965ccfc6d4b" outcome="Passed" testListId="8c84fa94-04c1-424b-9868-57a2d4851a1d" relativeResultsDirectory="7ebaac44-8412-498f-a83e-61339c339259">
          <Output>
            <StdOut>C:\Agt6\_work\_temp\TestResults\c2kbuild_CLTBUILD23 2021-04-12 08_12_36\In\7ebaac44-8412-498f-a83e-61339c339259\CLTBUILD23&gt;if not defined TestLocation (set TestLocation=. ) &#xD;
&#xD;
C:\Agt6\_work\_temp\TestResults\c2kbuild_CLTBUILD23 2021-04-12 08_12_36\In\7ebaac44-8412-498f-a83e-61339c339259\CLTBUILD23&gt;set CollectionFileName=c:\agt6\_work\6\a\api\environment\regapiautomation\testdata\fisap-datacorrection\prereq-report-detail-20_21\..\..\..\..\..\PreReq\PreReq-RegisterClassAndPostAttendanceForStudent.postman_collection.json &#xD;
&#xD;
C:\Agt6\_work\_temp\TestResults\c2kbuild_CLTBUILD23 2021-04-12 08_12_36\In\7ebaac44-8412-498f-a83e-61339c339259\CLTBUILD23&gt;set DataFileName=c:\agt6\_work\6\a\api\environment\regapiautomation\testdata\fisap-datacorrection\prereq-report-detail-20_21\PreReq-FISAP-DataCorrection@Report-Detail-20_21-RegisterClassAndPostAttendance.csv &#xD;
&#xD;
C:\Agt6\_work\_temp\TestResults\c2kbuild_CLTBUILD23 2021-04-12 08_12_36\In\7ebaac44-8412-498f-a83e-61339c339259\CLTBUILD23&gt;set EnvironmentFilePath=c:\agt6\_work\6\a\api\environment\regapiautomation\testdata\fisap-datacorrection\prereq-report-detail-20_21\..\..\..\RegApiAutoEnvironment.postman_environment.json &#xD;
&#xD;
C:\Agt6\_work\_temp\TestResults\c2kbuild_CLTBUILD23 2021-04-12 08_12_36\In\7ebaac44-8412-498f-a83e-61339c339259\CLTBUILD23&gt;set HtmlResultsFile=PreReq-RegisterClassAndPostAttendance_Html.html &#xD;
&#xD;
C:\Agt6\_work\_temp\TestResults\c2kbuild_CLTBUILD23 2021-04-12 08_12_36\In\7ebaac44-8412-498f-a83e-61339c339259\CLTBUILD23&gt;set JunitResultsFile=PreReq-RegisterClassAndPostAttendance_Junit.xml &#xD;
&#xD;
C:\Agt6\_work\_temp\TestResults\c2kbuild_CLTBUILD23 2021-04-12 08_12_36\In\7ebaac44-8412-498f-a83e-61339c339259\CLTBUILD23&gt;newman run "c:\agt6\_work\6\a\api\environment\regapiautomation\testdata\fisap-datacorrection\prereq-report-detail-20_21\..\..\..\..\..\PreReq\PreReq-RegisterClassAndPostAttendanceForStudent.postman_collection.json" -k -d "c:\agt6\_work\6\a\api\environment\regapiautomation\testdata\fisap-datacorrection\prereq-report-detail-20_21\PreReq-FISAP-DataCorrection@Report-Detail-20_21-RegisterClassAndPostAttendance.csv" -e "c:\agt6\_work\6\a\api\environment\regapiautomation\testdata\fisap-datacorrection\prereq-report-detail-20_21\..\..\..\RegApiAutoEnvironment.postman_environment.json" -r junit,html --reporter-html-export "PreReq-RegisterClassAndPostAttendance_Html.html" --reporter-junit-export "PreReq-RegisterClassAndPostAttendance_Junit.xml"</StdOut>
          </Output>
          <ResultFiles>
            <ResultFile path="CLTBUILD23\PreReq-RegisterClassAndPostAttendance_Html.html" />
            <ResultFile path="CLTBUILD23\PreReq-RegisterClassAndPostAttendance_Junit.xml" />
          </ResultFiles>
        </UnitTestResult>
        <UnitTestResult executionId="bfbb5a88-40cf-4305-8493-21f28153c30a" parentExecutionId="e4bc49c0-0d6c-4200-b587-34d08029f03b" testId="2b0bc69b-eac3-409d-8c4b-0df094533ddd" testName="06- prereq-fisap-datacorrection@report-detail-20_21-updatebudgetforacademicyearforpackaging-generictest (OT-06Y-FISAP-Report-Detail-20_21)" computerName="CLTBUILD23" duration="00:00:08.5239811" startTime="2021-04-12T09:11:01.4460406-04:00" endTime="2021-04-12T09:11:09.9744286-04:00" testType="13cdc9d9-ddb5-4fa4-a97d-d965ccfc6d4b" outcome="Passed" testListId="8c84fa94-04c1-424b-9868-57a2d4851a1d" relativeResultsDirectory="bfbb5a88-40cf-4305-8493-21f28153c30a">
          <Output>
            <StdOut>C:\Agt6\_work\_temp\TestResults\c2kbuild_CLTBUILD23 2021-04-12 08_12_36\In\bfbb5a88-40cf-4305-8493-21f28153c30a\CLTBUILD23&gt;if not defined TestLocation (set TestLocation=. ) &#xD;
&#xD;
C:\Agt6\_work\_temp\TestResults\c2kbuild_CLTBUILD23 2021-04-12 08_12_36\In\bfbb5a88-40cf-4305-8493-21f28153c30a\CLTBUILD23&gt;set CollectionFileName=c:\agt6\_work\6\a\api\environment\regapiautomation\testdata\fisap-datacorrection\prereq-report-detail-20_21\..\..\..\..\..\PreReq\PreReq-UpdateBudgetForAcademicYearForPackaging.postman_collection.json &#xD;
&#xD;
C:\Agt6\_work\_temp\TestResults\c2kbuild_CLTBUILD23 2021-04-12 08_12_36\In\bfbb5a88-40cf-4305-8493-21f28153c30a\CLTBUILD23&gt;set DataFileName=c:\agt6\_work\6\a\api\environment\regapiautomation\testdata\fisap-datacorrection\prereq-report-detail-20_21\PreReq-FISAP-DataCorrection@Report-Detail-20_21-UpdateBudgetForAcademicYearForPackaging.data.csv &#xD;
&#xD;
C:\Agt6\_work\_temp\TestResults\c2kbuild_CLTBUILD23 2021-04-12 08_12_36\In\bfbb5a88-40cf-4305-8493-21f28153c30a\CLTBUILD23&gt;set EnvironmentFilePath=c:\agt6\_work\6\a\api\environment\regapiautomation\testdata\fisap-datacorrection\prereq-report-detail-20_21\..\..\..\RegApiAutoEnvironment.postman_environment.json &#xD;
&#xD;
C:\Agt6\_work\_temp\TestResults\c2kbuild_CLTBUILD23 2021-04-12 08_12_36\In\bfbb5a88-40cf-4305-8493-21f28153c30a\CLTBUILD23&gt;set HtmlResultsFile=PreReq-UpdateBudgetForAcademicYearForPackaging_Html.html &#xD;
&#xD;
C:\Agt6\_work\_temp\TestResults\c2kbuild_CLTBUILD23 2021-04-12 08_12_36\In\bfbb5a88-40cf-4305-8493-21f28153c30a\CLTBUILD23&gt;set JunitResultsFile=PreReq-UpdateBudgetForAcademicYearForPackaging_Junit.xml &#xD;
&#xD;
C:\Agt6\_work\_temp\TestResults\c2kbuild_CLTBUILD23 2021-04-12 08_12_36\In\bfbb5a88-40cf-4305-8493-21f28153c30a\CLTBUILD23&gt;newman run "c:\agt6\_work\6\a\api\environment\regapiautomation\testdata\fisap-datacorrection\prereq-report-detail-20_21\..\..\..\..\..\PreReq\PreReq-UpdateBudgetForAcademicYearForPackaging.postman_collection.json" -k -d "c:\agt6\_work\6\a\api\environment\regapiautomation\testdata\fisap-datacorrection\prereq-report-detail-20_21\PreReq-FISAP-DataCorrection@Report-Detail-20_21-UpdateBudgetForAcademicYearForPackaging.data.csv" -e "c:\agt6\_work\6\a\api\environment\regapiautomation\testdata\fisap-datacorrection\prereq-report-detail-20_21\..\..\..\RegApiAutoEnvironment.postman_environment.json" -r junit,html --reporter-html-export "PreReq-UpdateBudgetForAcademicYearForPackaging_Html.html" --reporter-junit-export "PreReq-UpdateBudgetForAcademicYearForPackaging_Junit.xml"</StdOut>
          </Output>
          <ResultFiles>
            <ResultFile path="CLTBUILD23\PreReq-UpdateBudgetForAcademicYearForPackaging_Html.html" />
            <ResultFile path="CLTBUILD23\PreReq-UpdateBudgetForAcademicYearForPackaging_Junit.xml" />
          </ResultFiles>
        </UnitTestResult>
        <UnitTestResult executionId="ebb33679-4da2-4b7a-913c-e567e0230179" parentExecutionId="e4bc49c0-0d6c-4200-b587-34d08029f03b" testId="134cfa5c-b86c-4c11-b651-1f94d9ff3143" testName="07- prereq-fisap-datacorrection@report-detail-20_21-awardgrantforpackaging-generictest (OT-06Y-FISAP-Report-Detail-20_21)" computerName="CLTBUILD23" duration="00:00:09.5652787" startTime="2021-04-12T09:11:09.9754319-04:00" endTime="2021-04-12T09:11:19.5417440-04:00" testType="13cdc9d9-ddb5-4fa4-a97d-d965ccfc6d4b" outcome="Passed" testListId="8c84fa94-04c1-424b-9868-57a2d4851a1d" relativeResultsDirectory="ebb33679-4da2-4b7a-913c-e567e0230179">
          <Output>
            <StdOut>C:\Agt6\_work\_temp\TestResults\c2kbuild_CLTBUILD23 2021-04-12 08_12_36\In\ebb33679-4da2-4b7a-913c-e567e0230179\CLTBUILD23&gt;if not defined TestLocation (set TestLocation=. ) &#xD;
&#xD;
C:\Agt6\_work\_temp\TestResults\c2kbuild_CLTBUILD23 2021-04-12 08_12_36\In\ebb33679-4da2-4b7a-913c-e567e0230179\CLTBUILD23&gt;set CollectionFileName=c:\agt6\_work\6\a\api\environment\regapiautomation\testdata\fisap-datacorrection\prereq-report-detail-20_21\..\..\..\..\..\PreReq\PreReq-AwardGrantForPackaging.postman_collection.json &#xD;
&#xD;
C:\Agt6\_work\_temp\TestResults\c2kbuild_CLTBUILD23 2021-04-12 08_12_36\In\ebb33679-4da2-4b7a-913c-e567e0230179\CLTBUILD23&gt;set DataFileName=c:\agt6\_work\6\a\api\environment\regapiautomation\testdata\fisap-datacorrection\prereq-report-detail-20_21\PreReq-FISAP-DataCorrection@Report-Detail-20_21-AwardGrantForPackaging.data.csv &#xD;
&#xD;
C:\Agt6\_work\_temp\TestResults\c2kbuild_CLTBUILD23 2021-04-12 08_12_36\In\ebb33679-4da2-4b7a-913c-e567e0230179\CLTBUILD23&gt;set EnvironmentFilePath=c:\agt6\_work\6\a\api\environment\regapiautomation\testdata\fisap-datacorrection\prereq-report-detail-20_21\..\..\..\RegApiAutoEnvironment.postman_environment.json &#xD;
&#xD;
C:\Agt6\_work\_temp\TestResults\c2kbuild_CLTBUILD23 2021-04-12 08_12_36\In\ebb33679-4da2-4b7a-913c-e567e0230179\CLTBUILD23&gt;set HtmlResultsFile=PreReq-AwardGrantForPackaging_Html.html &#xD;
&#xD;
C:\Agt6\_work\_temp\TestResults\c2kbuild_CLTBUILD23 2021-04-12 08_12_36\In\ebb33679-4da2-4b7a-913c-e567e0230179\CLTBUILD23&gt;set JunitResultsFile=PreReq-AwardGrantForPackaging_Junit.xml &#xD;
&#xD;
C:\Agt6\_work\_temp\TestResults\c2kbuild_CLTBUILD23 2021-04-12 08_12_36\In\ebb33679-4da2-4b7a-913c-e567e0230179\CLTBUILD23&gt;newman run "c:\agt6\_work\6\a\api\environment\regapiautomation\testdata\fisap-datacorrection\prereq-report-detail-20_21\..\..\..\..\..\PreReq\PreReq-AwardGrantForPackaging.postman_collection.json" -k -d "c:\agt6\_work\6\a\api\environment\regapiautomation\testdata\fisap-datacorrection\prereq-report-detail-20_21\PreReq-FISAP-DataCorrection@Report-Detail-20_21-AwardGrantForPackaging.data.csv" -e "c:\agt6\_work\6\a\api\environment\regapiautomation\testdata\fisap-datacorrection\prereq-report-detail-20_21\..\..\..\RegApiAutoEnvironment.postman_environment.json" -r junit,html --reporter-html-export "PreReq-AwardGrantForPackaging_Html.html" --reporter-junit-export "PreReq-AwardGrantForPackaging_Junit.xml"</StdOut>
          </Output>
          <ResultFiles>
            <ResultFile path="CLTBUILD23\PreReq-AwardGrantForPackaging_Html.html" />
            <ResultFile path="CLTBUILD23\PreReq-AwardGrantForPackaging_Junit.xml" />
          </ResultFiles>
        </UnitTestResult>
        <UnitTestResult executionId="67a9e108-7578-4380-83d6-d6eb3692ead5" parentExecutionId="e4bc49c0-0d6c-4200-b587-34d08029f03b" testId="e7d4f10f-6dc9-46e4-af74-2e6f1345b010" testName="08- prereq-fisap-datacorrection@report-detail-20_21-postpaymentledgercard-generictest (OT-06Y-FISAP-Report-Detail-20_21)" computerName="CLTBUILD23" duration="00:00:08.1466510" startTime="2021-04-12T09:11:19.5427459-04:00" endTime="2021-04-12T09:11:27.6971633-04:00" testType="13cdc9d9-ddb5-4fa4-a97d-d965ccfc6d4b" outcome="Passed" testListId="8c84fa94-04c1-424b-9868-57a2d4851a1d" relativeResultsDirectory="67a9e108-7578-4380-83d6-d6eb3692ead5">
          <Output>
            <StdOut>C:\Agt6\_work\_temp\TestResults\c2kbuild_CLTBUILD23 2021-04-12 08_12_36\In\67a9e108-7578-4380-83d6-d6eb3692ead5\CLTBUILD23&gt;if not defined TestLocation (set TestLocation=. ) &#xD;
&#xD;
C:\Agt6\_work\_temp\TestResults\c2kbuild_CLTBUILD23 2021-04-12 08_12_36\In\67a9e108-7578-4380-83d6-d6eb3692ead5\CLTBUILD23&gt;set CollectionFileName=c:\agt6\_work\6\a\api\environment\regapiautomation\testdata\fisap-datacorrection\prereq-report-detail-20_21\..\..\..\..\..\PreReq\PreReq-PostPaymentLedgerCard.postman_collection.json &#xD;
&#xD;
C:\Agt6\_work\_temp\TestResults\c2kbuild_CLTBUILD23 2021-04-12 08_12_36\In\67a9e108-7578-4380-83d6-d6eb3692ead5\CLTBUILD23&gt;set DataFileName=c:\agt6\_work\6\a\api\environment\regapiautomation\testdata\fisap-datacorrection\prereq-report-detail-20_21\PreReq-FISAP-DataCorrection@Report-Detail-20_21-PostPaymentLedgerCard.data.json &#xD;
&#xD;
C:\Agt6\_work\_temp\TestResults\c2kbuild_CLTBUILD23 2021-04-12 08_12_36\In\67a9e108-7578-4380-83d6-d6eb3692ead5\CLTBUILD23&gt;set EnvironmentFilePath=c:\agt6\_work\6\a\api\environment\regapiautomation\testdata\fisap-datacorrection\prereq-report-detail-20_21\..\..\..\RegApiAutoEnvironment.postman_environment.json &#xD;
&#xD;
C:\Agt6\_work\_temp\TestResults\c2kbuild_CLTBUILD23 2021-04-12 08_12_36\In\67a9e108-7578-4380-83d6-d6eb3692ead5\CLTBUILD23&gt;set HtmlResultsFile=PreReq-PostPaymentLedgerCard_Html.html &#xD;
&#xD;
C:\Agt6\_work\_temp\TestResults\c2kbuild_CLTBUILD23 2021-04-12 08_12_36\In\67a9e108-7578-4380-83d6-d6eb3692ead5\CLTBUILD23&gt;set JunitResultsFile=PreReq-PostPaymentLdegerCard_Junit.xml &#xD;
&#xD;
C:\Agt6\_work\_temp\TestResults\c2kbuild_CLTBUILD23 2021-04-12 08_12_36\In\67a9e108-7578-4380-83d6-d6eb3692ead5\CLTBUILD23&gt;newman run "c:\agt6\_work\6\a\api\environment\regapiautomation\testdata\fisap-datacorrection\prereq-report-detail-20_21\..\..\..\..\..\PreReq\PreReq-PostPaymentLedgerCard.postman_collection.json" -k -d "c:\agt6\_work\6\a\api\environment\regapiautomation\testdata\fisap-datacorrection\prereq-report-detail-20_21\PreReq-FISAP-DataCorrection@Report-Detail-20_21-PostPaymentLedgerCard.data.json" -e "c:\agt6\_work\6\a\api\environment\regapiautomation\testdata\fisap-datacorrection\prereq-report-detail-20_21\..\..\..\RegApiAutoEnvironment.postman_environment.json" -r junit,html --reporter-html-export "PreReq-PostPaymentLedgerCard_Html.html" --reporter-junit-export "PreReq-PostPaymentLdegerCard_Junit.xml"</StdOut>
          </Output>
          <ResultFiles>
            <ResultFile path="CLTBUILD23\PreReq-PostPaymentLdegerCard_Junit.xml" />
            <ResultFile path="CLTBUILD23\PreReq-PostPaymentLedgerCard_Html.html" />
          </ResultFiles>
        </UnitTestResult>
        <UnitTestResult executionId="b09552c8-7243-4113-a64a-e68972c8fd9d" parentExecutionId="e4bc49c0-0d6c-4200-b587-34d08029f03b" testId="5e96b3dd-38e5-474d-99b5-75035f2fef5e" testName="09- prereq-fisap-datacorrection@report-detail-20_21-changestudentstatus-generictest (OT-06Y-FISAP-Report-Detail-20_21)" computerName="CLTBUILD23" duration="00:00:06.6319639" startTime="2021-04-12T09:11:27.6981643-04:00" endTime="2021-04-12T09:11:34.3316955-04:00" testType="13cdc9d9-ddb5-4fa4-a97d-d965ccfc6d4b" outcome="Passed" testListId="8c84fa94-04c1-424b-9868-57a2d4851a1d" relativeResultsDirectory="b09552c8-7243-4113-a64a-e68972c8fd9d">
          <Output>
            <StdOut>C:\Agt6\_work\_temp\TestResults\c2kbuild_CLTBUILD23 2021-04-12 08_12_36\In\b09552c8-7243-4113-a64a-e68972c8fd9d\CLTBUILD23&gt;if not defined TestLocation (set TestLocation=. ) &#xD;
&#xD;
C:\Agt6\_work\_temp\TestResults\c2kbuild_CLTBUILD23 2021-04-12 08_12_36\In\b09552c8-7243-4113-a64a-e68972c8fd9d\CLTBUILD23&gt;set CollectionFileName=c:\agt6\_work\6\a\api\environment\regapiautomation\testdata\fisap-datacorrection\prereq-report-detail-20_21\..\..\..\..\..\PreReq\PreReq-GraduateStudentStatus.postman_collection.json &#xD;
&#xD;
C:\Agt6\_work\_temp\TestResults\c2kbuild_CLTBUILD23 2021-04-12 08_12_36\In\b09552c8-7243-4113-a64a-e68972c8fd9d\CLTBUILD23&gt;set DataFileName=c:\agt6\_work\6\a\api\environment\regapiautomation\testdata\fisap-datacorrection\prereq-report-detail-20_21\PreReq-FISAP-DataCorrection@Report-Detail-20_21-ChangeStudentStatus.data.json &#xD;
&#xD;
C:\Agt6\_work\_temp\TestResults\c2kbuild_CLTBUILD23 2021-04-12 08_12_36\In\b09552c8-7243-4113-a64a-e68972c8fd9d\CLTBUILD23&gt;set EnvironmentFilePath=c:\agt6\_work\6\a\api\environment\regapiautomation\testdata\fisap-datacorrection\prereq-report-detail-20_21\..\..\..\RegApiAutoEnvironment.postman_environment.json &#xD;
&#xD;
C:\Agt6\_work\_temp\TestResults\c2kbuild_CLTBUILD23 2021-04-12 08_12_36\In\b09552c8-7243-4113-a64a-e68972c8fd9d\CLTBUILD23&gt;set HtmlResultsFile=PreReq-ChangeStudentStatus_Html.html &#xD;
&#xD;
C:\Agt6\_work\_temp\TestResults\c2kbuild_CLTBUILD23 2021-04-12 08_12_36\In\b09552c8-7243-4113-a64a-e68972c8fd9d\CLTBUILD23&gt;set JunitResultsFile=PreReq-ChangeStudentStatus_Junit.xml &#xD;
&#xD;
C:\Agt6\_work\_temp\TestResults\c2kbuild_CLTBUILD23 2021-04-12 08_12_36\In\b09552c8-7243-4113-a64a-e68972c8fd9d\CLTBUILD23&gt;newman run "c:\agt6\_work\6\a\api\environment\regapiautomation\testdata\fisap-datacorrection\prereq-report-detail-20_21\..\..\..\..\..\PreReq\PreReq-GraduateStudentStatus.postman_collection.json" -k -d "c:\agt6\_work\6\a\api\environment\regapiautomation\testdata\fisap-datacorrection\prereq-report-detail-20_21\PreReq-FISAP-DataCorrection@Report-Detail-20_21-ChangeStudentStatus.data.json" -e "c:\agt6\_work\6\a\api\environment\regapiautomation\testdata\fisap-datacorrection\prereq-report-detail-20_21\..\..\..\RegApiAutoEnvironment.postman_environment.json" -r junit,html --reporter-html-export "PreReq-ChangeStudentStatus_Html.html" --reporter-junit-export "PreReq-ChangeStudentStatus_Junit.xml"</StdOut>
          </Output>
          <ResultFiles>
            <ResultFile path="CLTBUILD23\PreReq-ChangeStudentStatus_Html.html" />
            <ResultFile path="CLTBUILD23\PreReq-ChangeStudentStatus_Junit.xml" />
          </ResultFiles>
        </UnitTestResult>
        <UnitTestResult executionId="890d070e-c65f-4c00-93aa-618c05ae1d41" parentExecutionId="e4bc49c0-0d6c-4200-b587-34d08029f03b" testId="32da9a91-5394-4875-b7d4-d42b6adef017" testName="10- fisap-datacorrection@report-detail-20_21-generictest (OT-06Y-FISAP-Report-Detail-20_21)" computerName="CLTBUILD23" duration="00:00:08.2604298" startTime="2021-04-12T09:11:34.3356945-04:00" endTime="2021-04-12T09:11:42.5960988-04:00" testType="13cdc9d9-ddb5-4fa4-a97d-d965ccfc6d4b" outcome="Passed" testListId="8c84fa94-04c1-424b-9868-57a2d4851a1d" relativeResultsDirectory="890d070e-c65f-4c00-93aa-618c05ae1d41">
          <Output>
            <StdOut>C:\Agt6\_work\_temp\TestResults\c2kbuild_CLTBUILD23 2021-04-12 08_12_36\In\890d070e-c65f-4c00-93aa-618c05ae1d41\CLTBUILD23&gt;if not defined TestLocation (set TestLocation=. ) &#xD;
&#xD;
C:\Agt6\_work\_temp\TestResults\c2kbuild_CLTBUILD23 2021-04-12 08_12_36\In\890d070e-c65f-4c00-93aa-618c05ae1d41\CLTBUILD23&gt;set CollectionFileName=c:\agt6\_work\6\a\api\environment\regapiautomation\testdata\fisap-datacorrection\..\..\..\..\Tests\FISAP-DataCorrection\FISAP-DataCorrection@Report-Detail.postman_collection.json &#xD;
&#xD;
C:\Agt6\_work\_temp\TestResults\c2kbuild_CLTBUILD23 2021-04-12 08_12_36\In\890d070e-c65f-4c00-93aa-618c05ae1d41\CLTBUILD23&gt;set DataFileName=c:\agt6\_work\6\a\api\environment\regapiautomation\testdata\fisap-datacorrection\FISAP-DataCorrection@Report-Detail-20_21.data.json &#xD;
&#xD;
C:\Agt6\_work\_temp\TestResults\c2kbuild_CLTBUILD23 2021-04-12 08_12_36\In\890d070e-c65f-4c00-93aa-618c05ae1d41\CLTBUILD23&gt;set EnvironmentFilePath=c:\agt6\_work\6\a\api\environment\regapiautomation\testdata\fisap-datacorrection\..\..\RegApiAutoEnvironment.postman_environment.json &#xD;
&#xD;
C:\Agt6\_work\_temp\TestResults\c2kbuild_CLTBUILD23 2021-04-12 08_12_36\In\890d070e-c65f-4c00-93aa-618c05ae1d41\CLTBUILD23&gt;set HtmlResultsFile=FISAP-DataCorrection@ResolveDep-20_21-Html.html &#xD;
&#xD;
C:\Agt6\_work\_temp\TestResults\c2kbuild_CLTBUILD23 2021-04-12 08_12_36\In\890d070e-c65f-4c00-93aa-618c05ae1d41\CLTBUILD23&gt;set JunitResultsFile=FISAP-DataCorrection@ResolveDep-20_21-Junit.xml &#xD;
&#xD;
C:\Agt6\_work\_temp\TestResults\c2kbuild_CLTBUILD23 2021-04-12 08_12_36\In\890d070e-c65f-4c00-93aa-618c05ae1d41\CLTBUILD23&gt;newman run "c:\agt6\_work\6\a\api\environment\regapiautomation\testdata\fisap-datacorrection\..\..\..\..\Tests\FISAP-DataCorrection\FISAP-DataCorrection@Report-Detail.postman_collection.json" -k -d "c:\agt6\_work\6\a\api\environment\regapiautomation\testdata\fisap-datacorrection\FISAP-DataCorrection@Report-Detail-20_21.data.json" -e "c:\agt6\_work\6\a\api\environment\regapiautomation\testdata\fisap-datacorrection\..\..\RegApiAutoEnvironment.postman_environment.json" -r junit,html --reporter-html-export "FISAP-DataCorrection@ResolveDep-20_21-Html.html" --reporter-junit-export "FISAP-DataCorrection@ResolveDep-20_21-Junit.xml"</StdOut>
          </Output>
          <ResultFiles>
            <ResultFile path="CLTBUILD23\FISAP-DataCorrection@ResolveDep-20_21-Html.html" />
            <ResultFile path="CLTBUILD23\FISAP-DataCorrection@ResolveDep-20_21-Junit.xml" />
          </ResultFiles>
        </UnitTestResult>
      </InnerResults>
    </TestResultAggregation>
    <TestResultAggregation executionId="ba8c0425-1a9e-43f4-bc5d-07922547af4a" testId="3e1f2209-7034-4508-b8ba-cb0bf37c9c06" testName="OT-06V-FISAP-ResolveDep-19_20" computerName="CLTBUILD23" duration="00:01:19.2590890" startTime="2021-04-12T09:04:02.9476541-04:00" endTime="2021-04-12T09:05:22.1999010-04:00" testType="ec4800e8-40e5-4ab3-8510-b8bf29b1904d" outcome="Passed" testListId="8c84fa94-04c1-424b-9868-57a2d4851a1d" relativeResultsDirectory="ba8c0425-1a9e-43f4-bc5d-07922547af4a">
      <InnerResults>
        <UnitTestResult executionId="7a463b03-6029-4d18-9ed4-fe4bf2b5e5a0" parentExecutionId="ba8c0425-1a9e-43f4-bc5d-07922547af4a" testId="961e24ef-7642-4535-b36d-3af53942e6fc" testName="01- prereq-fisap-datacorrection@resolvedep-19_20-createstudent-generictest (OT-06V-FISAP-ResolveDep-19_20)" computerName="CLTBUILD23" duration="00:00:08.6268019" startTime="2021-04-12T09:04:02.9506522-04:00" endTime="2021-04-12T09:04:11.5850235-04:00" testType="13cdc9d9-ddb5-4fa4-a97d-d965ccfc6d4b" outcome="Passed" testListId="8c84fa94-04c1-424b-9868-57a2d4851a1d" relativeResultsDirectory="7a463b03-6029-4d18-9ed4-fe4bf2b5e5a0">
          <Output>
            <StdOut>C:\Agt6\_work\_temp\TestResults\c2kbuild_CLTBUILD23 2021-04-12 08_12_36\In\7a463b03-6029-4d18-9ed4-fe4bf2b5e5a0\CLTBUILD23&gt;if not defined TestLocation (set TestLocation=. ) &#xD;
&#xD;
C:\Agt6\_work\_temp\TestResults\c2kbuild_CLTBUILD23 2021-04-12 08_12_36\In\7a463b03-6029-4d18-9ed4-fe4bf2b5e5a0\CLTBUILD23&gt;set CollectionFileName=c:\agt6\_work\6\a\api\environment\regapiautomation\testdata\fisap-datacorrection\prereq-resolvedep-19_20\..\..\..\..\..\PreReq\PreReq-CreateStudent.postman_collection.json &#xD;
&#xD;
C:\Agt6\_work\_temp\TestResults\c2kbuild_CLTBUILD23 2021-04-12 08_12_36\In\7a463b03-6029-4d18-9ed4-fe4bf2b5e5a0\CLTBUILD23&gt;set DataFileName=c:\agt6\_work\6\a\api\environment\regapiautomation\testdata\fisap-datacorrection\prereq-resolvedep-19_20\PreReq-FISAP-DataCorrection@ResolveDep-19_20-CreateStudent.data.csv &#xD;
&#xD;
C:\Agt6\_work\_temp\TestResults\c2kbuild_CLTBUILD23 2021-04-12 08_12_36\In\7a463b03-6029-4d18-9ed4-fe4bf2b5e5a0\CLTBUILD23&gt;set EnvironmentFilePath=c:\agt6\_work\6\a\api\environment\regapiautomation\testdata\fisap-datacorrection\prereq-resolvedep-19_20\..\..\..\RegApiAutoEnvironment.postman_environment.json &#xD;
&#xD;
C:\Agt6\_work\_temp\TestResults\c2kbuild_CLTBUILD23 2021-04-12 08_12_36\In\7a463b03-6029-4d18-9ed4-fe4bf2b5e5a0\CLTBUILD23&gt;set HtmlResultsFile=CreateStudent_Html.html &#xD;
&#xD;
C:\Agt6\_work\_temp\TestResults\c2kbuild_CLTBUILD23 2021-04-12 08_12_36\In\7a463b03-6029-4d18-9ed4-fe4bf2b5e5a0\CLTBUILD23&gt;set JunitResultsFile=CreateStudent_Junit.xml &#xD;
&#xD;
C:\Agt6\_work\_temp\TestResults\c2kbuild_CLTBUILD23 2021-04-12 08_12_36\In\7a463b03-6029-4d18-9ed4-fe4bf2b5e5a0\CLTBUILD23&gt;newman run "c:\agt6\_work\6\a\api\environment\regapiautomation\testdata\fisap-datacorrection\prereq-resolvedep-19_20\..\..\..\..\..\PreReq\PreReq-CreateStudent.postman_collection.json" -k -d "c:\agt6\_work\6\a\api\environment\regapiautomation\testdata\fisap-datacorrection\prereq-resolvedep-19_20\PreReq-FISAP-DataCorrection@ResolveDep-19_20-CreateStudent.data.csv" -e "c:\agt6\_work\6\a\api\environment\regapiautomation\testdata\fisap-datacorrection\prereq-resolvedep-19_20\..\..\..\RegApiAutoEnvironment.postman_environment.json" -r junit,html --reporter-html-export "CreateStudent_Html.html" --reporter-junit-export "CreateStudent_Junit.xml"</StdOut>
          </Output>
          <ResultFiles>
            <ResultFile path="CLTBUILD23\CreateStudent_Html.html" />
            <ResultFile path="CLTBUILD23\CreateStudent_Junit.xml" />
          </ResultFiles>
        </UnitTestResult>
        <UnitTestResult executionId="f228ffb2-7de4-4768-92f4-a069dd9bf0dd" parentExecutionId="ba8c0425-1a9e-43f4-bc5d-07922547af4a" testId="e9f9df4e-0b73-416c-b21e-5e3d5d748ab7" testName="02- prereq-fisap-datacorrection@resolvedep-19_20-importisir-generictest (OT-06V-FISAP-ResolveDep-19_20)" computerName="CLTBUILD23" duration="00:00:08.1344375" startTime="2021-04-12T09:04:11.5850235-04:00" endTime="2021-04-12T09:04:19.7544370-04:00" testType="13cdc9d9-ddb5-4fa4-a97d-d965ccfc6d4b" outcome="Passed" testListId="8c84fa94-04c1-424b-9868-57a2d4851a1d" relativeResultsDirectory="f228ffb2-7de4-4768-92f4-a069dd9bf0dd">
          <Output>
            <StdOut>C:\Agt6\_work\_temp\TestResults\c2kbuild_CLTBUILD23 2021-04-12 08_12_36\In\f228ffb2-7de4-4768-92f4-a069dd9bf0dd\CLTBUILD23&gt;if not defined TestLocation (set TestLocation=. ) &#xD;
&#xD;
C:\Agt6\_work\_temp\TestResults\c2kbuild_CLTBUILD23 2021-04-12 08_12_36\In\f228ffb2-7de4-4768-92f4-a069dd9bf0dd\CLTBUILD23&gt;set CollectionFileName=c:\agt6\_work\6\a\api\environment\regapiautomation\testdata\fisap-datacorrection\prereq-resolvedep-19_20\..\..\..\..\..\PreReq\PreReq-ImportIsir.postman_collection.json &#xD;
&#xD;
C:\Agt6\_work\_temp\TestResults\c2kbuild_CLTBUILD23 2021-04-12 08_12_36\In\f228ffb2-7de4-4768-92f4-a069dd9bf0dd\CLTBUILD23&gt;set DataFileName=c:\agt6\_work\6\a\api\environment\regapiautomation\testdata\fisap-datacorrection\prereq-resolvedep-19_20\PreReq-FISAP-DataCorrection@ResolveDep-19_20-ImportIsir.data.json &#xD;
&#xD;
C:\Agt6\_work\_temp\TestResults\c2kbuild_CLTBUILD23 2021-04-12 08_12_36\In\f228ffb2-7de4-4768-92f4-a069dd9bf0dd\CLTBUILD23&gt;set EnvironmentFilePath=c:\agt6\_work\6\a\api\environment\regapiautomation\testdata\fisap-datacorrection\prereq-resolvedep-19_20\..\..\..\RegApiAutoEnvironment.postman_environment.json &#xD;
&#xD;
C:\Agt6\_work\_temp\TestResults\c2kbuild_CLTBUILD23 2021-04-12 08_12_36\In\f228ffb2-7de4-4768-92f4-a069dd9bf0dd\CLTBUILD23&gt;set HtmlResultsFile=PreReq-ImportIsir_Html.html &#xD;
&#xD;
C:\Agt6\_work\_temp\TestResults\c2kbuild_CLTBUILD23 2021-04-12 08_12_36\In\f228ffb2-7de4-4768-92f4-a069dd9bf0dd\CLTBUILD23&gt;set JunitResultsFile=PreReq-ImportIsir_Junit.xml &#xD;
&#xD;
C:\Agt6\_work\_temp\TestResults\c2kbuild_CLTBUILD23 2021-04-12 08_12_36\In\f228ffb2-7de4-4768-92f4-a069dd9bf0dd\CLTBUILD23&gt;newman run "c:\agt6\_work\6\a\api\environment\regapiautomation\testdata\fisap-datacorrection\prereq-resolvedep-19_20\..\..\..\..\..\PreReq\PreReq-ImportIsir.postman_collection.json" -k -d "c:\agt6\_work\6\a\api\environment\regapiautomation\testdata\fisap-datacorrection\prereq-resolvedep-19_20\PreReq-FISAP-DataCorrection@ResolveDep-19_20-ImportIsir.data.json" -e "c:\agt6\_work\6\a\api\environment\regapiautomation\testdata\fisap-datacorrection\prereq-resolvedep-19_20\..\..\..\RegApiAutoEnvironment.postman_environment.json" -r junit,html --reporter-html-export "PreReq-ImportIsir_Html.html" --reporter-junit-export "PreReq-ImportIsir_Junit.xml"</StdOut>
          </Output>
          <ResultFiles>
            <ResultFile path="CLTBUILD23\PreReq-ImportIsir_Html.html" />
            <ResultFile path="CLTBUILD23\PreReq-ImportIsir_Junit.xml" />
          </ResultFiles>
        </UnitTestResult>
        <UnitTestResult executionId="bd2325fb-daa1-4189-99b2-0a4b7934f20e" parentExecutionId="ba8c0425-1a9e-43f4-bc5d-07922547af4a" testId="eee0b7f3-a7b5-4ab7-8d9d-bf93fcb9b4d8" testName="03- prereq-fisap-datacorrection@resolvedep-19_20-enrollstudent-generictest (OT-06V-FISAP-ResolveDep-19_20)" computerName="CLTBUILD23" duration="00:00:11.3551449" startTime="2021-04-12T09:04:19.7544370-04:00" endTime="2021-04-12T09:04:31.1156027-04:00" testType="13cdc9d9-ddb5-4fa4-a97d-d965ccfc6d4b" outcome="Passed" testListId="8c84fa94-04c1-424b-9868-57a2d4851a1d" relativeResultsDirectory="bd2325fb-daa1-4189-99b2-0a4b7934f20e">
          <Output>
            <StdOut>C:\Agt6\_work\_temp\TestResults\c2kbuild_CLTBUILD23 2021-04-12 08_12_36\In\bd2325fb-daa1-4189-99b2-0a4b7934f20e\CLTBUILD23&gt;if not defined TestLocation (set TestLocation=. ) &#xD;
&#xD;
C:\Agt6\_work\_temp\TestResults\c2kbuild_CLTBUILD23 2021-04-12 08_12_36\In\bd2325fb-daa1-4189-99b2-0a4b7934f20e\CLTBUILD23&gt;set CollectionFileName=c:\agt6\_work\6\a\api\environment\regapiautomation\testdata\fisap-datacorrection\prereq-resolvedep-19_20\..\..\..\..\..\PreReq\PreReq-EnrollStudent.postman_collection.json &#xD;
&#xD;
C:\Agt6\_work\_temp\TestResults\c2kbuild_CLTBUILD23 2021-04-12 08_12_36\In\bd2325fb-daa1-4189-99b2-0a4b7934f20e\CLTBUILD23&gt;set DataFileName=c:\agt6\_work\6\a\api\environment\regapiautomation\testdata\fisap-datacorrection\prereq-resolvedep-19_20\PreReq-FISAP-DataCorrection@ResolveDep-19_20-EnrollStudent.data.csv &#xD;
&#xD;
C:\Agt6\_work\_temp\TestResults\c2kbuild_CLTBUILD23 2021-04-12 08_12_36\In\bd2325fb-daa1-4189-99b2-0a4b7934f20e\CLTBUILD23&gt;set EnvironmentFilePath=c:\agt6\_work\6\a\api\environment\regapiautomation\testdata\fisap-datacorrection\prereq-resolvedep-19_20\..\..\..\RegApiAutoEnvironment.postman_environment.json &#xD;
&#xD;
C:\Agt6\_work\_temp\TestResults\c2kbuild_CLTBUILD23 2021-04-12 08_12_36\In\bd2325fb-daa1-4189-99b2-0a4b7934f20e\CLTBUILD23&gt;set HtmlResultsFile=EnrollStudent_Html.html &#xD;
&#xD;
C:\Agt6\_work\_temp\TestResults\c2kbuild_CLTBUILD23 2021-04-12 08_12_36\In\bd2325fb-daa1-4189-99b2-0a4b7934f20e\CLTBUILD23&gt;set JunitResultsFile=EnrollStudent_Junit.xml &#xD;
&#xD;
C:\Agt6\_work\_temp\TestResults\c2kbuild_CLTBUILD23 2021-04-12 08_12_36\In\bd2325fb-daa1-4189-99b2-0a4b7934f20e\CLTBUILD23&gt;newman run "c:\agt6\_work\6\a\api\environment\regapiautomation\testdata\fisap-datacorrection\prereq-resolvedep-19_20\..\..\..\..\..\PreReq\PreReq-EnrollStudent.postman_collection.json" -k -d "c:\agt6\_work\6\a\api\environment\regapiautomation\testdata\fisap-datacorrection\prereq-resolvedep-19_20\PreReq-FISAP-DataCorrection@ResolveDep-19_20-EnrollStudent.data.csv" -e "c:\agt6\_work\6\a\api\environment\regapiautomation\testdata\fisap-datacorrection\prereq-resolvedep-19_20\..\..\..\RegApiAutoEnvironment.postman_environment.json" -r junit,html --reporter-html-export "EnrollStudent_Html.html" --reporter-junit-export "EnrollStudent_Junit.xml"</StdOut>
          </Output>
          <ResultFiles>
            <ResultFile path="CLTBUILD23\EnrollStudent_Html.html" />
            <ResultFile path="CLTBUILD23\EnrollStudent_Junit.xml" />
          </ResultFiles>
        </UnitTestResult>
        <UnitTestResult executionId="ef4d8830-c8a7-45f1-99e5-15a17faa7b8f" parentExecutionId="ba8c0425-1a9e-43f4-bc5d-07922547af4a" testId="4a0b5fed-1421-44e2-b3a6-947ad0a0c95b" testName="04- prereq-fisap-datacorrection@resolvedep-19_20-registerclassandpostattendance-generictest (OT-06V-FISAP-ResolveDep-19_20)" computerName="CLTBUILD23" duration="00:00:08.7105377" startTime="2021-04-12T09:04:31.1156027-04:00" endTime="2021-04-12T09:04:39.8309721-04:00" testType="13cdc9d9-ddb5-4fa4-a97d-d965ccfc6d4b" outcome="Passed" testListId="8c84fa94-04c1-424b-9868-57a2d4851a1d" relativeResultsDirectory="ef4d8830-c8a7-45f1-99e5-15a17faa7b8f">
          <Output>
            <StdOut>C:\Agt6\_work\_temp\TestResults\c2kbuild_CLTBUILD23 2021-04-12 08_12_36\In\ef4d8830-c8a7-45f1-99e5-15a17faa7b8f\CLTBUILD23&gt;if not defined TestLocation (set TestLocation=. ) &#xD;
&#xD;
C:\Agt6\_work\_temp\TestResults\c2kbuild_CLTBUILD23 2021-04-12 08_12_36\In\ef4d8830-c8a7-45f1-99e5-15a17faa7b8f\CLTBUILD23&gt;set CollectionFileName=c:\agt6\_work\6\a\api\environment\regapiautomation\testdata\fisap-datacorrection\prereq-resolvedep-19_20\..\..\..\..\..\PreReq\PreReq-RegisterClassAndPostAttendanceForStudent.postman_collection.json &#xD;
&#xD;
C:\Agt6\_work\_temp\TestResults\c2kbuild_CLTBUILD23 2021-04-12 08_12_36\In\ef4d8830-c8a7-45f1-99e5-15a17faa7b8f\CLTBUILD23&gt;set DataFileName=c:\agt6\_work\6\a\api\environment\regapiautomation\testdata\fisap-datacorrection\prereq-resolvedep-19_20\PreReq-FISAP-DataCorrection@ResolveDep-19_20-RegisterClassAndPostAttendance.csv &#xD;
&#xD;
C:\Agt6\_work\_temp\TestResults\c2kbuild_CLTBUILD23 2021-04-12 08_12_36\In\ef4d8830-c8a7-45f1-99e5-15a17faa7b8f\CLTBUILD23&gt;set EnvironmentFilePath=c:\agt6\_work\6\a\api\environment\regapiautomation\testdata\fisap-datacorrection\prereq-resolvedep-19_20\..\..\..\RegApiAutoEnvironment.postman_environment.json &#xD;
&#xD;
C:\Agt6\_work\_temp\TestResults\c2kbuild_CLTBUILD23 2021-04-12 08_12_36\In\ef4d8830-c8a7-45f1-99e5-15a17faa7b8f\CLTBUILD23&gt;set HtmlResultsFile=PreReq-RegisterClassAndPostAttendance_Html.html &#xD;
&#xD;
C:\Agt6\_work\_temp\TestResults\c2kbuild_CLTBUILD23 2021-04-12 08_12_36\In\ef4d8830-c8a7-45f1-99e5-15a17faa7b8f\CLTBUILD23&gt;set JunitResultsFile=PreReq-RegisterClassAndPostAttendance_Junit.xml &#xD;
&#xD;
C:\Agt6\_work\_temp\TestResults\c2kbuild_CLTBUILD23 2021-04-12 08_12_36\In\ef4d8830-c8a7-45f1-99e5-15a17faa7b8f\CLTBUILD23&gt;newman run "c:\agt6\_work\6\a\api\environment\regapiautomation\testdata\fisap-datacorrection\prereq-resolvedep-19_20\..\..\..\..\..\PreReq\PreReq-RegisterClassAndPostAttendanceForStudent.postman_collection.json" -k -d "c:\agt6\_work\6\a\api\environment\regapiautomation\testdata\fisap-datacorrection\prereq-resolvedep-19_20\PreReq-FISAP-DataCorrection@ResolveDep-19_20-RegisterClassAndPostAttendance.csv" -e "c:\agt6\_work\6\a\api\environment\regapiautomation\testdata\fisap-datacorrection\prereq-resolvedep-19_20\..\..\..\RegApiAutoEnvironment.postman_environment.json" -r junit,html --reporter-html-export "PreReq-RegisterClassAndPostAttendance_Html.html" --reporter-junit-export "PreReq-RegisterClassAndPostAttendance_Junit.xml"</StdOut>
          </Output>
          <ResultFiles>
            <ResultFile path="CLTBUILD23\PreReq-RegisterClassAndPostAttendance_Html.html" />
            <ResultFile path="CLTBUILD23\PreReq-RegisterClassAndPostAttendance_Junit.xml" />
          </ResultFiles>
        </UnitTestResult>
        <UnitTestResult executionId="03a2741b-d480-40d6-ae27-47fa089aeb36" parentExecutionId="ba8c0425-1a9e-43f4-bc5d-07922547af4a" testId="40785ab6-2f87-4010-8e2e-c925b3a58125" testName="05- prereq-fisap-datacorrection@resolvedep-19_20-updatebudgetforacademicyearforpackaging-generictest (OT-06V-FISAP-ResolveDep-19_20)" computerName="CLTBUILD23" duration="00:00:08.5818497" startTime="2021-04-12T09:04:39.8309721-04:00" endTime="2021-04-12T09:04:48.4143465-04:00" testType="13cdc9d9-ddb5-4fa4-a97d-d965ccfc6d4b" outcome="Passed" testListId="8c84fa94-04c1-424b-9868-57a2d4851a1d" relativeResultsDirectory="03a2741b-d480-40d6-ae27-47fa089aeb36">
          <Output>
            <StdOut>C:\Agt6\_work\_temp\TestResults\c2kbuild_CLTBUILD23 2021-04-12 08_12_36\In\03a2741b-d480-40d6-ae27-47fa089aeb36\CLTBUILD23&gt;if not defined TestLocation (set TestLocation=. ) &#xD;
&#xD;
C:\Agt6\_work\_temp\TestResults\c2kbuild_CLTBUILD23 2021-04-12 08_12_36\In\03a2741b-d480-40d6-ae27-47fa089aeb36\CLTBUILD23&gt;set CollectionFileName=c:\agt6\_work\6\a\api\environment\regapiautomation\testdata\fisap-datacorrection\prereq-resolvedep-19_20\..\..\..\..\..\PreReq\PreReq-UpdateBudgetForAcademicYearForPackaging.postman_collection.json &#xD;
&#xD;
C:\Agt6\_work\_temp\TestResults\c2kbuild_CLTBUILD23 2021-04-12 08_12_36\In\03a2741b-d480-40d6-ae27-47fa089aeb36\CLTBUILD23&gt;set DataFileName=c:\agt6\_work\6\a\api\environment\regapiautomation\testdata\fisap-datacorrection\prereq-resolvedep-19_20\PreReq-FISAP-DataCorrection@ResolveDep-19_20-UpdateBudgetForAcademicYearForPackaging.data.csv &#xD;
&#xD;
C:\Agt6\_work\_temp\TestResults\c2kbuild_CLTBUILD23 2021-04-12 08_12_36\In\03a2741b-d480-40d6-ae27-47fa089aeb36\CLTBUILD23&gt;set EnvironmentFilePath=c:\agt6\_work\6\a\api\environment\regapiautomation\testdata\fisap-datacorrection\prereq-resolvedep-19_20\..\..\..\RegApiAutoEnvironment.postman_environment.json &#xD;
&#xD;
C:\Agt6\_work\_temp\TestResults\c2kbuild_CLTBUILD23 2021-04-12 08_12_36\In\03a2741b-d480-40d6-ae27-47fa089aeb36\CLTBUILD23&gt;set HtmlResultsFile=PreReq-UpdateBudgetForAcademicYearForPackaging_Html.html &#xD;
&#xD;
C:\Agt6\_work\_temp\TestResults\c2kbuild_CLTBUILD23 2021-04-12 08_12_36\In\03a2741b-d480-40d6-ae27-47fa089aeb36\CLTBUILD23&gt;set JunitResultsFile=PreReq-UpdateBudgetForAcademicYearForPackaging_Junit.xml &#xD;
&#xD;
C:\Agt6\_work\_temp\TestResults\c2kbuild_CLTBUILD23 2021-04-12 08_12_36\In\03a2741b-d480-40d6-ae27-47fa089aeb36\CLTBUILD23&gt;newman run "c:\agt6\_work\6\a\api\environment\regapiautomation\testdata\fisap-datacorrection\prereq-resolvedep-19_20\..\..\..\..\..\PreReq\PreReq-UpdateBudgetForAcademicYearForPackaging.postman_collection.json" -k -d "c:\agt6\_work\6\a\api\environment\regapiautomation\testdata\fisap-datacorrection\prereq-resolvedep-19_20\PreReq-FISAP-DataCorrection@ResolveDep-19_20-UpdateBudgetForAcademicYearForPackaging.data.csv" -e "c:\agt6\_work\6\a\api\environment\regapiautomation\testdata\fisap-datacorrection\prereq-resolvedep-19_20\..\..\..\RegApiAutoEnvironment.postman_environment.json" -r junit,html --reporter-html-export "PreReq-UpdateBudgetForAcademicYearForPackaging_Html.html" --reporter-junit-export "PreReq-UpdateBudgetForAcademicYearForPackaging_Junit.xml"</StdOut>
          </Output>
          <ResultFiles>
            <ResultFile path="CLTBUILD23\PreReq-UpdateBudgetForAcademicYearForPackaging_Html.html" />
            <ResultFile path="CLTBUILD23\PreReq-UpdateBudgetForAcademicYearForPackaging_Junit.xml" />
          </ResultFiles>
        </UnitTestResult>
        <UnitTestResult executionId="bfdc169a-550a-4990-9741-17b4777df50e" parentExecutionId="ba8c0425-1a9e-43f4-bc5d-07922547af4a" testId="127873ab-4d19-4a29-b454-bf339f303e73" testName="06- prereq-fisap-datacorrection@resolvedep-19_20-awardgrantforpackaging-generictest (OT-06V-FISAP-ResolveDep-19_20)" computerName="CLTBUILD23" duration="00:00:09.6007947" startTime="2021-04-12T09:04:48.4163480-04:00" endTime="2021-04-12T09:04:58.0206526-04:00" testType="13cdc9d9-ddb5-4fa4-a97d-d965ccfc6d4b" outcome="Passed" testListId="8c84fa94-04c1-424b-9868-57a2d4851a1d" relativeResultsDirectory="bfdc169a-550a-4990-9741-17b4777df50e">
          <Output>
            <StdOut>C:\Agt6\_work\_temp\TestResults\c2kbuild_CLTBUILD23 2021-04-12 08_12_36\In\bfdc169a-550a-4990-9741-17b4777df50e\CLTBUILD23&gt;if not defined TestLocation (set TestLocation=. ) &#xD;
&#xD;
C:\Agt6\_work\_temp\TestResults\c2kbuild_CLTBUILD23 2021-04-12 08_12_36\In\bfdc169a-550a-4990-9741-17b4777df50e\CLTBUILD23&gt;set CollectionFileName=c:\agt6\_work\6\a\api\environment\regapiautomation\testdata\fisap-datacorrection\prereq-resolvedep-19_20\..\..\..\..\..\PreReq\PreReq-AwardGrantForPackaging.postman_collection.json &#xD;
&#xD;
C:\Agt6\_work\_temp\TestResults\c2kbuild_CLTBUILD23 2021-04-12 08_12_36\In\bfdc169a-550a-4990-9741-17b4777df50e\CLTBUILD23&gt;set DataFileName=c:\agt6\_work\6\a\api\environment\regapiautomation\testdata\fisap-datacorrection\prereq-resolvedep-19_20\PreReq-FISAP-DataCorrection@ResolveDep-19_20-AwardGrantForPackaging.data.csv &#xD;
&#xD;
C:\Agt6\_work\_temp\TestResults\c2kbuild_CLTBUILD23 2021-04-12 08_12_36\In\bfdc169a-550a-4990-9741-17b4777df50e\CLTBUILD23&gt;set EnvironmentFilePath=c:\agt6\_work\6\a\api\environment\regapiautomation\testdata\fisap-datacorrection\prereq-resolvedep-19_20\..\..\..\RegApiAutoEnvironment.postman_environment.json &#xD;
&#xD;
C:\Agt6\_work\_temp\TestResults\c2kbuild_CLTBUILD23 2021-04-12 08_12_36\In\bfdc169a-550a-4990-9741-17b4777df50e\CLTBUILD23&gt;set HtmlResultsFile=PreReq-AwardGrantForPackaging_Html.html &#xD;
&#xD;
C:\Agt6\_work\_temp\TestResults\c2kbuild_CLTBUILD23 2021-04-12 08_12_36\In\bfdc169a-550a-4990-9741-17b4777df50e\CLTBUILD23&gt;set JunitResultsFile=PreReq-AwardGrantForPackaging_Junit.xml &#xD;
&#xD;
C:\Agt6\_work\_temp\TestResults\c2kbuild_CLTBUILD23 2021-04-12 08_12_36\In\bfdc169a-550a-4990-9741-17b4777df50e\CLTBUILD23&gt;newman run "c:\agt6\_work\6\a\api\environment\regapiautomation\testdata\fisap-datacorrection\prereq-resolvedep-19_20\..\..\..\..\..\PreReq\PreReq-AwardGrantForPackaging.postman_collection.json" -k -d "c:\agt6\_work\6\a\api\environment\regapiautomation\testdata\fisap-datacorrection\prereq-resolvedep-19_20\PreReq-FISAP-DataCorrection@ResolveDep-19_20-AwardGrantForPackaging.data.csv" -e "c:\agt6\_work\6\a\api\environment\regapiautomation\testdata\fisap-datacorrection\prereq-resolvedep-19_20\..\..\..\RegApiAutoEnvironment.postman_environment.json" -r junit,html --reporter-html-export "PreReq-AwardGrantForPackaging_Html.html" --reporter-junit-export "PreReq-AwardGrantForPackaging_Junit.xml"</StdOut>
          </Output>
          <ResultFiles>
            <ResultFile path="CLTBUILD23\PreReq-AwardGrantForPackaging_Html.html" />
            <ResultFile path="CLTBUILD23\PreReq-AwardGrantForPackaging_Junit.xml" />
          </ResultFiles>
        </UnitTestResult>
        <UnitTestResult executionId="dd41090b-44f2-433a-92fe-fb2d21295c40" parentExecutionId="ba8c0425-1a9e-43f4-bc5d-07922547af4a" testId="4326d444-b2ba-4a45-b01a-360c265a0797" testName="07- prereq-fisap-datacorrection@resolvedep-19_20-postpaymentledgercard-generictest (OT-06V-FISAP-ResolveDep-19_20)" computerName="CLTBUILD23" duration="00:00:08.5228485" startTime="2021-04-12T09:04:58.0226514-04:00" endTime="2021-04-12T09:05:06.5460337-04:00" testType="13cdc9d9-ddb5-4fa4-a97d-d965ccfc6d4b" outcome="Passed" testListId="8c84fa94-04c1-424b-9868-57a2d4851a1d" relativeResultsDirectory="dd41090b-44f2-433a-92fe-fb2d21295c40">
          <Output>
            <StdOut>C:\Agt6\_work\_temp\TestResults\c2kbuild_CLTBUILD23 2021-04-12 08_12_36\In\dd41090b-44f2-433a-92fe-fb2d21295c40\CLTBUILD23&gt;if not defined TestLocation (set TestLocation=. ) &#xD;
&#xD;
C:\Agt6\_work\_temp\TestResults\c2kbuild_CLTBUILD23 2021-04-12 08_12_36\In\dd41090b-44f2-433a-92fe-fb2d21295c40\CLTBUILD23&gt;set CollectionFileName=c:\agt6\_work\6\a\api\environment\regapiautomation\testdata\fisap-datacorrection\prereq-resolvedep-19_20\..\..\..\..\..\PreReq\PreReq-PostPaymentLedgerCard.postman_collection.json &#xD;
&#xD;
C:\Agt6\_work\_temp\TestResults\c2kbuild_CLTBUILD23 2021-04-12 08_12_36\In\dd41090b-44f2-433a-92fe-fb2d21295c40\CLTBUILD23&gt;set DataFileName=c:\agt6\_work\6\a\api\environment\regapiautomation\testdata\fisap-datacorrection\prereq-resolvedep-19_20\PreReq-FISAP-DataCorrection@ResolveDep-19_20-PostPaymentLedgerCard.data.json &#xD;
&#xD;
C:\Agt6\_work\_temp\TestResults\c2kbuild_CLTBUILD23 2021-04-12 08_12_36\In\dd41090b-44f2-433a-92fe-fb2d21295c40\CLTBUILD23&gt;set EnvironmentFilePath=c:\agt6\_work\6\a\api\environment\regapiautomation\testdata\fisap-datacorrection\prereq-resolvedep-19_20\..\..\..\RegApiAutoEnvironment.postman_environment.json &#xD;
&#xD;
C:\Agt6\_work\_temp\TestResults\c2kbuild_CLTBUILD23 2021-04-12 08_12_36\In\dd41090b-44f2-433a-92fe-fb2d21295c40\CLTBUILD23&gt;set HtmlResultsFile=PreReq-PostPaymentLedgerCard_Html.html &#xD;
&#xD;
C:\Agt6\_work\_temp\TestResults\c2kbuild_CLTBUILD23 2021-04-12 08_12_36\In\dd41090b-44f2-433a-92fe-fb2d21295c40\CLTBUILD23&gt;set JunitResultsFile=PreReq-PostPaymentLdegerCard_Junit.xml &#xD;
&#xD;
C:\Agt6\_work\_temp\TestResults\c2kbuild_CLTBUILD23 2021-04-12 08_12_36\In\dd41090b-44f2-433a-92fe-fb2d21295c40\CLTBUILD23&gt;newman run "c:\agt6\_work\6\a\api\environment\regapiautomation\testdata\fisap-datacorrection\prereq-resolvedep-19_20\..\..\..\..\..\PreReq\PreReq-PostPaymentLedgerCard.postman_collection.json" -k -d "c:\agt6\_work\6\a\api\environment\regapiautomation\testdata\fisap-datacorrection\prereq-resolvedep-19_20\PreReq-FISAP-DataCorrection@ResolveDep-19_20-PostPaymentLedgerCard.data.json" -e "c:\agt6\_work\6\a\api\environment\regapiautomation\testdata\fisap-datacorrection\prereq-resolvedep-19_20\..\..\..\RegApiAutoEnvironment.postman_environment.json" -r junit,html --reporter-html-export "PreReq-PostPaymentLedgerCard_Html.html" --reporter-junit-export "PreReq-PostPaymentLdegerCard_Junit.xml"</StdOut>
          </Output>
          <ResultFiles>
            <ResultFile path="CLTBUILD23\PreReq-PostPaymentLdegerCard_Junit.xml" />
            <ResultFile path="CLTBUILD23\PreReq-PostPaymentLedgerCard_Html.html" />
          </ResultFiles>
        </UnitTestResult>
        <UnitTestResult executionId="62df548d-367b-46ca-b38a-41fe1f6f45b5" parentExecutionId="ba8c0425-1a9e-43f4-bc5d-07922547af4a" testId="c71f9e20-ac87-4aff-b18b-ec2f679c1320" testName="08- prereq-fisap-datacorrection@resolvedep-19_20-changestudentstatus-generictest (OT-06V-FISAP-ResolveDep-19_20)" computerName="CLTBUILD23" duration="00:00:06.6420540" startTime="2021-04-12T09:05:06.5460337-04:00" endTime="2021-04-12T09:05:13.1895498-04:00" testType="13cdc9d9-ddb5-4fa4-a97d-d965ccfc6d4b" outcome="Passed" testListId="8c84fa94-04c1-424b-9868-57a2d4851a1d" relativeResultsDirectory="62df548d-367b-46ca-b38a-41fe1f6f45b5">
          <Output>
            <StdOut>C:\Agt6\_work\_temp\TestResults\c2kbuild_CLTBUILD23 2021-04-12 08_12_36\In\62df548d-367b-46ca-b38a-41fe1f6f45b5\CLTBUILD23&gt;if not defined TestLocation (set TestLocation=. ) &#xD;
&#xD;
C:\Agt6\_work\_temp\TestResults\c2kbuild_CLTBUILD23 2021-04-12 08_12_36\In\62df548d-367b-46ca-b38a-41fe1f6f45b5\CLTBUILD23&gt;set CollectionFileName=c:\agt6\_work\6\a\api\environment\regapiautomation\testdata\fisap-datacorrection\prereq-resolvedep-19_20\..\..\..\..\..\PreReq\PreReq-GraduateStudentStatus.postman_collection.json &#xD;
&#xD;
C:\Agt6\_work\_temp\TestResults\c2kbuild_CLTBUILD23 2021-04-12 08_12_36\In\62df548d-367b-46ca-b38a-41fe1f6f45b5\CLTBUILD23&gt;set DataFileName=c:\agt6\_work\6\a\api\environment\regapiautomation\testdata\fisap-datacorrection\prereq-resolvedep-19_20\PreReq-FISAP-DataCorrection@ResolveDep-19_20-ChangeStudentStatus.data.json &#xD;
&#xD;
C:\Agt6\_work\_temp\TestResults\c2kbuild_CLTBUILD23 2021-04-12 08_12_36\In\62df548d-367b-46ca-b38a-41fe1f6f45b5\CLTBUILD23&gt;set EnvironmentFilePath=c:\agt6\_work\6\a\api\environment\regapiautomation\testdata\fisap-datacorrection\prereq-resolvedep-19_20\..\..\..\RegApiAutoEnvironment.postman_environment.json &#xD;
&#xD;
C:\Agt6\_work\_temp\TestResults\c2kbuild_CLTBUILD23 2021-04-12 08_12_36\In\62df548d-367b-46ca-b38a-41fe1f6f45b5\CLTBUILD23&gt;set HtmlResultsFile=PreReq-ChangeStudentStatus_Html.html &#xD;
&#xD;
C:\Agt6\_work\_temp\TestResults\c2kbuild_CLTBUILD23 2021-04-12 08_12_36\In\62df548d-367b-46ca-b38a-41fe1f6f45b5\CLTBUILD23&gt;set JunitResultsFile=PreReq-ChangeStudentStatus_Junit.xml &#xD;
&#xD;
C:\Agt6\_work\_temp\TestResults\c2kbuild_CLTBUILD23 2021-04-12 08_12_36\In\62df548d-367b-46ca-b38a-41fe1f6f45b5\CLTBUILD23&gt;newman run "c:\agt6\_work\6\a\api\environment\regapiautomation\testdata\fisap-datacorrection\prereq-resolvedep-19_20\..\..\..\..\..\PreReq\PreReq-GraduateStudentStatus.postman_collection.json" -k -d "c:\agt6\_work\6\a\api\environment\regapiautomation\testdata\fisap-datacorrection\prereq-resolvedep-19_20\PreReq-FISAP-DataCorrection@ResolveDep-19_20-ChangeStudentStatus.data.json" -e "c:\agt6\_work\6\a\api\environment\regapiautomation\testdata\fisap-datacorrection\prereq-resolvedep-19_20\..\..\..\RegApiAutoEnvironment.postman_environment.json" -r junit,html --reporter-html-export "PreReq-ChangeStudentStatus_Html.html" --reporter-junit-export "PreReq-ChangeStudentStatus_Junit.xml"</StdOut>
          </Output>
          <ResultFiles>
            <ResultFile path="CLTBUILD23\PreReq-ChangeStudentStatus_Html.html" />
            <ResultFile path="CLTBUILD23\PreReq-ChangeStudentStatus_Junit.xml" />
          </ResultFiles>
        </UnitTestResult>
        <UnitTestResult executionId="0334c6b3-955c-47de-b923-9ebdcc41575c" parentExecutionId="ba8c0425-1a9e-43f4-bc5d-07922547af4a" testId="ac57899e-9115-4342-9c74-69c3e9dd3c88" testName="09- fisap-datacorrection@resolvedep-19_20-generictest (OT-06V-FISAP-ResolveDep-19_20)" computerName="CLTBUILD23" duration="00:00:09.0066075" startTime="2021-04-12T09:05:13.1895498-04:00" endTime="2021-04-12T09:05:22.1989022-04:00" testType="13cdc9d9-ddb5-4fa4-a97d-d965ccfc6d4b" outcome="Passed" testListId="8c84fa94-04c1-424b-9868-57a2d4851a1d" relativeResultsDirectory="0334c6b3-955c-47de-b923-9ebdcc41575c">
          <Output>
            <StdOut>C:\Agt6\_work\_temp\TestResults\c2kbuild_CLTBUILD23 2021-04-12 08_12_36\In\0334c6b3-955c-47de-b923-9ebdcc41575c\CLTBUILD23&gt;if not defined TestLocation (set TestLocation=. ) &#xD;
&#xD;
C:\Agt6\_work\_temp\TestResults\c2kbuild_CLTBUILD23 2021-04-12 08_12_36\In\0334c6b3-955c-47de-b923-9ebdcc41575c\CLTBUILD23&gt;set CollectionFileName=c:\agt6\_work\6\a\api\environment\regapiautomation\testdata\fisap-datacorrection\..\..\..\..\Tests\FISAP-DataCorrection\FISAP-DataCorrection@ResolveDep.postman_collection.json &#xD;
&#xD;
C:\Agt6\_work\_temp\TestResults\c2kbuild_CLTBUILD23 2021-04-12 08_12_36\In\0334c6b3-955c-47de-b923-9ebdcc41575c\CLTBUILD23&gt;set DataFileName=c:\agt6\_work\6\a\api\environment\regapiautomation\testdata\fisap-datacorrection\FISAP-DataCorrection@ResolveDep-19_20.data.json &#xD;
&#xD;
C:\Agt6\_work\_temp\TestResults\c2kbuild_CLTBUILD23 2021-04-12 08_12_36\In\0334c6b3-955c-47de-b923-9ebdcc41575c\CLTBUILD23&gt;set EnvironmentFilePath=c:\agt6\_work\6\a\api\environment\regapiautomation\testdata\fisap-datacorrection\..\..\RegApiAutoEnvironment.postman_environment.json &#xD;
&#xD;
C:\Agt6\_work\_temp\TestResults\c2kbuild_CLTBUILD23 2021-04-12 08_12_36\In\0334c6b3-955c-47de-b923-9ebdcc41575c\CLTBUILD23&gt;set HtmlResultsFile=FISAP-DataCorrection@ResolveDep-19_20-Html.html &#xD;
&#xD;
C:\Agt6\_work\_temp\TestResults\c2kbuild_CLTBUILD23 2021-04-12 08_12_36\In\0334c6b3-955c-47de-b923-9ebdcc41575c\CLTBUILD23&gt;set JunitResultsFile=FISAP-DataCorrection@ResolveDep-19_20-Junit.xml &#xD;
&#xD;
C:\Agt6\_work\_temp\TestResults\c2kbuild_CLTBUILD23 2021-04-12 08_12_36\In\0334c6b3-955c-47de-b923-9ebdcc41575c\CLTBUILD23&gt;newman run "c:\agt6\_work\6\a\api\environment\regapiautomation\testdata\fisap-datacorrection\..\..\..\..\Tests\FISAP-DataCorrection\FISAP-DataCorrection@ResolveDep.postman_collection.json" -k -d "c:\agt6\_work\6\a\api\environment\regapiautomation\testdata\fisap-datacorrection\FISAP-DataCorrection@ResolveDep-19_20.data.json" -e "c:\agt6\_work\6\a\api\environment\regapiautomation\testdata\fisap-datacorrection\..\..\RegApiAutoEnvironment.postman_environment.json" -r junit,html --reporter-html-export "FISAP-DataCorrection@ResolveDep-19_20-Html.html" --reporter-junit-export "FISAP-DataCorrection@ResolveDep-19_20-Junit.xml"</StdOut>
          </Output>
          <ResultFiles>
            <ResultFile path="CLTBUILD23\FISAP-DataCorrection@ResolveDep-19_20-Html.html" />
            <ResultFile path="CLTBUILD23\FISAP-DataCorrection@ResolveDep-19_20-Junit.xml" />
          </ResultFiles>
        </UnitTestResult>
      </InnerResults>
    </TestResultAggregation>
    <TestResultAggregation executionId="c6e97cef-6bcb-4c01-ba64-09d34dbc82e1" testId="d53784bf-844b-4198-aa3b-764d5a3fc861" testName="OT-10P-CollegeFinancePlan-Program-All-Print-20_21" computerName="CLTBUILD23" duration="00:00:08.4347386" startTime="2021-04-12T09:23:27.0388305-04:00" endTime="2021-04-12T09:23:35.4802247-04:00" testType="ec4800e8-40e5-4ab3-8510-b8bf29b1904d" outcome="Passed" testListId="8c84fa94-04c1-424b-9868-57a2d4851a1d" relativeResultsDirectory="c6e97cef-6bcb-4c01-ba64-09d34dbc82e1">
      <InnerResults>
        <UnitTestResult executionId="ea2cf8f5-7f09-4cae-8ead-0e6df165a9f7" parentExecutionId="c6e97cef-6bcb-4c01-ba64-09d34dbc82e1" testId="f5c301ee-33e0-4a0a-8911-1ceef35345b5" testName="1- shoppingsheets-program@hp-all-print-20_21-generictest (OT-10P-CollegeFinancePlan-Program-All-Print-20_21)" computerName="CLTBUILD23" duration="00:00:08.4297036" startTime="2021-04-12T09:23:27.0468254-04:00" endTime="2021-04-12T09:23:35.4802247-04:00" testType="13cdc9d9-ddb5-4fa4-a97d-d965ccfc6d4b" outcome="Passed" testListId="8c84fa94-04c1-424b-9868-57a2d4851a1d" relativeResultsDirectory="ea2cf8f5-7f09-4cae-8ead-0e6df165a9f7">
          <Output>
            <StdOut>C:\Agt6\_work\_temp\TestResults\c2kbuild_CLTBUILD23 2021-04-12 08_12_36\In\ea2cf8f5-7f09-4cae-8ead-0e6df165a9f7\CLTBUILD23&gt;if not defined TestLocation (set TestLocation=. ) &#xD;
&#xD;
C:\Agt6\_work\_temp\TestResults\c2kbuild_CLTBUILD23 2021-04-12 08_12_36\In\ea2cf8f5-7f09-4cae-8ead-0e6df165a9f7\CLTBUILD23&gt;set CollectionFileName=c:\agt6\_work\6\a\api\environment\regapiautomation\testdata\shoppingsheets\..\..\..\..\Tests\ShoppingSheets\ShoppingSheets-Program@HP-Print.postman_collection.json &#xD;
&#xD;
C:\Agt6\_work\_temp\TestResults\c2kbuild_CLTBUILD23 2021-04-12 08_12_36\In\ea2cf8f5-7f09-4cae-8ead-0e6df165a9f7\CLTBUILD23&gt;set DataFileName=c:\agt6\_work\6\a\api\environment\regapiautomation\testdata\shoppingsheets\ShoppingSheets-Program@HP-All-Print-20_21.data.json &#xD;
&#xD;
C:\Agt6\_work\_temp\TestResults\c2kbuild_CLTBUILD23 2021-04-12 08_12_36\In\ea2cf8f5-7f09-4cae-8ead-0e6df165a9f7\CLTBUILD23&gt;set EnvironmentFilePath=c:\agt6\_work\6\a\api\environment\regapiautomation\testdata\shoppingsheets\..\..\RegApiAutoEnvironment.postman_environment.json &#xD;
&#xD;
C:\Agt6\_work\_temp\TestResults\c2kbuild_CLTBUILD23 2021-04-12 08_12_36\In\ea2cf8f5-7f09-4cae-8ead-0e6df165a9f7\CLTBUILD23&gt;set HtmlResultsFile=ShoppingSheets-Program@HP-All-Print-20_21_Html.html &#xD;
&#xD;
C:\Agt6\_work\_temp\TestResults\c2kbuild_CLTBUILD23 2021-04-12 08_12_36\In\ea2cf8f5-7f09-4cae-8ead-0e6df165a9f7\CLTBUILD23&gt;set JunitResultsFile=ShoppingSheets-Program@HP-All-Print-20_21_Junit.xml &#xD;
&#xD;
C:\Agt6\_work\_temp\TestResults\c2kbuild_CLTBUILD23 2021-04-12 08_12_36\In\ea2cf8f5-7f09-4cae-8ead-0e6df165a9f7\CLTBUILD23&gt;newman run "c:\agt6\_work\6\a\api\environment\regapiautomation\testdata\shoppingsheets\..\..\..\..\Tests\ShoppingSheets\ShoppingSheets-Program@HP-Print.postman_collection.json" -d "c:\agt6\_work\6\a\api\environment\regapiautomation\testdata\shoppingsheets\ShoppingSheets-Program@HP-All-Print-20_21.data.json" -e "c:\agt6\_work\6\a\api\environment\regapiautomation\testdata\shoppingsheets\..\..\RegApiAutoEnvironment.postman_environment.json" -k -r junit,html --reporter-html-export "ShoppingSheets-Program@HP-All-Print-20_21_Html.html" --reporter-junit-export "ShoppingSheets-Program@HP-All-Print-20_21_Junit.xml"</StdOut>
          </Output>
          <ResultFiles>
            <ResultFile path="CLTBUILD23\ShoppingSheets-Program@HP-All-Print-20_21_Html.html" />
            <ResultFile path="CLTBUILD23\ShoppingSheets-Program@HP-All-Print-20_21_Junit.xml" />
          </ResultFiles>
        </UnitTestResult>
      </InnerResults>
    </TestResultAggregation>
    <TestResultAggregation executionId="35e8c6e1-78c0-4502-84a9-903cb54d4268" testId="9e12052a-2d59-4e49-805b-a1cf15d865f3" testName="OT-06P-FISAP-InvalidDepModel-19_20" computerName="CLTBUILD23" duration="00:01:14.5957869" startTime="2021-04-12T08:56:50.5380514-04:00" endTime="2021-04-12T08:58:05.1260252-04:00" testType="ec4800e8-40e5-4ab3-8510-b8bf29b1904d" outcome="Passed" testListId="8c84fa94-04c1-424b-9868-57a2d4851a1d" relativeResultsDirectory="35e8c6e1-78c0-4502-84a9-903cb54d4268">
      <InnerResults>
        <UnitTestResult executionId="c8bd935a-331e-4115-827f-e2f825014c12" parentExecutionId="35e8c6e1-78c0-4502-84a9-903cb54d4268" testId="cc1c403b-bebe-42b3-838c-16985e9744db" testName="1- prereq-fisap-datacorrection@invaliddepmodel-19_20-createstudent-generictest (OT-06P-FISAP-InvalidDepModel-19_20)" computerName="CLTBUILD23" duration="00:00:08.6220495" startTime="2021-04-12T08:56:50.5390533-04:00" endTime="2021-04-12T08:56:59.1654278-04:00" testType="13cdc9d9-ddb5-4fa4-a97d-d965ccfc6d4b" outcome="Passed" testListId="8c84fa94-04c1-424b-9868-57a2d4851a1d" relativeResultsDirectory="c8bd935a-331e-4115-827f-e2f825014c12">
          <Output>
            <StdOut>C:\Agt6\_work\_temp\TestResults\c2kbuild_CLTBUILD23 2021-04-12 08_12_36\In\c8bd935a-331e-4115-827f-e2f825014c12\CLTBUILD23&gt;if not defined TestLocation (set TestLocation=. ) &#xD;
&#xD;
C:\Agt6\_work\_temp\TestResults\c2kbuild_CLTBUILD23 2021-04-12 08_12_36\In\c8bd935a-331e-4115-827f-e2f825014c12\CLTBUILD23&gt;set CollectionFileName=c:\agt6\_work\6\a\api\environment\regapiautomation\testdata\fisap-datacorrection\prereq-invaliddepmodel-19_20\..\..\..\..\..\PreReq\PreReq-CreateStudent.postman_collection.json &#xD;
&#xD;
C:\Agt6\_work\_temp\TestResults\c2kbuild_CLTBUILD23 2021-04-12 08_12_36\In\c8bd935a-331e-4115-827f-e2f825014c12\CLTBUILD23&gt;set DataFileName=c:\agt6\_work\6\a\api\environment\regapiautomation\testdata\fisap-datacorrection\prereq-invaliddepmodel-19_20\PreReq-FISAP-DataCorrection@InvalidDepModel-19_20-CreateStudent.data.csv &#xD;
&#xD;
C:\Agt6\_work\_temp\TestResults\c2kbuild_CLTBUILD23 2021-04-12 08_12_36\In\c8bd935a-331e-4115-827f-e2f825014c12\CLTBUILD23&gt;set EnvironmentFilePath=c:\agt6\_work\6\a\api\environment\regapiautomation\testdata\fisap-datacorrection\prereq-invaliddepmodel-19_20\..\..\..\RegApiAutoEnvironment.postman_environment.json &#xD;
&#xD;
C:\Agt6\_work\_temp\TestResults\c2kbuild_CLTBUILD23 2021-04-12 08_12_36\In\c8bd935a-331e-4115-827f-e2f825014c12\CLTBUILD23&gt;set HtmlResultsFile=CreateStudent_Html.html &#xD;
&#xD;
C:\Agt6\_work\_temp\TestResults\c2kbuild_CLTBUILD23 2021-04-12 08_12_36\In\c8bd935a-331e-4115-827f-e2f825014c12\CLTBUILD23&gt;set JunitResultsFile=CreateStudent_Junit.xml &#xD;
&#xD;
C:\Agt6\_work\_temp\TestResults\c2kbuild_CLTBUILD23 2021-04-12 08_12_36\In\c8bd935a-331e-4115-827f-e2f825014c12\CLTBUILD23&gt;newman run "c:\agt6\_work\6\a\api\environment\regapiautomation\testdata\fisap-datacorrection\prereq-invaliddepmodel-19_20\..\..\..\..\..\PreReq\PreReq-CreateStudent.postman_collection.json" -k -d "c:\agt6\_work\6\a\api\environment\regapiautomation\testdata\fisap-datacorrection\prereq-invaliddepmodel-19_20\PreReq-FISAP-DataCorrection@InvalidDepModel-19_20-CreateStudent.data.csv" -e "c:\agt6\_work\6\a\api\environment\regapiautomation\testdata\fisap-datacorrection\prereq-invaliddepmodel-19_20\..\..\..\RegApiAutoEnvironment.postman_environment.json" -r junit,html --reporter-html-export "CreateStudent_Html.html" --reporter-junit-export "CreateStudent_Junit.xml"</StdOut>
          </Output>
          <ResultFiles>
            <ResultFile path="CLTBUILD23\CreateStudent_Html.html" />
            <ResultFile path="CLTBUILD23\CreateStudent_Junit.xml" />
          </ResultFiles>
        </UnitTestResult>
        <UnitTestResult executionId="8f8c6a2c-41a5-4236-8e4a-a5e666e015ed" parentExecutionId="35e8c6e1-78c0-4502-84a9-903cb54d4268" testId="297cf6ce-57dd-4921-847a-b085cf750bac" testName="2- prereq-fisap-datacorrection@invaliddepmodel-19_20-importisir-generictest (OT-06P-FISAP-InvalidDepModel-19_20)" computerName="CLTBUILD23" duration="00:00:08.7745785" startTime="2021-04-12T08:56:59.1664253-04:00" endTime="2021-04-12T08:57:07.9407907-04:00" testType="13cdc9d9-ddb5-4fa4-a97d-d965ccfc6d4b" outcome="Passed" testListId="8c84fa94-04c1-424b-9868-57a2d4851a1d" relativeResultsDirectory="8f8c6a2c-41a5-4236-8e4a-a5e666e015ed">
          <Output>
            <StdOut>C:\Agt6\_work\_temp\TestResults\c2kbuild_CLTBUILD23 2021-04-12 08_12_36\In\8f8c6a2c-41a5-4236-8e4a-a5e666e015ed\CLTBUILD23&gt;if not defined TestLocation (set TestLocation=. ) &#xD;
&#xD;
C:\Agt6\_work\_temp\TestResults\c2kbuild_CLTBUILD23 2021-04-12 08_12_36\In\8f8c6a2c-41a5-4236-8e4a-a5e666e015ed\CLTBUILD23&gt;set CollectionFileName=c:\agt6\_work\6\a\api\environment\regapiautomation\testdata\fisap-datacorrection\prereq-invaliddepmodel-19_20\..\..\..\..\..\PreReq\PreReq-ImportIsir.postman_collection.json &#xD;
&#xD;
C:\Agt6\_work\_temp\TestResults\c2kbuild_CLTBUILD23 2021-04-12 08_12_36\In\8f8c6a2c-41a5-4236-8e4a-a5e666e015ed\CLTBUILD23&gt;set DataFileName=c:\agt6\_work\6\a\api\environment\regapiautomation\testdata\fisap-datacorrection\prereq-invaliddepmodel-19_20\PreReq-FISAP-DataCorrection@InvalidDepModel-19_20-ImportIsir.data.json &#xD;
&#xD;
C:\Agt6\_work\_temp\TestResults\c2kbuild_CLTBUILD23 2021-04-12 08_12_36\In\8f8c6a2c-41a5-4236-8e4a-a5e666e015ed\CLTBUILD23&gt;set EnvironmentFilePath=c:\agt6\_work\6\a\api\environment\regapiautomation\testdata\fisap-datacorrection\prereq-invaliddepmodel-19_20\..\..\..\RegApiAutoEnvironment.postman_environment.json &#xD;
&#xD;
C:\Agt6\_work\_temp\TestResults\c2kbuild_CLTBUILD23 2021-04-12 08_12_36\In\8f8c6a2c-41a5-4236-8e4a-a5e666e015ed\CLTBUILD23&gt;set HtmlResultsFile=PreReq-ImportIsir_Html.html &#xD;
&#xD;
C:\Agt6\_work\_temp\TestResults\c2kbuild_CLTBUILD23 2021-04-12 08_12_36\In\8f8c6a2c-41a5-4236-8e4a-a5e666e015ed\CLTBUILD23&gt;set JunitResultsFile=PreReq-ImportIsir_Junit.xml &#xD;
&#xD;
C:\Agt6\_work\_temp\TestResults\c2kbuild_CLTBUILD23 2021-04-12 08_12_36\In\8f8c6a2c-41a5-4236-8e4a-a5e666e015ed\CLTBUILD23&gt;newman run "c:\agt6\_work\6\a\api\environment\regapiautomation\testdata\fisap-datacorrection\prereq-invaliddepmodel-19_20\..\..\..\..\..\PreReq\PreReq-ImportIsir.postman_collection.json" -k -d "c:\agt6\_work\6\a\api\environment\regapiautomation\testdata\fisap-datacorrection\prereq-invaliddepmodel-19_20\PreReq-FISAP-DataCorrection@InvalidDepModel-19_20-ImportIsir.data.json" -e "c:\agt6\_work\6\a\api\environment\regapiautomation\testdata\fisap-datacorrection\prereq-invaliddepmodel-19_20\..\..\..\RegApiAutoEnvironment.postman_environment.json" -r junit,html --reporter-html-export "PreReq-ImportIsir_Html.html" --reporter-junit-export "PreReq-ImportIsir_Junit.xml"</StdOut>
          </Output>
          <ResultFiles>
            <ResultFile path="CLTBUILD23\PreReq-ImportIsir_Html.html" />
            <ResultFile path="CLTBUILD23\PreReq-ImportIsir_Junit.xml" />
          </ResultFiles>
        </UnitTestResult>
        <UnitTestResult executionId="bd711b53-e334-422d-b9aa-537726765d65" parentExecutionId="35e8c6e1-78c0-4502-84a9-903cb54d4268" testId="45d03f7b-d81f-4022-ba52-b112bca20817" testName="3- prereq-fisap-datacorrection@invaliddepmodel-19_20-enrollstudent-generictest (OT-06P-FISAP-InvalidDepModel-19_20)" computerName="CLTBUILD23" duration="00:00:13.6613061" startTime="2021-04-12T08:57:07.9427922-04:00" endTime="2021-04-12T08:57:21.6087989-04:00" testType="13cdc9d9-ddb5-4fa4-a97d-d965ccfc6d4b" outcome="Passed" testListId="8c84fa94-04c1-424b-9868-57a2d4851a1d" relativeResultsDirectory="bd711b53-e334-422d-b9aa-537726765d65">
          <Output>
            <StdOut>C:\Agt6\_work\_temp\TestResults\c2kbuild_CLTBUILD23 2021-04-12 08_12_36\In\bd711b53-e334-422d-b9aa-537726765d65\CLTBUILD23&gt;if not defined TestLocation (set TestLocation=. ) &#xD;
&#xD;
C:\Agt6\_work\_temp\TestResults\c2kbuild_CLTBUILD23 2021-04-12 08_12_36\In\bd711b53-e334-422d-b9aa-537726765d65\CLTBUILD23&gt;set CollectionFileName=c:\agt6\_work\6\a\api\environment\regapiautomation\testdata\fisap-datacorrection\prereq-invaliddepmodel-19_20\..\..\..\..\..\PreReq\PreReq-EnrollStudent.postman_collection.json &#xD;
&#xD;
C:\Agt6\_work\_temp\TestResults\c2kbuild_CLTBUILD23 2021-04-12 08_12_36\In\bd711b53-e334-422d-b9aa-537726765d65\CLTBUILD23&gt;set DataFileName=c:\agt6\_work\6\a\api\environment\regapiautomation\testdata\fisap-datacorrection\prereq-invaliddepmodel-19_20\PreReq-FISAP-DataCorrection@InvalidDepModel-19_20-EnrollStudent.data.csv &#xD;
&#xD;
C:\Agt6\_work\_temp\TestResults\c2kbuild_CLTBUILD23 2021-04-12 08_12_36\In\bd711b53-e334-422d-b9aa-537726765d65\CLTBUILD23&gt;set EnvironmentFilePath=c:\agt6\_work\6\a\api\environment\regapiautomation\testdata\fisap-datacorrection\prereq-invaliddepmodel-19_20\..\..\..\RegApiAutoEnvironment.postman_environment.json &#xD;
&#xD;
C:\Agt6\_work\_temp\TestResults\c2kbuild_CLTBUILD23 2021-04-12 08_12_36\In\bd711b53-e334-422d-b9aa-537726765d65\CLTBUILD23&gt;set HtmlResultsFile=EnrollStudent_Html.html &#xD;
&#xD;
C:\Agt6\_work\_temp\TestResults\c2kbuild_CLTBUILD23 2021-04-12 08_12_36\In\bd711b53-e334-422d-b9aa-537726765d65\CLTBUILD23&gt;set JunitResultsFile=EnrollStudent_Junit.xml &#xD;
&#xD;
C:\Agt6\_work\_temp\TestResults\c2kbuild_CLTBUILD23 2021-04-12 08_12_36\In\bd711b53-e334-422d-b9aa-537726765d65\CLTBUILD23&gt;newman run "c:\agt6\_work\6\a\api\environment\regapiautomation\testdata\fisap-datacorrection\prereq-invaliddepmodel-19_20\..\..\..\..\..\PreReq\PreReq-EnrollStudent.postman_collection.json" -k -d "c:\agt6\_work\6\a\api\environment\regapiautomation\testdata\fisap-datacorrection\prereq-invaliddepmodel-19_20\PreReq-FISAP-DataCorrection@InvalidDepModel-19_20-EnrollStudent.data.csv" -e "c:\agt6\_work\6\a\api\environment\regapiautomation\testdata\fisap-datacorrection\prereq-invaliddepmodel-19_20\..\..\..\RegApiAutoEnvironment.postman_environment.json" -r junit,html --reporter-html-export "EnrollStudent_Html.html" --reporter-junit-export "EnrollStudent_Junit.xml"</StdOut>
          </Output>
          <ResultFiles>
            <ResultFile path="CLTBUILD23\EnrollStudent_Html.html" />
            <ResultFile path="CLTBUILD23\EnrollStudent_Junit.xml" />
          </ResultFiles>
        </UnitTestResult>
        <UnitTestResult executionId="79e64ad5-6618-44cf-af90-97c852129c3e" parentExecutionId="35e8c6e1-78c0-4502-84a9-903cb54d4268" testId="73c2d3d4-340b-41f2-937b-176336f1e94d" testName="4- prereq-fisap-datacorrection@invaliddepmodel-19_20-registerclassandpostattendance-generictest (OT-06P-FISAP-InvalidDepModel-19_20)" computerName="CLTBUILD23" duration="00:00:09.4578044" startTime="2021-04-12T08:57:21.6117979-04:00" endTime="2021-04-12T08:57:31.0721109-04:00" testType="13cdc9d9-ddb5-4fa4-a97d-d965ccfc6d4b" outcome="Passed" testListId="8c84fa94-04c1-424b-9868-57a2d4851a1d" relativeResultsDirectory="79e64ad5-6618-44cf-af90-97c852129c3e">
          <Output>
            <StdOut>C:\Agt6\_work\_temp\TestResults\c2kbuild_CLTBUILD23 2021-04-12 08_12_36\In\79e64ad5-6618-44cf-af90-97c852129c3e\CLTBUILD23&gt;if not defined TestLocation (set TestLocation=. ) &#xD;
&#xD;
C:\Agt6\_work\_temp\TestResults\c2kbuild_CLTBUILD23 2021-04-12 08_12_36\In\79e64ad5-6618-44cf-af90-97c852129c3e\CLTBUILD23&gt;set CollectionFileName=c:\agt6\_work\6\a\api\environment\regapiautomation\testdata\fisap-datacorrection\prereq-invaliddepmodel-19_20\..\..\..\..\..\PreReq\PreReq-RegisterClassAndPostAttendanceForStudent.postman_collection.json &#xD;
&#xD;
C:\Agt6\_work\_temp\TestResults\c2kbuild_CLTBUILD23 2021-04-12 08_12_36\In\79e64ad5-6618-44cf-af90-97c852129c3e\CLTBUILD23&gt;set DataFileName=c:\agt6\_work\6\a\api\environment\regapiautomation\testdata\fisap-datacorrection\prereq-invaliddepmodel-19_20\PreReq-FISAP-DataCorrection@InvalidDepModel-19_20-RegisterClassAndPostAttendance.csv &#xD;
&#xD;
C:\Agt6\_work\_temp\TestResults\c2kbuild_CLTBUILD23 2021-04-12 08_12_36\In\79e64ad5-6618-44cf-af90-97c852129c3e\CLTBUILD23&gt;set EnvironmentFilePath=c:\agt6\_work\6\a\api\environment\regapiautomation\testdata\fisap-datacorrection\prereq-invaliddepmodel-19_20\..\..\..\RegApiAutoEnvironment.postman_environment.json &#xD;
&#xD;
C:\Agt6\_work\_temp\TestResults\c2kbuild_CLTBUILD23 2021-04-12 08_12_36\In\79e64ad5-6618-44cf-af90-97c852129c3e\CLTBUILD23&gt;set HtmlResultsFile=PreReq-RegisterClassAndPostAttendance_Html.html &#xD;
&#xD;
C:\Agt6\_work\_temp\TestResults\c2kbuild_CLTBUILD23 2021-04-12 08_12_36\In\79e64ad5-6618-44cf-af90-97c852129c3e\CLTBUILD23&gt;set JunitResultsFile=PreReq-RegisterClassAndPostAttendance_Junit.xml &#xD;
&#xD;
C:\Agt6\_work\_temp\TestResults\c2kbuild_CLTBUILD23 2021-04-12 08_12_36\In\79e64ad5-6618-44cf-af90-97c852129c3e\CLTBUILD23&gt;newman run "c:\agt6\_work\6\a\api\environment\regapiautomation\testdata\fisap-datacorrection\prereq-invaliddepmodel-19_20\..\..\..\..\..\PreReq\PreReq-RegisterClassAndPostAttendanceForStudent.postman_collection.json" -k -d "c:\agt6\_work\6\a\api\environment\regapiautomation\testdata\fisap-datacorrection\prereq-invaliddepmodel-19_20\PreReq-FISAP-DataCorrection@InvalidDepModel-19_20-RegisterClassAndPostAttendance.csv" -e "c:\agt6\_work\6\a\api\environment\regapiautomation\testdata\fisap-datacorrection\prereq-invaliddepmodel-19_20\..\..\..\RegApiAutoEnvironment.postman_environment.json" -r junit,html --reporter-html-export "PreReq-RegisterClassAndPostAttendance_Html.html" --reporter-junit-export "PreReq-RegisterClassAndPostAttendance_Junit.xml"</StdOut>
          </Output>
          <ResultFiles>
            <ResultFile path="CLTBUILD23\PreReq-RegisterClassAndPostAttendance_Html.html" />
            <ResultFile path="CLTBUILD23\PreReq-RegisterClassAndPostAttendance_Junit.xml" />
          </ResultFiles>
        </UnitTestResult>
        <UnitTestResult executionId="2776bcec-59ae-4751-b791-d1ce83289b49" parentExecutionId="35e8c6e1-78c0-4502-84a9-903cb54d4268" testId="f1b010a1-e473-47c5-84ec-0bf5f091aa67" testName="5- prereq-fisap-datacorrection@invaliddepmodel-19_20-updatebudgetforacademicyearforpackaging (OT-06P-FISAP-InvalidDepModel-19_20)" computerName="CLTBUILD23" duration="00:00:08.2373123" startTime="2021-04-12T08:57:31.0761108-04:00" endTime="2021-04-12T08:57:39.3195074-04:00" testType="13cdc9d9-ddb5-4fa4-a97d-d965ccfc6d4b" outcome="Passed" testListId="8c84fa94-04c1-424b-9868-57a2d4851a1d" relativeResultsDirectory="2776bcec-59ae-4751-b791-d1ce83289b49">
          <Output>
            <StdOut>C:\Agt6\_work\_temp\TestResults\c2kbuild_CLTBUILD23 2021-04-12 08_12_36\In\2776bcec-59ae-4751-b791-d1ce83289b49\CLTBUILD23&gt;if not defined TestLocation (set TestLocation=. ) &#xD;
&#xD;
C:\Agt6\_work\_temp\TestResults\c2kbuild_CLTBUILD23 2021-04-12 08_12_36\In\2776bcec-59ae-4751-b791-d1ce83289b49\CLTBUILD23&gt;set CollectionFileName=c:\agt6\_work\6\a\api\environment\regapiautomation\testdata\fisap-datacorrection\prereq-invaliddepmodel-19_20\..\..\..\..\..\PreReq\PreReq-UpdateBudgetForAcademicYearForPackaging.postman_collection.json &#xD;
&#xD;
C:\Agt6\_work\_temp\TestResults\c2kbuild_CLTBUILD23 2021-04-12 08_12_36\In\2776bcec-59ae-4751-b791-d1ce83289b49\CLTBUILD23&gt;set DataFileName=c:\agt6\_work\6\a\api\environment\regapiautomation\testdata\fisap-datacorrection\prereq-invaliddepmodel-19_20\PreReq-FISAP-DataCorrection@InvalidDepModel-19_20-UpdateBudgetForAcademicYearForPackaging.data.csv &#xD;
&#xD;
C:\Agt6\_work\_temp\TestResults\c2kbuild_CLTBUILD23 2021-04-12 08_12_36\In\2776bcec-59ae-4751-b791-d1ce83289b49\CLTBUILD23&gt;set EnvironmentFilePath=c:\agt6\_work\6\a\api\environment\regapiautomation\testdata\fisap-datacorrection\prereq-invaliddepmodel-19_20\..\..\..\RegApiAutoEnvironment.postman_environment.json &#xD;
&#xD;
C:\Agt6\_work\_temp\TestResults\c2kbuild_CLTBUILD23 2021-04-12 08_12_36\In\2776bcec-59ae-4751-b791-d1ce83289b49\CLTBUILD23&gt;set HtmlResultsFile=PreReq-UpdateBudgetForAcademicYearForPackaging_Html.html &#xD;
&#xD;
C:\Agt6\_work\_temp\TestResults\c2kbuild_CLTBUILD23 2021-04-12 08_12_36\In\2776bcec-59ae-4751-b791-d1ce83289b49\CLTBUILD23&gt;set JunitResultsFile=PreReq-UpdateBudgetForAcademicYearForPackaging_Junit.xml &#xD;
&#xD;
C:\Agt6\_work\_temp\TestResults\c2kbuild_CLTBUILD23 2021-04-12 08_12_36\In\2776bcec-59ae-4751-b791-d1ce83289b49\CLTBUILD23&gt;newman run "c:\agt6\_work\6\a\api\environment\regapiautomation\testdata\fisap-datacorrection\prereq-invaliddepmodel-19_20\..\..\..\..\..\PreReq\PreReq-UpdateBudgetForAcademicYearForPackaging.postman_collection.json" -k -d "c:\agt6\_work\6\a\api\environment\regapiautomation\testdata\fisap-datacorrection\prereq-invaliddepmodel-19_20\PreReq-FISAP-DataCorrection@InvalidDepModel-19_20-UpdateBudgetForAcademicYearForPackaging.data.csv" -e "c:\agt6\_work\6\a\api\environment\regapiautomation\testdata\fisap-datacorrection\prereq-invaliddepmodel-19_20\..\..\..\RegApiAutoEnvironment.postman_environment.json" -r junit,html --reporter-html-export "PreReq-UpdateBudgetForAcademicYearForPackaging_Html.html" --reporter-junit-export "PreReq-UpdateBudgetForAcademicYearForPackaging_Junit.xml"</StdOut>
          </Output>
          <ResultFiles>
            <ResultFile path="CLTBUILD23\PreReq-UpdateBudgetForAcademicYearForPackaging_Html.html" />
            <ResultFile path="CLTBUILD23\PreReq-UpdateBudgetForAcademicYearForPackaging_Junit.xml" />
          </ResultFiles>
        </UnitTestResult>
        <UnitTestResult executionId="057b2c8a-aff2-4e31-bf32-30542c1ab825" parentExecutionId="35e8c6e1-78c0-4502-84a9-903cb54d4268" testId="54a4d416-d32f-4349-8ee7-14f40c42ab8a" testName="6- prereq-fisap-datacorrection@invaliddepmodel-19_20-awardgrantforpackaging-generictest (OT-06P-FISAP-InvalidDepModel-19_20)" computerName="CLTBUILD23" duration="00:00:09.4154036" startTime="2021-04-12T08:57:39.3215080-04:00" endTime="2021-04-12T08:57:48.7388272-04:00" testType="13cdc9d9-ddb5-4fa4-a97d-d965ccfc6d4b" outcome="Passed" testListId="8c84fa94-04c1-424b-9868-57a2d4851a1d" relativeResultsDirectory="057b2c8a-aff2-4e31-bf32-30542c1ab825">
          <Output>
            <StdOut>C:\Agt6\_work\_temp\TestResults\c2kbuild_CLTBUILD23 2021-04-12 08_12_36\In\057b2c8a-aff2-4e31-bf32-30542c1ab825\CLTBUILD23&gt;if not defined TestLocation (set TestLocation=. ) &#xD;
&#xD;
C:\Agt6\_work\_temp\TestResults\c2kbuild_CLTBUILD23 2021-04-12 08_12_36\In\057b2c8a-aff2-4e31-bf32-30542c1ab825\CLTBUILD23&gt;set CollectionFileName=c:\agt6\_work\6\a\api\environment\regapiautomation\testdata\fisap-datacorrection\prereq-invaliddepmodel-19_20\..\..\..\..\..\PreReq\PreReq-AwardGrantForPackaging.postman_collection.json &#xD;
&#xD;
C:\Agt6\_work\_temp\TestResults\c2kbuild_CLTBUILD23 2021-04-12 08_12_36\In\057b2c8a-aff2-4e31-bf32-30542c1ab825\CLTBUILD23&gt;set DataFileName=c:\agt6\_work\6\a\api\environment\regapiautomation\testdata\fisap-datacorrection\prereq-invaliddepmodel-19_20\PreReq-FISAP-DataCorrection@InvalidDepModel-19_20-AwardGrantForPackaging.data.csv &#xD;
&#xD;
C:\Agt6\_work\_temp\TestResults\c2kbuild_CLTBUILD23 2021-04-12 08_12_36\In\057b2c8a-aff2-4e31-bf32-30542c1ab825\CLTBUILD23&gt;set EnvironmentFilePath=c:\agt6\_work\6\a\api\environment\regapiautomation\testdata\fisap-datacorrection\prereq-invaliddepmodel-19_20\..\..\..\RegApiAutoEnvironment.postman_environment.json &#xD;
&#xD;
C:\Agt6\_work\_temp\TestResults\c2kbuild_CLTBUILD23 2021-04-12 08_12_36\In\057b2c8a-aff2-4e31-bf32-30542c1ab825\CLTBUILD23&gt;set HtmlResultsFile=PreReq-AwardGrantForPackaging_Html.html &#xD;
&#xD;
C:\Agt6\_work\_temp\TestResults\c2kbuild_CLTBUILD23 2021-04-12 08_12_36\In\057b2c8a-aff2-4e31-bf32-30542c1ab825\CLTBUILD23&gt;set JunitResultsFile=PreReq-AwardGrantForPackaging_Junit.xml &#xD;
&#xD;
C:\Agt6\_work\_temp\TestResults\c2kbuild_CLTBUILD23 2021-04-12 08_12_36\In\057b2c8a-aff2-4e31-bf32-30542c1ab825\CLTBUILD23&gt;newman run "c:\agt6\_work\6\a\api\environment\regapiautomation\testdata\fisap-datacorrection\prereq-invaliddepmodel-19_20\..\..\..\..\..\PreReq\PreReq-AwardGrantForPackaging.postman_collection.json" -k -d "c:\agt6\_work\6\a\api\environment\regapiautomation\testdata\fisap-datacorrection\prereq-invaliddepmodel-19_20\PreReq-FISAP-DataCorrection@InvalidDepModel-19_20-AwardGrantForPackaging.data.csv" -e "c:\agt6\_work\6\a\api\environment\regapiautomation\testdata\fisap-datacorrection\prereq-invaliddepmodel-19_20\..\..\..\RegApiAutoEnvironment.postman_environment.json" -r junit,html --reporter-html-export "PreReq-AwardGrantForPackaging_Html.html" --reporter-junit-export "PreReq-AwardGrantForPackaging_Junit.xml"</StdOut>
          </Output>
          <ResultFiles>
            <ResultFile path="CLTBUILD23\PreReq-AwardGrantForPackaging_Html.html" />
            <ResultFile path="CLTBUILD23\PreReq-AwardGrantForPackaging_Junit.xml" />
          </ResultFiles>
        </UnitTestResult>
        <UnitTestResult executionId="a54ddbdd-4a6f-448f-87ac-492a0383df19" parentExecutionId="35e8c6e1-78c0-4502-84a9-903cb54d4268" testId="371fed0a-5eb4-41f2-a13d-ff1e30924ed8" testName="7- prereq-fisap-datacorrection@invaliddepmodel-19_20-postpaymentledgercard-generictest (OT-06P-FISAP-InvalidDepModel-19_20)" computerName="CLTBUILD23" duration="00:00:07.8265188" startTime="2021-04-12T08:57:48.7398286-04:00" endTime="2021-04-12T08:57:56.5742565-04:00" testType="13cdc9d9-ddb5-4fa4-a97d-d965ccfc6d4b" outcome="Passed" testListId="8c84fa94-04c1-424b-9868-57a2d4851a1d" relativeResultsDirectory="a54ddbdd-4a6f-448f-87ac-492a0383df19">
          <Output>
            <StdOut>C:\Agt6\_work\_temp\TestResults\c2kbuild_CLTBUILD23 2021-04-12 08_12_36\In\a54ddbdd-4a6f-448f-87ac-492a0383df19\CLTBUILD23&gt;if not defined TestLocation (set TestLocation=. ) &#xD;
&#xD;
C:\Agt6\_work\_temp\TestResults\c2kbuild_CLTBUILD23 2021-04-12 08_12_36\In\a54ddbdd-4a6f-448f-87ac-492a0383df19\CLTBUILD23&gt;set CollectionFileName=c:\agt6\_work\6\a\api\environment\regapiautomation\testdata\fisap-datacorrection\prereq-invaliddepmodel-19_20\..\..\..\..\..\PreReq\PreReq-PostPaymentLedgerCard.postman_collection.json &#xD;
&#xD;
C:\Agt6\_work\_temp\TestResults\c2kbuild_CLTBUILD23 2021-04-12 08_12_36\In\a54ddbdd-4a6f-448f-87ac-492a0383df19\CLTBUILD23&gt;set DataFileName=c:\agt6\_work\6\a\api\environment\regapiautomation\testdata\fisap-datacorrection\prereq-invaliddepmodel-19_20\PreReq-FISAP-DataCorrection@InvalidDepModel-19_20-PostPaymentLedgerCard.data.json &#xD;
&#xD;
C:\Agt6\_work\_temp\TestResults\c2kbuild_CLTBUILD23 2021-04-12 08_12_36\In\a54ddbdd-4a6f-448f-87ac-492a0383df19\CLTBUILD23&gt;set EnvironmentFilePath=c:\agt6\_work\6\a\api\environment\regapiautomation\testdata\fisap-datacorrection\prereq-invaliddepmodel-19_20\..\..\..\RegApiAutoEnvironment.postman_environment.json &#xD;
&#xD;
C:\Agt6\_work\_temp\TestResults\c2kbuild_CLTBUILD23 2021-04-12 08_12_36\In\a54ddbdd-4a6f-448f-87ac-492a0383df19\CLTBUILD23&gt;set HtmlResultsFile=PreReq-PostPaymentLedgerCard_Html.html &#xD;
&#xD;
C:\Agt6\_work\_temp\TestResults\c2kbuild_CLTBUILD23 2021-04-12 08_12_36\In\a54ddbdd-4a6f-448f-87ac-492a0383df19\CLTBUILD23&gt;set JunitResultsFile=PreReq-PostPaymentLdegerCard_Junit.xml &#xD;
&#xD;
C:\Agt6\_work\_temp\TestResults\c2kbuild_CLTBUILD23 2021-04-12 08_12_36\In\a54ddbdd-4a6f-448f-87ac-492a0383df19\CLTBUILD23&gt;newman run "c:\agt6\_work\6\a\api\environment\regapiautomation\testdata\fisap-datacorrection\prereq-invaliddepmodel-19_20\..\..\..\..\..\PreReq\PreReq-PostPaymentLedgerCard.postman_collection.json" -k -d "c:\agt6\_work\6\a\api\environment\regapiautomation\testdata\fisap-datacorrection\prereq-invaliddepmodel-19_20\PreReq-FISAP-DataCorrection@InvalidDepModel-19_20-PostPaymentLedgerCard.data.json" -e "c:\agt6\_work\6\a\api\environment\regapiautomation\testdata\fisap-datacorrection\prereq-invaliddepmodel-19_20\..\..\..\RegApiAutoEnvironment.postman_environment.json" -r junit,html --reporter-html-export "PreReq-PostPaymentLedgerCard_Html.html" --reporter-junit-export "PreReq-PostPaymentLdegerCard_Junit.xml"</StdOut>
          </Output>
          <ResultFiles>
            <ResultFile path="CLTBUILD23\PreReq-PostPaymentLdegerCard_Junit.xml" />
            <ResultFile path="CLTBUILD23\PreReq-PostPaymentLedgerCard_Html.html" />
          </ResultFiles>
        </UnitTestResult>
        <UnitTestResult executionId="ae48be67-1513-401c-97d3-547cc4039c56" parentExecutionId="35e8c6e1-78c0-4502-84a9-903cb54d4268" testId="aa0cb258-763f-4117-874c-f720a013fd32" testName="8- fisap-datacorrection@invaliddepmodel-19_20-generictest (OT-06P-FISAP-InvalidDepModel-19_20)" computerName="CLTBUILD23" duration="00:00:08.5438683" startTime="2021-04-12T08:57:56.5742565-04:00" endTime="2021-04-12T08:58:05.1246405-04:00" testType="13cdc9d9-ddb5-4fa4-a97d-d965ccfc6d4b" outcome="Passed" testListId="8c84fa94-04c1-424b-9868-57a2d4851a1d" relativeResultsDirectory="ae48be67-1513-401c-97d3-547cc4039c56">
          <Output>
            <StdOut>C:\Agt6\_work\_temp\TestResults\c2kbuild_CLTBUILD23 2021-04-12 08_12_36\In\ae48be67-1513-401c-97d3-547cc4039c56\CLTBUILD23&gt;if not defined TestLocation (set TestLocation=. ) &#xD;
&#xD;
C:\Agt6\_work\_temp\TestResults\c2kbuild_CLTBUILD23 2021-04-12 08_12_36\In\ae48be67-1513-401c-97d3-547cc4039c56\CLTBUILD23&gt;set CollectionFileName=c:\agt6\_work\6\a\api\environment\regapiautomation\testdata\fisap-datacorrection\..\..\..\..\Tests\FISAP-DataCorrection\FISAP-DataCorrection@InvalidDepModel.postman_collection.json &#xD;
&#xD;
C:\Agt6\_work\_temp\TestResults\c2kbuild_CLTBUILD23 2021-04-12 08_12_36\In\ae48be67-1513-401c-97d3-547cc4039c56\CLTBUILD23&gt;set DataFileName=c:\agt6\_work\6\a\api\environment\regapiautomation\testdata\fisap-datacorrection\FISAP-DataCorrection@InvalidDepModel-19_20.data.json &#xD;
&#xD;
C:\Agt6\_work\_temp\TestResults\c2kbuild_CLTBUILD23 2021-04-12 08_12_36\In\ae48be67-1513-401c-97d3-547cc4039c56\CLTBUILD23&gt;set EnvironmentFilePath=c:\agt6\_work\6\a\api\environment\regapiautomation\testdata\fisap-datacorrection\..\..\RegApiAutoEnvironment.postman_environment.json &#xD;
&#xD;
C:\Agt6\_work\_temp\TestResults\c2kbuild_CLTBUILD23 2021-04-12 08_12_36\In\ae48be67-1513-401c-97d3-547cc4039c56\CLTBUILD23&gt;set HtmlResultsFile=FISAP-DataCorrection@InvalidDepModel-19_20-Html.html &#xD;
&#xD;
C:\Agt6\_work\_temp\TestResults\c2kbuild_CLTBUILD23 2021-04-12 08_12_36\In\ae48be67-1513-401c-97d3-547cc4039c56\CLTBUILD23&gt;set JunitResultsFile=FISAP-DataCorrection@InvalidDepModel-19_20-Junit.xml &#xD;
&#xD;
C:\Agt6\_work\_temp\TestResults\c2kbuild_CLTBUILD23 2021-04-12 08_12_36\In\ae48be67-1513-401c-97d3-547cc4039c56\CLTBUILD23&gt;newman run "c:\agt6\_work\6\a\api\environment\regapiautomation\testdata\fisap-datacorrection\..\..\..\..\Tests\FISAP-DataCorrection\FISAP-DataCorrection@InvalidDepModel.postman_collection.json" -k -d "c:\agt6\_work\6\a\api\environment\regapiautomation\testdata\fisap-datacorrection\FISAP-DataCorrection@InvalidDepModel-19_20.data.json" -e "c:\agt6\_work\6\a\api\environment\regapiautomation\testdata\fisap-datacorrection\..\..\RegApiAutoEnvironment.postman_environment.json" -r junit,html --reporter-html-export "FISAP-DataCorrection@InvalidDepModel-19_20-Html.html" --reporter-junit-export "FISAP-DataCorrection@InvalidDepModel-19_20-Junit.xml"</StdOut>
          </Output>
          <ResultFiles>
            <ResultFile path="CLTBUILD23\FISAP-DataCorrection@InvalidDepModel-19_20-Html.html" />
            <ResultFile path="CLTBUILD23\FISAP-DataCorrection@InvalidDepModel-19_20-Junit.xml" />
          </ResultFiles>
        </UnitTestResult>
      </InnerResults>
    </TestResultAggregation>
    <TestResultAggregation executionId="df76bfd1-ecfc-4371-bab8-dc7edde13fde" testId="5cd3d8ba-5898-4b4a-82a6-bcf4f27d597e" testName="OT-08-IsirMatch" computerName="CLTBUILD23" duration="00:00:18.2324039" startTime="2021-04-12T09:18:14.7611183-04:00" endTime="2021-04-12T09:18:32.9938147-04:00" testType="ec4800e8-40e5-4ab3-8510-b8bf29b1904d" outcome="Passed" testListId="8c84fa94-04c1-424b-9868-57a2d4851a1d" relativeResultsDirectory="df76bfd1-ecfc-4371-bab8-dc7edde13fde">
      <InnerResults>
        <UnitTestResult executionId="d2f0fc48-03cc-40cc-bd01-8f0d8864b932" parentExecutionId="df76bfd1-ecfc-4371-bab8-dc7edde13fde" testId="43285357-7831-4013-9eb6-f5a372e723ca" testName="1- prereq-appproc-isirmatching@hp-automatch-generictest (OT-08-IsirMatch)" computerName="CLTBUILD23" duration="00:00:08.8656988" startTime="2021-04-12T09:18:14.7631189-04:00" endTime="2021-04-12T09:18:23.6314825-04:00" testType="13cdc9d9-ddb5-4fa4-a97d-d965ccfc6d4b" outcome="Passed" testListId="8c84fa94-04c1-424b-9868-57a2d4851a1d" relativeResultsDirectory="d2f0fc48-03cc-40cc-bd01-8f0d8864b932">
          <Output>
            <StdOut>C:\Agt6\_work\_temp\TestResults\c2kbuild_CLTBUILD23 2021-04-12 08_12_36\In\d2f0fc48-03cc-40cc-bd01-8f0d8864b932\CLTBUILD23&gt;if not defined TestLocation (set TestLocation=. ) &#xD;
&#xD;
C:\Agt6\_work\_temp\TestResults\c2kbuild_CLTBUILD23 2021-04-12 08_12_36\In\d2f0fc48-03cc-40cc-bd01-8f0d8864b932\CLTBUILD23&gt;set CollectionFileName=c:\agt6\_work\6\a\api\environment\regapiautomation\testdata\isirmatch\prereq\..\..\..\..\..\PreReq\PreReq-ImportISIR.postman_collection.json &#xD;
&#xD;
C:\Agt6\_work\_temp\TestResults\c2kbuild_CLTBUILD23 2021-04-12 08_12_36\In\d2f0fc48-03cc-40cc-bd01-8f0d8864b932\CLTBUILD23&gt;set DataFileName=c:\agt6\_work\6\a\api\environment\regapiautomation\testdata\isirmatch\prereq\PreReq-AppProc-ISIRMatching@HP-Automatch.data.json &#xD;
&#xD;
C:\Agt6\_work\_temp\TestResults\c2kbuild_CLTBUILD23 2021-04-12 08_12_36\In\d2f0fc48-03cc-40cc-bd01-8f0d8864b932\CLTBUILD23&gt;set EnvironmentFilePath=c:\agt6\_work\6\a\api\environment\regapiautomation\testdata\isirmatch\prereq\..\..\..\RegApiAutoEnvironment.postman_environment.json &#xD;
&#xD;
C:\Agt6\_work\_temp\TestResults\c2kbuild_CLTBUILD23 2021-04-12 08_12_36\In\d2f0fc48-03cc-40cc-bd01-8f0d8864b932\CLTBUILD23&gt;set HtmlResultsFile=PreReq-AppProc-ISIRMatching@HP-Automatch_Html.html &#xD;
&#xD;
C:\Agt6\_work\_temp\TestResults\c2kbuild_CLTBUILD23 2021-04-12 08_12_36\In\d2f0fc48-03cc-40cc-bd01-8f0d8864b932\CLTBUILD23&gt;set JunitResultsFile=PreReq-AppProc-ISIRMatching@HP-Automatch_Junit.xml &#xD;
&#xD;
C:\Agt6\_work\_temp\TestResults\c2kbuild_CLTBUILD23 2021-04-12 08_12_36\In\d2f0fc48-03cc-40cc-bd01-8f0d8864b932\CLTBUILD23&gt;newman run "c:\agt6\_work\6\a\api\environment\regapiautomation\testdata\isirmatch\prereq\..\..\..\..\..\PreReq\PreReq-ImportISIR.postman_collection.json" -k -d "c:\agt6\_work\6\a\api\environment\regapiautomation\testdata\isirmatch\prereq\PreReq-AppProc-ISIRMatching@HP-Automatch.data.json" -e "c:\agt6\_work\6\a\api\environment\regapiautomation\testdata\isirmatch\prereq\..\..\..\RegApiAutoEnvironment.postman_environment.json" -r junit,html --reporter-html-export "PreReq-AppProc-ISIRMatching@HP-Automatch_Html.html" --reporter-junit-export "PreReq-AppProc-ISIRMatching@HP-Automatch_Junit.xml"</StdOut>
          </Output>
          <ResultFiles>
            <ResultFile path="CLTBUILD23\PreReq-AppProc-ISIRMatching@HP-Automatch_Html.html" />
            <ResultFile path="CLTBUILD23\PreReq-AppProc-ISIRMatching@HP-Automatch_Junit.xml" />
          </ResultFiles>
        </UnitTestResult>
        <UnitTestResult executionId="1eb068dc-cadb-47fc-9b39-d7ec42b432f4" parentExecutionId="df76bfd1-ecfc-4371-bab8-dc7edde13fde" testId="fd997c6c-8054-424a-87e0-3a0e6e647f14" testName="2- appproc-isirmatching@hp-automatch-generictest (OT-08-IsirMatch)" computerName="CLTBUILD23" duration="00:00:09.3565133" startTime="2021-04-12T09:18:23.6314825-04:00" endTime="2021-04-12T09:18:32.9908175-04:00" testType="13cdc9d9-ddb5-4fa4-a97d-d965ccfc6d4b" outcome="Passed" testListId="8c84fa94-04c1-424b-9868-57a2d4851a1d" relativeResultsDirectory="1eb068dc-cadb-47fc-9b39-d7ec42b432f4">
          <Output>
            <StdOut>C:\Agt6\_work\_temp\TestResults\c2kbuild_CLTBUILD23 2021-04-12 08_12_36\In\1eb068dc-cadb-47fc-9b39-d7ec42b432f4\CLTBUILD23&gt;if not defined TestLocation (set TestLocation=. ) &#xD;
&#xD;
C:\Agt6\_work\_temp\TestResults\c2kbuild_CLTBUILD23 2021-04-12 08_12_36\In\1eb068dc-cadb-47fc-9b39-d7ec42b432f4\CLTBUILD23&gt;set CollectionFileName=c:\agt6\_work\6\a\api\environment\regapiautomation\testdata\isirmatch\..\..\..\..\Tests\IsirMatch\AppProc-ISIRMatching@HP-Automatch.postman_collection.json &#xD;
&#xD;
C:\Agt6\_work\_temp\TestResults\c2kbuild_CLTBUILD23 2021-04-12 08_12_36\In\1eb068dc-cadb-47fc-9b39-d7ec42b432f4\CLTBUILD23&gt;set DataFileName=c:\agt6\_work\6\a\api\environment\regapiautomation\testdata\isirmatch\AppProc-ISIRMatching@HP-Automatch.data.json &#xD;
&#xD;
C:\Agt6\_work\_temp\TestResults\c2kbuild_CLTBUILD23 2021-04-12 08_12_36\In\1eb068dc-cadb-47fc-9b39-d7ec42b432f4\CLTBUILD23&gt;set EnvironmentFilePath=c:\agt6\_work\6\a\api\environment\regapiautomation\testdata\isirmatch\..\..\RegApiAutoEnvironment.postman_environment.json &#xD;
&#xD;
C:\Agt6\_work\_temp\TestResults\c2kbuild_CLTBUILD23 2021-04-12 08_12_36\In\1eb068dc-cadb-47fc-9b39-d7ec42b432f4\CLTBUILD23&gt;set HtmlResultsFile=AppProc-ISIRMatching@HP-Automatch_Html.html &#xD;
&#xD;
C:\Agt6\_work\_temp\TestResults\c2kbuild_CLTBUILD23 2021-04-12 08_12_36\In\1eb068dc-cadb-47fc-9b39-d7ec42b432f4\CLTBUILD23&gt;set JunitResultsFile=AppProc-ISIRMatching@HP-Automatch_Junit.xml &#xD;
&#xD;
C:\Agt6\_work\_temp\TestResults\c2kbuild_CLTBUILD23 2021-04-12 08_12_36\In\1eb068dc-cadb-47fc-9b39-d7ec42b432f4\CLTBUILD23&gt;newman run "c:\agt6\_work\6\a\api\environment\regapiautomation\testdata\isirmatch\..\..\..\..\Tests\IsirMatch\AppProc-ISIRMatching@HP-Automatch.postman_collection.json" -k -d "c:\agt6\_work\6\a\api\environment\regapiautomation\testdata\isirmatch\AppProc-ISIRMatching@HP-Automatch.data.json" -e "c:\agt6\_work\6\a\api\environment\regapiautomation\testdata\isirmatch\..\..\RegApiAutoEnvironment.postman_environment.json" -r junit,html --reporter-html-export "AppProc-ISIRMatching@HP-Automatch_Html.html" --reporter-junit-export "AppProc-ISIRMatching@HP-Automatch_Junit.xml"</StdOut>
          </Output>
          <ResultFiles>
            <ResultFile path="CLTBUILD23\AppProc-ISIRMatching@HP-Automatch_Html.html" />
            <ResultFile path="CLTBUILD23\AppProc-ISIRMatching@HP-Automatch_Junit.xml" />
          </ResultFiles>
        </UnitTestResult>
      </InnerResults>
    </TestResultAggregation>
    <TestResultAggregation executionId="462763f0-55e1-45e0-adc5-7355d9f91d2c" testId="5eb4e4c5-71fc-427e-96d8-9ec430916678" testName="OT-06X-FISAP-Report-Detail-19_20" computerName="CLTBUILD23" duration="00:03:32.3659673" startTime="2021-04-12T09:06:46.1128062-04:00" endTime="2021-04-12T09:10:18.4551086-04:00" testType="ec4800e8-40e5-4ab3-8510-b8bf29b1904d" outcome="Failed" testListId="8c84fa94-04c1-424b-9868-57a2d4851a1d" relativeResultsDirectory="462763f0-55e1-45e0-adc5-7355d9f91d2c">
      <InnerResults>
        <UnitTestResult executionId="1f140bbd-2477-4071-9a0b-e8df49a4a2e1" parentExecutionId="462763f0-55e1-45e0-adc5-7355d9f91d2c" testId="f0c3f683-f458-4bc6-b179-5cd878c59938" testName="01- prereq-fisap-datacorrection@report-detail-19_20-createstudent-generictest (OT-06X-FISAP-Report-Detail-19_20)" computerName="CLTBUILD23" duration="00:00:07.9757030" startTime="2021-04-12T09:06:46.1158069-04:00" endTime="2021-04-12T09:06:54.0932266-04:00" testType="13cdc9d9-ddb5-4fa4-a97d-d965ccfc6d4b" outcome="Passed" testListId="8c84fa94-04c1-424b-9868-57a2d4851a1d" relativeResultsDirectory="1f140bbd-2477-4071-9a0b-e8df49a4a2e1">
          <Output>
            <StdOut>C:\Agt6\_work\_temp\TestResults\c2kbuild_CLTBUILD23 2021-04-12 08_12_36\In\1f140bbd-2477-4071-9a0b-e8df49a4a2e1\CLTBUILD23&gt;if not defined TestLocation (set TestLocation=. ) &#xD;
&#xD;
C:\Agt6\_work\_temp\TestResults\c2kbuild_CLTBUILD23 2021-04-12 08_12_36\In\1f140bbd-2477-4071-9a0b-e8df49a4a2e1\CLTBUILD23&gt;set CollectionFileName=c:\agt6\_work\6\a\api\environment\regapiautomation\testdata\fisap-datacorrection\prereq-report-detail-19_20\..\..\..\..\..\PreReq\PreReq-CreateStudent.postman_collection.json &#xD;
&#xD;
C:\Agt6\_work\_temp\TestResults\c2kbuild_CLTBUILD23 2021-04-12 08_12_36\In\1f140bbd-2477-4071-9a0b-e8df49a4a2e1\CLTBUILD23&gt;set DataFileName=c:\agt6\_work\6\a\api\environment\regapiautomation\testdata\fisap-datacorrection\prereq-report-detail-19_20\PreReq-FISAP-DataCorrection@Report-Detail-19_20-CreateStudent.data.csv &#xD;
&#xD;
C:\Agt6\_work\_temp\TestResults\c2kbuild_CLTBUILD23 2021-04-12 08_12_36\In\1f140bbd-2477-4071-9a0b-e8df49a4a2e1\CLTBUILD23&gt;set EnvironmentFilePath=c:\agt6\_work\6\a\api\environment\regapiautomation\testdata\fisap-datacorrection\prereq-report-detail-19_20\..\..\..\RegApiAutoEnvironment.postman_environment.json &#xD;
&#xD;
C:\Agt6\_work\_temp\TestResults\c2kbuild_CLTBUILD23 2021-04-12 08_12_36\In\1f140bbd-2477-4071-9a0b-e8df49a4a2e1\CLTBUILD23&gt;set HtmlResultsFile=CreateStudent_Html.html &#xD;
&#xD;
C:\Agt6\_work\_temp\TestResults\c2kbuild_CLTBUILD23 2021-04-12 08_12_36\In\1f140bbd-2477-4071-9a0b-e8df49a4a2e1\CLTBUILD23&gt;set JunitResultsFile=CreateStudent_Junit.xml &#xD;
&#xD;
C:\Agt6\_work\_temp\TestResults\c2kbuild_CLTBUILD23 2021-04-12 08_12_36\In\1f140bbd-2477-4071-9a0b-e8df49a4a2e1\CLTBUILD23&gt;newman run "c:\agt6\_work\6\a\api\environment\regapiautomation\testdata\fisap-datacorrection\prereq-report-detail-19_20\..\..\..\..\..\PreReq\PreReq-CreateStudent.postman_collection.json" -k -d "c:\agt6\_work\6\a\api\environment\regapiautomation\testdata\fisap-datacorrection\prereq-report-detail-19_20\PreReq-FISAP-DataCorrection@Report-Detail-19_20-CreateStudent.data.csv" -e "c:\agt6\_work\6\a\api\environment\regapiautomation\testdata\fisap-datacorrection\prereq-report-detail-19_20\..\..\..\RegApiAutoEnvironment.postman_environment.json" -r junit,html --reporter-html-export "CreateStudent_Html.html" --reporter-junit-export "CreateStudent_Junit.xml"</StdOut>
          </Output>
          <ResultFiles>
            <ResultFile path="CLTBUILD23\CreateStudent_Html.html" />
            <ResultFile path="CLTBUILD23\CreateStudent_Junit.xml" />
          </ResultFiles>
        </UnitTestResult>
        <UnitTestResult executionId="3af8f496-6c52-4de8-a978-f9a01ba87e9c" parentExecutionId="462763f0-55e1-45e0-adc5-7355d9f91d2c" testId="184a79d7-5af0-4f85-b579-7151623bd100" testName="02- prereq-fisap-datacorrection@report-detail-19_20-importisir-generictest (OT-06X-FISAP-Report-Detail-19_20)" computerName="CLTBUILD23" duration="00:00:08.0328705" startTime="2021-04-12T09:06:54.0942263-04:00" endTime="2021-04-12T09:07:02.1306380-04:00" testType="13cdc9d9-ddb5-4fa4-a97d-d965ccfc6d4b" outcome="Passed" testListId="8c84fa94-04c1-424b-9868-57a2d4851a1d" relativeResultsDirectory="3af8f496-6c52-4de8-a978-f9a01ba87e9c">
          <Output>
            <StdOut>C:\Agt6\_work\_temp\TestResults\c2kbuild_CLTBUILD23 2021-04-12 08_12_36\In\3af8f496-6c52-4de8-a978-f9a01ba87e9c\CLTBUILD23&gt;if not defined TestLocation (set TestLocation=. ) &#xD;
&#xD;
C:\Agt6\_work\_temp\TestResults\c2kbuild_CLTBUILD23 2021-04-12 08_12_36\In\3af8f496-6c52-4de8-a978-f9a01ba87e9c\CLTBUILD23&gt;set CollectionFileName=c:\agt6\_work\6\a\api\environment\regapiautomation\testdata\fisap-datacorrection\prereq-report-detail-19_20\..\..\..\..\..\PreReq\PreReq-ImportIsir.postman_collection.json &#xD;
&#xD;
C:\Agt6\_work\_temp\TestResults\c2kbuild_CLTBUILD23 2021-04-12 08_12_36\In\3af8f496-6c52-4de8-a978-f9a01ba87e9c\CLTBUILD23&gt;set DataFileName=c:\agt6\_work\6\a\api\environment\regapiautomation\testdata\fisap-datacorrection\prereq-report-detail-19_20\PreReq-FISAP-DataCorrection@Report-Detail-19_20-ImportIsir.data.json &#xD;
&#xD;
C:\Agt6\_work\_temp\TestResults\c2kbuild_CLTBUILD23 2021-04-12 08_12_36\In\3af8f496-6c52-4de8-a978-f9a01ba87e9c\CLTBUILD23&gt;set EnvironmentFilePath=c:\agt6\_work\6\a\api\environment\regapiautomation\testdata\fisap-datacorrection\prereq-report-detail-19_20\..\..\..\RegApiAutoEnvironment.postman_environment.json &#xD;
&#xD;
C:\Agt6\_work\_temp\TestResults\c2kbuild_CLTBUILD23 2021-04-12 08_12_36\In\3af8f496-6c52-4de8-a978-f9a01ba87e9c\CLTBUILD23&gt;set HtmlResultsFile=PreReq-ImportIsir_Html.html &#xD;
&#xD;
C:\Agt6\_work\_temp\TestResults\c2kbuild_CLTBUILD23 2021-04-12 08_12_36\In\3af8f496-6c52-4de8-a978-f9a01ba87e9c\CLTBUILD23&gt;set JunitResultsFile=PreReq-ImportIsir_Junit.xml &#xD;
&#xD;
C:\Agt6\_work\_temp\TestResults\c2kbuild_CLTBUILD23 2021-04-12 08_12_36\In\3af8f496-6c52-4de8-a978-f9a01ba87e9c\CLTBUILD23&gt;newman run "c:\agt6\_work\6\a\api\environment\regapiautomation\testdata\fisap-datacorrection\prereq-report-detail-19_20\..\..\..\..\..\PreReq\PreReq-ImportIsir.postman_collection.json" -k -d "c:\agt6\_work\6\a\api\environment\regapiautomation\testdata\fisap-datacorrection\prereq-report-detail-19_20\PreReq-FISAP-DataCorrection@Report-Detail-19_20-ImportIsir.data.json" -e "c:\agt6\_work\6\a\api\environment\regapiautomation\testdata\fisap-datacorrection\prereq-report-detail-19_20\..\..\..\RegApiAutoEnvironment.postman_environment.json" -r junit,html --reporter-html-export "PreReq-ImportIsir_Html.html" --reporter-junit-export "PreReq-ImportIsir_Junit.xml"</StdOut>
          </Output>
          <ResultFiles>
            <ResultFile path="CLTBUILD23\PreReq-ImportIsir_Html.html" />
            <ResultFile path="CLTBUILD23\PreReq-ImportIsir_Junit.xml" />
          </ResultFiles>
        </UnitTestResult>
        <UnitTestResult executionId="3c51cc8e-2274-4968-8556-4e471e0ec519" parentExecutionId="462763f0-55e1-45e0-adc5-7355d9f91d2c" testId="7bf9f965-e113-40de-a146-db9d58997e5b" testName="03- prereq-fisap-datacorrection@report-detail-19_20-enrollstudent-generictest (OT-06X-FISAP-Report-Detail-19_20)" computerName="CLTBUILD23" duration="00:00:12.3547398" startTime="2021-04-12T09:07:02.1306380-04:00" endTime="2021-04-12T09:07:14.4927436-04:00" testType="13cdc9d9-ddb5-4fa4-a97d-d965ccfc6d4b" outcome="Passed" testListId="8c84fa94-04c1-424b-9868-57a2d4851a1d" relativeResultsDirectory="3c51cc8e-2274-4968-8556-4e471e0ec519">
          <Output>
            <StdOut>C:\Agt6\_work\_temp\TestResults\c2kbuild_CLTBUILD23 2021-04-12 08_12_36\In\3c51cc8e-2274-4968-8556-4e471e0ec519\CLTBUILD23&gt;if not defined TestLocation (set TestLocation=. ) &#xD;
&#xD;
C:\Agt6\_work\_temp\TestResults\c2kbuild_CLTBUILD23 2021-04-12 08_12_36\In\3c51cc8e-2274-4968-8556-4e471e0ec519\CLTBUILD23&gt;set CollectionFileName=c:\agt6\_work\6\a\api\environment\regapiautomation\testdata\fisap-datacorrection\prereq-report-detail-19_20\..\..\..\..\..\PreReq\PreReq-EnrollStudent.postman_collection.json &#xD;
&#xD;
C:\Agt6\_work\_temp\TestResults\c2kbuild_CLTBUILD23 2021-04-12 08_12_36\In\3c51cc8e-2274-4968-8556-4e471e0ec519\CLTBUILD23&gt;set DataFileName=c:\agt6\_work\6\a\api\environment\regapiautomation\testdata\fisap-datacorrection\prereq-report-detail-19_20\PreReq-FISAP-DataCorrection@Report-Detail-19_20-EnrollStudent.data.csv &#xD;
&#xD;
C:\Agt6\_work\_temp\TestResults\c2kbuild_CLTBUILD23 2021-04-12 08_12_36\In\3c51cc8e-2274-4968-8556-4e471e0ec519\CLTBUILD23&gt;set EnvironmentFilePath=c:\agt6\_work\6\a\api\environment\regapiautomation\testdata\fisap-datacorrection\prereq-report-detail-19_20\..\..\..\RegApiAutoEnvironment.postman_environment.json &#xD;
&#xD;
C:\Agt6\_work\_temp\TestResults\c2kbuild_CLTBUILD23 2021-04-12 08_12_36\In\3c51cc8e-2274-4968-8556-4e471e0ec519\CLTBUILD23&gt;set HtmlResultsFile=EnrollStudent_Html.html &#xD;
&#xD;
C:\Agt6\_work\_temp\TestResults\c2kbuild_CLTBUILD23 2021-04-12 08_12_36\In\3c51cc8e-2274-4968-8556-4e471e0ec519\CLTBUILD23&gt;set JunitResultsFile=EnrollStudent_Junit.xml &#xD;
&#xD;
C:\Agt6\_work\_temp\TestResults\c2kbuild_CLTBUILD23 2021-04-12 08_12_36\In\3c51cc8e-2274-4968-8556-4e471e0ec519\CLTBUILD23&gt;newman run "c:\agt6\_work\6\a\api\environment\regapiautomation\testdata\fisap-datacorrection\prereq-report-detail-19_20\..\..\..\..\..\PreReq\PreReq-EnrollStudent.postman_collection.json" -k -d "c:\agt6\_work\6\a\api\environment\regapiautomation\testdata\fisap-datacorrection\prereq-report-detail-19_20\PreReq-FISAP-DataCorrection@Report-Detail-19_20-EnrollStudent.data.csv" -e "c:\agt6\_work\6\a\api\environment\regapiautomation\testdata\fisap-datacorrection\prereq-report-detail-19_20\..\..\..\RegApiAutoEnvironment.postman_environment.json" -r junit,html --reporter-html-export "EnrollStudent_Html.html" --reporter-junit-export "EnrollStudent_Junit.xml"</StdOut>
          </Output>
          <ResultFiles>
            <ResultFile path="CLTBUILD23\EnrollStudent_Html.html" />
            <ResultFile path="CLTBUILD23\EnrollStudent_Junit.xml" />
          </ResultFiles>
        </UnitTestResult>
        <UnitTestResult executionId="95e14149-8764-4026-af95-73d911996691" parentExecutionId="462763f0-55e1-45e0-adc5-7355d9f91d2c" testId="849861f2-3c98-4c2a-9bf3-59540f2a2ea5" testName="04- prereq-fisap-datacorrection@report-detail-19_20-seteffectivedate-generictest (OT-06X-FISAP-Report-Detail-19_20)" computerName="CLTBUILD23" duration="00:00:06.0001702" startTime="2021-04-12T09:07:14.4927436-04:00" endTime="2021-04-12T09:07:20.4943004-04:00" testType="13cdc9d9-ddb5-4fa4-a97d-d965ccfc6d4b" outcome="Passed" testListId="8c84fa94-04c1-424b-9868-57a2d4851a1d" relativeResultsDirectory="95e14149-8764-4026-af95-73d911996691">
          <Output>
            <StdOut>C:\Agt6\_work\_temp\TestResults\c2kbuild_CLTBUILD23 2021-04-12 08_12_36\In\95e14149-8764-4026-af95-73d911996691\CLTBUILD23&gt;if not defined TestLocation (set TestLocation=. ) &#xD;
&#xD;
C:\Agt6\_work\_temp\TestResults\c2kbuild_CLTBUILD23 2021-04-12 08_12_36\In\95e14149-8764-4026-af95-73d911996691\CLTBUILD23&gt;set CollectionFileName=c:\agt6\_work\6\a\api\environment\regapiautomation\testdata\fisap-datacorrection\prereq-report-detail-19_20\..\..\..\..\..\PreReq\PreReq-SetEffectiveDateAfterStudentEnroll.postman_collection.json &#xD;
&#xD;
C:\Agt6\_work\_temp\TestResults\c2kbuild_CLTBUILD23 2021-04-12 08_12_36\In\95e14149-8764-4026-af95-73d911996691\CLTBUILD23&gt;set DataFileName=c:\agt6\_work\6\a\api\environment\regapiautomation\testdata\fisap-datacorrection\prereq-report-detail-19_20\PreReq-FISAP-DataCorrection@Report-Detail-19_20-SetEffectiveDate.data.json &#xD;
&#xD;
C:\Agt6\_work\_temp\TestResults\c2kbuild_CLTBUILD23 2021-04-12 08_12_36\In\95e14149-8764-4026-af95-73d911996691\CLTBUILD23&gt;set EnvironmentFilePath=c:\agt6\_work\6\a\api\environment\regapiautomation\testdata\fisap-datacorrection\prereq-report-detail-19_20\..\..\..\RegApiAutoEnvironment.postman_environment.json &#xD;
&#xD;
C:\Agt6\_work\_temp\TestResults\c2kbuild_CLTBUILD23 2021-04-12 08_12_36\In\95e14149-8764-4026-af95-73d911996691\CLTBUILD23&gt;set HtmlResultsFile=SetEffectiveDate_Html.html &#xD;
&#xD;
C:\Agt6\_work\_temp\TestResults\c2kbuild_CLTBUILD23 2021-04-12 08_12_36\In\95e14149-8764-4026-af95-73d911996691\CLTBUILD23&gt;set JunitResultsFile=SetEffectiveDate_Junit.xml &#xD;
&#xD;
C:\Agt6\_work\_temp\TestResults\c2kbuild_CLTBUILD23 2021-04-12 08_12_36\In\95e14149-8764-4026-af95-73d911996691\CLTBUILD23&gt;newman run "c:\agt6\_work\6\a\api\environment\regapiautomation\testdata\fisap-datacorrection\prereq-report-detail-19_20\..\..\..\..\..\PreReq\PreReq-SetEffectiveDateAfterStudentEnroll.postman_collection.json" -k -d "c:\agt6\_work\6\a\api\environment\regapiautomation\testdata\fisap-datacorrection\prereq-report-detail-19_20\PreReq-FISAP-DataCorrection@Report-Detail-19_20-SetEffectiveDate.data.json" -e "c:\agt6\_work\6\a\api\environment\regapiautomation\testdata\fisap-datacorrection\prereq-report-detail-19_20\..\..\..\RegApiAutoEnvironment.postman_environment.json" -r junit,html --reporter-html-export "SetEffectiveDate_Html.html" --reporter-junit-export "SetEffectiveDate_Junit.xml"</StdOut>
          </Output>
          <ResultFiles>
            <ResultFile path="CLTBUILD23\SetEffectiveDate_Html.html" />
            <ResultFile path="CLTBUILD23\SetEffectiveDate_Junit.xml" />
          </ResultFiles>
        </UnitTestResult>
        <UnitTestResult executionId="05c91956-d40a-497c-96b7-978f7004d003" parentExecutionId="462763f0-55e1-45e0-adc5-7355d9f91d2c" testId="349e10f5-6131-4577-a09e-6ae01e2344bc" testName="05- prereq-fisap-datacorrection@report-detail-19_20-registerclassandpostattendance-generictest (OT-06X-FISAP-Report-Detail-19_20)" computerName="CLTBUILD23" duration="00:00:08.0919449" startTime="2021-04-12T09:07:20.4963046-04:00" endTime="2021-04-12T09:07:28.6007155-04:00" testType="13cdc9d9-ddb5-4fa4-a97d-d965ccfc6d4b" outcome="Passed" testListId="8c84fa94-04c1-424b-9868-57a2d4851a1d" relativeResultsDirectory="05c91956-d40a-497c-96b7-978f7004d003">
          <Output>
            <StdOut>C:\Agt6\_work\_temp\TestResults\c2kbuild_CLTBUILD23 2021-04-12 08_12_36\In\05c91956-d40a-497c-96b7-978f7004d003\CLTBUILD23&gt;if not defined TestLocation (set TestLocation=. ) &#xD;
&#xD;
C:\Agt6\_work\_temp\TestResults\c2kbuild_CLTBUILD23 2021-04-12 08_12_36\In\05c91956-d40a-497c-96b7-978f7004d003\CLTBUILD23&gt;set CollectionFileName=c:\agt6\_work\6\a\api\environment\regapiautomation\testdata\fisap-datacorrection\prereq-report-detail-19_20\..\..\..\..\..\PreReq\PreReq-RegisterClassAndPostAttendanceForStudent.postman_collection.json &#xD;
&#xD;
C:\Agt6\_work\_temp\TestResults\c2kbuild_CLTBUILD23 2021-04-12 08_12_36\In\05c91956-d40a-497c-96b7-978f7004d003\CLTBUILD23&gt;set DataFileName=c:\agt6\_work\6\a\api\environment\regapiautomation\testdata\fisap-datacorrection\prereq-report-detail-19_20\PreReq-FISAP-DataCorrection@Report-Detail-19_20-RegisterClassAndPostAttendance.csv &#xD;
&#xD;
C:\Agt6\_work\_temp\TestResults\c2kbuild_CLTBUILD23 2021-04-12 08_12_36\In\05c91956-d40a-497c-96b7-978f7004d003\CLTBUILD23&gt;set EnvironmentFilePath=c:\agt6\_work\6\a\api\environment\regapiautomation\testdata\fisap-datacorrection\prereq-report-detail-19_20\..\..\..\RegApiAutoEnvironment.postman_environment.json &#xD;
&#xD;
C:\Agt6\_work\_temp\TestResults\c2kbuild_CLTBUILD23 2021-04-12 08_12_36\In\05c91956-d40a-497c-96b7-978f7004d003\CLTBUILD23&gt;set HtmlResultsFile=PreReq-RegisterClassAndPostAttendance_Html.html &#xD;
&#xD;
C:\Agt6\_work\_temp\TestResults\c2kbuild_CLTBUILD23 2021-04-12 08_12_36\In\05c91956-d40a-497c-96b7-978f7004d003\CLTBUILD23&gt;set JunitResultsFile=PreReq-RegisterClassAndPostAttendance_Junit.xml &#xD;
&#xD;
C:\Agt6\_work\_temp\TestResults\c2kbuild_CLTBUILD23 2021-04-12 08_12_36\In\05c91956-d40a-497c-96b7-978f7004d003\CLTBUILD23&gt;newman run "c:\agt6\_work\6\a\api\environment\regapiautomation\testdata\fisap-datacorrection\prereq-report-detail-19_20\..\..\..\..\..\PreReq\PreReq-RegisterClassAndPostAttendanceForStudent.postman_collection.json" -k -d "c:\agt6\_work\6\a\api\environment\regapiautomation\testdata\fisap-datacorrection\prereq-report-detail-19_20\PreReq-FISAP-DataCorrection@Report-Detail-19_20-RegisterClassAndPostAttendance.csv" -e "c:\agt6\_work\6\a\api\environment\regapiautomation\testdata\fisap-datacorrection\prereq-report-detail-19_20\..\..\..\RegApiAutoEnvironment.postman_environment.json" -r junit,html --reporter-html-export "PreReq-RegisterClassAndPostAttendance_Html.html" --reporter-junit-export "PreReq-RegisterClassAndPostAttendance_Junit.xml"</StdOut>
          </Output>
          <ResultFiles>
            <ResultFile path="CLTBUILD23\PreReq-RegisterClassAndPostAttendance_Html.html" />
            <ResultFile path="CLTBUILD23\PreReq-RegisterClassAndPostAttendance_Junit.xml" />
          </ResultFiles>
        </UnitTestResult>
        <UnitTestResult executionId="4fbb166c-269d-49f6-a64b-9174ef8cb5bf" parentExecutionId="462763f0-55e1-45e0-adc5-7355d9f91d2c" testId="10be41df-6689-4320-85d4-42269e916848" testName="06- prereq-fisap-datacorrection@report-detail-19_20-updatebudgetforacademicyearforpackaging-generictest (OT-06X-FISAP-Report-Detail-19_20)" computerName="CLTBUILD23" duration="00:00:08.4871372" startTime="2021-04-12T09:07:28.6017138-04:00" endTime="2021-04-12T09:07:37.0950630-04:00" testType="13cdc9d9-ddb5-4fa4-a97d-d965ccfc6d4b" outcome="Passed" testListId="8c84fa94-04c1-424b-9868-57a2d4851a1d" relativeResultsDirectory="4fbb166c-269d-49f6-a64b-9174ef8cb5bf">
          <Output>
            <StdOut>C:\Agt6\_work\_temp\TestResults\c2kbuild_CLTBUILD23 2021-04-12 08_12_36\In\4fbb166c-269d-49f6-a64b-9174ef8cb5bf\CLTBUILD23&gt;if not defined TestLocation (set TestLocation=. ) &#xD;
&#xD;
C:\Agt6\_work\_temp\TestResults\c2kbuild_CLTBUILD23 2021-04-12 08_12_36\In\4fbb166c-269d-49f6-a64b-9174ef8cb5bf\CLTBUILD23&gt;set CollectionFileName=c:\agt6\_work\6\a\api\environment\regapiautomation\testdata\fisap-datacorrection\prereq-report-detail-19_20\..\..\..\..\..\PreReq\PreReq-UpdateBudgetForAcademicYearForPackaging.postman_collection.json &#xD;
&#xD;
C:\Agt6\_work\_temp\TestResults\c2kbuild_CLTBUILD23 2021-04-12 08_12_36\In\4fbb166c-269d-49f6-a64b-9174ef8cb5bf\CLTBUILD23&gt;set DataFileName=c:\agt6\_work\6\a\api\environment\regapiautomation\testdata\fisap-datacorrection\prereq-report-detail-19_20\PreReq-FISAP-DataCorrection@Report-Detail-19_20-UpdateBudgetForAcademicYearForPackaging.data.csv &#xD;
&#xD;
C:\Agt6\_work\_temp\TestResults\c2kbuild_CLTBUILD23 2021-04-12 08_12_36\In\4fbb166c-269d-49f6-a64b-9174ef8cb5bf\CLTBUILD23&gt;set EnvironmentFilePath=c:\agt6\_work\6\a\api\environment\regapiautomation\testdata\fisap-datacorrection\prereq-report-detail-19_20\..\..\..\RegApiAutoEnvironment.postman_environment.json &#xD;
&#xD;
C:\Agt6\_work\_temp\TestResults\c2kbuild_CLTBUILD23 2021-04-12 08_12_36\In\4fbb166c-269d-49f6-a64b-9174ef8cb5bf\CLTBUILD23&gt;set HtmlResultsFile=PreReq-UpdateBudgetForAcademicYearForPackaging_Html.html &#xD;
&#xD;
C:\Agt6\_work\_temp\TestResults\c2kbuild_CLTBUILD23 2021-04-12 08_12_36\In\4fbb166c-269d-49f6-a64b-9174ef8cb5bf\CLTBUILD23&gt;set JunitResultsFile=PreReq-UpdateBudgetForAcademicYearForPackaging_Junit.xml &#xD;
&#xD;
C:\Agt6\_work\_temp\TestResults\c2kbuild_CLTBUILD23 2021-04-12 08_12_36\In\4fbb166c-269d-49f6-a64b-9174ef8cb5bf\CLTBUILD23&gt;newman run "c:\agt6\_work\6\a\api\environment\regapiautomation\testdata\fisap-datacorrection\prereq-report-detail-19_20\..\..\..\..\..\PreReq\PreReq-UpdateBudgetForAcademicYearForPackaging.postman_collection.json" -k -d "c:\agt6\_work\6\a\api\environment\regapiautomation\testdata\fisap-datacorrection\prereq-report-detail-19_20\PreReq-FISAP-DataCorrection@Report-Detail-19_20-UpdateBudgetForAcademicYearForPackaging.data.csv" -e "c:\agt6\_work\6\a\api\environment\regapiautomation\testdata\fisap-datacorrection\prereq-report-detail-19_20\..\..\..\RegApiAutoEnvironment.postman_environment.json" -r junit,html --reporter-html-export "PreReq-UpdateBudgetForAcademicYearForPackaging_Html.html" --reporter-junit-export "PreReq-UpdateBudgetForAcademicYearForPackaging_Junit.xml"</StdOut>
          </Output>
          <ResultFiles>
            <ResultFile path="CLTBUILD23\PreReq-UpdateBudgetForAcademicYearForPackaging_Html.html" />
            <ResultFile path="CLTBUILD23\PreReq-UpdateBudgetForAcademicYearForPackaging_Junit.xml" />
          </ResultFiles>
        </UnitTestResult>
        <UnitTestResult executionId="a93a4a37-da3c-46f1-a865-57b8000cee8e" parentExecutionId="462763f0-55e1-45e0-adc5-7355d9f91d2c" testId="a17ffcde-ee16-4f94-96c5-5e98b2ee999b" testName="07- prereq-fisap-datacorrection@report-detail-19_20-awardgrantforpackaging-generictest (OT-06X-FISAP-Report-Detail-19_20)" computerName="CLTBUILD23" duration="00:00:08.7989320" startTime="2021-04-12T09:07:37.0950630-04:00" endTime="2021-04-12T09:07:45.8949888-04:00" testType="13cdc9d9-ddb5-4fa4-a97d-d965ccfc6d4b" outcome="Passed" testListId="8c84fa94-04c1-424b-9868-57a2d4851a1d" relativeResultsDirectory="a93a4a37-da3c-46f1-a865-57b8000cee8e">
          <Output>
            <StdOut>C:\Agt6\_work\_temp\TestResults\c2kbuild_CLTBUILD23 2021-04-12 08_12_36\In\a93a4a37-da3c-46f1-a865-57b8000cee8e\CLTBUILD23&gt;if not defined TestLocation (set TestLocation=. ) &#xD;
&#xD;
C:\Agt6\_work\_temp\TestResults\c2kbuild_CLTBUILD23 2021-04-12 08_12_36\In\a93a4a37-da3c-46f1-a865-57b8000cee8e\CLTBUILD23&gt;set CollectionFileName=c:\agt6\_work\6\a\api\environment\regapiautomation\testdata\fisap-datacorrection\prereq-report-detail-19_20\..\..\..\..\..\PreReq\PreReq-AwardGrantForPackaging.postman_collection.json &#xD;
&#xD;
C:\Agt6\_work\_temp\TestResults\c2kbuild_CLTBUILD23 2021-04-12 08_12_36\In\a93a4a37-da3c-46f1-a865-57b8000cee8e\CLTBUILD23&gt;set DataFileName=c:\agt6\_work\6\a\api\environment\regapiautomation\testdata\fisap-datacorrection\prereq-report-detail-19_20\PreReq-FISAP-DataCorrection@Report-Detail-19_20-AwardGrantForPackaging.data.csv &#xD;
&#xD;
C:\Agt6\_work\_temp\TestResults\c2kbuild_CLTBUILD23 2021-04-12 08_12_36\In\a93a4a37-da3c-46f1-a865-57b8000cee8e\CLTBUILD23&gt;set EnvironmentFilePath=c:\agt6\_work\6\a\api\environment\regapiautomation\testdata\fisap-datacorrection\prereq-report-detail-19_20\..\..\..\RegApiAutoEnvironment.postman_environment.json &#xD;
&#xD;
C:\Agt6\_work\_temp\TestResults\c2kbuild_CLTBUILD23 2021-04-12 08_12_36\In\a93a4a37-da3c-46f1-a865-57b8000cee8e\CLTBUILD23&gt;set HtmlResultsFile=PreReq-AwardGrantForPackaging_Html.html &#xD;
&#xD;
C:\Agt6\_work\_temp\TestResults\c2kbuild_CLTBUILD23 2021-04-12 08_12_36\In\a93a4a37-da3c-46f1-a865-57b8000cee8e\CLTBUILD23&gt;set JunitResultsFile=PreReq-AwardGrantForPackaging_Junit.xml &#xD;
&#xD;
C:\Agt6\_work\_temp\TestResults\c2kbuild_CLTBUILD23 2021-04-12 08_12_36\In\a93a4a37-da3c-46f1-a865-57b8000cee8e\CLTBUILD23&gt;newman run "c:\agt6\_work\6\a\api\environment\regapiautomation\testdata\fisap-datacorrection\prereq-report-detail-19_20\..\..\..\..\..\PreReq\PreReq-AwardGrantForPackaging.postman_collection.json" -k -d "c:\agt6\_work\6\a\api\environment\regapiautomation\testdata\fisap-datacorrection\prereq-report-detail-19_20\PreReq-FISAP-DataCorrection@Report-Detail-19_20-AwardGrantForPackaging.data.csv" -e "c:\agt6\_work\6\a\api\environment\regapiautomation\testdata\fisap-datacorrection\prereq-report-detail-19_20\..\..\..\RegApiAutoEnvironment.postman_environment.json" -r junit,html --reporter-html-export "PreReq-AwardGrantForPackaging_Html.html" --reporter-junit-export "PreReq-AwardGrantForPackaging_Junit.xml"</StdOut>
          </Output>
          <ResultFiles>
            <ResultFile path="CLTBUILD23\PreReq-AwardGrantForPackaging_Html.html" />
            <ResultFile path="CLTBUILD23\PreReq-AwardGrantForPackaging_Junit.xml" />
          </ResultFiles>
        </UnitTestResult>
        <UnitTestResult executionId="794083f2-0a81-4f5b-8236-3b8f28fd4d6e" parentExecutionId="462763f0-55e1-45e0-adc5-7355d9f91d2c" testId="325bcf5b-43c2-4629-b9bc-77ea1b951416" testName="08- prereq-fisap-datacorrection@report-detail-19_20-postpaymentledgercard-generictest (OT-06X-FISAP-Report-Detail-19_20)" computerName="CLTBUILD23" duration="00:00:07.9079868" startTime="2021-04-12T09:07:45.8949888-04:00" endTime="2021-04-12T09:07:53.8124264-04:00" testType="13cdc9d9-ddb5-4fa4-a97d-d965ccfc6d4b" outcome="Passed" testListId="8c84fa94-04c1-424b-9868-57a2d4851a1d" relativeResultsDirectory="794083f2-0a81-4f5b-8236-3b8f28fd4d6e">
          <Output>
            <StdOut>C:\Agt6\_work\_temp\TestResults\c2kbuild_CLTBUILD23 2021-04-12 08_12_36\In\794083f2-0a81-4f5b-8236-3b8f28fd4d6e\CLTBUILD23&gt;if not defined TestLocation (set TestLocation=. ) &#xD;
&#xD;
C:\Agt6\_work\_temp\TestResults\c2kbuild_CLTBUILD23 2021-04-12 08_12_36\In\794083f2-0a81-4f5b-8236-3b8f28fd4d6e\CLTBUILD23&gt;set CollectionFileName=c:\agt6\_work\6\a\api\environment\regapiautomation\testdata\fisap-datacorrection\prereq-report-detail-19_20\..\..\..\..\..\PreReq\PreReq-PostPaymentLedgerCard.postman_collection.json &#xD;
&#xD;
C:\Agt6\_work\_temp\TestResults\c2kbuild_CLTBUILD23 2021-04-12 08_12_36\In\794083f2-0a81-4f5b-8236-3b8f28fd4d6e\CLTBUILD23&gt;set DataFileName=c:\agt6\_work\6\a\api\environment\regapiautomation\testdata\fisap-datacorrection\prereq-report-detail-19_20\PreReq-FISAP-DataCorrection@Report-Detail-19_20-PostPaymentLedgerCard.data.json &#xD;
&#xD;
C:\Agt6\_work\_temp\TestResults\c2kbuild_CLTBUILD23 2021-04-12 08_12_36\In\794083f2-0a81-4f5b-8236-3b8f28fd4d6e\CLTBUILD23&gt;set EnvironmentFilePath=c:\agt6\_work\6\a\api\environment\regapiautomation\testdata\fisap-datacorrection\prereq-report-detail-19_20\..\..\..\RegApiAutoEnvironment.postman_environment.json &#xD;
&#xD;
C:\Agt6\_work\_temp\TestResults\c2kbuild_CLTBUILD23 2021-04-12 08_12_36\In\794083f2-0a81-4f5b-8236-3b8f28fd4d6e\CLTBUILD23&gt;set HtmlResultsFile=PreReq-PostPaymentLedgerCard_Html.html &#xD;
&#xD;
C:\Agt6\_work\_temp\TestResults\c2kbuild_CLTBUILD23 2021-04-12 08_12_36\In\794083f2-0a81-4f5b-8236-3b8f28fd4d6e\CLTBUILD23&gt;set JunitResultsFile=PreReq-PostPaymentLdegerCard_Junit.xml &#xD;
&#xD;
C:\Agt6\_work\_temp\TestResults\c2kbuild_CLTBUILD23 2021-04-12 08_12_36\In\794083f2-0a81-4f5b-8236-3b8f28fd4d6e\CLTBUILD23&gt;newman run "c:\agt6\_work\6\a\api\environment\regapiautomation\testdata\fisap-datacorrection\prereq-report-detail-19_20\..\..\..\..\..\PreReq\PreReq-PostPaymentLedgerCard.postman_collection.json" -k -d "c:\agt6\_work\6\a\api\environment\regapiautomation\testdata\fisap-datacorrection\prereq-report-detail-19_20\PreReq-FISAP-DataCorrection@Report-Detail-19_20-PostPaymentLedgerCard.data.json" -e "c:\agt6\_work\6\a\api\environment\regapiautomation\testdata\fisap-datacorrection\prereq-report-detail-19_20\..\..\..\RegApiAutoEnvironment.postman_environment.json" -r junit,html --reporter-html-export "PreReq-PostPaymentLedgerCard_Html.html" --reporter-junit-export "PreReq-PostPaymentLdegerCard_Junit.xml"</StdOut>
          </Output>
          <ResultFiles>
            <ResultFile path="CLTBUILD23\PreReq-PostPaymentLdegerCard_Junit.xml" />
            <ResultFile path="CLTBUILD23\PreReq-PostPaymentLedgerCard_Html.html" />
          </ResultFiles>
        </UnitTestResult>
        <UnitTestResult executionId="15f19b51-f751-496c-9d4f-e714a3946500" parentExecutionId="462763f0-55e1-45e0-adc5-7355d9f91d2c" testId="cb6d148f-5ca9-49a0-87d5-cbf804992be2" testName="09- prereq-fisap-datacorrection@report-detail-19_20-changestudentstatus-generictest (OT-06X-FISAP-Report-Detail-19_20)" computerName="CLTBUILD23" duration="00:00:06.5760726" startTime="2021-04-12T09:07:53.8134452-04:00" endTime="2021-04-12T09:08:00.3939591-04:00" testType="13cdc9d9-ddb5-4fa4-a97d-d965ccfc6d4b" outcome="Passed" testListId="8c84fa94-04c1-424b-9868-57a2d4851a1d" relativeResultsDirectory="15f19b51-f751-496c-9d4f-e714a3946500">
          <Output>
            <StdOut>C:\Agt6\_work\_temp\TestResults\c2kbuild_CLTBUILD23 2021-04-12 08_12_36\In\15f19b51-f751-496c-9d4f-e714a3946500\CLTBUILD23&gt;if not defined TestLocation (set TestLocation=. ) &#xD;
&#xD;
C:\Agt6\_work\_temp\TestResults\c2kbuild_CLTBUILD23 2021-04-12 08_12_36\In\15f19b51-f751-496c-9d4f-e714a3946500\CLTBUILD23&gt;set CollectionFileName=c:\agt6\_work\6\a\api\environment\regapiautomation\testdata\fisap-datacorrection\prereq-report-detail-19_20\..\..\..\..\..\PreReq\PreReq-GraduateStudentStatus.postman_collection.json &#xD;
&#xD;
C:\Agt6\_work\_temp\TestResults\c2kbuild_CLTBUILD23 2021-04-12 08_12_36\In\15f19b51-f751-496c-9d4f-e714a3946500\CLTBUILD23&gt;set DataFileName=c:\agt6\_work\6\a\api\environment\regapiautomation\testdata\fisap-datacorrection\prereq-report-detail-19_20\PreReq-FISAP-DataCorrection@Report-Detail-19_20-ChangeStudentStatus.data.json &#xD;
&#xD;
C:\Agt6\_work\_temp\TestResults\c2kbuild_CLTBUILD23 2021-04-12 08_12_36\In\15f19b51-f751-496c-9d4f-e714a3946500\CLTBUILD23&gt;set EnvironmentFilePath=c:\agt6\_work\6\a\api\environment\regapiautomation\testdata\fisap-datacorrection\prereq-report-detail-19_20\..\..\..\RegApiAutoEnvironment.postman_environment.json &#xD;
&#xD;
C:\Agt6\_work\_temp\TestResults\c2kbuild_CLTBUILD23 2021-04-12 08_12_36\In\15f19b51-f751-496c-9d4f-e714a3946500\CLTBUILD23&gt;set HtmlResultsFile=PreReq-ChangeStudentStatus_Html.html &#xD;
&#xD;
C:\Agt6\_work\_temp\TestResults\c2kbuild_CLTBUILD23 2021-04-12 08_12_36\In\15f19b51-f751-496c-9d4f-e714a3946500\CLTBUILD23&gt;set JunitResultsFile=PreReq-ChangeStudentStatus_Junit.xml &#xD;
&#xD;
C:\Agt6\_work\_temp\TestResults\c2kbuild_CLTBUILD23 2021-04-12 08_12_36\In\15f19b51-f751-496c-9d4f-e714a3946500\CLTBUILD23&gt;newman run "c:\agt6\_work\6\a\api\environment\regapiautomation\testdata\fisap-datacorrection\prereq-report-detail-19_20\..\..\..\..\..\PreReq\PreReq-GraduateStudentStatus.postman_collection.json" -k -d "c:\agt6\_work\6\a\api\environment\regapiautomation\testdata\fisap-datacorrection\prereq-report-detail-19_20\PreReq-FISAP-DataCorrection@Report-Detail-19_20-ChangeStudentStatus.data.json" -e "c:\agt6\_work\6\a\api\environment\regapiautomation\testdata\fisap-datacorrection\prereq-report-detail-19_20\..\..\..\RegApiAutoEnvironment.postman_environment.json" -r junit,html --reporter-html-export "PreReq-ChangeStudentStatus_Html.html" --reporter-junit-export "PreReq-ChangeStudentStatus_Junit.xml"</StdOut>
          </Output>
          <ResultFiles>
            <ResultFile path="CLTBUILD23\PreReq-ChangeStudentStatus_Html.html" />
            <ResultFile path="CLTBUILD23\PreReq-ChangeStudentStatus_Junit.xml" />
          </ResultFiles>
        </UnitTestResult>
        <UnitTestResult executionId="76243e7a-00be-40c4-94fa-161d94243783" parentExecutionId="462763f0-55e1-45e0-adc5-7355d9f91d2c" testId="5f71ff6f-b282-4013-9dd3-16bf81f9da4e" testName="10- fisap-datacorrection@report-detail-19_20-generictest (OT-06X-FISAP-Report-Detail-19_20)" computerName="CLTBUILD23" duration="00:02:18.0767757" startTime="2021-04-12T09:08:00.3939591-04:00" endTime="2021-04-12T09:10:18.4551086-04:00" testType="13cdc9d9-ddb5-4fa4-a97d-d965ccfc6d4b" outcome="Failed" testListId="8c84fa94-04c1-424b-9868-57a2d4851a1d" relativeResultsDirectory="76243e7a-00be-40c4-94fa-161d94243783">
          <Output>
            <StdOut>C:\Agt6\_work\_temp\TestResults\c2kbuild_CLTBUILD23 2021-04-12 08_12_36\In\76243e7a-00be-40c4-94fa-161d94243783\CLTBUILD23&gt;if not defined TestLocation (set TestLocation=. ) &#xD;
&#xD;
C:\Agt6\_work\_temp\TestResults\c2kbuild_CLTBUILD23 2021-04-12 08_12_36\In\76243e7a-00be-40c4-94fa-161d94243783\CLTBUILD23&gt;set CollectionFileName=c:\agt6\_work\6\a\api\environment\regapiautomation\testdata\fisap-datacorrection\..\..\..\..\Tests\FISAP-DataCorrection\FISAP-DataCorrection@Report-Detail.postman_collection.json &#xD;
&#xD;
C:\Agt6\_work\_temp\TestResults\c2kbuild_CLTBUILD23 2021-04-12 08_12_36\In\76243e7a-00be-40c4-94fa-161d94243783\CLTBUILD23&gt;set DataFileName=c:\agt6\_work\6\a\api\environment\regapiautomation\testdata\fisap-datacorrection\FISAP-DataCorrection@Report-Detail-19_20.data.json &#xD;
&#xD;
C:\Agt6\_work\_temp\TestResults\c2kbuild_CLTBUILD23 2021-04-12 08_12_36\In\76243e7a-00be-40c4-94fa-161d94243783\CLTBUILD23&gt;set EnvironmentFilePath=c:\agt6\_work\6\a\api\environment\regapiautomation\testdata\fisap-datacorrection\..\..\RegApiAutoEnvironment.postman_environment.json &#xD;
&#xD;
C:\Agt6\_work\_temp\TestResults\c2kbuild_CLTBUILD23 2021-04-12 08_12_36\In\76243e7a-00be-40c4-94fa-161d94243783\CLTBUILD23&gt;set HtmlResultsFile=FISAP-DataCorrection@Report-Detail-19_20-Html.html &#xD;
&#xD;
C:\Agt6\_work\_temp\TestResults\c2kbuild_CLTBUILD23 2021-04-12 08_12_36\In\76243e7a-00be-40c4-94fa-161d94243783\CLTBUILD23&gt;set JunitResultsFile=FISAP-DataCorrection@Report-Detail-19_20-Junit.xml &#xD;
&#xD;
C:\Agt6\_work\_temp\TestResults\c2kbuild_CLTBUILD23 2021-04-12 08_12_36\In\76243e7a-00be-40c4-94fa-161d94243783\CLTBUILD23&gt;newman run "c:\agt6\_work\6\a\api\environment\regapiautomation\testdata\fisap-datacorrection\..\..\..\..\Tests\FISAP-DataCorrection\FISAP-DataCorrection@Report-Detail.postman_collection.json" -k -d "c:\agt6\_work\6\a\api\environment\regapiautomation\testdata\fisap-datacorrection\FISAP-DataCorrection@Report-Detail-19_20.data.json" -e "c:\agt6\_work\6\a\api\environment\regapiautomation\testdata\fisap-datacorrection\..\..\RegApiAutoEnvironment.postman_environment.json" -r junit,html --reporter-html-export "FISAP-DataCorrection@Report-Detail-19_20-Html.html" --reporter-junit-export "FISAP-DataCorrection@Report-Detail-19_20-Junit.xml"</StdOut>
            <ErrorInfo>
              <Message>The test failed with exit code 1.</Message>
            </ErrorInfo>
          </Output>
          <ResultFiles>
            <ResultFile path="CLTBUILD23\FISAP-DataCorrection@Report-Detail-19_20-Html.html" />
            <ResultFile path="CLTBUILD23\FISAP-DataCorrection@Report-Detail-19_20-Junit.xml" />
          </ResultFiles>
        </UnitTestResult>
      </InnerResults>
    </TestResultAggregation>
    <TestResultAggregation executionId="e0f2e063-42f1-4b9c-a856-03e3a95f3e7c" testId="59a83df4-4d17-4a68-99f4-7a41020533ab" testName="OT-10L-CollegeFinancePlan-Student-Print-20_21" computerName="CLTBUILD23" duration="00:00:30.1215906" startTime="2021-04-12T09:22:23.1903855-04:00" endTime="2021-04-12T09:22:53.3132395-04:00" testType="ec4800e8-40e5-4ab3-8510-b8bf29b1904d" outcome="Passed" testListId="8c84fa94-04c1-424b-9868-57a2d4851a1d" relativeResultsDirectory="e0f2e063-42f1-4b9c-a856-03e3a95f3e7c">
      <InnerResults>
        <UnitTestResult executionId="c0e63884-eaa7-40a8-a633-724a6707e08e" parentExecutionId="e0f2e063-42f1-4b9c-a856-03e3a95f3e7c" testId="7bd6ad64-70f9-4b50-8dab-f8cc34acede4" testName="1- prereq-shoppingsheets-student@hp-print-importisir-20_21-generictest (OT-10L-CollegeFinancePlan-Student-Print-20_21)" computerName="CLTBUILD23" duration="00:00:08.5029518" startTime="2021-04-12T09:22:23.1953878-04:00" endTime="2021-04-12T09:22:31.7007786-04:00" testType="13cdc9d9-ddb5-4fa4-a97d-d965ccfc6d4b" outcome="Passed" testListId="8c84fa94-04c1-424b-9868-57a2d4851a1d" relativeResultsDirectory="c0e63884-eaa7-40a8-a633-724a6707e08e">
          <Output>
            <StdOut>C:\Agt6\_work\_temp\TestResults\c2kbuild_CLTBUILD23 2021-04-12 08_12_36\In\c0e63884-eaa7-40a8-a633-724a6707e08e\CLTBUILD23&gt;if not defined TestLocation (set TestLocation=. ) &#xD;
&#xD;
C:\Agt6\_work\_temp\TestResults\c2kbuild_CLTBUILD23 2021-04-12 08_12_36\In\c0e63884-eaa7-40a8-a633-724a6707e08e\CLTBUILD23&gt;set CollectionFileName=c:\agt6\_work\6\a\api\environment\regapiautomation\testdata\shoppingsheets\prereq-student-print-20-21\..\..\..\..\..\PreReq\PreReq-ImportISIR.postman_collection.json &#xD;
&#xD;
C:\Agt6\_work\_temp\TestResults\c2kbuild_CLTBUILD23 2021-04-12 08_12_36\In\c0e63884-eaa7-40a8-a633-724a6707e08e\CLTBUILD23&gt;set DataFileName=c:\agt6\_work\6\a\api\environment\regapiautomation\testdata\shoppingsheets\prereq-student-print-20-21\PreReq-ShoppingSheets-Student@HP-Print-ImportISIR-20_21.data.json &#xD;
&#xD;
C:\Agt6\_work\_temp\TestResults\c2kbuild_CLTBUILD23 2021-04-12 08_12_36\In\c0e63884-eaa7-40a8-a633-724a6707e08e\CLTBUILD23&gt;set EnvironmentFilePath=c:\agt6\_work\6\a\api\environment\regapiautomation\testdata\shoppingsheets\prereq-student-print-20-21\..\..\..\RegApiAutoEnvironment.postman_environment.json &#xD;
&#xD;
C:\Agt6\_work\_temp\TestResults\c2kbuild_CLTBUILD23 2021-04-12 08_12_36\In\c0e63884-eaa7-40a8-a633-724a6707e08e\CLTBUILD23&gt;set HtmlResultsFile=PreReq-ShoppingSheets-Student@HP-Print-ImportISIR-20_21_Html.html &#xD;
&#xD;
C:\Agt6\_work\_temp\TestResults\c2kbuild_CLTBUILD23 2021-04-12 08_12_36\In\c0e63884-eaa7-40a8-a633-724a6707e08e\CLTBUILD23&gt;set JunitResultsFile=PreReq-ShoppingSheets-Student@HP-Print-ImportISIR-20_21_Junit.xml &#xD;
&#xD;
C:\Agt6\_work\_temp\TestResults\c2kbuild_CLTBUILD23 2021-04-12 08_12_36\In\c0e63884-eaa7-40a8-a633-724a6707e08e\CLTBUILD23&gt;newman run "c:\agt6\_work\6\a\api\environment\regapiautomation\testdata\shoppingsheets\prereq-student-print-20-21\..\..\..\..\..\PreReq\PreReq-ImportISIR.postman_collection.json" -k -d "c:\agt6\_work\6\a\api\environment\regapiautomation\testdata\shoppingsheets\prereq-student-print-20-21\PreReq-ShoppingSheets-Student@HP-Print-ImportISIR-20_21.data.json" -e "c:\agt6\_work\6\a\api\environment\regapiautomation\testdata\shoppingsheets\prereq-student-print-20-21\..\..\..\RegApiAutoEnvironment.postman_environment.json" -r junit,html --reporter-html-export "PreReq-ShoppingSheets-Student@HP-Print-ImportISIR-20_21_Html.html" --reporter-junit-export "PreReq-ShoppingSheets-Student@HP-Print-ImportISIR-20_21_Junit.xml"</StdOut>
          </Output>
          <ResultFiles>
            <ResultFile path="CLTBUILD23\PreReq-ShoppingSheets-Student@HP-Print-ImportISIR-20_21_Html.html" />
            <ResultFile path="CLTBUILD23\PreReq-ShoppingSheets-Student@HP-Print-ImportISIR-20_21_Junit.xml" />
          </ResultFiles>
        </UnitTestResult>
        <UnitTestResult executionId="596f5bb3-f684-49ac-b29d-014ae515d3e4" parentExecutionId="e0f2e063-42f1-4b9c-a856-03e3a95f3e7c" testId="6db8057f-ae0e-42ee-bf8e-8f10bd04cf1d" testName="2- prereq-shoppingsheets-student@hp-print-enroll-20_21-generictest (OT-10L-CollegeFinancePlan-Student-Print-20_21)" computerName="CLTBUILD23" duration="00:00:12.3393031" startTime="2021-04-12T09:22:31.7017801-04:00" endTime="2021-04-12T09:22:44.0408990-04:00" testType="13cdc9d9-ddb5-4fa4-a97d-d965ccfc6d4b" outcome="Passed" testListId="8c84fa94-04c1-424b-9868-57a2d4851a1d" relativeResultsDirectory="596f5bb3-f684-49ac-b29d-014ae515d3e4">
          <Output>
            <StdOut>C:\Agt6\_work\_temp\TestResults\c2kbuild_CLTBUILD23 2021-04-12 08_12_36\In\596f5bb3-f684-49ac-b29d-014ae515d3e4\CLTBUILD23&gt;if not defined TestLocation (set TestLocation=. ) &#xD;
&#xD;
C:\Agt6\_work\_temp\TestResults\c2kbuild_CLTBUILD23 2021-04-12 08_12_36\In\596f5bb3-f684-49ac-b29d-014ae515d3e4\CLTBUILD23&gt;set CollectionFileName=c:\agt6\_work\6\a\api\environment\regapiautomation\testdata\shoppingsheets\prereq-student-print-20-21\..\..\..\..\..\PreReq\PreReq-EnrollStudent.postman_collection.json &#xD;
&#xD;
C:\Agt6\_work\_temp\TestResults\c2kbuild_CLTBUILD23 2021-04-12 08_12_36\In\596f5bb3-f684-49ac-b29d-014ae515d3e4\CLTBUILD23&gt;set DataFileName=c:\agt6\_work\6\a\api\environment\regapiautomation\testdata\shoppingsheets\prereq-student-print-20-21\PreReq-ShoppingSheets-Student@HP-Print-Enroll-20_21.data.csv &#xD;
&#xD;
C:\Agt6\_work\_temp\TestResults\c2kbuild_CLTBUILD23 2021-04-12 08_12_36\In\596f5bb3-f684-49ac-b29d-014ae515d3e4\CLTBUILD23&gt;set EnvironmentFilePath=c:\agt6\_work\6\a\api\environment\regapiautomation\testdata\shoppingsheets\prereq-student-print-20-21\..\..\..\RegApiAutoEnvironment.postman_environment.json &#xD;
&#xD;
C:\Agt6\_work\_temp\TestResults\c2kbuild_CLTBUILD23 2021-04-12 08_12_36\In\596f5bb3-f684-49ac-b29d-014ae515d3e4\CLTBUILD23&gt;set HtmlResultsFile=PreReq-ShoppingSheets-Student@HP-Print-Enroll-20_21_Html.html &#xD;
&#xD;
C:\Agt6\_work\_temp\TestResults\c2kbuild_CLTBUILD23 2021-04-12 08_12_36\In\596f5bb3-f684-49ac-b29d-014ae515d3e4\CLTBUILD23&gt;set JunitResultsFile=PreReq-ShoppingSheets-Student@HP-Print-Enroll-20_21_Junit.xml &#xD;
&#xD;
C:\Agt6\_work\_temp\TestResults\c2kbuild_CLTBUILD23 2021-04-12 08_12_36\In\596f5bb3-f684-49ac-b29d-014ae515d3e4\CLTBUILD23&gt;newman run "c:\agt6\_work\6\a\api\environment\regapiautomation\testdata\shoppingsheets\prereq-student-print-20-21\..\..\..\..\..\PreReq\PreReq-EnrollStudent.postman_collection.json" -k -d "c:\agt6\_work\6\a\api\environment\regapiautomation\testdata\shoppingsheets\prereq-student-print-20-21\PreReq-ShoppingSheets-Student@HP-Print-Enroll-20_21.data.csv" -e "c:\agt6\_work\6\a\api\environment\regapiautomation\testdata\shoppingsheets\prereq-student-print-20-21\..\..\..\RegApiAutoEnvironment.postman_environment.json" -r junit,html --reporter-html-export "PreReq-ShoppingSheets-Student@HP-Print-Enroll-20_21_Html.html" --reporter-junit-export "PreReq-ShoppingSheets-Student@HP-Print-Enroll-20_21_Junit.xml"</StdOut>
          </Output>
          <ResultFiles>
            <ResultFile path="CLTBUILD23\PreReq-ShoppingSheets-Student@HP-Print-Enroll-20_21_Html.html" />
            <ResultFile path="CLTBUILD23\PreReq-ShoppingSheets-Student@HP-Print-Enroll-20_21_Junit.xml" />
          </ResultFiles>
        </UnitTestResult>
        <UnitTestResult executionId="6a40776b-2028-42e0-a92c-44481b1038a6" parentExecutionId="e0f2e063-42f1-4b9c-a856-03e3a95f3e7c" testId="451322d8-1584-4c96-a4d2-cd83269d4dbc" testName="3- collegefinanceplan-student@hp-print-20_21-generictest (OT-10L-CollegeFinancePlan-Student-Print-20_21)" computerName="CLTBUILD23" duration="00:00:09.2642675" startTime="2021-04-12T09:22:44.0408990-04:00" endTime="2021-04-12T09:22:53.3132395-04:00" testType="13cdc9d9-ddb5-4fa4-a97d-d965ccfc6d4b" outcome="Passed" testListId="8c84fa94-04c1-424b-9868-57a2d4851a1d" relativeResultsDirectory="6a40776b-2028-42e0-a92c-44481b1038a6">
          <Output>
            <StdOut>C:\Agt6\_work\_temp\TestResults\c2kbuild_CLTBUILD23 2021-04-12 08_12_36\In\6a40776b-2028-42e0-a92c-44481b1038a6\CLTBUILD23&gt;if not defined TestLocation (set TestLocation=. ) &#xD;
&#xD;
C:\Agt6\_work\_temp\TestResults\c2kbuild_CLTBUILD23 2021-04-12 08_12_36\In\6a40776b-2028-42e0-a92c-44481b1038a6\CLTBUILD23&gt;set CollectionFileName=c:\agt6\_work\6\a\api\environment\regapiautomation\testdata\shoppingsheets\..\..\..\..\Tests\ShoppingSheets\ShoppingSheets-Student@HP-Print.postman_collection.json &#xD;
&#xD;
C:\Agt6\_work\_temp\TestResults\c2kbuild_CLTBUILD23 2021-04-12 08_12_36\In\6a40776b-2028-42e0-a92c-44481b1038a6\CLTBUILD23&gt;set DataFileName=c:\agt6\_work\6\a\api\environment\regapiautomation\testdata\shoppingsheets\CollegeFinancePlan-Student@HP-Print-20_21.data.json &#xD;
&#xD;
C:\Agt6\_work\_temp\TestResults\c2kbuild_CLTBUILD23 2021-04-12 08_12_36\In\6a40776b-2028-42e0-a92c-44481b1038a6\CLTBUILD23&gt;set EnvironmentFilePath=c:\agt6\_work\6\a\api\environment\regapiautomation\testdata\shoppingsheets\..\..\RegApiAutoEnvironment.postman_environment.json &#xD;
&#xD;
C:\Agt6\_work\_temp\TestResults\c2kbuild_CLTBUILD23 2021-04-12 08_12_36\In\6a40776b-2028-42e0-a92c-44481b1038a6\CLTBUILD23&gt;set HtmlResultsFile=CollegeFinancePlan-Student@HP-Print-20_21_Html.html &#xD;
&#xD;
C:\Agt6\_work\_temp\TestResults\c2kbuild_CLTBUILD23 2021-04-12 08_12_36\In\6a40776b-2028-42e0-a92c-44481b1038a6\CLTBUILD23&gt;set JunitResultsFile=CollegeFinancePlan-Student@HP-Print-20_21_Junit.xml &#xD;
&#xD;
C:\Agt6\_work\_temp\TestResults\c2kbuild_CLTBUILD23 2021-04-12 08_12_36\In\6a40776b-2028-42e0-a92c-44481b1038a6\CLTBUILD23&gt;newman run "c:\agt6\_work\6\a\api\environment\regapiautomation\testdata\shoppingsheets\..\..\..\..\Tests\ShoppingSheets\ShoppingSheets-Student@HP-Print.postman_collection.json" -k -d "c:\agt6\_work\6\a\api\environment\regapiautomation\testdata\shoppingsheets\CollegeFinancePlan-Student@HP-Print-20_21.data.json" -e "c:\agt6\_work\6\a\api\environment\regapiautomation\testdata\shoppingsheets\..\..\RegApiAutoEnvironment.postman_environment.json" -r junit,html --reporter-html-export "CollegeFinancePlan-Student@HP-Print-20_21_Html.html" --reporter-junit-export "CollegeFinancePlan-Student@HP-Print-20_21_Junit.xml"</StdOut>
          </Output>
          <ResultFiles>
            <ResultFile path="CLTBUILD23\CollegeFinancePlan-Student@HP-Print-20_21_Html.html" />
            <ResultFile path="CLTBUILD23\CollegeFinancePlan-Student@HP-Print-20_21_Junit.xml" />
          </ResultFiles>
        </UnitTestResult>
      </InnerResults>
    </TestResultAggregation>
  </Results>
  <TestDefinitions>
    <UnitTest name="prereq-cod-exceptions@resolve-award-pn-21_22-updatebudgetforacademicyearforpackaging-generictest" storage="c:\agt6\_work\6\a\api\environment\regapiautomation\testdata\codexceptions\prereq-resolve-pn-21_22\prereq-cod-exceptions@resolve-award-pn-21_22-updatebudgetforacademicyearforpackaging-generictest.generictest" id="c94ddd41-e29e-4551-9b89-f5ad63ea5000">
      <Execution id="f849d2fe-2729-4044-a14f-bede896158d6" parentId="e3b66657-a9f6-4472-a6cd-7f0a51b3a969" />
      <TestMethod codeBase="c:\agt6\_work\6\a\api\environment\regapiautomation\testdata\codexceptions\prereq-resolve-pn-21_22\prereq-cod-exceptions@resolve-award-pn-21_22-updatebudgetforacademicyearforpackaging-generictest.generictest" adapterTypeName="executor://orderedtestadapter/v1" className="c:\agt6\_work\6\a\api\environment\regapiautomation\testdata\codexceptions\prereq-resolve-pn-21_22\prereq-cod-exceptions@resolve-award-pn-21_22-updatebudgetforacademicyearforpackaging-generictest" name="prereq-cod-exceptions@resolve-award-pn-21_22-updatebudgetforacademicyearforpackaging-generictest" />
    </UnitTest>
    <OrderedTest name="OT-08-IsirMatch" storage="c:\agt6\_work\6\a\api\orderedtest\ot-08-isirmatch.orderedtest" id="5cd3d8ba-5898-4b4a-82a6-bcf4f27d597e">
      <Execution id="df76bfd1-ecfc-4371-bab8-dc7edde13fde" />
      <TestLinks>
        <TestLink id="43285357-7831-4013-9eb6-f5a372e723ca" name="prereq-appproc-isirmatching@hp-automatch-generictest" storage="c:\agt6\_work\6\a\api\environment\regapiautomation\testdata\isirmatch\prereq\prereq-appproc-isirmatching@hp-automatch-generictest.generictest" />
        <TestLink id="fd997c6c-8054-424a-87e0-3a0e6e647f14" name="appproc-isirmatching@hp-automatch-generictest" storage="c:\agt6\_work\6\a\api\environment\regapiautomation\testdata\isirmatch\appproc-isirmatching@hp-automatch-generictest.generictest" />
      </TestLinks>
    </OrderedTest>
    <UnitTest name="prereq-codimport@pn-21_22-updatebudgetforacademicyearforpackaging-generictest" storage="c:\agt6\_work\6\a\api\environment\regapiautomation\testdata\codimport\prereq-codimport-pn-21_22\prereq-codimport@pn-21_22-updatebudgetforacademicyearforpackaging-generictest.generictest" id="c94ddd41-e29e-4551-9b89-f5ad63ea5002">
      <Execution id="ce87444d-33d0-454d-8b65-37d1439339c8" parentId="9303d2ec-6712-49bb-9a00-49d89fb8fc0b" />
      <TestMethod codeBase="c:\agt6\_work\6\a\api\environment\regapiautomation\testdata\codimport\prereq-codimport-pn-21_22\prereq-codimport@pn-21_22-updatebudgetforacademicyearforpackaging-generictest.generictest" adapterTypeName="executor://orderedtestadapter/v1" className="c:\agt6\_work\6\a\api\environment\regapiautomation\testdata\codimport\prereq-codimport-pn-21_22\prereq-codimport@pn-21_22-updatebudgetforacademicyearforpackaging-generictest" name="prereq-codimport@pn-21_22-updatebudgetforacademicyearforpackaging-generictest" />
    </UnitTest>
    <UnitTest name="prereq-fisap-datacorrection@report-detail-19_20-updatebudgetforacademicyearforpackaging-generictest" storage="c:\agt6\_work\6\a\api\environment\regapiautomation\testdata\fisap-datacorrection\prereq-report-detail-19_20\prereq-fisap-datacorrection@report-detail-19_20-updatebudgetforacademicyearforpackaging-generictest.generictest" id="10be41df-6689-4320-85d4-42269e916848">
      <Execution id="4fbb166c-269d-49f6-a64b-9174ef8cb5bf" parentId="462763f0-55e1-45e0-adc5-7355d9f91d2c" />
      <TestMethod codeBase="c:\agt6\_work\6\a\api\environment\regapiautomation\testdata\fisap-datacorrection\prereq-report-detail-19_20\prereq-fisap-datacorrection@report-detail-19_20-updatebudgetforacademicyearforpackaging-generictest.generictest" adapterTypeName="executor://orderedtestadapter/v1" className="c:\agt6\_work\6\a\api\environment\regapiautomation\testdata\fisap-datacorrection\prereq-report-detail-19_20\prereq-fisap-datacorrection@report-detail-19_20-updatebudgetforacademicyearforpackaging-generictest" name="prereq-fisap-datacorrection@report-detail-19_20-updatebudgetforacademicyearforpackaging-generictest" />
    </UnitTest>
    <UnitTest name="prereq-fisap-datacorrection@hp-ineligible-19_20-graduatestudentstatus-generictest" storage="c:\agt6\_work\6\a\api\environment\regapiautomation\testdata\fisap-datacorrection\prereq-ineligible-19_20\prereq-fisap-datacorrection@hp-ineligible-19_20-graduatestudentstatus-generictest.generictest" id="e13b72df-1d4f-4c6b-aacb-4715c10aa389">
      <Execution id="993570f2-6d0a-4d94-8882-c46a86f1ad87" parentId="f51cf7a5-90aa-4d7b-a241-f8ea6421a15e" />
      <TestMethod codeBase="c:\agt6\_work\6\a\api\environment\regapiautomation\testdata\fisap-datacorrection\prereq-ineligible-19_20\prereq-fisap-datacorrection@hp-ineligible-19_20-graduatestudentstatus-generictest.generictest" adapterTypeName="executor://orderedtestadapter/v1" className="c:\agt6\_work\6\a\api\environment\regapiautomation\testdata\fisap-datacorrection\prereq-ineligible-19_20\prereq-fisap-datacorrection@hp-ineligible-19_20-graduatestudentstatus-generictest" name="prereq-fisap-datacorrection@hp-ineligible-19_20-graduatestudentstatus-generictest" />
    </UnitTest>
    <UnitTest name="prereq-appproc-appdata-export@hp-corrections-21_22-generictest" storage="c:\agt6\_work\6\a\api\environment\regapiautomation\testdata\applicationdata\export\prereq-hp-corrections-21_22\prereq-appproc-appdata-export@hp-corrections-21_22-generictest.generictest" id="91bb78a0-bd54-451f-b02f-23b3700ca25c">
      <Execution id="dc0ba42c-854e-48b6-873e-d889ad704a3e" parentId="b90254e2-b42d-458a-ba13-92fb914bc3fe" />
      <TestMethod codeBase="c:\agt6\_work\6\a\api\environment\regapiautomation\testdata\applicationdata\export\prereq-hp-corrections-21_22\prereq-appproc-appdata-export@hp-corrections-21_22-generictest.generictest" adapterTypeName="executor://orderedtestadapter/v1" className="c:\agt6\_work\6\a\api\environment\regapiautomation\testdata\applicationdata\export\prereq-hp-corrections-21_22\prereq-appproc-appdata-export@hp-corrections-21_22-generictest" name="prereq-appproc-appdata-export@hp-corrections-21_22-generictest" />
    </UnitTest>
    <UnitTest name="prereq-fisap-datacorrection@report-variance-19_20-updatebudgetforacademicyearforpackaging-generictest" storage="c:\agt6\_work\6\a\api\environment\regapiautomation\testdata\fisap-datacorrection\prereq-report-variance-19_20\prereq-fisap-datacorrection@report-variance-19_20-updatebudgetforacademicyearforpackaging-generictest.generictest" id="0d6f8b8f-6b3d-42c4-87f2-bf736ca40d57">
      <Execution id="01135e69-eb1d-4e13-b181-2b7b4a0bb83e" parentId="9454772b-7cb9-4724-9fd5-34814095d14b" />
      <TestMethod codeBase="c:\agt6\_work\6\a\api\environment\regapiautomation\testdata\fisap-datacorrection\prereq-report-variance-19_20\prereq-fisap-datacorrection@report-variance-19_20-updatebudgetforacademicyearforpackaging-generictest.generictest" adapterTypeName="executor://orderedtestadapter/v1" className="c:\agt6\_work\6\a\api\environment\regapiautomation\testdata\fisap-datacorrection\prereq-report-variance-19_20\prereq-fisap-datacorrection@report-variance-19_20-updatebudgetforacademicyearforpackaging-generictest" name="prereq-fisap-datacorrection@report-variance-19_20-updatebudgetforacademicyearforpackaging-generictest" />
    </UnitTest>
    <UnitTest name="collegefinanceplan-config@prospectivestudentscosts-21_22-generictest" storage="c:\agt6\_work\6\a\api\environment\regapiautomation\testdata\shoppingsheets\collegefinanceplan-config@prospectivestudentscosts-21_22-generictest.generictest" id="d112b291-9f50-41b9-b36f-edce97cc3bfc">
      <Execution id="344baebc-9289-4e29-a7b8-39026ed37bf3" parentId="8cb3ee28-0fd1-4125-99d5-c64fa6993888" />
      <TestMethod codeBase="c:\agt6\_work\6\a\api\environment\regapiautomation\testdata\shoppingsheets\collegefinanceplan-config@prospectivestudentscosts-21_22-generictest.generictest" adapterTypeName="executor://orderedtestadapter/v1" className="c:\agt6\_work\6\a\api\environment\regapiautomation\testdata\shoppingsheets\collegefinanceplan-config@prospectivestudentscosts-21_22-generictest" name="collegefinanceplan-config@prospectivestudentscosts-21_22-generictest" />
    </UnitTest>
    <UnitTest name="prereq-collegefinanceplan-student@saved-ugrad-job-21_22-enrollstudent" storage="c:\agt6\_work\6\a\api\environment\regapiautomation\testdata\shoppingsheets\prereq-student-saved-ugrad-job-21_22\prereq-collegefinanceplan-student@saved-ugrad-job-21_22-enrollstudent.generictest" id="584a69a0-c2b7-4b25-b481-a45aa22352ad">
      <Execution id="2ad02355-5525-4f15-a802-af23188263fb" parentId="c07572d8-3e49-4f65-a8d1-ed7a237e0c45" />
      <TestMethod codeBase="c:\agt6\_work\6\a\api\environment\regapiautomation\testdata\shoppingsheets\prereq-student-saved-ugrad-job-21_22\prereq-collegefinanceplan-student@saved-ugrad-job-21_22-enrollstudent.generictest" adapterTypeName="executor://orderedtestadapter/v1" className="c:\agt6\_work\6\a\api\environment\regapiautomation\testdata\shoppingsheets\prereq-student-saved-ugrad-job-21_22\prereq-collegefinanceplan-student@saved-ugrad-job-21_22-enrollstudent" name="prereq-collegefinanceplan-student@saved-ugrad-job-21_22-enrollstudent" />
    </UnitTest>
    <UnitTest name="prereq-codexport@hp-createstudent-generictest" storage="c:\agt6\_work\6\a\api\environment\regapiautomation\testdata\codexport\prereq\prereq-codexport@hp-createstudent-generictest.generictest" id="4e6977cc-53c6-47a6-aa3d-6c026d142d78">
      <Execution id="92d76d28-45db-4a48-be0c-7bd18c06a1dd" parentId="0889c9ce-a452-472a-a370-bce8c5448207" />
      <TestMethod codeBase="c:\agt6\_work\6\a\api\environment\regapiautomation\testdata\codexport\prereq\prereq-codexport@hp-createstudent-generictest.generictest" adapterTypeName="executor://orderedtestadapter/v1" className="c:\agt6\_work\6\a\api\environment\regapiautomation\testdata\codexport\prereq\prereq-codexport@hp-createstudent-generictest" name="prereq-codexport@hp-createstudent-generictest" />
    </UnitTest>
    <UnitTest name="prereq-tsmexport@hp-createstudent-generictest" storage="c:\agt6\_work\6\a\api\environment\regapiautomation\testdata\tsmexport\prereq-hp-both-date\prereq-tsmexport@hp-createstudent-generictest.generictest" id="4e6977cc-53c6-47a6-aa3d-6c026d142d79">
      <Execution id="99763960-563b-4874-b103-4d3a4ed5b32b" parentId="42ba3c3a-4665-4f5e-bffa-5e9418378c33" />
      <TestMethod codeBase="c:\agt6\_work\6\a\api\environment\regapiautomation\testdata\tsmexport\prereq-hp-both-date\prereq-tsmexport@hp-createstudent-generictest.generictest" adapterTypeName="executor://orderedtestadapter/v1" className="c:\agt6\_work\6\a\api\environment\regapiautomation\testdata\tsmexport\prereq-hp-both-date\prereq-tsmexport@hp-createstudent-generictest" name="prereq-tsmexport@hp-createstudent-generictest" />
    </UnitTest>
    <UnitTest name="prereq-codexport@hp_18-19-awardgrantorloanforpackaging.newman-generictest" storage="c:\agt6\_work\6\a\api\environment\regapiautomation\testdata\codexport\prereq_18-19\prereq-codexport@hp_18-19-awardgrantorloanforpackaging.newman-generictest.generictest" id="97335ec2-4a99-4833-b972-ab48ff700312">
      <Execution id="443d90e1-7fc0-4ca7-b074-c6c729130f6e" parentId="ceba3cfb-f8cb-422b-acab-d09e7e4412a4" />
      <TestMethod codeBase="c:\agt6\_work\6\a\api\environment\regapiautomation\testdata\codexport\prereq_18-19\prereq-codexport@hp_18-19-awardgrantorloanforpackaging.newman-generictest.generictest" adapterTypeName="executor://orderedtestadapter/v1" className="c:\agt6\_work\6\a\api\environment\regapiautomation\testdata\codexport\prereq_18-19\prereq-codexport@hp_18-19-awardgrantorloanforpackaging.newman-generictest" name="prereq-codexport@hp_18-19-awardgrantorloanforpackaging.newman-generictest" />
    </UnitTest>
    <OrderedTest name="OT-03G-ApplicationData-Import-ISIRSRetry-21_22" storage="c:\agt6\_work\6\a\api\orderedtest\ot-03g-applicationdata-import-isirsretry-21_22.orderedtest" id="75ada498-5844-43a8-bc58-b1f73e2230f7">
      <Execution id="790655c0-55e5-4476-a3c2-349721f2c6a8" />
      <TestLinks>
        <TestLink id="41fdb1ad-6259-4cc0-bd37-2355dd5a7b07" name="prereq-appdata-import@retryisirsimport-importisir-21_22-generictest" storage="c:\agt6\_work\6\a\api\environment\regapiautomation\testdata\applicationdata\import\prereq-appproc-import@retryisirimport-21_22\prereq-appdata-import@retryisirsimport-importisir-21_22-generictest.generictest" />
        <TestLink id="51eec996-2e30-459b-8cc5-ffa13f517494" name="applicationdata-import@retryisirsimport-21_22-generictest" storage="c:\agt6\_work\6\a\api\environment\regapiautomation\testdata\applicationdata\import\applicationdata-import@retryisirsimport-21_22-generictest.generictest" />
      </TestLinks>
    </OrderedTest>
    <UnitTest name="prereq-appproc-appdata-export@hp-corrections-generictest" storage="c:\agt6\_work\6\a\api\environment\regapiautomation\testdata\applicationdata\export\prereq\prereq-appproc-appdata-export@hp-corrections-generictest.generictest" id="4e6977cc-53c6-47a6-aa3d-6c026d142d77">
      <Execution id="77682a38-1334-41b2-a601-2b242b3046af" parentId="92fbcfba-5685-4e4b-8f67-33d137838fd8" />
      <TestMethod codeBase="c:\agt6\_work\6\a\api\environment\regapiautomation\testdata\applicationdata\export\prereq\prereq-appproc-appdata-export@hp-corrections-generictest.generictest" adapterTypeName="executor://orderedtestadapter/v1" className="c:\agt6\_work\6\a\api\environment\regapiautomation\testdata\applicationdata\export\prereq\prereq-appproc-appdata-export@hp-corrections-generictest" name="prereq-appproc-appdata-export@hp-corrections-generictest" />
    </UnitTest>
    <OrderedTest name="OT-03B-ApplicationData-Import-Isir" storage="c:\agt6\_work\6\a\api\orderedtest\ot-03b-applicationdata-import-isir.orderedtest" id="5beedf44-3450-41f3-bd8b-4c8afc78c902">
      <Execution id="5b422433-794d-4c79-9a43-7109a85109e3" />
      <TestLinks>
        <TestLink id="7a7ec367-70db-44e9-bdb8-83b1dbbae73f" name="appproc-appdata-import@hp-isir-generictest" storage="c:\agt6\_work\6\a\api\environment\regapiautomation\testdata\applicationdata\import\appproc-appdata-import@hp-isir-generictest.generictest" />
      </TestLinks>
    </OrderedTest>
    <UnitTest name="prereq-clearinghouse-export@hp-export-seteffectivedate-2" storage="c:\agt6\_work\6\a\api\environment\regapiautomation\testdata\clearinghouseexport\prereq\prereq-clearinghouse-export@hp-export-seteffectivedate-2.generictest" id="d09f0182-44f2-4c54-b383-0d2527756e0c">
      <Execution id="33f04400-a2e4-4199-acad-f204d98c75e8" parentId="9333d4d9-6198-463e-a6dd-a3a4c0a7a69f" />
      <TestMethod codeBase="c:\agt6\_work\6\a\api\environment\regapiautomation\testdata\clearinghouseexport\prereq\prereq-clearinghouse-export@hp-export-seteffectivedate-2.generictest" adapterTypeName="executor://orderedtestadapter/v1" className="c:\agt6\_work\6\a\api\environment\regapiautomation\testdata\clearinghouseexport\prereq\prereq-clearinghouse-export@hp-export-seteffectivedate-2" name="prereq-clearinghouse-export@hp-export-seteffectivedate-2" />
    </UnitTest>
    <UnitTest name="prereq-clearinghouse-export@hp-export-seteffectivedate" storage="c:\agt6\_work\6\a\api\environment\regapiautomation\testdata\clearinghouseexport\prereq\prereq-clearinghouse-export@hp-export-seteffectivedate.generictest" id="d09f0182-44f2-4c54-b383-0d2527756e0b">
      <Execution id="d678c7dd-c214-4df1-924d-e380852e9cd5" parentId="9333d4d9-6198-463e-a6dd-a3a4c0a7a69f" />
      <TestMethod codeBase="c:\agt6\_work\6\a\api\environment\regapiautomation\testdata\clearinghouseexport\prereq\prereq-clearinghouse-export@hp-export-seteffectivedate.generictest" adapterTypeName="executor://orderedtestadapter/v1" className="c:\agt6\_work\6\a\api\environment\regapiautomation\testdata\clearinghouseexport\prereq\prereq-clearinghouse-export@hp-export-seteffectivedate" name="prereq-clearinghouse-export@hp-export-seteffectivedate" />
    </UnitTest>
    <UnitTest name="prereq-fisap-datacorrection@resolvedep-20_21-importisir-generictest" storage="c:\agt6\_work\6\a\api\environment\regapiautomation\testdata\fisap-datacorrection\prereq-resolvedep-20_21\prereq-fisap-datacorrection@resolvedep-20_21-importisir-generictest.generictest" id="c27d2f95-dba0-4fd4-b249-3a52349b5a42">
      <Execution id="60b0dbcf-736f-482c-b704-09352ea4e7b0" parentId="8b6a38b1-0ae6-4efa-8ba5-636ed1a71512" />
      <TestMethod codeBase="c:\agt6\_work\6\a\api\environment\regapiautomation\testdata\fisap-datacorrection\prereq-resolvedep-20_21\prereq-fisap-datacorrection@resolvedep-20_21-importisir-generictest.generictest" adapterTypeName="executor://orderedtestadapter/v1" className="c:\agt6\_work\6\a\api\environment\regapiautomation\testdata\fisap-datacorrection\prereq-resolvedep-20_21\prereq-fisap-datacorrection@resolvedep-20_21-importisir-generictest" name="prereq-fisap-datacorrection@resolvedep-20_21-importisir-generictest" />
    </UnitTest>
    <OrderedTest name="OT-06O-FISAP-DependentGrad-20_21" storage="c:\agt6\_work\6\a\api\orderedtest\ot-06o-fisap-dependentgrad-20_21.orderedtest" id="49486da9-02b1-45c5-910d-a983d1a5e095">
      <Execution id="87652423-fe9f-4484-a86f-fd7dd6794389" />
      <TestLinks>
        <TestLink id="0243994a-1c16-4a24-beb9-37472e8c3b40" name="prereq-fisap-datacorrection@dependentgrad-20_21-createstudent-generictest" storage="c:\agt6\_work\6\a\api\environment\regapiautomation\testdata\fisap-datacorrection\prereq-dependentgrad-20-21\prereq-fisap-datacorrection@dependentgrad-20_21-createstudent-generictest.generictest" />
        <TestLink id="85bed093-2bfc-4f07-85f2-8c95f2075272" name="prereq-fisap-datacorrection@dependentgrad-20_21-importisir-generictest" storage="c:\agt6\_work\6\a\api\environment\regapiautomation\testdata\fisap-datacorrection\prereq-dependentgrad-20-21\prereq-fisap-datacorrection@dependentgrad-20_21-importisir-generictest.generictest" />
        <TestLink id="75da5b28-5b14-4a75-80fe-de314733a2a2" name="prereq-fisap-datacorrection@dependentgrad-20_21-enrollstudent-generictest" storage="c:\agt6\_work\6\a\api\environment\regapiautomation\testdata\fisap-datacorrection\prereq-dependentgrad-20-21\prereq-fisap-datacorrection@dependentgrad-20_21-enrollstudent-generictest.generictest" />
        <TestLink id="8df20a03-0449-4e05-af13-695b3804b0a5" name="prereq-fisap-datacorrection@dependentgrad-20_21-registerclassandpostattendance-generictest" storage="c:\agt6\_work\6\a\api\environment\regapiautomation\testdata\fisap-datacorrection\prereq-dependentgrad-20-21\prereq-fisap-datacorrection@dependentgrad-20_21-registerclassandpostattendance-generictest.generictest" />
        <TestLink id="61b4d299-c5f1-4f0d-a587-eaf9080806e4" name="prereq-fisap-datacorrection@dependentgrad-20_21-changestudentstatus-generictest" storage="c:\agt6\_work\6\a\api\environment\regapiautomation\testdata\fisap-datacorrection\prereq-dependentgrad-20-21\prereq-fisap-datacorrection@dependentgrad-20_21-changestudentstatus-generictest.generictest" />
        <TestLink id="7e42ac95-3d6c-4b0f-b49b-eb72b9449727" name="fisap-datacorrection@dependentgrad-20_21-generictest" storage="c:\agt6\_work\6\a\api\environment\regapiautomation\testdata\fisap-datacorrection\fisap-datacorrection@dependentgrad-20_21-generictest.generictest" />
      </TestLinks>
    </OrderedTest>
    <UnitTest name="prereq-fisap-datacorrection@noclasses-19_20-createstudent-generictest" storage="c:\agt6\_work\6\a\api\environment\regapiautomation\testdata\fisap-datacorrection\prereq-noclasses-19_20\prereq-fisap-datacorrection@noclasses-19_20-createstudent-generictest.generictest" id="8d69d740-51eb-4496-b261-8ee0ef835425">
      <Execution id="13e7fdcf-b7a0-4336-b022-30c4821436d3" parentId="6ee7da16-d39c-4948-b9eb-4981a8ea6714" />
      <TestMethod codeBase="c:\agt6\_work\6\a\api\environment\regapiautomation\testdata\fisap-datacorrection\prereq-noclasses-19_20\prereq-fisap-datacorrection@noclasses-19_20-createstudent-generictest.generictest" adapterTypeName="executor://orderedtestadapter/v1" className="c:\agt6\_work\6\a\api\environment\regapiautomation\testdata\fisap-datacorrection\prereq-noclasses-19_20\prereq-fisap-datacorrection@noclasses-19_20-createstudent-generictest" name="prereq-fisap-datacorrection@noclasses-19_20-createstudent-generictest" />
    </UnitTest>
    <UnitTest name="fisap-datacorrection@resolvedep-19_20-generictest" storage="c:\agt6\_work\6\a\api\environment\regapiautomation\testdata\fisap-datacorrection\fisap-datacorrection@resolvedep-19_20-generictest.generictest" id="ac57899e-9115-4342-9c74-69c3e9dd3c88">
      <Execution id="0334c6b3-955c-47de-b923-9ebdcc41575c" parentId="ba8c0425-1a9e-43f4-bc5d-07922547af4a" />
      <TestMethod codeBase="c:\agt6\_work\6\a\api\environment\regapiautomation\testdata\fisap-datacorrection\fisap-datacorrection@resolvedep-19_20-generictest.generictest" adapterTypeName="executor://orderedtestadapter/v1" className="c:\agt6\_work\6\a\api\environment\regapiautomation\testdata\fisap-datacorrection\fisap-datacorrection@resolvedep-19_20-generictest" name="fisap-datacorrection@resolvedep-19_20-generictest" />
    </UnitTest>
    <UnitTest name="prereq-fisap-datacorrection@noclasses-20_21-importisir-generictest" storage="c:\agt6\_work\6\a\api\environment\regapiautomation\testdata\fisap-datacorrection\prereq-noclasses-20_21\prereq-fisap-datacorrection@noclasses-20_21-importisir-generictest.generictest" id="0012cd8d-32a2-4770-98dc-0d510c041228">
      <Execution id="fe47b40a-0464-4ffd-bdff-39fe49e47151" parentId="b76deeda-7a4f-4611-b3f9-e8f5ad920870" />
      <TestMethod codeBase="c:\agt6\_work\6\a\api\environment\regapiautomation\testdata\fisap-datacorrection\prereq-noclasses-20_21\prereq-fisap-datacorrection@noclasses-20_21-importisir-generictest.generictest" adapterTypeName="executor://orderedtestadapter/v1" className="c:\agt6\_work\6\a\api\environment\regapiautomation\testdata\fisap-datacorrection\prereq-noclasses-20_21\prereq-fisap-datacorrection@noclasses-20_21-importisir-generictest" name="prereq-fisap-datacorrection@noclasses-20_21-importisir-generictest" />
    </UnitTest>
    <OrderedTest name="OT-06Y-FISAP-Report-Detail-20_21" storage="c:\agt6\_work\6\a\api\orderedtest\ot-06y-fisap-report-detail-20_21.orderedtest" id="f4d02a8e-8a0d-47c6-bc8e-0838bc8dd1c0">
      <Execution id="e4bc49c0-0d6c-4200-b587-34d08029f03b" />
      <TestLinks>
        <TestLink id="241be051-5a9a-4cc4-a40b-eaeb4ad2254c" name="prereq-fisap-datacorrection@report-detail-20_21-createstudent-generictest" storage="c:\agt6\_work\6\a\api\environment\regapiautomation\testdata\fisap-datacorrection\prereq-report-detail-20_21\prereq-fisap-datacorrection@report-detail-20_21-createstudent-generictest.generictest" />
        <TestLink id="9f83467f-e02f-4255-93d9-0e9f25c5e9d4" name="prereq-fisap-datacorrection@report-detail-20_21-importisir-generictest" storage="c:\agt6\_work\6\a\api\environment\regapiautomation\testdata\fisap-datacorrection\prereq-report-detail-20_21\prereq-fisap-datacorrection@report-detail-20_21-importisir-generictest.generictest" />
        <TestLink id="84ffa514-b56e-44e9-831c-dbcd4cd8f069" name="prereq-fisap-datacorrection@report-detail-20_21-enrollstudent-generictest" storage="c:\agt6\_work\6\a\api\environment\regapiautomation\testdata\fisap-datacorrection\prereq-report-detail-20_21\prereq-fisap-datacorrection@report-detail-20_21-enrollstudent-generictest.generictest" />
        <TestLink id="53627ac5-ea39-40bc-8aa6-b08739614696" name="prereq-fisap-datacorrection@report-detail-20_21-seteffectivedate-generictest" storage="c:\agt6\_work\6\a\api\environment\regapiautomation\testdata\fisap-datacorrection\prereq-report-detail-20_21\prereq-fisap-datacorrection@report-detail-20_21-seteffectivedate-generictest.generictest" />
        <TestLink id="6d79c5dc-b8c1-45e7-a98c-f918b81745d1" name="prereq-fisap-datacorrection@report-detail-20_21-registerclassandpostattendance-generictest" storage="c:\agt6\_work\6\a\api\environment\regapiautomation\testdata\fisap-datacorrection\prereq-report-detail-20_21\prereq-fisap-datacorrection@report-detail-20_21-registerclassandpostattendance-generictest.generictest" />
        <TestLink id="2b0bc69b-eac3-409d-8c4b-0df094533ddd" name="prereq-fisap-datacorrection@report-detail-20_21-updatebudgetforacademicyearforpackaging-generictest" storage="c:\agt6\_work\6\a\api\environment\regapiautomation\testdata\fisap-datacorrection\prereq-report-detail-20_21\prereq-fisap-datacorrection@report-detail-20_21-updatebudgetforacademicyearforpackaging-generictest.generictest" />
        <TestLink id="134cfa5c-b86c-4c11-b651-1f94d9ff3143" name="prereq-fisap-datacorrection@report-detail-20_21-awardgrantforpackaging-generictest" storage="c:\agt6\_work\6\a\api\environment\regapiautomation\testdata\fisap-datacorrection\prereq-report-detail-20_21\prereq-fisap-datacorrection@report-detail-20_21-awardgrantforpackaging-generictest.generictest" />
        <TestLink id="e7d4f10f-6dc9-46e4-af74-2e6f1345b010" name="prereq-fisap-datacorrection@report-detail-20_21-postpaymentledgercard-generictest" storage="c:\agt6\_work\6\a\api\environment\regapiautomation\testdata\fisap-datacorrection\prereq-report-detail-20_21\prereq-fisap-datacorrection@report-detail-20_21-postpaymentledgercard-generictest.generictest" />
        <TestLink id="5e96b3dd-38e5-474d-99b5-75035f2fef5e" name="prereq-fisap-datacorrection@report-detail-20_21-changestudentstatus-generictest" storage="c:\agt6\_work\6\a\api\environment\regapiautomation\testdata\fisap-datacorrection\prereq-report-detail-20_21\prereq-fisap-datacorrection@report-detail-20_21-changestudentstatus-generictest.generictest" />
        <TestLink id="32da9a91-5394-4875-b7d4-d42b6adef017" name="fisap-datacorrection@report-detail-20_21-generictest" storage="c:\agt6\_work\6\a\api\environment\regapiautomation\testdata\fisap-datacorrection\fisap-datacorrection@report-detail-20_21-generictest.generictest" />
      </TestLinks>
    </OrderedTest>
    <UnitTest name="prereq-fisap-datacorrection@columnc-20_21-changestudentstatus-generictest" storage="c:\agt6\_work\6\a\api\environment\regapiautomation\testdata\fisap-datacorrection\prereq-columnc-20-21\prereq-fisap-datacorrection@columnc-20_21-changestudentstatus-generictest.generictest" id="faa5020b-0ff6-40e1-a387-ec9cfaebac47">
      <Execution id="b3589a04-9dee-470f-9ad3-18193d43888f" parentId="340d93fe-f399-44c9-99a8-4a2e57db64d8" />
      <TestMethod codeBase="c:\agt6\_work\6\a\api\environment\regapiautomation\testdata\fisap-datacorrection\prereq-columnc-20-21\prereq-fisap-datacorrection@columnc-20_21-changestudentstatus-generictest.generictest" adapterTypeName="executor://orderedtestadapter/v1" className="c:\agt6\_work\6\a\api\environment\regapiautomation\testdata\fisap-datacorrection\prereq-columnc-20-21\prereq-fisap-datacorrection@columnc-20_21-changestudentstatus-generictest" name="prereq-fisap-datacorrection@columnc-20_21-changestudentstatus-generictest" />
    </UnitTest>
    <UnitTest name="prereq-fisap-datacorrection@report-detail-20_21-updatebudgetforacademicyearforpackaging-generictest" storage="c:\agt6\_work\6\a\api\environment\regapiautomation\testdata\fisap-datacorrection\prereq-report-detail-20_21\prereq-fisap-datacorrection@report-detail-20_21-updatebudgetforacademicyearforpackaging-generictest.generictest" id="2b0bc69b-eac3-409d-8c4b-0df094533ddd">
      <Execution id="bfbb5a88-40cf-4305-8493-21f28153c30a" parentId="e4bc49c0-0d6c-4200-b587-34d08029f03b" />
      <TestMethod codeBase="c:\agt6\_work\6\a\api\environment\regapiautomation\testdata\fisap-datacorrection\prereq-report-detail-20_21\prereq-fisap-datacorrection@report-detail-20_21-updatebudgetforacademicyearforpackaging-generictest.generictest" adapterTypeName="executor://orderedtestadapter/v1" className="c:\agt6\_work\6\a\api\environment\regapiautomation\testdata\fisap-datacorrection\prereq-report-detail-20_21\prereq-fisap-datacorrection@report-detail-20_21-updatebudgetforacademicyearforpackaging-generictest" name="prereq-fisap-datacorrection@report-detail-20_21-updatebudgetforacademicyearforpackaging-generictest" />
    </UnitTest>
    <UnitTest name="prereq-fisap-datacorrection@columnd-19_20-registerclassandpostattendance-generictest" storage="c:\agt6\_work\6\a\api\environment\regapiautomation\testdata\fisap-datacorrection\prereq-columnd-19-20\prereq-fisap-datacorrection@columnd-19_20-registerclassandpostattendance-generictest.generictest" id="1ca6f7c6-3474-41d3-a09b-b85a2b4d0022">
      <Execution id="94de4ab7-c272-43dd-b731-a9ddc116b087" parentId="a78bdfe6-9cfa-4df0-baca-8b4c8af86245" />
      <TestMethod codeBase="c:\agt6\_work\6\a\api\environment\regapiautomation\testdata\fisap-datacorrection\prereq-columnd-19-20\prereq-fisap-datacorrection@columnd-19_20-registerclassandpostattendance-generictest.generictest" adapterTypeName="executor://orderedtestadapter/v1" className="c:\agt6\_work\6\a\api\environment\regapiautomation\testdata\fisap-datacorrection\prereq-columnd-19-20\prereq-fisap-datacorrection@columnd-19_20-registerclassandpostattendance-generictest" name="prereq-fisap-datacorrection@columnd-19_20-registerclassandpostattendance-generictest" />
    </UnitTest>
    <OrderedTest name="OT-06G-FISAP-ColumnA-20_21" storage="c:\agt6\_work\6\a\api\orderedtest\ot-06g-fisap-columna-20_21.orderedtest" id="7723ef94-de34-4777-8ccc-fe53af0cef72">
      <Execution id="1b80f72f-2e8a-4682-ab8e-9c15673042ab" />
      <TestLinks>
        <TestLink id="62603344-d91e-40a2-bd05-f7569e508ff5" name="prereq-fisap-datacorrection@columna-20_21-createstudent-generictest" storage="c:\agt6\_work\6\a\api\environment\regapiautomation\testdata\fisap-datacorrection\prereq-columna-20-21\prereq-fisap-datacorrection@columna-20_21-createstudent-generictest.generictest" />
        <TestLink id="7e009d24-93a5-4b94-bd99-ff3766615292" name="prereq-fisap-datacorrection@columna-20_21-importisir-generictest" storage="c:\agt6\_work\6\a\api\environment\regapiautomation\testdata\fisap-datacorrection\prereq-columna-20-21\prereq-fisap-datacorrection@columna-20_21-importisir-generictest.generictest" />
        <TestLink id="489fccbe-1241-4f7c-9a65-48912cddf434" name="prereq-fisap-datacorrection@columna-20_21-enrollstudent-generictest" storage="c:\agt6\_work\6\a\api\environment\regapiautomation\testdata\fisap-datacorrection\prereq-columna-20-21\prereq-fisap-datacorrection@columna-20_21-enrollstudent-generictest.generictest" />
        <TestLink id="637b8e79-09e6-4fca-964d-af91d5725dbc" name="prereq-fisap-datacorrection@columna-20_21-registerclassandpostattendance-generictest" storage="c:\agt6\_work\6\a\api\environment\regapiautomation\testdata\fisap-datacorrection\prereq-columna-20-21\prereq-fisap-datacorrection@columna-20_21-registerclassandpostattendance-generictest.generictest" />
        <TestLink id="5e698e50-574b-4edc-a8fd-6b2db357b0d1" name="prereq-fisap-datacorrection@columna-20_21-changestudentstatus-generictest" storage="c:\agt6\_work\6\a\api\environment\regapiautomation\testdata\fisap-datacorrection\prereq-columna-20-21\prereq-fisap-datacorrection@columna-20_21-changestudentstatus-generictest.generictest" />
        <TestLink id="36306fc9-e359-460f-89bb-9a4c2cf8ebd0" name="fisap-datacorrection@columna-20_21-generictest" storage="c:\agt6\_work\6\a\api\environment\regapiautomation\testdata\fisap-datacorrection\fisap-datacorrection@columna-20_21-generictest.generictest" />
      </TestLinks>
    </OrderedTest>
    <OrderedTest name="OT-10S-CollegeFinancePlan-Student-Saved-Ugrad-Job-21_22" storage="c:\agt6\_work\6\a\api\orderedtest\ot-10s-collegefinanceplan-student-saved-ugrad-job-21_22.orderedtest" id="fb72c0e4-6c26-488d-b46a-eda20a8540b9">
      <Execution id="c07572d8-3e49-4f65-a8d1-ed7a237e0c45" />
      <TestLinks>
        <TestLink id="1d23b788-9e01-43b6-8cfb-816f5126dba9" name="prereq-collegefinanceplan-student@saved-ugrad-job-21_22-createstudent" storage="c:\agt6\_work\6\a\api\environment\regapiautomation\testdata\shoppingsheets\prereq-student-saved-ugrad-job-21_22\prereq-collegefinanceplan-student@saved-ugrad-job-21_22-createstudent.generictest" />
        <TestLink id="a1304e7f-ad91-4bd8-a284-ef08b7dde3a7" name="prereq-collegefinanceplan-student@saved-ugrad-job-21_22-importisir" storage="c:\agt6\_work\6\a\api\environment\regapiautomation\testdata\shoppingsheets\prereq-student-saved-ugrad-job-21_22\prereq-collegefinanceplan-student@saved-ugrad-job-21_22-importisir.generictest" />
        <TestLink id="584a69a0-c2b7-4b25-b481-a45aa22352ad" name="prereq-collegefinanceplan-student@saved-ugrad-job-21_22-enrollstudent" storage="c:\agt6\_work\6\a\api\environment\regapiautomation\testdata\shoppingsheets\prereq-student-saved-ugrad-job-21_22\prereq-collegefinanceplan-student@saved-ugrad-job-21_22-enrollstudent.generictest" />
        <TestLink id="7f398d13-d657-4226-9c09-a83f186e6962" name="prereq-collegefinanceplan-student@saved-ugrad-job-21_22-updatebudgetforacademicyearforpackaging" storage="c:\agt6\_work\6\a\api\environment\regapiautomation\testdata\shoppingsheets\prereq-student-saved-ugrad-job-21_22\prereq-collegefinanceplan-student@saved-ugrad-job-21_22-updatebudgetforacademicyearforpackaging.generictest" />
        <TestLink id="a6b9ed6f-81cb-4cb4-b9ad-f16d2683b4b1" name="prereq-collegefinanceplan-student@saved-ugrad-job-21_22-awardgrantorloanforpackaging" storage="c:\agt6\_work\6\a\api\environment\regapiautomation\testdata\shoppingsheets\prereq-student-saved-ugrad-job-21_22\prereq-collegefinanceplan-student@saved-ugrad-job-21_22-awardgrantorloanforpackaging.generictest" />
        <TestLink id="00609e86-8f24-460c-9067-7d647f000da3" name="prereq-collegefinanceplan-student@saved-ugrad-job-21_22-awardloanforpackaging" storage="c:\agt6\_work\6\a\api\environment\regapiautomation\testdata\shoppingsheets\prereq-student-saved-ugrad-job-21_22\prereq-collegefinanceplan-student@saved-ugrad-job-21_22-awardloanforpackaging.generictest" />
        <TestLink id="8f501d3f-8637-4717-bfac-d9852c9f5477" name="collegefinanceplan-student@saved-ugrad-job-21_22-generictest" storage="c:\agt6\_work\6\a\api\environment\regapiautomation\testdata\shoppingsheets\collegefinanceplan-student@saved-ugrad-job-21_22-generictest.generictest" />
      </TestLinks>
    </OrderedTest>
    <OrderedTest name="OT-10E-CollegeFinancePlan-Config-ProspectiveStudentsLoanOptions-21_22" storage="c:\agt6\_work\6\a\api\orderedtest\ot-10e-collegefinanceplan-config-prospectivestudentsloanoptions-21_22.orderedtest" id="4c331d14-6da2-463a-be40-8bc47fd9e80a">
      <Execution id="3542bb4d-1dd2-488e-87a9-bdf161c8dfbe" />
      <TestLinks>
        <TestLink id="b80fa85c-2188-4c90-9484-77d875643024" name="collegefinanceplan-config@prospectivestudentsloanoptions-21_22-generictest" storage="c:\agt6\_work\6\a\api\environment\regapiautomation\testdata\shoppingsheets\collegefinanceplan-config@prospectivestudentsloanoptions-21_22-generictest.generictest" />
      </TestLinks>
    </OrderedTest>
    <UnitTest name="prereq-fisap-datacorrection@report-summary-20_21-postpaymentledgercard-generictest" storage="c:\agt6\_work\6\a\api\environment\regapiautomation\testdata\fisap-datacorrection\prereq-report-summary-20_21\prereq-fisap-datacorrection@report-summary-20_21-postpaymentledgercard-generictest.generictest" id="ece4a9c2-5255-4511-8d67-a5cf921d509e">
      <Execution id="eee2c641-eb90-4d3b-8981-99902a043294" parentId="697f4704-c9e2-4f19-8fbf-e152e9f52a64" />
      <TestMethod codeBase="c:\agt6\_work\6\a\api\environment\regapiautomation\testdata\fisap-datacorrection\prereq-report-summary-20_21\prereq-fisap-datacorrection@report-summary-20_21-postpaymentledgercard-generictest.generictest" adapterTypeName="executor://orderedtestadapter/v1" className="c:\agt6\_work\6\a\api\environment\regapiautomation\testdata\fisap-datacorrection\prereq-report-summary-20_21\prereq-fisap-datacorrection@report-summary-20_21-postpaymentledgercard-generictest" name="prereq-fisap-datacorrection@report-summary-20_21-postpaymentledgercard-generictest" />
    </UnitTest>
    <UnitTest name="fisap-datacorrection@dependentgrad-20_21-generictest" storage="c:\agt6\_work\6\a\api\environment\regapiautomation\testdata\fisap-datacorrection\fisap-datacorrection@dependentgrad-20_21-generictest.generictest" id="7e42ac95-3d6c-4b0f-b49b-eb72b9449727">
      <Execution id="cedd8759-cca5-4a02-8ff5-4e3cbc1236c2" parentId="87652423-fe9f-4484-a86f-fd7dd6794389" />
      <TestMethod codeBase="c:\agt6\_work\6\a\api\environment\regapiautomation\testdata\fisap-datacorrection\fisap-datacorrection@dependentgrad-20_21-generictest.generictest" adapterTypeName="executor://orderedtestadapter/v1" className="c:\agt6\_work\6\a\api\environment\regapiautomation\testdata\fisap-datacorrection\fisap-datacorrection@dependentgrad-20_21-generictest" name="fisap-datacorrection@dependentgrad-20_21-generictest" />
    </UnitTest>
    <UnitTest name="prereq-collegefinanceplan@grad-all-print-21_22-createstudent-generictest" storage="c:\agt6\_work\6\a\api\environment\regapiautomation\testdata\shoppingsheets\prereq-student-grad-all-print-21_22\prereq-collegefinanceplan@grad-all-print-21_22-createstudent-generictest.generictest" id="c4ce48df-bba4-4f47-b69d-ee33d1981eb1">
      <Execution id="97a6ee66-6203-4834-b4c8-3ee100534e5f" parentId="9d633ace-58cb-40e0-bb9b-d8b00dd4fdd9" />
      <TestMethod codeBase="c:\agt6\_work\6\a\api\environment\regapiautomation\testdata\shoppingsheets\prereq-student-grad-all-print-21_22\prereq-collegefinanceplan@grad-all-print-21_22-createstudent-generictest.generictest" adapterTypeName="executor://orderedtestadapter/v1" className="c:\agt6\_work\6\a\api\environment\regapiautomation\testdata\shoppingsheets\prereq-student-grad-all-print-21_22\prereq-collegefinanceplan@grad-all-print-21_22-createstudent-generictest" name="prereq-collegefinanceplan@grad-all-print-21_22-createstudent-generictest" />
    </UnitTest>
    <UnitTest name="prereq-collegefinanceplan-student@saved-grad-all-21_22-createstudent-generictest" storage="c:\agt6\_work\6\a\api\environment\regapiautomation\testdata\shoppingsheets\prereq-student-saved-grad-all-21_22\prereq-collegefinanceplan-student@saved-grad-all-21_22-createstudent-generictest.generictest" id="c4ce48df-bba4-4f47-b69d-ee33d1981eb3">
      <Execution id="b4200d36-acb6-4b80-bad4-5a4d4fd22e16" parentId="4ff42948-cea1-4315-ab09-f05635d83582" />
      <TestMethod codeBase="c:\agt6\_work\6\a\api\environment\regapiautomation\testdata\shoppingsheets\prereq-student-saved-grad-all-21_22\prereq-collegefinanceplan-student@saved-grad-all-21_22-createstudent-generictest.generictest" adapterTypeName="executor://orderedtestadapter/v1" className="c:\agt6\_work\6\a\api\environment\regapiautomation\testdata\shoppingsheets\prereq-student-saved-grad-all-21_22\prereq-collegefinanceplan-student@saved-grad-all-21_22-createstudent-generictest" name="prereq-collegefinanceplan-student@saved-grad-all-21_22-createstudent-generictest" />
    </UnitTest>
    <UnitTest name="prereq-fisap-datacorrection@report-detail-20_21-postpaymentledgercard-generictest" storage="c:\agt6\_work\6\a\api\environment\regapiautomation\testdata\fisap-datacorrection\prereq-report-detail-20_21\prereq-fisap-datacorrection@report-detail-20_21-postpaymentledgercard-generictest.generictest" id="e7d4f10f-6dc9-46e4-af74-2e6f1345b010">
      <Execution id="67a9e108-7578-4380-83d6-d6eb3692ead5" parentId="e4bc49c0-0d6c-4200-b587-34d08029f03b" />
      <TestMethod codeBase="c:\agt6\_work\6\a\api\environment\regapiautomation\testdata\fisap-datacorrection\prereq-report-detail-20_21\prereq-fisap-datacorrection@report-detail-20_21-postpaymentledgercard-generictest.generictest" adapterTypeName="executor://orderedtestadapter/v1" className="c:\agt6\_work\6\a\api\environment\regapiautomation\testdata\fisap-datacorrection\prereq-report-detail-20_21\prereq-fisap-datacorrection@report-detail-20_21-postpaymentledgercard-generictest" name="prereq-fisap-datacorrection@report-detail-20_21-postpaymentledgercard-generictest" />
    </UnitTest>
    <OrderedTest name="OT-10D-CollegeFinancePlan-Config-ProspectiveStudentsGrants-21_22" storage="c:\agt6\_work\6\a\api\orderedtest\ot-10d-collegefinanceplan-config-prospectivestudentsgrants-21_22.orderedtest" id="ddb3eb36-3c96-413f-bb39-b3ed912d41aa">
      <Execution id="613c3c01-58c9-42ed-86cc-0ef93de9d1ec" />
      <TestLinks>
        <TestLink id="c0239241-e77a-49ed-b6b1-199de5beb54d" name="collegefinanceplan-config@prospectivestudentsgrants-21_22-generictest" storage="c:\agt6\_work\6\a\api\environment\regapiautomation\testdata\shoppingsheets\collegefinanceplan-config@prospectivestudentsgrants-21_22-generictest.generictest" />
      </TestLinks>
    </OrderedTest>
    <UnitTest name="collegefinanceplan-config@enrolledstudents-21_22-generictest" storage="c:\agt6\_work\6\a\api\environment\regapiautomation\testdata\shoppingsheets\collegefinanceplan-config@enrolledstudents-21_22-generictest.generictest" id="87c1fa65-0f8e-4c3e-9cdc-d02758f71c44">
      <Execution id="5440cd6b-18f3-400d-b790-d2bbed7f99fb" parentId="5ee5167a-5392-44b7-854c-73a3e56a723b" />
      <TestMethod codeBase="c:\agt6\_work\6\a\api\environment\regapiautomation\testdata\shoppingsheets\collegefinanceplan-config@enrolledstudents-21_22-generictest.generictest" adapterTypeName="executor://orderedtestadapter/v1" className="c:\agt6\_work\6\a\api\environment\regapiautomation\testdata\shoppingsheets\collegefinanceplan-config@enrolledstudents-21_22-generictest" name="collegefinanceplan-config@enrolledstudents-21_22-generictest" />
    </UnitTest>
    <UnitTest name="prereq-codexport@loans-grants-21_22-createstudent-generictest" storage="c:\agt6\_work\6\a\api\environment\regapiautomation\testdata\codexport\prereq-loans-grants-21_22\prereq-codexport@loans-grants-21_22-createstudent-generictest.generictest" id="c4ce48df-bba4-4f47-b69d-ee33d1981ea1">
      <Execution id="e2e44fdc-8a20-4fb9-8a90-00e62fdbc87e" parentId="300b7aae-6fa8-43f0-b94e-28f948bd5c45" />
      <TestMethod codeBase="c:\agt6\_work\6\a\api\environment\regapiautomation\testdata\codexport\prereq-loans-grants-21_22\prereq-codexport@loans-grants-21_22-createstudent-generictest.generictest" adapterTypeName="executor://orderedtestadapter/v1" className="c:\agt6\_work\6\a\api\environment\regapiautomation\testdata\codexport\prereq-loans-grants-21_22\prereq-codexport@loans-grants-21_22-createstudent-generictest" name="prereq-codexport@loans-grants-21_22-createstudent-generictest" />
    </UnitTest>
    <OrderedTest name="OT-12E-StudentIsir.AcceptAsVerified-21_22" storage="c:\agt6\_work\6\a\api\orderedtest\ot-12e-studentisir.acceptasverified-21_22.orderedtest" id="e49284c1-3eec-4215-9ed0-247e6236da65">
      <Execution id="cbc55a14-6f06-452f-a4c3-ff3a5af6d327" />
      <TestLinks>
        <TestLink id="633eacaf-9346-4298-9682-9b9e5c04155f" name="prereq-appproc-studentisir-verify@hp-acceptasverified-importisir-21_22-generictest" storage="c:\agt6\_work\6\a\api\environment\regapiautomation\testdata\studentisir\prereq-hp-acceptasverified-21_22\prereq-appproc-studentisir-verify@hp-acceptasverified-importisir-21_22-generictest.generictest" />
        <TestLink id="6342a375-ba20-48a6-8b2f-d59f64515d5c" name="appproc-studentisir-verify@hp-acceptasverified-21_22-generictest" storage="c:\agt6\_work\6\a\api\environment\regapiautomation\testdata\studentisir\appproc-studentisir-verify@hp-acceptasverified-21_22-generictest.generictest" />
      </TestLinks>
    </OrderedTest>
    <UnitTest name="prereq-codexport@regenerate-21_22-createstudent-generictest" storage="c:\agt6\_work\6\a\api\environment\regapiautomation\testdata\codexport\prereq-regenerate-21_22\prereq-codexport@regenerate-21_22-createstudent-generictest.generictest" id="c4ce48df-bba4-4f47-b69d-ee33d1981ea3">
      <Execution id="c3011463-b21f-4eac-9ac1-f4bc211f7097" parentId="5a8771e7-72c5-465b-b762-48c7991620d1" />
      <TestMethod codeBase="c:\agt6\_work\6\a\api\environment\regapiautomation\testdata\codexport\prereq-regenerate-21_22\prereq-codexport@regenerate-21_22-createstudent-generictest.generictest" adapterTypeName="executor://orderedtestadapter/v1" className="c:\agt6\_work\6\a\api\environment\regapiautomation\testdata\codexport\prereq-regenerate-21_22\prereq-codexport@regenerate-21_22-createstudent-generictest" name="prereq-codexport@regenerate-21_22-createstudent-generictest" />
    </UnitTest>
    <UnitTest name="prereq-codexport@create-grantdatarequest-multi-o-all-21_22-createstudent" storage="c:\agt6\_work\6\a\api\environment\regapiautomation\testdata\codexport\prereq-create-grantdatarequest-multi-o-all-21_22\prereq-codexport@create-grantdatarequest-multi-o-all-21_22-createstudent.generictest" id="c4ce48df-bba4-4f47-b69d-ee33d1981ea5">
      <Execution id="c4d6cfc6-bd59-445e-a160-bca7307dd6bc" parentId="5adf10be-2ed4-4786-b2e1-ba1b0140d2e0" />
      <TestMethod codeBase="c:\agt6\_work\6\a\api\environment\regapiautomation\testdata\codexport\prereq-create-grantdatarequest-multi-o-all-21_22\prereq-codexport@create-grantdatarequest-multi-o-all-21_22-createstudent.generictest" adapterTypeName="executor://orderedtestadapter/v1" className="c:\agt6\_work\6\a\api\environment\regapiautomation\testdata\codexport\prereq-create-grantdatarequest-multi-o-all-21_22\prereq-codexport@create-grantdatarequest-multi-o-all-21_22-createstudent" name="prereq-codexport@create-grantdatarequest-multi-o-all-21_22-createstudent" />
    </UnitTest>
    <UnitTest name="prereq-fisap-datacorrection@noisir-enrollstudent-generictest" storage="c:\agt6\_work\6\a\api\environment\regapiautomation\testdata\fisap-datacorrection\prereq-noisir\prereq-fisap-datacorrection@noisir-enrollstudent-generictest.generictest" id="18ac6f18-3e19-4b48-8bca-8ba45984351e">
      <Execution id="daa5732e-bbbc-4f4f-acba-5c63a9672733" parentId="ce3f5317-6a07-4aac-93c9-3ec841b3a9ce" />
      <TestMethod codeBase="c:\agt6\_work\6\a\api\environment\regapiautomation\testdata\fisap-datacorrection\prereq-noisir\prereq-fisap-datacorrection@noisir-enrollstudent-generictest.generictest" adapterTypeName="executor://orderedtestadapter/v1" className="c:\agt6\_work\6\a\api\environment\regapiautomation\testdata\fisap-datacorrection\prereq-noisir\prereq-fisap-datacorrection@noisir-enrollstudent-generictest" name="prereq-fisap-datacorrection@noisir-enrollstudent-generictest" />
    </UnitTest>
    <UnitTest name="prereq-fisap-datacorrection@dependentgrad-19_20-enrollstudent-generictest" storage="c:\agt6\_work\6\a\api\environment\regapiautomation\testdata\fisap-datacorrection\prereq-dependentgrad-19-20\prereq-fisap-datacorrection@dependentgrad-19_20-enrollstudent-generictest.generictest" id="8eec4545-f0b7-4333-b231-b222a703a5c7">
      <Execution id="2be8ffe6-40a6-4d22-aa66-b41e146c7ce7" parentId="1c1b619b-4924-43f3-bf75-e324043e3d97" />
      <TestMethod codeBase="c:\agt6\_work\6\a\api\environment\regapiautomation\testdata\fisap-datacorrection\prereq-dependentgrad-19-20\prereq-fisap-datacorrection@dependentgrad-19_20-enrollstudent-generictest.generictest" adapterTypeName="executor://orderedtestadapter/v1" className="c:\agt6\_work\6\a\api\environment\regapiautomation\testdata\fisap-datacorrection\prereq-dependentgrad-19-20\prereq-fisap-datacorrection@dependentgrad-19_20-enrollstudent-generictest" name="prereq-fisap-datacorrection@dependentgrad-19_20-enrollstudent-generictest" />
    </UnitTest>
    <UnitTest name="prereq-fisap-datacorrection@noclasses-19_20-enrollstudent-generictest" storage="c:\agt6\_work\6\a\api\environment\regapiautomation\testdata\fisap-datacorrection\prereq-noclasses-19_20\prereq-fisap-datacorrection@noclasses-19_20-enrollstudent-generictest.generictest" id="1908f3c1-ac30-41e0-986f-127136802680">
      <Execution id="3c9d3379-2012-4b8b-b0a0-2619937f5347" parentId="6ee7da16-d39c-4948-b9eb-4981a8ea6714" />
      <TestMethod codeBase="c:\agt6\_work\6\a\api\environment\regapiautomation\testdata\fisap-datacorrection\prereq-noclasses-19_20\prereq-fisap-datacorrection@noclasses-19_20-enrollstudent-generictest.generictest" adapterTypeName="executor://orderedtestadapter/v1" className="c:\agt6\_work\6\a\api\environment\regapiautomation\testdata\fisap-datacorrection\prereq-noclasses-19_20\prereq-fisap-datacorrection@noclasses-19_20-enrollstudent-generictest" name="prereq-fisap-datacorrection@noclasses-19_20-enrollstudent-generictest" />
    </UnitTest>
    <UnitTest name="prereq-fisap-datacorrection@dependentgrad-20_21-registerclassandpostattendance-generictest" storage="c:\agt6\_work\6\a\api\environment\regapiautomation\testdata\fisap-datacorrection\prereq-dependentgrad-20-21\prereq-fisap-datacorrection@dependentgrad-20_21-registerclassandpostattendance-generictest.generictest" id="8df20a03-0449-4e05-af13-695b3804b0a5">
      <Execution id="d6ff4787-5b18-4b92-97d6-83b011bf8474" parentId="87652423-fe9f-4484-a86f-fd7dd6794389" />
      <TestMethod codeBase="c:\agt6\_work\6\a\api\environment\regapiautomation\testdata\fisap-datacorrection\prereq-dependentgrad-20-21\prereq-fisap-datacorrection@dependentgrad-20_21-registerclassandpostattendance-generictest.generictest" adapterTypeName="executor://orderedtestadapter/v1" className="c:\agt6\_work\6\a\api\environment\regapiautomation\testdata\fisap-datacorrection\prereq-dependentgrad-20-21\prereq-fisap-datacorrection@dependentgrad-20_21-registerclassandpostattendance-generictest" name="prereq-fisap-datacorrection@dependentgrad-20_21-registerclassandpostattendance-generictest" />
    </UnitTest>
    <OrderedTest name="OT-11-SSCR-EnrollmentReporting" storage="c:\agt6\_work\6\a\api\orderedtest\ot-11-sscr-enrollmentreporting.orderedtest" id="d5fe2d01-930d-4f63-804a-a6cb2e6b0102">
      <Execution id="d8dcc998-0708-4ed1-b4f9-e688748f8540" />
      <TestLinks>
        <TestLink id="8b9713e2-8915-48fc-bd28-c8c43613151a" name="prereq-sscr-enrollmentreporting@hp-export-createstudent-generictest" storage="c:\agt6\_work\6\a\api\environment\regapiautomation\testdata\sscr-enrollmentreporting\prereq\prereq-sscr-enrollmentreporting@hp-export-createstudent-generictest.generictest" />
        <TestLink id="4b88a3e1-f386-4703-9ec9-a2f97cc389e1" name="prereq-sscr-enrollmentreporting@hp-export-enroll-generictest" storage="c:\agt6\_work\6\a\api\environment\regapiautomation\testdata\sscr-enrollmentreporting\prereq\prereq-sscr-enrollmentreporting@hp-export-enroll-generictest.generictest" />
        <TestLink id="8578da7f-1b7b-47ff-8bf8-b2064a6bd549" name="prereq-sscr-enrollmentreporting@hp-export-seteffectivedate" storage="c:\agt6\_work\6\a\api\environment\regapiautomation\testdata\sscr-enrollmentreporting\prereq\prereq-sscr-enrollmentreporting@hp-export-seteffectivedate.generictest" />
        <TestLink id="4fb6edcf-1e0e-4cc6-aea3-9a3c6eead732" name="prereq-sscr-enrollmentreporting@hp-export-registerclassandpostattendance-generictest" storage="c:\agt6\_work\6\a\api\environment\regapiautomation\testdata\sscr-enrollmentreporting\prereq\prereq-sscr-enrollmentreporting@hp-export-registerclassandpostattendance-generictest.generictest" />
        <TestLink id="a0d137d9-5516-4fa6-84b5-a2c559a751d6" name="prereq-sscr-enrollmentreporting@hp-export-calculateenrollment-generictest" storage="c:\agt6\_work\6\a\api\environment\regapiautomation\testdata\sscr-enrollmentreporting\prereq\prereq-sscr-enrollmentreporting@hp-export-calculateenrollment-generictest.generictest" />
        <TestLink id="8bde502f-3ff6-4ac2-b387-48fdd692c93b" name="sscr-enrollmentreporting@hp-export-generictest" storage="c:\agt6\_work\6\a\api\environment\regapiautomation\testdata\sscr-enrollmentreporting\sscr-enrollmentreporting@hp-export-generictest.generictest" />
      </TestLinks>
    </OrderedTest>
    <UnitTest name="fisap-datacorrection@noteligible-seog-19_20-generictest" storage="c:\agt6\_work\6\a\api\environment\regapiautomation\testdata\fisap-datacorrection\fisap-datacorrection@noteligible-seog-19_20-generictest.generictest" id="05d30a23-8212-4e53-bf15-086faf0a406e">
      <Execution id="4ee1dffc-a8a2-4185-9d59-466509c4c150" parentId="65d94a0f-318b-47d1-aafb-e5656a9b204c" />
      <TestMethod codeBase="c:\agt6\_work\6\a\api\environment\regapiautomation\testdata\fisap-datacorrection\fisap-datacorrection@noteligible-seog-19_20-generictest.generictest" adapterTypeName="executor://orderedtestadapter/v1" className="c:\agt6\_work\6\a\api\environment\regapiautomation\testdata\fisap-datacorrection\fisap-datacorrection@noteligible-seog-19_20-generictest" name="fisap-datacorrection@noteligible-seog-19_20-generictest" />
    </UnitTest>
    <UnitTest name="prereq-codexport@regenerate-21_22-enrollstudent-generictest" storage="c:\agt6\_work\6\a\api\environment\regapiautomation\testdata\codexport\prereq-regenerate-21_22\prereq-codexport@regenerate-21_22-enrollstudent-generictest.generictest" id="fa0959fe-e713-4e38-aad8-1fb3aa0e25ed">
      <Execution id="a0503fe3-93b7-4581-a7ec-dcc036ab0efd" parentId="5a8771e7-72c5-465b-b762-48c7991620d1" />
      <TestMethod codeBase="c:\agt6\_work\6\a\api\environment\regapiautomation\testdata\codexport\prereq-regenerate-21_22\prereq-codexport@regenerate-21_22-enrollstudent-generictest.generictest" adapterTypeName="executor://orderedtestadapter/v1" className="c:\agt6\_work\6\a\api\environment\regapiautomation\testdata\codexport\prereq-regenerate-21_22\prereq-codexport@regenerate-21_22-enrollstudent-generictest" name="prereq-codexport@regenerate-21_22-enrollstudent-generictest" />
    </UnitTest>
    <UnitTest name="prereq-fisap-datacorrection@noteligible-seog-20_21-createstudent-generictest" storage="c:\agt6\_work\6\a\api\environment\regapiautomation\testdata\fisap-datacorrection\prereq-noteligible-seog-20-21\prereq-fisap-datacorrection@noteligible-seog-20_21-createstudent-generictest.generictest" id="0473d812-4ac7-4ee3-8afb-55ccb82493d7">
      <Execution id="21054bff-b19c-47ac-b295-58d5b370608f" parentId="02fb9329-2db5-4c5c-83c0-929721f070b4" />
      <TestMethod codeBase="c:\agt6\_work\6\a\api\environment\regapiautomation\testdata\fisap-datacorrection\prereq-noteligible-seog-20-21\prereq-fisap-datacorrection@noteligible-seog-20_21-createstudent-generictest.generictest" adapterTypeName="executor://orderedtestadapter/v1" className="c:\agt6\_work\6\a\api\environment\regapiautomation\testdata\fisap-datacorrection\prereq-noteligible-seog-20-21\prereq-fisap-datacorrection@noteligible-seog-20_21-createstudent-generictest" name="prereq-fisap-datacorrection@noteligible-seog-20_21-createstudent-generictest" />
    </UnitTest>
    <UnitTest name="prereq-cod-exceptions@hp-resolve-award-bn-21_22-updatebudgetforacademicyearforpackaging-generictest" storage="c:\agt6\_work\6\a\api\environment\regapiautomation\testdata\codexceptions\prereq-21_22\prereq-cod-exceptions@hp-resolve-award-bn-21_22-updatebudgetforacademicyearforpackaging-generictest.generictest" id="c94ddd41-e29e-4551-9b89-f5ad63ea50ff">
      <Execution id="20f3503c-b6e5-4248-a418-2105302fb484" parentId="ac0cbf78-2e81-457a-b65b-fdc11e34bc33" />
      <TestMethod codeBase="c:\agt6\_work\6\a\api\environment\regapiautomation\testdata\codexceptions\prereq-21_22\prereq-cod-exceptions@hp-resolve-award-bn-21_22-updatebudgetforacademicyearforpackaging-generictest.generictest" adapterTypeName="executor://orderedtestadapter/v1" className="c:\agt6\_work\6\a\api\environment\regapiautomation\testdata\codexceptions\prereq-21_22\prereq-cod-exceptions@hp-resolve-award-bn-21_22-updatebudgetforacademicyearforpackaging-generictest" name="prereq-cod-exceptions@hp-resolve-award-bn-21_22-updatebudgetforacademicyearforpackaging-generictest" />
    </UnitTest>
    <UnitTest name="prereq-codexport@loans-grants-21_22-enrollstudent-generictest" storage="c:\agt6\_work\6\a\api\environment\regapiautomation\testdata\codexport\prereq-loans-grants-21_22\prereq-codexport@loans-grants-21_22-enrollstudent-generictest.generictest" id="fa0959fe-e713-4e38-aad8-1fb3aa0e25eb">
      <Execution id="df44187e-60d1-4be2-af39-422adb26f1b1" parentId="300b7aae-6fa8-43f0-b94e-28f948bd5c45" />
      <TestMethod codeBase="c:\agt6\_work\6\a\api\environment\regapiautomation\testdata\codexport\prereq-loans-grants-21_22\prereq-codexport@loans-grants-21_22-enrollstudent-generictest.generictest" adapterTypeName="executor://orderedtestadapter/v1" className="c:\agt6\_work\6\a\api\environment\regapiautomation\testdata\codexport\prereq-loans-grants-21_22\prereq-codexport@loans-grants-21_22-enrollstudent-generictest" name="prereq-codexport@loans-grants-21_22-enrollstudent-generictest" />
    </UnitTest>
    <UnitTest name="prereq-fisap-datacorrection@report-variance-19_20-importisir-generictest" storage="c:\agt6\_work\6\a\api\environment\regapiautomation\testdata\fisap-datacorrection\prereq-report-variance-19_20\prereq-fisap-datacorrection@report-variance-19_20-importisir-generictest.generictest" id="950ef0be-d626-49a3-8c3b-042d35c316ce">
      <Execution id="2b1d5cc4-14f9-44de-9397-6e852d1f7b73" parentId="9454772b-7cb9-4724-9fd5-34814095d14b" />
      <TestMethod codeBase="c:\agt6\_work\6\a\api\environment\regapiautomation\testdata\fisap-datacorrection\prereq-report-variance-19_20\prereq-fisap-datacorrection@report-variance-19_20-importisir-generictest.generictest" adapterTypeName="executor://orderedtestadapter/v1" className="c:\agt6\_work\6\a\api\environment\regapiautomation\testdata\fisap-datacorrection\prereq-report-variance-19_20\prereq-fisap-datacorrection@report-variance-19_20-importisir-generictest" name="prereq-fisap-datacorrection@report-variance-19_20-importisir-generictest" />
    </UnitTest>
    <UnitTest name="fisap-datacorrection@invalidtransid-19_20-generictest" storage="c:\agt6\_work\6\a\api\environment\regapiautomation\testdata\fisap-datacorrection\fisap-datacorrection@invalidtransid-19_20-generictest.generictest" id="570c9cec-b671-49b8-aabc-f25dd4eb0b8d">
      <Execution id="d3bceb28-1c44-49cb-bab0-78cc32d56eb5" parentId="ee0af9ad-87c1-4def-ba51-b7af8c54b6fa" />
      <TestMethod codeBase="c:\agt6\_work\6\a\api\environment\regapiautomation\testdata\fisap-datacorrection\fisap-datacorrection@invalidtransid-19_20-generictest.generictest" adapterTypeName="executor://orderedtestadapter/v1" className="c:\agt6\_work\6\a\api\environment\regapiautomation\testdata\fisap-datacorrection\fisap-datacorrection@invalidtransid-19_20-generictest" name="fisap-datacorrection@invalidtransid-19_20-generictest" />
    </UnitTest>
    <UnitTest name="prereq-fisap-datacorrection@resolvedep-20_21-enrollstudent-generictest" storage="c:\agt6\_work\6\a\api\environment\regapiautomation\testdata\fisap-datacorrection\prereq-resolvedep-20_21\prereq-fisap-datacorrection@resolvedep-20_21-enrollstudent-generictest.generictest" id="5a6dda80-6c92-4c35-ab40-4ab5b47b0d47">
      <Execution id="0f218c9b-fb69-47d6-9060-9606e7ce62a4" parentId="8b6a38b1-0ae6-4efa-8ba5-636ed1a71512" />
      <TestMethod codeBase="c:\agt6\_work\6\a\api\environment\regapiautomation\testdata\fisap-datacorrection\prereq-resolvedep-20_21\prereq-fisap-datacorrection@resolvedep-20_21-enrollstudent-generictest.generictest" adapterTypeName="executor://orderedtestadapter/v1" className="c:\agt6\_work\6\a\api\environment\regapiautomation\testdata\fisap-datacorrection\prereq-resolvedep-20_21\prereq-fisap-datacorrection@resolvedep-20_21-enrollstudent-generictest" name="prereq-fisap-datacorrection@resolvedep-20_21-enrollstudent-generictest" />
    </UnitTest>
    <UnitTest name="prereq-collegefinanceplan-student@saved-grad-all-21_22-enrollstudent-generictest" storage="c:\agt6\_work\6\a\api\environment\regapiautomation\testdata\shoppingsheets\prereq-student-saved-grad-all-21_22\prereq-collegefinanceplan-student@saved-grad-all-21_22-enrollstudent-generictest.generictest" id="fa0959fe-e713-4e38-aad8-1fb3aa0e25fd">
      <Execution id="53a8df73-a7e0-41a7-be29-41883ed73a80" parentId="4ff42948-cea1-4315-ab09-f05635d83582" />
      <TestMethod codeBase="c:\agt6\_work\6\a\api\environment\regapiautomation\testdata\shoppingsheets\prereq-student-saved-grad-all-21_22\prereq-collegefinanceplan-student@saved-grad-all-21_22-enrollstudent-generictest.generictest" adapterTypeName="executor://orderedtestadapter/v1" className="c:\agt6\_work\6\a\api\environment\regapiautomation\testdata\shoppingsheets\prereq-student-saved-grad-all-21_22\prereq-collegefinanceplan-student@saved-grad-all-21_22-enrollstudent-generictest" name="prereq-collegefinanceplan-student@saved-grad-all-21_22-enrollstudent-generictest" />
    </UnitTest>
    <UnitTest name="prereq-cod-exceptions@delete-award-bn-21_22-updatebudgetforacademicyearforpackaging-generictest" storage="c:\agt6\_work\6\a\api\environment\regapiautomation\testdata\codexceptions\prereq-delete-21_22\prereq-cod-exceptions@delete-award-bn-21_22-updatebudgetforacademicyearforpackaging-generictest.generictest" id="c94ddd41-e29e-4551-9b89-f5ad63ea50ee">
      <Execution id="46a7e8ca-8338-409d-85f7-8ce400b18076" parentId="fb06118d-4b7c-4860-9fb7-bf491401fa76" />
      <TestMethod codeBase="c:\agt6\_work\6\a\api\environment\regapiautomation\testdata\codexceptions\prereq-delete-21_22\prereq-cod-exceptions@delete-award-bn-21_22-updatebudgetforacademicyearforpackaging-generictest.generictest" adapterTypeName="executor://orderedtestadapter/v1" className="c:\agt6\_work\6\a\api\environment\regapiautomation\testdata\codexceptions\prereq-delete-21_22\prereq-cod-exceptions@delete-award-bn-21_22-updatebudgetforacademicyearforpackaging-generictest" name="prereq-cod-exceptions@delete-award-bn-21_22-updatebudgetforacademicyearforpackaging-generictest" />
    </UnitTest>
    <OrderedTest name="OT-00-Setup" storage="c:\agt6\_work\6\a\api\orderedtest\ot-00-setup.orderedtest" id="ba93e3b1-314a-4702-b21f-3c03b49b57aa">
      <Execution id="a67fdef1-ffa3-4010-b987-33cb35827b6b" />
      <TestLinks>
        <TestLink id="d46aa5e7-f136-40d8-ae97-2c56018d951e" name="setupregulatorytestenvironment-generictest" storage="c:\agt6\_work\6\a\api\environment\regapiautomation\setupregulatorytestenvironment\setupregulatorytestenvironment-generictest.generictest" />
      </TestLinks>
    </OrderedTest>
    <UnitTest name="prereq-collegefinanceplan@grad-all-print-21_22-enrollstudent-generictest" storage="c:\agt6\_work\6\a\api\environment\regapiautomation\testdata\shoppingsheets\prereq-student-grad-all-print-21_22\prereq-collegefinanceplan@grad-all-print-21_22-enrollstudent-generictest.generictest" id="fa0959fe-e713-4e38-aad8-1fb3aa0e25fb">
      <Execution id="b8f85976-be2d-4d5c-87ec-e5142c71c571" parentId="9d633ace-58cb-40e0-bb9b-d8b00dd4fdd9" />
      <TestMethod codeBase="c:\agt6\_work\6\a\api\environment\regapiautomation\testdata\shoppingsheets\prereq-student-grad-all-print-21_22\prereq-collegefinanceplan@grad-all-print-21_22-enrollstudent-generictest.generictest" adapterTypeName="executor://orderedtestadapter/v1" className="c:\agt6\_work\6\a\api\environment\regapiautomation\testdata\shoppingsheets\prereq-student-grad-all-print-21_22\prereq-collegefinanceplan@grad-all-print-21_22-enrollstudent-generictest" name="prereq-collegefinanceplan@grad-all-print-21_22-enrollstudent-generictest" />
    </UnitTest>
    <UnitTest name="prereq-fisap-datacorrection@invalidtransid-20_21-importisir-generictest" storage="c:\agt6\_work\6\a\api\environment\regapiautomation\testdata\fisap-datacorrection\prereq-invalidtransid-20_21\prereq-fisap-datacorrection@invalidtransid-20_21-importisir-generictest.generictest" id="2c19ee7c-2698-4094-9b8d-edd24316d584">
      <Execution id="0bfceb71-921f-48dd-a6f5-103d0cb9ac1d" parentId="974e42be-1ae7-4083-84f3-e5188d755a0a" />
      <TestMethod codeBase="c:\agt6\_work\6\a\api\environment\regapiautomation\testdata\fisap-datacorrection\prereq-invalidtransid-20_21\prereq-fisap-datacorrection@invalidtransid-20_21-importisir-generictest.generictest" adapterTypeName="executor://orderedtestadapter/v1" className="c:\agt6\_work\6\a\api\environment\regapiautomation\testdata\fisap-datacorrection\prereq-invalidtransid-20_21\prereq-fisap-datacorrection@invalidtransid-20_21-importisir-generictest" name="prereq-fisap-datacorrection@invalidtransid-20_21-importisir-generictest" />
    </UnitTest>
    <UnitTest name="prereq-fisap-datacorrection@report-variance-20_21-registerclassandpostattendance-generictest" storage="c:\agt6\_work\6\a\api\environment\regapiautomation\testdata\fisap-datacorrection\prereq-report-variance-20_21\prereq-fisap-datacorrection@report-variance-20_21-registerclassandpostattendance-generictest.generictest" id="cbc19db9-ddd0-456c-8d11-5ad2fdb91dcf">
      <Execution id="a2a885d9-9dff-4201-a6a4-c802d55444ed" parentId="f9a3d65a-5cb6-438b-af3f-330a9ebc816d" />
      <TestMethod codeBase="c:\agt6\_work\6\a\api\environment\regapiautomation\testdata\fisap-datacorrection\prereq-report-variance-20_21\prereq-fisap-datacorrection@report-variance-20_21-registerclassandpostattendance-generictest.generictest" adapterTypeName="executor://orderedtestadapter/v1" className="c:\agt6\_work\6\a\api\environment\regapiautomation\testdata\fisap-datacorrection\prereq-report-variance-20_21\prereq-fisap-datacorrection@report-variance-20_21-registerclassandpostattendance-generictest" name="prereq-fisap-datacorrection@report-variance-20_21-registerclassandpostattendance-generictest" />
    </UnitTest>
    <UnitTest name="prereq-fisap-datacorrection@unkenrollstatus-19_20-awardgrantforpackaging-generictest" storage="c:\agt6\_work\6\a\api\environment\regapiautomation\testdata\fisap-datacorrection\prereq-unkenrollstatus-19_20\prereq-fisap-datacorrection@unkenrollstatus-19_20-awardgrantforpackaging-generictest.generictest" id="7637d1c4-0256-4aac-b114-a60b079e1a0b">
      <Execution id="b245f5b2-05ba-4e42-af90-ea5c8c0cf08f" parentId="4ed0a644-67a2-46b0-8987-640fb8ec249c" />
      <TestMethod codeBase="c:\agt6\_work\6\a\api\environment\regapiautomation\testdata\fisap-datacorrection\prereq-unkenrollstatus-19_20\prereq-fisap-datacorrection@unkenrollstatus-19_20-awardgrantforpackaging-generictest.generictest" adapterTypeName="executor://orderedtestadapter/v1" className="c:\agt6\_work\6\a\api\environment\regapiautomation\testdata\fisap-datacorrection\prereq-unkenrollstatus-19_20\prereq-fisap-datacorrection@unkenrollstatus-19_20-awardgrantforpackaging-generictest" name="prereq-fisap-datacorrection@unkenrollstatus-19_20-awardgrantforpackaging-generictest" />
    </UnitTest>
    <UnitTest name="prereq-appproc-studentisir-verify@hp-acceptasverified-generictest" storage="c:\agt6\_work\6\a\api\environment\regapiautomation\testdata\studentisir\prereq\prereq-appproc-studentisir-verify@hp-acceptasverified-generictest.generictest" id="9a123e0d-57dd-4bf9-b2a2-398899265600">
      <Execution id="05342bb2-fe08-47ef-9049-abb04b2a295e" parentId="c1f03321-246f-45ca-a322-ee983c9ec60f" />
      <TestMethod codeBase="c:\agt6\_work\6\a\api\environment\regapiautomation\testdata\studentisir\prereq\prereq-appproc-studentisir-verify@hp-acceptasverified-generictest.generictest" adapterTypeName="executor://orderedtestadapter/v1" className="c:\agt6\_work\6\a\api\environment\regapiautomation\testdata\studentisir\prereq\prereq-appproc-studentisir-verify@hp-acceptasverified-generictest" name="prereq-appproc-studentisir-verify@hp-acceptasverified-generictest" />
    </UnitTest>
    <UnitTest name="prereq-appproc-studentisir-view@hp-commentcodes-importisir-21_22-generictest" storage="c:\agt6\_work\6\a\api\environment\regapiautomation\testdata\studentisir\prereq-hp-commentcodes-21_22\prereq-appproc-studentisir-view@hp-commentcodes-importisir-21_22-generictest.generictest" id="9a123e0d-57dd-4bf9-b2a2-398899265601">
      <Execution id="b3882532-e470-41fc-ac75-5999ed97ca48" parentId="9046532c-4bd2-4273-9ab3-bbd600096885" />
      <TestMethod codeBase="c:\agt6\_work\6\a\api\environment\regapiautomation\testdata\studentisir\prereq-hp-commentcodes-21_22\prereq-appproc-studentisir-view@hp-commentcodes-importisir-21_22-generictest.generictest" adapterTypeName="executor://orderedtestadapter/v1" className="c:\agt6\_work\6\a\api\environment\regapiautomation\testdata\studentisir\prereq-hp-commentcodes-21_22\prereq-appproc-studentisir-view@hp-commentcodes-importisir-21_22-generictest" name="prereq-appproc-studentisir-view@hp-commentcodes-importisir-21_22-generictest" />
    </UnitTest>
    <UnitTest name="prereq-fisap-datacorrection@columna-20_21-importisir-generictest" storage="c:\agt6\_work\6\a\api\environment\regapiautomation\testdata\fisap-datacorrection\prereq-columna-20-21\prereq-fisap-datacorrection@columna-20_21-importisir-generictest.generictest" id="7e009d24-93a5-4b94-bd99-ff3766615292">
      <Execution id="d6ef7dca-9b1c-40de-9e6c-afea9469c3e7" parentId="1b80f72f-2e8a-4682-ab8e-9c15673042ab" />
      <TestMethod codeBase="c:\agt6\_work\6\a\api\environment\regapiautomation\testdata\fisap-datacorrection\prereq-columna-20-21\prereq-fisap-datacorrection@columna-20_21-importisir-generictest.generictest" adapterTypeName="executor://orderedtestadapter/v1" className="c:\agt6\_work\6\a\api\environment\regapiautomation\testdata\fisap-datacorrection\prereq-columna-20-21\prereq-fisap-datacorrection@columna-20_21-importisir-generictest" name="prereq-fisap-datacorrection@columna-20_21-importisir-generictest" />
    </UnitTest>
    <OrderedTest name="OT-06ZC-FISAP-Report-Variance-20_21" storage="c:\agt6\_work\6\a\api\orderedtest\ot-06zc-fisap-report-variance-20_21.orderedtest" id="fcb07e7d-e08f-427e-a6c2-eea54a50a181">
      <Execution id="f9a3d65a-5cb6-438b-af3f-330a9ebc816d" />
      <TestLinks>
        <TestLink id="92475c49-5414-4d61-b836-a0723ab9773a" name="prereq-fisap-datacorrection@report-variance-20_21-createstudent-generictest" storage="c:\agt6\_work\6\a\api\environment\regapiautomation\testdata\fisap-datacorrection\prereq-report-variance-20_21\prereq-fisap-datacorrection@report-variance-20_21-createstudent-generictest.generictest" />
        <TestLink id="c0f4600e-eb34-4054-abe0-c6e9154d6996" name="prereq-fisap-datacorrection@report-variance-20_21-importisir-generictest" storage="c:\agt6\_work\6\a\api\environment\regapiautomation\testdata\fisap-datacorrection\prereq-report-variance-20_21\prereq-fisap-datacorrection@report-variance-20_21-importisir-generictest.generictest" />
        <TestLink id="0f69dc41-3f15-4370-94c0-1f92fa210416" name="prereq-fisap-datacorrection@report-variance-20_21-enrollstudent-generictest" storage="c:\agt6\_work\6\a\api\environment\regapiautomation\testdata\fisap-datacorrection\prereq-report-variance-20_21\prereq-fisap-datacorrection@report-variance-20_21-enrollstudent-generictest.generictest" />
        <TestLink id="c40d8d3c-56e3-4091-8ee8-5b3d35ae468b" name="prereq-fisap-datacorrection@report-variance-20_21-seteffectivedate-generictest" storage="c:\agt6\_work\6\a\api\environment\regapiautomation\testdata\fisap-datacorrection\prereq-report-variance-20_21\prereq-fisap-datacorrection@report-variance-20_21-seteffectivedate-generictest.generictest" />
        <TestLink id="cbc19db9-ddd0-456c-8d11-5ad2fdb91dcf" name="prereq-fisap-datacorrection@report-variance-20_21-registerclassandpostattendance-generictest" storage="c:\agt6\_work\6\a\api\environment\regapiautomation\testdata\fisap-datacorrection\prereq-report-variance-20_21\prereq-fisap-datacorrection@report-variance-20_21-registerclassandpostattendance-generictest.generictest" />
        <TestLink id="149799e8-124a-4547-a438-5c091b7d6436" name="prereq-fisap-datacorrection@report-variance-20_21-updatebudgetforacademicyearforpackaging-generictest" storage="c:\agt6\_work\6\a\api\environment\regapiautomation\testdata\fisap-datacorrection\prereq-report-variance-20_21\prereq-fisap-datacorrection@report-variance-20_21-updatebudgetforacademicyearforpackaging-generictest.generictest" />
        <TestLink id="36cd1580-4e50-4bf4-8fc8-adf9cfc9f15c" name="prereq-fisap-datacorrection@report-variance-20_21-awardgrantforpackaging-generictest" storage="c:\agt6\_work\6\a\api\environment\regapiautomation\testdata\fisap-datacorrection\prereq-report-variance-20_21\prereq-fisap-datacorrection@report-variance-20_21-awardgrantforpackaging-generictest.generictest" />
        <TestLink id="4fc3084b-9e35-4856-8480-2ee8b055572d" name="prereq-fisap-datacorrection@report-variance-20_21-postpaymentledgercard-generictest" storage="c:\agt6\_work\6\a\api\environment\regapiautomation\testdata\fisap-datacorrection\prereq-report-variance-20_21\prereq-fisap-datacorrection@report-variance-20_21-postpaymentledgercard-generictest.generictest" />
        <TestLink id="57159a0a-851d-4333-9532-3681a12b5185" name="prereq-fisap-datacorrection@report-variance-20_21-changestudentstatus-generictest" storage="c:\agt6\_work\6\a\api\environment\regapiautomation\testdata\fisap-datacorrection\prereq-report-variance-20_21\prereq-fisap-datacorrection@report-variance-20_21-changestudentstatus-generictest.generictest" />
        <TestLink id="89ad15eb-ebff-401f-be50-0fe9d8af66bb" name="fisap-datacorrection@report-variance-20_21-generictest" storage="c:\agt6\_work\6\a\api\environment\regapiautomation\testdata\fisap-datacorrection\fisap-datacorrection@report-variance-20_21-generictest.generictest" />
      </TestLinks>
    </OrderedTest>
    <UnitTest name="prereq-fisap-datacorrection@noisir-postpaymentledgercard-generictest" storage="c:\agt6\_work\6\a\api\environment\regapiautomation\testdata\fisap-datacorrection\prereq-noisir\prereq-fisap-datacorrection@noisir-postpaymentledgercard-generictest.generictest" id="87df488b-fe44-478e-b844-c5378e8062c1">
      <Execution id="b53e4827-05bf-4421-9494-22f9a97d7d2d" parentId="ce3f5317-6a07-4aac-93c9-3ec841b3a9ce" />
      <TestMethod codeBase="c:\agt6\_work\6\a\api\environment\regapiautomation\testdata\fisap-datacorrection\prereq-noisir\prereq-fisap-datacorrection@noisir-postpaymentledgercard-generictest.generictest" adapterTypeName="executor://orderedtestadapter/v1" className="c:\agt6\_work\6\a\api\environment\regapiautomation\testdata\fisap-datacorrection\prereq-noisir\prereq-fisap-datacorrection@noisir-postpaymentledgercard-generictest" name="prereq-fisap-datacorrection@noisir-postpaymentledgercard-generictest" />
    </UnitTest>
    <UnitTest name="prereq-fisap-datacorrection@hp-ineligible-19_20-createstudent-generictest" storage="c:\agt6\_work\6\a\api\environment\regapiautomation\testdata\fisap-datacorrection\prereq-ineligible-19_20\prereq-fisap-datacorrection@hp-ineligible-19_20-createstudent-generictest.generictest" id="63949dfa-66ca-4963-b072-72959d25bf67">
      <Execution id="fb612b58-7d5d-4e48-87c3-a8abbcd8e312" parentId="f51cf7a5-90aa-4d7b-a241-f8ea6421a15e" />
      <TestMethod codeBase="c:\agt6\_work\6\a\api\environment\regapiautomation\testdata\fisap-datacorrection\prereq-ineligible-19_20\prereq-fisap-datacorrection@hp-ineligible-19_20-createstudent-generictest.generictest" adapterTypeName="executor://orderedtestadapter/v1" className="c:\agt6\_work\6\a\api\environment\regapiautomation\testdata\fisap-datacorrection\prereq-ineligible-19_20\prereq-fisap-datacorrection@hp-ineligible-19_20-createstudent-generictest" name="prereq-fisap-datacorrection@hp-ineligible-19_20-createstudent-generictest" />
    </UnitTest>
    <UnitTest name="prereq-fisap-datacorrection@report-variance-20_21-postpaymentledgercard-generictest" storage="c:\agt6\_work\6\a\api\environment\regapiautomation\testdata\fisap-datacorrection\prereq-report-variance-20_21\prereq-fisap-datacorrection@report-variance-20_21-postpaymentledgercard-generictest.generictest" id="4fc3084b-9e35-4856-8480-2ee8b055572d">
      <Execution id="2e447f8c-cff5-4777-9ab9-e96a3f88b8f8" parentId="f9a3d65a-5cb6-438b-af3f-330a9ebc816d" />
      <TestMethod codeBase="c:\agt6\_work\6\a\api\environment\regapiautomation\testdata\fisap-datacorrection\prereq-report-variance-20_21\prereq-fisap-datacorrection@report-variance-20_21-postpaymentledgercard-generictest.generictest" adapterTypeName="executor://orderedtestadapter/v1" className="c:\agt6\_work\6\a\api\environment\regapiautomation\testdata\fisap-datacorrection\prereq-report-variance-20_21\prereq-fisap-datacorrection@report-variance-20_21-postpaymentledgercard-generictest" name="prereq-fisap-datacorrection@report-variance-20_21-postpaymentledgercard-generictest" />
    </UnitTest>
    <UnitTest name="prereq-clearinghouse-export@hp-export-enroll-generictest" storage="c:\agt6\_work\6\a\api\environment\regapiautomation\testdata\clearinghouseexport\prereq\prereq-clearinghouse-export@hp-export-enroll-generictest.generictest" id="f3cfe877-6610-46f6-bf91-f30b64396c35">
      <Execution id="eea9d9bc-b28e-4056-9fe7-625b902a8f5e" parentId="9333d4d9-6198-463e-a6dd-a3a4c0a7a69f" />
      <TestMethod codeBase="c:\agt6\_work\6\a\api\environment\regapiautomation\testdata\clearinghouseexport\prereq\prereq-clearinghouse-export@hp-export-enroll-generictest.generictest" adapterTypeName="executor://orderedtestadapter/v1" className="c:\agt6\_work\6\a\api\environment\regapiautomation\testdata\clearinghouseexport\prereq\prereq-clearinghouse-export@hp-export-enroll-generictest" name="prereq-clearinghouse-export@hp-export-enroll-generictest" />
    </UnitTest>
    <UnitTest name="appproc-isirmatching@hp-automatch-21_22-generictest" storage="c:\agt6\_work\6\a\api\environment\regapiautomation\testdata\isirmatch\appproc-isirmatching@hp-automatch-21_22-generictest.generictest" id="9c22ca16-deaf-4302-b19a-e8ad13215312">
      <Execution id="d0a892e2-690d-4fc5-90ac-69bed0506fdd" parentId="8971dc7e-2b15-41da-8713-87a8ed9cc069" />
      <TestMethod codeBase="c:\agt6\_work\6\a\api\environment\regapiautomation\testdata\isirmatch\appproc-isirmatching@hp-automatch-21_22-generictest.generictest" adapterTypeName="executor://orderedtestadapter/v1" className="c:\agt6\_work\6\a\api\environment\regapiautomation\testdata\isirmatch\appproc-isirmatching@hp-automatch-21_22-generictest" name="appproc-isirmatching@hp-automatch-21_22-generictest" />
    </UnitTest>
    <UnitTest name="prereq-fisap-datacorrection@report-variance-19_20-awardgrantforpackaging-generictest" storage="c:\agt6\_work\6\a\api\environment\regapiautomation\testdata\fisap-datacorrection\prereq-report-variance-19_20\prereq-fisap-datacorrection@report-variance-19_20-awardgrantforpackaging-generictest.generictest" id="bbd9fe39-9995-4469-b41a-5e11cae359f1">
      <Execution id="d1a85401-8439-4c04-8bc7-6f927ba37b2c" parentId="9454772b-7cb9-4724-9fd5-34814095d14b" />
      <TestMethod codeBase="c:\agt6\_work\6\a\api\environment\regapiautomation\testdata\fisap-datacorrection\prereq-report-variance-19_20\prereq-fisap-datacorrection@report-variance-19_20-awardgrantforpackaging-generictest.generictest" adapterTypeName="executor://orderedtestadapter/v1" className="c:\agt6\_work\6\a\api\environment\regapiautomation\testdata\fisap-datacorrection\prereq-report-variance-19_20\prereq-fisap-datacorrection@report-variance-19_20-awardgrantforpackaging-generictest" name="prereq-fisap-datacorrection@report-variance-19_20-awardgrantforpackaging-generictest" />
    </UnitTest>
    <UnitTest name="prereq-tsmexport@hp-export-seteffectivedate-generictest" storage="c:\agt6\_work\6\a\api\environment\regapiautomation\testdata\tsmexport\prereq-hp-both-date\prereq-tsmexport@hp-export-seteffectivedate-generictest.generictest" id="578f516b-1262-494e-922e-5a3e02ba07e2">
      <Execution id="afba8d71-2c09-4ffe-a7fa-1b0996133640" parentId="42ba3c3a-4665-4f5e-bffa-5e9418378c33" />
      <TestMethod codeBase="c:\agt6\_work\6\a\api\environment\regapiautomation\testdata\tsmexport\prereq-hp-both-date\prereq-tsmexport@hp-export-seteffectivedate-generictest.generictest" adapterTypeName="executor://orderedtestadapter/v1" className="c:\agt6\_work\6\a\api\environment\regapiautomation\testdata\tsmexport\prereq-hp-both-date\prereq-tsmexport@hp-export-seteffectivedate-generictest" name="prereq-tsmexport@hp-export-seteffectivedate-generictest" />
    </UnitTest>
    <UnitTest name="prereq-fisap-datacorrection@columnd-20_21-changestudentstatus-generictest" storage="c:\agt6\_work\6\a\api\environment\regapiautomation\testdata\fisap-datacorrection\prereq-columnd-20-21\prereq-fisap-datacorrection@columnd-20_21-changestudentstatus-generictest.generictest" id="5803fa3e-cd69-44e1-8b0d-3548f29883b9">
      <Execution id="a0f95f16-7e2d-4710-b426-6d4aaafb6af2" parentId="90c8c495-1b26-418f-b54f-aee0acdf5a94" />
      <TestMethod codeBase="c:\agt6\_work\6\a\api\environment\regapiautomation\testdata\fisap-datacorrection\prereq-columnd-20-21\prereq-fisap-datacorrection@columnd-20_21-changestudentstatus-generictest.generictest" adapterTypeName="executor://orderedtestadapter/v1" className="c:\agt6\_work\6\a\api\environment\regapiautomation\testdata\fisap-datacorrection\prereq-columnd-20-21\prereq-fisap-datacorrection@columnd-20_21-changestudentstatus-generictest" name="prereq-fisap-datacorrection@columnd-20_21-changestudentstatus-generictest" />
    </UnitTest>
    <OrderedTest name="OT-03E-ApplicationData-Import-ErrorReport-21_22" storage="c:\agt6\_work\6\a\api\orderedtest\ot-03e-applicationdata-import-errorreport-21_22.orderedtest" id="6ac65b4f-50d2-40c2-91c6-25cb7c2a7304">
      <Execution id="71ffb719-f215-4e8b-a8b3-628f3eae97ac" />
      <TestLinks>
        <TestLink id="b4a1300b-0eb7-4c19-99c7-95b321295b6b" name="appproc-appdata-import@hp-errorreport-21_22-generictest" storage="c:\agt6\_work\6\a\api\environment\regapiautomation\testdata\applicationdata\import\appproc-appdata-import@hp-errorreport-21_22-generictest.generictest" />
      </TestLinks>
    </OrderedTest>
    <UnitTest name="prereq-fisap-datacorrection@report-detail-19_20-changestudentstatus-generictest" storage="c:\agt6\_work\6\a\api\environment\regapiautomation\testdata\fisap-datacorrection\prereq-report-detail-19_20\prereq-fisap-datacorrection@report-detail-19_20-changestudentstatus-generictest.generictest" id="cb6d148f-5ca9-49a0-87d5-cbf804992be2">
      <Execution id="15f19b51-f751-496c-9d4f-e714a3946500" parentId="462763f0-55e1-45e0-adc5-7355d9f91d2c" />
      <TestMethod codeBase="c:\agt6\_work\6\a\api\environment\regapiautomation\testdata\fisap-datacorrection\prereq-report-detail-19_20\prereq-fisap-datacorrection@report-detail-19_20-changestudentstatus-generictest.generictest" adapterTypeName="executor://orderedtestadapter/v1" className="c:\agt6\_work\6\a\api\environment\regapiautomation\testdata\fisap-datacorrection\prereq-report-detail-19_20\prereq-fisap-datacorrection@report-detail-19_20-changestudentstatus-generictest" name="prereq-fisap-datacorrection@report-detail-19_20-changestudentstatus-generictest" />
    </UnitTest>
    <UnitTest name="prereq-fisap-datacorrection@unkenrollstatus-20_21-awardgrantforpackaging-generictest" storage="c:\agt6\_work\6\a\api\environment\regapiautomation\testdata\fisap-datacorrection\prereq-unkenrollstatus-20_21\prereq-fisap-datacorrection@unkenrollstatus-20_21-awardgrantforpackaging-generictest.generictest" id="0694f6d3-224b-470b-a2ec-95f013d081e8">
      <Execution id="f5b9e13c-6a76-48b7-817e-89113c4cb172" parentId="f1d46cb3-877d-4953-828d-ac45b9c579e2" />
      <TestMethod codeBase="c:\agt6\_work\6\a\api\environment\regapiautomation\testdata\fisap-datacorrection\prereq-unkenrollstatus-20_21\prereq-fisap-datacorrection@unkenrollstatus-20_21-awardgrantforpackaging-generictest.generictest" adapterTypeName="executor://orderedtestadapter/v1" className="c:\agt6\_work\6\a\api\environment\regapiautomation\testdata\fisap-datacorrection\prereq-unkenrollstatus-20_21\prereq-fisap-datacorrection@unkenrollstatus-20_21-awardgrantforpackaging-generictest" name="prereq-fisap-datacorrection@unkenrollstatus-20_21-awardgrantforpackaging-generictest" />
    </UnitTest>
    <UnitTest name="fisap-datacorrection@dependentgrad-19_20-generictest" storage="c:\agt6\_work\6\a\api\environment\regapiautomation\testdata\fisap-datacorrection\fisap-datacorrection@dependentgrad-19_20-generictest.generictest" id="58910839-c7c5-4769-b4e6-a91531f0aacc">
      <Execution id="4d8b98e4-269d-4699-bcac-020455ba30cf" parentId="1c1b619b-4924-43f3-bf75-e324043e3d97" />
      <TestMethod codeBase="c:\agt6\_work\6\a\api\environment\regapiautomation\testdata\fisap-datacorrection\fisap-datacorrection@dependentgrad-19_20-generictest.generictest" adapterTypeName="executor://orderedtestadapter/v1" className="c:\agt6\_work\6\a\api\environment\regapiautomation\testdata\fisap-datacorrection\fisap-datacorrection@dependentgrad-19_20-generictest" name="fisap-datacorrection@dependentgrad-19_20-generictest" />
    </UnitTest>
    <UnitTest name="prereq-fisap-datacorrection@report-variance-19_20-registerclassandpostattendance-generictest" storage="c:\agt6\_work\6\a\api\environment\regapiautomation\testdata\fisap-datacorrection\prereq-report-variance-19_20\prereq-fisap-datacorrection@report-variance-19_20-registerclassandpostattendance-generictest.generictest" id="b3733122-39e2-4166-aca0-fee4ee3beb84">
      <Execution id="02894e11-9132-49bb-bffb-788120ebaacd" parentId="9454772b-7cb9-4724-9fd5-34814095d14b" />
      <TestMethod codeBase="c:\agt6\_work\6\a\api\environment\regapiautomation\testdata\fisap-datacorrection\prereq-report-variance-19_20\prereq-fisap-datacorrection@report-variance-19_20-registerclassandpostattendance-generictest.generictest" adapterTypeName="executor://orderedtestadapter/v1" className="c:\agt6\_work\6\a\api\environment\regapiautomation\testdata\fisap-datacorrection\prereq-report-variance-19_20\prereq-fisap-datacorrection@report-variance-19_20-registerclassandpostattendance-generictest" name="prereq-fisap-datacorrection@report-variance-19_20-registerclassandpostattendance-generictest" />
    </UnitTest>
    <UnitTest name="prereq-fisap-datacorrection@columna-19_20-createstudent-generictest" storage="c:\agt6\_work\6\a\api\environment\regapiautomation\testdata\fisap-datacorrection\prereq-columna-19-20\prereq-fisap-datacorrection@columna-19_20-createstudent-generictest.generictest" id="768ec9a5-a95d-4b12-aba1-b637d9ab462a">
      <Execution id="dd55fa00-a782-4195-b8eb-eaeaf702848f" parentId="eb28ea9c-5bb6-414b-8cfe-50da0bf2c3d3" />
      <TestMethod codeBase="c:\agt6\_work\6\a\api\environment\regapiautomation\testdata\fisap-datacorrection\prereq-columna-19-20\prereq-fisap-datacorrection@columna-19_20-createstudent-generictest.generictest" adapterTypeName="executor://orderedtestadapter/v1" className="c:\agt6\_work\6\a\api\environment\regapiautomation\testdata\fisap-datacorrection\prereq-columna-19-20\prereq-fisap-datacorrection@columna-19_20-createstudent-generictest" name="prereq-fisap-datacorrection@columna-19_20-createstudent-generictest" />
    </UnitTest>
    <UnitTest name="prereq-fisap-datacorrection@dependentgrad-20_21-createstudent-generictest" storage="c:\agt6\_work\6\a\api\environment\regapiautomation\testdata\fisap-datacorrection\prereq-dependentgrad-20-21\prereq-fisap-datacorrection@dependentgrad-20_21-createstudent-generictest.generictest" id="0243994a-1c16-4a24-beb9-37472e8c3b40">
      <Execution id="04b5e28a-4ad7-40af-8d46-13fe5bdff212" parentId="87652423-fe9f-4484-a86f-fd7dd6794389" />
      <TestMethod codeBase="c:\agt6\_work\6\a\api\environment\regapiautomation\testdata\fisap-datacorrection\prereq-dependentgrad-20-21\prereq-fisap-datacorrection@dependentgrad-20_21-createstudent-generictest.generictest" adapterTypeName="executor://orderedtestadapter/v1" className="c:\agt6\_work\6\a\api\environment\regapiautomation\testdata\fisap-datacorrection\prereq-dependentgrad-20-21\prereq-fisap-datacorrection@dependentgrad-20_21-createstudent-generictest" name="prereq-fisap-datacorrection@dependentgrad-20_21-createstudent-generictest" />
    </UnitTest>
    <UnitTest name="fisap-datacorrection@invalidtransid-20_21-generictest" storage="c:\agt6\_work\6\a\api\environment\regapiautomation\testdata\fisap-datacorrection\fisap-datacorrection@invalidtransid-20_21-generictest.generictest" id="e306d73b-4c4c-48fc-a107-9896ce4977e7">
      <Execution id="53bd322a-2b09-4824-a3c8-424f19d4dddd" parentId="974e42be-1ae7-4083-84f3-e5188d755a0a" />
      <TestMethod codeBase="c:\agt6\_work\6\a\api\environment\regapiautomation\testdata\fisap-datacorrection\fisap-datacorrection@invalidtransid-20_21-generictest.generictest" adapterTypeName="executor://orderedtestadapter/v1" className="c:\agt6\_work\6\a\api\environment\regapiautomation\testdata\fisap-datacorrection\fisap-datacorrection@invalidtransid-20_21-generictest" name="fisap-datacorrection@invalidtransid-20_21-generictest" />
    </UnitTest>
    <UnitTest name="prereq-fisap-datacorrection@invaliddepmodel-19_20-awardgrantforpackaging-generictest" storage="c:\agt6\_work\6\a\api\environment\regapiautomation\testdata\fisap-datacorrection\prereq-invaliddepmodel-19_20\prereq-fisap-datacorrection@invaliddepmodel-19_20-awardgrantforpackaging-generictest.generictest" id="54a4d416-d32f-4349-8ee7-14f40c42ab8a">
      <Execution id="057b2c8a-aff2-4e31-bf32-30542c1ab825" parentId="35e8c6e1-78c0-4502-84a9-903cb54d4268" />
      <TestMethod codeBase="c:\agt6\_work\6\a\api\environment\regapiautomation\testdata\fisap-datacorrection\prereq-invaliddepmodel-19_20\prereq-fisap-datacorrection@invaliddepmodel-19_20-awardgrantforpackaging-generictest.generictest" adapterTypeName="executor://orderedtestadapter/v1" className="c:\agt6\_work\6\a\api\environment\regapiautomation\testdata\fisap-datacorrection\prereq-invaliddepmodel-19_20\prereq-fisap-datacorrection@invaliddepmodel-19_20-awardgrantforpackaging-generictest" name="prereq-fisap-datacorrection@invaliddepmodel-19_20-awardgrantforpackaging-generictest" />
    </UnitTest>
    <UnitTest name="prereq-fisap-datacorrection@unkenrollstatus-20_21-seteffectivedate-generictest" storage="c:\agt6\_work\6\a\api\environment\regapiautomation\testdata\fisap-datacorrection\prereq-unkenrollstatus-20_21\prereq-fisap-datacorrection@unkenrollstatus-20_21-seteffectivedate-generictest.generictest" id="b70d9d46-2745-47aa-aa33-d82e9954a5cd">
      <Execution id="4d77ac9a-ec44-4c60-950b-a88041272c97" parentId="f1d46cb3-877d-4953-828d-ac45b9c579e2" />
      <TestMethod codeBase="c:\agt6\_work\6\a\api\environment\regapiautomation\testdata\fisap-datacorrection\prereq-unkenrollstatus-20_21\prereq-fisap-datacorrection@unkenrollstatus-20_21-seteffectivedate-generictest.generictest" adapterTypeName="executor://orderedtestadapter/v1" className="c:\agt6\_work\6\a\api\environment\regapiautomation\testdata\fisap-datacorrection\prereq-unkenrollstatus-20_21\prereq-fisap-datacorrection@unkenrollstatus-20_21-seteffectivedate-generictest" name="prereq-fisap-datacorrection@unkenrollstatus-20_21-seteffectivedate-generictest" />
    </UnitTest>
    <UnitTest name="fisap-datacorrection@unkenrollstatus-20_21-generictest" storage="c:\agt6\_work\6\a\api\environment\regapiautomation\testdata\fisap-datacorrection\fisap-datacorrection@unkenrollstatus-20_21-generictest.generictest" id="2299fb19-3758-48b9-9770-393b541b4b3b">
      <Execution id="018097dc-8d59-401b-b985-f925d99826be" parentId="f1d46cb3-877d-4953-828d-ac45b9c579e2" />
      <TestMethod codeBase="c:\agt6\_work\6\a\api\environment\regapiautomation\testdata\fisap-datacorrection\fisap-datacorrection@unkenrollstatus-20_21-generictest.generictest" adapterTypeName="executor://orderedtestadapter/v1" className="c:\agt6\_work\6\a\api\environment\regapiautomation\testdata\fisap-datacorrection\fisap-datacorrection@unkenrollstatus-20_21-generictest" name="fisap-datacorrection@unkenrollstatus-20_21-generictest" />
    </UnitTest>
    <UnitTest name="prereq-fisap-datacorrection@invaliddepmodel-19_20-registerclassandpostattendance-generictest" storage="c:\agt6\_work\6\a\api\environment\regapiautomation\testdata\fisap-datacorrection\prereq-invaliddepmodel-19_20\prereq-fisap-datacorrection@invaliddepmodel-19_20-registerclassandpostattendance-generictest.generictest" id="73c2d3d4-340b-41f2-937b-176336f1e94d">
      <Execution id="79e64ad5-6618-44cf-af90-97c852129c3e" parentId="35e8c6e1-78c0-4502-84a9-903cb54d4268" />
      <TestMethod codeBase="c:\agt6\_work\6\a\api\environment\regapiautomation\testdata\fisap-datacorrection\prereq-invaliddepmodel-19_20\prereq-fisap-datacorrection@invaliddepmodel-19_20-registerclassandpostattendance-generictest.generictest" adapterTypeName="executor://orderedtestadapter/v1" className="c:\agt6\_work\6\a\api\environment\regapiautomation\testdata\fisap-datacorrection\prereq-invaliddepmodel-19_20\prereq-fisap-datacorrection@invaliddepmodel-19_20-registerclassandpostattendance-generictest" name="prereq-fisap-datacorrection@invaliddepmodel-19_20-registerclassandpostattendance-generictest" />
    </UnitTest>
    <UnitTest name="prereq-codimport@bn-21_22-importisir-generictest" storage="c:\agt6\_work\6\a\api\environment\regapiautomation\testdata\codimport\prereq-codimport-bn-21_22\prereq-codimport@bn-21_22-importisir-generictest.generictest" id="fc9aa86e-d200-4951-9c3f-ff60e68bc6aa">
      <Execution id="67b94978-6aed-4a68-9533-dbd1083c9031" parentId="05751b49-b3d2-420a-9fe7-b1bcfbcbfec2" />
      <TestMethod codeBase="c:\agt6\_work\6\a\api\environment\regapiautomation\testdata\codimport\prereq-codimport-bn-21_22\prereq-codimport@bn-21_22-importisir-generictest.generictest" adapterTypeName="executor://orderedtestadapter/v1" className="c:\agt6\_work\6\a\api\environment\regapiautomation\testdata\codimport\prereq-codimport-bn-21_22\prereq-codimport@bn-21_22-importisir-generictest" name="prereq-codimport@bn-21_22-importisir-generictest" />
    </UnitTest>
    <UnitTest name="prereq-fisap-datacorrection@noteligible-seog-19_20-importisir-generictest" storage="c:\agt6\_work\6\a\api\environment\regapiautomation\testdata\fisap-datacorrection\prereq-noteligible-seog-19-20\prereq-fisap-datacorrection@noteligible-seog-19_20-importisir-generictest.generictest" id="d0705a0c-67ec-4506-a825-53ed129064c2">
      <Execution id="3f05f723-1615-4450-bab6-e7ac91de611b" parentId="65d94a0f-318b-47d1-aafb-e5656a9b204c" />
      <TestMethod codeBase="c:\agt6\_work\6\a\api\environment\regapiautomation\testdata\fisap-datacorrection\prereq-noteligible-seog-19-20\prereq-fisap-datacorrection@noteligible-seog-19_20-importisir-generictest.generictest" adapterTypeName="executor://orderedtestadapter/v1" className="c:\agt6\_work\6\a\api\environment\regapiautomation\testdata\fisap-datacorrection\prereq-noteligible-seog-19-20\prereq-fisap-datacorrection@noteligible-seog-19_20-importisir-generictest" name="prereq-fisap-datacorrection@noteligible-seog-19_20-importisir-generictest" />
    </UnitTest>
    <UnitTest name="prereq-fisap-datacorrection@resolvedep-20_21-registerclassandpostattendance-generictest" storage="c:\agt6\_work\6\a\api\environment\regapiautomation\testdata\fisap-datacorrection\prereq-resolvedep-20_21\prereq-fisap-datacorrection@resolvedep-20_21-registerclassandpostattendance-generictest.generictest" id="01c93057-0681-47ac-ae88-e2898dcfb79b">
      <Execution id="c32494cb-3cb4-490b-9ec4-9b7ce5420916" parentId="8b6a38b1-0ae6-4efa-8ba5-636ed1a71512" />
      <TestMethod codeBase="c:\agt6\_work\6\a\api\environment\regapiautomation\testdata\fisap-datacorrection\prereq-resolvedep-20_21\prereq-fisap-datacorrection@resolvedep-20_21-registerclassandpostattendance-generictest.generictest" adapterTypeName="executor://orderedtestadapter/v1" className="c:\agt6\_work\6\a\api\environment\regapiautomation\testdata\fisap-datacorrection\prereq-resolvedep-20_21\prereq-fisap-datacorrection@resolvedep-20_21-registerclassandpostattendance-generictest" name="prereq-fisap-datacorrection@resolvedep-20_21-registerclassandpostattendance-generictest" />
    </UnitTest>
    <OrderedTest name="OT-06F-FISAP-ColumnA-19_20" storage="c:\agt6\_work\6\a\api\orderedtest\ot-06f-fisap-columna-19_20.orderedtest" id="c916afc0-4642-48a1-9bd4-16a1b4aac04f">
      <Execution id="eb28ea9c-5bb6-414b-8cfe-50da0bf2c3d3" />
      <TestLinks>
        <TestLink id="768ec9a5-a95d-4b12-aba1-b637d9ab462a" name="prereq-fisap-datacorrection@columna-19_20-createstudent-generictest" storage="c:\agt6\_work\6\a\api\environment\regapiautomation\testdata\fisap-datacorrection\prereq-columna-19-20\prereq-fisap-datacorrection@columna-19_20-createstudent-generictest.generictest" />
        <TestLink id="6850bb59-81ed-46b8-8b22-9e36dea744f8" name="prereq-fisap-datacorrection@columna-19_20-importisir-generictest" storage="c:\agt6\_work\6\a\api\environment\regapiautomation\testdata\fisap-datacorrection\prereq-columna-19-20\prereq-fisap-datacorrection@columna-19_20-importisir-generictest.generictest" />
        <TestLink id="cafbfd80-4149-40e6-8b08-aac70bc3c7f8" name="prereq-fisap-datacorrection@columna-19_20-enrollstudent-generictest" storage="c:\agt6\_work\6\a\api\environment\regapiautomation\testdata\fisap-datacorrection\prereq-columna-19-20\prereq-fisap-datacorrection@columna-19_20-enrollstudent-generictest.generictest" />
        <TestLink id="0cd6de74-1be3-4054-8a82-3b01f88588b2" name="prereq-fisap-datacorrection@columna-19_20-registerclassandpostattendance-generictest" storage="c:\agt6\_work\6\a\api\environment\regapiautomation\testdata\fisap-datacorrection\prereq-columna-19-20\prereq-fisap-datacorrection@columna-19_20-registerclassandpostattendance-generictest.generictest" />
        <TestLink id="efb1ad48-d093-442e-b5e5-d71193fee412" name="fisap-datacorrection@columna-19_20-generictest" storage="c:\agt6\_work\6\a\api\environment\regapiautomation\testdata\fisap-datacorrection\fisap-datacorrection@columna-19_20-generictest.generictest" />
      </TestLinks>
    </OrderedTest>
    <UnitTest name="prereq-codexport@create-grantdatarequest-multi-o-all-21_22-enrollstudent" storage="c:\agt6\_work\6\a\api\environment\regapiautomation\testdata\codexport\prereq-create-grantdatarequest-multi-o-all-21_22\prereq-codexport@create-grantdatarequest-multi-o-all-21_22-enrollstudent.generictest" id="fa0959fe-e713-4e38-aad8-1fb3aa0e2510">
      <Execution id="8145e8a8-40b0-4164-876b-dbb5835c3ebf" parentId="5adf10be-2ed4-4786-b2e1-ba1b0140d2e0" />
      <TestMethod codeBase="c:\agt6\_work\6\a\api\environment\regapiautomation\testdata\codexport\prereq-create-grantdatarequest-multi-o-all-21_22\prereq-codexport@create-grantdatarequest-multi-o-all-21_22-enrollstudent.generictest" adapterTypeName="executor://orderedtestadapter/v1" className="c:\agt6\_work\6\a\api\environment\regapiautomation\testdata\codexport\prereq-create-grantdatarequest-multi-o-all-21_22\prereq-codexport@create-grantdatarequest-multi-o-all-21_22-enrollstudent" name="prereq-codexport@create-grantdatarequest-multi-o-all-21_22-enrollstudent" />
    </UnitTest>
    <UnitTest name="prereq-fisap-datacorrection@resolvedep-19_20-registerclassandpostattendance-generictest" storage="c:\agt6\_work\6\a\api\environment\regapiautomation\testdata\fisap-datacorrection\prereq-resolvedep-19_20\prereq-fisap-datacorrection@resolvedep-19_20-registerclassandpostattendance-generictest.generictest" id="4a0b5fed-1421-44e2-b3a6-947ad0a0c95b">
      <Execution id="ef4d8830-c8a7-45f1-99e5-15a17faa7b8f" parentId="ba8c0425-1a9e-43f4-bc5d-07922547af4a" />
      <TestMethod codeBase="c:\agt6\_work\6\a\api\environment\regapiautomation\testdata\fisap-datacorrection\prereq-resolvedep-19_20\prereq-fisap-datacorrection@resolvedep-19_20-registerclassandpostattendance-generictest.generictest" adapterTypeName="executor://orderedtestadapter/v1" className="c:\agt6\_work\6\a\api\environment\regapiautomation\testdata\fisap-datacorrection\prereq-resolvedep-19_20\prereq-fisap-datacorrection@resolvedep-19_20-registerclassandpostattendance-generictest" name="prereq-fisap-datacorrection@resolvedep-19_20-registerclassandpostattendance-generictest" />
    </UnitTest>
    <UnitTest name="sscr-enrollmentreporting@hp-export-generictest" storage="c:\agt6\_work\6\a\api\environment\regapiautomation\testdata\sscr-enrollmentreporting\sscr-enrollmentreporting@hp-export-generictest.generictest" id="8bde502f-3ff6-4ac2-b387-48fdd692c93b">
      <Execution id="ecdfb085-a8e4-4936-a017-91bb7879a02f" parentId="d8dcc998-0708-4ed1-b4f9-e688748f8540" />
      <TestMethod codeBase="c:\agt6\_work\6\a\api\environment\regapiautomation\testdata\sscr-enrollmentreporting\sscr-enrollmentreporting@hp-export-generictest.generictest" adapterTypeName="executor://orderedtestadapter/v1" className="c:\agt6\_work\6\a\api\environment\regapiautomation\testdata\sscr-enrollmentreporting\sscr-enrollmentreporting@hp-export-generictest" name="sscr-enrollmentreporting@hp-export-generictest" />
    </UnitTest>
    <UnitTest name="ipedsenrollmentsurvey@hp-generictest" storage="c:\agt6\_work\6\a\api\environment\regapiautomation\testdata\ipeds\ipedsenrollmentsurvey@hp-generictest.generictest" id="900a2dd3-415c-4203-83cf-c1ba713eaee5">
      <Execution id="18256b11-7e19-4388-84d2-64641d3e751c" parentId="ab133d41-e473-4216-ab68-0f3ac43f219e" />
      <TestMethod codeBase="c:\agt6\_work\6\a\api\environment\regapiautomation\testdata\ipeds\ipedsenrollmentsurvey@hp-generictest.generictest" adapterTypeName="executor://orderedtestadapter/v1" className="c:\agt6\_work\6\a\api\environment\regapiautomation\testdata\ipeds\ipedsenrollmentsurvey@hp-generictest" name="ipedsenrollmentsurvey@hp-generictest" />
    </UnitTest>
    <OrderedTest name="OT-07-IPEDSEnrollmentSurvey" storage="c:\agt6\_work\6\a\api\orderedtest\ot-07-ipedsenrollmentsurvey.orderedtest" id="9fddfc72-df75-4681-8576-9605f12bffcb">
      <Execution id="ab133d41-e473-4216-ab68-0f3ac43f219e" />
      <TestLinks>
        <TestLink id="01c279c9-e9c6-4e3c-9506-7840eeb80c32" name="prereq-ipedscompletionsurvey@hp-createstudent-generictest" storage="c:\agt6\_work\6\a\api\environment\regapiautomation\testdata\ipeds\prereq\prereq-ipedscompletionsurvey@hp-createstudent-generictest.generictest" />
        <TestLink id="e82c24fc-2983-44b2-a8eb-c33ddce6b024" name="prereq-ipedscompletionsurvey@hp-enroll-generictest" storage="c:\agt6\_work\6\a\api\environment\regapiautomation\testdata\ipeds\prereq\prereq-ipedscompletionsurvey@hp-enroll-generictest.generictest" />
        <TestLink id="e92c3463-c98a-4ccd-bb6b-4fd6c6dd7b21" name="prereq-ipedscompletionsurvey@hp-seteffectivedate" storage="c:\agt6\_work\6\a\api\environment\regapiautomation\testdata\ipeds\prereq\prereq-ipedscompletionsurvey@hp-seteffectivedate.generictest" />
        <TestLink id="c4c4367d-5052-4a7d-b92f-a3414daf0a37" name="prereq-ipedscompletionsurvey@hp-registerclassandpostattendance-generictest" storage="c:\agt6\_work\6\a\api\environment\regapiautomation\testdata\ipeds\prereq\prereq-ipedscompletionsurvey@hp-registerclassandpostattendance-generictest.generictest" />
        <TestLink id="900a2dd3-415c-4203-83cf-c1ba713eaee5" name="ipedsenrollmentsurvey@hp-generictest" storage="c:\agt6\_work\6\a\api\environment\regapiautomation\testdata\ipeds\ipedsenrollmentsurvey@hp-generictest.generictest" />
      </TestLinks>
    </OrderedTest>
    <OrderedTest name="OT-06Z-FISAP-Report-Summary-19_20" storage="c:\agt6\_work\6\a\api\orderedtest\ot-06z-fisap-report-summary-19_20.orderedtest" id="703abfd9-8f5b-4542-b252-5e32205f8fb8">
      <Execution id="aa45d248-d3be-4714-80a6-d8b03b78f18a" />
      <TestLinks>
        <TestLink id="40fc3844-03d6-49b4-9c3e-254598e977a5" name="prereq-fisap-datacorrection@report-summary-19_20-createstudent-generictest" storage="c:\agt6\_work\6\a\api\environment\regapiautomation\testdata\fisap-datacorrection\prereq-report-summary-19_20\prereq-fisap-datacorrection@report-summary-19_20-createstudent-generictest.generictest" />
        <TestLink id="b50d8501-2bdf-44ec-beee-f5acbfcb2efb" name="prereq-fisap-datacorrection@report-summary-19_20-importisir-generictest" storage="c:\agt6\_work\6\a\api\environment\regapiautomation\testdata\fisap-datacorrection\prereq-report-summary-19_20\prereq-fisap-datacorrection@report-summary-19_20-importisir-generictest.generictest" />
        <TestLink id="c64b02e4-d3ad-4a85-9ed3-833b58bfe5c8" name="prereq-fisap-datacorrection@report-summary-19_20-enrollstudent-generictest" storage="c:\agt6\_work\6\a\api\environment\regapiautomation\testdata\fisap-datacorrection\prereq-report-summary-19_20\prereq-fisap-datacorrection@report-summary-19_20-enrollstudent-generictest.generictest" />
        <TestLink id="a018bada-4ad0-4238-a6af-c70ca94cbc9a" name="prereq-fisap-datacorrection@report-summary-19_20-seteffectivedate-generictest" storage="c:\agt6\_work\6\a\api\environment\regapiautomation\testdata\fisap-datacorrection\prereq-report-summary-19_20\prereq-fisap-datacorrection@report-summary-19_20-seteffectivedate-generictest.generictest" />
        <TestLink id="c7ab4523-ef20-4f7b-88c1-e537bb4012ee" name="prereq-fisap-datacorrection@report-summary-19_20-registerclassandpostattendance-generictest" storage="c:\agt6\_work\6\a\api\environment\regapiautomation\testdata\fisap-datacorrection\prereq-report-summary-19_20\prereq-fisap-datacorrection@report-summary-19_20-registerclassandpostattendance-generictest.generictest" />
        <TestLink id="6727ace9-2542-4493-b3ae-24524c8d45ce" name="prereq-fisap-datacorrection@report-summary-19_20-updatebudgetforacademicyearforpackaging-generictest" storage="c:\agt6\_work\6\a\api\environment\regapiautomation\testdata\fisap-datacorrection\prereq-report-summary-19_20\prereq-fisap-datacorrection@report-summary-19_20-updatebudgetforacademicyearforpackaging-generictest.generictest" />
        <TestLink id="5f2c23b2-3585-42f7-934a-2955e77e968d" name="prereq-fisap-datacorrection@report-summary-19_20-awardgrantforpackaging-generictest" storage="c:\agt6\_work\6\a\api\environment\regapiautomation\testdata\fisap-datacorrection\prereq-report-summary-19_20\prereq-fisap-datacorrection@report-summary-19_20-awardgrantforpackaging-generictest.generictest" />
        <TestLink id="f6f909e7-07a7-43b0-98a6-83f1d19f2143" name="prereq-fisap-datacorrection@report-summary-19_20-postpaymentledgercard-generictest" storage="c:\agt6\_work\6\a\api\environment\regapiautomation\testdata\fisap-datacorrection\prereq-report-summary-19_20\prereq-fisap-datacorrection@report-summary-19_20-postpaymentledgercard-generictest.generictest" />
        <TestLink id="7b26671f-6808-464b-b2ce-01496bf3bc89" name="prereq-fisap-datacorrection@report-summary-19_20-changestudentstatus-generictest" storage="c:\agt6\_work\6\a\api\environment\regapiautomation\testdata\fisap-datacorrection\prereq-report-summary-19_20\prereq-fisap-datacorrection@report-summary-19_20-changestudentstatus-generictest.generictest" />
        <TestLink id="6ab4e60c-2525-4448-806a-d2e309ba685b" name="fisap-datacorrection@report-summary-19_20-generictest" storage="c:\agt6\_work\6\a\api\environment\regapiautomation\testdata\fisap-datacorrection\fisap-datacorrection@report-summary-19_20-generictest.generictest" />
      </TestLinks>
    </OrderedTest>
    <OrderedTest name="OT-02-CODImport" storage="c:\agt6\_work\6\a\api\orderedtest\ot-02-codimport.orderedtest" id="15a39eaa-8ba6-43c1-85e7-93c75dd186e7">
      <Execution id="f73c1d31-982d-4299-979d-5e75a58a7144" />
      <TestLinks>
        <TestLink id="bbc2aef8-2bd3-4a54-aa40-2cdabd5efc3f" name="codimport@hp-generictest" storage="c:\agt6\_work\6\a\api\environment\regapiautomation\testdata\codimport\codimport@hp-generictest.generictest" />
      </TestLinks>
    </OrderedTest>
    <UnitTest name="prereq-fisap-datacorrection@invalidtransid-19_20-awardgrantforpackaging-generictest" storage="c:\agt6\_work\6\a\api\environment\regapiautomation\testdata\fisap-datacorrection\prereq-invalidtransid-19_20\prereq-fisap-datacorrection@invalidtransid-19_20-awardgrantforpackaging-generictest.generictest" id="8aede2d5-5a4e-4ed0-a62d-d713395b6abb">
      <Execution id="e3bd15ea-4f63-4023-ad4e-2ff417cd4152" parentId="ee0af9ad-87c1-4def-ba51-b7af8c54b6fa" />
      <TestMethod codeBase="c:\agt6\_work\6\a\api\environment\regapiautomation\testdata\fisap-datacorrection\prereq-invalidtransid-19_20\prereq-fisap-datacorrection@invalidtransid-19_20-awardgrantforpackaging-generictest.generictest" adapterTypeName="executor://orderedtestadapter/v1" className="c:\agt6\_work\6\a\api\environment\regapiautomation\testdata\fisap-datacorrection\prereq-invalidtransid-19_20\prereq-fisap-datacorrection@invalidtransid-19_20-awardgrantforpackaging-generictest" name="prereq-fisap-datacorrection@invalidtransid-19_20-awardgrantforpackaging-generictest" />
    </UnitTest>
    <OrderedTest name="OT-13-SubsidizedUsage" storage="c:\agt6\_work\6\a\api\orderedtest\ot-13-subsidizedusage.orderedtest" id="0396ad18-b46a-46f2-ab6c-a46d223396d8">
      <Execution id="a9a1f5eb-8669-4a9c-b9ed-bbe09a2661a8" />
      <TestLinks>
        <TestLink id="4be213eb-38e9-4642-9fe9-6f2a66312bf1" name="prereq-appproc-subsidizedusageinformation-view@hp-createstudent-generictest" storage="c:\agt6\_work\6\a\api\environment\regapiautomation\testdata\subsidizedusage\prereq\prereq-appproc-subsidizedusageinformation-view@hp-createstudent-generictest.generictest" />
        <TestLink id="5a7ba8af-64ac-4683-bbeb-3309a6881135" name="prereq-appproc-subsidizedusageinformation-view@hp-importisir-generictest" storage="c:\agt6\_work\6\a\api\environment\regapiautomation\testdata\subsidizedusage\prereq\prereq-appproc-subsidizedusageinformation-view@hp-importisir-generictest.generictest" />
        <TestLink id="7fa200b2-8755-4cbd-9cc8-d5e46a1b6157" name="prereq-appproc-subsidizedusageinformation-view@hp-enrollstudent-generictest" storage="c:\agt6\_work\6\a\api\environment\regapiautomation\testdata\subsidizedusage\prereq\prereq-appproc-subsidizedusageinformation-view@hp-enrollstudent-generictest.generictest" />
        <TestLink id="719b5654-a028-42a2-a85a-e27164bbd267" name="prereq-appproc-subsidizedusageinformation-view@hp-updatebudgetforacademicyearforpackaging-generictest" storage="c:\agt6\_work\6\a\api\environment\regapiautomation\testdata\subsidizedusage\prereq\prereq-appproc-subsidizedusageinformation-view@hp-updatebudgetforacademicyearforpackaging-generictest.generictest" />
        <TestLink id="09d3debb-3c38-4d98-bf20-6b0285b7439b" name="prereq-appproc-subsidizedusageinformation-view@hp-awardgrantorloanforpackaging-generictest" storage="c:\agt6\_work\6\a\api\environment\regapiautomation\testdata\subsidizedusage\prereq\prereq-appproc-subsidizedusageinformation-view@hp-awardgrantorloanforpackaging-generictest.generictest" />
        <TestLink id="97753765-48b1-4500-81bd-3b365ddb9ce2" name="prereq-appproc-subsidizedusageinformation-view@hp-codimport-generictest" storage="c:\agt6\_work\6\a\api\environment\regapiautomation\testdata\subsidizedusage\prereq\prereq-appproc-subsidizedusageinformation-view@hp-codimport-generictest.generictest" />
        <TestLink id="91a264f9-31e7-40d3-a790-d1ceb1c67a16" name="appproc-subsidizedusageinformation-view-generictest" storage="c:\agt6\_work\6\a\api\environment\regapiautomation\testdata\subsidizedusage\appproc-subsidizedusageinformation-view-generictest.generictest" />
      </TestLinks>
    </OrderedTest>
    <UnitTest name="prereq-fisap-datacorrection@resolvedep-19_20-awardgrantforpackaging-generictest" storage="c:\agt6\_work\6\a\api\environment\regapiautomation\testdata\fisap-datacorrection\prereq-resolvedep-19_20\prereq-fisap-datacorrection@resolvedep-19_20-awardgrantforpackaging-generictest.generictest" id="127873ab-4d19-4a29-b454-bf339f303e73">
      <Execution id="bfdc169a-550a-4990-9741-17b4777df50e" parentId="ba8c0425-1a9e-43f4-bc5d-07922547af4a" />
      <TestMethod codeBase="c:\agt6\_work\6\a\api\environment\regapiautomation\testdata\fisap-datacorrection\prereq-resolvedep-19_20\prereq-fisap-datacorrection@resolvedep-19_20-awardgrantforpackaging-generictest.generictest" adapterTypeName="executor://orderedtestadapter/v1" className="c:\agt6\_work\6\a\api\environment\regapiautomation\testdata\fisap-datacorrection\prereq-resolvedep-19_20\prereq-fisap-datacorrection@resolvedep-19_20-awardgrantforpackaging-generictest" name="prereq-fisap-datacorrection@resolvedep-19_20-awardgrantforpackaging-generictest" />
    </UnitTest>
    <UnitTest name="prereq-fisap-datacorrection@columnd-19_20-createstudent-generictest" storage="c:\agt6\_work\6\a\api\environment\regapiautomation\testdata\fisap-datacorrection\prereq-columnd-19-20\prereq-fisap-datacorrection@columnd-19_20-createstudent-generictest.generictest" id="ab8505e9-78b7-4371-80ae-2f5981bebd66">
      <Execution id="aa7b4805-c013-4ff6-86e3-535b3f7cd201" parentId="a78bdfe6-9cfa-4df0-baca-8b4c8af86245" />
      <TestMethod codeBase="c:\agt6\_work\6\a\api\environment\regapiautomation\testdata\fisap-datacorrection\prereq-columnd-19-20\prereq-fisap-datacorrection@columnd-19_20-createstudent-generictest.generictest" adapterTypeName="executor://orderedtestadapter/v1" className="c:\agt6\_work\6\a\api\environment\regapiautomation\testdata\fisap-datacorrection\prereq-columnd-19-20\prereq-fisap-datacorrection@columnd-19_20-createstudent-generictest" name="prereq-fisap-datacorrection@columnd-19_20-createstudent-generictest" />
    </UnitTest>
    <OrderedTest name="OT-01C-CODExport.Loans-Grants-21_22" storage="c:\agt6\_work\6\a\api\orderedtest\ot-01c-codexport.loans-grants-21_22.orderedtest" id="0b69c654-f9f8-4d57-b55a-471163e9636f">
      <Execution id="300b7aae-6fa8-43f0-b94e-28f948bd5c45" />
      <TestLinks>
        <TestLink id="c4ce48df-bba4-4f47-b69d-ee33d1981ea1" name="prereq-codexport@loans-grants-21_22-createstudent-generictest" storage="c:\agt6\_work\6\a\api\environment\regapiautomation\testdata\codexport\prereq-loans-grants-21_22\prereq-codexport@loans-grants-21_22-createstudent-generictest.generictest" />
        <TestLink id="6d5c09d2-046f-4dae-8858-41fa0be1c3cc" name="prereq-codexport@loans-grants-21_22-importisir-generictest" storage="c:\agt6\_work\6\a\api\environment\regapiautomation\testdata\codexport\prereq-loans-grants-21_22\prereq-codexport@loans-grants-21_22-importisir-generictest.generictest" />
        <TestLink id="fa0959fe-e713-4e38-aad8-1fb3aa0e25eb" name="prereq-codexport@loans-grants-21_22-enrollstudent-generictest" storage="c:\agt6\_work\6\a\api\environment\regapiautomation\testdata\codexport\prereq-loans-grants-21_22\prereq-codexport@loans-grants-21_22-enrollstudent-generictest.generictest" />
        <TestLink id="e1204454-f111-420f-9994-8229d7f3a42d" name="prereq-codexport@loans-grants-21_22-updatebudgetforacademicyearforpackaging-generictest" storage="c:\agt6\_work\6\a\api\environment\regapiautomation\testdata\codexport\prereq-loans-grants-21_22\prereq-codexport@loans-grants-21_22-updatebudgetforacademicyearforpackaging-generictest.generictest" />
        <TestLink id="c958152b-26ac-4f4b-9276-5d8e2d52bf71" name="prereq-codexport@loans-grants-21_22-awardgrantorloanforpackaging-generictest" storage="c:\agt6\_work\6\a\api\environment\regapiautomation\testdata\codexport\prereq-loans-grants-21_22\prereq-codexport@loans-grants-21_22-awardgrantorloanforpackaging-generictest.generictest" />
        <TestLink id="139e63b3-2051-4895-a8f4-3f57b30db4dc" name="prereq-codexport@loans-grants-21_22-awardloanforpackaging-generictest" storage="c:\agt6\_work\6\a\api\environment\regapiautomation\testdata\codexport\prereq-loans-grants-21_22\prereq-codexport@loans-grants-21_22-awardloanforpackaging-generictest.generictest" />
        <TestLink id="cac1be5b-84e5-4b32-9443-b184e2df83cb" name="cod-export@loans-grants-21_22-export-generictest" storage="c:\agt6\_work\6\a\api\environment\regapiautomation\testdata\codexport\cod-export@loans-grants-21_22-export-generictest.generictest" />
      </TestLinks>
    </OrderedTest>
    <UnitTest name="prereq-collegefinanceplan-student@saved-ugrad-job-21_22-updatebudgetforacademicyearforpackaging" storage="c:\agt6\_work\6\a\api\environment\regapiautomation\testdata\shoppingsheets\prereq-student-saved-ugrad-job-21_22\prereq-collegefinanceplan-student@saved-ugrad-job-21_22-updatebudgetforacademicyearforpackaging.generictest" id="7f398d13-d657-4226-9c09-a83f186e6962">
      <Execution id="2380aed6-019d-45b5-85bf-fe1a09aae439" parentId="c07572d8-3e49-4f65-a8d1-ed7a237e0c45" />
      <TestMethod codeBase="c:\agt6\_work\6\a\api\environment\regapiautomation\testdata\shoppingsheets\prereq-student-saved-ugrad-job-21_22\prereq-collegefinanceplan-student@saved-ugrad-job-21_22-updatebudgetforacademicyearforpackaging.generictest" adapterTypeName="executor://orderedtestadapter/v1" className="c:\agt6\_work\6\a\api\environment\regapiautomation\testdata\shoppingsheets\prereq-student-saved-ugrad-job-21_22\prereq-collegefinanceplan-student@saved-ugrad-job-21_22-updatebudgetforacademicyearforpackaging" name="prereq-collegefinanceplan-student@saved-ugrad-job-21_22-updatebudgetforacademicyearforpackaging" />
    </UnitTest>
    <UnitTest name="prereq-fisap-datacorrection@report-detail-20_21-importisir-generictest" storage="c:\agt6\_work\6\a\api\environment\regapiautomation\testdata\fisap-datacorrection\prereq-report-detail-20_21\prereq-fisap-datacorrection@report-detail-20_21-importisir-generictest.generictest" id="9f83467f-e02f-4255-93d9-0e9f25c5e9d4">
      <Execution id="0694c6df-644c-47f9-a7df-b6e9df89d798" parentId="e4bc49c0-0d6c-4200-b587-34d08029f03b" />
      <TestMethod codeBase="c:\agt6\_work\6\a\api\environment\regapiautomation\testdata\fisap-datacorrection\prereq-report-detail-20_21\prereq-fisap-datacorrection@report-detail-20_21-importisir-generictest.generictest" adapterTypeName="executor://orderedtestadapter/v1" className="c:\agt6\_work\6\a\api\environment\regapiautomation\testdata\fisap-datacorrection\prereq-report-detail-20_21\prereq-fisap-datacorrection@report-detail-20_21-importisir-generictest" name="prereq-fisap-datacorrection@report-detail-20_21-importisir-generictest" />
    </UnitTest>
    <OrderedTest name="OT-06X-FISAP-Report-Detail-19_20" storage="c:\agt6\_work\6\a\api\orderedtest\ot-06x-fisap-report-detail-19_20.orderedtest" id="5eb4e4c5-71fc-427e-96d8-9ec430916678">
      <Execution id="462763f0-55e1-45e0-adc5-7355d9f91d2c" />
      <TestLinks>
        <TestLink id="f0c3f683-f458-4bc6-b179-5cd878c59938" name="prereq-fisap-datacorrection@report-detail-19_20-createstudent-generictest" storage="c:\agt6\_work\6\a\api\environment\regapiautomation\testdata\fisap-datacorrection\prereq-report-detail-19_20\prereq-fisap-datacorrection@report-detail-19_20-createstudent-generictest.generictest" />
        <TestLink id="184a79d7-5af0-4f85-b579-7151623bd100" name="prereq-fisap-datacorrection@report-detail-19_20-importisir-generictest" storage="c:\agt6\_work\6\a\api\environment\regapiautomation\testdata\fisap-datacorrection\prereq-report-detail-19_20\prereq-fisap-datacorrection@report-detail-19_20-importisir-generictest.generictest" />
        <TestLink id="7bf9f965-e113-40de-a146-db9d58997e5b" name="prereq-fisap-datacorrection@report-detail-19_20-enrollstudent-generictest" storage="c:\agt6\_work\6\a\api\environment\regapiautomation\testdata\fisap-datacorrection\prereq-report-detail-19_20\prereq-fisap-datacorrection@report-detail-19_20-enrollstudent-generictest.generictest" />
        <TestLink id="849861f2-3c98-4c2a-9bf3-59540f2a2ea5" name="prereq-fisap-datacorrection@report-detail-19_20-seteffectivedate-generictest" storage="c:\agt6\_work\6\a\api\environment\regapiautomation\testdata\fisap-datacorrection\prereq-report-detail-19_20\prereq-fisap-datacorrection@report-detail-19_20-seteffectivedate-generictest.generictest" />
        <TestLink id="349e10f5-6131-4577-a09e-6ae01e2344bc" name="prereq-fisap-datacorrection@report-detail-19_20-registerclassandpostattendance-generictest" storage="c:\agt6\_work\6\a\api\environment\regapiautomation\testdata\fisap-datacorrection\prereq-report-detail-19_20\prereq-fisap-datacorrection@report-detail-19_20-registerclassandpostattendance-generictest.generictest" />
        <TestLink id="10be41df-6689-4320-85d4-42269e916848" name="prereq-fisap-datacorrection@report-detail-19_20-updatebudgetforacademicyearforpackaging-generictest" storage="c:\agt6\_work\6\a\api\environment\regapiautomation\testdata\fisap-datacorrection\prereq-report-detail-19_20\prereq-fisap-datacorrection@report-detail-19_20-updatebudgetforacademicyearforpackaging-generictest.generictest" />
        <TestLink id="a17ffcde-ee16-4f94-96c5-5e98b2ee999b" name="prereq-fisap-datacorrection@report-detail-19_20-awardgrantforpackaging-generictest" storage="c:\agt6\_work\6\a\api\environment\regapiautomation\testdata\fisap-datacorrection\prereq-report-detail-19_20\prereq-fisap-datacorrection@report-detail-19_20-awardgrantforpackaging-generictest.generictest" />
        <TestLink id="325bcf5b-43c2-4629-b9bc-77ea1b951416" name="prereq-fisap-datacorrection@report-detail-19_20-postpaymentledgercard-generictest" storage="c:\agt6\_work\6\a\api\environment\regapiautomation\testdata\fisap-datacorrection\prereq-report-detail-19_20\prereq-fisap-datacorrection@report-detail-19_20-postpaymentledgercard-generictest.generictest" />
        <TestLink id="cb6d148f-5ca9-49a0-87d5-cbf804992be2" name="prereq-fisap-datacorrection@report-detail-19_20-changestudentstatus-generictest" storage="c:\agt6\_work\6\a\api\environment\regapiautomation\testdata\fisap-datacorrection\prereq-report-detail-19_20\prereq-fisap-datacorrection@report-detail-19_20-changestudentstatus-generictest.generictest" />
        <TestLink id="5f71ff6f-b282-4013-9dd3-16bf81f9da4e" name="fisap-datacorrection@report-detail-19_20-generictest" storage="c:\agt6\_work\6\a\api\environment\regapiautomation\testdata\fisap-datacorrection\fisap-datacorrection@report-detail-19_20-generictest.generictest" />
      </TestLinks>
    </OrderedTest>
    <OrderedTest name="OT-09-IsirPrint" storage="c:\agt6\_work\6\a\api\orderedtest\ot-09-isirprint.orderedtest" id="525ae70c-71ed-4cd3-a756-4ff63a61f72e">
      <Execution id="e16874f7-2c2d-4d35-9f03-ff09149034ba" />
      <TestLinks>
        <TestLink id="7bd6ad64-70f9-4b50-8dab-f8cc34acede5" name="prereq-appproc-isirprint@hp-isirbatchprint-importisir-generictest" storage="c:\agt6\_work\6\a\api\environment\regapiautomation\testdata\isirprint\prereq\prereq-appproc-isirprint@hp-isirbatchprint-importisir-generictest.generictest" />
        <TestLink id="06768748-1336-46cf-bc09-0635d120a2c2" name="appproc-isirprint@hp-isirbatchprint-generictest" storage="c:\agt6\_work\6\a\api\environment\regapiautomation\testdata\isirprint\appproc-isirprint@hp-isirbatchprint-generictest.generictest" />
      </TestLinks>
    </OrderedTest>
    <UnitTest name="prereq-fisap-datacorrection@hp-ineligible-19_20-awardgrantorloanforpackaging-generictest" storage="c:\agt6\_work\6\a\api\environment\regapiautomation\testdata\fisap-datacorrection\prereq-ineligible-19_20\prereq-fisap-datacorrection@hp-ineligible-19_20-awardgrantorloanforpackaging-generictest.generictest" id="269d72a6-4d2d-42ae-b3d0-50799caa3d51">
      <Execution id="3ecb82ed-7aa0-47d0-bce0-6b532c864745" parentId="f51cf7a5-90aa-4d7b-a241-f8ea6421a15e" />
      <TestMethod codeBase="c:\agt6\_work\6\a\api\environment\regapiautomation\testdata\fisap-datacorrection\prereq-ineligible-19_20\prereq-fisap-datacorrection@hp-ineligible-19_20-awardgrantorloanforpackaging-generictest.generictest" adapterTypeName="executor://orderedtestadapter/v1" className="c:\agt6\_work\6\a\api\environment\regapiautomation\testdata\fisap-datacorrection\prereq-ineligible-19_20\prereq-fisap-datacorrection@hp-ineligible-19_20-awardgrantorloanforpackaging-generictest" name="prereq-fisap-datacorrection@hp-ineligible-19_20-awardgrantorloanforpackaging-generictest" />
    </UnitTest>
    <UnitTest name="prereq-cod-exceptions@hp-resolve-award-bn-createstudent-generictest" storage="c:\agt6\_work\6\a\api\environment\regapiautomation\testdata\codexceptions\prereq\prereq-cod-exceptions@hp-resolve-award-bn-createstudent-generictest.generictest" id="9fe321cd-6109-4ae5-8e8a-2c866e06c51e">
      <Execution id="8d0c3dec-d7db-496c-9799-c7d932aa6e43" parentId="a9bbf815-0cf2-4d0e-8149-403984943fdc" />
      <TestMethod codeBase="c:\agt6\_work\6\a\api\environment\regapiautomation\testdata\codexceptions\prereq\prereq-cod-exceptions@hp-resolve-award-bn-createstudent-generictest.generictest" adapterTypeName="executor://orderedtestadapter/v1" className="c:\agt6\_work\6\a\api\environment\regapiautomation\testdata\codexceptions\prereq\prereq-cod-exceptions@hp-resolve-award-bn-createstudent-generictest" name="prereq-cod-exceptions@hp-resolve-award-bn-createstudent-generictest" />
    </UnitTest>
    <UnitTest name="prereq-fisap-datacorrection@invaliddepmodel-20_21-registerclassandpostattendance-generictest" storage="c:\agt6\_work\6\a\api\environment\regapiautomation\testdata\fisap-datacorrection\prereq-invaliddepmodel-20_21\prereq-fisap-datacorrection@invaliddepmodel-20_21-registerclassandpostattendance-generictest.generictest" id="37a32bc1-2b7e-4695-9d78-9aaeec10d750">
      <Execution id="5210cc0f-3b80-45ae-81b6-def8856d6c0c" parentId="904cd9df-22ae-4cf6-9821-5c23e51fbf49" />
      <TestMethod codeBase="c:\agt6\_work\6\a\api\environment\regapiautomation\testdata\fisap-datacorrection\prereq-invaliddepmodel-20_21\prereq-fisap-datacorrection@invaliddepmodel-20_21-registerclassandpostattendance-generictest.generictest" adapterTypeName="executor://orderedtestadapter/v1" className="c:\agt6\_work\6\a\api\environment\regapiautomation\testdata\fisap-datacorrection\prereq-invaliddepmodel-20_21\prereq-fisap-datacorrection@invaliddepmodel-20_21-registerclassandpostattendance-generictest" name="prereq-fisap-datacorrection@invaliddepmodel-20_21-registerclassandpostattendance-generictest" />
    </UnitTest>
    <UnitTest name="prereq-fisap-datacorrection@report-summary-19_20-changestudentstatus-generictest" storage="c:\agt6\_work\6\a\api\environment\regapiautomation\testdata\fisap-datacorrection\prereq-report-summary-19_20\prereq-fisap-datacorrection@report-summary-19_20-changestudentstatus-generictest.generictest" id="7b26671f-6808-464b-b2ce-01496bf3bc89">
      <Execution id="149d6e97-dd3d-4b54-b4fa-8b115fad3d00" parentId="aa45d248-d3be-4714-80a6-d8b03b78f18a" />
      <TestMethod codeBase="c:\agt6\_work\6\a\api\environment\regapiautomation\testdata\fisap-datacorrection\prereq-report-summary-19_20\prereq-fisap-datacorrection@report-summary-19_20-changestudentstatus-generictest.generictest" adapterTypeName="executor://orderedtestadapter/v1" className="c:\agt6\_work\6\a\api\environment\regapiautomation\testdata\fisap-datacorrection\prereq-report-summary-19_20\prereq-fisap-datacorrection@report-summary-19_20-changestudentstatus-generictest" name="prereq-fisap-datacorrection@report-summary-19_20-changestudentstatus-generictest" />
    </UnitTest>
    <UnitTest name="fisap-datacorrection@report-variance-20_21-generictest" storage="c:\agt6\_work\6\a\api\environment\regapiautomation\testdata\fisap-datacorrection\fisap-datacorrection@report-variance-20_21-generictest.generictest" id="89ad15eb-ebff-401f-be50-0fe9d8af66bb">
      <Execution id="9fb78f1a-79ba-402b-9675-7eae9cd7606c" parentId="f9a3d65a-5cb6-438b-af3f-330a9ebc816d" />
      <TestMethod codeBase="c:\agt6\_work\6\a\api\environment\regapiautomation\testdata\fisap-datacorrection\fisap-datacorrection@report-variance-20_21-generictest.generictest" adapterTypeName="executor://orderedtestadapter/v1" className="c:\agt6\_work\6\a\api\environment\regapiautomation\testdata\fisap-datacorrection\fisap-datacorrection@report-variance-20_21-generictest" name="fisap-datacorrection@report-variance-20_21-generictest" />
    </UnitTest>
    <UnitTest name="prereq-codimport@bn-21_22-awardloanforpackaging-generictest" storage="c:\agt6\_work\6\a\api\environment\regapiautomation\testdata\codimport\prereq-codimport-bn-21_22\prereq-codimport@bn-21_22-awardloanforpackaging-generictest.generictest" id="05df57c3-f35b-4299-9951-bc08097a6283">
      <Execution id="d59df002-6e4e-448b-b008-14e78688d4bb" parentId="05751b49-b3d2-420a-9fe7-b1bcfbcbfec2" />
      <TestMethod codeBase="c:\agt6\_work\6\a\api\environment\regapiautomation\testdata\codimport\prereq-codimport-bn-21_22\prereq-codimport@bn-21_22-awardloanforpackaging-generictest.generictest" adapterTypeName="executor://orderedtestadapter/v1" className="c:\agt6\_work\6\a\api\environment\regapiautomation\testdata\codimport\prereq-codimport-bn-21_22\prereq-codimport@bn-21_22-awardloanforpackaging-generictest" name="prereq-codimport@bn-21_22-awardloanforpackaging-generictest" />
    </UnitTest>
    <UnitTest name="prereq-appproc-subsidizedusageinformation-view@hp-enrollstudent-generictest" storage="c:\agt6\_work\6\a\api\environment\regapiautomation\testdata\subsidizedusage\prereq\prereq-appproc-subsidizedusageinformation-view@hp-enrollstudent-generictest.generictest" id="7fa200b2-8755-4cbd-9cc8-d5e46a1b6157">
      <Execution id="2999c44b-6933-41b2-98f9-ef7221f65294" parentId="a9a1f5eb-8669-4a9c-b9ed-bbe09a2661a8" />
      <TestMethod codeBase="c:\agt6\_work\6\a\api\environment\regapiautomation\testdata\subsidizedusage\prereq\prereq-appproc-subsidizedusageinformation-view@hp-enrollstudent-generictest.generictest" adapterTypeName="executor://orderedtestadapter/v1" className="c:\agt6\_work\6\a\api\environment\regapiautomation\testdata\subsidizedusage\prereq\prereq-appproc-subsidizedusageinformation-view@hp-enrollstudent-generictest" name="prereq-appproc-subsidizedusageinformation-view@hp-enrollstudent-generictest" />
    </UnitTest>
    <UnitTest name="prereq-fisap-datacorrection@resolvedep-19_20-enrollstudent-generictest" storage="c:\agt6\_work\6\a\api\environment\regapiautomation\testdata\fisap-datacorrection\prereq-resolvedep-19_20\prereq-fisap-datacorrection@resolvedep-19_20-enrollstudent-generictest.generictest" id="eee0b7f3-a7b5-4ab7-8d9d-bf93fcb9b4d8">
      <Execution id="bd2325fb-daa1-4189-99b2-0a4b7934f20e" parentId="ba8c0425-1a9e-43f4-bc5d-07922547af4a" />
      <TestMethod codeBase="c:\agt6\_work\6\a\api\environment\regapiautomation\testdata\fisap-datacorrection\prereq-resolvedep-19_20\prereq-fisap-datacorrection@resolvedep-19_20-enrollstudent-generictest.generictest" adapterTypeName="executor://orderedtestadapter/v1" className="c:\agt6\_work\6\a\api\environment\regapiautomation\testdata\fisap-datacorrection\prereq-resolvedep-19_20\prereq-fisap-datacorrection@resolvedep-19_20-enrollstudent-generictest" name="prereq-fisap-datacorrection@resolvedep-19_20-enrollstudent-generictest" />
    </UnitTest>
    <OrderedTest name="OT-06S-FISAP-UnkEnrollStatus-20_21" storage="c:\agt6\_work\6\a\api\orderedtest\ot-06s-fisap-unkenrollstatus-20_21.orderedtest" id="60667aff-472a-4b9d-b967-98debc0a7b81">
      <Execution id="f1d46cb3-877d-4953-828d-ac45b9c579e2" />
      <TestLinks>
        <TestLink id="4575a001-0841-42ca-af00-39880cff3d8d" name="prereq-fisap-datacorrection@unkenrollstatus-20_21-createstudent-generictest" storage="c:\agt6\_work\6\a\api\environment\regapiautomation\testdata\fisap-datacorrection\prereq-unkenrollstatus-20_21\prereq-fisap-datacorrection@unkenrollstatus-20_21-createstudent-generictest.generictest" />
        <TestLink id="c2bcb34b-4421-4831-84cc-a0a4a94ea085" name="prereq-fisap-datacorrection@unkenrollstatus-20_21-enrollstudent-generictest" storage="c:\agt6\_work\6\a\api\environment\regapiautomation\testdata\fisap-datacorrection\prereq-unkenrollstatus-20_21\prereq-fisap-datacorrection@unkenrollstatus-20_21-enrollstudent-generictest.generictest" />
        <TestLink id="b70d9d46-2745-47aa-aa33-d82e9954a5cd" name="prereq-fisap-datacorrection@unkenrollstatus-20_21-seteffectivedate-generictest" storage="c:\agt6\_work\6\a\api\environment\regapiautomation\testdata\fisap-datacorrection\prereq-unkenrollstatus-20_21\prereq-fisap-datacorrection@unkenrollstatus-20_21-seteffectivedate-generictest.generictest" />
        <TestLink id="37b0bde0-af17-4d60-a5e2-9c0454137bc9" name="prereq-fisap-datacorrection@unkenrollstatus-20_21-registerclassandpostattendance-generictest" storage="c:\agt6\_work\6\a\api\environment\regapiautomation\testdata\fisap-datacorrection\prereq-unkenrollstatus-20_21\prereq-fisap-datacorrection@unkenrollstatus-20_21-registerclassandpostattendance-generictest.generictest" />
        <TestLink id="43b58c11-b721-46b5-bc65-8cf4f038de05" name="prereq-fisap-datacorrection@unkenrollstatus-20_21-updatebudgetforacademicyearforpackaging-generictest" storage="c:\agt6\_work\6\a\api\environment\regapiautomation\testdata\fisap-datacorrection\prereq-unkenrollstatus-20_21\prereq-fisap-datacorrection@unkenrollstatus-20_21-updatebudgetforacademicyearforpackaging-generictest.generictest" />
        <TestLink id="0694f6d3-224b-470b-a2ec-95f013d081e8" name="prereq-fisap-datacorrection@unkenrollstatus-20_21-awardgrantforpackaging-generictest" storage="c:\agt6\_work\6\a\api\environment\regapiautomation\testdata\fisap-datacorrection\prereq-unkenrollstatus-20_21\prereq-fisap-datacorrection@unkenrollstatus-20_21-awardgrantforpackaging-generictest.generictest" />
        <TestLink id="1d6ad50a-8a12-42e7-8c79-c8bf395a6266" name="prereq-fisap-datacorrection@unkenrollstatus-20_21-postpaymentledgercard-generictest" storage="c:\agt6\_work\6\a\api\environment\regapiautomation\testdata\fisap-datacorrection\prereq-unkenrollstatus-20_21\prereq-fisap-datacorrection@unkenrollstatus-20_21-postpaymentledgercard-generictest.generictest" />
        <TestLink id="2299fb19-3758-48b9-9770-393b541b4b3b" name="fisap-datacorrection@unkenrollstatus-20_21-generictest" storage="c:\agt6\_work\6\a\api\environment\regapiautomation\testdata\fisap-datacorrection\fisap-datacorrection@unkenrollstatus-20_21-generictest.generictest" />
      </TestLinks>
    </OrderedTest>
    <OrderedTest name="OT-14-TsmExport-HP-Both-Date" storage="c:\agt6\_work\6\a\api\orderedtest\ot-14-tsmexport-hp-both-date.orderedtest" id="9809e190-42ab-4475-a51a-6fefd9cbe97e">
      <Execution id="42ba3c3a-4665-4f5e-bffa-5e9418378c33" />
      <TestLinks>
        <TestLink id="4e6977cc-53c6-47a6-aa3d-6c026d142d79" name="prereq-tsmexport@hp-createstudent-generictest" storage="c:\agt6\_work\6\a\api\environment\regapiautomation\testdata\tsmexport\prereq-hp-both-date\prereq-tsmexport@hp-createstudent-generictest.generictest" />
        <TestLink id="789e3ca1-61c9-49c4-875f-d7e6e5322146" name="prereq-tsmexport@hp-enrollstudent-generictest" storage="c:\agt6\_work\6\a\api\environment\regapiautomation\testdata\tsmexport\prereq-hp-both-date\prereq-tsmexport@hp-enrollstudent-generictest.generictest" />
        <TestLink id="578f516b-1262-494e-922e-5a3e02ba07e2" name="prereq-tsmexport@hp-export-seteffectivedate-generictest" storage="c:\agt6\_work\6\a\api\environment\regapiautomation\testdata\tsmexport\prereq-hp-both-date\prereq-tsmexport@hp-export-seteffectivedate-generictest.generictest" />
        <TestLink id="c4c4367d-5052-4a7d-b92f-a3414daf0a38" name="prereq-tsmexport@hp-registerclassandpostattendance-generictest" storage="c:\agt6\_work\6\a\api\environment\regapiautomation\testdata\tsmexport\prereq-hp-both-date\prereq-tsmexport@hp-registerclassandpostattendance-generictest.generictest" />
        <TestLink id="6f6da284-e0ff-453d-a893-35944e52004e" name="tsmexport@hp-both-date-generictest" storage="c:\agt6\_work\6\a\api\environment\regapiautomation\testdata\tsmexport\tsmexport@hp-both-date-generictest.generictest" />
      </TestLinks>
    </OrderedTest>
    <UnitTest name="collegefinanceplan-config@prospectivestudentsloanoptions-21_22-generictest" storage="c:\agt6\_work\6\a\api\environment\regapiautomation\testdata\shoppingsheets\collegefinanceplan-config@prospectivestudentsloanoptions-21_22-generictest.generictest" id="b80fa85c-2188-4c90-9484-77d875643024">
      <Execution id="548b214f-80c6-489c-8c1b-10b83aa8c1aa" parentId="3542bb4d-1dd2-488e-87a9-bdf161c8dfbe" />
      <TestMethod codeBase="c:\agt6\_work\6\a\api\environment\regapiautomation\testdata\shoppingsheets\collegefinanceplan-config@prospectivestudentsloanoptions-21_22-generictest.generictest" adapterTypeName="executor://orderedtestadapter/v1" className="c:\agt6\_work\6\a\api\environment\regapiautomation\testdata\shoppingsheets\collegefinanceplan-config@prospectivestudentsloanoptions-21_22-generictest" name="collegefinanceplan-config@prospectivestudentsloanoptions-21_22-generictest" />
    </UnitTest>
    <UnitTest name="prereq-fisap-datacorrection@resolvedep-20_21-seteffectivedate-generictest" storage="c:\agt6\_work\6\a\api\environment\regapiautomation\testdata\fisap-datacorrection\prereq-resolvedep-20_21\prereq-fisap-datacorrection@resolvedep-20_21-seteffectivedate-generictest.generictest" id="22f00a30-a862-46db-a98f-37b050e186cc">
      <Execution id="b6bd05e1-9a32-4a5f-aec3-c75e7f4369b2" parentId="8b6a38b1-0ae6-4efa-8ba5-636ed1a71512" />
      <TestMethod codeBase="c:\agt6\_work\6\a\api\environment\regapiautomation\testdata\fisap-datacorrection\prereq-resolvedep-20_21\prereq-fisap-datacorrection@resolvedep-20_21-seteffectivedate-generictest.generictest" adapterTypeName="executor://orderedtestadapter/v1" className="c:\agt6\_work\6\a\api\environment\regapiautomation\testdata\fisap-datacorrection\prereq-resolvedep-20_21\prereq-fisap-datacorrection@resolvedep-20_21-seteffectivedate-generictest" name="prereq-fisap-datacorrection@resolvedep-20_21-seteffectivedate-generictest" />
    </UnitTest>
    <UnitTest name="collegefinanceplan-student@grad-all-print-21_22" storage="c:\agt6\_work\6\a\api\environment\regapiautomation\testdata\shoppingsheets\collegefinanceplan-student@grad-all-print-21_22.generictest" id="a5b1608e-9501-4d96-b719-2198d87de7d0">
      <Execution id="c3d5cca7-a1d2-4751-95f6-803fa01741de" parentId="9d633ace-58cb-40e0-bb9b-d8b00dd4fdd9" />
      <TestMethod codeBase="c:\agt6\_work\6\a\api\environment\regapiautomation\testdata\shoppingsheets\collegefinanceplan-student@grad-all-print-21_22.generictest" adapterTypeName="executor://orderedtestadapter/v1" className="c:\agt6\_work\6\a\api\environment\regapiautomation\testdata\shoppingsheets\collegefinanceplan-student@grad-all-print-21_22" name="collegefinanceplan-student@grad-all-print-21_22" />
    </UnitTest>
    <OrderedTest name="OT-10G-CollegeFinancePlan-Config-InterestRate-21_22" storage="c:\agt6\_work\6\a\api\orderedtest\ot-10g-collegefinanceplan-config-interestrate-21_22.orderedtest" id="7644f0c5-48ca-493c-94ee-2e72a615fac9">
      <Execution id="7d7ca4a2-4734-4385-812f-45a5369cb8eb" />
      <TestLinks>
        <TestLink id="e974e990-075a-42ff-8e95-48876f96390d" name="collegefinanceplan-config@interestrate-21_22-generictest" storage="c:\agt6\_work\6\a\api\environment\regapiautomation\testdata\shoppingsheets\collegefinanceplan-config@interestrate-21_22-generictest.generictest" />
      </TestLinks>
    </OrderedTest>
    <UnitTest name="appproc-subsidizedusageinformation-view-generictest" storage="c:\agt6\_work\6\a\api\environment\regapiautomation\testdata\subsidizedusage\appproc-subsidizedusageinformation-view-generictest.generictest" id="91a264f9-31e7-40d3-a790-d1ceb1c67a16">
      <Execution id="033afe86-16fc-4682-bdd6-9c46b448ebf5" parentId="a9a1f5eb-8669-4a9c-b9ed-bbe09a2661a8" />
      <TestMethod codeBase="c:\agt6\_work\6\a\api\environment\regapiautomation\testdata\subsidizedusage\appproc-subsidizedusageinformation-view-generictest.generictest" adapterTypeName="executor://orderedtestadapter/v1" className="c:\agt6\_work\6\a\api\environment\regapiautomation\testdata\subsidizedusage\appproc-subsidizedusageinformation-view-generictest" name="appproc-subsidizedusageinformation-view-generictest" />
    </UnitTest>
    <UnitTest name="appproc-studentisir-verify@hp-acceptasverified-generictest" storage="c:\agt6\_work\6\a\api\environment\regapiautomation\testdata\studentisir\appproc-studentisir-verify@hp-acceptasverified-generictest.generictest" id="8ceb741b-65c2-400f-afcc-df59b8397f18">
      <Execution id="f026c113-0ca9-40fd-82f9-0a3884e2ad48" parentId="cd39c91b-6fc0-45ed-ad11-b03b8ed6c86f" />
      <TestMethod codeBase="c:\agt6\_work\6\a\api\environment\regapiautomation\testdata\studentisir\appproc-studentisir-verify@hp-acceptasverified-generictest.generictest" adapterTypeName="executor://orderedtestadapter/v1" className="c:\agt6\_work\6\a\api\environment\regapiautomation\testdata\studentisir\appproc-studentisir-verify@hp-acceptasverified-generictest" name="appproc-studentisir-verify@hp-acceptasverified-generictest" />
    </UnitTest>
    <UnitTest name="prereq-appproc-studentisir-corrections@hp-submit-21_22-generictest" storage="c:\agt6\_work\6\a\api\environment\regapiautomation\testdata\studentisir\prereq-corrections-hp-submit-21_22\prereq-appproc-studentisir-corrections@hp-submit-21_22-generictest.generictest" id="0eae1b98-54a3-47a3-8254-c307991db850">
      <Execution id="0cf36ab0-3d66-40ee-a391-c21f380adb4b" parentId="92c277e4-69b2-4643-88f6-7d6d221107a3" />
      <TestMethod codeBase="c:\agt6\_work\6\a\api\environment\regapiautomation\testdata\studentisir\prereq-corrections-hp-submit-21_22\prereq-appproc-studentisir-corrections@hp-submit-21_22-generictest.generictest" adapterTypeName="executor://orderedtestadapter/v1" className="c:\agt6\_work\6\a\api\environment\regapiautomation\testdata\studentisir\prereq-corrections-hp-submit-21_22\prereq-appproc-studentisir-corrections@hp-submit-21_22-generictest" name="prereq-appproc-studentisir-corrections@hp-submit-21_22-generictest" />
    </UnitTest>
    <UnitTest name="prereq-fisap-datacorrection@columnc-20_21-enrollstudent-generictest" storage="c:\agt6\_work\6\a\api\environment\regapiautomation\testdata\fisap-datacorrection\prereq-columnc-20-21\prereq-fisap-datacorrection@columnc-20_21-enrollstudent-generictest.generictest" id="4d2afcc2-151c-4d56-82f1-f055bd334530">
      <Execution id="347c77b6-eca7-4dfb-9c72-a2266eac7e41" parentId="340d93fe-f399-44c9-99a8-4a2e57db64d8" />
      <TestMethod codeBase="c:\agt6\_work\6\a\api\environment\regapiautomation\testdata\fisap-datacorrection\prereq-columnc-20-21\prereq-fisap-datacorrection@columnc-20_21-enrollstudent-generictest.generictest" adapterTypeName="executor://orderedtestadapter/v1" className="c:\agt6\_work\6\a\api\environment\regapiautomation\testdata\fisap-datacorrection\prereq-columnc-20-21\prereq-fisap-datacorrection@columnc-20_21-enrollstudent-generictest" name="prereq-fisap-datacorrection@columnc-20_21-enrollstudent-generictest" />
    </UnitTest>
    <UnitTest name="prereq-fisap-datacorrection@noteligible-seog-20_21-enrollstudent-generictest" storage="c:\agt6\_work\6\a\api\environment\regapiautomation\testdata\fisap-datacorrection\prereq-noteligible-seog-20-21\prereq-fisap-datacorrection@noteligible-seog-20_21-enrollstudent-generictest.generictest" id="293e0d0d-65ad-496e-9e26-c53f5aa1b813">
      <Execution id="861a4d38-6a03-4f31-99eb-3c8917870d6d" parentId="02fb9329-2db5-4c5c-83c0-929721f070b4" />
      <TestMethod codeBase="c:\agt6\_work\6\a\api\environment\regapiautomation\testdata\fisap-datacorrection\prereq-noteligible-seog-20-21\prereq-fisap-datacorrection@noteligible-seog-20_21-enrollstudent-generictest.generictest" adapterTypeName="executor://orderedtestadapter/v1" className="c:\agt6\_work\6\a\api\environment\regapiautomation\testdata\fisap-datacorrection\prereq-noteligible-seog-20-21\prereq-fisap-datacorrection@noteligible-seog-20_21-enrollstudent-generictest" name="prereq-fisap-datacorrection@noteligible-seog-20_21-enrollstudent-generictest" />
    </UnitTest>
    <UnitTest name="prereq-appproc-studentisir-corrections@hp-submit-generictest" storage="c:\agt6\_work\6\a\api\environment\regapiautomation\testdata\studentisir\prereq\prereq-appproc-studentisir-corrections@hp-submit-generictest.generictest" id="0eae1b98-54a3-47a3-8254-c307991db849">
      <Execution id="7ddec16a-e315-43a7-83c8-2ccddb07eabe" parentId="817f157e-ffed-462f-88e4-c65e1012c8cb" />
      <TestMethod codeBase="c:\agt6\_work\6\a\api\environment\regapiautomation\testdata\studentisir\prereq\prereq-appproc-studentisir-corrections@hp-submit-generictest.generictest" adapterTypeName="executor://orderedtestadapter/v1" className="c:\agt6\_work\6\a\api\environment\regapiautomation\testdata\studentisir\prereq\prereq-appproc-studentisir-corrections@hp-submit-generictest" name="prereq-appproc-studentisir-corrections@hp-submit-generictest" />
    </UnitTest>
    <UnitTest name="prereq-fisap-datacorrection@columnc-20_21-importisir-generictest" storage="c:\agt6\_work\6\a\api\environment\regapiautomation\testdata\fisap-datacorrection\prereq-columnc-20-21\prereq-fisap-datacorrection@columnc-20_21-importisir-generictest.generictest" id="5f4b2f19-4bb8-4014-acea-809ce0ac81a6">
      <Execution id="571b1db2-abf4-4fdc-88a8-3ed35d225eaf" parentId="340d93fe-f399-44c9-99a8-4a2e57db64d8" />
      <TestMethod codeBase="c:\agt6\_work\6\a\api\environment\regapiautomation\testdata\fisap-datacorrection\prereq-columnc-20-21\prereq-fisap-datacorrection@columnc-20_21-importisir-generictest.generictest" adapterTypeName="executor://orderedtestadapter/v1" className="c:\agt6\_work\6\a\api\environment\regapiautomation\testdata\fisap-datacorrection\prereq-columnc-20-21\prereq-fisap-datacorrection@columnc-20_21-importisir-generictest" name="prereq-fisap-datacorrection@columnc-20_21-importisir-generictest" />
    </UnitTest>
    <UnitTest name="prereq-cod-exceptions@hp-resolve-award-bn-importisir-generictest" storage="c:\agt6\_work\6\a\api\environment\regapiautomation\testdata\codexceptions\prereq\prereq-cod-exceptions@hp-resolve-award-bn-importisir-generictest.generictest" id="d7ab1bf6-1adb-4780-abe0-69ff4d3b2b83">
      <Execution id="09a86f22-1347-440b-a485-3614faf5ba01" parentId="a9bbf815-0cf2-4d0e-8149-403984943fdc" />
      <TestMethod codeBase="c:\agt6\_work\6\a\api\environment\regapiautomation\testdata\codexceptions\prereq\prereq-cod-exceptions@hp-resolve-award-bn-importisir-generictest.generictest" adapterTypeName="executor://orderedtestadapter/v1" className="c:\agt6\_work\6\a\api\environment\regapiautomation\testdata\codexceptions\prereq\prereq-cod-exceptions@hp-resolve-award-bn-importisir-generictest" name="prereq-cod-exceptions@hp-resolve-award-bn-importisir-generictest" />
    </UnitTest>
    <UnitTest name="prereq-appproc-studentisir-verify@hp-acceptasverified-importisir-21_22-generictest" storage="c:\agt6\_work\6\a\api\environment\regapiautomation\testdata\studentisir\prereq-hp-acceptasverified-21_22\prereq-appproc-studentisir-verify@hp-acceptasverified-importisir-21_22-generictest.generictest" id="633eacaf-9346-4298-9682-9b9e5c04155f">
      <Execution id="263377ab-e810-4d43-ac5d-9f0717f16b72" parentId="cbc55a14-6f06-452f-a4c3-ff3a5af6d327" />
      <TestMethod codeBase="c:\agt6\_work\6\a\api\environment\regapiautomation\testdata\studentisir\prereq-hp-acceptasverified-21_22\prereq-appproc-studentisir-verify@hp-acceptasverified-importisir-21_22-generictest.generictest" adapterTypeName="executor://orderedtestadapter/v1" className="c:\agt6\_work\6\a\api\environment\regapiautomation\testdata\studentisir\prereq-hp-acceptasverified-21_22\prereq-appproc-studentisir-verify@hp-acceptasverified-importisir-21_22-generictest" name="prereq-appproc-studentisir-verify@hp-acceptasverified-importisir-21_22-generictest" />
    </UnitTest>
    <UnitTest name="prereq-fisap-datacorrection@invalidtransid-19_20-enrollstudent-generictest" storage="c:\agt6\_work\6\a\api\environment\regapiautomation\testdata\fisap-datacorrection\prereq-invalidtransid-19_20\prereq-fisap-datacorrection@invalidtransid-19_20-enrollstudent-generictest.generictest" id="b04ea982-999d-49ae-b2f9-0e826d2ad849">
      <Execution id="b82db9ed-d74b-46d9-923e-a9800c1d5b27" parentId="ee0af9ad-87c1-4def-ba51-b7af8c54b6fa" />
      <TestMethod codeBase="c:\agt6\_work\6\a\api\environment\regapiautomation\testdata\fisap-datacorrection\prereq-invalidtransid-19_20\prereq-fisap-datacorrection@invalidtransid-19_20-enrollstudent-generictest.generictest" adapterTypeName="executor://orderedtestadapter/v1" className="c:\agt6\_work\6\a\api\environment\regapiautomation\testdata\fisap-datacorrection\prereq-invalidtransid-19_20\prereq-fisap-datacorrection@invalidtransid-19_20-enrollstudent-generictest" name="prereq-fisap-datacorrection@invalidtransid-19_20-enrollstudent-generictest" />
    </UnitTest>
    <OrderedTest name="OT-10M-CollegeFinancePlan-Student-Saved-20_21" storage="c:\agt6\_work\6\a\api\orderedtest\ot-10m-collegefinanceplan-student-saved-20_21.orderedtest" id="487b3cf8-d5f2-49ae-ae83-e168d6df4d49">
      <Execution id="38aa47f8-e95b-41ae-b249-c170209fe184" />
      <TestLinks>
        <TestLink id="8f501d3f-8637-4717-bfac-d9852c9f5473" name="collegefinanceplan-student@hp-saved-20_21-generictest" storage="c:\agt6\_work\6\a\api\environment\regapiautomation\testdata\shoppingsheets\collegefinanceplan-student@hp-saved-20_21-generictest.generictest" />
      </TestLinks>
    </OrderedTest>
    <UnitTest name="prereq-fisap-datacorrection@noclasses-20_21-postpaymentledgercard-generictest" storage="c:\agt6\_work\6\a\api\environment\regapiautomation\testdata\fisap-datacorrection\prereq-noclasses-20_21\prereq-fisap-datacorrection@noclasses-20_21-postpaymentledgercard-generictest.generictest" id="567d8946-fb1d-4f41-970d-7b52bfb514a7">
      <Execution id="918fd09f-2736-4313-bfb7-5ac6766fbad1" parentId="b76deeda-7a4f-4611-b3f9-e8f5ad920870" />
      <TestMethod codeBase="c:\agt6\_work\6\a\api\environment\regapiautomation\testdata\fisap-datacorrection\prereq-noclasses-20_21\prereq-fisap-datacorrection@noclasses-20_21-postpaymentledgercard-generictest.generictest" adapterTypeName="executor://orderedtestadapter/v1" className="c:\agt6\_work\6\a\api\environment\regapiautomation\testdata\fisap-datacorrection\prereq-noclasses-20_21\prereq-fisap-datacorrection@noclasses-20_21-postpaymentledgercard-generictest" name="prereq-fisap-datacorrection@noclasses-20_21-postpaymentledgercard-generictest" />
    </UnitTest>
    <UnitTest name="prereq-cod-exceptions@hp-resolve-award-bn-awardgrantorloanforpackaging-generictest" storage="c:\agt6\_work\6\a\api\environment\regapiautomation\testdata\codexceptions\prereq\prereq-cod-exceptions@hp-resolve-award-bn-awardgrantorloanforpackaging-generictest.generictest" id="8a86c457-2c3b-4744-a122-30ab66281a61">
      <Execution id="c477c6c6-86ee-4649-96c9-27313b040be8" parentId="a9bbf815-0cf2-4d0e-8149-403984943fdc" />
      <TestMethod codeBase="c:\agt6\_work\6\a\api\environment\regapiautomation\testdata\codexceptions\prereq\prereq-cod-exceptions@hp-resolve-award-bn-awardgrantorloanforpackaging-generictest.generictest" adapterTypeName="executor://orderedtestadapter/v1" className="c:\agt6\_work\6\a\api\environment\regapiautomation\testdata\codexceptions\prereq\prereq-cod-exceptions@hp-resolve-award-bn-awardgrantorloanforpackaging-generictest" name="prereq-cod-exceptions@hp-resolve-award-bn-awardgrantorloanforpackaging-generictest" />
    </UnitTest>
    <UnitTest name="prereq-fisap-datacorrection@columna-19_20-enrollstudent-generictest" storage="c:\agt6\_work\6\a\api\environment\regapiautomation\testdata\fisap-datacorrection\prereq-columna-19-20\prereq-fisap-datacorrection@columna-19_20-enrollstudent-generictest.generictest" id="cafbfd80-4149-40e6-8b08-aac70bc3c7f8">
      <Execution id="b4fb0b5f-85f1-4843-afb3-ca0b9c673443" parentId="eb28ea9c-5bb6-414b-8cfe-50da0bf2c3d3" />
      <TestMethod codeBase="c:\agt6\_work\6\a\api\environment\regapiautomation\testdata\fisap-datacorrection\prereq-columna-19-20\prereq-fisap-datacorrection@columna-19_20-enrollstudent-generictest.generictest" adapterTypeName="executor://orderedtestadapter/v1" className="c:\agt6\_work\6\a\api\environment\regapiautomation\testdata\fisap-datacorrection\prereq-columna-19-20\prereq-fisap-datacorrection@columna-19_20-enrollstudent-generictest" name="prereq-fisap-datacorrection@columna-19_20-enrollstudent-generictest" />
    </UnitTest>
    <UnitTest name="prereq-fisap-datacorrection@columna-19_20-registerclassandpostattendance-generictest" storage="c:\agt6\_work\6\a\api\environment\regapiautomation\testdata\fisap-datacorrection\prereq-columna-19-20\prereq-fisap-datacorrection@columna-19_20-registerclassandpostattendance-generictest.generictest" id="0cd6de74-1be3-4054-8a82-3b01f88588b2">
      <Execution id="b2b6fb53-6533-4db1-86be-f1d9113b8039" parentId="eb28ea9c-5bb6-414b-8cfe-50da0bf2c3d3" />
      <TestMethod codeBase="c:\agt6\_work\6\a\api\environment\regapiautomation\testdata\fisap-datacorrection\prereq-columna-19-20\prereq-fisap-datacorrection@columna-19_20-registerclassandpostattendance-generictest.generictest" adapterTypeName="executor://orderedtestadapter/v1" className="c:\agt6\_work\6\a\api\environment\regapiautomation\testdata\fisap-datacorrection\prereq-columna-19-20\prereq-fisap-datacorrection@columna-19_20-registerclassandpostattendance-generictest" name="prereq-fisap-datacorrection@columna-19_20-registerclassandpostattendance-generictest" />
    </UnitTest>
    <UnitTest name="prereq-codexport@loans-grants-21_22-awardgrantorloanforpackaging-generictest" storage="c:\agt6\_work\6\a\api\environment\regapiautomation\testdata\codexport\prereq-loans-grants-21_22\prereq-codexport@loans-grants-21_22-awardgrantorloanforpackaging-generictest.generictest" id="c958152b-26ac-4f4b-9276-5d8e2d52bf71">
      <Execution id="cadf41c9-da81-4ed7-938f-0041a25abd42" parentId="300b7aae-6fa8-43f0-b94e-28f948bd5c45" />
      <TestMethod codeBase="c:\agt6\_work\6\a\api\environment\regapiautomation\testdata\codexport\prereq-loans-grants-21_22\prereq-codexport@loans-grants-21_22-awardgrantorloanforpackaging-generictest.generictest" adapterTypeName="executor://orderedtestadapter/v1" className="c:\agt6\_work\6\a\api\environment\regapiautomation\testdata\codexport\prereq-loans-grants-21_22\prereq-codexport@loans-grants-21_22-awardgrantorloanforpackaging-generictest" name="prereq-codexport@loans-grants-21_22-awardgrantorloanforpackaging-generictest" />
    </UnitTest>
    <UnitTest name="prereq-codexport@regenerate-21_22-awardgrantorloanforpackaging-generictest" storage="c:\agt6\_work\6\a\api\environment\regapiautomation\testdata\codexport\prereq-regenerate-21_22\prereq-codexport@regenerate-21_22-awardgrantorloanforpackaging-generictest.generictest" id="c958152b-26ac-4f4b-9276-5d8e2d52bf73">
      <Execution id="02e4b502-ed9b-43bd-86fa-5bf9dc96a952" parentId="5a8771e7-72c5-465b-b762-48c7991620d1" />
      <TestMethod codeBase="c:\agt6\_work\6\a\api\environment\regapiautomation\testdata\codexport\prereq-regenerate-21_22\prereq-codexport@regenerate-21_22-awardgrantorloanforpackaging-generictest.generictest" adapterTypeName="executor://orderedtestadapter/v1" className="c:\agt6\_work\6\a\api\environment\regapiautomation\testdata\codexport\prereq-regenerate-21_22\prereq-codexport@regenerate-21_22-awardgrantorloanforpackaging-generictest" name="prereq-codexport@regenerate-21_22-awardgrantorloanforpackaging-generictest" />
    </UnitTest>
    <UnitTest name="prereq-codexport@create-grantdatarequest-multi-o-all-21_22-awardgrantorloanforpackaging" storage="c:\agt6\_work\6\a\api\environment\regapiautomation\testdata\codexport\prereq-create-grantdatarequest-multi-o-all-21_22\prereq-codexport@create-grantdatarequest-multi-o-all-21_22-awardgrantorloanforpackaging.generictest" id="c958152b-26ac-4f4b-9276-5d8e2d52bf75">
      <Execution id="88ffe6ed-2bfc-49a8-805c-c1308358b03d" parentId="5adf10be-2ed4-4786-b2e1-ba1b0140d2e0" />
      <TestMethod codeBase="c:\agt6\_work\6\a\api\environment\regapiautomation\testdata\codexport\prereq-create-grantdatarequest-multi-o-all-21_22\prereq-codexport@create-grantdatarequest-multi-o-all-21_22-awardgrantorloanforpackaging.generictest" adapterTypeName="executor://orderedtestadapter/v1" className="c:\agt6\_work\6\a\api\environment\regapiautomation\testdata\codexport\prereq-create-grantdatarequest-multi-o-all-21_22\prereq-codexport@create-grantdatarequest-multi-o-all-21_22-awardgrantorloanforpackaging" name="prereq-codexport@create-grantdatarequest-multi-o-all-21_22-awardgrantorloanforpackaging" />
    </UnitTest>
    <UnitTest name="fisap-datacorrection@report-summary-20_21-generictest" storage="c:\agt6\_work\6\a\api\environment\regapiautomation\testdata\fisap-datacorrection\fisap-datacorrection@report-summary-20_21-generictest.generictest" id="f6f34868-791c-42ca-88d4-7311fd40f3ce">
      <Execution id="d845af72-e6ca-4cc2-8783-c9d5ceece48b" parentId="697f4704-c9e2-4f19-8fbf-e152e9f52a64" />
      <TestMethod codeBase="c:\agt6\_work\6\a\api\environment\regapiautomation\testdata\fisap-datacorrection\fisap-datacorrection@report-summary-20_21-generictest.generictest" adapterTypeName="executor://orderedtestadapter/v1" className="c:\agt6\_work\6\a\api\environment\regapiautomation\testdata\fisap-datacorrection\fisap-datacorrection@report-summary-20_21-generictest" name="fisap-datacorrection@report-summary-20_21-generictest" />
    </UnitTest>
    <UnitTest name="fisap-datacorrection@report-detail-19_20-generictest" storage="c:\agt6\_work\6\a\api\environment\regapiautomation\testdata\fisap-datacorrection\fisap-datacorrection@report-detail-19_20-generictest.generictest" id="5f71ff6f-b282-4013-9dd3-16bf81f9da4e">
      <Execution id="76243e7a-00be-40c4-94fa-161d94243783" parentId="462763f0-55e1-45e0-adc5-7355d9f91d2c" />
      <TestMethod codeBase="c:\agt6\_work\6\a\api\environment\regapiautomation\testdata\fisap-datacorrection\fisap-datacorrection@report-detail-19_20-generictest.generictest" adapterTypeName="executor://orderedtestadapter/v1" className="c:\agt6\_work\6\a\api\environment\regapiautomation\testdata\fisap-datacorrection\fisap-datacorrection@report-detail-19_20-generictest" name="fisap-datacorrection@report-detail-19_20-generictest" />
    </UnitTest>
    <OrderedTest name="OT-10L-CollegeFinancePlan-Student-Print-20_21" storage="c:\agt6\_work\6\a\api\orderedtest\ot-10l-collegefinanceplan-student-print-20_21.orderedtest" id="59a83df4-4d17-4a68-99f4-7a41020533ab">
      <Execution id="e0f2e063-42f1-4b9c-a856-03e3a95f3e7c" />
      <TestLinks>
        <TestLink id="7bd6ad64-70f9-4b50-8dab-f8cc34acede4" name="prereq-shoppingsheets-student@hp-print-importisir-20_21-generictest" storage="c:\agt6\_work\6\a\api\environment\regapiautomation\testdata\shoppingsheets\prereq-student-print-20-21\prereq-shoppingsheets-student@hp-print-importisir-20_21-generictest.generictest" />
        <TestLink id="6db8057f-ae0e-42ee-bf8e-8f10bd04cf1d" name="prereq-shoppingsheets-student@hp-print-enroll-20_21-generictest" storage="c:\agt6\_work\6\a\api\environment\regapiautomation\testdata\shoppingsheets\prereq-student-print-20-21\prereq-shoppingsheets-student@hp-print-enroll-20_21-generictest.generictest" />
        <TestLink id="451322d8-1584-4c96-a4d2-cd83269d4dbc" name="collegefinanceplan-student@hp-print-20_21-generictest" storage="c:\agt6\_work\6\a\api\environment\regapiautomation\testdata\shoppingsheets\collegefinanceplan-student@hp-print-20_21-generictest.generictest" />
      </TestLinks>
    </OrderedTest>
    <UnitTest name="prereq-tsmexport@hp-enrollstudent-generictest" storage="c:\agt6\_work\6\a\api\environment\regapiautomation\testdata\tsmexport\prereq-hp-both-date\prereq-tsmexport@hp-enrollstudent-generictest.generictest" id="789e3ca1-61c9-49c4-875f-d7e6e5322146">
      <Execution id="1f30ab65-e925-4439-ab83-9f010adabfde" parentId="42ba3c3a-4665-4f5e-bffa-5e9418378c33" />
      <TestMethod codeBase="c:\agt6\_work\6\a\api\environment\regapiautomation\testdata\tsmexport\prereq-hp-both-date\prereq-tsmexport@hp-enrollstudent-generictest.generictest" adapterTypeName="executor://orderedtestadapter/v1" className="c:\agt6\_work\6\a\api\environment\regapiautomation\testdata\tsmexport\prereq-hp-both-date\prereq-tsmexport@hp-enrollstudent-generictest" name="prereq-tsmexport@hp-enrollstudent-generictest" />
    </UnitTest>
    <UnitTest name="appproc-appdata-import@hp-isir-generictest" storage="c:\agt6\_work\6\a\api\environment\regapiautomation\testdata\applicationdata\import\appproc-appdata-import@hp-isir-generictest.generictest" id="7a7ec367-70db-44e9-bdb8-83b1dbbae73f">
      <Execution id="21dba51f-6be3-4a48-a6d4-17359ac0ae12" parentId="5b422433-794d-4c79-9a43-7109a85109e3" />
      <TestMethod codeBase="c:\agt6\_work\6\a\api\environment\regapiautomation\testdata\applicationdata\import\appproc-appdata-import@hp-isir-generictest.generictest" adapterTypeName="executor://orderedtestadapter/v1" className="c:\agt6\_work\6\a\api\environment\regapiautomation\testdata\applicationdata\import\appproc-appdata-import@hp-isir-generictest" name="appproc-appdata-import@hp-isir-generictest" />
    </UnitTest>
    <OrderedTest name="OT-06-FISAP-HP-Ineligible-20_21" storage="c:\agt6\_work\6\a\api\orderedtest\ot-06-fisap-hp-ineligible-20_21.orderedtest" id="0c12cc8e-40e0-4fa2-bc90-0faef29251ed">
      <Execution id="91a4ca53-10d7-4540-9086-eb88b81d36c6" />
      <TestLinks>
        <TestLink id="4d99aa95-b116-4b1c-a343-b04b4eb4ed1a" name="prereq-fisap-datacorrection@hp-createstudent-generictest" storage="c:\agt6\_work\6\a\api\environment\regapiautomation\testdata\fisap-datacorrection\prereq\prereq-fisap-datacorrection@hp-createstudent-generictest.generictest" />
        <TestLink id="72003129-f343-4e78-b69f-e42e6301979b" name="prereq-fisap-datacorrection@hp-enrollstudent-generictest" storage="c:\agt6\_work\6\a\api\environment\regapiautomation\testdata\fisap-datacorrection\prereq\prereq-fisap-datacorrection@hp-enrollstudent-generictest.generictest" />
        <TestLink id="6aad2a67-77a0-4af9-82c1-c2bb090e1ee6" name="prereq-fisap-datacorrection@hp-updatebudgetforacademicyearforpackaging-generictest" storage="c:\agt6\_work\6\a\api\environment\regapiautomation\testdata\fisap-datacorrection\prereq\prereq-fisap-datacorrection@hp-updatebudgetforacademicyearforpackaging-generictest.generictest" />
        <TestLink id="c63fff57-072b-468d-a1df-2ab8ef2b9019" name="prereq-fisap-datacorrection@hp-awardgrantorloanforpackaging-generictest" storage="c:\agt6\_work\6\a\api\environment\regapiautomation\testdata\fisap-datacorrection\prereq\prereq-fisap-datacorrection@hp-awardgrantorloanforpackaging-generictest.generictest" />
        <TestLink id="739c7cf0-023c-4896-93b7-9e061f43c3a6" name="prereq-fisap-datacorrection@hp-postpaymentledgercard-generictest" storage="c:\agt6\_work\6\a\api\environment\regapiautomation\testdata\fisap-datacorrection\prereq\prereq-fisap-datacorrection@hp-postpaymentledgercard-generictest.generictest" />
        <TestLink id="69b96d07-cad0-45c9-9ea4-102e6fce2f1a" name="prereq-fisap-datacorrection@hp-graduatestudentstatus-generictest" storage="c:\agt6\_work\6\a\api\environment\regapiautomation\testdata\fisap-datacorrection\prereq\prereq-fisap-datacorrection@hp-graduatestudentstatus-generictest.generictest" />
        <TestLink id="b2e335c0-fa7a-42c3-bf4f-8453470e5c55" name="fisap-datacorrection@hp-ineligible-generictest" storage="c:\agt6\_work\6\a\api\environment\regapiautomation\testdata\fisap-datacorrection\fisap-datacorrection@hp-ineligible-generictest.generictest" />
      </TestLinks>
    </OrderedTest>
    <UnitTest name="codimport@retrycancelcodimport-generictest" storage="c:\agt6\_work\6\a\api\environment\regapiautomation\testdata\codimport\codimport@retrycancelcodimport-generictest.generictest" id="30142765-be94-44b8-b86d-b98d649b63fc">
      <Execution id="1bbca25e-ad29-4c6c-a5ae-7b374b055f6a" parentId="2b6b8356-a226-4ce3-a034-0315df417f0c" />
      <TestMethod codeBase="c:\agt6\_work\6\a\api\environment\regapiautomation\testdata\codimport\codimport@retrycancelcodimport-generictest.generictest" adapterTypeName="executor://orderedtestadapter/v1" className="c:\agt6\_work\6\a\api\environment\regapiautomation\testdata\codimport\codimport@retrycancelcodimport-generictest" name="codimport@retrycancelcodimport-generictest" />
    </UnitTest>
    <OrderedTest name="OT-01D-CODExport.Regenerate-21_22" storage="c:\agt6\_work\6\a\api\orderedtest\ot-01d-codexport.regenerate-21_22.orderedtest" id="144b348b-bbff-4127-9794-94e15b0d5fdf">
      <Execution id="5a8771e7-72c5-465b-b762-48c7991620d1" />
      <TestLinks>
        <TestLink id="c4ce48df-bba4-4f47-b69d-ee33d1981ea3" name="prereq-codexport@regenerate-21_22-createstudent-generictest" storage="c:\agt6\_work\6\a\api\environment\regapiautomation\testdata\codexport\prereq-regenerate-21_22\prereq-codexport@regenerate-21_22-createstudent-generictest.generictest" />
        <TestLink id="6d5c09d2-046f-4dae-8858-41fa0be1c3ce" name="prereq-codexport@regenerate-21_22-importisir-generictest" storage="c:\agt6\_work\6\a\api\environment\regapiautomation\testdata\codexport\prereq-regenerate-21_22\prereq-codexport@regenerate-21_22-importisir-generictest.generictest" />
        <TestLink id="fa0959fe-e713-4e38-aad8-1fb3aa0e25ed" name="prereq-codexport@regenerate-21_22-enrollstudent-generictest" storage="c:\agt6\_work\6\a\api\environment\regapiautomation\testdata\codexport\prereq-regenerate-21_22\prereq-codexport@regenerate-21_22-enrollstudent-generictest.generictest" />
        <TestLink id="e1204454-f111-420f-9994-8229d7f3a42f" name="prereq-codexport@regenerate-21_22-updatebudgetforacademicyearforpackaging-generictest" storage="c:\agt6\_work\6\a\api\environment\regapiautomation\testdata\codexport\prereq-regenerate-21_22\prereq-codexport@regenerate-21_22-updatebudgetforacademicyearforpackaging-generictest.generictest" />
        <TestLink id="c958152b-26ac-4f4b-9276-5d8e2d52bf73" name="prereq-codexport@regenerate-21_22-awardgrantorloanforpackaging-generictest" storage="c:\agt6\_work\6\a\api\environment\regapiautomation\testdata\codexport\prereq-regenerate-21_22\prereq-codexport@regenerate-21_22-awardgrantorloanforpackaging-generictest.generictest" />
        <TestLink id="139e63b3-2051-4895-a8f4-3f57b30db4de" name="prereq-codexport@regenerate-21_22-awardloanforpackaging-generictest" storage="c:\agt6\_work\6\a\api\environment\regapiautomation\testdata\codexport\prereq-regenerate-21_22\prereq-codexport@regenerate-21_22-awardloanforpackaging-generictest.generictest" />
        <TestLink id="cac1be5b-84e5-4b32-9443-b184e2df83ce" name="prereq-cod-export@regenerate-21_22-export-generictest" storage="c:\agt6\_work\6\a\api\environment\regapiautomation\testdata\codexport\prereq-regenerate-21_22\prereq-cod-export@regenerate-21_22-export-generictest.generictest" />
        <TestLink id="cac1be5b-84e5-4b32-9443-b184e2df83cd" name="cod-export@regenerate-21_22-generictest" storage="c:\agt6\_work\6\a\api\environment\regapiautomation\testdata\codexport\cod-export@regenerate-21_22-generictest.generictest" />
      </TestLinks>
    </OrderedTest>
    <UnitTest name="prereq-fisap-datacorrection@report-detail-19_20-postpaymentledgercard-generictest" storage="c:\agt6\_work\6\a\api\environment\regapiautomation\testdata\fisap-datacorrection\prereq-report-detail-19_20\prereq-fisap-datacorrection@report-detail-19_20-postpaymentledgercard-generictest.generictest" id="325bcf5b-43c2-4629-b9bc-77ea1b951416">
      <Execution id="794083f2-0a81-4f5b-8236-3b8f28fd4d6e" parentId="462763f0-55e1-45e0-adc5-7355d9f91d2c" />
      <TestMethod codeBase="c:\agt6\_work\6\a\api\environment\regapiautomation\testdata\fisap-datacorrection\prereq-report-detail-19_20\prereq-fisap-datacorrection@report-detail-19_20-postpaymentledgercard-generictest.generictest" adapterTypeName="executor://orderedtestadapter/v1" className="c:\agt6\_work\6\a\api\environment\regapiautomation\testdata\fisap-datacorrection\prereq-report-detail-19_20\prereq-fisap-datacorrection@report-detail-19_20-postpaymentledgercard-generictest" name="prereq-fisap-datacorrection@report-detail-19_20-postpaymentledgercard-generictest" />
    </UnitTest>
    <OrderedTest name="OT-12-StudentISIR" storage="c:\agt6\_work\6\a\api\orderedtest\ot-12-studentisir.orderedtest" id="c9b23edd-39b0-4329-bbd0-d5e22701290c">
      <Execution id="817f157e-ffed-462f-88e4-c65e1012c8cb" />
      <TestLinks>
        <TestLink id="0eae1b98-54a3-47a3-8254-c307991db849" name="prereq-appproc-studentisir-corrections@hp-submit-generictest" storage="c:\agt6\_work\6\a\api\environment\regapiautomation\testdata\studentisir\prereq\prereq-appproc-studentisir-corrections@hp-submit-generictest.generictest" />
        <TestLink id="b69c1963-70e4-4759-9f98-e185892c0bd8" name="appproc-studentisir-corrections@hp-submit-generictest" storage="c:\agt6\_work\6\a\api\environment\regapiautomation\testdata\studentisir\appproc-studentisir-corrections@hp-submit-generictest.generictest" />
      </TestLinks>
    </OrderedTest>
    <UnitTest name="prereq-fisap-datacorrection@hp-graduatestudentstatus-generictest" storage="c:\agt6\_work\6\a\api\environment\regapiautomation\testdata\fisap-datacorrection\prereq\prereq-fisap-datacorrection@hp-graduatestudentstatus-generictest.generictest" id="69b96d07-cad0-45c9-9ea4-102e6fce2f1a">
      <Execution id="6aa06cc2-aa7f-4b9a-be99-4b4ff4f13308" parentId="91a4ca53-10d7-4540-9086-eb88b81d36c6" />
      <TestMethod codeBase="c:\agt6\_work\6\a\api\environment\regapiautomation\testdata\fisap-datacorrection\prereq\prereq-fisap-datacorrection@hp-graduatestudentstatus-generictest.generictest" adapterTypeName="executor://orderedtestadapter/v1" className="c:\agt6\_work\6\a\api\environment\regapiautomation\testdata\fisap-datacorrection\prereq\prereq-fisap-datacorrection@hp-graduatestudentstatus-generictest" name="prereq-fisap-datacorrection@hp-graduatestudentstatus-generictest" />
    </UnitTest>
    <UnitTest name="prereq-appproc-subsidizedusageinformation-view@hp-importisir-generictest" storage="c:\agt6\_work\6\a\api\environment\regapiautomation\testdata\subsidizedusage\prereq\prereq-appproc-subsidizedusageinformation-view@hp-importisir-generictest.generictest" id="5a7ba8af-64ac-4683-bbeb-3309a6881135">
      <Execution id="fe1fc722-45f0-48c3-a129-e836aecb9304" parentId="a9a1f5eb-8669-4a9c-b9ed-bbe09a2661a8" />
      <TestMethod codeBase="c:\agt6\_work\6\a\api\environment\regapiautomation\testdata\subsidizedusage\prereq\prereq-appproc-subsidizedusageinformation-view@hp-importisir-generictest.generictest" adapterTypeName="executor://orderedtestadapter/v1" className="c:\agt6\_work\6\a\api\environment\regapiautomation\testdata\subsidizedusage\prereq\prereq-appproc-subsidizedusageinformation-view@hp-importisir-generictest" name="prereq-appproc-subsidizedusageinformation-view@hp-importisir-generictest" />
    </UnitTest>
    <UnitTest name="prereq-fisap-datacorrection@report-variance-20_21-updatebudgetforacademicyearforpackaging-generictest" storage="c:\agt6\_work\6\a\api\environment\regapiautomation\testdata\fisap-datacorrection\prereq-report-variance-20_21\prereq-fisap-datacorrection@report-variance-20_21-updatebudgetforacademicyearforpackaging-generictest.generictest" id="149799e8-124a-4547-a438-5c091b7d6436">
      <Execution id="a4185c28-bfea-4729-9745-9324e0b18001" parentId="f9a3d65a-5cb6-438b-af3f-330a9ebc816d" />
      <TestMethod codeBase="c:\agt6\_work\6\a\api\environment\regapiautomation\testdata\fisap-datacorrection\prereq-report-variance-20_21\prereq-fisap-datacorrection@report-variance-20_21-updatebudgetforacademicyearforpackaging-generictest.generictest" adapterTypeName="executor://orderedtestadapter/v1" className="c:\agt6\_work\6\a\api\environment\regapiautomation\testdata\fisap-datacorrection\prereq-report-variance-20_21\prereq-fisap-datacorrection@report-variance-20_21-updatebudgetforacademicyearforpackaging-generictest" name="prereq-fisap-datacorrection@report-variance-20_21-updatebudgetforacademicyearforpackaging-generictest" />
    </UnitTest>
    <UnitTest name="prereq-cod-exceptions@hp-resolve-award-bn-enrollstudent-generictest" storage="c:\agt6\_work\6\a\api\environment\regapiautomation\testdata\codexceptions\prereq\prereq-cod-exceptions@hp-resolve-award-bn-enrollstudent-generictest.generictest" id="191809a0-2f40-4296-8a92-cfd5bd90c313">
      <Execution id="3eb2a1a7-5566-4638-ae74-9aca3434bfdd" parentId="a9bbf815-0cf2-4d0e-8149-403984943fdc" />
      <TestMethod codeBase="c:\agt6\_work\6\a\api\environment\regapiautomation\testdata\codexceptions\prereq\prereq-cod-exceptions@hp-resolve-award-bn-enrollstudent-generictest.generictest" adapterTypeName="executor://orderedtestadapter/v1" className="c:\agt6\_work\6\a\api\environment\regapiautomation\testdata\codexceptions\prereq\prereq-cod-exceptions@hp-resolve-award-bn-enrollstudent-generictest" name="prereq-cod-exceptions@hp-resolve-award-bn-enrollstudent-generictest" />
    </UnitTest>
    <UnitTest name="prereq-fisap-datacorrection@noclasses-20_21-enrollstudent-generictest" storage="c:\agt6\_work\6\a\api\environment\regapiautomation\testdata\fisap-datacorrection\prereq-noclasses-20_21\prereq-fisap-datacorrection@noclasses-20_21-enrollstudent-generictest.generictest" id="c927b025-03e7-4dd4-8f57-769c9dd30832">
      <Execution id="4ef1a3d5-a14e-4983-a8ba-b1e343cd88ef" parentId="b76deeda-7a4f-4611-b3f9-e8f5ad920870" />
      <TestMethod codeBase="c:\agt6\_work\6\a\api\environment\regapiautomation\testdata\fisap-datacorrection\prereq-noclasses-20_21\prereq-fisap-datacorrection@noclasses-20_21-enrollstudent-generictest.generictest" adapterTypeName="executor://orderedtestadapter/v1" className="c:\agt6\_work\6\a\api\environment\regapiautomation\testdata\fisap-datacorrection\prereq-noclasses-20_21\prereq-fisap-datacorrection@noclasses-20_21-enrollstudent-generictest" name="prereq-fisap-datacorrection@noclasses-20_21-enrollstudent-generictest" />
    </UnitTest>
    <UnitTest name="prereq-fisap-datacorrection@report-detail-20_21-enrollstudent-generictest" storage="c:\agt6\_work\6\a\api\environment\regapiautomation\testdata\fisap-datacorrection\prereq-report-detail-20_21\prereq-fisap-datacorrection@report-detail-20_21-enrollstudent-generictest.generictest" id="84ffa514-b56e-44e9-831c-dbcd4cd8f069">
      <Execution id="e748ff90-6e08-4e52-83d5-e076c2eeeb03" parentId="e4bc49c0-0d6c-4200-b587-34d08029f03b" />
      <TestMethod codeBase="c:\agt6\_work\6\a\api\environment\regapiautomation\testdata\fisap-datacorrection\prereq-report-detail-20_21\prereq-fisap-datacorrection@report-detail-20_21-enrollstudent-generictest.generictest" adapterTypeName="executor://orderedtestadapter/v1" className="c:\agt6\_work\6\a\api\environment\regapiautomation\testdata\fisap-datacorrection\prereq-report-detail-20_21\prereq-fisap-datacorrection@report-detail-20_21-enrollstudent-generictest" name="prereq-fisap-datacorrection@report-detail-20_21-enrollstudent-generictest" />
    </UnitTest>
    <UnitTest name="prereq-fisap-datacorrection@columnd-20_21-createstudent-generictest" storage="c:\agt6\_work\6\a\api\environment\regapiautomation\testdata\fisap-datacorrection\prereq-columnd-20-21\prereq-fisap-datacorrection@columnd-20_21-createstudent-generictest.generictest" id="cd08f1a7-6d9c-49fb-8c4d-db8143af6d62">
      <Execution id="d6139053-2b47-4621-a9cf-ad65f56f047e" parentId="90c8c495-1b26-418f-b54f-aee0acdf5a94" />
      <TestMethod codeBase="c:\agt6\_work\6\a\api\environment\regapiautomation\testdata\fisap-datacorrection\prereq-columnd-20-21\prereq-fisap-datacorrection@columnd-20_21-createstudent-generictest.generictest" adapterTypeName="executor://orderedtestadapter/v1" className="c:\agt6\_work\6\a\api\environment\regapiautomation\testdata\fisap-datacorrection\prereq-columnd-20-21\prereq-fisap-datacorrection@columnd-20_21-createstudent-generictest" name="prereq-fisap-datacorrection@columnd-20_21-createstudent-generictest" />
    </UnitTest>
    <UnitTest name="prereq-fisap-datacorrection@invaliddepmodel-19_20-enrollstudent-generictest" storage="c:\agt6\_work\6\a\api\environment\regapiautomation\testdata\fisap-datacorrection\prereq-invaliddepmodel-19_20\prereq-fisap-datacorrection@invaliddepmodel-19_20-enrollstudent-generictest.generictest" id="45d03f7b-d81f-4022-ba52-b112bca20817">
      <Execution id="bd711b53-e334-422d-b9aa-537726765d65" parentId="35e8c6e1-78c0-4502-84a9-903cb54d4268" />
      <TestMethod codeBase="c:\agt6\_work\6\a\api\environment\regapiautomation\testdata\fisap-datacorrection\prereq-invaliddepmodel-19_20\prereq-fisap-datacorrection@invaliddepmodel-19_20-enrollstudent-generictest.generictest" adapterTypeName="executor://orderedtestadapter/v1" className="c:\agt6\_work\6\a\api\environment\regapiautomation\testdata\fisap-datacorrection\prereq-invaliddepmodel-19_20\prereq-fisap-datacorrection@invaliddepmodel-19_20-enrollstudent-generictest" name="prereq-fisap-datacorrection@invaliddepmodel-19_20-enrollstudent-generictest" />
    </UnitTest>
    <OrderedTest name="OT-06ZA-FISAP-Report-Summary-20_21" storage="c:\agt6\_work\6\a\api\orderedtest\ot-06za-fisap-report-summary-20_21.orderedtest" id="a25f4f48-62c4-4194-b090-9954bfc98809">
      <Execution id="697f4704-c9e2-4f19-8fbf-e152e9f52a64" />
      <TestLinks>
        <TestLink id="d32d3f3f-280b-4202-8d4c-c78166ee8969" name="prereq-fisap-datacorrection@report-summary-20_21-createstudent-generictest" storage="c:\agt6\_work\6\a\api\environment\regapiautomation\testdata\fisap-datacorrection\prereq-report-summary-20_21\prereq-fisap-datacorrection@report-summary-20_21-createstudent-generictest.generictest" />
        <TestLink id="22cc65e5-93b8-4f58-8f55-3ce2306c49af" name="prereq-fisap-datacorrection@report-summary-20_21-importisir-generictest" storage="c:\agt6\_work\6\a\api\environment\regapiautomation\testdata\fisap-datacorrection\prereq-report-summary-20_21\prereq-fisap-datacorrection@report-summary-20_21-importisir-generictest.generictest" />
        <TestLink id="267ceb9e-949e-461c-8987-f2f9c5c54a06" name="prereq-fisap-datacorrection@report-summary-20_21-enrollstudent-generictest" storage="c:\agt6\_work\6\a\api\environment\regapiautomation\testdata\fisap-datacorrection\prereq-report-summary-20_21\prereq-fisap-datacorrection@report-summary-20_21-enrollstudent-generictest.generictest" />
        <TestLink id="840f41f0-4b32-4c3a-92da-d0f9540f7951" name="prereq-fisap-datacorrection@report-summary-20_21-seteffectivedate-generictest" storage="c:\agt6\_work\6\a\api\environment\regapiautomation\testdata\fisap-datacorrection\prereq-report-summary-20_21\prereq-fisap-datacorrection@report-summary-20_21-seteffectivedate-generictest.generictest" />
        <TestLink id="40949d53-7b41-47ea-9e13-b0a82d4ade2b" name="prereq-fisap-datacorrection@report-summary-20_21-registerclassandpostattendance-generictest" storage="c:\agt6\_work\6\a\api\environment\regapiautomation\testdata\fisap-datacorrection\prereq-report-summary-20_21\prereq-fisap-datacorrection@report-summary-20_21-registerclassandpostattendance-generictest.generictest" />
        <TestLink id="3acf4828-6ed6-4eaa-b317-be67ef36db26" name="prereq-fisap-datacorrection@report-summary-20_21-updatebudgetforacademicyearforpackaging-generictest" storage="c:\agt6\_work\6\a\api\environment\regapiautomation\testdata\fisap-datacorrection\prereq-report-summary-20_21\prereq-fisap-datacorrection@report-summary-20_21-updatebudgetforacademicyearforpackaging-generictest.generictest" />
        <TestLink id="d2687bc2-640b-4279-baa6-7c1c549b06eb" name="prereq-fisap-datacorrection@report-summary-20_21-awardgrantforpackaging-generictest" storage="c:\agt6\_work\6\a\api\environment\regapiautomation\testdata\fisap-datacorrection\prereq-report-summary-20_21\prereq-fisap-datacorrection@report-summary-20_21-awardgrantforpackaging-generictest.generictest" />
        <TestLink id="ece4a9c2-5255-4511-8d67-a5cf921d509e" name="prereq-fisap-datacorrection@report-summary-20_21-postpaymentledgercard-generictest" storage="c:\agt6\_work\6\a\api\environment\regapiautomation\testdata\fisap-datacorrection\prereq-report-summary-20_21\prereq-fisap-datacorrection@report-summary-20_21-postpaymentledgercard-generictest.generictest" />
        <TestLink id="a8c8f6f0-6161-44ab-a164-d96346277b81" name="prereq-fisap-datacorrection@report-summary-20_21-changestudentstatus-generictest" storage="c:\agt6\_work\6\a\api\environment\regapiautomation\testdata\fisap-datacorrection\prereq-report-summary-20_21\prereq-fisap-datacorrection@report-summary-20_21-changestudentstatus-generictest.generictest" />
        <TestLink id="f6f34868-791c-42ca-88d4-7311fd40f3ce" name="fisap-datacorrection@report-summary-20_21-generictest" storage="c:\agt6\_work\6\a\api\environment\regapiautomation\testdata\fisap-datacorrection\fisap-datacorrection@report-summary-20_21-generictest.generictest" />
      </TestLinks>
    </OrderedTest>
    <UnitTest name="prereq-fisap-datacorrection@report-variance-19_20-postpaymentledgercard-generictest" storage="c:\agt6\_work\6\a\api\environment\regapiautomation\testdata\fisap-datacorrection\prereq-report-variance-19_20\prereq-fisap-datacorrection@report-variance-19_20-postpaymentledgercard-generictest.generictest" id="7112a49a-6d01-4863-ac8c-7de38bc289d8">
      <Execution id="4832472f-5b8c-4fb9-b672-222c8587c575" parentId="9454772b-7cb9-4724-9fd5-34814095d14b" />
      <TestMethod codeBase="c:\agt6\_work\6\a\api\environment\regapiautomation\testdata\fisap-datacorrection\prereq-report-variance-19_20\prereq-fisap-datacorrection@report-variance-19_20-postpaymentledgercard-generictest.generictest" adapterTypeName="executor://orderedtestadapter/v1" className="c:\agt6\_work\6\a\api\environment\regapiautomation\testdata\fisap-datacorrection\prereq-report-variance-19_20\prereq-fisap-datacorrection@report-variance-19_20-postpaymentledgercard-generictest" name="prereq-fisap-datacorrection@report-variance-19_20-postpaymentledgercard-generictest" />
    </UnitTest>
    <UnitTest name="prereq-collegefinanceplan-student@saved-ugrad-job-21_22-awardgrantorloanforpackaging" storage="c:\agt6\_work\6\a\api\environment\regapiautomation\testdata\shoppingsheets\prereq-student-saved-ugrad-job-21_22\prereq-collegefinanceplan-student@saved-ugrad-job-21_22-awardgrantorloanforpackaging.generictest" id="a6b9ed6f-81cb-4cb4-b9ad-f16d2683b4b1">
      <Execution id="61ec9090-a9de-46ca-aa87-f8263df316de" parentId="c07572d8-3e49-4f65-a8d1-ed7a237e0c45" />
      <TestMethod codeBase="c:\agt6\_work\6\a\api\environment\regapiautomation\testdata\shoppingsheets\prereq-student-saved-ugrad-job-21_22\prereq-collegefinanceplan-student@saved-ugrad-job-21_22-awardgrantorloanforpackaging.generictest" adapterTypeName="executor://orderedtestadapter/v1" className="c:\agt6\_work\6\a\api\environment\regapiautomation\testdata\shoppingsheets\prereq-student-saved-ugrad-job-21_22\prereq-collegefinanceplan-student@saved-ugrad-job-21_22-awardgrantorloanforpackaging" name="prereq-collegefinanceplan-student@saved-ugrad-job-21_22-awardgrantorloanforpackaging" />
    </UnitTest>
    <UnitTest name="prereq-fisap-datacorrection@noclasses-20_21-createstudent-generictest" storage="c:\agt6\_work\6\a\api\environment\regapiautomation\testdata\fisap-datacorrection\prereq-noclasses-20_21\prereq-fisap-datacorrection@noclasses-20_21-createstudent-generictest.generictest" id="a096ec06-228f-4546-922d-39019dcf22f9">
      <Execution id="609bf747-efe2-4eb0-a03d-e3cf127e291a" parentId="b76deeda-7a4f-4611-b3f9-e8f5ad920870" />
      <TestMethod codeBase="c:\agt6\_work\6\a\api\environment\regapiautomation\testdata\fisap-datacorrection\prereq-noclasses-20_21\prereq-fisap-datacorrection@noclasses-20_21-createstudent-generictest.generictest" adapterTypeName="executor://orderedtestadapter/v1" className="c:\agt6\_work\6\a\api\environment\regapiautomation\testdata\fisap-datacorrection\prereq-noclasses-20_21\prereq-fisap-datacorrection@noclasses-20_21-createstudent-generictest" name="prereq-fisap-datacorrection@noclasses-20_21-createstudent-generictest" />
    </UnitTest>
    <UnitTest name="setupregulatorytestenvironment-generictest" storage="c:\agt6\_work\6\a\api\environment\regapiautomation\setupregulatorytestenvironment\setupregulatorytestenvironment-generictest.generictest" id="d46aa5e7-f136-40d8-ae97-2c56018d951e">
      <Execution id="cc8985c6-958f-4fa2-83ae-6018719216fd" parentId="a67fdef1-ffa3-4010-b987-33cb35827b6b" />
      <TestMethod codeBase="c:\agt6\_work\6\a\api\environment\regapiautomation\setupregulatorytestenvironment\setupregulatorytestenvironment-generictest.generictest" adapterTypeName="executor://orderedtestadapter/v1" className="c:\agt6\_work\6\a\api\environment\regapiautomation\setupregulatorytestenvironment\setupregulatorytestenvironment-generictest" name="setupregulatorytestenvironment-generictest" />
    </UnitTest>
    <UnitTest name="clearinghoust-export@hp-export-generictest" storage="c:\agt6\_work\6\a\api\environment\regapiautomation\testdata\clearinghouseexport\clearinghoust-export@hp-export-generictest.generictest" id="375785a7-508a-40f7-84ae-b2608fc3d684">
      <Execution id="c8b2afa0-cb9e-4d50-9d64-325ff5a2731d" parentId="9333d4d9-6198-463e-a6dd-a3a4c0a7a69f" />
      <TestMethod codeBase="c:\agt6\_work\6\a\api\environment\regapiautomation\testdata\clearinghouseexport\clearinghoust-export@hp-export-generictest.generictest" adapterTypeName="executor://orderedtestadapter/v1" className="c:\agt6\_work\6\a\api\environment\regapiautomation\testdata\clearinghouseexport\clearinghoust-export@hp-export-generictest" name="clearinghoust-export@hp-export-generictest" />
    </UnitTest>
    <OrderedTest name="OT-10B-ShoppingSheets-Program-Print" storage="c:\agt6\_work\6\a\api\orderedtest\ot-10b-shoppingsheets-program-print.orderedtest" id="1b7d98e5-7060-4bee-91ec-c03a22ce0aab">
      <Execution id="26b595d4-8415-4ef2-87aa-a2f62c478e64" />
      <TestLinks>
        <TestLink id="881b9e47-fdf9-4481-98c4-d1f009f262cb" name="shoppingsheets-program@hp-print-generictest" storage="c:\agt6\_work\6\a\api\environment\regapiautomation\testdata\shoppingsheets\shoppingsheets-program@hp-print-generictest.generictest" />
      </TestLinks>
    </OrderedTest>
    <UnitTest name="fisap-datacorrection@hp-ineligible-generictest" storage="c:\agt6\_work\6\a\api\environment\regapiautomation\testdata\fisap-datacorrection\fisap-datacorrection@hp-ineligible-generictest.generictest" id="b2e335c0-fa7a-42c3-bf4f-8453470e5c55">
      <Execution id="aed7ea44-83e4-4875-a5b1-da6ef5baf074" parentId="91a4ca53-10d7-4540-9086-eb88b81d36c6" />
      <TestMethod codeBase="c:\agt6\_work\6\a\api\environment\regapiautomation\testdata\fisap-datacorrection\fisap-datacorrection@hp-ineligible-generictest.generictest" adapterTypeName="executor://orderedtestadapter/v1" className="c:\agt6\_work\6\a\api\environment\regapiautomation\testdata\fisap-datacorrection\fisap-datacorrection@hp-ineligible-generictest" name="fisap-datacorrection@hp-ineligible-generictest" />
    </UnitTest>
    <OrderedTest name="OT-03A-ApplicationData-Import-ErrorReport" storage="c:\agt6\_work\6\a\api\orderedtest\ot-03a-applicationdata-import-errorreport.orderedtest" id="ac5324bd-9fa6-4772-a033-0f1f648fc28d">
      <Execution id="28a2e2c4-c47f-4020-84de-4df230717c3e" />
      <TestLinks>
        <TestLink id="b4a1300b-0eb7-4c19-99c7-95b321295b6a" name="appproc-appdata-import@hp-errorreport-generictest" storage="c:\agt6\_work\6\a\api\environment\regapiautomation\testdata\applicationdata\import\appproc-appdata-import@hp-errorreport-generictest.generictest" />
      </TestLinks>
    </OrderedTest>
    <OrderedTest name="OT-09B-IsirPrint-IsirBatchPrint-21_22" storage="c:\agt6\_work\6\a\api\orderedtest\ot-09b-isirprint-isirbatchprint-21_22.orderedtest" id="bebd1530-12b2-493c-a4bc-0958636927b9">
      <Execution id="f687f83f-35d3-4cd0-ae38-43637f8f4f7d" />
      <TestLinks>
        <TestLink id="7bd6ad64-70f9-4b50-8dab-f8cc34acede7" name="prereq-appproc-isirprint@hp-isirbatchprint-importisir-21_22-generictest" storage="c:\agt6\_work\6\a\api\environment\regapiautomation\testdata\isirprint\prereq-isirprint-isirbatchprint-21_22\prereq-appproc-isirprint@hp-isirbatchprint-importisir-21_22-generictest.generictest" />
        <TestLink id="06768748-1336-46cf-bc09-0635d120a2c3" name="appproc-isirprint@hp-isirbatchprint-21_22-generictest" storage="c:\agt6\_work\6\a\api\environment\regapiautomation\testdata\isirprint\appproc-isirprint@hp-isirbatchprint-21_22-generictest.generictest" />
      </TestLinks>
    </OrderedTest>
    <UnitTest name="prereq-fisap-datacorrection@dependentgrad-19_20-importisir-generictest" storage="c:\agt6\_work\6\a\api\environment\regapiautomation\testdata\fisap-datacorrection\prereq-dependentgrad-19-20\prereq-fisap-datacorrection@dependentgrad-19_20-importisir-generictest.generictest" id="f41fadab-2be9-4710-920b-2e07f2d5889f">
      <Execution id="7b84fb26-bfd6-4248-8e61-1296cc54316e" parentId="1c1b619b-4924-43f3-bf75-e324043e3d97" />
      <TestMethod codeBase="c:\agt6\_work\6\a\api\environment\regapiautomation\testdata\fisap-datacorrection\prereq-dependentgrad-19-20\prereq-fisap-datacorrection@dependentgrad-19_20-importisir-generictest.generictest" adapterTypeName="executor://orderedtestadapter/v1" className="c:\agt6\_work\6\a\api\environment\regapiautomation\testdata\fisap-datacorrection\prereq-dependentgrad-19-20\prereq-fisap-datacorrection@dependentgrad-19_20-importisir-generictest" name="prereq-fisap-datacorrection@dependentgrad-19_20-importisir-generictest" />
    </UnitTest>
    <UnitTest name="prereq-codexport@hp-awardgrantorloanforpackaging-generictest" storage="c:\agt6\_work\6\a\api\environment\regapiautomation\testdata\codexport\prereq\prereq-codexport@hp-awardgrantorloanforpackaging-generictest.generictest" id="ee725602-161e-47c9-a607-b4c044c197bc">
      <Execution id="4bb981e3-c5e6-4297-a20e-7e54aeee7799" parentId="0889c9ce-a452-472a-a370-bce8c5448207" />
      <TestMethod codeBase="c:\agt6\_work\6\a\api\environment\regapiautomation\testdata\codexport\prereq\prereq-codexport@hp-awardgrantorloanforpackaging-generictest.generictest" adapterTypeName="executor://orderedtestadapter/v1" className="c:\agt6\_work\6\a\api\environment\regapiautomation\testdata\codexport\prereq\prereq-codexport@hp-awardgrantorloanforpackaging-generictest" name="prereq-codexport@hp-awardgrantorloanforpackaging-generictest" />
    </UnitTest>
    <UnitTest name="prereq-sscr-enrollmentreporting@hp-export-seteffectivedate" storage="c:\agt6\_work\6\a\api\environment\regapiautomation\testdata\sscr-enrollmentreporting\prereq\prereq-sscr-enrollmentreporting@hp-export-seteffectivedate.generictest" id="8578da7f-1b7b-47ff-8bf8-b2064a6bd549">
      <Execution id="407d7a01-5aa9-4b00-9983-6e810aee9a1f" parentId="d8dcc998-0708-4ed1-b4f9-e688748f8540" />
      <TestMethod codeBase="c:\agt6\_work\6\a\api\environment\regapiautomation\testdata\sscr-enrollmentreporting\prereq\prereq-sscr-enrollmentreporting@hp-export-seteffectivedate.generictest" adapterTypeName="executor://orderedtestadapter/v1" className="c:\agt6\_work\6\a\api\environment\regapiautomation\testdata\sscr-enrollmentreporting\prereq\prereq-sscr-enrollmentreporting@hp-export-seteffectivedate" name="prereq-sscr-enrollmentreporting@hp-export-seteffectivedate" />
    </UnitTest>
    <UnitTest name="prereq-codexport@hp_18-19-createstudent-generictest" storage="c:\agt6\_work\6\a\api\environment\regapiautomation\testdata\codexport\prereq_18-19\prereq-codexport@hp_18-19-createstudent-generictest.generictest" id="272214a2-ee76-404d-bb03-2102acca9695">
      <Execution id="885c3ee1-1397-4a24-b2bf-d72f11b5f35c" parentId="ceba3cfb-f8cb-422b-acab-d09e7e4412a4" />
      <TestMethod codeBase="c:\agt6\_work\6\a\api\environment\regapiautomation\testdata\codexport\prereq_18-19\prereq-codexport@hp_18-19-createstudent-generictest.generictest" adapterTypeName="executor://orderedtestadapter/v1" className="c:\agt6\_work\6\a\api\environment\regapiautomation\testdata\codexport\prereq_18-19\prereq-codexport@hp_18-19-createstudent-generictest" name="prereq-codexport@hp_18-19-createstudent-generictest" />
    </UnitTest>
    <UnitTest name="prereq-fisap-datacorrection@columnd-20_21-registerclassandpostattendance-generictest" storage="c:\agt6\_work\6\a\api\environment\regapiautomation\testdata\fisap-datacorrection\prereq-columnd-20-21\prereq-fisap-datacorrection@columnd-20_21-registerclassandpostattendance-generictest.generictest" id="986adfd9-3780-4fc0-88df-8ba933c00bf9">
      <Execution id="f538caba-551c-49e1-ac77-4d8b9f680228" parentId="90c8c495-1b26-418f-b54f-aee0acdf5a94" />
      <TestMethod codeBase="c:\agt6\_work\6\a\api\environment\regapiautomation\testdata\fisap-datacorrection\prereq-columnd-20-21\prereq-fisap-datacorrection@columnd-20_21-registerclassandpostattendance-generictest.generictest" adapterTypeName="executor://orderedtestadapter/v1" className="c:\agt6\_work\6\a\api\environment\regapiautomation\testdata\fisap-datacorrection\prereq-columnd-20-21\prereq-fisap-datacorrection@columnd-20_21-registerclassandpostattendance-generictest" name="prereq-fisap-datacorrection@columnd-20_21-registerclassandpostattendance-generictest" />
    </UnitTest>
    <UnitTest name="prereq-fisap-datacorrection@invalidtransid-20_21-updatebudgetforacademicyearforpackaging-generictest" storage="c:\agt6\_work\6\a\api\environment\regapiautomation\testdata\fisap-datacorrection\prereq-invalidtransid-20_21\prereq-fisap-datacorrection@invalidtransid-20_21-updatebudgetforacademicyearforpackaging-generictest.generictest" id="9e54c607-ccc8-4e47-ab0d-69f64fbecf39">
      <Execution id="75732307-b420-47f7-b688-48eb4a5ddedd" parentId="974e42be-1ae7-4083-84f3-e5188d755a0a" />
      <TestMethod codeBase="c:\agt6\_work\6\a\api\environment\regapiautomation\testdata\fisap-datacorrection\prereq-invalidtransid-20_21\prereq-fisap-datacorrection@invalidtransid-20_21-updatebudgetforacademicyearforpackaging-generictest.generictest" adapterTypeName="executor://orderedtestadapter/v1" className="c:\agt6\_work\6\a\api\environment\regapiautomation\testdata\fisap-datacorrection\prereq-invalidtransid-20_21\prereq-fisap-datacorrection@invalidtransid-20_21-updatebudgetforacademicyearforpackaging-generictest" name="prereq-fisap-datacorrection@invalidtransid-20_21-updatebudgetforacademicyearforpackaging-generictest" />
    </UnitTest>
    <UnitTest name="shoppingsheets-program@hp-print-20_21-generictest" storage="c:\agt6\_work\6\a\api\environment\regapiautomation\testdata\shoppingsheets\shoppingsheets-program@hp-print-20_21-generictest.generictest" id="881b9e47-fdf9-4481-98c4-d1f009f262cc">
      <Execution id="8e3b8353-6ab8-4c55-93d4-f0d6545af0d2" parentId="02dc448d-3784-4be8-8eb6-9db0795d6d96" />
      <TestMethod codeBase="c:\agt6\_work\6\a\api\environment\regapiautomation\testdata\shoppingsheets\shoppingsheets-program@hp-print-20_21-generictest.generictest" adapterTypeName="executor://orderedtestadapter/v1" className="c:\agt6\_work\6\a\api\environment\regapiautomation\testdata\shoppingsheets\shoppingsheets-program@hp-print-20_21-generictest" name="shoppingsheets-program@hp-print-20_21-generictest" />
    </UnitTest>
    <UnitTest name="shoppingsheets-program@hp-print-generictest" storage="c:\agt6\_work\6\a\api\environment\regapiautomation\testdata\shoppingsheets\shoppingsheets-program@hp-print-generictest.generictest" id="881b9e47-fdf9-4481-98c4-d1f009f262cb">
      <Execution id="3e51dd26-77bc-4e2d-acaf-03379c52773f" parentId="26b595d4-8415-4ef2-87aa-a2f62c478e64" />
      <TestMethod codeBase="c:\agt6\_work\6\a\api\environment\regapiautomation\testdata\shoppingsheets\shoppingsheets-program@hp-print-generictest.generictest" adapterTypeName="executor://orderedtestadapter/v1" className="c:\agt6\_work\6\a\api\environment\regapiautomation\testdata\shoppingsheets\shoppingsheets-program@hp-print-generictest" name="shoppingsheets-program@hp-print-generictest" />
    </UnitTest>
    <UnitTest name="prereq-fisap-datacorrection@hp-postpaymentledgercard-generictest" storage="c:\agt6\_work\6\a\api\environment\regapiautomation\testdata\fisap-datacorrection\prereq\prereq-fisap-datacorrection@hp-postpaymentledgercard-generictest.generictest" id="739c7cf0-023c-4896-93b7-9e061f43c3a6">
      <Execution id="ec3db067-7c31-4164-bd62-9191ffb6eaa2" parentId="91a4ca53-10d7-4540-9086-eb88b81d36c6" />
      <TestMethod codeBase="c:\agt6\_work\6\a\api\environment\regapiautomation\testdata\fisap-datacorrection\prereq\prereq-fisap-datacorrection@hp-postpaymentledgercard-generictest.generictest" adapterTypeName="executor://orderedtestadapter/v1" className="c:\agt6\_work\6\a\api\environment\regapiautomation\testdata\fisap-datacorrection\prereq\prereq-fisap-datacorrection@hp-postpaymentledgercard-generictest" name="prereq-fisap-datacorrection@hp-postpaymentledgercard-generictest" />
    </UnitTest>
    <UnitTest name="prereq-fisap-datacorrection@noisir-updatebudgetforacademicyearforpackaging-generictest" storage="c:\agt6\_work\6\a\api\environment\regapiautomation\testdata\fisap-datacorrection\prereq-noisir\prereq-fisap-datacorrection@noisir-updatebudgetforacademicyearforpackaging-generictest.generictest" id="4a85c2f4-71dc-4b64-9cb2-f614dc35ec53">
      <Execution id="46b026cd-260a-4103-8734-f47c513f5646" parentId="ce3f5317-6a07-4aac-93c9-3ec841b3a9ce" />
      <TestMethod codeBase="c:\agt6\_work\6\a\api\environment\regapiautomation\testdata\fisap-datacorrection\prereq-noisir\prereq-fisap-datacorrection@noisir-updatebudgetforacademicyearforpackaging-generictest.generictest" adapterTypeName="executor://orderedtestadapter/v1" className="c:\agt6\_work\6\a\api\environment\regapiautomation\testdata\fisap-datacorrection\prereq-noisir\prereq-fisap-datacorrection@noisir-updatebudgetforacademicyearforpackaging-generictest" name="prereq-fisap-datacorrection@noisir-updatebudgetforacademicyearforpackaging-generictest" />
    </UnitTest>
    <UnitTest name="prereq-fisap-datacorrection@noisir-awardgrantorloanforpackaging-generictest" storage="c:\agt6\_work\6\a\api\environment\regapiautomation\testdata\fisap-datacorrection\prereq-noisir\prereq-fisap-datacorrection@noisir-awardgrantorloanforpackaging-generictest.generictest" id="4bba2b74-befc-4889-aac2-a0be52961547">
      <Execution id="005bafd1-18cd-42ed-9790-a652fdb8aa5e" parentId="ce3f5317-6a07-4aac-93c9-3ec841b3a9ce" />
      <TestMethod codeBase="c:\agt6\_work\6\a\api\environment\regapiautomation\testdata\fisap-datacorrection\prereq-noisir\prereq-fisap-datacorrection@noisir-awardgrantorloanforpackaging-generictest.generictest" adapterTypeName="executor://orderedtestadapter/v1" className="c:\agt6\_work\6\a\api\environment\regapiautomation\testdata\fisap-datacorrection\prereq-noisir\prereq-fisap-datacorrection@noisir-awardgrantorloanforpackaging-generictest" name="prereq-fisap-datacorrection@noisir-awardgrantorloanforpackaging-generictest" />
    </UnitTest>
    <UnitTest name="prereq-collegefinanceplan@grad-all-print-21_22-awardgrantorloanforpackaging-generictest" storage="c:\agt6\_work\6\a\api\environment\regapiautomation\testdata\shoppingsheets\prereq-student-grad-all-print-21_22\prereq-collegefinanceplan@grad-all-print-21_22-awardgrantorloanforpackaging-generictest.generictest" id="c958152b-26ac-4f4b-9276-5d8e2d52bf81">
      <Execution id="13bf064a-4c05-448a-97e5-0c65c2421d62" parentId="9d633ace-58cb-40e0-bb9b-d8b00dd4fdd9" />
      <TestMethod codeBase="c:\agt6\_work\6\a\api\environment\regapiautomation\testdata\shoppingsheets\prereq-student-grad-all-print-21_22\prereq-collegefinanceplan@grad-all-print-21_22-awardgrantorloanforpackaging-generictest.generictest" adapterTypeName="executor://orderedtestadapter/v1" className="c:\agt6\_work\6\a\api\environment\regapiautomation\testdata\shoppingsheets\prereq-student-grad-all-print-21_22\prereq-collegefinanceplan@grad-all-print-21_22-awardgrantorloanforpackaging-generictest" name="prereq-collegefinanceplan@grad-all-print-21_22-awardgrantorloanforpackaging-generictest" />
    </UnitTest>
    <UnitTest name="prereq-collegefinanceplan-student@saved-grad-all-21_22-awardgrantorloanforpackaging-generictest" storage="c:\agt6\_work\6\a\api\environment\regapiautomation\testdata\shoppingsheets\prereq-student-saved-grad-all-21_22\prereq-collegefinanceplan-student@saved-grad-all-21_22-awardgrantorloanforpackaging-generictest.generictest" id="c958152b-26ac-4f4b-9276-5d8e2d52bf83">
      <Execution id="11c71a57-434b-4e47-a951-ce719e62990f" parentId="4ff42948-cea1-4315-ab09-f05635d83582" />
      <TestMethod codeBase="c:\agt6\_work\6\a\api\environment\regapiautomation\testdata\shoppingsheets\prereq-student-saved-grad-all-21_22\prereq-collegefinanceplan-student@saved-grad-all-21_22-awardgrantorloanforpackaging-generictest.generictest" adapterTypeName="executor://orderedtestadapter/v1" className="c:\agt6\_work\6\a\api\environment\regapiautomation\testdata\shoppingsheets\prereq-student-saved-grad-all-21_22\prereq-collegefinanceplan-student@saved-grad-all-21_22-awardgrantorloanforpackaging-generictest" name="prereq-collegefinanceplan-student@saved-grad-all-21_22-awardgrantorloanforpackaging-generictest" />
    </UnitTest>
    <UnitTest name="prereq-fisap-datacorrection@resolvedep-19_20-postpaymentledgercard-generictest" storage="c:\agt6\_work\6\a\api\environment\regapiautomation\testdata\fisap-datacorrection\prereq-resolvedep-19_20\prereq-fisap-datacorrection@resolvedep-19_20-postpaymentledgercard-generictest.generictest" id="4326d444-b2ba-4a45-b01a-360c265a0797">
      <Execution id="dd41090b-44f2-433a-92fe-fb2d21295c40" parentId="ba8c0425-1a9e-43f4-bc5d-07922547af4a" />
      <TestMethod codeBase="c:\agt6\_work\6\a\api\environment\regapiautomation\testdata\fisap-datacorrection\prereq-resolvedep-19_20\prereq-fisap-datacorrection@resolvedep-19_20-postpaymentledgercard-generictest.generictest" adapterTypeName="executor://orderedtestadapter/v1" className="c:\agt6\_work\6\a\api\environment\regapiautomation\testdata\fisap-datacorrection\prereq-resolvedep-19_20\prereq-fisap-datacorrection@resolvedep-19_20-postpaymentledgercard-generictest" name="prereq-fisap-datacorrection@resolvedep-19_20-postpaymentledgercard-generictest" />
    </UnitTest>
    <OrderedTest name="OT-05-CODException" storage="c:\agt6\_work\6\a\api\orderedtest\ot-05-codexception.orderedtest" id="119c504d-e47a-4a19-9857-5b3c43f28cc2">
      <Execution id="a9bbf815-0cf2-4d0e-8149-403984943fdc" />
      <TestLinks>
        <TestLink id="9fe321cd-6109-4ae5-8e8a-2c866e06c51e" name="prereq-cod-exceptions@hp-resolve-award-bn-createstudent-generictest" storage="c:\agt6\_work\6\a\api\environment\regapiautomation\testdata\codexceptions\prereq\prereq-cod-exceptions@hp-resolve-award-bn-createstudent-generictest.generictest" />
        <TestLink id="d7ab1bf6-1adb-4780-abe0-69ff4d3b2b83" name="prereq-cod-exceptions@hp-resolve-award-bn-importisir-generictest" storage="c:\agt6\_work\6\a\api\environment\regapiautomation\testdata\codexceptions\prereq\prereq-cod-exceptions@hp-resolve-award-bn-importisir-generictest.generictest" />
        <TestLink id="191809a0-2f40-4296-8a92-cfd5bd90c313" name="prereq-cod-exceptions@hp-resolve-award-bn-enrollstudent-generictest" storage="c:\agt6\_work\6\a\api\environment\regapiautomation\testdata\codexceptions\prereq\prereq-cod-exceptions@hp-resolve-award-bn-enrollstudent-generictest.generictest" />
        <TestLink id="01ef4fe4-8d78-44b6-9605-758177f06b88" name="prereq-cod-exceptions@hp-resolve-award-bn-updatebudgetforacademicyearforpackaging-generictest" storage="c:\agt6\_work\6\a\api\environment\regapiautomation\testdata\codexceptions\prereq\prereq-cod-exceptions@hp-resolve-award-bn-updatebudgetforacademicyearforpackaging-generictest.generictest" />
        <TestLink id="e73c83c5-79fc-4fae-aeef-b3aa8f461cc4" name="prereq-cod-exceptions@hp-resolve-award-bn-codimport-generictest" storage="c:\agt6\_work\6\a\api\environment\regapiautomation\testdata\codexceptions\prereq\prereq-cod-exceptions@hp-resolve-award-bn-codimport-generictest.generictest" />
        <TestLink id="d76b35fd-cc5a-4266-a416-2e375d280f74" name="codexceptions@hp-resolve-award-bn-first-generictest" storage="c:\agt6\_work\6\a\api\environment\regapiautomation\testdata\codexceptions\codexceptions@hp-resolve-award-bn-first-generictest.generictest" />
        <TestLink id="8a86c457-2c3b-4744-a122-30ab66281a61" name="prereq-cod-exceptions@hp-resolve-award-bn-awardgrantorloanforpackaging-generictest" storage="c:\agt6\_work\6\a\api\environment\regapiautomation\testdata\codexceptions\prereq\prereq-cod-exceptions@hp-resolve-award-bn-awardgrantorloanforpackaging-generictest.generictest" />
        <TestLink id="f1a8d552-fece-485d-b248-1105498d8e2f" name="codexceptions@hp-resolve-award-bn-second-generictest" storage="c:\agt6\_work\6\a\api\environment\regapiautomation\testdata\codexceptions\codexceptions@hp-resolve-award-bn-second-generictest.generictest" />
      </TestLinks>
    </OrderedTest>
    <UnitTest name="prereq-fisap-datacorrection@report-detail-19_20-enrollstudent-generictest" storage="c:\agt6\_work\6\a\api\environment\regapiautomation\testdata\fisap-datacorrection\prereq-report-detail-19_20\prereq-fisap-datacorrection@report-detail-19_20-enrollstudent-generictest.generictest" id="7bf9f965-e113-40de-a146-db9d58997e5b">
      <Execution id="3c51cc8e-2274-4968-8556-4e471e0ec519" parentId="462763f0-55e1-45e0-adc5-7355d9f91d2c" />
      <TestMethod codeBase="c:\agt6\_work\6\a\api\environment\regapiautomation\testdata\fisap-datacorrection\prereq-report-detail-19_20\prereq-fisap-datacorrection@report-detail-19_20-enrollstudent-generictest.generictest" adapterTypeName="executor://orderedtestadapter/v1" className="c:\agt6\_work\6\a\api\environment\regapiautomation\testdata\fisap-datacorrection\prereq-report-detail-19_20\prereq-fisap-datacorrection@report-detail-19_20-enrollstudent-generictest" name="prereq-fisap-datacorrection@report-detail-19_20-enrollstudent-generictest" />
    </UnitTest>
    <OrderedTest name="OT-10P-CollegeFinancePlan-Program-All-Print-20_21" storage="c:\agt6\_work\6\a\api\orderedtest\ot-10p-collegefinanceplan-program-all-print-20_21.orderedtest" id="d53784bf-844b-4198-aa3b-764d5a3fc861">
      <Execution id="c6e97cef-6bcb-4c01-ba64-09d34dbc82e1" />
      <TestLinks>
        <TestLink id="f5c301ee-33e0-4a0a-8911-1ceef35345b5" name="shoppingsheets-program@hp-all-print-20_21-generictest" storage="c:\agt6\_work\6\a\api\environment\regapiautomation\testdata\shoppingsheets\shoppingsheets-program@hp-all-print-20_21-generictest.generictest" />
      </TestLinks>
    </OrderedTest>
    <OrderedTest name="OT-06B-FISAP-HP-NoIsir-20_21" storage="c:\agt6\_work\6\a\api\orderedtest\ot-06b-fisap-hp-noisir-20_21.orderedtest" id="264db8ba-8e06-4d47-8d14-5ef4cc6b2f20">
      <Execution id="f5fdd5c4-c9ca-49c2-bd4d-16e1a16316bd" />
      <TestLinks>
        <TestLink id="a3443bb4-eb36-49d4-9452-a2f7f51d765c" name="prereq-fisap-datacorrection@hp-noisir-20_21-createstudent-generictest" storage="c:\agt6\_work\6\a\api\environment\regapiautomation\testdata\fisap-datacorrection\prereq-noisir-20_21\prereq-fisap-datacorrection@hp-noisir-20_21-createstudent-generictest.generictest" />
        <TestLink id="54ac615a-c597-4508-8339-1746d240c9ed" name="prereq-fisap-datacorrection@hp-noisir-20_21-enrollstudent-generictest" storage="c:\agt6\_work\6\a\api\environment\regapiautomation\testdata\fisap-datacorrection\prereq-noisir-20_21\prereq-fisap-datacorrection@hp-noisir-20_21-enrollstudent-generictest.generictest" />
        <TestLink id="958d7535-75d4-4175-aee0-837e8bfe95a5" name="prereq-fisap-datacorrection@hp-noisir-20_21-seteffectivedate-generictest" storage="c:\agt6\_work\6\a\api\environment\regapiautomation\testdata\fisap-datacorrection\prereq-noisir-20_21\prereq-fisap-datacorrection@hp-noisir-20_21-seteffectivedate-generictest.generictest" />
        <TestLink id="8bd9883d-ba71-4677-a24c-26a70ff1385c" name="prereq-fisap-datacorrection@hp-noisir-20_21-registerclassandpostattendance-generictest" storage="c:\agt6\_work\6\a\api\environment\regapiautomation\testdata\fisap-datacorrection\prereq-noisir-20_21\prereq-fisap-datacorrection@hp-noisir-20_21-registerclassandpostattendance-generictest.generictest" />
        <TestLink id="6fa42763-0a48-4a06-8499-45e3226cb33b" name="prereq-fisap-datacorrection@hp-noisir-20_21-updatebudgetforacademicyearforpackaging-generictest" storage="c:\agt6\_work\6\a\api\environment\regapiautomation\testdata\fisap-datacorrection\prereq-noisir-20_21\prereq-fisap-datacorrection@hp-noisir-20_21-updatebudgetforacademicyearforpackaging-generictest.generictest" />
        <TestLink id="fce85163-dda6-4574-a415-bd4d177ae785" name="prereq-fisap-datacorrection@hp-noisir-20_21-awardgrantforpackaging-generictest" storage="c:\agt6\_work\6\a\api\environment\regapiautomation\testdata\fisap-datacorrection\prereq-noisir-20_21\prereq-fisap-datacorrection@hp-noisir-20_21-awardgrantforpackaging-generictest.generictest" />
        <TestLink id="a5e3111b-c8ca-4e85-bf65-29a31c599bb8" name="prereq-fisap-datacorrection@hp-noisir-20_21-postpaymentledgercard-generictest" storage="c:\agt6\_work\6\a\api\environment\regapiautomation\testdata\fisap-datacorrection\prereq-noisir-20_21\prereq-fisap-datacorrection@hp-noisir-20_21-postpaymentledgercard-generictest.generictest" />
        <TestLink id="cff0e495-14cd-4628-af2e-8210e37e2071" name="fisap-datacorrection@hp-noisir-20_21-generictest" storage="c:\agt6\_work\6\a\api\environment\regapiautomation\testdata\fisap-datacorrection\fisap-datacorrection@hp-noisir-20_21-generictest.generictest" />
      </TestLinks>
    </OrderedTest>
    <UnitTest name="prereq-codimport@bn-21_22-updatebudgetforacademicyearforpackaging-generictest" storage="c:\agt6\_work\6\a\api\environment\regapiautomation\testdata\codimport\prereq-codimport-bn-21_22\prereq-codimport@bn-21_22-updatebudgetforacademicyearforpackaging-generictest.generictest" id="547fb208-3df0-4667-b2a4-612c9c8080b2">
      <Execution id="3b668c7e-d29d-4729-a28b-de1b159c7bdf" parentId="05751b49-b3d2-420a-9fe7-b1bcfbcbfec2" />
      <TestMethod codeBase="c:\agt6\_work\6\a\api\environment\regapiautomation\testdata\codimport\prereq-codimport-bn-21_22\prereq-codimport@bn-21_22-updatebudgetforacademicyearforpackaging-generictest.generictest" adapterTypeName="executor://orderedtestadapter/v1" className="c:\agt6\_work\6\a\api\environment\regapiautomation\testdata\codimport\prereq-codimport-bn-21_22\prereq-codimport@bn-21_22-updatebudgetforacademicyearforpackaging-generictest" name="prereq-codimport@bn-21_22-updatebudgetforacademicyearforpackaging-generictest" />
    </UnitTest>
    <UnitTest name="prereq-fisap-datacorrection@hp-noisir-20_21-updatebudgetforacademicyearforpackaging-generictest" storage="c:\agt6\_work\6\a\api\environment\regapiautomation\testdata\fisap-datacorrection\prereq-noisir-20_21\prereq-fisap-datacorrection@hp-noisir-20_21-updatebudgetforacademicyearforpackaging-generictest.generictest" id="6fa42763-0a48-4a06-8499-45e3226cb33b">
      <Execution id="c71763d3-684e-4c0f-ab65-97bbd1163df6" parentId="f5fdd5c4-c9ca-49c2-bd4d-16e1a16316bd" />
      <TestMethod codeBase="c:\agt6\_work\6\a\api\environment\regapiautomation\testdata\fisap-datacorrection\prereq-noisir-20_21\prereq-fisap-datacorrection@hp-noisir-20_21-updatebudgetforacademicyearforpackaging-generictest.generictest" adapterTypeName="executor://orderedtestadapter/v1" className="c:\agt6\_work\6\a\api\environment\regapiautomation\testdata\fisap-datacorrection\prereq-noisir-20_21\prereq-fisap-datacorrection@hp-noisir-20_21-updatebudgetforacademicyearforpackaging-generictest" name="prereq-fisap-datacorrection@hp-noisir-20_21-updatebudgetforacademicyearforpackaging-generictest" />
    </UnitTest>
    <OrderedTest name="OT-12D-StudentIsir.CommentCodes-21_22" storage="c:\agt6\_work\6\a\api\orderedtest\ot-12d-studentisir.commentcodes-21_22.orderedtest" id="fad4720b-b25e-44ac-8a80-c63839c54378">
      <Execution id="9046532c-4bd2-4273-9ab3-bbd600096885" />
      <TestLinks>
        <TestLink id="9a123e0d-57dd-4bf9-b2a2-398899265601" name="prereq-appproc-studentisir-view@hp-commentcodes-importisir-21_22-generictest" storage="c:\agt6\_work\6\a\api\environment\regapiautomation\testdata\studentisir\prereq-hp-commentcodes-21_22\prereq-appproc-studentisir-view@hp-commentcodes-importisir-21_22-generictest.generictest" />
        <TestLink id="2bd7af7e-166b-4f34-9582-ab21df05fe96" name="appproc-studentisir-view@hp-commentcodes-21_22-generictest" storage="c:\agt6\_work\6\a\api\environment\regapiautomation\testdata\studentisir\appproc-studentisir-view@hp-commentcodes-21_22-generictest.generictest" />
      </TestLinks>
    </OrderedTest>
    <UnitTest name="prereq-fisap-datacorrection@hp-noisir-20_21-createstudent-generictest" storage="c:\agt6\_work\6\a\api\environment\regapiautomation\testdata\fisap-datacorrection\prereq-noisir-20_21\prereq-fisap-datacorrection@hp-noisir-20_21-createstudent-generictest.generictest" id="a3443bb4-eb36-49d4-9452-a2f7f51d765c">
      <Execution id="5d13e5c8-8cd4-473a-8fab-10a016aaab85" parentId="f5fdd5c4-c9ca-49c2-bd4d-16e1a16316bd" />
      <TestMethod codeBase="c:\agt6\_work\6\a\api\environment\regapiautomation\testdata\fisap-datacorrection\prereq-noisir-20_21\prereq-fisap-datacorrection@hp-noisir-20_21-createstudent-generictest.generictest" adapterTypeName="executor://orderedtestadapter/v1" className="c:\agt6\_work\6\a\api\environment\regapiautomation\testdata\fisap-datacorrection\prereq-noisir-20_21\prereq-fisap-datacorrection@hp-noisir-20_21-createstudent-generictest" name="prereq-fisap-datacorrection@hp-noisir-20_21-createstudent-generictest" />
    </UnitTest>
    <UnitTest name="prereq-fisap-datacorrection@unkenrollstatus-19_20-createstudent-generictest" storage="c:\agt6\_work\6\a\api\environment\regapiautomation\testdata\fisap-datacorrection\prereq-unkenrollstatus-19_20\prereq-fisap-datacorrection@unkenrollstatus-19_20-createstudent-generictest.generictest" id="3d93ed3a-2ab0-4db8-af87-bd0f005691f6">
      <Execution id="397441a1-fce9-47bb-8d93-07c16dd22f78" parentId="4ed0a644-67a2-46b0-8987-640fb8ec249c" />
      <TestMethod codeBase="c:\agt6\_work\6\a\api\environment\regapiautomation\testdata\fisap-datacorrection\prereq-unkenrollstatus-19_20\prereq-fisap-datacorrection@unkenrollstatus-19_20-createstudent-generictest.generictest" adapterTypeName="executor://orderedtestadapter/v1" className="c:\agt6\_work\6\a\api\environment\regapiautomation\testdata\fisap-datacorrection\prereq-unkenrollstatus-19_20\prereq-fisap-datacorrection@unkenrollstatus-19_20-createstudent-generictest" name="prereq-fisap-datacorrection@unkenrollstatus-19_20-createstudent-generictest" />
    </UnitTest>
    <UnitTest name="codexceptions@hp-resolve-award-bn-second-generictest" storage="c:\agt6\_work\6\a\api\environment\regapiautomation\testdata\codexceptions\codexceptions@hp-resolve-award-bn-second-generictest.generictest" id="f1a8d552-fece-485d-b248-1105498d8e2f">
      <Execution id="31b2a2b5-8e15-4eff-8b2d-d13a34d56bdc" parentId="a9bbf815-0cf2-4d0e-8149-403984943fdc" />
      <TestMethod codeBase="c:\agt6\_work\6\a\api\environment\regapiautomation\testdata\codexceptions\codexceptions@hp-resolve-award-bn-second-generictest.generictest" adapterTypeName="executor://orderedtestadapter/v1" className="c:\agt6\_work\6\a\api\environment\regapiautomation\testdata\codexceptions\codexceptions@hp-resolve-award-bn-second-generictest" name="codexceptions@hp-resolve-award-bn-second-generictest" />
    </UnitTest>
    <UnitTest name="prereq-fisap-datacorrection@noteligible-seog-19_20-registerclassandpostattendance-generictest" storage="c:\agt6\_work\6\a\api\environment\regapiautomation\testdata\fisap-datacorrection\prereq-noteligible-seog-19-20\prereq-fisap-datacorrection@noteligible-seog-19_20-registerclassandpostattendance-generictest.generictest" id="7e078cf1-15f9-4d89-adaf-732e5e1e36b8">
      <Execution id="837b4611-af4a-4927-b0c9-d5e5d7e468d4" parentId="65d94a0f-318b-47d1-aafb-e5656a9b204c" />
      <TestMethod codeBase="c:\agt6\_work\6\a\api\environment\regapiautomation\testdata\fisap-datacorrection\prereq-noteligible-seog-19-20\prereq-fisap-datacorrection@noteligible-seog-19_20-registerclassandpostattendance-generictest.generictest" adapterTypeName="executor://orderedtestadapter/v1" className="c:\agt6\_work\6\a\api\environment\regapiautomation\testdata\fisap-datacorrection\prereq-noteligible-seog-19-20\prereq-fisap-datacorrection@noteligible-seog-19_20-registerclassandpostattendance-generictest" name="prereq-fisap-datacorrection@noteligible-seog-19_20-registerclassandpostattendance-generictest" />
    </UnitTest>
    <UnitTest name="prereq-fisap-datacorrection@hp-noisir-20_21-postpaymentledgercard-generictest" storage="c:\agt6\_work\6\a\api\environment\regapiautomation\testdata\fisap-datacorrection\prereq-noisir-20_21\prereq-fisap-datacorrection@hp-noisir-20_21-postpaymentledgercard-generictest.generictest" id="a5e3111b-c8ca-4e85-bf65-29a31c599bb8">
      <Execution id="9fe2bee4-b6b5-4983-b1a1-dc59f6fd0ce8" parentId="f5fdd5c4-c9ca-49c2-bd4d-16e1a16316bd" />
      <TestMethod codeBase="c:\agt6\_work\6\a\api\environment\regapiautomation\testdata\fisap-datacorrection\prereq-noisir-20_21\prereq-fisap-datacorrection@hp-noisir-20_21-postpaymentledgercard-generictest.generictest" adapterTypeName="executor://orderedtestadapter/v1" className="c:\agt6\_work\6\a\api\environment\regapiautomation\testdata\fisap-datacorrection\prereq-noisir-20_21\prereq-fisap-datacorrection@hp-noisir-20_21-postpaymentledgercard-generictest" name="prereq-fisap-datacorrection@hp-noisir-20_21-postpaymentledgercard-generictest" />
    </UnitTest>
    <UnitTest name="fisap-datacorrection@hp-noisir-20_21-generictest" storage="c:\agt6\_work\6\a\api\environment\regapiautomation\testdata\fisap-datacorrection\fisap-datacorrection@hp-noisir-20_21-generictest.generictest" id="cff0e495-14cd-4628-af2e-8210e37e2071">
      <Execution id="f32a817f-410e-485e-9ef7-6594d709160f" parentId="f5fdd5c4-c9ca-49c2-bd4d-16e1a16316bd" />
      <TestMethod codeBase="c:\agt6\_work\6\a\api\environment\regapiautomation\testdata\fisap-datacorrection\fisap-datacorrection@hp-noisir-20_21-generictest.generictest" adapterTypeName="executor://orderedtestadapter/v1" className="c:\agt6\_work\6\a\api\environment\regapiautomation\testdata\fisap-datacorrection\fisap-datacorrection@hp-noisir-20_21-generictest" name="fisap-datacorrection@hp-noisir-20_21-generictest" />
    </UnitTest>
    <UnitTest name="prereq-fisap-datacorrection@columnc-20_21-createstudent-generictest" storage="c:\agt6\_work\6\a\api\environment\regapiautomation\testdata\fisap-datacorrection\prereq-columnc-20-21\prereq-fisap-datacorrection@columnc-20_21-createstudent-generictest.generictest" id="ad3701cc-1f08-499d-b55e-ae01034b842f">
      <Execution id="6c0d1be1-3255-4fdc-9238-9f68f5fee32e" parentId="340d93fe-f399-44c9-99a8-4a2e57db64d8" />
      <TestMethod codeBase="c:\agt6\_work\6\a\api\environment\regapiautomation\testdata\fisap-datacorrection\prereq-columnc-20-21\prereq-fisap-datacorrection@columnc-20_21-createstudent-generictest.generictest" adapterTypeName="executor://orderedtestadapter/v1" className="c:\agt6\_work\6\a\api\environment\regapiautomation\testdata\fisap-datacorrection\prereq-columnc-20-21\prereq-fisap-datacorrection@columnc-20_21-createstudent-generictest" name="prereq-fisap-datacorrection@columnc-20_21-createstudent-generictest" />
    </UnitTest>
    <UnitTest name="codimport@pn-21_22-generictest" storage="c:\agt6\_work\6\a\api\environment\regapiautomation\testdata\codimport\codimport@pn-21_22-generictest.generictest" id="1359eb7f-ed97-421f-adb6-de3b8dc9ffd8">
      <Execution id="1b2c114d-b8e9-4e37-9f1a-2f38cdc588bf" parentId="9303d2ec-6712-49bb-9a00-49d89fb8fc0b" />
      <TestMethod codeBase="c:\agt6\_work\6\a\api\environment\regapiautomation\testdata\codimport\codimport@pn-21_22-generictest.generictest" adapterTypeName="executor://orderedtestadapter/v1" className="c:\agt6\_work\6\a\api\environment\regapiautomation\testdata\codimport\codimport@pn-21_22-generictest" name="codimport@pn-21_22-generictest" />
    </UnitTest>
    <UnitTest name="appproc-isirprint@hp-isiridprint-generictest" storage="c:\agt6\_work\6\a\api\environment\regapiautomation\testdata\isirprint\appproc-isirprint@hp-isiridprint-generictest.generictest" id="ed32ceb4-834e-4cc6-a2b2-74dc76fb4ab6">
      <Execution id="6b873b47-0aff-4fff-9538-8967f3cd19dd" parentId="b949bb6c-fbc7-48b0-a321-ff7ca17aa84c" />
      <TestMethod codeBase="c:\agt6\_work\6\a\api\environment\regapiautomation\testdata\isirprint\appproc-isirprint@hp-isiridprint-generictest.generictest" adapterTypeName="executor://orderedtestadapter/v1" className="c:\agt6\_work\6\a\api\environment\regapiautomation\testdata\isirprint\appproc-isirprint@hp-isiridprint-generictest" name="appproc-isirprint@hp-isiridprint-generictest" />
    </UnitTest>
    <UnitTest name="appproc-isirprint@hp-isiridprint-21_22-generictest" storage="c:\agt6\_work\6\a\api\environment\regapiautomation\testdata\isirprint\appproc-isirprint@hp-isiridprint-21_22-generictest.generictest" id="ed32ceb4-834e-4cc6-a2b2-74dc76fb4ab7">
      <Execution id="2127f3ba-70ab-47a6-b96d-28c7257fad49" parentId="20636bca-6a6c-4bd5-a981-a093d4ae0218" />
      <TestMethod codeBase="c:\agt6\_work\6\a\api\environment\regapiautomation\testdata\isirprint\appproc-isirprint@hp-isiridprint-21_22-generictest.generictest" adapterTypeName="executor://orderedtestadapter/v1" className="c:\agt6\_work\6\a\api\environment\regapiautomation\testdata\isirprint\appproc-isirprint@hp-isiridprint-21_22-generictest" name="appproc-isirprint@hp-isiridprint-21_22-generictest" />
    </UnitTest>
    <UnitTest name="prereq-fisap-datacorrection@columnd-19_20-enrollstudent-generictest" storage="c:\agt6\_work\6\a\api\environment\regapiautomation\testdata\fisap-datacorrection\prereq-columnd-19-20\prereq-fisap-datacorrection@columnd-19_20-enrollstudent-generictest.generictest" id="5bfda213-b808-4bde-bfee-ec9e885a23ad">
      <Execution id="d919a83a-87c6-446b-993c-e7d35386f302" parentId="a78bdfe6-9cfa-4df0-baca-8b4c8af86245" />
      <TestMethod codeBase="c:\agt6\_work\6\a\api\environment\regapiautomation\testdata\fisap-datacorrection\prereq-columnd-19-20\prereq-fisap-datacorrection@columnd-19_20-enrollstudent-generictest.generictest" adapterTypeName="executor://orderedtestadapter/v1" className="c:\agt6\_work\6\a\api\environment\regapiautomation\testdata\fisap-datacorrection\prereq-columnd-19-20\prereq-fisap-datacorrection@columnd-19_20-enrollstudent-generictest" name="prereq-fisap-datacorrection@columnd-19_20-enrollstudent-generictest" />
    </UnitTest>
    <OrderedTest name="OT-09C-IsirPrint-ISIRIdPrint-21_22" storage="c:\agt6\_work\6\a\api\orderedtest\ot-09c-isirprint-isiridprint-21_22.orderedtest" id="e565be03-d37f-4113-a696-6db5145a91a6">
      <Execution id="20636bca-6a6c-4bd5-a981-a093d4ae0218" />
      <TestLinks>
        <TestLink id="ed32ceb4-834e-4cc6-a2b2-74dc76fb4ab7" name="appproc-isirprint@hp-isiridprint-21_22-generictest" storage="c:\agt6\_work\6\a\api\environment\regapiautomation\testdata\isirprint\appproc-isirprint@hp-isiridprint-21_22-generictest.generictest" />
      </TestLinks>
    </OrderedTest>
    <UnitTest name="prereq-collegefinanceplan-student@saved-ugrad-job-21_22-awardloanforpackaging" storage="c:\agt6\_work\6\a\api\environment\regapiautomation\testdata\shoppingsheets\prereq-student-saved-ugrad-job-21_22\prereq-collegefinanceplan-student@saved-ugrad-job-21_22-awardloanforpackaging.generictest" id="00609e86-8f24-460c-9067-7d647f000da3">
      <Execution id="5fe29330-b195-4dc6-9ba6-b7586febb8bf" parentId="c07572d8-3e49-4f65-a8d1-ed7a237e0c45" />
      <TestMethod codeBase="c:\agt6\_work\6\a\api\environment\regapiautomation\testdata\shoppingsheets\prereq-student-saved-ugrad-job-21_22\prereq-collegefinanceplan-student@saved-ugrad-job-21_22-awardloanforpackaging.generictest" adapterTypeName="executor://orderedtestadapter/v1" className="c:\agt6\_work\6\a\api\environment\regapiautomation\testdata\shoppingsheets\prereq-student-saved-ugrad-job-21_22\prereq-collegefinanceplan-student@saved-ugrad-job-21_22-awardloanforpackaging" name="prereq-collegefinanceplan-student@saved-ugrad-job-21_22-awardloanforpackaging" />
    </UnitTest>
    <OrderedTest name="OT-01E-CODExport.Create-GrantDataRequest-Multi-O-All-21_22" storage="c:\agt6\_work\6\a\api\orderedtest\ot-01e-codexport.create-grantdatarequest-multi-o-all-21_22.orderedtest" id="df2f9833-45e1-47ab-a5f1-3bd05e7c29ca">
      <Execution id="5adf10be-2ed4-4786-b2e1-ba1b0140d2e0" />
      <TestLinks>
        <TestLink id="c4ce48df-bba4-4f47-b69d-ee33d1981ea5" name="prereq-codexport@create-grantdatarequest-multi-o-all-21_22-createstudent" storage="c:\agt6\_work\6\a\api\environment\regapiautomation\testdata\codexport\prereq-create-grantdatarequest-multi-o-all-21_22\prereq-codexport@create-grantdatarequest-multi-o-all-21_22-createstudent.generictest" />
        <TestLink id="6d5c09d2-046f-4dae-8858-41fa0be1c3da" name="prereq-codexport@create-grantdatarequest-multi-o-all-21_22-importisir" storage="c:\agt6\_work\6\a\api\environment\regapiautomation\testdata\codexport\prereq-create-grantdatarequest-multi-o-all-21_22\prereq-codexport@create-grantdatarequest-multi-o-all-21_22-importisir.generictest" />
        <TestLink id="fa0959fe-e713-4e38-aad8-1fb3aa0e2510" name="prereq-codexport@create-grantdatarequest-multi-o-all-21_22-enrollstudent" storage="c:\agt6\_work\6\a\api\environment\regapiautomation\testdata\codexport\prereq-create-grantdatarequest-multi-o-all-21_22\prereq-codexport@create-grantdatarequest-multi-o-all-21_22-enrollstudent.generictest" />
        <TestLink id="e1204454-f111-420f-9994-8229d7f3a430" name="prereq-codexport@create-grantdatarequest-multi-o-all-21_22-updatebudgetforacademicyearforpackaging" storage="c:\agt6\_work\6\a\api\environment\regapiautomation\testdata\codexport\prereq-create-grantdatarequest-multi-o-all-21_22\prereq-codexport@create-grantdatarequest-multi-o-all-21_22-updatebudgetforacademicyearforpackaging.generictest" />
        <TestLink id="c958152b-26ac-4f4b-9276-5d8e2d52bf75" name="prereq-codexport@create-grantdatarequest-multi-o-all-21_22-awardgrantorloanforpackaging" storage="c:\agt6\_work\6\a\api\environment\regapiautomation\testdata\codexport\prereq-create-grantdatarequest-multi-o-all-21_22\prereq-codexport@create-grantdatarequest-multi-o-all-21_22-awardgrantorloanforpackaging.generictest" />
        <TestLink id="139e63b3-2051-4895-a8f4-3f57b30db4e1" name="prereq-codexport@create-grantdatarequest-multi-o-all-21_22-awardloanforpackaging" storage="c:\agt6\_work\6\a\api\environment\regapiautomation\testdata\codexport\prereq-create-grantdatarequest-multi-o-all-21_22\prereq-codexport@create-grantdatarequest-multi-o-all-21_22-awardloanforpackaging.generictest" />
        <TestLink id="a5bb8cdb-3dc6-4e77-8170-74b1738debed" name="cod-export@create-grantdatarequest-multi-o-all-21_22" storage="c:\agt6\_work\6\a\api\environment\regapiautomation\testdata\codexport\cod-export@create-grantdatarequest-multi-o-all-21_22.generictest" />
      </TestLinks>
    </OrderedTest>
    <OrderedTest name="OT-05B-CODExceptions-Delete-21_22" storage="c:\agt6\_work\6\a\api\orderedtest\ot-05b-codexceptions-delete-21_22.orderedtest" id="9156f678-380e-424e-8173-588b0f37a0f5">
      <Execution id="fb06118d-4b7c-4860-9fb7-bf491401fa76" />
      <TestLinks>
        <TestLink id="199cf613-8fcc-4ff8-b330-6fea857f4620" name="prereq-cod-exceptions@delete-award-bn-21_22-createstudent-generictest" storage="c:\agt6\_work\6\a\api\environment\regapiautomation\testdata\codexceptions\prereq-delete-21_22\prereq-cod-exceptions@delete-award-bn-21_22-createstudent-generictest.generictest" />
        <TestLink id="5aa87472-099e-4d13-b713-c555c492ff46" name="prereq-cod-exceptions@delete-award-bn-21_22-importisir-generictest" storage="c:\agt6\_work\6\a\api\environment\regapiautomation\testdata\codexceptions\prereq-delete-21_22\prereq-cod-exceptions@delete-award-bn-21_22-importisir-generictest.generictest" />
        <TestLink id="7366db68-50a7-488c-8cd3-0a98cc393e1c" name="prereq-cod-exceptions@delete-award-bn-21_22-enrollstudent-generictest" storage="c:\agt6\_work\6\a\api\environment\regapiautomation\testdata\codexceptions\prereq-delete-21_22\prereq-cod-exceptions@delete-award-bn-21_22-enrollstudent-generictest.generictest" />
        <TestLink id="c94ddd41-e29e-4551-9b89-f5ad63ea50ee" name="prereq-cod-exceptions@delete-award-bn-21_22-updatebudgetforacademicyearforpackaging-generictest" storage="c:\agt6\_work\6\a\api\environment\regapiautomation\testdata\codexceptions\prereq-delete-21_22\prereq-cod-exceptions@delete-award-bn-21_22-updatebudgetforacademicyearforpackaging-generictest.generictest" />
        <TestLink id="079e1f06-06c6-4170-866f-3945f425a916" name="prereq-cod-exceptions@delete-award-bn-21_22-codimport-generictest" storage="c:\agt6\_work\6\a\api\environment\regapiautomation\testdata\codexceptions\prereq-delete-21_22\prereq-cod-exceptions@delete-award-bn-21_22-codimport-generictest.generictest" />
        <TestLink id="d76b35fd-cc5a-4266-a416-2e375d280f78" name="codexceptions@delete-award-bn-21_22-generictest" storage="c:\agt6\_work\6\a\api\environment\regapiautomation\testdata\codexceptions\codexceptions@delete-award-bn-21_22-generictest.generictest" />
      </TestLinks>
    </OrderedTest>
    <UnitTest name="collegefinanceplan-config@interestrate-21_22-generictest" storage="c:\agt6\_work\6\a\api\environment\regapiautomation\testdata\shoppingsheets\collegefinanceplan-config@interestrate-21_22-generictest.generictest" id="e974e990-075a-42ff-8e95-48876f96390d">
      <Execution id="dcde663f-33b3-4342-956a-f6e6dc414771" parentId="7d7ca4a2-4734-4385-812f-45a5369cb8eb" />
      <TestMethod codeBase="c:\agt6\_work\6\a\api\environment\regapiautomation\testdata\shoppingsheets\collegefinanceplan-config@interestrate-21_22-generictest.generictest" adapterTypeName="executor://orderedtestadapter/v1" className="c:\agt6\_work\6\a\api\environment\regapiautomation\testdata\shoppingsheets\collegefinanceplan-config@interestrate-21_22-generictest" name="collegefinanceplan-config@interestrate-21_22-generictest" />
    </UnitTest>
    <UnitTest name="fisap-datacorrection@hp-ineligible-19_20-generictest" storage="c:\agt6\_work\6\a\api\environment\regapiautomation\testdata\fisap-datacorrection\fisap-datacorrection@hp-ineligible-19_20-generictest.generictest" id="6b4cbff4-5f06-4e25-aa39-ec3ab47eda15">
      <Execution id="39f5e03b-55eb-4d76-9a71-6622c1f42d63" parentId="f51cf7a5-90aa-4d7b-a241-f8ea6421a15e" />
      <TestMethod codeBase="c:\agt6\_work\6\a\api\environment\regapiautomation\testdata\fisap-datacorrection\fisap-datacorrection@hp-ineligible-19_20-generictest.generictest" adapterTypeName="executor://orderedtestadapter/v1" className="c:\agt6\_work\6\a\api\environment\regapiautomation\testdata\fisap-datacorrection\fisap-datacorrection@hp-ineligible-19_20-generictest" name="fisap-datacorrection@hp-ineligible-19_20-generictest" />
    </UnitTest>
    <UnitTest name="prereq-fisap-datacorrection@invaliddepmodel-20_21-changestudentstatus-generictest" storage="c:\agt6\_work\6\a\api\environment\regapiautomation\testdata\fisap-datacorrection\prereq-invaliddepmodel-20_21\prereq-fisap-datacorrection@invaliddepmodel-20_21-changestudentstatus-generictest.generictest" id="272e14c8-755c-4d81-add3-5f019325cfba">
      <Execution id="5f9f047f-132d-4ac1-983e-45d6dfabee19" parentId="904cd9df-22ae-4cf6-9821-5c23e51fbf49" />
      <TestMethod codeBase="c:\agt6\_work\6\a\api\environment\regapiautomation\testdata\fisap-datacorrection\prereq-invaliddepmodel-20_21\prereq-fisap-datacorrection@invaliddepmodel-20_21-changestudentstatus-generictest.generictest" adapterTypeName="executor://orderedtestadapter/v1" className="c:\agt6\_work\6\a\api\environment\regapiautomation\testdata\fisap-datacorrection\prereq-invaliddepmodel-20_21\prereq-fisap-datacorrection@invaliddepmodel-20_21-changestudentstatus-generictest" name="prereq-fisap-datacorrection@invaliddepmodel-20_21-changestudentstatus-generictest" />
    </UnitTest>
    <UnitTest name="prereq-fisap-datacorrection@resolvedep-19_20-importisir-generictest" storage="c:\agt6\_work\6\a\api\environment\regapiautomation\testdata\fisap-datacorrection\prereq-resolvedep-19_20\prereq-fisap-datacorrection@resolvedep-19_20-importisir-generictest.generictest" id="e9f9df4e-0b73-416c-b21e-5e3d5d748ab7">
      <Execution id="f228ffb2-7de4-4768-92f4-a069dd9bf0dd" parentId="ba8c0425-1a9e-43f4-bc5d-07922547af4a" />
      <TestMethod codeBase="c:\agt6\_work\6\a\api\environment\regapiautomation\testdata\fisap-datacorrection\prereq-resolvedep-19_20\prereq-fisap-datacorrection@resolvedep-19_20-importisir-generictest.generictest" adapterTypeName="executor://orderedtestadapter/v1" className="c:\agt6\_work\6\a\api\environment\regapiautomation\testdata\fisap-datacorrection\prereq-resolvedep-19_20\prereq-fisap-datacorrection@resolvedep-19_20-importisir-generictest" name="prereq-fisap-datacorrection@resolvedep-19_20-importisir-generictest" />
    </UnitTest>
    <UnitTest name="prereq-fisap-datacorrection@invalidtransid-20_21-changestudentstatus-generictest" storage="c:\agt6\_work\6\a\api\environment\regapiautomation\testdata\fisap-datacorrection\prereq-invalidtransid-20_21\prereq-fisap-datacorrection@invalidtransid-20_21-changestudentstatus-generictest.generictest" id="b91a9c97-0371-46f7-a3d2-53fdec1cba84">
      <Execution id="ef4be94f-da27-4541-8da3-cc97ac0a695f" parentId="974e42be-1ae7-4083-84f3-e5188d755a0a" />
      <TestMethod codeBase="c:\agt6\_work\6\a\api\environment\regapiautomation\testdata\fisap-datacorrection\prereq-invalidtransid-20_21\prereq-fisap-datacorrection@invalidtransid-20_21-changestudentstatus-generictest.generictest" adapterTypeName="executor://orderedtestadapter/v1" className="c:\agt6\_work\6\a\api\environment\regapiautomation\testdata\fisap-datacorrection\prereq-invalidtransid-20_21\prereq-fisap-datacorrection@invalidtransid-20_21-changestudentstatus-generictest" name="prereq-fisap-datacorrection@invalidtransid-20_21-changestudentstatus-generictest" />
    </UnitTest>
    <UnitTest name="prereq-codexport@hp_18-19-enrollstudent-generictest" storage="c:\agt6\_work\6\a\api\environment\regapiautomation\testdata\codexport\prereq_18-19\prereq-codexport@hp_18-19-enrollstudent-generictest.generictest" id="7ebbd344-c3ff-483d-9bb4-8ecc590d1b58">
      <Execution id="4a2be93b-dd2d-4444-b1c8-01d812577461" parentId="ceba3cfb-f8cb-422b-acab-d09e7e4412a4" />
      <TestMethod codeBase="c:\agt6\_work\6\a\api\environment\regapiautomation\testdata\codexport\prereq_18-19\prereq-codexport@hp_18-19-enrollstudent-generictest.generictest" adapterTypeName="executor://orderedtestadapter/v1" className="c:\agt6\_work\6\a\api\environment\regapiautomation\testdata\codexport\prereq_18-19\prereq-codexport@hp_18-19-enrollstudent-generictest" name="prereq-codexport@hp_18-19-enrollstudent-generictest" />
    </UnitTest>
    <OrderedTest name="OT-06M-FISAP-NotEligible-SEOG-20_21" storage="c:\agt6\_work\6\a\api\orderedtest\ot-06m-fisap-noteligible-seog-20_21.orderedtest" id="744c835c-e641-4c35-9df5-ed90553e5077">
      <Execution id="02fb9329-2db5-4c5c-83c0-929721f070b4" />
      <TestLinks>
        <TestLink id="0473d812-4ac7-4ee3-8afb-55ccb82493d7" name="prereq-fisap-datacorrection@noteligible-seog-20_21-createstudent-generictest" storage="c:\agt6\_work\6\a\api\environment\regapiautomation\testdata\fisap-datacorrection\prereq-noteligible-seog-20-21\prereq-fisap-datacorrection@noteligible-seog-20_21-createstudent-generictest.generictest" />
        <TestLink id="0d16fd31-a1fa-4929-90d3-aa019feaa032" name="prereq-fisap-datacorrection@noteligible-seog-20_21-importisir-generictest" storage="c:\agt6\_work\6\a\api\environment\regapiautomation\testdata\fisap-datacorrection\prereq-noteligible-seog-20-21\prereq-fisap-datacorrection@noteligible-seog-20_21-importisir-generictest.generictest" />
        <TestLink id="293e0d0d-65ad-496e-9e26-c53f5aa1b813" name="prereq-fisap-datacorrection@noteligible-seog-20_21-enrollstudent-generictest" storage="c:\agt6\_work\6\a\api\environment\regapiautomation\testdata\fisap-datacorrection\prereq-noteligible-seog-20-21\prereq-fisap-datacorrection@noteligible-seog-20_21-enrollstudent-generictest.generictest" />
        <TestLink id="19d7dc74-8298-4815-8b53-002aa9d09854" name="prereq-fisap-datacorrection@noteligible-seog-20_21-registerclassandpostattendance-generictest" storage="c:\agt6\_work\6\a\api\environment\regapiautomation\testdata\fisap-datacorrection\prereq-noteligible-seog-20-21\prereq-fisap-datacorrection@noteligible-seog-20_21-registerclassandpostattendance-generictest.generictest" />
        <TestLink id="c484d781-41e6-4c60-84db-ec5342fe3736" name="prereq-fisap-datacorrection@noteligible-seog-20_21-updatebudgetforacademicyearforpackaging-generictest" storage="c:\agt6\_work\6\a\api\environment\regapiautomation\testdata\fisap-datacorrection\prereq-noteligible-seog-20-21\prereq-fisap-datacorrection@noteligible-seog-20_21-updatebudgetforacademicyearforpackaging-generictest.generictest" />
        <TestLink id="4898ec3a-86cc-4180-b6d9-3b682a627edb" name="prereq-fisap-datacorrection@noteligible-seog-20_21-awardgrantforpackaging-generictest" storage="c:\agt6\_work\6\a\api\environment\regapiautomation\testdata\fisap-datacorrection\prereq-noteligible-seog-20-21\prereq-fisap-datacorrection@noteligible-seog-20_21-awardgrantforpackaging-generictest.generictest" />
        <TestLink id="7a25fa5d-1d5a-4fda-a47c-513c092ae6f2" name="prereq-fisap-datacorrection@noteligible-seog-20_21-changestudentstatus-generictest" storage="c:\agt6\_work\6\a\api\environment\regapiautomation\testdata\fisap-datacorrection\prereq-noteligible-seog-20-21\prereq-fisap-datacorrection@noteligible-seog-20_21-changestudentstatus-generictest.generictest" />
        <TestLink id="231b4867-1beb-48a0-89a9-9de471389bf0" name="fisap-datacorrection@noteligible-seog-20_21-generictest" storage="c:\agt6\_work\6\a\api\environment\regapiautomation\testdata\fisap-datacorrection\fisap-datacorrection@noteligible-seog-20_21-generictest.generictest" />
      </TestLinks>
    </OrderedTest>
    <UnitTest name="prereq-fisap-datacorrection@columnc-19_20-importisir-generictest" storage="c:\agt6\_work\6\a\api\environment\regapiautomation\testdata\fisap-datacorrection\prereq-columnc-19-20\prereq-fisap-datacorrection@columnc-19_20-importisir-generictest.generictest" id="dc38b2b0-a466-4153-93e4-b164b652e4ad">
      <Execution id="e482c5fb-ffb5-438e-b293-e5dae0f04fbb" parentId="dc42fed8-ef16-4149-9bef-fb5f599cdf53" />
      <TestMethod codeBase="c:\agt6\_work\6\a\api\environment\regapiautomation\testdata\fisap-datacorrection\prereq-columnc-19-20\prereq-fisap-datacorrection@columnc-19_20-importisir-generictest.generictest" adapterTypeName="executor://orderedtestadapter/v1" className="c:\agt6\_work\6\a\api\environment\regapiautomation\testdata\fisap-datacorrection\prereq-columnc-19-20\prereq-fisap-datacorrection@columnc-19_20-importisir-generictest" name="prereq-fisap-datacorrection@columnc-19_20-importisir-generictest" />
    </UnitTest>
    <UnitTest name="prereq-cod-exceptions@hp-resolve-award-bn-21_22-awardloanforpackaging-generictest" storage="c:\agt6\_work\6\a\api\environment\regapiautomation\testdata\codexceptions\prereq-21_22\prereq-cod-exceptions@hp-resolve-award-bn-21_22-awardloanforpackaging-generictest.generictest" id="1f38c856-c574-465c-b9a0-d18316761b8f">
      <Execution id="b404ec47-1882-4d24-9df5-8df9ab5cdda7" parentId="ac0cbf78-2e81-457a-b65b-fdc11e34bc33" />
      <TestMethod codeBase="c:\agt6\_work\6\a\api\environment\regapiautomation\testdata\codexceptions\prereq-21_22\prereq-cod-exceptions@hp-resolve-award-bn-21_22-awardloanforpackaging-generictest.generictest" adapterTypeName="executor://orderedtestadapter/v1" className="c:\agt6\_work\6\a\api\environment\regapiautomation\testdata\codexceptions\prereq-21_22\prereq-cod-exceptions@hp-resolve-award-bn-21_22-awardloanforpackaging-generictest" name="prereq-cod-exceptions@hp-resolve-award-bn-21_22-awardloanforpackaging-generictest" />
    </UnitTest>
    <UnitTest name="codimport@loans-grants-21_22-generictest" storage="c:\agt6\_work\6\a\api\environment\regapiautomation\testdata\codimport\codimport@loans-grants-21_22-generictest.generictest" id="89959051-36d8-44e8-ab9d-f3cf124ef4a9">
      <Execution id="96facb29-1241-41ca-83c5-5e8931283d82" parentId="b73d9078-0729-4052-9aa6-b99bdd18aa6f" />
      <TestMethod codeBase="c:\agt6\_work\6\a\api\environment\regapiautomation\testdata\codimport\codimport@loans-grants-21_22-generictest.generictest" adapterTypeName="executor://orderedtestadapter/v1" className="c:\agt6\_work\6\a\api\environment\regapiautomation\testdata\codimport\codimport@loans-grants-21_22-generictest" name="codimport@loans-grants-21_22-generictest" />
    </UnitTest>
    <OrderedTest name="OT-10N-CollegeFinancePlan-Program-Graduate-All-Print-21_22" storage="c:\agt6\_work\6\a\api\orderedtest\ot-10n-collegefinanceplan-program-graduate-all-print-21_22.orderedtest" id="90f9fec1-894c-4047-bea5-4eae7486a866">
      <Execution id="fd999e51-b9de-4c6a-ab79-1fd20351574d" />
      <TestLinks>
        <TestLink id="881b9e47-fdf9-4481-98c4-d1f009f2620b" name="shoppingsheets-program@graduate-all-print-21_22-generictest" storage="c:\agt6\_work\6\a\api\environment\regapiautomation\testdata\shoppingsheets\shoppingsheets-program@graduate-all-print-21_22-generictest.generictest" />
      </TestLinks>
    </OrderedTest>
    <UnitTest name="codimport@hp-originationsonly-21_22-generictest" storage="c:\agt6\_work\6\a\api\environment\regapiautomation\testdata\codimport\codimport@hp-originationsonly-21_22-generictest.generictest" id="89959051-36d8-44e8-ab9d-f3cf124ef4ae">
      <Execution id="ef02fffe-fdde-499f-840c-b3da378b5c66" parentId="dcdc0308-a0f6-4dd3-a6f0-92fb7a3259e6" />
      <TestMethod codeBase="c:\agt6\_work\6\a\api\environment\regapiautomation\testdata\codimport\codimport@hp-originationsonly-21_22-generictest.generictest" adapterTypeName="executor://orderedtestadapter/v1" className="c:\agt6\_work\6\a\api\environment\regapiautomation\testdata\codimport\codimport@hp-originationsonly-21_22-generictest" name="codimport@hp-originationsonly-21_22-generictest" />
    </UnitTest>
    <UnitTest name="prereq-codexport@hp-originationsonly-21_22-importisir-generictest" storage="c:\agt6\_work\6\a\api\environment\regapiautomation\testdata\codexport\prereq-originationsonly-21_22\prereq-codexport@hp-originationsonly-21_22-importisir-generictest.generictest" id="64499c42-73f4-4e1c-bdd8-5b434a1bb134">
      <Execution id="6227a6eb-4a71-407c-a5c2-2d662a6c97e9" parentId="dd65fd67-5067-44cd-8850-842e53274555" />
      <TestMethod codeBase="c:\agt6\_work\6\a\api\environment\regapiautomation\testdata\codexport\prereq-originationsonly-21_22\prereq-codexport@hp-originationsonly-21_22-importisir-generictest.generictest" adapterTypeName="executor://orderedtestadapter/v1" className="c:\agt6\_work\6\a\api\environment\regapiautomation\testdata\codexport\prereq-originationsonly-21_22\prereq-codexport@hp-originationsonly-21_22-importisir-generictest" name="prereq-codexport@hp-originationsonly-21_22-importisir-generictest" />
    </UnitTest>
    <UnitTest name="prereq-codimport@pn-21_22-awardloanforpackaging-generictest" storage="c:\agt6\_work\6\a\api\environment\regapiautomation\testdata\codimport\prereq-codimport-pn-21_22\prereq-codimport@pn-21_22-awardloanforpackaging-generictest.generictest" id="1f38c856-c574-465c-b9a0-d18316761b92">
      <Execution id="d0825d08-fb9e-4043-9134-91393e503480" parentId="9303d2ec-6712-49bb-9a00-49d89fb8fc0b" />
      <TestMethod codeBase="c:\agt6\_work\6\a\api\environment\regapiautomation\testdata\codimport\prereq-codimport-pn-21_22\prereq-codimport@pn-21_22-awardloanforpackaging-generictest.generictest" adapterTypeName="executor://orderedtestadapter/v1" className="c:\agt6\_work\6\a\api\environment\regapiautomation\testdata\codimport\prereq-codimport-pn-21_22\prereq-codimport@pn-21_22-awardloanforpackaging-generictest" name="prereq-codimport@pn-21_22-awardloanforpackaging-generictest" />
    </UnitTest>
    <UnitTest name="prereq-cod-exceptions@resolve-award-pn-21_22-awardloanforpackaging-generictest" storage="c:\agt6\_work\6\a\api\environment\regapiautomation\testdata\codexceptions\prereq-resolve-pn-21_22\prereq-cod-exceptions@resolve-award-pn-21_22-awardloanforpackaging-generictest.generictest" id="1f38c856-c574-465c-b9a0-d18316761b90">
      <Execution id="b8566ec1-3393-4585-954d-322cd825aa56" parentId="e3b66657-a9f6-4472-a6cd-7f0a51b3a969" />
      <TestMethod codeBase="c:\agt6\_work\6\a\api\environment\regapiautomation\testdata\codexceptions\prereq-resolve-pn-21_22\prereq-cod-exceptions@resolve-award-pn-21_22-awardloanforpackaging-generictest.generictest" adapterTypeName="executor://orderedtestadapter/v1" className="c:\agt6\_work\6\a\api\environment\regapiautomation\testdata\codexceptions\prereq-resolve-pn-21_22\prereq-cod-exceptions@resolve-award-pn-21_22-awardloanforpackaging-generictest" name="prereq-cod-exceptions@resolve-award-pn-21_22-awardloanforpackaging-generictest" />
    </UnitTest>
    <UnitTest name="prereq-fisap-datacorrection@noclasses-20_21-awardgrantforpackaging-generictest" storage="c:\agt6\_work\6\a\api\environment\regapiautomation\testdata\fisap-datacorrection\prereq-noclasses-20_21\prereq-fisap-datacorrection@noclasses-20_21-awardgrantforpackaging-generictest.generictest" id="1609dac3-1c26-435a-a78f-35e300ce9b89">
      <Execution id="2f60ebf5-93f5-44e3-b5ff-a11dcf0f6350" parentId="b76deeda-7a4f-4611-b3f9-e8f5ad920870" />
      <TestMethod codeBase="c:\agt6\_work\6\a\api\environment\regapiautomation\testdata\fisap-datacorrection\prereq-noclasses-20_21\prereq-fisap-datacorrection@noclasses-20_21-awardgrantforpackaging-generictest.generictest" adapterTypeName="executor://orderedtestadapter/v1" className="c:\agt6\_work\6\a\api\environment\regapiautomation\testdata\fisap-datacorrection\prereq-noclasses-20_21\prereq-fisap-datacorrection@noclasses-20_21-awardgrantforpackaging-generictest" name="prereq-fisap-datacorrection@noclasses-20_21-awardgrantforpackaging-generictest" />
    </UnitTest>
    <UnitTest name="shoppingsheets-program@graduate-all-print-21_22-generictest" storage="c:\agt6\_work\6\a\api\environment\regapiautomation\testdata\shoppingsheets\shoppingsheets-program@graduate-all-print-21_22-generictest.generictest" id="881b9e47-fdf9-4481-98c4-d1f009f2620b">
      <Execution id="c004d9b4-ca57-411f-9bfd-55b60925a620" parentId="fd999e51-b9de-4c6a-ab79-1fd20351574d" />
      <TestMethod codeBase="c:\agt6\_work\6\a\api\environment\regapiautomation\testdata\shoppingsheets\shoppingsheets-program@graduate-all-print-21_22-generictest.generictest" adapterTypeName="executor://orderedtestadapter/v1" className="c:\agt6\_work\6\a\api\environment\regapiautomation\testdata\shoppingsheets\shoppingsheets-program@graduate-all-print-21_22-generictest" name="shoppingsheets-program@graduate-all-print-21_22-generictest" />
    </UnitTest>
    <UnitTest name="prereq-fisap-datacorrection@report-detail-19_20-createstudent-generictest" storage="c:\agt6\_work\6\a\api\environment\regapiautomation\testdata\fisap-datacorrection\prereq-report-detail-19_20\prereq-fisap-datacorrection@report-detail-19_20-createstudent-generictest.generictest" id="f0c3f683-f458-4bc6-b179-5cd878c59938">
      <Execution id="1f140bbd-2477-4071-9a0b-e8df49a4a2e1" parentId="462763f0-55e1-45e0-adc5-7355d9f91d2c" />
      <TestMethod codeBase="c:\agt6\_work\6\a\api\environment\regapiautomation\testdata\fisap-datacorrection\prereq-report-detail-19_20\prereq-fisap-datacorrection@report-detail-19_20-createstudent-generictest.generictest" adapterTypeName="executor://orderedtestadapter/v1" className="c:\agt6\_work\6\a\api\environment\regapiautomation\testdata\fisap-datacorrection\prereq-report-detail-19_20\prereq-fisap-datacorrection@report-detail-19_20-createstudent-generictest" name="prereq-fisap-datacorrection@report-detail-19_20-createstudent-generictest" />
    </UnitTest>
    <UnitTest name="tsmexport@hp-both-date-generictest" storage="c:\agt6\_work\6\a\api\environment\regapiautomation\testdata\tsmexport\tsmexport@hp-both-date-generictest.generictest" id="6f6da284-e0ff-453d-a893-35944e52004e">
      <Execution id="0d63a59a-f9a2-4f0f-bec0-5a79ae108e45" parentId="42ba3c3a-4665-4f5e-bffa-5e9418378c33" />
      <TestMethod codeBase="c:\agt6\_work\6\a\api\environment\regapiautomation\testdata\tsmexport\tsmexport@hp-both-date-generictest.generictest" adapterTypeName="executor://orderedtestadapter/v1" className="c:\agt6\_work\6\a\api\environment\regapiautomation\testdata\tsmexport\tsmexport@hp-both-date-generictest" name="tsmexport@hp-both-date-generictest" />
    </UnitTest>
    <UnitTest name="prereq-fisap-datacorrection@hp-noisir-20_21-registerclassandpostattendance-generictest" storage="c:\agt6\_work\6\a\api\environment\regapiautomation\testdata\fisap-datacorrection\prereq-noisir-20_21\prereq-fisap-datacorrection@hp-noisir-20_21-registerclassandpostattendance-generictest.generictest" id="8bd9883d-ba71-4677-a24c-26a70ff1385c">
      <Execution id="564a6cbd-39bb-49b5-a1b2-d2a6751e16a2" parentId="f5fdd5c4-c9ca-49c2-bd4d-16e1a16316bd" />
      <TestMethod codeBase="c:\agt6\_work\6\a\api\environment\regapiautomation\testdata\fisap-datacorrection\prereq-noisir-20_21\prereq-fisap-datacorrection@hp-noisir-20_21-registerclassandpostattendance-generictest.generictest" adapterTypeName="executor://orderedtestadapter/v1" className="c:\agt6\_work\6\a\api\environment\regapiautomation\testdata\fisap-datacorrection\prereq-noisir-20_21\prereq-fisap-datacorrection@hp-noisir-20_21-registerclassandpostattendance-generictest" name="prereq-fisap-datacorrection@hp-noisir-20_21-registerclassandpostattendance-generictest" />
    </UnitTest>
    <UnitTest name="prereq-fisap-datacorrection@invalidtransid-20_21-postpaymentledgercard-generictest" storage="c:\agt6\_work\6\a\api\environment\regapiautomation\testdata\fisap-datacorrection\prereq-invalidtransid-20_21\prereq-fisap-datacorrection@invalidtransid-20_21-postpaymentledgercard-generictest.generictest" id="68ca004c-8929-4dbc-acf9-b573475e98b8">
      <Execution id="5e969b5b-b3ff-41ab-ba9d-1755cd02b9e0" parentId="974e42be-1ae7-4083-84f3-e5188d755a0a" />
      <TestMethod codeBase="c:\agt6\_work\6\a\api\environment\regapiautomation\testdata\fisap-datacorrection\prereq-invalidtransid-20_21\prereq-fisap-datacorrection@invalidtransid-20_21-postpaymentledgercard-generictest.generictest" adapterTypeName="executor://orderedtestadapter/v1" className="c:\agt6\_work\6\a\api\environment\regapiautomation\testdata\fisap-datacorrection\prereq-invalidtransid-20_21\prereq-fisap-datacorrection@invalidtransid-20_21-postpaymentledgercard-generictest" name="prereq-fisap-datacorrection@invalidtransid-20_21-postpaymentledgercard-generictest" />
    </UnitTest>
    <UnitTest name="fisap-datacorrection@noteligible-seog-20_21-generictest" storage="c:\agt6\_work\6\a\api\environment\regapiautomation\testdata\fisap-datacorrection\fisap-datacorrection@noteligible-seog-20_21-generictest.generictest" id="231b4867-1beb-48a0-89a9-9de471389bf0">
      <Execution id="f82e4dfb-5ca2-428c-8ae1-aabbe4c9fa01" parentId="02fb9329-2db5-4c5c-83c0-929721f070b4" />
      <TestMethod codeBase="c:\agt6\_work\6\a\api\environment\regapiautomation\testdata\fisap-datacorrection\fisap-datacorrection@noteligible-seog-20_21-generictest.generictest" adapterTypeName="executor://orderedtestadapter/v1" className="c:\agt6\_work\6\a\api\environment\regapiautomation\testdata\fisap-datacorrection\fisap-datacorrection@noteligible-seog-20_21-generictest" name="fisap-datacorrection@noteligible-seog-20_21-generictest" />
    </UnitTest>
    <UnitTest name="prereq-sscr-enrollmentreporting@hp-export-registerclassandpostattendance-generictest" storage="c:\agt6\_work\6\a\api\environment\regapiautomation\testdata\sscr-enrollmentreporting\prereq\prereq-sscr-enrollmentreporting@hp-export-registerclassandpostattendance-generictest.generictest" id="4fb6edcf-1e0e-4cc6-aea3-9a3c6eead732">
      <Execution id="7a14adfc-70d5-4a8a-9f3d-2baf4bbbfa37" parentId="d8dcc998-0708-4ed1-b4f9-e688748f8540" />
      <TestMethod codeBase="c:\agt6\_work\6\a\api\environment\regapiautomation\testdata\sscr-enrollmentreporting\prereq\prereq-sscr-enrollmentreporting@hp-export-registerclassandpostattendance-generictest.generictest" adapterTypeName="executor://orderedtestadapter/v1" className="c:\agt6\_work\6\a\api\environment\regapiautomation\testdata\sscr-enrollmentreporting\prereq\prereq-sscr-enrollmentreporting@hp-export-registerclassandpostattendance-generictest" name="prereq-sscr-enrollmentreporting@hp-export-registerclassandpostattendance-generictest" />
    </UnitTest>
    <UnitTest name="prereq-fisap-datacorrection@report-variance-19_20-createstudent-generictest" storage="c:\agt6\_work\6\a\api\environment\regapiautomation\testdata\fisap-datacorrection\prereq-report-variance-19_20\prereq-fisap-datacorrection@report-variance-19_20-createstudent-generictest.generictest" id="7321673c-0110-45ae-b2a4-2dd372fd326e">
      <Execution id="e5ec38f2-28e8-41b8-8e69-cf1c45ef5506" parentId="9454772b-7cb9-4724-9fd5-34814095d14b" />
      <TestMethod codeBase="c:\agt6\_work\6\a\api\environment\regapiautomation\testdata\fisap-datacorrection\prereq-report-variance-19_20\prereq-fisap-datacorrection@report-variance-19_20-createstudent-generictest.generictest" adapterTypeName="executor://orderedtestadapter/v1" className="c:\agt6\_work\6\a\api\environment\regapiautomation\testdata\fisap-datacorrection\prereq-report-variance-19_20\prereq-fisap-datacorrection@report-variance-19_20-createstudent-generictest" name="prereq-fisap-datacorrection@report-variance-19_20-createstudent-generictest" />
    </UnitTest>
    <UnitTest name="prereq-fisap-datacorrection@report-summary-19_20-createstudent-generictest" storage="c:\agt6\_work\6\a\api\environment\regapiautomation\testdata\fisap-datacorrection\prereq-report-summary-19_20\prereq-fisap-datacorrection@report-summary-19_20-createstudent-generictest.generictest" id="40fc3844-03d6-49b4-9c3e-254598e977a5">
      <Execution id="44fc8d42-75f8-4b6e-b41e-de3f2eafe22e" parentId="aa45d248-d3be-4714-80a6-d8b03b78f18a" />
      <TestMethod codeBase="c:\agt6\_work\6\a\api\environment\regapiautomation\testdata\fisap-datacorrection\prereq-report-summary-19_20\prereq-fisap-datacorrection@report-summary-19_20-createstudent-generictest.generictest" adapterTypeName="executor://orderedtestadapter/v1" className="c:\agt6\_work\6\a\api\environment\regapiautomation\testdata\fisap-datacorrection\prereq-report-summary-19_20\prereq-fisap-datacorrection@report-summary-19_20-createstudent-generictest" name="prereq-fisap-datacorrection@report-summary-19_20-createstudent-generictest" />
    </UnitTest>
    <UnitTest name="prereq-appproc-subsidizedusageinformation-view@hp-createstudent-generictest" storage="c:\agt6\_work\6\a\api\environment\regapiautomation\testdata\subsidizedusage\prereq\prereq-appproc-subsidizedusageinformation-view@hp-createstudent-generictest.generictest" id="4be213eb-38e9-4642-9fe9-6f2a66312bf1">
      <Execution id="f8ec6f2c-d2ec-4447-b1ce-56cece1b1b2e" parentId="a9a1f5eb-8669-4a9c-b9ed-bbe09a2661a8" />
      <TestMethod codeBase="c:\agt6\_work\6\a\api\environment\regapiautomation\testdata\subsidizedusage\prereq\prereq-appproc-subsidizedusageinformation-view@hp-createstudent-generictest.generictest" adapterTypeName="executor://orderedtestadapter/v1" className="c:\agt6\_work\6\a\api\environment\regapiautomation\testdata\subsidizedusage\prereq\prereq-appproc-subsidizedusageinformation-view@hp-createstudent-generictest" name="prereq-appproc-subsidizedusageinformation-view@hp-createstudent-generictest" />
    </UnitTest>
    <UnitTest name="appproc-studentisir-corrections@hp-submit-generictest" storage="c:\agt6\_work\6\a\api\environment\regapiautomation\testdata\studentisir\appproc-studentisir-corrections@hp-submit-generictest.generictest" id="b69c1963-70e4-4759-9f98-e185892c0bd8">
      <Execution id="e2104b06-a466-4721-b03b-28815e4f1ccc" parentId="817f157e-ffed-462f-88e4-c65e1012c8cb" />
      <TestMethod codeBase="c:\agt6\_work\6\a\api\environment\regapiautomation\testdata\studentisir\appproc-studentisir-corrections@hp-submit-generictest.generictest" adapterTypeName="executor://orderedtestadapter/v1" className="c:\agt6\_work\6\a\api\environment\regapiautomation\testdata\studentisir\appproc-studentisir-corrections@hp-submit-generictest" name="appproc-studentisir-corrections@hp-submit-generictest" />
    </UnitTest>
    <UnitTest name="appproc-studentisir-corrections@hp-submit-21_22-generictest" storage="c:\agt6\_work\6\a\api\environment\regapiautomation\testdata\studentisir\appproc-studentisir-corrections@hp-submit-21_22-generictest.generictest" id="b69c1963-70e4-4759-9f98-e185892c0bd9">
      <Execution id="9ee49bec-f759-433e-b2f9-f1eb4baea1e2" parentId="92c277e4-69b2-4643-88f6-7d6d221107a3" />
      <TestMethod codeBase="c:\agt6\_work\6\a\api\environment\regapiautomation\testdata\studentisir\appproc-studentisir-corrections@hp-submit-21_22-generictest.generictest" adapterTypeName="executor://orderedtestadapter/v1" className="c:\agt6\_work\6\a\api\environment\regapiautomation\testdata\studentisir\appproc-studentisir-corrections@hp-submit-21_22-generictest" name="appproc-studentisir-corrections@hp-submit-21_22-generictest" />
    </UnitTest>
    <UnitTest name="prereq-fisap-datacorrection@report-detail-20_21-createstudent-generictest" storage="c:\agt6\_work\6\a\api\environment\regapiautomation\testdata\fisap-datacorrection\prereq-report-detail-20_21\prereq-fisap-datacorrection@report-detail-20_21-createstudent-generictest.generictest" id="241be051-5a9a-4cc4-a40b-eaeb4ad2254c">
      <Execution id="787efcc1-e3f4-4e77-bbba-3c227ed5500a" parentId="e4bc49c0-0d6c-4200-b587-34d08029f03b" />
      <TestMethod codeBase="c:\agt6\_work\6\a\api\environment\regapiautomation\testdata\fisap-datacorrection\prereq-report-detail-20_21\prereq-fisap-datacorrection@report-detail-20_21-createstudent-generictest.generictest" adapterTypeName="executor://orderedtestadapter/v1" className="c:\agt6\_work\6\a\api\environment\regapiautomation\testdata\fisap-datacorrection\prereq-report-detail-20_21\prereq-fisap-datacorrection@report-detail-20_21-createstudent-generictest" name="prereq-fisap-datacorrection@report-detail-20_21-createstudent-generictest" />
    </UnitTest>
    <UnitTest name="appproc-studentisir-verify@hp-acceptasverified-21_22-generictest" storage="c:\agt6\_work\6\a\api\environment\regapiautomation\testdata\studentisir\appproc-studentisir-verify@hp-acceptasverified-21_22-generictest.generictest" id="6342a375-ba20-48a6-8b2f-d59f64515d5c">
      <Execution id="bd3a079c-62f1-4ca9-9f69-2775e199442f" parentId="cbc55a14-6f06-452f-a4c3-ff3a5af6d327" />
      <TestMethod codeBase="c:\agt6\_work\6\a\api\environment\regapiautomation\testdata\studentisir\appproc-studentisir-verify@hp-acceptasverified-21_22-generictest.generictest" adapterTypeName="executor://orderedtestadapter/v1" className="c:\agt6\_work\6\a\api\environment\regapiautomation\testdata\studentisir\appproc-studentisir-verify@hp-acceptasverified-21_22-generictest" name="appproc-studentisir-verify@hp-acceptasverified-21_22-generictest" />
    </UnitTest>
    <UnitTest name="prereq-shoppingsheets-student@hp-print-enroll-20_21-generictest" storage="c:\agt6\_work\6\a\api\environment\regapiautomation\testdata\shoppingsheets\prereq-student-print-20-21\prereq-shoppingsheets-student@hp-print-enroll-20_21-generictest.generictest" id="6db8057f-ae0e-42ee-bf8e-8f10bd04cf1d">
      <Execution id="596f5bb3-f684-49ac-b29d-014ae515d3e4" parentId="e0f2e063-42f1-4b9c-a856-03e3a95f3e7c" />
      <TestMethod codeBase="c:\agt6\_work\6\a\api\environment\regapiautomation\testdata\shoppingsheets\prereq-student-print-20-21\prereq-shoppingsheets-student@hp-print-enroll-20_21-generictest.generictest" adapterTypeName="executor://orderedtestadapter/v1" className="c:\agt6\_work\6\a\api\environment\regapiautomation\testdata\shoppingsheets\prereq-student-print-20-21\prereq-shoppingsheets-student@hp-print-enroll-20_21-generictest" name="prereq-shoppingsheets-student@hp-print-enroll-20_21-generictest" />
    </UnitTest>
    <UnitTest name="prereq-shoppingsheets-student@hp-print-enroll-generictest" storage="c:\agt6\_work\6\a\api\environment\regapiautomation\testdata\shoppingsheets\prereq\prereq-shoppingsheets-student@hp-print-enroll-generictest.generictest" id="6db8057f-ae0e-42ee-bf8e-8f10bd04cf1c">
      <Execution id="f92410ab-e5a1-4708-b138-aa001d4baf04" parentId="1dc9e166-d7ca-41ee-8d6c-b5317b4ce4f1" />
      <TestMethod codeBase="c:\agt6\_work\6\a\api\environment\regapiautomation\testdata\shoppingsheets\prereq\prereq-shoppingsheets-student@hp-print-enroll-generictest.generictest" adapterTypeName="executor://orderedtestadapter/v1" className="c:\agt6\_work\6\a\api\environment\regapiautomation\testdata\shoppingsheets\prereq\prereq-shoppingsheets-student@hp-print-enroll-generictest" name="prereq-shoppingsheets-student@hp-print-enroll-generictest" />
    </UnitTest>
    <UnitTest name="prereq-fisap-datacorrection@noclasses-20_21-changestudentstatus-generictest" storage="c:\agt6\_work\6\a\api\environment\regapiautomation\testdata\fisap-datacorrection\prereq-noclasses-20_21\prereq-fisap-datacorrection@noclasses-20_21-changestudentstatus-generictest.generictest" id="a13e5944-1357-4d8d-ac4e-c40b30fab4b1">
      <Execution id="0b57ebb8-fdb0-4cfb-9d0e-4cee1fb4cc9a" parentId="b76deeda-7a4f-4611-b3f9-e8f5ad920870" />
      <TestMethod codeBase="c:\agt6\_work\6\a\api\environment\regapiautomation\testdata\fisap-datacorrection\prereq-noclasses-20_21\prereq-fisap-datacorrection@noclasses-20_21-changestudentstatus-generictest.generictest" adapterTypeName="executor://orderedtestadapter/v1" className="c:\agt6\_work\6\a\api\environment\regapiautomation\testdata\fisap-datacorrection\prereq-noclasses-20_21\prereq-fisap-datacorrection@noclasses-20_21-changestudentstatus-generictest" name="prereq-fisap-datacorrection@noclasses-20_21-changestudentstatus-generictest" />
    </UnitTest>
    <UnitTest name="prereq-fisap-datacorrection@invalidtransid-19_20-registerclassandpostattendance-generictest" storage="c:\agt6\_work\6\a\api\environment\regapiautomation\testdata\fisap-datacorrection\prereq-invalidtransid-19_20\prereq-fisap-datacorrection@invalidtransid-19_20-registerclassandpostattendance-generictest.generictest" id="60cde5a2-b74b-44a5-a608-03a8d2719416">
      <Execution id="e748bf57-68b0-49fb-aa3d-8d59037d538f" parentId="ee0af9ad-87c1-4def-ba51-b7af8c54b6fa" />
      <TestMethod codeBase="c:\agt6\_work\6\a\api\environment\regapiautomation\testdata\fisap-datacorrection\prereq-invalidtransid-19_20\prereq-fisap-datacorrection@invalidtransid-19_20-registerclassandpostattendance-generictest.generictest" adapterTypeName="executor://orderedtestadapter/v1" className="c:\agt6\_work\6\a\api\environment\regapiautomation\testdata\fisap-datacorrection\prereq-invalidtransid-19_20\prereq-fisap-datacorrection@invalidtransid-19_20-registerclassandpostattendance-generictest" name="prereq-fisap-datacorrection@invalidtransid-19_20-registerclassandpostattendance-generictest" />
    </UnitTest>
    <UnitTest name="prereq-fisap-datacorrection@noclasses-19_20-updatebudgetforacademicyearforpackaging-generictest" storage="c:\agt6\_work\6\a\api\environment\regapiautomation\testdata\fisap-datacorrection\prereq-noclasses-19_20\prereq-fisap-datacorrection@noclasses-19_20-updatebudgetforacademicyearforpackaging-generictest.generictest" id="50a9d364-e996-4744-a630-90f09bb96893">
      <Execution id="bece8588-b231-4d58-966f-826e4cfee4b5" parentId="6ee7da16-d39c-4948-b9eb-4981a8ea6714" />
      <TestMethod codeBase="c:\agt6\_work\6\a\api\environment\regapiautomation\testdata\fisap-datacorrection\prereq-noclasses-19_20\prereq-fisap-datacorrection@noclasses-19_20-updatebudgetforacademicyearforpackaging-generictest.generictest" adapterTypeName="executor://orderedtestadapter/v1" className="c:\agt6\_work\6\a\api\environment\regapiautomation\testdata\fisap-datacorrection\prereq-noclasses-19_20\prereq-fisap-datacorrection@noclasses-19_20-updatebudgetforacademicyearforpackaging-generictest" name="prereq-fisap-datacorrection@noclasses-19_20-updatebudgetforacademicyearforpackaging-generictest" />
    </UnitTest>
    <UnitTest name="prereq-fisap-datacorrection@unkenrollstatus-20_21-registerclassandpostattendance-generictest" storage="c:\agt6\_work\6\a\api\environment\regapiautomation\testdata\fisap-datacorrection\prereq-unkenrollstatus-20_21\prereq-fisap-datacorrection@unkenrollstatus-20_21-registerclassandpostattendance-generictest.generictest" id="37b0bde0-af17-4d60-a5e2-9c0454137bc9">
      <Execution id="aeb93345-c84d-45f2-be99-ce950a91e83e" parentId="f1d46cb3-877d-4953-828d-ac45b9c579e2" />
      <TestMethod codeBase="c:\agt6\_work\6\a\api\environment\regapiautomation\testdata\fisap-datacorrection\prereq-unkenrollstatus-20_21\prereq-fisap-datacorrection@unkenrollstatus-20_21-registerclassandpostattendance-generictest.generictest" adapterTypeName="executor://orderedtestadapter/v1" className="c:\agt6\_work\6\a\api\environment\regapiautomation\testdata\fisap-datacorrection\prereq-unkenrollstatus-20_21\prereq-fisap-datacorrection@unkenrollstatus-20_21-registerclassandpostattendance-generictest" name="prereq-fisap-datacorrection@unkenrollstatus-20_21-registerclassandpostattendance-generictest" />
    </UnitTest>
    <UnitTest name="prereq-fisap-datacorrection@invaliddepmodel-20_21-updatebudgetforacademicyearforpackaging" storage="c:\agt6\_work\6\a\api\environment\regapiautomation\testdata\fisap-datacorrection\prereq-invaliddepmodel-20_21\prereq-fisap-datacorrection@invaliddepmodel-20_21-updatebudgetforacademicyearforpackaging.generictest" id="2d2895b8-762e-46a7-8e56-b1ab46274830">
      <Execution id="edb4bcca-c3a6-46f1-bd9b-2777da63757a" parentId="904cd9df-22ae-4cf6-9821-5c23e51fbf49" />
      <TestMethod codeBase="c:\agt6\_work\6\a\api\environment\regapiautomation\testdata\fisap-datacorrection\prereq-invaliddepmodel-20_21\prereq-fisap-datacorrection@invaliddepmodel-20_21-updatebudgetforacademicyearforpackaging.generictest" adapterTypeName="executor://orderedtestadapter/v1" className="c:\agt6\_work\6\a\api\environment\regapiautomation\testdata\fisap-datacorrection\prereq-invaliddepmodel-20_21\prereq-fisap-datacorrection@invaliddepmodel-20_21-updatebudgetforacademicyearforpackaging" name="prereq-fisap-datacorrection@invaliddepmodel-20_21-updatebudgetforacademicyearforpackaging" />
    </UnitTest>
    <OrderedTest name="OT-07A-IPEDSCompletionSurvey" storage="c:\agt6\_work\6\a\api\orderedtest\ot-07a-ipedscompletionsurvey.orderedtest" id="db70eb3b-f5ce-4bf2-8761-ce74e0ffb6b6">
      <Execution id="17f7a4dd-0161-4e4c-84e9-062dda432156" />
      <TestLinks>
        <TestLink id="4abce5a7-8aac-44e5-b4ba-54c39cff5aca" name="prereq-ipedscompletionsurvey@hp-graduatestudentstatus-generictest" storage="c:\agt6\_work\6\a\api\environment\regapiautomation\testdata\ipeds\prereq\prereq-ipedscompletionsurvey@hp-graduatestudentstatus-generictest.generictest" />
        <TestLink id="df1e6033-b05a-42a1-9b8a-36572e27fd58" name="ipedscompletionsurvey@hp-generictest" storage="c:\agt6\_work\6\a\api\environment\regapiautomation\testdata\ipeds\ipedscompletionsurvey@hp-generictest.generictest" />
      </TestLinks>
    </OrderedTest>
    <UnitTest name="prereq-clearinghouse-export@hp-export-registerclassandpostattendance-generictest" storage="c:\agt6\_work\6\a\api\environment\regapiautomation\testdata\clearinghouseexport\prereq\prereq-clearinghouse-export@hp-export-registerclassandpostattendance-generictest.generictest" id="a52f971a-5cd8-4f73-bb19-2ad8d9f87b9d">
      <Execution id="7a1a6786-84c7-4d96-b645-d5f2b0a934a6" parentId="9333d4d9-6198-463e-a6dd-a3a4c0a7a69f" />
      <TestMethod codeBase="c:\agt6\_work\6\a\api\environment\regapiautomation\testdata\clearinghouseexport\prereq\prereq-clearinghouse-export@hp-export-registerclassandpostattendance-generictest.generictest" adapterTypeName="executor://orderedtestadapter/v1" className="c:\agt6\_work\6\a\api\environment\regapiautomation\testdata\clearinghouseexport\prereq\prereq-clearinghouse-export@hp-export-registerclassandpostattendance-generictest" name="prereq-clearinghouse-export@hp-export-registerclassandpostattendance-generictest" />
    </UnitTest>
    <UnitTest name="prereq-appproc-subsidizedusageinformation-view@hp-codimport-generictest" storage="c:\agt6\_work\6\a\api\environment\regapiautomation\testdata\subsidizedusage\prereq\prereq-appproc-subsidizedusageinformation-view@hp-codimport-generictest.generictest" id="97753765-48b1-4500-81bd-3b365ddb9ce2">
      <Execution id="bf89003e-80b3-412b-a6c2-f25bde00f592" parentId="a9a1f5eb-8669-4a9c-b9ed-bbe09a2661a8" />
      <TestMethod codeBase="c:\agt6\_work\6\a\api\environment\regapiautomation\testdata\subsidizedusage\prereq\prereq-appproc-subsidizedusageinformation-view@hp-codimport-generictest.generictest" adapterTypeName="executor://orderedtestadapter/v1" className="c:\agt6\_work\6\a\api\environment\regapiautomation\testdata\subsidizedusage\prereq\prereq-appproc-subsidizedusageinformation-view@hp-codimport-generictest" name="prereq-appproc-subsidizedusageinformation-view@hp-codimport-generictest" />
    </UnitTest>
    <UnitTest name="prereq-fisap-datacorrection@report-summary-20_21-awardgrantforpackaging-generictest" storage="c:\agt6\_work\6\a\api\environment\regapiautomation\testdata\fisap-datacorrection\prereq-report-summary-20_21\prereq-fisap-datacorrection@report-summary-20_21-awardgrantforpackaging-generictest.generictest" id="d2687bc2-640b-4279-baa6-7c1c549b06eb">
      <Execution id="aa6c1619-593f-4d63-bfa5-15212ebefd88" parentId="697f4704-c9e2-4f19-8fbf-e152e9f52a64" />
      <TestMethod codeBase="c:\agt6\_work\6\a\api\environment\regapiautomation\testdata\fisap-datacorrection\prereq-report-summary-20_21\prereq-fisap-datacorrection@report-summary-20_21-awardgrantforpackaging-generictest.generictest" adapterTypeName="executor://orderedtestadapter/v1" className="c:\agt6\_work\6\a\api\environment\regapiautomation\testdata\fisap-datacorrection\prereq-report-summary-20_21\prereq-fisap-datacorrection@report-summary-20_21-awardgrantforpackaging-generictest" name="prereq-fisap-datacorrection@report-summary-20_21-awardgrantforpackaging-generictest" />
    </UnitTest>
    <OrderedTest name="OT-05C-CODExceptions-Resolve-PN-21_22" storage="c:\agt6\_work\6\a\api\orderedtest\ot-05c-codexceptions-resolve-pn-21_22.orderedtest" id="3426e1b8-e63d-4e0a-97f0-deed17c472bb">
      <Execution id="e3b66657-a9f6-4472-a6cd-7f0a51b3a969" />
      <TestLinks>
        <TestLink id="199cf613-8fcc-4ff8-b330-6fea857f4619" name="prereq-cod-exceptions@resolve-award-pn-21_22-createstudent-generictest" storage="c:\agt6\_work\6\a\api\environment\regapiautomation\testdata\codexceptions\prereq-resolve-pn-21_22\prereq-cod-exceptions@resolve-award-pn-21_22-createstudent-generictest.generictest" />
        <TestLink id="5aa87472-099e-4d13-b713-c555c492ff45" name="prereq-cod-exceptions@resolve-award-pn-21_22-importisir-generictest" storage="c:\agt6\_work\6\a\api\environment\regapiautomation\testdata\codexceptions\prereq-resolve-pn-21_22\prereq-cod-exceptions@resolve-award-pn-21_22-importisir-generictest.generictest" />
        <TestLink id="7366db68-50a7-488c-8cd3-0a98cc393e1f" name="prereq-cod-exceptions@resolve-award-pn-21_22-enrollstudent-generictest" storage="c:\agt6\_work\6\a\api\environment\regapiautomation\testdata\codexceptions\prereq-resolve-pn-21_22\prereq-cod-exceptions@resolve-award-pn-21_22-enrollstudent-generictest.generictest" />
        <TestLink id="c94ddd41-e29e-4551-9b89-f5ad63ea5000" name="prereq-cod-exceptions@resolve-award-pn-21_22-updatebudgetforacademicyearforpackaging-generictest" storage="c:\agt6\_work\6\a\api\environment\regapiautomation\testdata\codexceptions\prereq-resolve-pn-21_22\prereq-cod-exceptions@resolve-award-pn-21_22-updatebudgetforacademicyearforpackaging-generictest.generictest" />
        <TestLink id="079e1f06-06c6-4170-866f-3945f425a915" name="prereq-cod-exceptions@resolve-award-pn-21_22-codimport-generictest" storage="c:\agt6\_work\6\a\api\environment\regapiautomation\testdata\codexceptions\prereq-resolve-pn-21_22\prereq-cod-exceptions@resolve-award-pn-21_22-codimport-generictest.generictest" />
        <TestLink id="d76b35fd-cc5a-4266-a416-2e375d280f77" name="codexceptions@resolve-award-pn-first-21_22-generictest" storage="c:\agt6\_work\6\a\api\environment\regapiautomation\testdata\codexceptions\codexceptions@resolve-award-pn-first-21_22-generictest.generictest" />
        <TestLink id="1f38c856-c574-465c-b9a0-d18316761b90" name="prereq-cod-exceptions@resolve-award-pn-21_22-awardloanforpackaging-generictest" storage="c:\agt6\_work\6\a\api\environment\regapiautomation\testdata\codexceptions\prereq-resolve-pn-21_22\prereq-cod-exceptions@resolve-award-pn-21_22-awardloanforpackaging-generictest.generictest" />
        <TestLink id="2b551c37-c223-4e21-87ba-3ce7e9d16af6" name="codexceptions@resolve-award-pn-second-21_22-generictest" storage="c:\agt6\_work\6\a\api\environment\regapiautomation\testdata\codexceptions\codexceptions@resolve-award-pn-second-21_22-generictest.generictest" />
      </TestLinks>
    </OrderedTest>
    <OrderedTest name="OT-02B-CODImport_RetryCancel" storage="c:\agt6\_work\6\a\api\orderedtest\ot-02b-codimport_retrycancel.orderedtest" id="fb344b63-89d5-44ac-94de-ede5d441c9ac">
      <Execution id="2b6b8356-a226-4ce3-a034-0315df417f0c" />
      <TestLinks>
        <TestLink id="30142765-be94-44b8-b86d-b98d649b63fc" name="codimport@retrycancelcodimport-generictest" storage="c:\agt6\_work\6\a\api\environment\regapiautomation\testdata\codimport\codimport@retrycancelcodimport-generictest.generictest" />
      </TestLinks>
    </OrderedTest>
    <UnitTest name="codimport@bn-21_22-generictest" storage="c:\agt6\_work\6\a\api\environment\regapiautomation\testdata\codimport\codimport@bn-21_22-generictest.generictest" id="d76b35fd-cc5a-4266-a416-2e375d280f79">
      <Execution id="e3dd98a6-0639-4e92-8af3-8f4dfdeb421e" parentId="05751b49-b3d2-420a-9fe7-b1bcfbcbfec2" />
      <TestMethod codeBase="c:\agt6\_work\6\a\api\environment\regapiautomation\testdata\codimport\codimport@bn-21_22-generictest.generictest" adapterTypeName="executor://orderedtestadapter/v1" className="c:\agt6\_work\6\a\api\environment\regapiautomation\testdata\codimport\codimport@bn-21_22-generictest" name="codimport@bn-21_22-generictest" />
    </UnitTest>
    <UnitTest name="codexceptions@delete-award-bn-21_22-generictest" storage="c:\agt6\_work\6\a\api\environment\regapiautomation\testdata\codexceptions\codexceptions@delete-award-bn-21_22-generictest.generictest" id="d76b35fd-cc5a-4266-a416-2e375d280f78">
      <Execution id="81111635-e83e-4f95-b4a5-25b8709aba7f" parentId="fb06118d-4b7c-4860-9fb7-bf491401fa76" />
      <TestMethod codeBase="c:\agt6\_work\6\a\api\environment\regapiautomation\testdata\codexceptions\codexceptions@delete-award-bn-21_22-generictest.generictest" adapterTypeName="executor://orderedtestadapter/v1" className="c:\agt6\_work\6\a\api\environment\regapiautomation\testdata\codexceptions\codexceptions@delete-award-bn-21_22-generictest" name="codexceptions@delete-award-bn-21_22-generictest" />
    </UnitTest>
    <UnitTest name="prereq-fisap-datacorrection@noclasses-19_20-importisir-generictest" storage="c:\agt6\_work\6\a\api\environment\regapiautomation\testdata\fisap-datacorrection\prereq-noclasses-19_20\prereq-fisap-datacorrection@noclasses-19_20-importisir-generictest.generictest" id="aa498f7a-d1c6-4d83-b471-72dfa04e605d">
      <Execution id="89a980a8-9961-4db5-8af0-16fd48406f8c" parentId="6ee7da16-d39c-4948-b9eb-4981a8ea6714" />
      <TestMethod codeBase="c:\agt6\_work\6\a\api\environment\regapiautomation\testdata\fisap-datacorrection\prereq-noclasses-19_20\prereq-fisap-datacorrection@noclasses-19_20-importisir-generictest.generictest" adapterTypeName="executor://orderedtestadapter/v1" className="c:\agt6\_work\6\a\api\environment\regapiautomation\testdata\fisap-datacorrection\prereq-noclasses-19_20\prereq-fisap-datacorrection@noclasses-19_20-importisir-generictest" name="prereq-fisap-datacorrection@noclasses-19_20-importisir-generictest" />
    </UnitTest>
    <UnitTest name="prereq-fisap-datacorrection@report-variance-20_21-awardgrantforpackaging-generictest" storage="c:\agt6\_work\6\a\api\environment\regapiautomation\testdata\fisap-datacorrection\prereq-report-variance-20_21\prereq-fisap-datacorrection@report-variance-20_21-awardgrantforpackaging-generictest.generictest" id="36cd1580-4e50-4bf4-8fc8-adf9cfc9f15c">
      <Execution id="e7ae40d4-c3d3-4a7b-974b-b680a4fc1c46" parentId="f9a3d65a-5cb6-438b-af3f-330a9ebc816d" />
      <TestMethod codeBase="c:\agt6\_work\6\a\api\environment\regapiautomation\testdata\fisap-datacorrection\prereq-report-variance-20_21\prereq-fisap-datacorrection@report-variance-20_21-awardgrantforpackaging-generictest.generictest" adapterTypeName="executor://orderedtestadapter/v1" className="c:\agt6\_work\6\a\api\environment\regapiautomation\testdata\fisap-datacorrection\prereq-report-variance-20_21\prereq-fisap-datacorrection@report-variance-20_21-awardgrantforpackaging-generictest" name="prereq-fisap-datacorrection@report-variance-20_21-awardgrantforpackaging-generictest" />
    </UnitTest>
    <UnitTest name="prereq-fisap-datacorrection@report-variance-19_20-enrollstudent-generictest" storage="c:\agt6\_work\6\a\api\environment\regapiautomation\testdata\fisap-datacorrection\prereq-report-variance-19_20\prereq-fisap-datacorrection@report-variance-19_20-enrollstudent-generictest.generictest" id="58a90e70-8f6b-4af2-906e-32eb52517b05">
      <Execution id="c9ace802-a6d5-4d44-93bb-c94f43b246f1" parentId="9454772b-7cb9-4724-9fd5-34814095d14b" />
      <TestMethod codeBase="c:\agt6\_work\6\a\api\environment\regapiautomation\testdata\fisap-datacorrection\prereq-report-variance-19_20\prereq-fisap-datacorrection@report-variance-19_20-enrollstudent-generictest.generictest" adapterTypeName="executor://orderedtestadapter/v1" className="c:\agt6\_work\6\a\api\environment\regapiautomation\testdata\fisap-datacorrection\prereq-report-variance-19_20\prereq-fisap-datacorrection@report-variance-19_20-enrollstudent-generictest" name="prereq-fisap-datacorrection@report-variance-19_20-enrollstudent-generictest" />
    </UnitTest>
    <UnitTest name="codexceptions@resolve-award-pn-first-21_22-generictest" storage="c:\agt6\_work\6\a\api\environment\regapiautomation\testdata\codexceptions\codexceptions@resolve-award-pn-first-21_22-generictest.generictest" id="d76b35fd-cc5a-4266-a416-2e375d280f77">
      <Execution id="1bdcc3af-36cf-46fb-aeaa-1775afd2cab4" parentId="e3b66657-a9f6-4472-a6cd-7f0a51b3a969" />
      <TestMethod codeBase="c:\agt6\_work\6\a\api\environment\regapiautomation\testdata\codexceptions\codexceptions@resolve-award-pn-first-21_22-generictest.generictest" adapterTypeName="executor://orderedtestadapter/v1" className="c:\agt6\_work\6\a\api\environment\regapiautomation\testdata\codexceptions\codexceptions@resolve-award-pn-first-21_22-generictest" name="codexceptions@resolve-award-pn-first-21_22-generictest" />
    </UnitTest>
    <UnitTest name="codexceptions@hp-resolve-award-bn-first-21_22-generictest" storage="c:\agt6\_work\6\a\api\environment\regapiautomation\testdata\codexceptions\codexceptions@hp-resolve-award-bn-first-21_22-generictest.generictest" id="d76b35fd-cc5a-4266-a416-2e375d280f76">
      <Execution id="6bad03c6-6d34-4a1d-a0e3-573011fdeaee" parentId="ac0cbf78-2e81-457a-b65b-fdc11e34bc33" />
      <TestMethod codeBase="c:\agt6\_work\6\a\api\environment\regapiautomation\testdata\codexceptions\codexceptions@hp-resolve-award-bn-first-21_22-generictest.generictest" adapterTypeName="executor://orderedtestadapter/v1" className="c:\agt6\_work\6\a\api\environment\regapiautomation\testdata\codexceptions\codexceptions@hp-resolve-award-bn-first-21_22-generictest" name="codexceptions@hp-resolve-award-bn-first-21_22-generictest" />
    </UnitTest>
    <UnitTest name="codexceptions@hp-resolve-award-bn-first-generictest" storage="c:\agt6\_work\6\a\api\environment\regapiautomation\testdata\codexceptions\codexceptions@hp-resolve-award-bn-first-generictest.generictest" id="d76b35fd-cc5a-4266-a416-2e375d280f74">
      <Execution id="c63badc5-bb52-42c0-98f6-35b540079535" parentId="a9bbf815-0cf2-4d0e-8149-403984943fdc" />
      <TestMethod codeBase="c:\agt6\_work\6\a\api\environment\regapiautomation\testdata\codexceptions\codexceptions@hp-resolve-award-bn-first-generictest.generictest" adapterTypeName="executor://orderedtestadapter/v1" className="c:\agt6\_work\6\a\api\environment\regapiautomation\testdata\codexceptions\codexceptions@hp-resolve-award-bn-first-generictest" name="codexceptions@hp-resolve-award-bn-first-generictest" />
    </UnitTest>
    <UnitTest name="prereq-fisap-datacorrection@resolvedep-20_21-postpaymentledgercard-generictest" storage="c:\agt6\_work\6\a\api\environment\regapiautomation\testdata\fisap-datacorrection\prereq-resolvedep-20_21\prereq-fisap-datacorrection@resolvedep-20_21-postpaymentledgercard-generictest.generictest" id="4fe457d7-070b-434a-b828-94bb38611d30">
      <Execution id="e645905f-fb39-48d5-b5f0-2d3b29f0379a" parentId="8b6a38b1-0ae6-4efa-8ba5-636ed1a71512" />
      <TestMethod codeBase="c:\agt6\_work\6\a\api\environment\regapiautomation\testdata\fisap-datacorrection\prereq-resolvedep-20_21\prereq-fisap-datacorrection@resolvedep-20_21-postpaymentledgercard-generictest.generictest" adapterTypeName="executor://orderedtestadapter/v1" className="c:\agt6\_work\6\a\api\environment\regapiautomation\testdata\fisap-datacorrection\prereq-resolvedep-20_21\prereq-fisap-datacorrection@resolvedep-20_21-postpaymentledgercard-generictest" name="prereq-fisap-datacorrection@resolvedep-20_21-postpaymentledgercard-generictest" />
    </UnitTest>
    <UnitTest name="fisap-datacorrection@invaliddepmodel-19_20-generictest" storage="c:\agt6\_work\6\a\api\environment\regapiautomation\testdata\fisap-datacorrection\fisap-datacorrection@invaliddepmodel-19_20-generictest.generictest" id="aa0cb258-763f-4117-874c-f720a013fd32">
      <Execution id="ae48be67-1513-401c-97d3-547cc4039c56" parentId="35e8c6e1-78c0-4502-84a9-903cb54d4268" />
      <TestMethod codeBase="c:\agt6\_work\6\a\api\environment\regapiautomation\testdata\fisap-datacorrection\fisap-datacorrection@invaliddepmodel-19_20-generictest.generictest" adapterTypeName="executor://orderedtestadapter/v1" className="c:\agt6\_work\6\a\api\environment\regapiautomation\testdata\fisap-datacorrection\fisap-datacorrection@invaliddepmodel-19_20-generictest" name="fisap-datacorrection@invaliddepmodel-19_20-generictest" />
    </UnitTest>
    <OrderedTest name="OT-10Q-CollegeFinancePlan-Student-Grad-All-Print-21_22" storage="c:\agt6\_work\6\a\api\orderedtest\ot-10q-collegefinanceplan-student-grad-all-print-21_22.orderedtest" id="62a595d3-4c48-4ddf-a9ab-2affd47a2eac">
      <Execution id="9d633ace-58cb-40e0-bb9b-d8b00dd4fdd9" />
      <TestLinks>
        <TestLink id="c4ce48df-bba4-4f47-b69d-ee33d1981eb1" name="prereq-collegefinanceplan@grad-all-print-21_22-createstudent-generictest" storage="c:\agt6\_work\6\a\api\environment\regapiautomation\testdata\shoppingsheets\prereq-student-grad-all-print-21_22\prereq-collegefinanceplan@grad-all-print-21_22-createstudent-generictest.generictest" />
        <TestLink id="6d5c09d2-046f-4dae-8858-41fa0be1c3dc" name="prereq-collegefinanceplan@grad-all-print-21_22-importisir-generictest" storage="c:\agt6\_work\6\a\api\environment\regapiautomation\testdata\shoppingsheets\prereq-student-grad-all-print-21_22\prereq-collegefinanceplan@grad-all-print-21_22-importisir-generictest.generictest" />
        <TestLink id="fa0959fe-e713-4e38-aad8-1fb3aa0e25fb" name="prereq-collegefinanceplan@grad-all-print-21_22-enrollstudent-generictest" storage="c:\agt6\_work\6\a\api\environment\regapiautomation\testdata\shoppingsheets\prereq-student-grad-all-print-21_22\prereq-collegefinanceplan@grad-all-print-21_22-enrollstudent-generictest.generictest" />
        <TestLink id="e1204454-f111-420f-9994-8229d7f3a43d" name="prereq-collegefinanceplan@grad-all-print-21_22-updatebudgetforacademicyearforpackaging-generictest" storage="c:\agt6\_work\6\a\api\environment\regapiautomation\testdata\shoppingsheets\prereq-student-grad-all-print-21_22\prereq-collegefinanceplan@grad-all-print-21_22-updatebudgetforacademicyearforpackaging-generictest.generictest" />
        <TestLink id="c958152b-26ac-4f4b-9276-5d8e2d52bf81" name="prereq-collegefinanceplan@grad-all-print-21_22-awardgrantorloanforpackaging-generictest" storage="c:\agt6\_work\6\a\api\environment\regapiautomation\testdata\shoppingsheets\prereq-student-grad-all-print-21_22\prereq-collegefinanceplan@grad-all-print-21_22-awardgrantorloanforpackaging-generictest.generictest" />
        <TestLink id="139e63b3-2051-4895-a8f4-3f57b30db4ec" name="prereq-collegefinanceplan@grad-all-print-21_22-awardloanforpackaging-generictest" storage="c:\agt6\_work\6\a\api\environment\regapiautomation\testdata\shoppingsheets\prereq-student-grad-all-print-21_22\prereq-collegefinanceplan@grad-all-print-21_22-awardloanforpackaging-generictest.generictest" />
        <TestLink id="a5b1608e-9501-4d96-b719-2198d87de7d0" name="collegefinanceplan-student@grad-all-print-21_22" storage="c:\agt6\_work\6\a\api\environment\regapiautomation\testdata\shoppingsheets\collegefinanceplan-student@grad-all-print-21_22.generictest" />
      </TestLinks>
    </OrderedTest>
    <UnitTest name="prereq-fisap-datacorrection@report-summary-20_21-changestudentstatus-generictest" storage="c:\agt6\_work\6\a\api\environment\regapiautomation\testdata\fisap-datacorrection\prereq-report-summary-20_21\prereq-fisap-datacorrection@report-summary-20_21-changestudentstatus-generictest.generictest" id="a8c8f6f0-6161-44ab-a164-d96346277b81">
      <Execution id="83626397-84e1-4338-8488-74cf1453347e" parentId="697f4704-c9e2-4f19-8fbf-e152e9f52a64" />
      <TestMethod codeBase="c:\agt6\_work\6\a\api\environment\regapiautomation\testdata\fisap-datacorrection\prereq-report-summary-20_21\prereq-fisap-datacorrection@report-summary-20_21-changestudentstatus-generictest.generictest" adapterTypeName="executor://orderedtestadapter/v1" className="c:\agt6\_work\6\a\api\environment\regapiautomation\testdata\fisap-datacorrection\prereq-report-summary-20_21\prereq-fisap-datacorrection@report-summary-20_21-changestudentstatus-generictest" name="prereq-fisap-datacorrection@report-summary-20_21-changestudentstatus-generictest" />
    </UnitTest>
    <OrderedTest name="OT-01-CODExport_18-19" storage="c:\agt6\_work\6\a\api\orderedtest\ot-01-codexport_18-19.orderedtest" id="741de36e-70c2-4275-94a0-843ec0c4b30a">
      <Execution id="ceba3cfb-f8cb-422b-acab-d09e7e4412a4" />
      <TestLinks>
        <TestLink id="272214a2-ee76-404d-bb03-2102acca9695" name="prereq-codexport@hp_18-19-createstudent-generictest" storage="c:\agt6\_work\6\a\api\environment\regapiautomation\testdata\codexport\prereq_18-19\prereq-codexport@hp_18-19-createstudent-generictest.generictest" />
        <TestLink id="e4e7906e-bb80-425d-8871-e23fea3d625f" name="prereq-codexport@hp_18-19-importisir-generictest" storage="c:\agt6\_work\6\a\api\environment\regapiautomation\testdata\codexport\prereq_18-19\prereq-codexport@hp_18-19-importisir-generictest.generictest" />
        <TestLink id="7ebbd344-c3ff-483d-9bb4-8ecc590d1b58" name="prereq-codexport@hp_18-19-enrollstudent-generictest" storage="c:\agt6\_work\6\a\api\environment\regapiautomation\testdata\codexport\prereq_18-19\prereq-codexport@hp_18-19-enrollstudent-generictest.generictest" />
        <TestLink id="ff3d5617-e7f0-47d7-b4e4-194528b145d8" name="prereq-codexport@hp_18-19-updatebudgetforacademicyearforpackaging-generictest" storage="c:\agt6\_work\6\a\api\environment\regapiautomation\testdata\codexport\prereq_18-19\prereq-codexport@hp_18-19-updatebudgetforacademicyearforpackaging-generictest.generictest" />
        <TestLink id="97335ec2-4a99-4833-b972-ab48ff700312" name="prereq-codexport@hp_18-19-awardgrantorloanforpackaging.newman-generictest" storage="c:\agt6\_work\6\a\api\environment\regapiautomation\testdata\codexport\prereq_18-19\prereq-codexport@hp_18-19-awardgrantorloanforpackaging.newman-generictest.generictest" />
        <TestLink id="55b58fea-e99d-49f4-9ed0-098603b1ac79" name="cod-export@hp-export_18-19-generictest" storage="c:\agt6\_work\6\a\api\environment\regapiautomation\testdata\codexport\cod-export@hp-export_18-19-generictest.generictest" />
      </TestLinks>
    </OrderedTest>
    <OrderedTest name="OT-12B-StudentIsir.AcceptAsVerified" storage="c:\agt6\_work\6\a\api\orderedtest\ot-12b-studentisir.acceptasverified.orderedtest" id="1d6c875d-d311-4533-bc7a-5096e264a4a8">
      <Execution id="cd39c91b-6fc0-45ed-ad11-b03b8ed6c86f" />
      <TestLinks>
        <TestLink id="8ceb741b-65c2-400f-afcc-df59b8397f18" name="appproc-studentisir-verify@hp-acceptasverified-generictest" storage="c:\agt6\_work\6\a\api\environment\regapiautomation\testdata\studentisir\appproc-studentisir-verify@hp-acceptasverified-generictest.generictest" />
      </TestLinks>
    </OrderedTest>
    <UnitTest name="fisap-datacorrection@report-detail-20_21-generictest" storage="c:\agt6\_work\6\a\api\environment\regapiautomation\testdata\fisap-datacorrection\fisap-datacorrection@report-detail-20_21-generictest.generictest" id="32da9a91-5394-4875-b7d4-d42b6adef017">
      <Execution id="890d070e-c65f-4c00-93aa-618c05ae1d41" parentId="e4bc49c0-0d6c-4200-b587-34d08029f03b" />
      <TestMethod codeBase="c:\agt6\_work\6\a\api\environment\regapiautomation\testdata\fisap-datacorrection\fisap-datacorrection@report-detail-20_21-generictest.generictest" adapterTypeName="executor://orderedtestadapter/v1" className="c:\agt6\_work\6\a\api\environment\regapiautomation\testdata\fisap-datacorrection\fisap-datacorrection@report-detail-20_21-generictest" name="fisap-datacorrection@report-detail-20_21-generictest" />
    </UnitTest>
    <UnitTest name="prereq-fisap-datacorrection@report-variance-19_20-seteffectivedate-generictest" storage="c:\agt6\_work\6\a\api\environment\regapiautomation\testdata\fisap-datacorrection\prereq-report-variance-19_20\prereq-fisap-datacorrection@report-variance-19_20-seteffectivedate-generictest.generictest" id="fb03a231-8927-401d-a22b-e25aba1ee768">
      <Execution id="85e97141-6d38-4994-902c-46b10ca001d9" parentId="9454772b-7cb9-4724-9fd5-34814095d14b" />
      <TestMethod codeBase="c:\agt6\_work\6\a\api\environment\regapiautomation\testdata\fisap-datacorrection\prereq-report-variance-19_20\prereq-fisap-datacorrection@report-variance-19_20-seteffectivedate-generictest.generictest" adapterTypeName="executor://orderedtestadapter/v1" className="c:\agt6\_work\6\a\api\environment\regapiautomation\testdata\fisap-datacorrection\prereq-report-variance-19_20\prereq-fisap-datacorrection@report-variance-19_20-seteffectivedate-generictest" name="prereq-fisap-datacorrection@report-variance-19_20-seteffectivedate-generictest" />
    </UnitTest>
    <UnitTest name="prereq-fisap-datacorrection@resolvedep-19_20-changestudentstatus-generictest" storage="c:\agt6\_work\6\a\api\environment\regapiautomation\testdata\fisap-datacorrection\prereq-resolvedep-19_20\prereq-fisap-datacorrection@resolvedep-19_20-changestudentstatus-generictest.generictest" id="c71f9e20-ac87-4aff-b18b-ec2f679c1320">
      <Execution id="62df548d-367b-46ca-b38a-41fe1f6f45b5" parentId="ba8c0425-1a9e-43f4-bc5d-07922547af4a" />
      <TestMethod codeBase="c:\agt6\_work\6\a\api\environment\regapiautomation\testdata\fisap-datacorrection\prereq-resolvedep-19_20\prereq-fisap-datacorrection@resolvedep-19_20-changestudentstatus-generictest.generictest" adapterTypeName="executor://orderedtestadapter/v1" className="c:\agt6\_work\6\a\api\environment\regapiautomation\testdata\fisap-datacorrection\prereq-resolvedep-19_20\prereq-fisap-datacorrection@resolvedep-19_20-changestudentstatus-generictest" name="prereq-fisap-datacorrection@resolvedep-19_20-changestudentstatus-generictest" />
    </UnitTest>
    <UnitTest name="prereq-ipedscompletionsurvey@hp-createstudent-generictest" storage="c:\agt6\_work\6\a\api\environment\regapiautomation\testdata\ipeds\prereq\prereq-ipedscompletionsurvey@hp-createstudent-generictest.generictest" id="01c279c9-e9c6-4e3c-9506-7840eeb80c32">
      <Execution id="38e3bdb7-706b-481a-adbd-ae39909f8ffd" parentId="ab133d41-e473-4216-ab68-0f3ac43f219e" />
      <TestMethod codeBase="c:\agt6\_work\6\a\api\environment\regapiautomation\testdata\ipeds\prereq\prereq-ipedscompletionsurvey@hp-createstudent-generictest.generictest" adapterTypeName="executor://orderedtestadapter/v1" className="c:\agt6\_work\6\a\api\environment\regapiautomation\testdata\ipeds\prereq\prereq-ipedscompletionsurvey@hp-createstudent-generictest" name="prereq-ipedscompletionsurvey@hp-createstudent-generictest" />
    </UnitTest>
    <UnitTest name="prereq-fisap-datacorrection@report-detail-19_20-awardgrantforpackaging-generictest" storage="c:\agt6\_work\6\a\api\environment\regapiautomation\testdata\fisap-datacorrection\prereq-report-detail-19_20\prereq-fisap-datacorrection@report-detail-19_20-awardgrantforpackaging-generictest.generictest" id="a17ffcde-ee16-4f94-96c5-5e98b2ee999b">
      <Execution id="a93a4a37-da3c-46f1-a865-57b8000cee8e" parentId="462763f0-55e1-45e0-adc5-7355d9f91d2c" />
      <TestMethod codeBase="c:\agt6\_work\6\a\api\environment\regapiautomation\testdata\fisap-datacorrection\prereq-report-detail-19_20\prereq-fisap-datacorrection@report-detail-19_20-awardgrantforpackaging-generictest.generictest" adapterTypeName="executor://orderedtestadapter/v1" className="c:\agt6\_work\6\a\api\environment\regapiautomation\testdata\fisap-datacorrection\prereq-report-detail-19_20\prereq-fisap-datacorrection@report-detail-19_20-awardgrantforpackaging-generictest" name="prereq-fisap-datacorrection@report-detail-19_20-awardgrantforpackaging-generictest" />
    </UnitTest>
    <UnitTest name="prereq-fisap-datacorrection@dependentgrad-20_21-importisir-generictest" storage="c:\agt6\_work\6\a\api\environment\regapiautomation\testdata\fisap-datacorrection\prereq-dependentgrad-20-21\prereq-fisap-datacorrection@dependentgrad-20_21-importisir-generictest.generictest" id="85bed093-2bfc-4f07-85f2-8c95f2075272">
      <Execution id="7ae02637-3f61-4bac-8e7b-fc2a3e73980f" parentId="87652423-fe9f-4484-a86f-fd7dd6794389" />
      <TestMethod codeBase="c:\agt6\_work\6\a\api\environment\regapiautomation\testdata\fisap-datacorrection\prereq-dependentgrad-20-21\prereq-fisap-datacorrection@dependentgrad-20_21-importisir-generictest.generictest" adapterTypeName="executor://orderedtestadapter/v1" className="c:\agt6\_work\6\a\api\environment\regapiautomation\testdata\fisap-datacorrection\prereq-dependentgrad-20-21\prereq-fisap-datacorrection@dependentgrad-20_21-importisir-generictest" name="prereq-fisap-datacorrection@dependentgrad-20_21-importisir-generictest" />
    </UnitTest>
    <UnitTest name="prereq-fisap-datacorrection@report-summary-20_21-importisir-generictest" storage="c:\agt6\_work\6\a\api\environment\regapiautomation\testdata\fisap-datacorrection\prereq-report-summary-20_21\prereq-fisap-datacorrection@report-summary-20_21-importisir-generictest.generictest" id="22cc65e5-93b8-4f58-8f55-3ce2306c49af">
      <Execution id="c33e4552-0894-4aa7-afd5-4459a2c6e2fe" parentId="697f4704-c9e2-4f19-8fbf-e152e9f52a64" />
      <TestMethod codeBase="c:\agt6\_work\6\a\api\environment\regapiautomation\testdata\fisap-datacorrection\prereq-report-summary-20_21\prereq-fisap-datacorrection@report-summary-20_21-importisir-generictest.generictest" adapterTypeName="executor://orderedtestadapter/v1" className="c:\agt6\_work\6\a\api\environment\regapiautomation\testdata\fisap-datacorrection\prereq-report-summary-20_21\prereq-fisap-datacorrection@report-summary-20_21-importisir-generictest" name="prereq-fisap-datacorrection@report-summary-20_21-importisir-generictest" />
    </UnitTest>
    <UnitTest name="collegefinanceplan-config@logoshortname-generictest" storage="c:\agt6\_work\6\a\api\environment\regapiautomation\testdata\shoppingsheets\collegefinanceplan-config@logoshortname-generictest.generictest" id="269c3626-b1c3-4de9-b5ef-da50fbdef608">
      <Execution id="48f82483-83d3-4318-960f-a4f7ae21b46b" parentId="7142d983-154f-4b27-ab8f-69a0e938c9fb" />
      <TestMethod codeBase="c:\agt6\_work\6\a\api\environment\regapiautomation\testdata\shoppingsheets\collegefinanceplan-config@logoshortname-generictest.generictest" adapterTypeName="executor://orderedtestadapter/v1" className="c:\agt6\_work\6\a\api\environment\regapiautomation\testdata\shoppingsheets\collegefinanceplan-config@logoshortname-generictest" name="collegefinanceplan-config@logoshortname-generictest" />
    </UnitTest>
    <UnitTest name="prereq-fisap-datacorrection@unkenrollstatus-20_21-enrollstudent-generictest" storage="c:\agt6\_work\6\a\api\environment\regapiautomation\testdata\fisap-datacorrection\prereq-unkenrollstatus-20_21\prereq-fisap-datacorrection@unkenrollstatus-20_21-enrollstudent-generictest.generictest" id="c2bcb34b-4421-4831-84cc-a0a4a94ea085">
      <Execution id="75875552-4738-4c51-b171-2f34b58dc87f" parentId="f1d46cb3-877d-4953-828d-ac45b9c579e2" />
      <TestMethod codeBase="c:\agt6\_work\6\a\api\environment\regapiautomation\testdata\fisap-datacorrection\prereq-unkenrollstatus-20_21\prereq-fisap-datacorrection@unkenrollstatus-20_21-enrollstudent-generictest.generictest" adapterTypeName="executor://orderedtestadapter/v1" className="c:\agt6\_work\6\a\api\environment\regapiautomation\testdata\fisap-datacorrection\prereq-unkenrollstatus-20_21\prereq-fisap-datacorrection@unkenrollstatus-20_21-enrollstudent-generictest" name="prereq-fisap-datacorrection@unkenrollstatus-20_21-enrollstudent-generictest" />
    </UnitTest>
    <UnitTest name="prereq-fisap-datacorrection@columnc-19_20-createstudent-generictest" storage="c:\agt6\_work\6\a\api\environment\regapiautomation\testdata\fisap-datacorrection\prereq-columnc-19-20\prereq-fisap-datacorrection@columnc-19_20-createstudent-generictest.generictest" id="2a07fcc0-9779-42e4-adb8-91c88f90a941">
      <Execution id="c57be2d7-e552-42c5-a6fe-b4926ad3afe0" parentId="dc42fed8-ef16-4149-9bef-fb5f599cdf53" />
      <TestMethod codeBase="c:\agt6\_work\6\a\api\environment\regapiautomation\testdata\fisap-datacorrection\prereq-columnc-19-20\prereq-fisap-datacorrection@columnc-19_20-createstudent-generictest.generictest" adapterTypeName="executor://orderedtestadapter/v1" className="c:\agt6\_work\6\a\api\environment\regapiautomation\testdata\fisap-datacorrection\prereq-columnc-19-20\prereq-fisap-datacorrection@columnc-19_20-createstudent-generictest" name="prereq-fisap-datacorrection@columnc-19_20-createstudent-generictest" />
    </UnitTest>
    <UnitTest name="prereq-fisap-datacorrection@dependentgrad-19_20-createstudent-generictest" storage="c:\agt6\_work\6\a\api\environment\regapiautomation\testdata\fisap-datacorrection\prereq-dependentgrad-19-20\prereq-fisap-datacorrection@dependentgrad-19_20-createstudent-generictest.generictest" id="96458860-65b0-46ba-88c9-3f56a4f084cf">
      <Execution id="3efb0334-c3e3-492c-910f-81dbe132755f" parentId="1c1b619b-4924-43f3-bf75-e324043e3d97" />
      <TestMethod codeBase="c:\agt6\_work\6\a\api\environment\regapiautomation\testdata\fisap-datacorrection\prereq-dependentgrad-19-20\prereq-fisap-datacorrection@dependentgrad-19_20-createstudent-generictest.generictest" adapterTypeName="executor://orderedtestadapter/v1" className="c:\agt6\_work\6\a\api\environment\regapiautomation\testdata\fisap-datacorrection\prereq-dependentgrad-19-20\prereq-fisap-datacorrection@dependentgrad-19_20-createstudent-generictest" name="prereq-fisap-datacorrection@dependentgrad-19_20-createstudent-generictest" />
    </UnitTest>
    <UnitTest name="prereq-fisap-datacorrection@hp-createstudent-generictest" storage="c:\agt6\_work\6\a\api\environment\regapiautomation\testdata\fisap-datacorrection\prereq\prereq-fisap-datacorrection@hp-createstudent-generictest.generictest" id="4d99aa95-b116-4b1c-a343-b04b4eb4ed1a">
      <Execution id="48e7362a-11d3-41b1-80c6-d48be01c8209" parentId="91a4ca53-10d7-4540-9086-eb88b81d36c6" />
      <TestMethod codeBase="c:\agt6\_work\6\a\api\environment\regapiautomation\testdata\fisap-datacorrection\prereq\prereq-fisap-datacorrection@hp-createstudent-generictest.generictest" adapterTypeName="executor://orderedtestadapter/v1" className="c:\agt6\_work\6\a\api\environment\regapiautomation\testdata\fisap-datacorrection\prereq\prereq-fisap-datacorrection@hp-createstudent-generictest" name="prereq-fisap-datacorrection@hp-createstudent-generictest" />
    </UnitTest>
    <UnitTest name="prereq-fisap-datacorrection@noteligible-seog-20_21-updatebudgetforacademicyearforpackaging-generictest" storage="c:\agt6\_work\6\a\api\environment\regapiautomation\testdata\fisap-datacorrection\prereq-noteligible-seog-20-21\prereq-fisap-datacorrection@noteligible-seog-20_21-updatebudgetforacademicyearforpackaging-generictest.generictest" id="c484d781-41e6-4c60-84db-ec5342fe3736">
      <Execution id="1ee27a1b-89c1-4697-962b-5a123c78938a" parentId="02fb9329-2db5-4c5c-83c0-929721f070b4" />
      <TestMethod codeBase="c:\agt6\_work\6\a\api\environment\regapiautomation\testdata\fisap-datacorrection\prereq-noteligible-seog-20-21\prereq-fisap-datacorrection@noteligible-seog-20_21-updatebudgetforacademicyearforpackaging-generictest.generictest" adapterTypeName="executor://orderedtestadapter/v1" className="c:\agt6\_work\6\a\api\environment\regapiautomation\testdata\fisap-datacorrection\prereq-noteligible-seog-20-21\prereq-fisap-datacorrection@noteligible-seog-20_21-updatebudgetforacademicyearforpackaging-generictest" name="prereq-fisap-datacorrection@noteligible-seog-20_21-updatebudgetforacademicyearforpackaging-generictest" />
    </UnitTest>
    <UnitTest name="prereq-sscr-enrollmentreporting@hp-export-createstudent-generictest" storage="c:\agt6\_work\6\a\api\environment\regapiautomation\testdata\sscr-enrollmentreporting\prereq\prereq-sscr-enrollmentreporting@hp-export-createstudent-generictest.generictest" id="8b9713e2-8915-48fc-bd28-c8c43613151a">
      <Execution id="0dd86b1b-9141-4a3d-a4c4-b8d02516d52d" parentId="d8dcc998-0708-4ed1-b4f9-e688748f8540" />
      <TestMethod codeBase="c:\agt6\_work\6\a\api\environment\regapiautomation\testdata\sscr-enrollmentreporting\prereq\prereq-sscr-enrollmentreporting@hp-export-createstudent-generictest.generictest" adapterTypeName="executor://orderedtestadapter/v1" className="c:\agt6\_work\6\a\api\environment\regapiautomation\testdata\sscr-enrollmentreporting\prereq\prereq-sscr-enrollmentreporting@hp-export-createstudent-generictest" name="prereq-sscr-enrollmentreporting@hp-export-createstudent-generictest" />
    </UnitTest>
    <UnitTest name="prereq-fisap-datacorrection@noteligible-seog-20_21-changestudentstatus-generictest" storage="c:\agt6\_work\6\a\api\environment\regapiautomation\testdata\fisap-datacorrection\prereq-noteligible-seog-20-21\prereq-fisap-datacorrection@noteligible-seog-20_21-changestudentstatus-generictest.generictest" id="7a25fa5d-1d5a-4fda-a47c-513c092ae6f2">
      <Execution id="89bf4e21-44bb-4e71-8d11-ffbc0337db38" parentId="02fb9329-2db5-4c5c-83c0-929721f070b4" />
      <TestMethod codeBase="c:\agt6\_work\6\a\api\environment\regapiautomation\testdata\fisap-datacorrection\prereq-noteligible-seog-20-21\prereq-fisap-datacorrection@noteligible-seog-20_21-changestudentstatus-generictest.generictest" adapterTypeName="executor://orderedtestadapter/v1" className="c:\agt6\_work\6\a\api\environment\regapiautomation\testdata\fisap-datacorrection\prereq-noteligible-seog-20-21\prereq-fisap-datacorrection@noteligible-seog-20_21-changestudentstatus-generictest" name="prereq-fisap-datacorrection@noteligible-seog-20_21-changestudentstatus-generictest" />
    </UnitTest>
    <OrderedTest name="OT-06H-FISAP-ColumnC-19_20" storage="c:\agt6\_work\6\a\api\orderedtest\ot-06h-fisap-columnc-19_20.orderedtest" id="8f544bdd-3365-4373-bbef-abf94b6d70f9">
      <Execution id="dc42fed8-ef16-4149-9bef-fb5f599cdf53" />
      <TestLinks>
        <TestLink id="2a07fcc0-9779-42e4-adb8-91c88f90a941" name="prereq-fisap-datacorrection@columnc-19_20-createstudent-generictest" storage="c:\agt6\_work\6\a\api\environment\regapiautomation\testdata\fisap-datacorrection\prereq-columnc-19-20\prereq-fisap-datacorrection@columnc-19_20-createstudent-generictest.generictest" />
        <TestLink id="dc38b2b0-a466-4153-93e4-b164b652e4ad" name="prereq-fisap-datacorrection@columnc-19_20-importisir-generictest" storage="c:\agt6\_work\6\a\api\environment\regapiautomation\testdata\fisap-datacorrection\prereq-columnc-19-20\prereq-fisap-datacorrection@columnc-19_20-importisir-generictest.generictest" />
        <TestLink id="ba378e3c-3c32-4fb6-b2ff-8043c915e7d7" name="prereq-fisap-datacorrection@columnc-19_20-enrollstudent-generictest" storage="c:\agt6\_work\6\a\api\environment\regapiautomation\testdata\fisap-datacorrection\prereq-columnc-19-20\prereq-fisap-datacorrection@columnc-19_20-enrollstudent-generictest.generictest" />
        <TestLink id="56ac01b4-897e-4826-8922-33f9ef46fbbd" name="prereq-fisap-datacorrection@columnc-19_20-registerclassandpostattendance-generictest" storage="c:\agt6\_work\6\a\api\environment\regapiautomation\testdata\fisap-datacorrection\prereq-columnc-19-20\prereq-fisap-datacorrection@columnc-19_20-registerclassandpostattendance-generictest.generictest" />
        <TestLink id="b5deb619-7e9c-46f9-bb3d-6195db1443e2" name="fisap-datacorrection@columnc-19_20-generictest" storage="c:\agt6\_work\6\a\api\environment\regapiautomation\testdata\fisap-datacorrection\fisap-datacorrection@columnc-19_20-generictest.generictest" />
      </TestLinks>
    </OrderedTest>
    <UnitTest name="fisap-datacorrection@unkenrollstatus-19_20-generictest" storage="c:\agt6\_work\6\a\api\environment\regapiautomation\testdata\fisap-datacorrection\fisap-datacorrection@unkenrollstatus-19_20-generictest.generictest" id="56884647-1b9c-43c6-b5b6-6aac66429d94">
      <Execution id="52b3e944-ee90-401e-904a-797473b6934a" parentId="4ed0a644-67a2-46b0-8987-640fb8ec249c" />
      <TestMethod codeBase="c:\agt6\_work\6\a\api\environment\regapiautomation\testdata\fisap-datacorrection\fisap-datacorrection@unkenrollstatus-19_20-generictest.generictest" adapterTypeName="executor://orderedtestadapter/v1" className="c:\agt6\_work\6\a\api\environment\regapiautomation\testdata\fisap-datacorrection\fisap-datacorrection@unkenrollstatus-19_20-generictest" name="fisap-datacorrection@unkenrollstatus-19_20-generictest" />
    </UnitTest>
    <UnitTest name="collegefinanceplan-config@workstudy-21_22-generictest" storage="c:\agt6\_work\6\a\api\environment\regapiautomation\testdata\shoppingsheets\collegefinanceplan-config@workstudy-21_22-generictest.generictest" id="0288db0c-4a69-4135-87fc-4e2959d34122">
      <Execution id="d65c8db0-d634-48cb-8f4a-d2ea9ce69d6d" parentId="91c8cff2-3836-41ca-9be3-7febea5767b1" />
      <TestMethod codeBase="c:\agt6\_work\6\a\api\environment\regapiautomation\testdata\shoppingsheets\collegefinanceplan-config@workstudy-21_22-generictest.generictest" adapterTypeName="executor://orderedtestadapter/v1" className="c:\agt6\_work\6\a\api\environment\regapiautomation\testdata\shoppingsheets\collegefinanceplan-config@workstudy-21_22-generictest" name="collegefinanceplan-config@workstudy-21_22-generictest" />
    </UnitTest>
    <UnitTest name="prereq-fisap-datacorrection@columnd-20_21-importisir-generictest" storage="c:\agt6\_work\6\a\api\environment\regapiautomation\testdata\fisap-datacorrection\prereq-columnd-20-21\prereq-fisap-datacorrection@columnd-20_21-importisir-generictest.generictest" id="feda537e-91c8-448b-8b42-1d0d3a8def6d">
      <Execution id="f1290163-2ce4-4d47-8b40-7891abc64765" parentId="90c8c495-1b26-418f-b54f-aee0acdf5a94" />
      <TestMethod codeBase="c:\agt6\_work\6\a\api\environment\regapiautomation\testdata\fisap-datacorrection\prereq-columnd-20-21\prereq-fisap-datacorrection@columnd-20_21-importisir-generictest.generictest" adapterTypeName="executor://orderedtestadapter/v1" className="c:\agt6\_work\6\a\api\environment\regapiautomation\testdata\fisap-datacorrection\prereq-columnd-20-21\prereq-fisap-datacorrection@columnd-20_21-importisir-generictest" name="prereq-fisap-datacorrection@columnd-20_21-importisir-generictest" />
    </UnitTest>
    <OrderedTest name="OT-03F-ApplicationData-Export-Corrections-21_22" storage="c:\agt6\_work\6\a\api\orderedtest\ot-03f-applicationdata-export-corrections-21_22.orderedtest" id="c586056d-50db-4e40-961b-1090fb582a5b">
      <Execution id="b90254e2-b42d-458a-ba13-92fb914bc3fe" />
      <TestLinks>
        <TestLink id="91bb78a0-bd54-451f-b02f-23b3700ca25c" name="prereq-appproc-appdata-export@hp-corrections-21_22-generictest" storage="c:\agt6\_work\6\a\api\environment\regapiautomation\testdata\applicationdata\export\prereq-hp-corrections-21_22\prereq-appproc-appdata-export@hp-corrections-21_22-generictest.generictest" />
        <TestLink id="280f9537-8896-4bf9-924c-b1f356a48e21" name="appproc-appdata-export@hp-corrections-21_22-generictest" storage="c:\agt6\_work\6\a\api\environment\regapiautomation\testdata\applicationdata\export\appproc-appdata-export@hp-corrections-21_22-generictest.generictest" />
      </TestLinks>
    </OrderedTest>
    <UnitTest name="prereq-fisap-datacorrection@dependentgrad-20_21-changestudentstatus-generictest" storage="c:\agt6\_work\6\a\api\environment\regapiautomation\testdata\fisap-datacorrection\prereq-dependentgrad-20-21\prereq-fisap-datacorrection@dependentgrad-20_21-changestudentstatus-generictest.generictest" id="61b4d299-c5f1-4f0d-a587-eaf9080806e4">
      <Execution id="c305392b-1979-4fb5-aac1-b3a42b3b537e" parentId="87652423-fe9f-4484-a86f-fd7dd6794389" />
      <TestMethod codeBase="c:\agt6\_work\6\a\api\environment\regapiautomation\testdata\fisap-datacorrection\prereq-dependentgrad-20-21\prereq-fisap-datacorrection@dependentgrad-20_21-changestudentstatus-generictest.generictest" adapterTypeName="executor://orderedtestadapter/v1" className="c:\agt6\_work\6\a\api\environment\regapiautomation\testdata\fisap-datacorrection\prereq-dependentgrad-20-21\prereq-fisap-datacorrection@dependentgrad-20_21-changestudentstatus-generictest" name="prereq-fisap-datacorrection@dependentgrad-20_21-changestudentstatus-generictest" />
    </UnitTest>
    <UnitTest name="prereq-fisap-datacorrection@unkenrollstatus-19_20-seteffectivedate-generictest" storage="c:\agt6\_work\6\a\api\environment\regapiautomation\testdata\fisap-datacorrection\prereq-unkenrollstatus-19_20\prereq-fisap-datacorrection@unkenrollstatus-19_20-seteffectivedate-generictest.generictest" id="00272d9d-3ad0-48dd-9ed5-a0a8876744a6">
      <Execution id="1523b41c-6fab-4522-9206-0b2c39edfee8" parentId="4ed0a644-67a2-46b0-8987-640fb8ec249c" />
      <TestMethod codeBase="c:\agt6\_work\6\a\api\environment\regapiautomation\testdata\fisap-datacorrection\prereq-unkenrollstatus-19_20\prereq-fisap-datacorrection@unkenrollstatus-19_20-seteffectivedate-generictest.generictest" adapterTypeName="executor://orderedtestadapter/v1" className="c:\agt6\_work\6\a\api\environment\regapiautomation\testdata\fisap-datacorrection\prereq-unkenrollstatus-19_20\prereq-fisap-datacorrection@unkenrollstatus-19_20-seteffectivedate-generictest" name="prereq-fisap-datacorrection@unkenrollstatus-19_20-seteffectivedate-generictest" />
    </UnitTest>
    <UnitTest name="shoppingsheets-program@hp-all-print-20_21-generictest" storage="c:\agt6\_work\6\a\api\environment\regapiautomation\testdata\shoppingsheets\shoppingsheets-program@hp-all-print-20_21-generictest.generictest" id="f5c301ee-33e0-4a0a-8911-1ceef35345b5">
      <Execution id="ea2cf8f5-7f09-4cae-8ead-0e6df165a9f7" parentId="c6e97cef-6bcb-4c01-ba64-09d34dbc82e1" />
      <TestMethod codeBase="c:\agt6\_work\6\a\api\environment\regapiautomation\testdata\shoppingsheets\shoppingsheets-program@hp-all-print-20_21-generictest.generictest" adapterTypeName="executor://orderedtestadapter/v1" className="c:\agt6\_work\6\a\api\environment\regapiautomation\testdata\shoppingsheets\shoppingsheets-program@hp-all-print-20_21-generictest" name="shoppingsheets-program@hp-all-print-20_21-generictest" />
    </UnitTest>
    <UnitTest name="cod-export@create-grantdatarequest-multi-o-all-21_22" storage="c:\agt6\_work\6\a\api\environment\regapiautomation\testdata\codexport\cod-export@create-grantdatarequest-multi-o-all-21_22.generictest" id="a5bb8cdb-3dc6-4e77-8170-74b1738debed">
      <Execution id="6c6cb721-1284-4f7d-af5c-7645a78503c7" parentId="5adf10be-2ed4-4786-b2e1-ba1b0140d2e0" />
      <TestMethod codeBase="c:\agt6\_work\6\a\api\environment\regapiautomation\testdata\codexport\cod-export@create-grantdatarequest-multi-o-all-21_22.generictest" adapterTypeName="executor://orderedtestadapter/v1" className="c:\agt6\_work\6\a\api\environment\regapiautomation\testdata\codexport\cod-export@create-grantdatarequest-multi-o-all-21_22" name="cod-export@create-grantdatarequest-multi-o-all-21_22" />
    </UnitTest>
    <OrderedTest name="OT-09A-IsirPrint-id" storage="c:\agt6\_work\6\a\api\orderedtest\ot-09a-isirprint-id.orderedtest" id="3fc9ee59-c119-4dc8-b365-1b49ed9b245f">
      <Execution id="b949bb6c-fbc7-48b0-a321-ff7ca17aa84c" />
      <TestLinks>
        <TestLink id="ed32ceb4-834e-4cc6-a2b2-74dc76fb4ab6" name="appproc-isirprint@hp-isiridprint-generictest" storage="c:\agt6\_work\6\a\api\environment\regapiautomation\testdata\isirprint\appproc-isirprint@hp-isiridprint-generictest.generictest" />
      </TestLinks>
    </OrderedTest>
    <UnitTest name="prereq-fisap-datacorrection@report-detail-20_21-seteffectivedate-generictest" storage="c:\agt6\_work\6\a\api\environment\regapiautomation\testdata\fisap-datacorrection\prereq-report-detail-20_21\prereq-fisap-datacorrection@report-detail-20_21-seteffectivedate-generictest.generictest" id="53627ac5-ea39-40bc-8aa6-b08739614696">
      <Execution id="ef780125-51d4-465d-80b4-24ddea3db5d9" parentId="e4bc49c0-0d6c-4200-b587-34d08029f03b" />
      <TestMethod codeBase="c:\agt6\_work\6\a\api\environment\regapiautomation\testdata\fisap-datacorrection\prereq-report-detail-20_21\prereq-fisap-datacorrection@report-detail-20_21-seteffectivedate-generictest.generictest" adapterTypeName="executor://orderedtestadapter/v1" className="c:\agt6\_work\6\a\api\environment\regapiautomation\testdata\fisap-datacorrection\prereq-report-detail-20_21\prereq-fisap-datacorrection@report-detail-20_21-seteffectivedate-generictest" name="prereq-fisap-datacorrection@report-detail-20_21-seteffectivedate-generictest" />
    </UnitTest>
    <OrderedTest name="OT-10F-CollegeFinancePlan-Config-WorkStudy-21_22" storage="c:\agt6\_work\6\a\api\orderedtest\ot-10f-collegefinanceplan-config-workstudy-21_22.orderedtest" id="a3544fda-3f19-4721-95ce-55b509de2b11">
      <Execution id="91c8cff2-3836-41ca-9be3-7febea5767b1" />
      <TestLinks>
        <TestLink id="0288db0c-4a69-4135-87fc-4e2959d34122" name="collegefinanceplan-config@workstudy-21_22-generictest" storage="c:\agt6\_work\6\a\api\environment\regapiautomation\testdata\shoppingsheets\collegefinanceplan-config@workstudy-21_22-generictest.generictest" />
      </TestLinks>
    </OrderedTest>
    <UnitTest name="codimport@hp-generictest" storage="c:\agt6\_work\6\a\api\environment\regapiautomation\testdata\codimport\codimport@hp-generictest.generictest" id="bbc2aef8-2bd3-4a54-aa40-2cdabd5efc3f">
      <Execution id="d4a944d1-a6ff-4992-a4ce-6242ea9f9642" parentId="f73c1d31-982d-4299-979d-5e75a58a7144" />
      <TestMethod codeBase="c:\agt6\_work\6\a\api\environment\regapiautomation\testdata\codimport\codimport@hp-generictest.generictest" adapterTypeName="executor://orderedtestadapter/v1" className="c:\agt6\_work\6\a\api\environment\regapiautomation\testdata\codimport\codimport@hp-generictest" name="codimport@hp-generictest" />
    </UnitTest>
    <UnitTest name="prereq-fisap-datacorrection@unkenrollstatus-20_21-createstudent-generictest" storage="c:\agt6\_work\6\a\api\environment\regapiautomation\testdata\fisap-datacorrection\prereq-unkenrollstatus-20_21\prereq-fisap-datacorrection@unkenrollstatus-20_21-createstudent-generictest.generictest" id="4575a001-0841-42ca-af00-39880cff3d8d">
      <Execution id="2ca9bf0f-d358-43d5-999d-5783863f34c4" parentId="f1d46cb3-877d-4953-828d-ac45b9c579e2" />
      <TestMethod codeBase="c:\agt6\_work\6\a\api\environment\regapiautomation\testdata\fisap-datacorrection\prereq-unkenrollstatus-20_21\prereq-fisap-datacorrection@unkenrollstatus-20_21-createstudent-generictest.generictest" adapterTypeName="executor://orderedtestadapter/v1" className="c:\agt6\_work\6\a\api\environment\regapiautomation\testdata\fisap-datacorrection\prereq-unkenrollstatus-20_21\prereq-fisap-datacorrection@unkenrollstatus-20_21-createstudent-generictest" name="prereq-fisap-datacorrection@unkenrollstatus-20_21-createstudent-generictest" />
    </UnitTest>
    <UnitTest name="prereq-codexport@hp-updatebudgetforacademicyearforpackaging-generictest" storage="c:\agt6\_work\6\a\api\environment\regapiautomation\testdata\codexport\prereq\prereq-codexport@hp-updatebudgetforacademicyearforpackaging-generictest.generictest" id="c14b2afe-5a4a-49c6-ab8d-235785fb3daa">
      <Execution id="3781884c-411d-4765-9a74-99c96a0fa6aa" parentId="0889c9ce-a452-472a-a370-bce8c5448207" />
      <TestMethod codeBase="c:\agt6\_work\6\a\api\environment\regapiautomation\testdata\codexport\prereq\prereq-codexport@hp-updatebudgetforacademicyearforpackaging-generictest.generictest" adapterTypeName="executor://orderedtestadapter/v1" className="c:\agt6\_work\6\a\api\environment\regapiautomation\testdata\codexport\prereq\prereq-codexport@hp-updatebudgetforacademicyearforpackaging-generictest" name="prereq-codexport@hp-updatebudgetforacademicyearforpackaging-generictest" />
    </UnitTest>
    <OrderedTest name="OT-02D-CODImport.Loans-Grants-21_22" storage="c:\agt6\_work\6\a\api\orderedtest\ot-02d-codimport.loans-grants-21_22.orderedtest" id="ded44ab9-aaf0-4fc8-8841-e17cd858837f">
      <Execution id="b73d9078-0729-4052-9aa6-b99bdd18aa6f" />
      <TestLinks>
        <TestLink id="89959051-36d8-44e8-ab9d-f3cf124ef4a9" name="codimport@loans-grants-21_22-generictest" storage="c:\agt6\_work\6\a\api\environment\regapiautomation\testdata\codimport\codimport@loans-grants-21_22-generictest.generictest" />
      </TestLinks>
    </OrderedTest>
    <OrderedTest name="OT-06L-FISAP-NotEligible-SEOG-19_20" storage="c:\agt6\_work\6\a\api\orderedtest\ot-06l-fisap-noteligible-seog-19_20.orderedtest" id="05268c4f-2d7b-4928-a301-5bca96bc47cf">
      <Execution id="65d94a0f-318b-47d1-aafb-e5656a9b204c" />
      <TestLinks>
        <TestLink id="5c7611e9-4037-4d7f-bb5c-4a02988006b2" name="prereq-fisap-datacorrection@noteligible-seog-19_20-createstudent-generictest" storage="c:\agt6\_work\6\a\api\environment\regapiautomation\testdata\fisap-datacorrection\prereq-noteligible-seog-19-20\prereq-fisap-datacorrection@noteligible-seog-19_20-createstudent-generictest.generictest" />
        <TestLink id="d0705a0c-67ec-4506-a825-53ed129064c2" name="prereq-fisap-datacorrection@noteligible-seog-19_20-importisir-generictest" storage="c:\agt6\_work\6\a\api\environment\regapiautomation\testdata\fisap-datacorrection\prereq-noteligible-seog-19-20\prereq-fisap-datacorrection@noteligible-seog-19_20-importisir-generictest.generictest" />
        <TestLink id="fc0d760b-8be4-4dfa-89dc-f6123ba31cba" name="prereq-fisap-datacorrection@noteligible-seog-19_20-enrollstudent-generictest" storage="c:\agt6\_work\6\a\api\environment\regapiautomation\testdata\fisap-datacorrection\prereq-noteligible-seog-19-20\prereq-fisap-datacorrection@noteligible-seog-19_20-enrollstudent-generictest.generictest" />
        <TestLink id="7e078cf1-15f9-4d89-adaf-732e5e1e36b8" name="prereq-fisap-datacorrection@noteligible-seog-19_20-registerclassandpostattendance-generictest" storage="c:\agt6\_work\6\a\api\environment\regapiautomation\testdata\fisap-datacorrection\prereq-noteligible-seog-19-20\prereq-fisap-datacorrection@noteligible-seog-19_20-registerclassandpostattendance-generictest.generictest" />
        <TestLink id="457943b3-1c72-4016-8e4e-f1711e45f10f" name="prereq-fisap-datacorrection@noteligible-seog-19_20-updatebudgetforacademicyearforpackaging-generictest" storage="c:\agt6\_work\6\a\api\environment\regapiautomation\testdata\fisap-datacorrection\prereq-noteligible-seog-19-20\prereq-fisap-datacorrection@noteligible-seog-19_20-updatebudgetforacademicyearforpackaging-generictest.generictest" />
        <TestLink id="2239a91a-f3fd-438d-9e69-70c97372a12c" name="prereq-fisap-datacorrection@noteligible-seog-19_20-awardgrantforpackaging-generictest" storage="c:\agt6\_work\6\a\api\environment\regapiautomation\testdata\fisap-datacorrection\prereq-noteligible-seog-19-20\prereq-fisap-datacorrection@noteligible-seog-19_20-awardgrantforpackaging-generictest.generictest" />
        <TestLink id="05d30a23-8212-4e53-bf15-086faf0a406e" name="fisap-datacorrection@noteligible-seog-19_20-generictest" storage="c:\agt6\_work\6\a\api\environment\regapiautomation\testdata\fisap-datacorrection\fisap-datacorrection@noteligible-seog-19_20-generictest.generictest" />
      </TestLinks>
    </OrderedTest>
    <UnitTest name="prereq-fisap-datacorrection@invaliddepmodel-19_20-createstudent-generictest" storage="c:\agt6\_work\6\a\api\environment\regapiautomation\testdata\fisap-datacorrection\prereq-invaliddepmodel-19_20\prereq-fisap-datacorrection@invaliddepmodel-19_20-createstudent-generictest.generictest" id="cc1c403b-bebe-42b3-838c-16985e9744db">
      <Execution id="c8bd935a-331e-4115-827f-e2f825014c12" parentId="35e8c6e1-78c0-4502-84a9-903cb54d4268" />
      <TestMethod codeBase="c:\agt6\_work\6\a\api\environment\regapiautomation\testdata\fisap-datacorrection\prereq-invaliddepmodel-19_20\prereq-fisap-datacorrection@invaliddepmodel-19_20-createstudent-generictest.generictest" adapterTypeName="executor://orderedtestadapter/v1" className="c:\agt6\_work\6\a\api\environment\regapiautomation\testdata\fisap-datacorrection\prereq-invaliddepmodel-19_20\prereq-fisap-datacorrection@invaliddepmodel-19_20-createstudent-generictest" name="prereq-fisap-datacorrection@invaliddepmodel-19_20-createstudent-generictest" />
    </UnitTest>
    <UnitTest name="prereq-fisap-datacorrection@invaliddepmodel-19_20-postpaymentledgercard-generictest" storage="c:\agt6\_work\6\a\api\environment\regapiautomation\testdata\fisap-datacorrection\prereq-invaliddepmodel-19_20\prereq-fisap-datacorrection@invaliddepmodel-19_20-postpaymentledgercard-generictest.generictest" id="371fed0a-5eb4-41f2-a13d-ff1e30924ed8">
      <Execution id="a54ddbdd-4a6f-448f-87ac-492a0383df19" parentId="35e8c6e1-78c0-4502-84a9-903cb54d4268" />
      <TestMethod codeBase="c:\agt6\_work\6\a\api\environment\regapiautomation\testdata\fisap-datacorrection\prereq-invaliddepmodel-19_20\prereq-fisap-datacorrection@invaliddepmodel-19_20-postpaymentledgercard-generictest.generictest" adapterTypeName="executor://orderedtestadapter/v1" className="c:\agt6\_work\6\a\api\environment\regapiautomation\testdata\fisap-datacorrection\prereq-invaliddepmodel-19_20\prereq-fisap-datacorrection@invaliddepmodel-19_20-postpaymentledgercard-generictest" name="prereq-fisap-datacorrection@invaliddepmodel-19_20-postpaymentledgercard-generictest" />
    </UnitTest>
    <UnitTest name="prereq-fisap-datacorrection@noclasses-19_20-awardgrantforpackaging-generictest" storage="c:\agt6\_work\6\a\api\environment\regapiautomation\testdata\fisap-datacorrection\prereq-noclasses-19_20\prereq-fisap-datacorrection@noclasses-19_20-awardgrantforpackaging-generictest.generictest" id="89b70e74-a2a4-48f0-b14b-5422eb7afc1c">
      <Execution id="5d3d2c2d-eba7-4485-8b1e-180a33febc58" parentId="6ee7da16-d39c-4948-b9eb-4981a8ea6714" />
      <TestMethod codeBase="c:\agt6\_work\6\a\api\environment\regapiautomation\testdata\fisap-datacorrection\prereq-noclasses-19_20\prereq-fisap-datacorrection@noclasses-19_20-awardgrantforpackaging-generictest.generictest" adapterTypeName="executor://orderedtestadapter/v1" className="c:\agt6\_work\6\a\api\environment\regapiautomation\testdata\fisap-datacorrection\prereq-noclasses-19_20\prereq-fisap-datacorrection@noclasses-19_20-awardgrantforpackaging-generictest" name="prereq-fisap-datacorrection@noclasses-19_20-awardgrantforpackaging-generictest" />
    </UnitTest>
    <UnitTest name="prereq-codexport@hp_18-19-updatebudgetforacademicyearforpackaging-generictest" storage="c:\agt6\_work\6\a\api\environment\regapiautomation\testdata\codexport\prereq_18-19\prereq-codexport@hp_18-19-updatebudgetforacademicyearforpackaging-generictest.generictest" id="ff3d5617-e7f0-47d7-b4e4-194528b145d8">
      <Execution id="9b3494b7-9960-463f-8025-8786cb1fc504" parentId="ceba3cfb-f8cb-422b-acab-d09e7e4412a4" />
      <TestMethod codeBase="c:\agt6\_work\6\a\api\environment\regapiautomation\testdata\codexport\prereq_18-19\prereq-codexport@hp_18-19-updatebudgetforacademicyearforpackaging-generictest.generictest" adapterTypeName="executor://orderedtestadapter/v1" className="c:\agt6\_work\6\a\api\environment\regapiautomation\testdata\codexport\prereq_18-19\prereq-codexport@hp_18-19-updatebudgetforacademicyearforpackaging-generictest" name="prereq-codexport@hp_18-19-updatebudgetforacademicyearforpackaging-generictest" />
    </UnitTest>
    <OrderedTest name="OT-06C-FISAP-HP-NoIsir-19_20" storage="c:\agt6\_work\6\a\api\orderedtest\ot-06c-fisap-hp-noisir-19_20.orderedtest" id="07c8242a-e0f0-4eaa-9abf-c6da570678ed">
      <Execution id="ce3f5317-6a07-4aac-93c9-3ec841b3a9ce" />
      <TestLinks>
        <TestLink id="5621c363-3f64-425f-85e0-3ad95ae38126" name="prereq-fisap-datacorrection@noisir-createstudent-generictest" storage="c:\agt6\_work\6\a\api\environment\regapiautomation\testdata\fisap-datacorrection\prereq-noisir\prereq-fisap-datacorrection@noisir-createstudent-generictest.generictest" />
        <TestLink id="18ac6f18-3e19-4b48-8bca-8ba45984351e" name="prereq-fisap-datacorrection@noisir-enrollstudent-generictest" storage="c:\agt6\_work\6\a\api\environment\regapiautomation\testdata\fisap-datacorrection\prereq-noisir\prereq-fisap-datacorrection@noisir-enrollstudent-generictest.generictest" />
        <TestLink id="d51578b4-b379-42d6-893e-f80814f4dba0" name="prereq-fisap-datacorrection@noisir-registerclassandpostattendance-generictest" storage="c:\agt6\_work\6\a\api\environment\regapiautomation\testdata\fisap-datacorrection\prereq-noisir\prereq-fisap-datacorrection@noisir-registerclassandpostattendance-generictest.generictest" />
        <TestLink id="4a85c2f4-71dc-4b64-9cb2-f614dc35ec53" name="prereq-fisap-datacorrection@noisir-updatebudgetforacademicyearforpackaging-generictest" storage="c:\agt6\_work\6\a\api\environment\regapiautomation\testdata\fisap-datacorrection\prereq-noisir\prereq-fisap-datacorrection@noisir-updatebudgetforacademicyearforpackaging-generictest.generictest" />
        <TestLink id="4bba2b74-befc-4889-aac2-a0be52961547" name="prereq-fisap-datacorrection@noisir-awardgrantorloanforpackaging-generictest" storage="c:\agt6\_work\6\a\api\environment\regapiautomation\testdata\fisap-datacorrection\prereq-noisir\prereq-fisap-datacorrection@noisir-awardgrantorloanforpackaging-generictest.generictest" />
        <TestLink id="87df488b-fe44-478e-b844-c5378e8062c1" name="prereq-fisap-datacorrection@noisir-postpaymentledgercard-generictest" storage="c:\agt6\_work\6\a\api\environment\regapiautomation\testdata\fisap-datacorrection\prereq-noisir\prereq-fisap-datacorrection@noisir-postpaymentledgercard-generictest.generictest" />
        <TestLink id="62e541e1-0ce7-424a-a06e-9fab01780e97" name="fisap-datacorrection@hp-noisir-generictest" storage="c:\agt6\_work\6\a\api\environment\regapiautomation\testdata\fisap-datacorrection\fisap-datacorrection@hp-noisir-generictest.generictest" />
      </TestLinks>
    </OrderedTest>
    <UnitTest name="prereq-fisap-datacorrection@invalidtransid-19_20-importisir-generictest" storage="c:\agt6\_work\6\a\api\environment\regapiautomation\testdata\fisap-datacorrection\prereq-invalidtransid-19_20\prereq-fisap-datacorrection@invalidtransid-19_20-importisir-generictest.generictest" id="416e150d-4f12-4c15-8ab3-858f45027575">
      <Execution id="2704ee25-4ed0-4f60-950b-c0cda5d98dcb" parentId="ee0af9ad-87c1-4def-ba51-b7af8c54b6fa" />
      <TestMethod codeBase="c:\agt6\_work\6\a\api\environment\regapiautomation\testdata\fisap-datacorrection\prereq-invalidtransid-19_20\prereq-fisap-datacorrection@invalidtransid-19_20-importisir-generictest.generictest" adapterTypeName="executor://orderedtestadapter/v1" className="c:\agt6\_work\6\a\api\environment\regapiautomation\testdata\fisap-datacorrection\prereq-invalidtransid-19_20\prereq-fisap-datacorrection@invalidtransid-19_20-importisir-generictest" name="prereq-fisap-datacorrection@invalidtransid-19_20-importisir-generictest" />
    </UnitTest>
    <UnitTest name="fisap-datacorrection@columna-19_20-generictest" storage="c:\agt6\_work\6\a\api\environment\regapiautomation\testdata\fisap-datacorrection\fisap-datacorrection@columna-19_20-generictest.generictest" id="efb1ad48-d093-442e-b5e5-d71193fee412">
      <Execution id="5b8a508a-1943-4db6-8b4d-8694e1d3f8d0" parentId="eb28ea9c-5bb6-414b-8cfe-50da0bf2c3d3" />
      <TestMethod codeBase="c:\agt6\_work\6\a\api\environment\regapiautomation\testdata\fisap-datacorrection\fisap-datacorrection@columna-19_20-generictest.generictest" adapterTypeName="executor://orderedtestadapter/v1" className="c:\agt6\_work\6\a\api\environment\regapiautomation\testdata\fisap-datacorrection\fisap-datacorrection@columna-19_20-generictest" name="fisap-datacorrection@columna-19_20-generictest" />
    </UnitTest>
    <OrderedTest name="OT-06P-FISAP-InvalidDepModel-19_20" storage="c:\agt6\_work\6\a\api\orderedtest\ot-06p-fisap-invaliddepmodel-19_20.orderedtest" id="9e12052a-2d59-4e49-805b-a1cf15d865f3">
      <Execution id="35e8c6e1-78c0-4502-84a9-903cb54d4268" />
      <TestLinks>
        <TestLink id="cc1c403b-bebe-42b3-838c-16985e9744db" name="prereq-fisap-datacorrection@invaliddepmodel-19_20-createstudent-generictest" storage="c:\agt6\_work\6\a\api\environment\regapiautomation\testdata\fisap-datacorrection\prereq-invaliddepmodel-19_20\prereq-fisap-datacorrection@invaliddepmodel-19_20-createstudent-generictest.generictest" />
        <TestLink id="297cf6ce-57dd-4921-847a-b085cf750bac" name="prereq-fisap-datacorrection@invaliddepmodel-19_20-importisir-generictest" storage="c:\agt6\_work\6\a\api\environment\regapiautomation\testdata\fisap-datacorrection\prereq-invaliddepmodel-19_20\prereq-fisap-datacorrection@invaliddepmodel-19_20-importisir-generictest.generictest" />
        <TestLink id="45d03f7b-d81f-4022-ba52-b112bca20817" name="prereq-fisap-datacorrection@invaliddepmodel-19_20-enrollstudent-generictest" storage="c:\agt6\_work\6\a\api\environment\regapiautomation\testdata\fisap-datacorrection\prereq-invaliddepmodel-19_20\prereq-fisap-datacorrection@invaliddepmodel-19_20-enrollstudent-generictest.generictest" />
        <TestLink id="73c2d3d4-340b-41f2-937b-176336f1e94d" name="prereq-fisap-datacorrection@invaliddepmodel-19_20-registerclassandpostattendance-generictest" storage="c:\agt6\_work\6\a\api\environment\regapiautomation\testdata\fisap-datacorrection\prereq-invaliddepmodel-19_20\prereq-fisap-datacorrection@invaliddepmodel-19_20-registerclassandpostattendance-generictest.generictest" />
        <TestLink id="f1b010a1-e473-47c5-84ec-0bf5f091aa67" name="prereq-fisap-datacorrection@invaliddepmodel-19_20-updatebudgetforacademicyearforpackaging" storage="c:\agt6\_work\6\a\api\environment\regapiautomation\testdata\fisap-datacorrection\prereq-invaliddepmodel-19_20\prereq-fisap-datacorrection@invaliddepmodel-19_20-updatebudgetforacademicyearforpackaging.generictest" />
        <TestLink id="54a4d416-d32f-4349-8ee7-14f40c42ab8a" name="prereq-fisap-datacorrection@invaliddepmodel-19_20-awardgrantforpackaging-generictest" storage="c:\agt6\_work\6\a\api\environment\regapiautomation\testdata\fisap-datacorrection\prereq-invaliddepmodel-19_20\prereq-fisap-datacorrection@invaliddepmodel-19_20-awardgrantforpackaging-generictest.generictest" />
        <TestLink id="371fed0a-5eb4-41f2-a13d-ff1e30924ed8" name="prereq-fisap-datacorrection@invaliddepmodel-19_20-postpaymentledgercard-generictest" storage="c:\agt6\_work\6\a\api\environment\regapiautomation\testdata\fisap-datacorrection\prereq-invaliddepmodel-19_20\prereq-fisap-datacorrection@invaliddepmodel-19_20-postpaymentledgercard-generictest.generictest" />
        <TestLink id="aa0cb258-763f-4117-874c-f720a013fd32" name="fisap-datacorrection@invaliddepmodel-19_20-generictest" storage="c:\agt6\_work\6\a\api\environment\regapiautomation\testdata\fisap-datacorrection\fisap-datacorrection@invaliddepmodel-19_20-generictest.generictest" />
      </TestLinks>
    </OrderedTest>
    <UnitTest name="prereq-fisap-datacorrection@report-variance-20_21-changestudentstatus-generictest" storage="c:\agt6\_work\6\a\api\environment\regapiautomation\testdata\fisap-datacorrection\prereq-report-variance-20_21\prereq-fisap-datacorrection@report-variance-20_21-changestudentstatus-generictest.generictest" id="57159a0a-851d-4333-9532-3681a12b5185">
      <Execution id="bd292796-4c71-4214-b7fb-0dcc20e5a0b7" parentId="f9a3d65a-5cb6-438b-af3f-330a9ebc816d" />
      <TestMethod codeBase="c:\agt6\_work\6\a\api\environment\regapiautomation\testdata\fisap-datacorrection\prereq-report-variance-20_21\prereq-fisap-datacorrection@report-variance-20_21-changestudentstatus-generictest.generictest" adapterTypeName="executor://orderedtestadapter/v1" className="c:\agt6\_work\6\a\api\environment\regapiautomation\testdata\fisap-datacorrection\prereq-report-variance-20_21\prereq-fisap-datacorrection@report-variance-20_21-changestudentstatus-generictest" name="prereq-fisap-datacorrection@report-variance-20_21-changestudentstatus-generictest" />
    </UnitTest>
    <UnitTest name="prereq-codexport@hp-originationsonly-21_22-enrollstudent-generictest" storage="c:\agt6\_work\6\a\api\environment\regapiautomation\testdata\codexport\prereq-originationsonly-21_22\prereq-codexport@hp-originationsonly-21_22-enrollstudent-generictest.generictest" id="826073cb-14af-4c3b-9fe4-e896995006a1">
      <Execution id="27e2cecd-cfaf-4f75-92ca-b63b742b4ee4" parentId="dd65fd67-5067-44cd-8850-842e53274555" />
      <TestMethod codeBase="c:\agt6\_work\6\a\api\environment\regapiautomation\testdata\codexport\prereq-originationsonly-21_22\prereq-codexport@hp-originationsonly-21_22-enrollstudent-generictest.generictest" adapterTypeName="executor://orderedtestadapter/v1" className="c:\agt6\_work\6\a\api\environment\regapiautomation\testdata\codexport\prereq-originationsonly-21_22\prereq-codexport@hp-originationsonly-21_22-enrollstudent-generictest" name="prereq-codexport@hp-originationsonly-21_22-enrollstudent-generictest" />
    </UnitTest>
    <OrderedTest name="OT-03C-ApplicationData-Import-ISIRSRetry" storage="c:\agt6\_work\6\a\api\orderedtest\ot-03c-applicationdata-import-isirsretry.orderedtest" id="58c229cc-a72a-4420-927e-bb8628aee7ec">
      <Execution id="005559a0-12a1-4a04-bd30-95c6563687f4" />
      <TestLinks>
        <TestLink id="41fdb1ad-6259-4cc0-bd37-2355dd5a7b06" name="prereq-appdata-import@retryisirsimport-importisir-generictest" storage="c:\agt6\_work\6\a\api\environment\regapiautomation\testdata\applicationdata\import\prereq\prereq-appdata-import@retryisirsimport-importisir-generictest.generictest" />
        <TestLink id="51eec996-2e30-459b-8cc5-ffa13f517493" name="applicationdata-import@retryisirsimport-generictest" storage="c:\agt6\_work\6\a\api\environment\regapiautomation\testdata\applicationdata\import\applicationdata-import@retryisirsimport-generictest.generictest" />
      </TestLinks>
    </OrderedTest>
    <UnitTest name="prereq-fisap-datacorrection@noteligible-seog-19_20-updatebudgetforacademicyearforpackaging-generictest" storage="c:\agt6\_work\6\a\api\environment\regapiautomation\testdata\fisap-datacorrection\prereq-noteligible-seog-19-20\prereq-fisap-datacorrection@noteligible-seog-19_20-updatebudgetforacademicyearforpackaging-generictest.generictest" id="457943b3-1c72-4016-8e4e-f1711e45f10f">
      <Execution id="92994283-aa67-4bb2-998f-a40b855d328d" parentId="65d94a0f-318b-47d1-aafb-e5656a9b204c" />
      <TestMethod codeBase="c:\agt6\_work\6\a\api\environment\regapiautomation\testdata\fisap-datacorrection\prereq-noteligible-seog-19-20\prereq-fisap-datacorrection@noteligible-seog-19_20-updatebudgetforacademicyearforpackaging-generictest.generictest" adapterTypeName="executor://orderedtestadapter/v1" className="c:\agt6\_work\6\a\api\environment\regapiautomation\testdata\fisap-datacorrection\prereq-noteligible-seog-19-20\prereq-fisap-datacorrection@noteligible-seog-19_20-updatebudgetforacademicyearforpackaging-generictest" name="prereq-fisap-datacorrection@noteligible-seog-19_20-updatebudgetforacademicyearforpackaging-generictest" />
    </UnitTest>
    <UnitTest name="prereq-fisap-datacorrection@hp-awardgrantorloanforpackaging-generictest" storage="c:\agt6\_work\6\a\api\environment\regapiautomation\testdata\fisap-datacorrection\prereq\prereq-fisap-datacorrection@hp-awardgrantorloanforpackaging-generictest.generictest" id="c63fff57-072b-468d-a1df-2ab8ef2b9019">
      <Execution id="551bde1a-2afb-4256-ae8c-a2c46ada3c5b" parentId="91a4ca53-10d7-4540-9086-eb88b81d36c6" />
      <TestMethod codeBase="c:\agt6\_work\6\a\api\environment\regapiautomation\testdata\fisap-datacorrection\prereq\prereq-fisap-datacorrection@hp-awardgrantorloanforpackaging-generictest.generictest" adapterTypeName="executor://orderedtestadapter/v1" className="c:\agt6\_work\6\a\api\environment\regapiautomation\testdata\fisap-datacorrection\prereq\prereq-fisap-datacorrection@hp-awardgrantorloanforpackaging-generictest" name="prereq-fisap-datacorrection@hp-awardgrantorloanforpackaging-generictest" />
    </UnitTest>
    <UnitTest name="prereq-fisap-datacorrection@report-variance-20_21-createstudent-generictest" storage="c:\agt6\_work\6\a\api\environment\regapiautomation\testdata\fisap-datacorrection\prereq-report-variance-20_21\prereq-fisap-datacorrection@report-variance-20_21-createstudent-generictest.generictest" id="92475c49-5414-4d61-b836-a0723ab9773a">
      <Execution id="7a42e913-76e6-402b-8db1-45adb8d37f78" parentId="f9a3d65a-5cb6-438b-af3f-330a9ebc816d" />
      <TestMethod codeBase="c:\agt6\_work\6\a\api\environment\regapiautomation\testdata\fisap-datacorrection\prereq-report-variance-20_21\prereq-fisap-datacorrection@report-variance-20_21-createstudent-generictest.generictest" adapterTypeName="executor://orderedtestadapter/v1" className="c:\agt6\_work\6\a\api\environment\regapiautomation\testdata\fisap-datacorrection\prereq-report-variance-20_21\prereq-fisap-datacorrection@report-variance-20_21-createstudent-generictest" name="prereq-fisap-datacorrection@report-variance-20_21-createstudent-generictest" />
    </UnitTest>
    <UnitTest name="prereq-appdata-import@retryisirsimport-importisir-21_22-generictest" storage="c:\agt6\_work\6\a\api\environment\regapiautomation\testdata\applicationdata\import\prereq-appproc-import@retryisirimport-21_22\prereq-appdata-import@retryisirsimport-importisir-21_22-generictest.generictest" id="41fdb1ad-6259-4cc0-bd37-2355dd5a7b07">
      <Execution id="52aa9a48-78e4-4c4a-a004-6da36d8ad1f1" parentId="790655c0-55e5-4476-a3c2-349721f2c6a8" />
      <TestMethod codeBase="c:\agt6\_work\6\a\api\environment\regapiautomation\testdata\applicationdata\import\prereq-appproc-import@retryisirimport-21_22\prereq-appdata-import@retryisirsimport-importisir-21_22-generictest.generictest" adapterTypeName="executor://orderedtestadapter/v1" className="c:\agt6\_work\6\a\api\environment\regapiautomation\testdata\applicationdata\import\prereq-appproc-import@retryisirimport-21_22\prereq-appdata-import@retryisirsimport-importisir-21_22-generictest" name="prereq-appdata-import@retryisirsimport-importisir-21_22-generictest" />
    </UnitTest>
    <UnitTest name="prereq-appdata-import@retryisirsimport-importisir-generictest" storage="c:\agt6\_work\6\a\api\environment\regapiautomation\testdata\applicationdata\import\prereq\prereq-appdata-import@retryisirsimport-importisir-generictest.generictest" id="41fdb1ad-6259-4cc0-bd37-2355dd5a7b06">
      <Execution id="574a5856-1ec4-460d-9012-95b1afbb9012" parentId="005559a0-12a1-4a04-bd30-95c6563687f4" />
      <TestMethod codeBase="c:\agt6\_work\6\a\api\environment\regapiautomation\testdata\applicationdata\import\prereq\prereq-appdata-import@retryisirsimport-importisir-generictest.generictest" adapterTypeName="executor://orderedtestadapter/v1" className="c:\agt6\_work\6\a\api\environment\regapiautomation\testdata\applicationdata\import\prereq\prereq-appdata-import@retryisirsimport-importisir-generictest" name="prereq-appdata-import@retryisirsimport-importisir-generictest" />
    </UnitTest>
    <UnitTest name="prereq-codimport@pn-21_22-createstudent-generictest" storage="c:\agt6\_work\6\a\api\environment\regapiautomation\testdata\codimport\prereq-codimport-pn-21_22\prereq-codimport@pn-21_22-createstudent-generictest.generictest" id="199cf613-8fcc-4ff8-b330-6fea857f4621">
      <Execution id="ebfb313d-c243-47b0-ae43-6571ad3c22ee" parentId="9303d2ec-6712-49bb-9a00-49d89fb8fc0b" />
      <TestMethod codeBase="c:\agt6\_work\6\a\api\environment\regapiautomation\testdata\codimport\prereq-codimport-pn-21_22\prereq-codimport@pn-21_22-createstudent-generictest.generictest" adapterTypeName="executor://orderedtestadapter/v1" className="c:\agt6\_work\6\a\api\environment\regapiautomation\testdata\codimport\prereq-codimport-pn-21_22\prereq-codimport@pn-21_22-createstudent-generictest" name="prereq-codimport@pn-21_22-createstudent-generictest" />
    </UnitTest>
    <UnitTest name="prereq-cod-exceptions@delete-award-bn-21_22-createstudent-generictest" storage="c:\agt6\_work\6\a\api\environment\regapiautomation\testdata\codexceptions\prereq-delete-21_22\prereq-cod-exceptions@delete-award-bn-21_22-createstudent-generictest.generictest" id="199cf613-8fcc-4ff8-b330-6fea857f4620">
      <Execution id="2b1e5207-7f14-480c-a4cf-13fec1a5bedc" parentId="fb06118d-4b7c-4860-9fb7-bf491401fa76" />
      <TestMethod codeBase="c:\agt6\_work\6\a\api\environment\regapiautomation\testdata\codexceptions\prereq-delete-21_22\prereq-cod-exceptions@delete-award-bn-21_22-createstudent-generictest.generictest" adapterTypeName="executor://orderedtestadapter/v1" className="c:\agt6\_work\6\a\api\environment\regapiautomation\testdata\codexceptions\prereq-delete-21_22\prereq-cod-exceptions@delete-award-bn-21_22-createstudent-generictest" name="prereq-cod-exceptions@delete-award-bn-21_22-createstudent-generictest" />
    </UnitTest>
    <UnitTest name="prereq-fisap-datacorrection@noclasses-19_20-changestudentstatus-generictest" storage="c:\agt6\_work\6\a\api\environment\regapiautomation\testdata\fisap-datacorrection\prereq-noclasses-19_20\prereq-fisap-datacorrection@noclasses-19_20-changestudentstatus-generictest.generictest" id="b22eb6f6-cae0-404d-8d07-9cdddec4785a">
      <Execution id="60284dbc-1d7a-4735-be47-828676878e26" parentId="6ee7da16-d39c-4948-b9eb-4981a8ea6714" />
      <TestMethod codeBase="c:\agt6\_work\6\a\api\environment\regapiautomation\testdata\fisap-datacorrection\prereq-noclasses-19_20\prereq-fisap-datacorrection@noclasses-19_20-changestudentstatus-generictest.generictest" adapterTypeName="executor://orderedtestadapter/v1" className="c:\agt6\_work\6\a\api\environment\regapiautomation\testdata\fisap-datacorrection\prereq-noclasses-19_20\prereq-fisap-datacorrection@noclasses-19_20-changestudentstatus-generictest" name="prereq-fisap-datacorrection@noclasses-19_20-changestudentstatus-generictest" />
    </UnitTest>
    <UnitTest name="prereq-fisap-datacorrection@unkenrollstatus-19_20-postpaymentledgercard-generictest" storage="c:\agt6\_work\6\a\api\environment\regapiautomation\testdata\fisap-datacorrection\prereq-unkenrollstatus-19_20\prereq-fisap-datacorrection@unkenrollstatus-19_20-postpaymentledgercard-generictest.generictest" id="ed1fabea-0bc1-4dc1-925e-2de790c3000e">
      <Execution id="b2ff573c-1ac0-4ef6-9c80-e21d34a5c751" parentId="4ed0a644-67a2-46b0-8987-640fb8ec249c" />
      <TestMethod codeBase="c:\agt6\_work\6\a\api\environment\regapiautomation\testdata\fisap-datacorrection\prereq-unkenrollstatus-19_20\prereq-fisap-datacorrection@unkenrollstatus-19_20-postpaymentledgercard-generictest.generictest" adapterTypeName="executor://orderedtestadapter/v1" className="c:\agt6\_work\6\a\api\environment\regapiautomation\testdata\fisap-datacorrection\prereq-unkenrollstatus-19_20\prereq-fisap-datacorrection@unkenrollstatus-19_20-postpaymentledgercard-generictest" name="prereq-fisap-datacorrection@unkenrollstatus-19_20-postpaymentledgercard-generictest" />
    </UnitTest>
    <UnitTest name="prereq-fisap-datacorrection@columna-20_21-enrollstudent-generictest" storage="c:\agt6\_work\6\a\api\environment\regapiautomation\testdata\fisap-datacorrection\prereq-columna-20-21\prereq-fisap-datacorrection@columna-20_21-enrollstudent-generictest.generictest" id="489fccbe-1241-4f7c-9a65-48912cddf434">
      <Execution id="c0ef7bb0-4123-4c5d-b061-41f23b5da524" parentId="1b80f72f-2e8a-4682-ab8e-9c15673042ab" />
      <TestMethod codeBase="c:\agt6\_work\6\a\api\environment\regapiautomation\testdata\fisap-datacorrection\prereq-columna-20-21\prereq-fisap-datacorrection@columna-20_21-enrollstudent-generictest.generictest" adapterTypeName="executor://orderedtestadapter/v1" className="c:\agt6\_work\6\a\api\environment\regapiautomation\testdata\fisap-datacorrection\prereq-columna-20-21\prereq-fisap-datacorrection@columna-20_21-enrollstudent-generictest" name="prereq-fisap-datacorrection@columna-20_21-enrollstudent-generictest" />
    </UnitTest>
    <UnitTest name="prereq-fisap-datacorrection@report-summary-19_20-updatebudgetforacademicyearforpackaging-generictest" storage="c:\agt6\_work\6\a\api\environment\regapiautomation\testdata\fisap-datacorrection\prereq-report-summary-19_20\prereq-fisap-datacorrection@report-summary-19_20-updatebudgetforacademicyearforpackaging-generictest.generictest" id="6727ace9-2542-4493-b3ae-24524c8d45ce">
      <Execution id="885bf934-c26d-4623-8e29-bcd38bda20da" parentId="aa45d248-d3be-4714-80a6-d8b03b78f18a" />
      <TestMethod codeBase="c:\agt6\_work\6\a\api\environment\regapiautomation\testdata\fisap-datacorrection\prereq-report-summary-19_20\prereq-fisap-datacorrection@report-summary-19_20-updatebudgetforacademicyearforpackaging-generictest.generictest" adapterTypeName="executor://orderedtestadapter/v1" className="c:\agt6\_work\6\a\api\environment\regapiautomation\testdata\fisap-datacorrection\prereq-report-summary-19_20\prereq-fisap-datacorrection@report-summary-19_20-updatebudgetforacademicyearforpackaging-generictest" name="prereq-fisap-datacorrection@report-summary-19_20-updatebudgetforacademicyearforpackaging-generictest" />
    </UnitTest>
    <UnitTest name="prereq-cod-exceptions@hp-resolve-award-bn-codimport-generictest" storage="c:\agt6\_work\6\a\api\environment\regapiautomation\testdata\codexceptions\prereq\prereq-cod-exceptions@hp-resolve-award-bn-codimport-generictest.generictest" id="e73c83c5-79fc-4fae-aeef-b3aa8f461cc4">
      <Execution id="4758ea31-581d-4d62-86ef-993c370f29ec" parentId="a9bbf815-0cf2-4d0e-8149-403984943fdc" />
      <TestMethod codeBase="c:\agt6\_work\6\a\api\environment\regapiautomation\testdata\codexceptions\prereq\prereq-cod-exceptions@hp-resolve-award-bn-codimport-generictest.generictest" adapterTypeName="executor://orderedtestadapter/v1" className="c:\agt6\_work\6\a\api\environment\regapiautomation\testdata\codexceptions\prereq\prereq-cod-exceptions@hp-resolve-award-bn-codimport-generictest" name="prereq-cod-exceptions@hp-resolve-award-bn-codimport-generictest" />
    </UnitTest>
    <UnitTest name="fisap-datacorrection@hp-noisir-generictest" storage="c:\agt6\_work\6\a\api\environment\regapiautomation\testdata\fisap-datacorrection\fisap-datacorrection@hp-noisir-generictest.generictest" id="62e541e1-0ce7-424a-a06e-9fab01780e97">
      <Execution id="8f152dc1-ee07-4cae-bdef-689fb196f82c" parentId="ce3f5317-6a07-4aac-93c9-3ec841b3a9ce" />
      <TestMethod codeBase="c:\agt6\_work\6\a\api\environment\regapiautomation\testdata\fisap-datacorrection\fisap-datacorrection@hp-noisir-generictest.generictest" adapterTypeName="executor://orderedtestadapter/v1" className="c:\agt6\_work\6\a\api\environment\regapiautomation\testdata\fisap-datacorrection\fisap-datacorrection@hp-noisir-generictest" name="fisap-datacorrection@hp-noisir-generictest" />
    </UnitTest>
    <UnitTest name="prereq-fisap-datacorrection@invalidtransid-20_21-registerclassandpostattendance-generictest" storage="c:\agt6\_work\6\a\api\environment\regapiautomation\testdata\fisap-datacorrection\prereq-invalidtransid-20_21\prereq-fisap-datacorrection@invalidtransid-20_21-registerclassandpostattendance-generictest.generictest" id="00c6da6d-e2ae-4a20-bb21-b7d86d96c8a0">
      <Execution id="ae07ddb5-68b7-4fa1-a3a1-249d66c53b14" parentId="974e42be-1ae7-4083-84f3-e5188d755a0a" />
      <TestMethod codeBase="c:\agt6\_work\6\a\api\environment\regapiautomation\testdata\fisap-datacorrection\prereq-invalidtransid-20_21\prereq-fisap-datacorrection@invalidtransid-20_21-registerclassandpostattendance-generictest.generictest" adapterTypeName="executor://orderedtestadapter/v1" className="c:\agt6\_work\6\a\api\environment\regapiautomation\testdata\fisap-datacorrection\prereq-invalidtransid-20_21\prereq-fisap-datacorrection@invalidtransid-20_21-registerclassandpostattendance-generictest" name="prereq-fisap-datacorrection@invalidtransid-20_21-registerclassandpostattendance-generictest" />
    </UnitTest>
    <UnitTest name="fisap-datacorrection@columnc-20_21-generictest" storage="c:\agt6\_work\6\a\api\environment\regapiautomation\testdata\fisap-datacorrection\fisap-datacorrection@columnc-20_21-generictest.generictest" id="8aed51c6-5a70-4b3f-b492-0653ceed5bbb">
      <Execution id="889d4844-6788-4163-a809-5609be0ad513" parentId="340d93fe-f399-44c9-99a8-4a2e57db64d8" />
      <TestMethod codeBase="c:\agt6\_work\6\a\api\environment\regapiautomation\testdata\fisap-datacorrection\fisap-datacorrection@columnc-20_21-generictest.generictest" adapterTypeName="executor://orderedtestadapter/v1" className="c:\agt6\_work\6\a\api\environment\regapiautomation\testdata\fisap-datacorrection\fisap-datacorrection@columnc-20_21-generictest" name="fisap-datacorrection@columnc-20_21-generictest" />
    </UnitTest>
    <UnitTest name="prereq-fisap-datacorrection@unkenrollstatus-19_20-enrollstudent-generictest" storage="c:\agt6\_work\6\a\api\environment\regapiautomation\testdata\fisap-datacorrection\prereq-unkenrollstatus-19_20\prereq-fisap-datacorrection@unkenrollstatus-19_20-enrollstudent-generictest.generictest" id="4617d575-b184-4ced-aa64-6b9098079a41">
      <Execution id="2ed0b19c-3e87-4457-8531-b2322becfc44" parentId="4ed0a644-67a2-46b0-8987-640fb8ec249c" />
      <TestMethod codeBase="c:\agt6\_work\6\a\api\environment\regapiautomation\testdata\fisap-datacorrection\prereq-unkenrollstatus-19_20\prereq-fisap-datacorrection@unkenrollstatus-19_20-enrollstudent-generictest.generictest" adapterTypeName="executor://orderedtestadapter/v1" className="c:\agt6\_work\6\a\api\environment\regapiautomation\testdata\fisap-datacorrection\prereq-unkenrollstatus-19_20\prereq-fisap-datacorrection@unkenrollstatus-19_20-enrollstudent-generictest" name="prereq-fisap-datacorrection@unkenrollstatus-19_20-enrollstudent-generictest" />
    </UnitTest>
    <UnitTest name="prereq-appproc-subsidizedusageinformation-view@hp-awardgrantorloanforpackaging-generictest" storage="c:\agt6\_work\6\a\api\environment\regapiautomation\testdata\subsidizedusage\prereq\prereq-appproc-subsidizedusageinformation-view@hp-awardgrantorloanforpackaging-generictest.generictest" id="09d3debb-3c38-4d98-bf20-6b0285b7439b">
      <Execution id="9dd3eb50-133b-4f80-a3a8-1d3117ce34a7" parentId="a9a1f5eb-8669-4a9c-b9ed-bbe09a2661a8" />
      <TestMethod codeBase="c:\agt6\_work\6\a\api\environment\regapiautomation\testdata\subsidizedusage\prereq\prereq-appproc-subsidizedusageinformation-view@hp-awardgrantorloanforpackaging-generictest.generictest" adapterTypeName="executor://orderedtestadapter/v1" className="c:\agt6\_work\6\a\api\environment\regapiautomation\testdata\subsidizedusage\prereq\prereq-appproc-subsidizedusageinformation-view@hp-awardgrantorloanforpackaging-generictest" name="prereq-appproc-subsidizedusageinformation-view@hp-awardgrantorloanforpackaging-generictest" />
    </UnitTest>
    <UnitTest name="prereq-fisap-datacorrection@report-detail-19_20-registerclassandpostattendance-generictest" storage="c:\agt6\_work\6\a\api\environment\regapiautomation\testdata\fisap-datacorrection\prereq-report-detail-19_20\prereq-fisap-datacorrection@report-detail-19_20-registerclassandpostattendance-generictest.generictest" id="349e10f5-6131-4577-a09e-6ae01e2344bc">
      <Execution id="05c91956-d40a-497c-96b7-978f7004d003" parentId="462763f0-55e1-45e0-adc5-7355d9f91d2c" />
      <TestMethod codeBase="c:\agt6\_work\6\a\api\environment\regapiautomation\testdata\fisap-datacorrection\prereq-report-detail-19_20\prereq-fisap-datacorrection@report-detail-19_20-registerclassandpostattendance-generictest.generictest" adapterTypeName="executor://orderedtestadapter/v1" className="c:\agt6\_work\6\a\api\environment\regapiautomation\testdata\fisap-datacorrection\prereq-report-detail-19_20\prereq-fisap-datacorrection@report-detail-19_20-registerclassandpostattendance-generictest" name="prereq-fisap-datacorrection@report-detail-19_20-registerclassandpostattendance-generictest" />
    </UnitTest>
    <OrderedTest name="OT-02E-CODImport-PN-21_22" storage="c:\agt6\_work\6\a\api\orderedtest\ot-02e-codimport-pn-21_22.orderedtest" id="e6e4ea6f-fbac-4ae1-b318-a56a805a4e4e">
      <Execution id="9303d2ec-6712-49bb-9a00-49d89fb8fc0b" />
      <TestLinks>
        <TestLink id="199cf613-8fcc-4ff8-b330-6fea857f4621" name="prereq-codimport@pn-21_22-createstudent-generictest" storage="c:\agt6\_work\6\a\api\environment\regapiautomation\testdata\codimport\prereq-codimport-pn-21_22\prereq-codimport@pn-21_22-createstudent-generictest.generictest" />
        <TestLink id="5aa87472-099e-4d13-b713-c555c492ff47" name="prereq-codimport@pn-21_22-importisir-generictest" storage="c:\agt6\_work\6\a\api\environment\regapiautomation\testdata\codimport\prereq-codimport-pn-21_22\prereq-codimport@pn-21_22-importisir-generictest.generictest" />
        <TestLink id="7366db68-50a7-488c-8cd3-0a98cc393e20" name="prereq-codimport@pn-21_22-enrollstudent-generictest" storage="c:\agt6\_work\6\a\api\environment\regapiautomation\testdata\codimport\prereq-codimport-pn-21_22\prereq-codimport@pn-21_22-enrollstudent-generictest.generictest" />
        <TestLink id="c94ddd41-e29e-4551-9b89-f5ad63ea5002" name="prereq-codimport@pn-21_22-updatebudgetforacademicyearforpackaging-generictest" storage="c:\agt6\_work\6\a\api\environment\regapiautomation\testdata\codimport\prereq-codimport-pn-21_22\prereq-codimport@pn-21_22-updatebudgetforacademicyearforpackaging-generictest.generictest" />
        <TestLink id="1f38c856-c574-465c-b9a0-d18316761b92" name="prereq-codimport@pn-21_22-awardloanforpackaging-generictest" storage="c:\agt6\_work\6\a\api\environment\regapiautomation\testdata\codimport\prereq-codimport-pn-21_22\prereq-codimport@pn-21_22-awardloanforpackaging-generictest.generictest" />
        <TestLink id="1359eb7f-ed97-421f-adb6-de3b8dc9ffd8" name="codimport@pn-21_22-generictest" storage="c:\agt6\_work\6\a\api\environment\regapiautomation\testdata\codimport\codimport@pn-21_22-generictest.generictest" />
      </TestLinks>
    </OrderedTest>
    <UnitTest name="prereq-cod-exceptions@resolve-award-pn-21_22-createstudent-generictest" storage="c:\agt6\_work\6\a\api\environment\regapiautomation\testdata\codexceptions\prereq-resolve-pn-21_22\prereq-cod-exceptions@resolve-award-pn-21_22-createstudent-generictest.generictest" id="199cf613-8fcc-4ff8-b330-6fea857f4619">
      <Execution id="ca08b588-8673-432b-90cb-d608466b27a1" parentId="e3b66657-a9f6-4472-a6cd-7f0a51b3a969" />
      <TestMethod codeBase="c:\agt6\_work\6\a\api\environment\regapiautomation\testdata\codexceptions\prereq-resolve-pn-21_22\prereq-cod-exceptions@resolve-award-pn-21_22-createstudent-generictest.generictest" adapterTypeName="executor://orderedtestadapter/v1" className="c:\agt6\_work\6\a\api\environment\regapiautomation\testdata\codexceptions\prereq-resolve-pn-21_22\prereq-cod-exceptions@resolve-award-pn-21_22-createstudent-generictest" name="prereq-cod-exceptions@resolve-award-pn-21_22-createstudent-generictest" />
    </UnitTest>
    <UnitTest name="prereq-cod-exceptions@hp-resolve-award-bn-21_22-createstudent-generictest" storage="c:\agt6\_work\6\a\api\environment\regapiautomation\testdata\codexceptions\prereq-21_22\prereq-cod-exceptions@hp-resolve-award-bn-21_22-createstudent-generictest.generictest" id="199cf613-8fcc-4ff8-b330-6fea857f4618">
      <Execution id="c04c51ec-0203-4904-bfe0-7ffa195e1fc7" parentId="ac0cbf78-2e81-457a-b65b-fdc11e34bc33" />
      <TestMethod codeBase="c:\agt6\_work\6\a\api\environment\regapiautomation\testdata\codexceptions\prereq-21_22\prereq-cod-exceptions@hp-resolve-award-bn-21_22-createstudent-generictest.generictest" adapterTypeName="executor://orderedtestadapter/v1" className="c:\agt6\_work\6\a\api\environment\regapiautomation\testdata\codexceptions\prereq-21_22\prereq-cod-exceptions@hp-resolve-award-bn-21_22-createstudent-generictest" name="prereq-cod-exceptions@hp-resolve-award-bn-21_22-createstudent-generictest" />
    </UnitTest>
    <OrderedTest name="OT-06J-FISAP-ColumnD-19_20" storage="c:\agt6\_work\6\a\api\orderedtest\ot-06j-fisap-columnd-19_20.orderedtest" id="8df18c8b-01c6-4f66-a075-2c18e4f09341">
      <Execution id="a78bdfe6-9cfa-4df0-baca-8b4c8af86245" />
      <TestLinks>
        <TestLink id="ab8505e9-78b7-4371-80ae-2f5981bebd66" name="prereq-fisap-datacorrection@columnd-19_20-createstudent-generictest" storage="c:\agt6\_work\6\a\api\environment\regapiautomation\testdata\fisap-datacorrection\prereq-columnd-19-20\prereq-fisap-datacorrection@columnd-19_20-createstudent-generictest.generictest" />
        <TestLink id="97ca9a04-cf1c-4a19-a202-c39ea8a58f64" name="prereq-fisap-datacorrection@columnd-19_20-importisir-generictest" storage="c:\agt6\_work\6\a\api\environment\regapiautomation\testdata\fisap-datacorrection\prereq-columnd-19-20\prereq-fisap-datacorrection@columnd-19_20-importisir-generictest.generictest" />
        <TestLink id="5bfda213-b808-4bde-bfee-ec9e885a23ad" name="prereq-fisap-datacorrection@columnd-19_20-enrollstudent-generictest" storage="c:\agt6\_work\6\a\api\environment\regapiautomation\testdata\fisap-datacorrection\prereq-columnd-19-20\prereq-fisap-datacorrection@columnd-19_20-enrollstudent-generictest.generictest" />
        <TestLink id="1ca6f7c6-3474-41d3-a09b-b85a2b4d0022" name="prereq-fisap-datacorrection@columnd-19_20-registerclassandpostattendance-generictest" storage="c:\agt6\_work\6\a\api\environment\regapiautomation\testdata\fisap-datacorrection\prereq-columnd-19-20\prereq-fisap-datacorrection@columnd-19_20-registerclassandpostattendance-generictest.generictest" />
        <TestLink id="47b9b85d-5a7b-43a1-bdaf-5e414b603a08" name="fisap-datacorrection@columnd-19_20-generictest" storage="c:\agt6\_work\6\a\api\environment\regapiautomation\testdata\fisap-datacorrection\fisap-datacorrection@columnd-19_20-generictest.generictest" />
      </TestLinks>
    </OrderedTest>
    <UnitTest name="prereq-fisap-datacorrection@invaliddepmodel-20_21-postpaymentledgercard-generictest" storage="c:\agt6\_work\6\a\api\environment\regapiautomation\testdata\fisap-datacorrection\prereq-invaliddepmodel-20_21\prereq-fisap-datacorrection@invaliddepmodel-20_21-postpaymentledgercard-generictest.generictest" id="fac3ecae-ac09-452c-af52-ea5f3d6fd0dd">
      <Execution id="7c3a82cb-d706-42bb-b598-e85cbf85b012" parentId="904cd9df-22ae-4cf6-9821-5c23e51fbf49" />
      <TestMethod codeBase="c:\agt6\_work\6\a\api\environment\regapiautomation\testdata\fisap-datacorrection\prereq-invaliddepmodel-20_21\prereq-fisap-datacorrection@invaliddepmodel-20_21-postpaymentledgercard-generictest.generictest" adapterTypeName="executor://orderedtestadapter/v1" className="c:\agt6\_work\6\a\api\environment\regapiautomation\testdata\fisap-datacorrection\prereq-invaliddepmodel-20_21\prereq-fisap-datacorrection@invaliddepmodel-20_21-postpaymentledgercard-generictest" name="prereq-fisap-datacorrection@invaliddepmodel-20_21-postpaymentledgercard-generictest" />
    </UnitTest>
    <OrderedTest name="OT-06ZB-FISAP-Report-Variance-19_20" storage="c:\agt6\_work\6\a\api\orderedtest\ot-06zb-fisap-report-variance-19_20.orderedtest" id="80a407a7-80a5-4fa3-b671-e6947097256f">
      <Execution id="9454772b-7cb9-4724-9fd5-34814095d14b" />
      <TestLinks>
        <TestLink id="7321673c-0110-45ae-b2a4-2dd372fd326e" name="prereq-fisap-datacorrection@report-variance-19_20-createstudent-generictest" storage="c:\agt6\_work\6\a\api\environment\regapiautomation\testdata\fisap-datacorrection\prereq-report-variance-19_20\prereq-fisap-datacorrection@report-variance-19_20-createstudent-generictest.generictest" />
        <TestLink id="950ef0be-d626-49a3-8c3b-042d35c316ce" name="prereq-fisap-datacorrection@report-variance-19_20-importisir-generictest" storage="c:\agt6\_work\6\a\api\environment\regapiautomation\testdata\fisap-datacorrection\prereq-report-variance-19_20\prereq-fisap-datacorrection@report-variance-19_20-importisir-generictest.generictest" />
        <TestLink id="58a90e70-8f6b-4af2-906e-32eb52517b05" name="prereq-fisap-datacorrection@report-variance-19_20-enrollstudent-generictest" storage="c:\agt6\_work\6\a\api\environment\regapiautomation\testdata\fisap-datacorrection\prereq-report-variance-19_20\prereq-fisap-datacorrection@report-variance-19_20-enrollstudent-generictest.generictest" />
        <TestLink id="fb03a231-8927-401d-a22b-e25aba1ee768" name="prereq-fisap-datacorrection@report-variance-19_20-seteffectivedate-generictest" storage="c:\agt6\_work\6\a\api\environment\regapiautomation\testdata\fisap-datacorrection\prereq-report-variance-19_20\prereq-fisap-datacorrection@report-variance-19_20-seteffectivedate-generictest.generictest" />
        <TestLink id="b3733122-39e2-4166-aca0-fee4ee3beb84" name="prereq-fisap-datacorrection@report-variance-19_20-registerclassandpostattendance-generictest" storage="c:\agt6\_work\6\a\api\environment\regapiautomation\testdata\fisap-datacorrection\prereq-report-variance-19_20\prereq-fisap-datacorrection@report-variance-19_20-registerclassandpostattendance-generictest.generictest" />
        <TestLink id="0d6f8b8f-6b3d-42c4-87f2-bf736ca40d57" name="prereq-fisap-datacorrection@report-variance-19_20-updatebudgetforacademicyearforpackaging-generictest" storage="c:\agt6\_work\6\a\api\environment\regapiautomation\testdata\fisap-datacorrection\prereq-report-variance-19_20\prereq-fisap-datacorrection@report-variance-19_20-updatebudgetforacademicyearforpackaging-generictest.generictest" />
        <TestLink id="bbd9fe39-9995-4469-b41a-5e11cae359f1" name="prereq-fisap-datacorrection@report-variance-19_20-awardgrantforpackaging-generictest" storage="c:\agt6\_work\6\a\api\environment\regapiautomation\testdata\fisap-datacorrection\prereq-report-variance-19_20\prereq-fisap-datacorrection@report-variance-19_20-awardgrantforpackaging-generictest.generictest" />
        <TestLink id="7112a49a-6d01-4863-ac8c-7de38bc289d8" name="prereq-fisap-datacorrection@report-variance-19_20-postpaymentledgercard-generictest" storage="c:\agt6\_work\6\a\api\environment\regapiautomation\testdata\fisap-datacorrection\prereq-report-variance-19_20\prereq-fisap-datacorrection@report-variance-19_20-postpaymentledgercard-generictest.generictest" />
        <TestLink id="3c19b3de-a2e8-4668-ad16-2224893c5e30" name="prereq-fisap-datacorrection@report-variance-19_20-changestudentstatus-generictest" storage="c:\agt6\_work\6\a\api\environment\regapiautomation\testdata\fisap-datacorrection\prereq-report-variance-19_20\prereq-fisap-datacorrection@report-variance-19_20-changestudentstatus-generictest.generictest" />
        <TestLink id="624cb548-fe1d-42f0-b3d9-6ee763f29bd6" name="fisap-datacorrection@report-variance-19_20-generictest" storage="c:\agt6\_work\6\a\api\environment\regapiautomation\testdata\fisap-datacorrection\fisap-datacorrection@report-variance-19_20-generictest.generictest" />
      </TestLinks>
    </OrderedTest>
    <UnitTest name="prereq-fisap-datacorrection@invalidtransid-19_20-createstudent-generictest" storage="c:\agt6\_work\6\a\api\environment\regapiautomation\testdata\fisap-datacorrection\prereq-invalidtransid-19_20\prereq-fisap-datacorrection@invalidtransid-19_20-createstudent-generictest.generictest" id="305c4654-072a-4b98-9b74-a06a57852618">
      <Execution id="fa0cacd7-b4a9-4c3b-9826-839600f6719d" parentId="ee0af9ad-87c1-4def-ba51-b7af8c54b6fa" />
      <TestMethod codeBase="c:\agt6\_work\6\a\api\environment\regapiautomation\testdata\fisap-datacorrection\prereq-invalidtransid-19_20\prereq-fisap-datacorrection@invalidtransid-19_20-createstudent-generictest.generictest" adapterTypeName="executor://orderedtestadapter/v1" className="c:\agt6\_work\6\a\api\environment\regapiautomation\testdata\fisap-datacorrection\prereq-invalidtransid-19_20\prereq-fisap-datacorrection@invalidtransid-19_20-createstudent-generictest" name="prereq-fisap-datacorrection@invalidtransid-19_20-createstudent-generictest" />
    </UnitTest>
    <OrderedTest name="OT-06T-FISAP-InvalidTransId-19_20" storage="c:\agt6\_work\6\a\api\orderedtest\ot-06t-fisap-invalidtransid-19_20.orderedtest" id="d0465c44-c0a3-4efd-b6f7-32369218ba8b">
      <Execution id="ee0af9ad-87c1-4def-ba51-b7af8c54b6fa" />
      <TestLinks>
        <TestLink id="305c4654-072a-4b98-9b74-a06a57852618" name="prereq-fisap-datacorrection@invalidtransid-19_20-createstudent-generictest" storage="c:\agt6\_work\6\a\api\environment\regapiautomation\testdata\fisap-datacorrection\prereq-invalidtransid-19_20\prereq-fisap-datacorrection@invalidtransid-19_20-createstudent-generictest.generictest" />
        <TestLink id="416e150d-4f12-4c15-8ab3-858f45027575" name="prereq-fisap-datacorrection@invalidtransid-19_20-importisir-generictest" storage="c:\agt6\_work\6\a\api\environment\regapiautomation\testdata\fisap-datacorrection\prereq-invalidtransid-19_20\prereq-fisap-datacorrection@invalidtransid-19_20-importisir-generictest.generictest" />
        <TestLink id="b04ea982-999d-49ae-b2f9-0e826d2ad849" name="prereq-fisap-datacorrection@invalidtransid-19_20-enrollstudent-generictest" storage="c:\agt6\_work\6\a\api\environment\regapiautomation\testdata\fisap-datacorrection\prereq-invalidtransid-19_20\prereq-fisap-datacorrection@invalidtransid-19_20-enrollstudent-generictest.generictest" />
        <TestLink id="60cde5a2-b74b-44a5-a608-03a8d2719416" name="prereq-fisap-datacorrection@invalidtransid-19_20-registerclassandpostattendance-generictest" storage="c:\agt6\_work\6\a\api\environment\regapiautomation\testdata\fisap-datacorrection\prereq-invalidtransid-19_20\prereq-fisap-datacorrection@invalidtransid-19_20-registerclassandpostattendance-generictest.generictest" />
        <TestLink id="9c658faa-926b-4aa2-9f34-a0cf9f3f4055" name="prereq-fisap-datacorrection@invalidtransid-19_20-updatebudgetforacademicyearforpackaging-generictest" storage="c:\agt6\_work\6\a\api\environment\regapiautomation\testdata\fisap-datacorrection\prereq-invalidtransid-19_20\prereq-fisap-datacorrection@invalidtransid-19_20-updatebudgetforacademicyearforpackaging-generictest.generictest" />
        <TestLink id="8aede2d5-5a4e-4ed0-a62d-d713395b6abb" name="prereq-fisap-datacorrection@invalidtransid-19_20-awardgrantforpackaging-generictest" storage="c:\agt6\_work\6\a\api\environment\regapiautomation\testdata\fisap-datacorrection\prereq-invalidtransid-19_20\prereq-fisap-datacorrection@invalidtransid-19_20-awardgrantforpackaging-generictest.generictest" />
        <TestLink id="3c3dc518-0a0a-49e9-8de7-9d1c7822773c" name="prereq-fisap-datacorrection@invalidtransid-19_20-postpaymentledgercard-generictest" storage="c:\agt6\_work\6\a\api\environment\regapiautomation\testdata\fisap-datacorrection\prereq-invalidtransid-19_20\prereq-fisap-datacorrection@invalidtransid-19_20-postpaymentledgercard-generictest.generictest" />
        <TestLink id="570c9cec-b671-49b8-aabc-f25dd4eb0b8d" name="fisap-datacorrection@invalidtransid-19_20-generictest" storage="c:\agt6\_work\6\a\api\environment\regapiautomation\testdata\fisap-datacorrection\fisap-datacorrection@invalidtransid-19_20-generictest.generictest" />
      </TestLinks>
    </OrderedTest>
    <UnitTest name="prereq-fisap-datacorrection@hp-ineligible-19_20-enrollstudent-generictest" storage="c:\agt6\_work\6\a\api\environment\regapiautomation\testdata\fisap-datacorrection\prereq-ineligible-19_20\prereq-fisap-datacorrection@hp-ineligible-19_20-enrollstudent-generictest.generictest" id="940031ca-9d38-47ed-8c77-ad10f0c3c3d3">
      <Execution id="47c1a033-bf00-4290-857f-9209f0780ffc" parentId="f51cf7a5-90aa-4d7b-a241-f8ea6421a15e" />
      <TestMethod codeBase="c:\agt6\_work\6\a\api\environment\regapiautomation\testdata\fisap-datacorrection\prereq-ineligible-19_20\prereq-fisap-datacorrection@hp-ineligible-19_20-enrollstudent-generictest.generictest" adapterTypeName="executor://orderedtestadapter/v1" className="c:\agt6\_work\6\a\api\environment\regapiautomation\testdata\fisap-datacorrection\prereq-ineligible-19_20\prereq-fisap-datacorrection@hp-ineligible-19_20-enrollstudent-generictest" name="prereq-fisap-datacorrection@hp-ineligible-19_20-enrollstudent-generictest" />
    </UnitTest>
    <OrderedTest name="OT-10R-CollegeFinancePlan-Student-Saved-Grad-All-21_22" storage="c:\agt6\_work\6\a\api\orderedtest\ot-10r-collegefinanceplan-student-saved-grad-all-21_22.orderedtest" id="f407b2bc-f210-477d-a0f9-0cbd27fd4b46">
      <Execution id="4ff42948-cea1-4315-ab09-f05635d83582" />
      <TestLinks>
        <TestLink id="c4ce48df-bba4-4f47-b69d-ee33d1981eb3" name="prereq-collegefinanceplan-student@saved-grad-all-21_22-createstudent-generictest" storage="c:\agt6\_work\6\a\api\environment\regapiautomation\testdata\shoppingsheets\prereq-student-saved-grad-all-21_22\prereq-collegefinanceplan-student@saved-grad-all-21_22-createstudent-generictest.generictest" />
        <TestLink id="6d5c09d2-046f-4dae-8858-41fa0be1c3de" name="prereq-collegefinanceplan-student@saved-grad-all-21_22-importisir-generictest" storage="c:\agt6\_work\6\a\api\environment\regapiautomation\testdata\shoppingsheets\prereq-student-saved-grad-all-21_22\prereq-collegefinanceplan-student@saved-grad-all-21_22-importisir-generictest.generictest" />
        <TestLink id="fa0959fe-e713-4e38-aad8-1fb3aa0e25fd" name="prereq-collegefinanceplan-student@saved-grad-all-21_22-enrollstudent-generictest" storage="c:\agt6\_work\6\a\api\environment\regapiautomation\testdata\shoppingsheets\prereq-student-saved-grad-all-21_22\prereq-collegefinanceplan-student@saved-grad-all-21_22-enrollstudent-generictest.generictest" />
        <TestLink id="e1204454-f111-420f-9994-8229d7f3a43f" name="prereq-collegefinanceplan-student@saved-grad-all-21_22-updatebudgetforacademicyearforpackaging-generictest" storage="c:\agt6\_work\6\a\api\environment\regapiautomation\testdata\shoppingsheets\prereq-student-saved-grad-all-21_22\prereq-collegefinanceplan-student@saved-grad-all-21_22-updatebudgetforacademicyearforpackaging-generictest.generictest" />
        <TestLink id="c958152b-26ac-4f4b-9276-5d8e2d52bf83" name="prereq-collegefinanceplan-student@saved-grad-all-21_22-awardgrantorloanforpackaging-generictest" storage="c:\agt6\_work\6\a\api\environment\regapiautomation\testdata\shoppingsheets\prereq-student-saved-grad-all-21_22\prereq-collegefinanceplan-student@saved-grad-all-21_22-awardgrantorloanforpackaging-generictest.generictest" />
        <TestLink id="139e63b3-2051-4895-a8f4-3f57b30db4ee" name="prereq-collegefinanceplan-student@saved-grad-all-21_22-awardloanforpackaging-generictest" storage="c:\agt6\_work\6\a\api\environment\regapiautomation\testdata\shoppingsheets\prereq-student-saved-grad-all-21_22\prereq-collegefinanceplan-student@saved-grad-all-21_22-awardloanforpackaging-generictest.generictest" />
        <TestLink id="8f501d3f-8637-4717-bfac-d9852c9f5475" name="collegefinanceplan-student@saved-grad-all-21_22-generictest" storage="c:\agt6\_work\6\a\api\environment\regapiautomation\testdata\shoppingsheets\collegefinanceplan-student@saved-grad-all-21_22-generictest.generictest" />
      </TestLinks>
    </OrderedTest>
    <UnitTest name="prereq-ipedscompletionsurvey@hp-enroll-generictest" storage="c:\agt6\_work\6\a\api\environment\regapiautomation\testdata\ipeds\prereq\prereq-ipedscompletionsurvey@hp-enroll-generictest.generictest" id="e82c24fc-2983-44b2-a8eb-c33ddce6b024">
      <Execution id="3944787e-9e5f-47c3-b6d9-11933678df03" parentId="ab133d41-e473-4216-ab68-0f3ac43f219e" />
      <TestMethod codeBase="c:\agt6\_work\6\a\api\environment\regapiautomation\testdata\ipeds\prereq\prereq-ipedscompletionsurvey@hp-enroll-generictest.generictest" adapterTypeName="executor://orderedtestadapter/v1" className="c:\agt6\_work\6\a\api\environment\regapiautomation\testdata\ipeds\prereq\prereq-ipedscompletionsurvey@hp-enroll-generictest" name="prereq-ipedscompletionsurvey@hp-enroll-generictest" />
    </UnitTest>
    <UnitTest name="prereq-fisap-datacorrection@report-summary-19_20-registerclassandpostattendance-generictest" storage="c:\agt6\_work\6\a\api\environment\regapiautomation\testdata\fisap-datacorrection\prereq-report-summary-19_20\prereq-fisap-datacorrection@report-summary-19_20-registerclassandpostattendance-generictest.generictest" id="c7ab4523-ef20-4f7b-88c1-e537bb4012ee">
      <Execution id="9c0e8a2a-e99b-4552-b8f2-138c4cf9327b" parentId="aa45d248-d3be-4714-80a6-d8b03b78f18a" />
      <TestMethod codeBase="c:\agt6\_work\6\a\api\environment\regapiautomation\testdata\fisap-datacorrection\prereq-report-summary-19_20\prereq-fisap-datacorrection@report-summary-19_20-registerclassandpostattendance-generictest.generictest" adapterTypeName="executor://orderedtestadapter/v1" className="c:\agt6\_work\6\a\api\environment\regapiautomation\testdata\fisap-datacorrection\prereq-report-summary-19_20\prereq-fisap-datacorrection@report-summary-19_20-registerclassandpostattendance-generictest" name="prereq-fisap-datacorrection@report-summary-19_20-registerclassandpostattendance-generictest" />
    </UnitTest>
    <UnitTest name="fisap-datacorrection@invaliddepmodel-20_21-generictest" storage="c:\agt6\_work\6\a\api\environment\regapiautomation\testdata\fisap-datacorrection\fisap-datacorrection@invaliddepmodel-20_21-generictest.generictest" id="d5fb5a1a-6155-42fe-ae4e-5819b3dec2b9">
      <Execution id="800f74a9-9ec7-4b0c-92dd-b1aadaf5fe6f" parentId="904cd9df-22ae-4cf6-9821-5c23e51fbf49" />
      <TestMethod codeBase="c:\agt6\_work\6\a\api\environment\regapiautomation\testdata\fisap-datacorrection\fisap-datacorrection@invaliddepmodel-20_21-generictest.generictest" adapterTypeName="executor://orderedtestadapter/v1" className="c:\agt6\_work\6\a\api\environment\regapiautomation\testdata\fisap-datacorrection\fisap-datacorrection@invaliddepmodel-20_21-generictest" name="fisap-datacorrection@invaliddepmodel-20_21-generictest" />
    </UnitTest>
    <UnitTest name="prereq-fisap-datacorrection@columna-20_21-changestudentstatus-generictest" storage="c:\agt6\_work\6\a\api\environment\regapiautomation\testdata\fisap-datacorrection\prereq-columna-20-21\prereq-fisap-datacorrection@columna-20_21-changestudentstatus-generictest.generictest" id="5e698e50-574b-4edc-a8fd-6b2db357b0d1">
      <Execution id="baae64d0-8682-4090-b24c-b172cd78707e" parentId="1b80f72f-2e8a-4682-ab8e-9c15673042ab" />
      <TestMethod codeBase="c:\agt6\_work\6\a\api\environment\regapiautomation\testdata\fisap-datacorrection\prereq-columna-20-21\prereq-fisap-datacorrection@columna-20_21-changestudentstatus-generictest.generictest" adapterTypeName="executor://orderedtestadapter/v1" className="c:\agt6\_work\6\a\api\environment\regapiautomation\testdata\fisap-datacorrection\prereq-columna-20-21\prereq-fisap-datacorrection@columna-20_21-changestudentstatus-generictest" name="prereq-fisap-datacorrection@columna-20_21-changestudentstatus-generictest" />
    </UnitTest>
    <UnitTest name="cod-export@loans-grants-21_22-export-generictest" storage="c:\agt6\_work\6\a\api\environment\regapiautomation\testdata\codexport\cod-export@loans-grants-21_22-export-generictest.generictest" id="cac1be5b-84e5-4b32-9443-b184e2df83cb">
      <Execution id="809e9838-6531-46a5-878e-052d2bcab4b3" parentId="300b7aae-6fa8-43f0-b94e-28f948bd5c45" />
      <TestMethod codeBase="c:\agt6\_work\6\a\api\environment\regapiautomation\testdata\codexport\cod-export@loans-grants-21_22-export-generictest.generictest" adapterTypeName="executor://orderedtestadapter/v1" className="c:\agt6\_work\6\a\api\environment\regapiautomation\testdata\codexport\cod-export@loans-grants-21_22-export-generictest" name="cod-export@loans-grants-21_22-export-generictest" />
    </UnitTest>
    <UnitTest name="fisap-datacorrection@noclasses-19_20-generictest" storage="c:\agt6\_work\6\a\api\environment\regapiautomation\testdata\fisap-datacorrection\fisap-datacorrection@noclasses-19_20-generictest.generictest" id="dc74fd9e-7745-491b-b771-185fe2a51493">
      <Execution id="a99f16ca-5b53-4489-82c3-52620ee9c88c" parentId="6ee7da16-d39c-4948-b9eb-4981a8ea6714" />
      <TestMethod codeBase="c:\agt6\_work\6\a\api\environment\regapiautomation\testdata\fisap-datacorrection\fisap-datacorrection@noclasses-19_20-generictest.generictest" adapterTypeName="executor://orderedtestadapter/v1" className="c:\agt6\_work\6\a\api\environment\regapiautomation\testdata\fisap-datacorrection\fisap-datacorrection@noclasses-19_20-generictest" name="fisap-datacorrection@noclasses-19_20-generictest" />
    </UnitTest>
    <UnitTest name="cod-export@regenerate-21_22-generictest" storage="c:\agt6\_work\6\a\api\environment\regapiautomation\testdata\codexport\cod-export@regenerate-21_22-generictest.generictest" id="cac1be5b-84e5-4b32-9443-b184e2df83cd">
      <Execution id="de0706fc-63d6-4ec6-a638-479e83df58b1" parentId="5a8771e7-72c5-465b-b762-48c7991620d1" />
      <TestMethod codeBase="c:\agt6\_work\6\a\api\environment\regapiautomation\testdata\codexport\cod-export@regenerate-21_22-generictest.generictest" adapterTypeName="executor://orderedtestadapter/v1" className="c:\agt6\_work\6\a\api\environment\regapiautomation\testdata\codexport\cod-export@regenerate-21_22-generictest" name="cod-export@regenerate-21_22-generictest" />
    </UnitTest>
    <UnitTest name="prereq-cod-export@regenerate-21_22-export-generictest" storage="c:\agt6\_work\6\a\api\environment\regapiautomation\testdata\codexport\prereq-regenerate-21_22\prereq-cod-export@regenerate-21_22-export-generictest.generictest" id="cac1be5b-84e5-4b32-9443-b184e2df83ce">
      <Execution id="8dcd7d55-34df-480f-b5dc-3e62a3ae5ace" parentId="5a8771e7-72c5-465b-b762-48c7991620d1" />
      <TestMethod codeBase="c:\agt6\_work\6\a\api\environment\regapiautomation\testdata\codexport\prereq-regenerate-21_22\prereq-cod-export@regenerate-21_22-export-generictest.generictest" adapterTypeName="executor://orderedtestadapter/v1" className="c:\agt6\_work\6\a\api\environment\regapiautomation\testdata\codexport\prereq-regenerate-21_22\prereq-cod-export@regenerate-21_22-export-generictest" name="prereq-cod-export@regenerate-21_22-export-generictest" />
    </UnitTest>
    <UnitTest name="appproc-studentisir-view@hp-commentcodes-21_22-generictest" storage="c:\agt6\_work\6\a\api\environment\regapiautomation\testdata\studentisir\appproc-studentisir-view@hp-commentcodes-21_22-generictest.generictest" id="2bd7af7e-166b-4f34-9582-ab21df05fe96">
      <Execution id="f6048a8a-a4cb-4248-8a7e-c60ae093285d" parentId="9046532c-4bd2-4273-9ab3-bbd600096885" />
      <TestMethod codeBase="c:\agt6\_work\6\a\api\environment\regapiautomation\testdata\studentisir\appproc-studentisir-view@hp-commentcodes-21_22-generictest.generictest" adapterTypeName="executor://orderedtestadapter/v1" className="c:\agt6\_work\6\a\api\environment\regapiautomation\testdata\studentisir\appproc-studentisir-view@hp-commentcodes-21_22-generictest" name="appproc-studentisir-view@hp-commentcodes-21_22-generictest" />
    </UnitTest>
    <UnitTest name="prereq-fisap-datacorrection@hp-enrollstudent-generictest" storage="c:\agt6\_work\6\a\api\environment\regapiautomation\testdata\fisap-datacorrection\prereq\prereq-fisap-datacorrection@hp-enrollstudent-generictest.generictest" id="72003129-f343-4e78-b69f-e42e6301979b">
      <Execution id="74b7c0fe-8acb-480a-a94e-47764722def8" parentId="91a4ca53-10d7-4540-9086-eb88b81d36c6" />
      <TestMethod codeBase="c:\agt6\_work\6\a\api\environment\regapiautomation\testdata\fisap-datacorrection\prereq\prereq-fisap-datacorrection@hp-enrollstudent-generictest.generictest" adapterTypeName="executor://orderedtestadapter/v1" className="c:\agt6\_work\6\a\api\environment\regapiautomation\testdata\fisap-datacorrection\prereq\prereq-fisap-datacorrection@hp-enrollstudent-generictest" name="prereq-fisap-datacorrection@hp-enrollstudent-generictest" />
    </UnitTest>
    <UnitTest name="appproc-studentisir-view@hp-commentcodes-generictest" storage="c:\agt6\_work\6\a\api\environment\regapiautomation\testdata\studentisir\appproc-studentisir-view@hp-commentcodes-generictest.generictest" id="2bd7af7e-166b-4f34-9582-ab21df05fe95">
      <Execution id="a59030c3-5618-456d-8964-73ff8fc4554d" parentId="c1f03321-246f-45ca-a322-ee983c9ec60f" />
      <TestMethod codeBase="c:\agt6\_work\6\a\api\environment\regapiautomation\testdata\studentisir\appproc-studentisir-view@hp-commentcodes-generictest.generictest" adapterTypeName="executor://orderedtestadapter/v1" className="c:\agt6\_work\6\a\api\environment\regapiautomation\testdata\studentisir\appproc-studentisir-view@hp-commentcodes-generictest" name="appproc-studentisir-view@hp-commentcodes-generictest" />
    </UnitTest>
    <UnitTest name="prereq-fisap-datacorrection@dependentgrad-19_20-registerclassandpostattendance-generictest" storage="c:\agt6\_work\6\a\api\environment\regapiautomation\testdata\fisap-datacorrection\prereq-dependentgrad-19-20\prereq-fisap-datacorrection@dependentgrad-19_20-registerclassandpostattendance-generictest.generictest" id="9a3f9252-81d6-4c3e-868f-dd0a17d2c7a9">
      <Execution id="1313cd07-0bd1-4ba1-8f26-bf68113da57e" parentId="1c1b619b-4924-43f3-bf75-e324043e3d97" />
      <TestMethod codeBase="c:\agt6\_work\6\a\api\environment\regapiautomation\testdata\fisap-datacorrection\prereq-dependentgrad-19-20\prereq-fisap-datacorrection@dependentgrad-19_20-registerclassandpostattendance-generictest.generictest" adapterTypeName="executor://orderedtestadapter/v1" className="c:\agt6\_work\6\a\api\environment\regapiautomation\testdata\fisap-datacorrection\prereq-dependentgrad-19-20\prereq-fisap-datacorrection@dependentgrad-19_20-registerclassandpostattendance-generictest" name="prereq-fisap-datacorrection@dependentgrad-19_20-registerclassandpostattendance-generictest" />
    </UnitTest>
    <UnitTest name="prereq-codexport@hp-originationsonly-21_22-updatebudgetforacademicyearforpackaging-generictest" storage="c:\agt6\_work\6\a\api\environment\regapiautomation\testdata\codexport\prereq-originationsonly-21_22\prereq-codexport@hp-originationsonly-21_22-updatebudgetforacademicyearforpackaging-generictest.generictest" id="e8002457-e01c-4be1-80a9-0b7e84f13ad7">
      <Execution id="af92131b-3f13-4f21-a7ac-138912a8cc2e" parentId="dd65fd67-5067-44cd-8850-842e53274555" />
      <TestMethod codeBase="c:\agt6\_work\6\a\api\environment\regapiautomation\testdata\codexport\prereq-originationsonly-21_22\prereq-codexport@hp-originationsonly-21_22-updatebudgetforacademicyearforpackaging-generictest.generictest" adapterTypeName="executor://orderedtestadapter/v1" className="c:\agt6\_work\6\a\api\environment\regapiautomation\testdata\codexport\prereq-originationsonly-21_22\prereq-codexport@hp-originationsonly-21_22-updatebudgetforacademicyearforpackaging-generictest" name="prereq-codexport@hp-originationsonly-21_22-updatebudgetforacademicyearforpackaging-generictest" />
    </UnitTest>
    <UnitTest name="codexceptions@resolve-award-pn-second-21_22-generictest" storage="c:\agt6\_work\6\a\api\environment\regapiautomation\testdata\codexceptions\codexceptions@resolve-award-pn-second-21_22-generictest.generictest" id="2b551c37-c223-4e21-87ba-3ce7e9d16af6">
      <Execution id="7d44802a-d330-46ad-802a-f01e00769dd5" parentId="e3b66657-a9f6-4472-a6cd-7f0a51b3a969" />
      <TestMethod codeBase="c:\agt6\_work\6\a\api\environment\regapiautomation\testdata\codexceptions\codexceptions@resolve-award-pn-second-21_22-generictest.generictest" adapterTypeName="executor://orderedtestadapter/v1" className="c:\agt6\_work\6\a\api\environment\regapiautomation\testdata\codexceptions\codexceptions@resolve-award-pn-second-21_22-generictest" name="codexceptions@resolve-award-pn-second-21_22-generictest" />
    </UnitTest>
    <UnitTest name="codexceptions@hp-resolve-award-bn-second-21_22-generictest" storage="c:\agt6\_work\6\a\api\environment\regapiautomation\testdata\codexceptions\codexceptions@hp-resolve-award-bn-second-21_22-generictest.generictest" id="2b551c37-c223-4e21-87ba-3ce7e9d16af5">
      <Execution id="3fedf163-d8c3-4eb7-bb59-b3141ea31f2d" parentId="ac0cbf78-2e81-457a-b65b-fdc11e34bc33" />
      <TestMethod codeBase="c:\agt6\_work\6\a\api\environment\regapiautomation\testdata\codexceptions\codexceptions@hp-resolve-award-bn-second-21_22-generictest.generictest" adapterTypeName="executor://orderedtestadapter/v1" className="c:\agt6\_work\6\a\api\environment\regapiautomation\testdata\codexceptions\codexceptions@hp-resolve-award-bn-second-21_22-generictest" name="codexceptions@hp-resolve-award-bn-second-21_22-generictest" />
    </UnitTest>
    <UnitTest name="collegefinanceplan-config@prospectivestudentsgrants-21_22-generictest" storage="c:\agt6\_work\6\a\api\environment\regapiautomation\testdata\shoppingsheets\collegefinanceplan-config@prospectivestudentsgrants-21_22-generictest.generictest" id="c0239241-e77a-49ed-b6b1-199de5beb54d">
      <Execution id="89978ce9-fef8-4465-9cd1-c401c58255ae" parentId="613c3c01-58c9-42ed-86cc-0ef93de9d1ec" />
      <TestMethod codeBase="c:\agt6\_work\6\a\api\environment\regapiautomation\testdata\shoppingsheets\collegefinanceplan-config@prospectivestudentsgrants-21_22-generictest.generictest" adapterTypeName="executor://orderedtestadapter/v1" className="c:\agt6\_work\6\a\api\environment\regapiautomation\testdata\shoppingsheets\collegefinanceplan-config@prospectivestudentsgrants-21_22-generictest" name="collegefinanceplan-config@prospectivestudentsgrants-21_22-generictest" />
    </UnitTest>
    <OrderedTest name="OT-06D-FISAP-NoClasses-19_20" storage="c:\agt6\_work\6\a\api\orderedtest\ot-06d-fisap-noclasses-19_20.orderedtest" id="50b87d5c-3685-4a1c-b30e-f04edc86018d">
      <Execution id="6ee7da16-d39c-4948-b9eb-4981a8ea6714" />
      <TestLinks>
        <TestLink id="8d69d740-51eb-4496-b261-8ee0ef835425" name="prereq-fisap-datacorrection@noclasses-19_20-createstudent-generictest" storage="c:\agt6\_work\6\a\api\environment\regapiautomation\testdata\fisap-datacorrection\prereq-noclasses-19_20\prereq-fisap-datacorrection@noclasses-19_20-createstudent-generictest.generictest" />
        <TestLink id="aa498f7a-d1c6-4d83-b471-72dfa04e605d" name="prereq-fisap-datacorrection@noclasses-19_20-importisir-generictest" storage="c:\agt6\_work\6\a\api\environment\regapiautomation\testdata\fisap-datacorrection\prereq-noclasses-19_20\prereq-fisap-datacorrection@noclasses-19_20-importisir-generictest.generictest" />
        <TestLink id="1908f3c1-ac30-41e0-986f-127136802680" name="prereq-fisap-datacorrection@noclasses-19_20-enrollstudent-generictest" storage="c:\agt6\_work\6\a\api\environment\regapiautomation\testdata\fisap-datacorrection\prereq-noclasses-19_20\prereq-fisap-datacorrection@noclasses-19_20-enrollstudent-generictest.generictest" />
        <TestLink id="50a9d364-e996-4744-a630-90f09bb96893" name="prereq-fisap-datacorrection@noclasses-19_20-updatebudgetforacademicyearforpackaging-generictest" storage="c:\agt6\_work\6\a\api\environment\regapiautomation\testdata\fisap-datacorrection\prereq-noclasses-19_20\prereq-fisap-datacorrection@noclasses-19_20-updatebudgetforacademicyearforpackaging-generictest.generictest" />
        <TestLink id="89b70e74-a2a4-48f0-b14b-5422eb7afc1c" name="prereq-fisap-datacorrection@noclasses-19_20-awardgrantforpackaging-generictest" storage="c:\agt6\_work\6\a\api\environment\regapiautomation\testdata\fisap-datacorrection\prereq-noclasses-19_20\prereq-fisap-datacorrection@noclasses-19_20-awardgrantforpackaging-generictest.generictest" />
        <TestLink id="0fa2b87f-a0c3-4a23-aa8e-3bf72799a0c9" name="prereq-fisap-datacorrection@noclasses-19_20-postpaymentledgercard-generictest" storage="c:\agt6\_work\6\a\api\environment\regapiautomation\testdata\fisap-datacorrection\prereq-noclasses-19_20\prereq-fisap-datacorrection@noclasses-19_20-postpaymentledgercard-generictest.generictest" />
        <TestLink id="b22eb6f6-cae0-404d-8d07-9cdddec4785a" name="prereq-fisap-datacorrection@noclasses-19_20-changestudentstatus-generictest" storage="c:\agt6\_work\6\a\api\environment\regapiautomation\testdata\fisap-datacorrection\prereq-noclasses-19_20\prereq-fisap-datacorrection@noclasses-19_20-changestudentstatus-generictest.generictest" />
        <TestLink id="dc74fd9e-7745-491b-b771-185fe2a51493" name="fisap-datacorrection@noclasses-19_20-generictest" storage="c:\agt6\_work\6\a\api\environment\regapiautomation\testdata\fisap-datacorrection\fisap-datacorrection@noclasses-19_20-generictest.generictest" />
      </TestLinks>
    </OrderedTest>
    <UnitTest name="appproc-isirprint@hp-isirbatchprint-21_22-generictest" storage="c:\agt6\_work\6\a\api\environment\regapiautomation\testdata\isirprint\appproc-isirprint@hp-isirbatchprint-21_22-generictest.generictest" id="06768748-1336-46cf-bc09-0635d120a2c3">
      <Execution id="fefc0ed9-ca0b-449c-a800-a9431ddc9850" parentId="f687f83f-35d3-4cd0-ae38-43637f8f4f7d" />
      <TestMethod codeBase="c:\agt6\_work\6\a\api\environment\regapiautomation\testdata\isirprint\appproc-isirprint@hp-isirbatchprint-21_22-generictest.generictest" adapterTypeName="executor://orderedtestadapter/v1" className="c:\agt6\_work\6\a\api\environment\regapiautomation\testdata\isirprint\appproc-isirprint@hp-isirbatchprint-21_22-generictest" name="appproc-isirprint@hp-isirbatchprint-21_22-generictest" />
    </UnitTest>
    <UnitTest name="appproc-isirprint@hp-isirbatchprint-generictest" storage="c:\agt6\_work\6\a\api\environment\regapiautomation\testdata\isirprint\appproc-isirprint@hp-isirbatchprint-generictest.generictest" id="06768748-1336-46cf-bc09-0635d120a2c2">
      <Execution id="a6333f9a-9287-4161-ba5f-44d309b62134" parentId="e16874f7-2c2d-4d35-9f03-ff09149034ba" />
      <TestMethod codeBase="c:\agt6\_work\6\a\api\environment\regapiautomation\testdata\isirprint\appproc-isirprint@hp-isirbatchprint-generictest.generictest" adapterTypeName="executor://orderedtestadapter/v1" className="c:\agt6\_work\6\a\api\environment\regapiautomation\testdata\isirprint\appproc-isirprint@hp-isirbatchprint-generictest" name="appproc-isirprint@hp-isirbatchprint-generictest" />
    </UnitTest>
    <UnitTest name="prereq-fisap-datacorrection@noclasses-20_21-updatebudgetforacademicyearforpackaging-generictest" storage="c:\agt6\_work\6\a\api\environment\regapiautomation\testdata\fisap-datacorrection\prereq-noclasses-20_21\prereq-fisap-datacorrection@noclasses-20_21-updatebudgetforacademicyearforpackaging-generictest.generictest" id="339fd6fa-7d50-4119-b4e8-7173b431a7bf">
      <Execution id="8d83bc02-f074-4232-b7ab-ec74042b44ee" parentId="b76deeda-7a4f-4611-b3f9-e8f5ad920870" />
      <TestMethod codeBase="c:\agt6\_work\6\a\api\environment\regapiautomation\testdata\fisap-datacorrection\prereq-noclasses-20_21\prereq-fisap-datacorrection@noclasses-20_21-updatebudgetforacademicyearforpackaging-generictest.generictest" adapterTypeName="executor://orderedtestadapter/v1" className="c:\agt6\_work\6\a\api\environment\regapiautomation\testdata\fisap-datacorrection\prereq-noclasses-20_21\prereq-fisap-datacorrection@noclasses-20_21-updatebudgetforacademicyearforpackaging-generictest" name="prereq-fisap-datacorrection@noclasses-20_21-updatebudgetforacademicyearforpackaging-generictest" />
    </UnitTest>
    <UnitTest name="prereq-codimport@bn-21_22-enrollstudent-generictest" storage="c:\agt6\_work\6\a\api\environment\regapiautomation\testdata\codimport\prereq-codimport-bn-21_22\prereq-codimport@bn-21_22-enrollstudent-generictest.generictest" id="a43e8873-9041-4e33-99a6-5810d0a3598b">
      <Execution id="a956f283-1644-4788-aea8-af5db444929a" parentId="05751b49-b3d2-420a-9fe7-b1bcfbcbfec2" />
      <TestMethod codeBase="c:\agt6\_work\6\a\api\environment\regapiautomation\testdata\codimport\prereq-codimport-bn-21_22\prereq-codimport@bn-21_22-enrollstudent-generictest.generictest" adapterTypeName="executor://orderedtestadapter/v1" className="c:\agt6\_work\6\a\api\environment\regapiautomation\testdata\codimport\prereq-codimport-bn-21_22\prereq-codimport@bn-21_22-enrollstudent-generictest" name="prereq-codimport@bn-21_22-enrollstudent-generictest" />
    </UnitTest>
    <OrderedTest name="OT-10-ShoppingSheet" storage="c:\agt6\_work\6\a\api\orderedtest\ot-10-shoppingsheet.orderedtest" id="4cc018d6-9c36-4e05-ac7d-90edda63fc53">
      <Execution id="1dc9e166-d7ca-41ee-8d6c-b5317b4ce4f1" />
      <TestLinks>
        <TestLink id="7bd6ad64-70f9-4b50-8dab-f8cc34acede3" name="prereq-shoppingsheets-student@hp-print-importisir-generictest" storage="c:\agt6\_work\6\a\api\environment\regapiautomation\testdata\shoppingsheets\prereq\prereq-shoppingsheets-student@hp-print-importisir-generictest.generictest" />
        <TestLink id="6db8057f-ae0e-42ee-bf8e-8f10bd04cf1c" name="prereq-shoppingsheets-student@hp-print-enroll-generictest" storage="c:\agt6\_work\6\a\api\environment\regapiautomation\testdata\shoppingsheets\prereq\prereq-shoppingsheets-student@hp-print-enroll-generictest.generictest" />
        <TestLink id="451322d8-1584-4c96-a4d2-cd83269d4dbb" name="shoppingsheets-student@hp-print-generictest" storage="c:\agt6\_work\6\a\api\environment\regapiautomation\testdata\shoppingsheets\shoppingsheets-student@hp-print-generictest.generictest" />
      </TestLinks>
    </OrderedTest>
    <UnitTest name="fisap-datacorrection@noclasses-20_21-generictest" storage="c:\agt6\_work\6\a\api\environment\regapiautomation\testdata\fisap-datacorrection\fisap-datacorrection@noclasses-20_21-generictest.generictest" id="ad9f75c1-a13a-4811-be3f-451257ab6f48">
      <Execution id="7006f32e-dc7f-4c09-9a5e-e93eb801caed" parentId="b76deeda-7a4f-4611-b3f9-e8f5ad920870" />
      <TestMethod codeBase="c:\agt6\_work\6\a\api\environment\regapiautomation\testdata\fisap-datacorrection\fisap-datacorrection@noclasses-20_21-generictest.generictest" adapterTypeName="executor://orderedtestadapter/v1" className="c:\agt6\_work\6\a\api\environment\regapiautomation\testdata\fisap-datacorrection\fisap-datacorrection@noclasses-20_21-generictest" name="fisap-datacorrection@noclasses-20_21-generictest" />
    </UnitTest>
    <OrderedTest name="OT-02F-CODImport-BN-21_22" storage="c:\agt6\_work\6\a\api\orderedtest\ot-02f-codimport-bn-21_22.orderedtest" id="c4101f9d-51e1-48d0-a099-e19b85b95e0f">
      <Execution id="05751b49-b3d2-420a-9fe7-b1bcfbcbfec2" />
      <TestLinks>
        <TestLink id="5683fef9-05cf-4edd-ac28-1e207a425f7e" name="prereq-codimport@bn-21_22-createstudent-generictest" storage="c:\agt6\_work\6\a\api\environment\regapiautomation\testdata\codimport\prereq-codimport-bn-21_22\prereq-codimport@bn-21_22-createstudent-generictest.generictest" />
        <TestLink id="fc9aa86e-d200-4951-9c3f-ff60e68bc6aa" name="prereq-codimport@bn-21_22-importisir-generictest" storage="c:\agt6\_work\6\a\api\environment\regapiautomation\testdata\codimport\prereq-codimport-bn-21_22\prereq-codimport@bn-21_22-importisir-generictest.generictest" />
        <TestLink id="a43e8873-9041-4e33-99a6-5810d0a3598b" name="prereq-codimport@bn-21_22-enrollstudent-generictest" storage="c:\agt6\_work\6\a\api\environment\regapiautomation\testdata\codimport\prereq-codimport-bn-21_22\prereq-codimport@bn-21_22-enrollstudent-generictest.generictest" />
        <TestLink id="547fb208-3df0-4667-b2a4-612c9c8080b2" name="prereq-codimport@bn-21_22-updatebudgetforacademicyearforpackaging-generictest" storage="c:\agt6\_work\6\a\api\environment\regapiautomation\testdata\codimport\prereq-codimport-bn-21_22\prereq-codimport@bn-21_22-updatebudgetforacademicyearforpackaging-generictest.generictest" />
        <TestLink id="05df57c3-f35b-4299-9951-bc08097a6283" name="prereq-codimport@bn-21_22-awardloanforpackaging-generictest" storage="c:\agt6\_work\6\a\api\environment\regapiautomation\testdata\codimport\prereq-codimport-bn-21_22\prereq-codimport@bn-21_22-awardloanforpackaging-generictest.generictest" />
        <TestLink id="d76b35fd-cc5a-4266-a416-2e375d280f79" name="codimport@bn-21_22-generictest" storage="c:\agt6\_work\6\a\api\environment\regapiautomation\testdata\codimport\codimport@bn-21_22-generictest.generictest" />
      </TestLinks>
    </OrderedTest>
    <UnitTest name="prereq-fisap-datacorrection@report-detail-20_21-changestudentstatus-generictest" storage="c:\agt6\_work\6\a\api\environment\regapiautomation\testdata\fisap-datacorrection\prereq-report-detail-20_21\prereq-fisap-datacorrection@report-detail-20_21-changestudentstatus-generictest.generictest" id="5e96b3dd-38e5-474d-99b5-75035f2fef5e">
      <Execution id="b09552c8-7243-4113-a64a-e68972c8fd9d" parentId="e4bc49c0-0d6c-4200-b587-34d08029f03b" />
      <TestMethod codeBase="c:\agt6\_work\6\a\api\environment\regapiautomation\testdata\fisap-datacorrection\prereq-report-detail-20_21\prereq-fisap-datacorrection@report-detail-20_21-changestudentstatus-generictest.generictest" adapterTypeName="executor://orderedtestadapter/v1" className="c:\agt6\_work\6\a\api\environment\regapiautomation\testdata\fisap-datacorrection\prereq-report-detail-20_21\prereq-fisap-datacorrection@report-detail-20_21-changestudentstatus-generictest" name="prereq-fisap-datacorrection@report-detail-20_21-changestudentstatus-generictest" />
    </UnitTest>
    <UnitTest name="prereq-fisap-datacorrection@noisir-createstudent-generictest" storage="c:\agt6\_work\6\a\api\environment\regapiautomation\testdata\fisap-datacorrection\prereq-noisir\prereq-fisap-datacorrection@noisir-createstudent-generictest.generictest" id="5621c363-3f64-425f-85e0-3ad95ae38126">
      <Execution id="679859b9-e566-4bae-8285-adb900673a91" parentId="ce3f5317-6a07-4aac-93c9-3ec841b3a9ce" />
      <TestMethod codeBase="c:\agt6\_work\6\a\api\environment\regapiautomation\testdata\fisap-datacorrection\prereq-noisir\prereq-fisap-datacorrection@noisir-createstudent-generictest.generictest" adapterTypeName="executor://orderedtestadapter/v1" className="c:\agt6\_work\6\a\api\environment\regapiautomation\testdata\fisap-datacorrection\prereq-noisir\prereq-fisap-datacorrection@noisir-createstudent-generictest" name="prereq-fisap-datacorrection@noisir-createstudent-generictest" />
    </UnitTest>
    <UnitTest name="prereq-ipedscompletionsurvey@hp-graduatestudentstatus-generictest" storage="c:\agt6\_work\6\a\api\environment\regapiautomation\testdata\ipeds\prereq\prereq-ipedscompletionsurvey@hp-graduatestudentstatus-generictest.generictest" id="4abce5a7-8aac-44e5-b4ba-54c39cff5aca">
      <Execution id="c656b1b8-127e-4c74-bba5-70eea9b13224" parentId="17f7a4dd-0161-4e4c-84e9-062dda432156" />
      <TestMethod codeBase="c:\agt6\_work\6\a\api\environment\regapiautomation\testdata\ipeds\prereq\prereq-ipedscompletionsurvey@hp-graduatestudentstatus-generictest.generictest" adapterTypeName="executor://orderedtestadapter/v1" className="c:\agt6\_work\6\a\api\environment\regapiautomation\testdata\ipeds\prereq\prereq-ipedscompletionsurvey@hp-graduatestudentstatus-generictest" name="prereq-ipedscompletionsurvey@hp-graduatestudentstatus-generictest" />
    </UnitTest>
    <UnitTest name="prereq-ipedscompletionsurvey@hp-registerclassandpostattendance-generictest" storage="c:\agt6\_work\6\a\api\environment\regapiautomation\testdata\ipeds\prereq\prereq-ipedscompletionsurvey@hp-registerclassandpostattendance-generictest.generictest" id="c4c4367d-5052-4a7d-b92f-a3414daf0a37">
      <Execution id="a5f3a3bb-6656-4546-a283-662ccaf38e11" parentId="ab133d41-e473-4216-ab68-0f3ac43f219e" />
      <TestMethod codeBase="c:\agt6\_work\6\a\api\environment\regapiautomation\testdata\ipeds\prereq\prereq-ipedscompletionsurvey@hp-registerclassandpostattendance-generictest.generictest" adapterTypeName="executor://orderedtestadapter/v1" className="c:\agt6\_work\6\a\api\environment\regapiautomation\testdata\ipeds\prereq\prereq-ipedscompletionsurvey@hp-registerclassandpostattendance-generictest" name="prereq-ipedscompletionsurvey@hp-registerclassandpostattendance-generictest" />
    </UnitTest>
    <UnitTest name="prereq-fisap-datacorrection@report-summary-19_20-enrollstudent-generictest" storage="c:\agt6\_work\6\a\api\environment\regapiautomation\testdata\fisap-datacorrection\prereq-report-summary-19_20\prereq-fisap-datacorrection@report-summary-19_20-enrollstudent-generictest.generictest" id="c64b02e4-d3ad-4a85-9ed3-833b58bfe5c8">
      <Execution id="9e2cddc9-8b16-45bd-adef-d04b09375a4e" parentId="aa45d248-d3be-4714-80a6-d8b03b78f18a" />
      <TestMethod codeBase="c:\agt6\_work\6\a\api\environment\regapiautomation\testdata\fisap-datacorrection\prereq-report-summary-19_20\prereq-fisap-datacorrection@report-summary-19_20-enrollstudent-generictest.generictest" adapterTypeName="executor://orderedtestadapter/v1" className="c:\agt6\_work\6\a\api\environment\regapiautomation\testdata\fisap-datacorrection\prereq-report-summary-19_20\prereq-fisap-datacorrection@report-summary-19_20-enrollstudent-generictest" name="prereq-fisap-datacorrection@report-summary-19_20-enrollstudent-generictest" />
    </UnitTest>
    <UnitTest name="prereq-tsmexport@hp-registerclassandpostattendance-generictest" storage="c:\agt6\_work\6\a\api\environment\regapiautomation\testdata\tsmexport\prereq-hp-both-date\prereq-tsmexport@hp-registerclassandpostattendance-generictest.generictest" id="c4c4367d-5052-4a7d-b92f-a3414daf0a38">
      <Execution id="9c8611e2-029a-403d-a07d-3579fe248cfc" parentId="42ba3c3a-4665-4f5e-bffa-5e9418378c33" />
      <TestMethod codeBase="c:\agt6\_work\6\a\api\environment\regapiautomation\testdata\tsmexport\prereq-hp-both-date\prereq-tsmexport@hp-registerclassandpostattendance-generictest.generictest" adapterTypeName="executor://orderedtestadapter/v1" className="c:\agt6\_work\6\a\api\environment\regapiautomation\testdata\tsmexport\prereq-hp-both-date\prereq-tsmexport@hp-registerclassandpostattendance-generictest" name="prereq-tsmexport@hp-registerclassandpostattendance-generictest" />
    </UnitTest>
    <UnitTest name="prereq-fisap-datacorrection@invalidtransid-20_21-createstudent-generictest" storage="c:\agt6\_work\6\a\api\environment\regapiautomation\testdata\fisap-datacorrection\prereq-invalidtransid-20_21\prereq-fisap-datacorrection@invalidtransid-20_21-createstudent-generictest.generictest" id="0aa578d9-bc2c-470d-a461-bf598e90dff9">
      <Execution id="20c78432-8bb0-40b2-8ff8-f0f96ef2eac1" parentId="974e42be-1ae7-4083-84f3-e5188d755a0a" />
      <TestMethod codeBase="c:\agt6\_work\6\a\api\environment\regapiautomation\testdata\fisap-datacorrection\prereq-invalidtransid-20_21\prereq-fisap-datacorrection@invalidtransid-20_21-createstudent-generictest.generictest" adapterTypeName="executor://orderedtestadapter/v1" className="c:\agt6\_work\6\a\api\environment\regapiautomation\testdata\fisap-datacorrection\prereq-invalidtransid-20_21\prereq-fisap-datacorrection@invalidtransid-20_21-createstudent-generictest" name="prereq-fisap-datacorrection@invalidtransid-20_21-createstudent-generictest" />
    </UnitTest>
    <OrderedTest name="OT-06R-FISAP-UnkEnrollStatus-19_20" storage="c:\agt6\_work\6\a\api\orderedtest\ot-06r-fisap-unkenrollstatus-19_20.orderedtest" id="009acd4f-9701-4cca-81f5-bfe1d2748d18">
      <Execution id="4ed0a644-67a2-46b0-8987-640fb8ec249c" />
      <TestLinks>
        <TestLink id="3d93ed3a-2ab0-4db8-af87-bd0f005691f6" name="prereq-fisap-datacorrection@unkenrollstatus-19_20-createstudent-generictest" storage="c:\agt6\_work\6\a\api\environment\regapiautomation\testdata\fisap-datacorrection\prereq-unkenrollstatus-19_20\prereq-fisap-datacorrection@unkenrollstatus-19_20-createstudent-generictest.generictest" />
        <TestLink id="4617d575-b184-4ced-aa64-6b9098079a41" name="prereq-fisap-datacorrection@unkenrollstatus-19_20-enrollstudent-generictest" storage="c:\agt6\_work\6\a\api\environment\regapiautomation\testdata\fisap-datacorrection\prereq-unkenrollstatus-19_20\prereq-fisap-datacorrection@unkenrollstatus-19_20-enrollstudent-generictest.generictest" />
        <TestLink id="00272d9d-3ad0-48dd-9ed5-a0a8876744a6" name="prereq-fisap-datacorrection@unkenrollstatus-19_20-seteffectivedate-generictest" storage="c:\agt6\_work\6\a\api\environment\regapiautomation\testdata\fisap-datacorrection\prereq-unkenrollstatus-19_20\prereq-fisap-datacorrection@unkenrollstatus-19_20-seteffectivedate-generictest.generictest" />
        <TestLink id="73a34ce6-6763-43d4-8f29-8bcbc51fa9a9" name="prereq-fisap-datacorrection@unkenrollstatus-19_20-registerclassandpostattendance-generictest" storage="c:\agt6\_work\6\a\api\environment\regapiautomation\testdata\fisap-datacorrection\prereq-unkenrollstatus-19_20\prereq-fisap-datacorrection@unkenrollstatus-19_20-registerclassandpostattendance-generictest.generictest" />
        <TestLink id="7e689fb9-8411-470a-a0c8-1ccae6d7fc79" name="prereq-fisap-datacorrection@unkenrollstatus-19_20-updatebudgetforacademicyearforpackaging-generictest" storage="c:\agt6\_work\6\a\api\environment\regapiautomation\testdata\fisap-datacorrection\prereq-unkenrollstatus-19_20\prereq-fisap-datacorrection@unkenrollstatus-19_20-updatebudgetforacademicyearforpackaging-generictest.generictest" />
        <TestLink id="7637d1c4-0256-4aac-b114-a60b079e1a0b" name="prereq-fisap-datacorrection@unkenrollstatus-19_20-awardgrantforpackaging-generictest" storage="c:\agt6\_work\6\a\api\environment\regapiautomation\testdata\fisap-datacorrection\prereq-unkenrollstatus-19_20\prereq-fisap-datacorrection@unkenrollstatus-19_20-awardgrantforpackaging-generictest.generictest" />
        <TestLink id="ed1fabea-0bc1-4dc1-925e-2de790c3000e" name="prereq-fisap-datacorrection@unkenrollstatus-19_20-postpaymentledgercard-generictest" storage="c:\agt6\_work\6\a\api\environment\regapiautomation\testdata\fisap-datacorrection\prereq-unkenrollstatus-19_20\prereq-fisap-datacorrection@unkenrollstatus-19_20-postpaymentledgercard-generictest.generictest" />
        <TestLink id="56884647-1b9c-43c6-b5b6-6aac66429d94" name="fisap-datacorrection@unkenrollstatus-19_20-generictest" storage="c:\agt6\_work\6\a\api\environment\regapiautomation\testdata\fisap-datacorrection\fisap-datacorrection@unkenrollstatus-19_20-generictest.generictest" />
      </TestLinks>
    </OrderedTest>
    <UnitTest name="fisap-datacorrection@columnc-19_20-generictest" storage="c:\agt6\_work\6\a\api\environment\regapiautomation\testdata\fisap-datacorrection\fisap-datacorrection@columnc-19_20-generictest.generictest" id="b5deb619-7e9c-46f9-bb3d-6195db1443e2">
      <Execution id="4b8cd716-bffa-45bf-a4ce-06a7b8e66f56" parentId="dc42fed8-ef16-4149-9bef-fb5f599cdf53" />
      <TestMethod codeBase="c:\agt6\_work\6\a\api\environment\regapiautomation\testdata\fisap-datacorrection\fisap-datacorrection@columnc-19_20-generictest.generictest" adapterTypeName="executor://orderedtestadapter/v1" className="c:\agt6\_work\6\a\api\environment\regapiautomation\testdata\fisap-datacorrection\fisap-datacorrection@columnc-19_20-generictest" name="fisap-datacorrection@columnc-19_20-generictest" />
    </UnitTest>
    <UnitTest name="appproc-appdata-export@hp-corrections-generictest" storage="c:\agt6\_work\6\a\api\environment\regapiautomation\testdata\applicationdata\export\appproc-appdata-export@hp-corrections-generictest.generictest" id="280f9537-8896-4bf9-924c-b1f356a48e20">
      <Execution id="232dc5a5-d161-4bb7-b8d0-675ab74ef92a" parentId="92fbcfba-5685-4e4b-8f67-33d137838fd8" />
      <TestMethod codeBase="c:\agt6\_work\6\a\api\environment\regapiautomation\testdata\applicationdata\export\appproc-appdata-export@hp-corrections-generictest.generictest" adapterTypeName="executor://orderedtestadapter/v1" className="c:\agt6\_work\6\a\api\environment\regapiautomation\testdata\applicationdata\export\appproc-appdata-export@hp-corrections-generictest" name="appproc-appdata-export@hp-corrections-generictest" />
    </UnitTest>
    <UnitTest name="appproc-appdata-export@hp-corrections-21_22-generictest" storage="c:\agt6\_work\6\a\api\environment\regapiautomation\testdata\applicationdata\export\appproc-appdata-export@hp-corrections-21_22-generictest.generictest" id="280f9537-8896-4bf9-924c-b1f356a48e21">
      <Execution id="24d5dded-03fe-48ba-ab8c-5d5e200ddd3e" parentId="b90254e2-b42d-458a-ba13-92fb914bc3fe" />
      <TestMethod codeBase="c:\agt6\_work\6\a\api\environment\regapiautomation\testdata\applicationdata\export\appproc-appdata-export@hp-corrections-21_22-generictest.generictest" adapterTypeName="executor://orderedtestadapter/v1" className="c:\agt6\_work\6\a\api\environment\regapiautomation\testdata\applicationdata\export\appproc-appdata-export@hp-corrections-21_22-generictest" name="appproc-appdata-export@hp-corrections-21_22-generictest" />
    </UnitTest>
    <UnitTest name="prereq-fisap-datacorrection@report-summary-20_21-seteffectivedate-generictest" storage="c:\agt6\_work\6\a\api\environment\regapiautomation\testdata\fisap-datacorrection\prereq-report-summary-20_21\prereq-fisap-datacorrection@report-summary-20_21-seteffectivedate-generictest.generictest" id="840f41f0-4b32-4c3a-92da-d0f9540f7951">
      <Execution id="f3926224-9647-4236-87f4-f785cd7ec000" parentId="697f4704-c9e2-4f19-8fbf-e152e9f52a64" />
      <TestMethod codeBase="c:\agt6\_work\6\a\api\environment\regapiautomation\testdata\fisap-datacorrection\prereq-report-summary-20_21\prereq-fisap-datacorrection@report-summary-20_21-seteffectivedate-generictest.generictest" adapterTypeName="executor://orderedtestadapter/v1" className="c:\agt6\_work\6\a\api\environment\regapiautomation\testdata\fisap-datacorrection\prereq-report-summary-20_21\prereq-fisap-datacorrection@report-summary-20_21-seteffectivedate-generictest" name="prereq-fisap-datacorrection@report-summary-20_21-seteffectivedate-generictest" />
    </UnitTest>
    <UnitTest name="prereq-fisap-datacorrection@report-detail-20_21-registerclassandpostattendance-generictest" storage="c:\agt6\_work\6\a\api\environment\regapiautomation\testdata\fisap-datacorrection\prereq-report-detail-20_21\prereq-fisap-datacorrection@report-detail-20_21-registerclassandpostattendance-generictest.generictest" id="6d79c5dc-b8c1-45e7-a98c-f918b81745d1">
      <Execution id="7ebaac44-8412-498f-a83e-61339c339259" parentId="e4bc49c0-0d6c-4200-b587-34d08029f03b" />
      <TestMethod codeBase="c:\agt6\_work\6\a\api\environment\regapiautomation\testdata\fisap-datacorrection\prereq-report-detail-20_21\prereq-fisap-datacorrection@report-detail-20_21-registerclassandpostattendance-generictest.generictest" adapterTypeName="executor://orderedtestadapter/v1" className="c:\agt6\_work\6\a\api\environment\regapiautomation\testdata\fisap-datacorrection\prereq-report-detail-20_21\prereq-fisap-datacorrection@report-detail-20_21-registerclassandpostattendance-generictest" name="prereq-fisap-datacorrection@report-detail-20_21-registerclassandpostattendance-generictest" />
    </UnitTest>
    <UnitTest name="prereq-fisap-datacorrection@invaliddepmodel-19_20-importisir-generictest" storage="c:\agt6\_work\6\a\api\environment\regapiautomation\testdata\fisap-datacorrection\prereq-invaliddepmodel-19_20\prereq-fisap-datacorrection@invaliddepmodel-19_20-importisir-generictest.generictest" id="297cf6ce-57dd-4921-847a-b085cf750bac">
      <Execution id="8f8c6a2c-41a5-4236-8e4a-a5e666e015ed" parentId="35e8c6e1-78c0-4502-84a9-903cb54d4268" />
      <TestMethod codeBase="c:\agt6\_work\6\a\api\environment\regapiautomation\testdata\fisap-datacorrection\prereq-invaliddepmodel-19_20\prereq-fisap-datacorrection@invaliddepmodel-19_20-importisir-generictest.generictest" adapterTypeName="executor://orderedtestadapter/v1" className="c:\agt6\_work\6\a\api\environment\regapiautomation\testdata\fisap-datacorrection\prereq-invaliddepmodel-19_20\prereq-fisap-datacorrection@invaliddepmodel-19_20-importisir-generictest" name="prereq-fisap-datacorrection@invaliddepmodel-19_20-importisir-generictest" />
    </UnitTest>
    <UnitTest name="cod-export@hp-originationsonly-21_22-export-generictest" storage="c:\agt6\_work\6\a\api\environment\regapiautomation\testdata\codexport\cod-export@hp-originationsonly-21_22-export-generictest.generictest" id="3b3d7741-765b-4437-a316-46c0b0bb2326">
      <Execution id="f9ab43a2-a1ad-45fd-8e8b-1422cbb88465" parentId="dd65fd67-5067-44cd-8850-842e53274555" />
      <TestMethod codeBase="c:\agt6\_work\6\a\api\environment\regapiautomation\testdata\codexport\cod-export@hp-originationsonly-21_22-export-generictest.generictest" adapterTypeName="executor://orderedtestadapter/v1" className="c:\agt6\_work\6\a\api\environment\regapiautomation\testdata\codexport\cod-export@hp-originationsonly-21_22-export-generictest" name="cod-export@hp-originationsonly-21_22-export-generictest" />
    </UnitTest>
    <UnitTest name="cod-export@hp-export-generictest" storage="c:\agt6\_work\6\a\api\environment\regapiautomation\testdata\codexport\cod-export@hp-export-generictest.generictest" id="3b3d7741-765b-4437-a316-46c0b0bb2325">
      <Execution id="120ba785-0d09-4ef8-8c11-b0655c52f818" parentId="0889c9ce-a452-472a-a370-bce8c5448207" />
      <TestMethod codeBase="c:\agt6\_work\6\a\api\environment\regapiautomation\testdata\codexport\cod-export@hp-export-generictest.generictest" adapterTypeName="executor://orderedtestadapter/v1" className="c:\agt6\_work\6\a\api\environment\regapiautomation\testdata\codexport\cod-export@hp-export-generictest" name="cod-export@hp-export-generictest" />
    </UnitTest>
    <OrderedTest name="OT-08A-IsirMatch-21_22" storage="c:\agt6\_work\6\a\api\orderedtest\ot-08a-isirmatch-21_22.orderedtest" id="20e8c348-5bbf-4880-a147-dbcd16fa467a">
      <Execution id="8971dc7e-2b15-41da-8713-87a8ed9cc069" />
      <TestLinks>
        <TestLink id="43285357-7831-4013-9eb6-f5a372e723cc" name="prereq-appproc-isirmatching@hp-automatch-21_22-generictest" storage="c:\agt6\_work\6\a\api\environment\regapiautomation\testdata\isirmatch\prereq-appproc-isirmatching-automatch-21_22\prereq-appproc-isirmatching@hp-automatch-21_22-generictest.generictest" />
        <TestLink id="9c22ca16-deaf-4302-b19a-e8ad13215312" name="appproc-isirmatching@hp-automatch-21_22-generictest" storage="c:\agt6\_work\6\a\api\environment\regapiautomation\testdata\isirmatch\appproc-isirmatching@hp-automatch-21_22-generictest.generictest" />
      </TestLinks>
    </OrderedTest>
    <UnitTest name="shoppingsheets-student@hp-saved-generictest" storage="c:\agt6\_work\6\a\api\environment\regapiautomation\testdata\shoppingsheets\shoppingsheets-student@hp-saved-generictest.generictest" id="8f501d3f-8637-4717-bfac-d9852c9f5472">
      <Execution id="8ad84cce-986f-4694-a1fb-cf9e2c42674d" parentId="b6298cba-cbf4-4ecd-ad1d-23c55dfd7d0c" />
      <TestMethod codeBase="c:\agt6\_work\6\a\api\environment\regapiautomation\testdata\shoppingsheets\shoppingsheets-student@hp-saved-generictest.generictest" adapterTypeName="executor://orderedtestadapter/v1" className="c:\agt6\_work\6\a\api\environment\regapiautomation\testdata\shoppingsheets\shoppingsheets-student@hp-saved-generictest" name="shoppingsheets-student@hp-saved-generictest" />
    </UnitTest>
    <UnitTest name="collegefinanceplan-student@hp-saved-20_21-generictest" storage="c:\agt6\_work\6\a\api\environment\regapiautomation\testdata\shoppingsheets\collegefinanceplan-student@hp-saved-20_21-generictest.generictest" id="8f501d3f-8637-4717-bfac-d9852c9f5473">
      <Execution id="13efff85-8af2-46b5-94f4-12a1223dac7f" parentId="38aa47f8-e95b-41ae-b249-c170209fe184" />
      <TestMethod codeBase="c:\agt6\_work\6\a\api\environment\regapiautomation\testdata\shoppingsheets\collegefinanceplan-student@hp-saved-20_21-generictest.generictest" adapterTypeName="executor://orderedtestadapter/v1" className="c:\agt6\_work\6\a\api\environment\regapiautomation\testdata\shoppingsheets\collegefinanceplan-student@hp-saved-20_21-generictest" name="collegefinanceplan-student@hp-saved-20_21-generictest" />
    </UnitTest>
    <UnitTest name="collegefinanceplan-student@saved-grad-all-21_22-generictest" storage="c:\agt6\_work\6\a\api\environment\regapiautomation\testdata\shoppingsheets\collegefinanceplan-student@saved-grad-all-21_22-generictest.generictest" id="8f501d3f-8637-4717-bfac-d9852c9f5475">
      <Execution id="52a75829-7a53-4492-ab72-73be0c328368" parentId="4ff42948-cea1-4315-ab09-f05635d83582" />
      <TestMethod codeBase="c:\agt6\_work\6\a\api\environment\regapiautomation\testdata\shoppingsheets\collegefinanceplan-student@saved-grad-all-21_22-generictest.generictest" adapterTypeName="executor://orderedtestadapter/v1" className="c:\agt6\_work\6\a\api\environment\regapiautomation\testdata\shoppingsheets\collegefinanceplan-student@saved-grad-all-21_22-generictest" name="collegefinanceplan-student@saved-grad-all-21_22-generictest" />
    </UnitTest>
    <UnitTest name="prereq-fisap-datacorrection@report-summary-20_21-updatebudgetforacademicyearforpackaging-generictest" storage="c:\agt6\_work\6\a\api\environment\regapiautomation\testdata\fisap-datacorrection\prereq-report-summary-20_21\prereq-fisap-datacorrection@report-summary-20_21-updatebudgetforacademicyearforpackaging-generictest.generictest" id="3acf4828-6ed6-4eaa-b317-be67ef36db26">
      <Execution id="77de9115-bef5-4e64-a940-8505625f420b" parentId="697f4704-c9e2-4f19-8fbf-e152e9f52a64" />
      <TestMethod codeBase="c:\agt6\_work\6\a\api\environment\regapiautomation\testdata\fisap-datacorrection\prereq-report-summary-20_21\prereq-fisap-datacorrection@report-summary-20_21-updatebudgetforacademicyearforpackaging-generictest.generictest" adapterTypeName="executor://orderedtestadapter/v1" className="c:\agt6\_work\6\a\api\environment\regapiautomation\testdata\fisap-datacorrection\prereq-report-summary-20_21\prereq-fisap-datacorrection@report-summary-20_21-updatebudgetforacademicyearforpackaging-generictest" name="prereq-fisap-datacorrection@report-summary-20_21-updatebudgetforacademicyearforpackaging-generictest" />
    </UnitTest>
    <UnitTest name="collegefinanceplan-student@saved-ugrad-job-21_22-generictest" storage="c:\agt6\_work\6\a\api\environment\regapiautomation\testdata\shoppingsheets\collegefinanceplan-student@saved-ugrad-job-21_22-generictest.generictest" id="8f501d3f-8637-4717-bfac-d9852c9f5477">
      <Execution id="1c28e987-affe-4658-adec-d727f86b48a0" parentId="c07572d8-3e49-4f65-a8d1-ed7a237e0c45" />
      <TestMethod codeBase="c:\agt6\_work\6\a\api\environment\regapiautomation\testdata\shoppingsheets\collegefinanceplan-student@saved-ugrad-job-21_22-generictest.generictest" adapterTypeName="executor://orderedtestadapter/v1" className="c:\agt6\_work\6\a\api\environment\regapiautomation\testdata\shoppingsheets\collegefinanceplan-student@saved-ugrad-job-21_22-generictest" name="collegefinanceplan-student@saved-ugrad-job-21_22-generictest" />
    </UnitTest>
    <UnitTest name="prereq-fisap-datacorrection@report-summary-20_21-enrollstudent-generictest" storage="c:\agt6\_work\6\a\api\environment\regapiautomation\testdata\fisap-datacorrection\prereq-report-summary-20_21\prereq-fisap-datacorrection@report-summary-20_21-enrollstudent-generictest.generictest" id="267ceb9e-949e-461c-8987-f2f9c5c54a06">
      <Execution id="aaa989b4-776f-4d7a-9c81-aac4107ef160" parentId="697f4704-c9e2-4f19-8fbf-e152e9f52a64" />
      <TestMethod codeBase="c:\agt6\_work\6\a\api\environment\regapiautomation\testdata\fisap-datacorrection\prereq-report-summary-20_21\prereq-fisap-datacorrection@report-summary-20_21-enrollstudent-generictest.generictest" adapterTypeName="executor://orderedtestadapter/v1" className="c:\agt6\_work\6\a\api\environment\regapiautomation\testdata\fisap-datacorrection\prereq-report-summary-20_21\prereq-fisap-datacorrection@report-summary-20_21-enrollstudent-generictest" name="prereq-fisap-datacorrection@report-summary-20_21-enrollstudent-generictest" />
    </UnitTest>
    <UnitTest name="prereq-fisap-datacorrection@noteligible-seog-19_20-enrollstudent-generictest" storage="c:\agt6\_work\6\a\api\environment\regapiautomation\testdata\fisap-datacorrection\prereq-noteligible-seog-19-20\prereq-fisap-datacorrection@noteligible-seog-19_20-enrollstudent-generictest.generictest" id="fc0d760b-8be4-4dfa-89dc-f6123ba31cba">
      <Execution id="d0d5e5b8-cfff-4ffe-b81b-55b1ad1ef9e0" parentId="65d94a0f-318b-47d1-aafb-e5656a9b204c" />
      <TestMethod codeBase="c:\agt6\_work\6\a\api\environment\regapiautomation\testdata\fisap-datacorrection\prereq-noteligible-seog-19-20\prereq-fisap-datacorrection@noteligible-seog-19_20-enrollstudent-generictest.generictest" adapterTypeName="executor://orderedtestadapter/v1" className="c:\agt6\_work\6\a\api\environment\regapiautomation\testdata\fisap-datacorrection\prereq-noteligible-seog-19-20\prereq-fisap-datacorrection@noteligible-seog-19_20-enrollstudent-generictest" name="prereq-fisap-datacorrection@noteligible-seog-19_20-enrollstudent-generictest" />
    </UnitTest>
    <UnitTest name="prereq-fisap-datacorrection@report-detail-20_21-awardgrantforpackaging-generictest" storage="c:\agt6\_work\6\a\api\environment\regapiautomation\testdata\fisap-datacorrection\prereq-report-detail-20_21\prereq-fisap-datacorrection@report-detail-20_21-awardgrantforpackaging-generictest.generictest" id="134cfa5c-b86c-4c11-b651-1f94d9ff3143">
      <Execution id="ebb33679-4da2-4b7a-913c-e567e0230179" parentId="e4bc49c0-0d6c-4200-b587-34d08029f03b" />
      <TestMethod codeBase="c:\agt6\_work\6\a\api\environment\regapiautomation\testdata\fisap-datacorrection\prereq-report-detail-20_21\prereq-fisap-datacorrection@report-detail-20_21-awardgrantforpackaging-generictest.generictest" adapterTypeName="executor://orderedtestadapter/v1" className="c:\agt6\_work\6\a\api\environment\regapiautomation\testdata\fisap-datacorrection\prereq-report-detail-20_21\prereq-fisap-datacorrection@report-detail-20_21-awardgrantforpackaging-generictest" name="prereq-fisap-datacorrection@report-detail-20_21-awardgrantforpackaging-generictest" />
    </UnitTest>
    <OrderedTest name="OT-02A-CODImport_Upload" storage="c:\agt6\_work\6\a\api\orderedtest\ot-02a-codimport_upload.orderedtest" id="1068d9d4-9c54-48b1-9139-99fb32969a6b">
      <Execution id="0aa10d23-c6b5-41a2-8b63-3c5a944bba37" />
      <TestLinks>
        <TestLink id="a4191621-3702-4ec5-b19a-3a79fe48ac3e" name="codimport@uploadcodimportfile-generictest" storage="c:\agt6\_work\6\a\api\environment\regapiautomation\testdata\codimport\codimport@uploadcodimportfile-generictest.generictest" />
      </TestLinks>
    </OrderedTest>
    <UnitTest name="prereq-fisap-datacorrection@invaliddepmodel-20_21-awardgrantforpackaging-generictest" storage="c:\agt6\_work\6\a\api\environment\regapiautomation\testdata\fisap-datacorrection\prereq-invaliddepmodel-20_21\prereq-fisap-datacorrection@invaliddepmodel-20_21-awardgrantforpackaging-generictest.generictest" id="0ddde841-0238-4436-8f6c-593e200337ce">
      <Execution id="8cfb21b0-8843-4b2a-b357-ea831a31b04c" parentId="904cd9df-22ae-4cf6-9821-5c23e51fbf49" />
      <TestMethod codeBase="c:\agt6\_work\6\a\api\environment\regapiautomation\testdata\fisap-datacorrection\prereq-invaliddepmodel-20_21\prereq-fisap-datacorrection@invaliddepmodel-20_21-awardgrantforpackaging-generictest.generictest" adapterTypeName="executor://orderedtestadapter/v1" className="c:\agt6\_work\6\a\api\environment\regapiautomation\testdata\fisap-datacorrection\prereq-invaliddepmodel-20_21\prereq-fisap-datacorrection@invaliddepmodel-20_21-awardgrantforpackaging-generictest" name="prereq-fisap-datacorrection@invaliddepmodel-20_21-awardgrantforpackaging-generictest" />
    </UnitTest>
    <UnitTest name="prereq-collegefinanceplan-student@saved-ugrad-job-21_22-importisir" storage="c:\agt6\_work\6\a\api\environment\regapiautomation\testdata\shoppingsheets\prereq-student-saved-ugrad-job-21_22\prereq-collegefinanceplan-student@saved-ugrad-job-21_22-importisir.generictest" id="a1304e7f-ad91-4bd8-a284-ef08b7dde3a7">
      <Execution id="5179beb4-da9e-460f-b723-c19ab135b060" parentId="c07572d8-3e49-4f65-a8d1-ed7a237e0c45" />
      <TestMethod codeBase="c:\agt6\_work\6\a\api\environment\regapiautomation\testdata\shoppingsheets\prereq-student-saved-ugrad-job-21_22\prereq-collegefinanceplan-student@saved-ugrad-job-21_22-importisir.generictest" adapterTypeName="executor://orderedtestadapter/v1" className="c:\agt6\_work\6\a\api\environment\regapiautomation\testdata\shoppingsheets\prereq-student-saved-ugrad-job-21_22\prereq-collegefinanceplan-student@saved-ugrad-job-21_22-importisir" name="prereq-collegefinanceplan-student@saved-ugrad-job-21_22-importisir" />
    </UnitTest>
    <UnitTest name="prereq-fisap-datacorrection@unkenrollstatus-19_20-updatebudgetforacademicyearforpackaging-generictest" storage="c:\agt6\_work\6\a\api\environment\regapiautomation\testdata\fisap-datacorrection\prereq-unkenrollstatus-19_20\prereq-fisap-datacorrection@unkenrollstatus-19_20-updatebudgetforacademicyearforpackaging-generictest.generictest" id="7e689fb9-8411-470a-a0c8-1ccae6d7fc79">
      <Execution id="5284c718-024b-4c16-a5bd-05f0d09e8a5a" parentId="4ed0a644-67a2-46b0-8987-640fb8ec249c" />
      <TestMethod codeBase="c:\agt6\_work\6\a\api\environment\regapiautomation\testdata\fisap-datacorrection\prereq-unkenrollstatus-19_20\prereq-fisap-datacorrection@unkenrollstatus-19_20-updatebudgetforacademicyearforpackaging-generictest.generictest" adapterTypeName="executor://orderedtestadapter/v1" className="c:\agt6\_work\6\a\api\environment\regapiautomation\testdata\fisap-datacorrection\prereq-unkenrollstatus-19_20\prereq-fisap-datacorrection@unkenrollstatus-19_20-updatebudgetforacademicyearforpackaging-generictest" name="prereq-fisap-datacorrection@unkenrollstatus-19_20-updatebudgetforacademicyearforpackaging-generictest" />
    </UnitTest>
    <UnitTest name="prereq-codexport@hp-importisir-generictest" storage="c:\agt6\_work\6\a\api\environment\regapiautomation\testdata\codexport\prereq\prereq-codexport@hp-importisir-generictest.generictest" id="0976098c-95da-4e16-8a10-ee92e0280345">
      <Execution id="ffe25c79-302d-4eab-ab28-26ff4d12d111" parentId="0889c9ce-a452-472a-a370-bce8c5448207" />
      <TestMethod codeBase="c:\agt6\_work\6\a\api\environment\regapiautomation\testdata\codexport\prereq\prereq-codexport@hp-importisir-generictest.generictest" adapterTypeName="executor://orderedtestadapter/v1" className="c:\agt6\_work\6\a\api\environment\regapiautomation\testdata\codexport\prereq\prereq-codexport@hp-importisir-generictest" name="prereq-codexport@hp-importisir-generictest" />
    </UnitTest>
    <UnitTest name="prereq-fisap-datacorrection@resolvedep-20_21-changestudentstatus-generictest" storage="c:\agt6\_work\6\a\api\environment\regapiautomation\testdata\fisap-datacorrection\prereq-resolvedep-20_21\prereq-fisap-datacorrection@resolvedep-20_21-changestudentstatus-generictest.generictest" id="6ac5833f-b62b-44d3-a733-3754e903a0e4">
      <Execution id="9b200325-a42a-4e2e-b2ee-3cb9177005f7" parentId="8b6a38b1-0ae6-4efa-8ba5-636ed1a71512" />
      <TestMethod codeBase="c:\agt6\_work\6\a\api\environment\regapiautomation\testdata\fisap-datacorrection\prereq-resolvedep-20_21\prereq-fisap-datacorrection@resolvedep-20_21-changestudentstatus-generictest.generictest" adapterTypeName="executor://orderedtestadapter/v1" className="c:\agt6\_work\6\a\api\environment\regapiautomation\testdata\fisap-datacorrection\prereq-resolvedep-20_21\prereq-fisap-datacorrection@resolvedep-20_21-changestudentstatus-generictest" name="prereq-fisap-datacorrection@resolvedep-20_21-changestudentstatus-generictest" />
    </UnitTest>
    <OrderedTest name="OT-04-ClearingHouse" storage="c:\agt6\_work\6\a\api\orderedtest\ot-04-clearinghouse.orderedtest" id="0bfbc540-49fd-4a69-b315-20f863a3eb6d">
      <Execution id="9333d4d9-6198-463e-a6dd-a3a4c0a7a69f" />
      <TestLinks>
        <TestLink id="ef59b41e-05ff-4a43-903f-d90989ee2e0e" name="prereq-clearinghouse-export@hp-export-createstudent-generictest" storage="c:\agt6\_work\6\a\api\environment\regapiautomation\testdata\clearinghouseexport\prereq\prereq-clearinghouse-export@hp-export-createstudent-generictest.generictest" />
        <TestLink id="f3cfe877-6610-46f6-bf91-f30b64396c35" name="prereq-clearinghouse-export@hp-export-enroll-generictest" storage="c:\agt6\_work\6\a\api\environment\regapiautomation\testdata\clearinghouseexport\prereq\prereq-clearinghouse-export@hp-export-enroll-generictest.generictest" />
        <TestLink id="d09f0182-44f2-4c54-b383-0d2527756e0b" name="prereq-clearinghouse-export@hp-export-seteffectivedate" storage="c:\agt6\_work\6\a\api\environment\regapiautomation\testdata\clearinghouseexport\prereq\prereq-clearinghouse-export@hp-export-seteffectivedate.generictest" />
        <TestLink id="d09f0182-44f2-4c54-b383-0d2527756e0c" name="prereq-clearinghouse-export@hp-export-seteffectivedate-2" storage="c:\agt6\_work\6\a\api\environment\regapiautomation\testdata\clearinghouseexport\prereq\prereq-clearinghouse-export@hp-export-seteffectivedate-2.generictest" />
        <TestLink id="a52f971a-5cd8-4f73-bb19-2ad8d9f87b9d" name="prereq-clearinghouse-export@hp-export-registerclassandpostattendance-generictest" storage="c:\agt6\_work\6\a\api\environment\regapiautomation\testdata\clearinghouseexport\prereq\prereq-clearinghouse-export@hp-export-registerclassandpostattendance-generictest.generictest" />
        <TestLink id="15f2bab0-2b9f-444e-a20c-8d630b66544b" name="prereq-clearinghouse-export@hp-export-calculateenrollment-generictest" storage="c:\agt6\_work\6\a\api\environment\regapiautomation\testdata\clearinghouseexport\prereq\prereq-clearinghouse-export@hp-export-calculateenrollment-generictest.generictest" />
        <TestLink id="15f2bab0-2b9f-444e-a20c-8d630b66544c" name="prereq-clearinghouse-export@hp-export-calculateenrollment-2-generictest" storage="c:\agt6\_work\6\a\api\environment\regapiautomation\testdata\clearinghouseexport\prereq\prereq-clearinghouse-export@hp-export-calculateenrollment-2-generictest.generictest" />
        <TestLink id="375785a7-508a-40f7-84ae-b2608fc3d684" name="clearinghoust-export@hp-export-generictest" storage="c:\agt6\_work\6\a\api\environment\regapiautomation\testdata\clearinghouseexport\clearinghoust-export@hp-export-generictest.generictest" />
      </TestLinks>
    </OrderedTest>
    <OrderedTest name="OT-06Q-FISAP-InvalidDepModel-20_21" storage="c:\agt6\_work\6\a\api\orderedtest\ot-06q-fisap-invaliddepmodel-20_21.orderedtest" id="3ead2a3d-44bc-44dc-8666-75e424d720f4">
      <Execution id="904cd9df-22ae-4cf6-9821-5c23e51fbf49" />
      <TestLinks>
        <TestLink id="313e1f4d-df53-4217-97e4-b761b98d60e3" name="prereq-fisap-datacorrection@invaliddepmodel-20_21-createstudent-generictest" storage="c:\agt6\_work\6\a\api\environment\regapiautomation\testdata\fisap-datacorrection\prereq-invaliddepmodel-20_21\prereq-fisap-datacorrection@invaliddepmodel-20_21-createstudent-generictest.generictest" />
        <TestLink id="f2edef1d-3af4-4b9a-a18a-6afa2a47a2f7" name="prereq-fisap-datacorrection@invaliddepmodel-20_21-importisir-generictest" storage="c:\agt6\_work\6\a\api\environment\regapiautomation\testdata\fisap-datacorrection\prereq-invaliddepmodel-20_21\prereq-fisap-datacorrection@invaliddepmodel-20_21-importisir-generictest.generictest" />
        <TestLink id="453b4eda-dcf3-443c-b8f6-c28e6e0f30db" name="prereq-fisap-datacorrection@invaliddepmodel-20_21-enrollstudent-generictest" storage="c:\agt6\_work\6\a\api\environment\regapiautomation\testdata\fisap-datacorrection\prereq-invaliddepmodel-20_21\prereq-fisap-datacorrection@invaliddepmodel-20_21-enrollstudent-generictest.generictest" />
        <TestLink id="37a32bc1-2b7e-4695-9d78-9aaeec10d750" name="prereq-fisap-datacorrection@invaliddepmodel-20_21-registerclassandpostattendance-generictest" storage="c:\agt6\_work\6\a\api\environment\regapiautomation\testdata\fisap-datacorrection\prereq-invaliddepmodel-20_21\prereq-fisap-datacorrection@invaliddepmodel-20_21-registerclassandpostattendance-generictest.generictest" />
        <TestLink id="2d2895b8-762e-46a7-8e56-b1ab46274830" name="prereq-fisap-datacorrection@invaliddepmodel-20_21-updatebudgetforacademicyearforpackaging" storage="c:\agt6\_work\6\a\api\environment\regapiautomation\testdata\fisap-datacorrection\prereq-invaliddepmodel-20_21\prereq-fisap-datacorrection@invaliddepmodel-20_21-updatebudgetforacademicyearforpackaging.generictest" />
        <TestLink id="0ddde841-0238-4436-8f6c-593e200337ce" name="prereq-fisap-datacorrection@invaliddepmodel-20_21-awardgrantforpackaging-generictest" storage="c:\agt6\_work\6\a\api\environment\regapiautomation\testdata\fisap-datacorrection\prereq-invaliddepmodel-20_21\prereq-fisap-datacorrection@invaliddepmodel-20_21-awardgrantforpackaging-generictest.generictest" />
        <TestLink id="fac3ecae-ac09-452c-af52-ea5f3d6fd0dd" name="prereq-fisap-datacorrection@invaliddepmodel-20_21-postpaymentledgercard-generictest" storage="c:\agt6\_work\6\a\api\environment\regapiautomation\testdata\fisap-datacorrection\prereq-invaliddepmodel-20_21\prereq-fisap-datacorrection@invaliddepmodel-20_21-postpaymentledgercard-generictest.generictest" />
        <TestLink id="272e14c8-755c-4d81-add3-5f019325cfba" name="prereq-fisap-datacorrection@invaliddepmodel-20_21-changestudentstatus-generictest" storage="c:\agt6\_work\6\a\api\environment\regapiautomation\testdata\fisap-datacorrection\prereq-invaliddepmodel-20_21\prereq-fisap-datacorrection@invaliddepmodel-20_21-changestudentstatus-generictest.generictest" />
        <TestLink id="d5fb5a1a-6155-42fe-ae4e-5819b3dec2b9" name="fisap-datacorrection@invaliddepmodel-20_21-generictest" storage="c:\agt6\_work\6\a\api\environment\regapiautomation\testdata\fisap-datacorrection\fisap-datacorrection@invaliddepmodel-20_21-generictest.generictest" />
      </TestLinks>
    </OrderedTest>
    <UnitTest name="prereq-fisap-datacorrection@invaliddepmodel-20_21-createstudent-generictest" storage="c:\agt6\_work\6\a\api\environment\regapiautomation\testdata\fisap-datacorrection\prereq-invaliddepmodel-20_21\prereq-fisap-datacorrection@invaliddepmodel-20_21-createstudent-generictest.generictest" id="313e1f4d-df53-4217-97e4-b761b98d60e3">
      <Execution id="a34db606-b938-47f0-987f-fa34a8f459d1" parentId="904cd9df-22ae-4cf6-9821-5c23e51fbf49" />
      <TestMethod codeBase="c:\agt6\_work\6\a\api\environment\regapiautomation\testdata\fisap-datacorrection\prereq-invaliddepmodel-20_21\prereq-fisap-datacorrection@invaliddepmodel-20_21-createstudent-generictest.generictest" adapterTypeName="executor://orderedtestadapter/v1" className="c:\agt6\_work\6\a\api\environment\regapiautomation\testdata\fisap-datacorrection\prereq-invaliddepmodel-20_21\prereq-fisap-datacorrection@invaliddepmodel-20_21-createstudent-generictest" name="prereq-fisap-datacorrection@invaliddepmodel-20_21-createstudent-generictest" />
    </UnitTest>
    <UnitTest name="prereq-codexport@hp-originationsonly-21_22-awardgrantorloanforpackaging-generictest" storage="c:\agt6\_work\6\a\api\environment\regapiautomation\testdata\codexport\prereq-originationsonly-21_22\prereq-codexport@hp-originationsonly-21_22-awardgrantorloanforpackaging-generictest.generictest" id="7ececbe8-2723-4b31-80da-89de65355cda">
      <Execution id="0ec34201-047f-4735-996e-82df77a80328" parentId="dd65fd67-5067-44cd-8850-842e53274555" />
      <TestMethod codeBase="c:\agt6\_work\6\a\api\environment\regapiautomation\testdata\codexport\prereq-originationsonly-21_22\prereq-codexport@hp-originationsonly-21_22-awardgrantorloanforpackaging-generictest.generictest" adapterTypeName="executor://orderedtestadapter/v1" className="c:\agt6\_work\6\a\api\environment\regapiautomation\testdata\codexport\prereq-originationsonly-21_22\prereq-codexport@hp-originationsonly-21_22-awardgrantorloanforpackaging-generictest" name="prereq-codexport@hp-originationsonly-21_22-awardgrantorloanforpackaging-generictest" />
    </UnitTest>
    <OrderedTest name="OT-06A-FISAP-HP-Ineligible-19_20" storage="c:\agt6\_work\6\a\api\orderedtest\ot-06a-fisap-hp-ineligible-19_20.orderedtest" id="3de5438a-86da-4c0b-97e2-bd6edb28d276">
      <Execution id="f51cf7a5-90aa-4d7b-a241-f8ea6421a15e" />
      <TestLinks>
        <TestLink id="63949dfa-66ca-4963-b072-72959d25bf67" name="prereq-fisap-datacorrection@hp-ineligible-19_20-createstudent-generictest" storage="c:\agt6\_work\6\a\api\environment\regapiautomation\testdata\fisap-datacorrection\prereq-ineligible-19_20\prereq-fisap-datacorrection@hp-ineligible-19_20-createstudent-generictest.generictest" />
        <TestLink id="940031ca-9d38-47ed-8c77-ad10f0c3c3d3" name="prereq-fisap-datacorrection@hp-ineligible-19_20-enrollstudent-generictest" storage="c:\agt6\_work\6\a\api\environment\regapiautomation\testdata\fisap-datacorrection\prereq-ineligible-19_20\prereq-fisap-datacorrection@hp-ineligible-19_20-enrollstudent-generictest.generictest" />
        <TestLink id="4f7aa85e-1503-43df-a526-8c69881c0e50" name="prereq-fisap-datacorrection@hp-ineligible-19_20-updatebudgetforacademicyearforpackaging-generictest" storage="c:\agt6\_work\6\a\api\environment\regapiautomation\testdata\fisap-datacorrection\prereq-ineligible-19_20\prereq-fisap-datacorrection@hp-ineligible-19_20-updatebudgetforacademicyearforpackaging-generictest.generictest" />
        <TestLink id="269d72a6-4d2d-42ae-b3d0-50799caa3d51" name="prereq-fisap-datacorrection@hp-ineligible-19_20-awardgrantorloanforpackaging-generictest" storage="c:\agt6\_work\6\a\api\environment\regapiautomation\testdata\fisap-datacorrection\prereq-ineligible-19_20\prereq-fisap-datacorrection@hp-ineligible-19_20-awardgrantorloanforpackaging-generictest.generictest" />
        <TestLink id="d638d69b-0179-48df-b10c-83bcec97ae96" name="prereq-fisap-datacorrection@hp-ineligible-19_20-postpaymentledgercard-generictest" storage="c:\agt6\_work\6\a\api\environment\regapiautomation\testdata\fisap-datacorrection\prereq-ineligible-19_20\prereq-fisap-datacorrection@hp-ineligible-19_20-postpaymentledgercard-generictest.generictest" />
        <TestLink id="e13b72df-1d4f-4c6b-aacb-4715c10aa389" name="prereq-fisap-datacorrection@hp-ineligible-19_20-graduatestudentstatus-generictest" storage="c:\agt6\_work\6\a\api\environment\regapiautomation\testdata\fisap-datacorrection\prereq-ineligible-19_20\prereq-fisap-datacorrection@hp-ineligible-19_20-graduatestudentstatus-generictest.generictest" />
        <TestLink id="6b4cbff4-5f06-4e25-aa39-ec3ab47eda15" name="fisap-datacorrection@hp-ineligible-19_20-generictest" storage="c:\agt6\_work\6\a\api\environment\regapiautomation\testdata\fisap-datacorrection\fisap-datacorrection@hp-ineligible-19_20-generictest.generictest" />
      </TestLinks>
    </OrderedTest>
    <OrderedTest name="OT-03D-ApplicationData-Import-Isir-21_22" storage="c:\agt6\_work\6\a\api\orderedtest\ot-03d-applicationdata-import-isir-21_22.orderedtest" id="08d6bdce-b153-4366-8c38-979cfe73007d">
      <Execution id="08755f92-6828-4339-b171-84cc45efda41" />
      <TestLinks>
        <TestLink id="d12c34a8-1010-4092-aaa0-13a8d7f9e4c9" name="appproc-appdata-import@hp-isir-21_22-generictest" storage="c:\agt6\_work\6\a\api\environment\regapiautomation\testdata\applicationdata\import\appproc-appdata-import@hp-isir-21_22-generictest.generictest" />
      </TestLinks>
    </OrderedTest>
    <UnitTest name="prereq-appproc-isirmatching@hp-automatch-21_22-generictest" storage="c:\agt6\_work\6\a\api\environment\regapiautomation\testdata\isirmatch\prereq-appproc-isirmatching-automatch-21_22\prereq-appproc-isirmatching@hp-automatch-21_22-generictest.generictest" id="43285357-7831-4013-9eb6-f5a372e723cc">
      <Execution id="42c5669d-c9c2-46b9-b769-f48b2bd37da4" parentId="8971dc7e-2b15-41da-8713-87a8ed9cc069" />
      <TestMethod codeBase="c:\agt6\_work\6\a\api\environment\regapiautomation\testdata\isirmatch\prereq-appproc-isirmatching-automatch-21_22\prereq-appproc-isirmatching@hp-automatch-21_22-generictest.generictest" adapterTypeName="executor://orderedtestadapter/v1" className="c:\agt6\_work\6\a\api\environment\regapiautomation\testdata\isirmatch\prereq-appproc-isirmatching-automatch-21_22\prereq-appproc-isirmatching@hp-automatch-21_22-generictest" name="prereq-appproc-isirmatching@hp-automatch-21_22-generictest" />
    </UnitTest>
    <UnitTest name="prereq-sscr-enrollmentreporting@hp-export-calculateenrollment-generictest" storage="c:\agt6\_work\6\a\api\environment\regapiautomation\testdata\sscr-enrollmentreporting\prereq\prereq-sscr-enrollmentreporting@hp-export-calculateenrollment-generictest.generictest" id="a0d137d9-5516-4fa6-84b5-a2c559a751d6">
      <Execution id="cc0627b4-9b01-452f-9fe9-103bef13b1ee" parentId="d8dcc998-0708-4ed1-b4f9-e688748f8540" />
      <TestMethod codeBase="c:\agt6\_work\6\a\api\environment\regapiautomation\testdata\sscr-enrollmentreporting\prereq\prereq-sscr-enrollmentreporting@hp-export-calculateenrollment-generictest.generictest" adapterTypeName="executor://orderedtestadapter/v1" className="c:\agt6\_work\6\a\api\environment\regapiautomation\testdata\sscr-enrollmentreporting\prereq\prereq-sscr-enrollmentreporting@hp-export-calculateenrollment-generictest" name="prereq-sscr-enrollmentreporting@hp-export-calculateenrollment-generictest" />
    </UnitTest>
    <UnitTest name="prereq-shoppingsheets-student@hp-print-importisir-20_21-generictest" storage="c:\agt6\_work\6\a\api\environment\regapiautomation\testdata\shoppingsheets\prereq-student-print-20-21\prereq-shoppingsheets-student@hp-print-importisir-20_21-generictest.generictest" id="7bd6ad64-70f9-4b50-8dab-f8cc34acede4">
      <Execution id="c0e63884-eaa7-40a8-a633-724a6707e08e" parentId="e0f2e063-42f1-4b9c-a856-03e3a95f3e7c" />
      <TestMethod codeBase="c:\agt6\_work\6\a\api\environment\regapiautomation\testdata\shoppingsheets\prereq-student-print-20-21\prereq-shoppingsheets-student@hp-print-importisir-20_21-generictest.generictest" adapterTypeName="executor://orderedtestadapter/v1" className="c:\agt6\_work\6\a\api\environment\regapiautomation\testdata\shoppingsheets\prereq-student-print-20-21\prereq-shoppingsheets-student@hp-print-importisir-20_21-generictest" name="prereq-shoppingsheets-student@hp-print-importisir-20_21-generictest" />
    </UnitTest>
    <UnitTest name="prereq-appproc-isirprint@hp-isirbatchprint-importisir-generictest" storage="c:\agt6\_work\6\a\api\environment\regapiautomation\testdata\isirprint\prereq\prereq-appproc-isirprint@hp-isirbatchprint-importisir-generictest.generictest" id="7bd6ad64-70f9-4b50-8dab-f8cc34acede5">
      <Execution id="c03cbe2b-84ff-437a-8e0e-d4e731152be2" parentId="e16874f7-2c2d-4d35-9f03-ff09149034ba" />
      <TestMethod codeBase="c:\agt6\_work\6\a\api\environment\regapiautomation\testdata\isirprint\prereq\prereq-appproc-isirprint@hp-isirbatchprint-importisir-generictest.generictest" adapterTypeName="executor://orderedtestadapter/v1" className="c:\agt6\_work\6\a\api\environment\regapiautomation\testdata\isirprint\prereq\prereq-appproc-isirprint@hp-isirbatchprint-importisir-generictest" name="prereq-appproc-isirprint@hp-isirbatchprint-importisir-generictest" />
    </UnitTest>
    <UnitTest name="prereq-appproc-isirmatching@hp-automatch-generictest" storage="c:\agt6\_work\6\a\api\environment\regapiautomation\testdata\isirmatch\prereq\prereq-appproc-isirmatching@hp-automatch-generictest.generictest" id="43285357-7831-4013-9eb6-f5a372e723ca">
      <Execution id="d2f0fc48-03cc-40cc-bd01-8f0d8864b932" parentId="df76bfd1-ecfc-4371-bab8-dc7edde13fde" />
      <TestMethod codeBase="c:\agt6\_work\6\a\api\environment\regapiautomation\testdata\isirmatch\prereq\prereq-appproc-isirmatching@hp-automatch-generictest.generictest" adapterTypeName="executor://orderedtestadapter/v1" className="c:\agt6\_work\6\a\api\environment\regapiautomation\testdata\isirmatch\prereq\prereq-appproc-isirmatching@hp-automatch-generictest" name="prereq-appproc-isirmatching@hp-automatch-generictest" />
    </UnitTest>
    <UnitTest name="prereq-appproc-isirprint@hp-isirbatchprint-importisir-21_22-generictest" storage="c:\agt6\_work\6\a\api\environment\regapiautomation\testdata\isirprint\prereq-isirprint-isirbatchprint-21_22\prereq-appproc-isirprint@hp-isirbatchprint-importisir-21_22-generictest.generictest" id="7bd6ad64-70f9-4b50-8dab-f8cc34acede7">
      <Execution id="06a427c0-7e78-47c8-b48b-aab076eb66e6" parentId="f687f83f-35d3-4cd0-ae38-43637f8f4f7d" />
      <TestMethod codeBase="c:\agt6\_work\6\a\api\environment\regapiautomation\testdata\isirprint\prereq-isirprint-isirbatchprint-21_22\prereq-appproc-isirprint@hp-isirbatchprint-importisir-21_22-generictest.generictest" adapterTypeName="executor://orderedtestadapter/v1" className="c:\agt6\_work\6\a\api\environment\regapiautomation\testdata\isirprint\prereq-isirprint-isirbatchprint-21_22\prereq-appproc-isirprint@hp-isirbatchprint-importisir-21_22-generictest" name="prereq-appproc-isirprint@hp-isirbatchprint-importisir-21_22-generictest" />
    </UnitTest>
    <UnitTest name="prereq-fisap-datacorrection@report-summary-20_21-registerclassandpostattendance-generictest" storage="c:\agt6\_work\6\a\api\environment\regapiautomation\testdata\fisap-datacorrection\prereq-report-summary-20_21\prereq-fisap-datacorrection@report-summary-20_21-registerclassandpostattendance-generictest.generictest" id="40949d53-7b41-47ea-9e13-b0a82d4ade2b">
      <Execution id="b3660a33-8e0f-4832-9ab0-04f278bcf4c9" parentId="697f4704-c9e2-4f19-8fbf-e152e9f52a64" />
      <TestMethod codeBase="c:\agt6\_work\6\a\api\environment\regapiautomation\testdata\fisap-datacorrection\prereq-report-summary-20_21\prereq-fisap-datacorrection@report-summary-20_21-registerclassandpostattendance-generictest.generictest" adapterTypeName="executor://orderedtestadapter/v1" className="c:\agt6\_work\6\a\api\environment\regapiautomation\testdata\fisap-datacorrection\prereq-report-summary-20_21\prereq-fisap-datacorrection@report-summary-20_21-registerclassandpostattendance-generictest" name="prereq-fisap-datacorrection@report-summary-20_21-registerclassandpostattendance-generictest" />
    </UnitTest>
    <UnitTest name="prereq-shoppingsheets-student@hp-print-importisir-generictest" storage="c:\agt6\_work\6\a\api\environment\regapiautomation\testdata\shoppingsheets\prereq\prereq-shoppingsheets-student@hp-print-importisir-generictest.generictest" id="7bd6ad64-70f9-4b50-8dab-f8cc34acede3">
      <Execution id="b0a3d578-7d7c-489a-9979-0f9c27d98752" parentId="1dc9e166-d7ca-41ee-8d6c-b5317b4ce4f1" />
      <TestMethod codeBase="c:\agt6\_work\6\a\api\environment\regapiautomation\testdata\shoppingsheets\prereq\prereq-shoppingsheets-student@hp-print-importisir-generictest.generictest" adapterTypeName="executor://orderedtestadapter/v1" className="c:\agt6\_work\6\a\api\environment\regapiautomation\testdata\shoppingsheets\prereq\prereq-shoppingsheets-student@hp-print-importisir-generictest" name="prereq-shoppingsheets-student@hp-print-importisir-generictest" />
    </UnitTest>
    <UnitTest name="prereq-fisap-datacorrection@report-variance-20_21-seteffectivedate-generictest" storage="c:\agt6\_work\6\a\api\environment\regapiautomation\testdata\fisap-datacorrection\prereq-report-variance-20_21\prereq-fisap-datacorrection@report-variance-20_21-seteffectivedate-generictest.generictest" id="c40d8d3c-56e3-4091-8ee8-5b3d35ae468b">
      <Execution id="42fa56b2-69ae-45c0-9481-6e42f3616657" parentId="f9a3d65a-5cb6-438b-af3f-330a9ebc816d" />
      <TestMethod codeBase="c:\agt6\_work\6\a\api\environment\regapiautomation\testdata\fisap-datacorrection\prereq-report-variance-20_21\prereq-fisap-datacorrection@report-variance-20_21-seteffectivedate-generictest.generictest" adapterTypeName="executor://orderedtestadapter/v1" className="c:\agt6\_work\6\a\api\environment\regapiautomation\testdata\fisap-datacorrection\prereq-report-variance-20_21\prereq-fisap-datacorrection@report-variance-20_21-seteffectivedate-generictest" name="prereq-fisap-datacorrection@report-variance-20_21-seteffectivedate-generictest" />
    </UnitTest>
    <UnitTest name="prereq-cod-exceptions@hp-resolve-award-bn-updatebudgetforacademicyearforpackaging-generictest" storage="c:\agt6\_work\6\a\api\environment\regapiautomation\testdata\codexceptions\prereq\prereq-cod-exceptions@hp-resolve-award-bn-updatebudgetforacademicyearforpackaging-generictest.generictest" id="01ef4fe4-8d78-44b6-9605-758177f06b88">
      <Execution id="11264508-a271-4138-88c8-29c553d00c59" parentId="a9bbf815-0cf2-4d0e-8149-403984943fdc" />
      <TestMethod codeBase="c:\agt6\_work\6\a\api\environment\regapiautomation\testdata\codexceptions\prereq\prereq-cod-exceptions@hp-resolve-award-bn-updatebudgetforacademicyearforpackaging-generictest.generictest" adapterTypeName="executor://orderedtestadapter/v1" className="c:\agt6\_work\6\a\api\environment\regapiautomation\testdata\codexceptions\prereq\prereq-cod-exceptions@hp-resolve-award-bn-updatebudgetforacademicyearforpackaging-generictest" name="prereq-cod-exceptions@hp-resolve-award-bn-updatebudgetforacademicyearforpackaging-generictest" />
    </UnitTest>
    <OrderedTest name="OT-06U-FISAP-InvalidTransId-20_21" storage="c:\agt6\_work\6\a\api\orderedtest\ot-06u-fisap-invalidtransid-20_21.orderedtest" id="7d4f2c0d-3435-45ce-b99a-52e0ab9993ca">
      <Execution id="974e42be-1ae7-4083-84f3-e5188d755a0a" />
      <TestLinks>
        <TestLink id="0aa578d9-bc2c-470d-a461-bf598e90dff9" name="prereq-fisap-datacorrection@invalidtransid-20_21-createstudent-generictest" storage="c:\agt6\_work\6\a\api\environment\regapiautomation\testdata\fisap-datacorrection\prereq-invalidtransid-20_21\prereq-fisap-datacorrection@invalidtransid-20_21-createstudent-generictest.generictest" />
        <TestLink id="2c19ee7c-2698-4094-9b8d-edd24316d584" name="prereq-fisap-datacorrection@invalidtransid-20_21-importisir-generictest" storage="c:\agt6\_work\6\a\api\environment\regapiautomation\testdata\fisap-datacorrection\prereq-invalidtransid-20_21\prereq-fisap-datacorrection@invalidtransid-20_21-importisir-generictest.generictest" />
        <TestLink id="fe3e2930-c4c6-4b83-bfb9-fdc9b43f91c9" name="prereq-fisap-datacorrection@invalidtransid-20_21-enrollstudent-generictest" storage="c:\agt6\_work\6\a\api\environment\regapiautomation\testdata\fisap-datacorrection\prereq-invalidtransid-20_21\prereq-fisap-datacorrection@invalidtransid-20_21-enrollstudent-generictest.generictest" />
        <TestLink id="00c6da6d-e2ae-4a20-bb21-b7d86d96c8a0" name="prereq-fisap-datacorrection@invalidtransid-20_21-registerclassandpostattendance-generictest" storage="c:\agt6\_work\6\a\api\environment\regapiautomation\testdata\fisap-datacorrection\prereq-invalidtransid-20_21\prereq-fisap-datacorrection@invalidtransid-20_21-registerclassandpostattendance-generictest.generictest" />
        <TestLink id="9e54c607-ccc8-4e47-ab0d-69f64fbecf39" name="prereq-fisap-datacorrection@invalidtransid-20_21-updatebudgetforacademicyearforpackaging-generictest" storage="c:\agt6\_work\6\a\api\environment\regapiautomation\testdata\fisap-datacorrection\prereq-invalidtransid-20_21\prereq-fisap-datacorrection@invalidtransid-20_21-updatebudgetforacademicyearforpackaging-generictest.generictest" />
        <TestLink id="c0dd9809-5a51-46c8-8fd4-7daa8e835800" name="prereq-fisap-datacorrection@invalidtransid-20_21-awardgrantforpackaging-generictest" storage="c:\agt6\_work\6\a\api\environment\regapiautomation\testdata\fisap-datacorrection\prereq-invalidtransid-20_21\prereq-fisap-datacorrection@invalidtransid-20_21-awardgrantforpackaging-generictest.generictest" />
        <TestLink id="68ca004c-8929-4dbc-acf9-b573475e98b8" name="prereq-fisap-datacorrection@invalidtransid-20_21-postpaymentledgercard-generictest" storage="c:\agt6\_work\6\a\api\environment\regapiautomation\testdata\fisap-datacorrection\prereq-invalidtransid-20_21\prereq-fisap-datacorrection@invalidtransid-20_21-postpaymentledgercard-generictest.generictest" />
        <TestLink id="b91a9c97-0371-46f7-a3d2-53fdec1cba84" name="prereq-fisap-datacorrection@invalidtransid-20_21-changestudentstatus-generictest" storage="c:\agt6\_work\6\a\api\environment\regapiautomation\testdata\fisap-datacorrection\prereq-invalidtransid-20_21\prereq-fisap-datacorrection@invalidtransid-20_21-changestudentstatus-generictest.generictest" />
        <TestLink id="e306d73b-4c4c-48fc-a107-9896ce4977e7" name="fisap-datacorrection@invalidtransid-20_21-generictest" storage="c:\agt6\_work\6\a\api\environment\regapiautomation\testdata\fisap-datacorrection\fisap-datacorrection@invalidtransid-20_21-generictest.generictest" />
      </TestLinks>
    </OrderedTest>
    <UnitTest name="prereq-cod-exceptions@resolve-award-pn-21_22-importisir-generictest" storage="c:\agt6\_work\6\a\api\environment\regapiautomation\testdata\codexceptions\prereq-resolve-pn-21_22\prereq-cod-exceptions@resolve-award-pn-21_22-importisir-generictest.generictest" id="5aa87472-099e-4d13-b713-c555c492ff45">
      <Execution id="5f228722-d994-432c-bfff-4b65cc1be3ba" parentId="e3b66657-a9f6-4472-a6cd-7f0a51b3a969" />
      <TestMethod codeBase="c:\agt6\_work\6\a\api\environment\regapiautomation\testdata\codexceptions\prereq-resolve-pn-21_22\prereq-cod-exceptions@resolve-award-pn-21_22-importisir-generictest.generictest" adapterTypeName="executor://orderedtestadapter/v1" className="c:\agt6\_work\6\a\api\environment\regapiautomation\testdata\codexceptions\prereq-resolve-pn-21_22\prereq-cod-exceptions@resolve-award-pn-21_22-importisir-generictest" name="prereq-cod-exceptions@resolve-award-pn-21_22-importisir-generictest" />
    </UnitTest>
    <UnitTest name="prereq-cod-exceptions@hp-resolve-award-bn-21_22-importisir-generictest" storage="c:\agt6\_work\6\a\api\environment\regapiautomation\testdata\codexceptions\prereq-21_22\prereq-cod-exceptions@hp-resolve-award-bn-21_22-importisir-generictest.generictest" id="5aa87472-099e-4d13-b713-c555c492ff44">
      <Execution id="e9ac02c0-ad68-4694-a341-82c75a10b6ad" parentId="ac0cbf78-2e81-457a-b65b-fdc11e34bc33" />
      <TestMethod codeBase="c:\agt6\_work\6\a\api\environment\regapiautomation\testdata\codexceptions\prereq-21_22\prereq-cod-exceptions@hp-resolve-award-bn-21_22-importisir-generictest.generictest" adapterTypeName="executor://orderedtestadapter/v1" className="c:\agt6\_work\6\a\api\environment\regapiautomation\testdata\codexceptions\prereq-21_22\prereq-cod-exceptions@hp-resolve-award-bn-21_22-importisir-generictest" name="prereq-cod-exceptions@hp-resolve-award-bn-21_22-importisir-generictest" />
    </UnitTest>
    <UnitTest name="prereq-codimport@pn-21_22-importisir-generictest" storage="c:\agt6\_work\6\a\api\environment\regapiautomation\testdata\codimport\prereq-codimport-pn-21_22\prereq-codimport@pn-21_22-importisir-generictest.generictest" id="5aa87472-099e-4d13-b713-c555c492ff47">
      <Execution id="7c48169d-48a3-400a-99d9-106c3f5bd087" parentId="9303d2ec-6712-49bb-9a00-49d89fb8fc0b" />
      <TestMethod codeBase="c:\agt6\_work\6\a\api\environment\regapiautomation\testdata\codimport\prereq-codimport-pn-21_22\prereq-codimport@pn-21_22-importisir-generictest.generictest" adapterTypeName="executor://orderedtestadapter/v1" className="c:\agt6\_work\6\a\api\environment\regapiautomation\testdata\codimport\prereq-codimport-pn-21_22\prereq-codimport@pn-21_22-importisir-generictest" name="prereq-codimport@pn-21_22-importisir-generictest" />
    </UnitTest>
    <UnitTest name="prereq-fisap-datacorrection@report-summary-19_20-importisir-generictest" storage="c:\agt6\_work\6\a\api\environment\regapiautomation\testdata\fisap-datacorrection\prereq-report-summary-19_20\prereq-fisap-datacorrection@report-summary-19_20-importisir-generictest.generictest" id="b50d8501-2bdf-44ec-beee-f5acbfcb2efb">
      <Execution id="61847a81-35ce-4198-ad7f-5f908601da04" parentId="aa45d248-d3be-4714-80a6-d8b03b78f18a" />
      <TestMethod codeBase="c:\agt6\_work\6\a\api\environment\regapiautomation\testdata\fisap-datacorrection\prereq-report-summary-19_20\prereq-fisap-datacorrection@report-summary-19_20-importisir-generictest.generictest" adapterTypeName="executor://orderedtestadapter/v1" className="c:\agt6\_work\6\a\api\environment\regapiautomation\testdata\fisap-datacorrection\prereq-report-summary-19_20\prereq-fisap-datacorrection@report-summary-19_20-importisir-generictest" name="prereq-fisap-datacorrection@report-summary-19_20-importisir-generictest" />
    </UnitTest>
    <UnitTest name="prereq-cod-exceptions@delete-award-bn-21_22-importisir-generictest" storage="c:\agt6\_work\6\a\api\environment\regapiautomation\testdata\codexceptions\prereq-delete-21_22\prereq-cod-exceptions@delete-award-bn-21_22-importisir-generictest.generictest" id="5aa87472-099e-4d13-b713-c555c492ff46">
      <Execution id="8a661433-fb45-46f8-bada-951df78052de" parentId="fb06118d-4b7c-4860-9fb7-bf491401fa76" />
      <TestMethod codeBase="c:\agt6\_work\6\a\api\environment\regapiautomation\testdata\codexceptions\prereq-delete-21_22\prereq-cod-exceptions@delete-award-bn-21_22-importisir-generictest.generictest" adapterTypeName="executor://orderedtestadapter/v1" className="c:\agt6\_work\6\a\api\environment\regapiautomation\testdata\codexceptions\prereq-delete-21_22\prereq-cod-exceptions@delete-award-bn-21_22-importisir-generictest" name="prereq-cod-exceptions@delete-award-bn-21_22-importisir-generictest" />
    </UnitTest>
    <UnitTest name="prereq-fisap-datacorrection@unkenrollstatus-19_20-registerclassandpostattendance-generictest" storage="c:\agt6\_work\6\a\api\environment\regapiautomation\testdata\fisap-datacorrection\prereq-unkenrollstatus-19_20\prereq-fisap-datacorrection@unkenrollstatus-19_20-registerclassandpostattendance-generictest.generictest" id="73a34ce6-6763-43d4-8f29-8bcbc51fa9a9">
      <Execution id="4c8bb006-9276-44f3-8303-6024d57e7ce2" parentId="4ed0a644-67a2-46b0-8987-640fb8ec249c" />
      <TestMethod codeBase="c:\agt6\_work\6\a\api\environment\regapiautomation\testdata\fisap-datacorrection\prereq-unkenrollstatus-19_20\prereq-fisap-datacorrection@unkenrollstatus-19_20-registerclassandpostattendance-generictest.generictest" adapterTypeName="executor://orderedtestadapter/v1" className="c:\agt6\_work\6\a\api\environment\regapiautomation\testdata\fisap-datacorrection\prereq-unkenrollstatus-19_20\prereq-fisap-datacorrection@unkenrollstatus-19_20-registerclassandpostattendance-generictest" name="prereq-fisap-datacorrection@unkenrollstatus-19_20-registerclassandpostattendance-generictest" />
    </UnitTest>
    <OrderedTest name="OT-10A-ShoppingSheets-Student-Saved-Print" storage="c:\agt6\_work\6\a\api\orderedtest\ot-10a-shoppingsheets-student-saved-print.orderedtest" id="6e8b8850-fd6c-4c57-8e91-3af72d743290">
      <Execution id="b6298cba-cbf4-4ecd-ad1d-23c55dfd7d0c" />
      <TestLinks>
        <TestLink id="8f501d3f-8637-4717-bfac-d9852c9f5472" name="shoppingsheets-student@hp-saved-generictest" storage="c:\agt6\_work\6\a\api\environment\regapiautomation\testdata\shoppingsheets\shoppingsheets-student@hp-saved-generictest.generictest" />
      </TestLinks>
    </OrderedTest>
    <UnitTest name="appproc-appdata-import@hp-isir-21_22-generictest" storage="c:\agt6\_work\6\a\api\environment\regapiautomation\testdata\applicationdata\import\appproc-appdata-import@hp-isir-21_22-generictest.generictest" id="d12c34a8-1010-4092-aaa0-13a8d7f9e4c9">
      <Execution id="d3c0d383-5623-4dc5-a735-caf11424dbbf" parentId="08755f92-6828-4339-b171-84cc45efda41" />
      <TestMethod codeBase="c:\agt6\_work\6\a\api\environment\regapiautomation\testdata\applicationdata\import\appproc-appdata-import@hp-isir-21_22-generictest.generictest" adapterTypeName="executor://orderedtestadapter/v1" className="c:\agt6\_work\6\a\api\environment\regapiautomation\testdata\applicationdata\import\appproc-appdata-import@hp-isir-21_22-generictest" name="appproc-appdata-import@hp-isir-21_22-generictest" />
    </UnitTest>
    <UnitTest name="prereq-fisap-datacorrection@invalidtransid-20_21-enrollstudent-generictest" storage="c:\agt6\_work\6\a\api\environment\regapiautomation\testdata\fisap-datacorrection\prereq-invalidtransid-20_21\prereq-fisap-datacorrection@invalidtransid-20_21-enrollstudent-generictest.generictest" id="fe3e2930-c4c6-4b83-bfb9-fdc9b43f91c9">
      <Execution id="a45ecb23-5b78-4eb2-ab48-20d79f11c53f" parentId="974e42be-1ae7-4083-84f3-e5188d755a0a" />
      <TestMethod codeBase="c:\agt6\_work\6\a\api\environment\regapiautomation\testdata\fisap-datacorrection\prereq-invalidtransid-20_21\prereq-fisap-datacorrection@invalidtransid-20_21-enrollstudent-generictest.generictest" adapterTypeName="executor://orderedtestadapter/v1" className="c:\agt6\_work\6\a\api\environment\regapiautomation\testdata\fisap-datacorrection\prereq-invalidtransid-20_21\prereq-fisap-datacorrection@invalidtransid-20_21-enrollstudent-generictest" name="prereq-fisap-datacorrection@invalidtransid-20_21-enrollstudent-generictest" />
    </UnitTest>
    <OrderedTest name="OT-06N-FISAP-DependentGrad-19_20" storage="c:\agt6\_work\6\a\api\orderedtest\ot-06n-fisap-dependentgrad-19_20.orderedtest" id="13dbbba0-5c54-452e-95d6-82c8a97b714e">
      <Execution id="1c1b619b-4924-43f3-bf75-e324043e3d97" />
      <TestLinks>
        <TestLink id="96458860-65b0-46ba-88c9-3f56a4f084cf" name="prereq-fisap-datacorrection@dependentgrad-19_20-createstudent-generictest" storage="c:\agt6\_work\6\a\api\environment\regapiautomation\testdata\fisap-datacorrection\prereq-dependentgrad-19-20\prereq-fisap-datacorrection@dependentgrad-19_20-createstudent-generictest.generictest" />
        <TestLink id="f41fadab-2be9-4710-920b-2e07f2d5889f" name="prereq-fisap-datacorrection@dependentgrad-19_20-importisir-generictest" storage="c:\agt6\_work\6\a\api\environment\regapiautomation\testdata\fisap-datacorrection\prereq-dependentgrad-19-20\prereq-fisap-datacorrection@dependentgrad-19_20-importisir-generictest.generictest" />
        <TestLink id="8eec4545-f0b7-4333-b231-b222a703a5c7" name="prereq-fisap-datacorrection@dependentgrad-19_20-enrollstudent-generictest" storage="c:\agt6\_work\6\a\api\environment\regapiautomation\testdata\fisap-datacorrection\prereq-dependentgrad-19-20\prereq-fisap-datacorrection@dependentgrad-19_20-enrollstudent-generictest.generictest" />
        <TestLink id="9a3f9252-81d6-4c3e-868f-dd0a17d2c7a9" name="prereq-fisap-datacorrection@dependentgrad-19_20-registerclassandpostattendance-generictest" storage="c:\agt6\_work\6\a\api\environment\regapiautomation\testdata\fisap-datacorrection\prereq-dependentgrad-19-20\prereq-fisap-datacorrection@dependentgrad-19_20-registerclassandpostattendance-generictest.generictest" />
        <TestLink id="58910839-c7c5-4769-b4e6-a91531f0aacc" name="fisap-datacorrection@dependentgrad-19_20-generictest" storage="c:\agt6\_work\6\a\api\environment\regapiautomation\testdata\fisap-datacorrection\fisap-datacorrection@dependentgrad-19_20-generictest.generictest" />
      </TestLinks>
    </OrderedTest>
    <UnitTest name="prereq-fisap-datacorrection@noteligible-seog-19_20-awardgrantforpackaging-generictest" storage="c:\agt6\_work\6\a\api\environment\regapiautomation\testdata\fisap-datacorrection\prereq-noteligible-seog-19-20\prereq-fisap-datacorrection@noteligible-seog-19_20-awardgrantforpackaging-generictest.generictest" id="2239a91a-f3fd-438d-9e69-70c97372a12c">
      <Execution id="a853b044-1143-4bac-87a9-fe765285832e" parentId="65d94a0f-318b-47d1-aafb-e5656a9b204c" />
      <TestMethod codeBase="c:\agt6\_work\6\a\api\environment\regapiautomation\testdata\fisap-datacorrection\prereq-noteligible-seog-19-20\prereq-fisap-datacorrection@noteligible-seog-19_20-awardgrantforpackaging-generictest.generictest" adapterTypeName="executor://orderedtestadapter/v1" className="c:\agt6\_work\6\a\api\environment\regapiautomation\testdata\fisap-datacorrection\prereq-noteligible-seog-19-20\prereq-fisap-datacorrection@noteligible-seog-19_20-awardgrantforpackaging-generictest" name="prereq-fisap-datacorrection@noteligible-seog-19_20-awardgrantforpackaging-generictest" />
    </UnitTest>
    <OrderedTest name="OT-06K-FISAP-ColumnD-20_21" storage="c:\agt6\_work\6\a\api\orderedtest\ot-06k-fisap-columnd-20_21.orderedtest" id="3aea2585-a119-4e34-b236-c0737d174fc8">
      <Execution id="90c8c495-1b26-418f-b54f-aee0acdf5a94" />
      <TestLinks>
        <TestLink id="cd08f1a7-6d9c-49fb-8c4d-db8143af6d62" name="prereq-fisap-datacorrection@columnd-20_21-createstudent-generictest" storage="c:\agt6\_work\6\a\api\environment\regapiautomation\testdata\fisap-datacorrection\prereq-columnd-20-21\prereq-fisap-datacorrection@columnd-20_21-createstudent-generictest.generictest" />
        <TestLink id="feda537e-91c8-448b-8b42-1d0d3a8def6d" name="prereq-fisap-datacorrection@columnd-20_21-importisir-generictest" storage="c:\agt6\_work\6\a\api\environment\regapiautomation\testdata\fisap-datacorrection\prereq-columnd-20-21\prereq-fisap-datacorrection@columnd-20_21-importisir-generictest.generictest" />
        <TestLink id="7e1d8d7d-1bc0-4540-a386-c11c2a64c8e6" name="prereq-fisap-datacorrection@columnd-20_21-enrollstudent-generictest" storage="c:\agt6\_work\6\a\api\environment\regapiautomation\testdata\fisap-datacorrection\prereq-columnd-20-21\prereq-fisap-datacorrection@columnd-20_21-enrollstudent-generictest.generictest" />
        <TestLink id="986adfd9-3780-4fc0-88df-8ba933c00bf9" name="prereq-fisap-datacorrection@columnd-20_21-registerclassandpostattendance-generictest" storage="c:\agt6\_work\6\a\api\environment\regapiautomation\testdata\fisap-datacorrection\prereq-columnd-20-21\prereq-fisap-datacorrection@columnd-20_21-registerclassandpostattendance-generictest.generictest" />
        <TestLink id="5803fa3e-cd69-44e1-8b0d-3548f29883b9" name="prereq-fisap-datacorrection@columnd-20_21-changestudentstatus-generictest" storage="c:\agt6\_work\6\a\api\environment\regapiautomation\testdata\fisap-datacorrection\prereq-columnd-20-21\prereq-fisap-datacorrection@columnd-20_21-changestudentstatus-generictest.generictest" />
        <TestLink id="78aef38f-3740-4049-9e2c-b86557389ec4" name="fisap-datacorrection@columnd-20_21-generictest" storage="c:\agt6\_work\6\a\api\environment\regapiautomation\testdata\fisap-datacorrection\fisap-datacorrection@columnd-20_21-generictest.generictest" />
      </TestLinks>
    </OrderedTest>
    <UnitTest name="collegefinanceplan-student@hp-print-20_21-generictest" storage="c:\agt6\_work\6\a\api\environment\regapiautomation\testdata\shoppingsheets\collegefinanceplan-student@hp-print-20_21-generictest.generictest" id="451322d8-1584-4c96-a4d2-cd83269d4dbc">
      <Execution id="6a40776b-2028-42e0-a92c-44481b1038a6" parentId="e0f2e063-42f1-4b9c-a856-03e3a95f3e7c" />
      <TestMethod codeBase="c:\agt6\_work\6\a\api\environment\regapiautomation\testdata\shoppingsheets\collegefinanceplan-student@hp-print-20_21-generictest.generictest" adapterTypeName="executor://orderedtestadapter/v1" className="c:\agt6\_work\6\a\api\environment\regapiautomation\testdata\shoppingsheets\collegefinanceplan-student@hp-print-20_21-generictest" name="collegefinanceplan-student@hp-print-20_21-generictest" />
    </UnitTest>
    <UnitTest name="shoppingsheets-student@hp-print-generictest" storage="c:\agt6\_work\6\a\api\environment\regapiautomation\testdata\shoppingsheets\shoppingsheets-student@hp-print-generictest.generictest" id="451322d8-1584-4c96-a4d2-cd83269d4dbb">
      <Execution id="62048f68-6f97-486d-9d06-1f28fc96b8ae" parentId="1dc9e166-d7ca-41ee-8d6c-b5317b4ce4f1" />
      <TestMethod codeBase="c:\agt6\_work\6\a\api\environment\regapiautomation\testdata\shoppingsheets\shoppingsheets-student@hp-print-generictest.generictest" adapterTypeName="executor://orderedtestadapter/v1" className="c:\agt6\_work\6\a\api\environment\regapiautomation\testdata\shoppingsheets\shoppingsheets-student@hp-print-generictest" name="shoppingsheets-student@hp-print-generictest" />
    </UnitTest>
    <UnitTest name="prereq-fisap-datacorrection@report-summary-19_20-awardgrantforpackaging-generictest" storage="c:\agt6\_work\6\a\api\environment\regapiautomation\testdata\fisap-datacorrection\prereq-report-summary-19_20\prereq-fisap-datacorrection@report-summary-19_20-awardgrantforpackaging-generictest.generictest" id="5f2c23b2-3585-42f7-934a-2955e77e968d">
      <Execution id="244dcf38-6268-494f-9f68-2c310a7aecc5" parentId="aa45d248-d3be-4714-80a6-d8b03b78f18a" />
      <TestMethod codeBase="c:\agt6\_work\6\a\api\environment\regapiautomation\testdata\fisap-datacorrection\prereq-report-summary-19_20\prereq-fisap-datacorrection@report-summary-19_20-awardgrantforpackaging-generictest.generictest" adapterTypeName="executor://orderedtestadapter/v1" className="c:\agt6\_work\6\a\api\environment\regapiautomation\testdata\fisap-datacorrection\prereq-report-summary-19_20\prereq-fisap-datacorrection@report-summary-19_20-awardgrantforpackaging-generictest" name="prereq-fisap-datacorrection@report-summary-19_20-awardgrantforpackaging-generictest" />
    </UnitTest>
    <UnitTest name="prereq-cod-exceptions@delete-award-bn-21_22-codimport-generictest" storage="c:\agt6\_work\6\a\api\environment\regapiautomation\testdata\codexceptions\prereq-delete-21_22\prereq-cod-exceptions@delete-award-bn-21_22-codimport-generictest.generictest" id="079e1f06-06c6-4170-866f-3945f425a916">
      <Execution id="e0af5b5c-2d0b-46b8-adef-9f56c857ba39" parentId="fb06118d-4b7c-4860-9fb7-bf491401fa76" />
      <TestMethod codeBase="c:\agt6\_work\6\a\api\environment\regapiautomation\testdata\codexceptions\prereq-delete-21_22\prereq-cod-exceptions@delete-award-bn-21_22-codimport-generictest.generictest" adapterTypeName="executor://orderedtestadapter/v1" className="c:\agt6\_work\6\a\api\environment\regapiautomation\testdata\codexceptions\prereq-delete-21_22\prereq-cod-exceptions@delete-award-bn-21_22-codimport-generictest" name="prereq-cod-exceptions@delete-award-bn-21_22-codimport-generictest" />
    </UnitTest>
    <UnitTest name="prereq-cod-exceptions@hp-resolve-award-bn-21_22-codimport-generictest" storage="c:\agt6\_work\6\a\api\environment\regapiautomation\testdata\codexceptions\prereq-21_22\prereq-cod-exceptions@hp-resolve-award-bn-21_22-codimport-generictest.generictest" id="079e1f06-06c6-4170-866f-3945f425a914">
      <Execution id="e01b0caa-87a3-4bd3-b060-1d359220764c" parentId="ac0cbf78-2e81-457a-b65b-fdc11e34bc33" />
      <TestMethod codeBase="c:\agt6\_work\6\a\api\environment\regapiautomation\testdata\codexceptions\prereq-21_22\prereq-cod-exceptions@hp-resolve-award-bn-21_22-codimport-generictest.generictest" adapterTypeName="executor://orderedtestadapter/v1" className="c:\agt6\_work\6\a\api\environment\regapiautomation\testdata\codexceptions\prereq-21_22\prereq-cod-exceptions@hp-resolve-award-bn-21_22-codimport-generictest" name="prereq-cod-exceptions@hp-resolve-award-bn-21_22-codimport-generictest" />
    </UnitTest>
    <UnitTest name="prereq-cod-exceptions@resolve-award-pn-21_22-codimport-generictest" storage="c:\agt6\_work\6\a\api\environment\regapiautomation\testdata\codexceptions\prereq-resolve-pn-21_22\prereq-cod-exceptions@resolve-award-pn-21_22-codimport-generictest.generictest" id="079e1f06-06c6-4170-866f-3945f425a915">
      <Execution id="7bbb3cf7-7183-4707-85ff-8927610aba62" parentId="e3b66657-a9f6-4472-a6cd-7f0a51b3a969" />
      <TestMethod codeBase="c:\agt6\_work\6\a\api\environment\regapiautomation\testdata\codexceptions\prereq-resolve-pn-21_22\prereq-cod-exceptions@resolve-award-pn-21_22-codimport-generictest.generictest" adapterTypeName="executor://orderedtestadapter/v1" className="c:\agt6\_work\6\a\api\environment\regapiautomation\testdata\codexceptions\prereq-resolve-pn-21_22\prereq-cod-exceptions@resolve-award-pn-21_22-codimport-generictest" name="prereq-cod-exceptions@resolve-award-pn-21_22-codimport-generictest" />
    </UnitTest>
    <UnitTest name="prereq-fisap-datacorrection@hp-ineligible-19_20-postpaymentledgercard-generictest" storage="c:\agt6\_work\6\a\api\environment\regapiautomation\testdata\fisap-datacorrection\prereq-ineligible-19_20\prereq-fisap-datacorrection@hp-ineligible-19_20-postpaymentledgercard-generictest.generictest" id="d638d69b-0179-48df-b10c-83bcec97ae96">
      <Execution id="ecac6326-733a-4910-88f5-50f8d485ba10" parentId="f51cf7a5-90aa-4d7b-a241-f8ea6421a15e" />
      <TestMethod codeBase="c:\agt6\_work\6\a\api\environment\regapiautomation\testdata\fisap-datacorrection\prereq-ineligible-19_20\prereq-fisap-datacorrection@hp-ineligible-19_20-postpaymentledgercard-generictest.generictest" adapterTypeName="executor://orderedtestadapter/v1" className="c:\agt6\_work\6\a\api\environment\regapiautomation\testdata\fisap-datacorrection\prereq-ineligible-19_20\prereq-fisap-datacorrection@hp-ineligible-19_20-postpaymentledgercard-generictest" name="prereq-fisap-datacorrection@hp-ineligible-19_20-postpaymentledgercard-generictest" />
    </UnitTest>
    <UnitTest name="prereq-fisap-datacorrection@resolvedep-19_20-updatebudgetforacademicyearforpackaging-generictest" storage="c:\agt6\_work\6\a\api\environment\regapiautomation\testdata\fisap-datacorrection\prereq-resolvedep-19_20\prereq-fisap-datacorrection@resolvedep-19_20-updatebudgetforacademicyearforpackaging-generictest.generictest" id="40785ab6-2f87-4010-8e2e-c925b3a58125">
      <Execution id="03a2741b-d480-40d6-ae27-47fa089aeb36" parentId="ba8c0425-1a9e-43f4-bc5d-07922547af4a" />
      <TestMethod codeBase="c:\agt6\_work\6\a\api\environment\regapiautomation\testdata\fisap-datacorrection\prereq-resolvedep-19_20\prereq-fisap-datacorrection@resolvedep-19_20-updatebudgetforacademicyearforpackaging-generictest.generictest" adapterTypeName="executor://orderedtestadapter/v1" className="c:\agt6\_work\6\a\api\environment\regapiautomation\testdata\fisap-datacorrection\prereq-resolvedep-19_20\prereq-fisap-datacorrection@resolvedep-19_20-updatebudgetforacademicyearforpackaging-generictest" name="prereq-fisap-datacorrection@resolvedep-19_20-updatebudgetforacademicyearforpackaging-generictest" />
    </UnitTest>
    <UnitTest name="fisap-datacorrection@columna-20_21-generictest" storage="c:\agt6\_work\6\a\api\environment\regapiautomation\testdata\fisap-datacorrection\fisap-datacorrection@columna-20_21-generictest.generictest" id="36306fc9-e359-460f-89bb-9a4c2cf8ebd0">
      <Execution id="84afb902-5fa9-42d9-b067-b065a987ad86" parentId="1b80f72f-2e8a-4682-ab8e-9c15673042ab" />
      <TestMethod codeBase="c:\agt6\_work\6\a\api\environment\regapiautomation\testdata\fisap-datacorrection\fisap-datacorrection@columna-20_21-generictest.generictest" adapterTypeName="executor://orderedtestadapter/v1" className="c:\agt6\_work\6\a\api\environment\regapiautomation\testdata\fisap-datacorrection\fisap-datacorrection@columna-20_21-generictest" name="fisap-datacorrection@columna-20_21-generictest" />
    </UnitTest>
    <OrderedTest name="OT-10I-CollegeFinancePlan-Config-LogoShortname" storage="c:\agt6\_work\6\a\api\orderedtest\ot-10i-collegefinanceplan-config-logoshortname.orderedtest" id="70e16915-1c9c-4833-b5e5-545f87e34593">
      <Execution id="7142d983-154f-4b27-ab8f-69a0e938c9fb" />
      <TestLinks>
        <TestLink id="269c3626-b1c3-4de9-b5ef-da50fbdef608" name="collegefinanceplan-config@logoshortname-generictest" storage="c:\agt6\_work\6\a\api\environment\regapiautomation\testdata\shoppingsheets\collegefinanceplan-config@logoshortname-generictest.generictest" />
      </TestLinks>
    </OrderedTest>
    <UnitTest name="appproc-appdata-import@hp-errorreport-generictest" storage="c:\agt6\_work\6\a\api\environment\regapiautomation\testdata\applicationdata\import\appproc-appdata-import@hp-errorreport-generictest.generictest" id="b4a1300b-0eb7-4c19-99c7-95b321295b6a">
      <Execution id="ebb39123-73f3-417a-af95-bc93664179a9" parentId="28a2e2c4-c47f-4020-84de-4df230717c3e" />
      <TestMethod codeBase="c:\agt6\_work\6\a\api\environment\regapiautomation\testdata\applicationdata\import\appproc-appdata-import@hp-errorreport-generictest.generictest" adapterTypeName="executor://orderedtestadapter/v1" className="c:\agt6\_work\6\a\api\environment\regapiautomation\testdata\applicationdata\import\appproc-appdata-import@hp-errorreport-generictest" name="appproc-appdata-import@hp-errorreport-generictest" />
    </UnitTest>
    <UnitTest name="appproc-appdata-import@hp-errorreport-21_22-generictest" storage="c:\agt6\_work\6\a\api\environment\regapiautomation\testdata\applicationdata\import\appproc-appdata-import@hp-errorreport-21_22-generictest.generictest" id="b4a1300b-0eb7-4c19-99c7-95b321295b6b">
      <Execution id="30b3869a-fbb8-49bc-af9e-79e491a869f0" parentId="71ffb719-f215-4e8b-a8b3-628f3eae97ac" />
      <TestMethod codeBase="c:\agt6\_work\6\a\api\environment\regapiautomation\testdata\applicationdata\import\appproc-appdata-import@hp-errorreport-21_22-generictest.generictest" adapterTypeName="executor://orderedtestadapter/v1" className="c:\agt6\_work\6\a\api\environment\regapiautomation\testdata\applicationdata\import\appproc-appdata-import@hp-errorreport-21_22-generictest" name="appproc-appdata-import@hp-errorreport-21_22-generictest" />
    </UnitTest>
    <UnitTest name="prereq-fisap-datacorrection@noteligible-seog-20_21-importisir-generictest" storage="c:\agt6\_work\6\a\api\environment\regapiautomation\testdata\fisap-datacorrection\prereq-noteligible-seog-20-21\prereq-fisap-datacorrection@noteligible-seog-20_21-importisir-generictest.generictest" id="0d16fd31-a1fa-4929-90d3-aa019feaa032">
      <Execution id="9d88861b-237f-43df-9f2b-37c1497c939a" parentId="02fb9329-2db5-4c5c-83c0-929721f070b4" />
      <TestMethod codeBase="c:\agt6\_work\6\a\api\environment\regapiautomation\testdata\fisap-datacorrection\prereq-noteligible-seog-20-21\prereq-fisap-datacorrection@noteligible-seog-20_21-importisir-generictest.generictest" adapterTypeName="executor://orderedtestadapter/v1" className="c:\agt6\_work\6\a\api\environment\regapiautomation\testdata\fisap-datacorrection\prereq-noteligible-seog-20-21\prereq-fisap-datacorrection@noteligible-seog-20_21-importisir-generictest" name="prereq-fisap-datacorrection@noteligible-seog-20_21-importisir-generictest" />
    </UnitTest>
    <OrderedTest name="OT-10K-CollegeFinancePlan-Program-Print-20_21" storage="c:\agt6\_work\6\a\api\orderedtest\ot-10k-collegefinanceplan-program-print-20_21.orderedtest" id="bc4e7082-cfcc-46c7-a1c4-9de3c5d60bde">
      <Execution id="02dc448d-3784-4be8-8eb6-9db0795d6d96" />
      <TestLinks>
        <TestLink id="881b9e47-fdf9-4481-98c4-d1f009f262cc" name="shoppingsheets-program@hp-print-20_21-generictest" storage="c:\agt6\_work\6\a\api\environment\regapiautomation\testdata\shoppingsheets\shoppingsheets-program@hp-print-20_21-generictest.generictest" />
      </TestLinks>
    </OrderedTest>
    <OrderedTest name="OT-06I-FISAP-ColumnC-20_21" storage="c:\agt6\_work\6\a\api\orderedtest\ot-06i-fisap-columnc-20_21.orderedtest" id="29418676-9732-447c-92af-6d4139c13799">
      <Execution id="340d93fe-f399-44c9-99a8-4a2e57db64d8" />
      <TestLinks>
        <TestLink id="ad3701cc-1f08-499d-b55e-ae01034b842f" name="prereq-fisap-datacorrection@columnc-20_21-createstudent-generictest" storage="c:\agt6\_work\6\a\api\environment\regapiautomation\testdata\fisap-datacorrection\prereq-columnc-20-21\prereq-fisap-datacorrection@columnc-20_21-createstudent-generictest.generictest" />
        <TestLink id="5f4b2f19-4bb8-4014-acea-809ce0ac81a6" name="prereq-fisap-datacorrection@columnc-20_21-importisir-generictest" storage="c:\agt6\_work\6\a\api\environment\regapiautomation\testdata\fisap-datacorrection\prereq-columnc-20-21\prereq-fisap-datacorrection@columnc-20_21-importisir-generictest.generictest" />
        <TestLink id="4d2afcc2-151c-4d56-82f1-f055bd334530" name="prereq-fisap-datacorrection@columnc-20_21-enrollstudent-generictest" storage="c:\agt6\_work\6\a\api\environment\regapiautomation\testdata\fisap-datacorrection\prereq-columnc-20-21\prereq-fisap-datacorrection@columnc-20_21-enrollstudent-generictest.generictest" />
        <TestLink id="f0b1afb7-c057-4784-b431-4dd19270bc62" name="prereq-fisap-datacorrection@columnc-20_21-registerclassandpostattendance-generictest" storage="c:\agt6\_work\6\a\api\environment\regapiautomation\testdata\fisap-datacorrection\prereq-columnc-20-21\prereq-fisap-datacorrection@columnc-20_21-registerclassandpostattendance-generictest.generictest" />
        <TestLink id="faa5020b-0ff6-40e1-a387-ec9cfaebac47" name="prereq-fisap-datacorrection@columnc-20_21-changestudentstatus-generictest" storage="c:\agt6\_work\6\a\api\environment\regapiautomation\testdata\fisap-datacorrection\prereq-columnc-20-21\prereq-fisap-datacorrection@columnc-20_21-changestudentstatus-generictest.generictest" />
        <TestLink id="8aed51c6-5a70-4b3f-b492-0653ceed5bbb" name="fisap-datacorrection@columnc-20_21-generictest" storage="c:\agt6\_work\6\a\api\environment\regapiautomation\testdata\fisap-datacorrection\fisap-datacorrection@columnc-20_21-generictest.generictest" />
      </TestLinks>
    </OrderedTest>
    <UnitTest name="prereq-collegefinanceplan-student@saved-ugrad-job-21_22-createstudent" storage="c:\agt6\_work\6\a\api\environment\regapiautomation\testdata\shoppingsheets\prereq-student-saved-ugrad-job-21_22\prereq-collegefinanceplan-student@saved-ugrad-job-21_22-createstudent.generictest" id="1d23b788-9e01-43b6-8cfb-816f5126dba9">
      <Execution id="f65e6868-1897-4e8f-ba9b-ee337232effd" parentId="c07572d8-3e49-4f65-a8d1-ed7a237e0c45" />
      <TestMethod codeBase="c:\agt6\_work\6\a\api\environment\regapiautomation\testdata\shoppingsheets\prereq-student-saved-ugrad-job-21_22\prereq-collegefinanceplan-student@saved-ugrad-job-21_22-createstudent.generictest" adapterTypeName="executor://orderedtestadapter/v1" className="c:\agt6\_work\6\a\api\environment\regapiautomation\testdata\shoppingsheets\prereq-student-saved-ugrad-job-21_22\prereq-collegefinanceplan-student@saved-ugrad-job-21_22-createstudent" name="prereq-collegefinanceplan-student@saved-ugrad-job-21_22-createstudent" />
    </UnitTest>
    <UnitTest name="prereq-fisap-datacorrection@unkenrollstatus-20_21-updatebudgetforacademicyearforpackaging-generictest" storage="c:\agt6\_work\6\a\api\environment\regapiautomation\testdata\fisap-datacorrection\prereq-unkenrollstatus-20_21\prereq-fisap-datacorrection@unkenrollstatus-20_21-updatebudgetforacademicyearforpackaging-generictest.generictest" id="43b58c11-b721-46b5-bc65-8cf4f038de05">
      <Execution id="110aa11f-a846-4aea-b835-1c0e630de2f1" parentId="f1d46cb3-877d-4953-828d-ac45b9c579e2" />
      <TestMethod codeBase="c:\agt6\_work\6\a\api\environment\regapiautomation\testdata\fisap-datacorrection\prereq-unkenrollstatus-20_21\prereq-fisap-datacorrection@unkenrollstatus-20_21-updatebudgetforacademicyearforpackaging-generictest.generictest" adapterTypeName="executor://orderedtestadapter/v1" className="c:\agt6\_work\6\a\api\environment\regapiautomation\testdata\fisap-datacorrection\prereq-unkenrollstatus-20_21\prereq-fisap-datacorrection@unkenrollstatus-20_21-updatebudgetforacademicyearforpackaging-generictest" name="prereq-fisap-datacorrection@unkenrollstatus-20_21-updatebudgetforacademicyearforpackaging-generictest" />
    </UnitTest>
    <UnitTest name="shoppingsheets-program@undergrad-all-print-21_22-generictest" storage="c:\agt6\_work\6\a\api\environment\regapiautomation\testdata\shoppingsheets\shoppingsheets-program@undergrad-all-print-21_22-generictest.generictest" id="41ba4c58-9882-4cd2-8bc0-ff67deca74e3">
      <Execution id="3a94a570-acef-4145-85f7-ca4e93585c79" parentId="7670e30d-3149-4f02-a0dc-2f6a8671af79" />
      <TestMethod codeBase="c:\agt6\_work\6\a\api\environment\regapiautomation\testdata\shoppingsheets\shoppingsheets-program@undergrad-all-print-21_22-generictest.generictest" adapterTypeName="executor://orderedtestadapter/v1" className="c:\agt6\_work\6\a\api\environment\regapiautomation\testdata\shoppingsheets\shoppingsheets-program@undergrad-all-print-21_22-generictest" name="shoppingsheets-program@undergrad-all-print-21_22-generictest" />
    </UnitTest>
    <UnitTest name="prereq-fisap-datacorrection@report-variance-20_21-importisir-generictest" storage="c:\agt6\_work\6\a\api\environment\regapiautomation\testdata\fisap-datacorrection\prereq-report-variance-20_21\prereq-fisap-datacorrection@report-variance-20_21-importisir-generictest.generictest" id="c0f4600e-eb34-4054-abe0-c6e9154d6996">
      <Execution id="3e2cc595-380e-4d6b-bc3d-d2d03c93b1f2" parentId="f9a3d65a-5cb6-438b-af3f-330a9ebc816d" />
      <TestMethod codeBase="c:\agt6\_work\6\a\api\environment\regapiautomation\testdata\fisap-datacorrection\prereq-report-variance-20_21\prereq-fisap-datacorrection@report-variance-20_21-importisir-generictest.generictest" adapterTypeName="executor://orderedtestadapter/v1" className="c:\agt6\_work\6\a\api\environment\regapiautomation\testdata\fisap-datacorrection\prereq-report-variance-20_21\prereq-fisap-datacorrection@report-variance-20_21-importisir-generictest" name="prereq-fisap-datacorrection@report-variance-20_21-importisir-generictest" />
    </UnitTest>
    <UnitTest name="fisap-datacorrection@columnd-19_20-generictest" storage="c:\agt6\_work\6\a\api\environment\regapiautomation\testdata\fisap-datacorrection\fisap-datacorrection@columnd-19_20-generictest.generictest" id="47b9b85d-5a7b-43a1-bdaf-5e414b603a08">
      <Execution id="bc8367b7-fac8-45f0-bdf8-e535ce1af2c9" parentId="a78bdfe6-9cfa-4df0-baca-8b4c8af86245" />
      <TestMethod codeBase="c:\agt6\_work\6\a\api\environment\regapiautomation\testdata\fisap-datacorrection\fisap-datacorrection@columnd-19_20-generictest.generictest" adapterTypeName="executor://orderedtestadapter/v1" className="c:\agt6\_work\6\a\api\environment\regapiautomation\testdata\fisap-datacorrection\fisap-datacorrection@columnd-19_20-generictest" name="fisap-datacorrection@columnd-19_20-generictest" />
    </UnitTest>
    <UnitTest name="prereq-clearinghouse-export@hp-export-createstudent-generictest" storage="c:\agt6\_work\6\a\api\environment\regapiautomation\testdata\clearinghouseexport\prereq\prereq-clearinghouse-export@hp-export-createstudent-generictest.generictest" id="ef59b41e-05ff-4a43-903f-d90989ee2e0e">
      <Execution id="8b3cca0c-812d-45f3-b463-827b016fa1ee" parentId="9333d4d9-6198-463e-a6dd-a3a4c0a7a69f" />
      <TestMethod codeBase="c:\agt6\_work\6\a\api\environment\regapiautomation\testdata\clearinghouseexport\prereq\prereq-clearinghouse-export@hp-export-createstudent-generictest.generictest" adapterTypeName="executor://orderedtestadapter/v1" className="c:\agt6\_work\6\a\api\environment\regapiautomation\testdata\clearinghouseexport\prereq\prereq-clearinghouse-export@hp-export-createstudent-generictest" name="prereq-clearinghouse-export@hp-export-createstudent-generictest" />
    </UnitTest>
    <UnitTest name="cod-export@hp-export_18-19-generictest" storage="c:\agt6\_work\6\a\api\environment\regapiautomation\testdata\codexport\cod-export@hp-export_18-19-generictest.generictest" id="55b58fea-e99d-49f4-9ed0-098603b1ac79">
      <Execution id="f0259dff-6682-4dc9-a150-e5ddc6592afb" parentId="ceba3cfb-f8cb-422b-acab-d09e7e4412a4" />
      <TestMethod codeBase="c:\agt6\_work\6\a\api\environment\regapiautomation\testdata\codexport\cod-export@hp-export_18-19-generictest.generictest" adapterTypeName="executor://orderedtestadapter/v1" className="c:\agt6\_work\6\a\api\environment\regapiautomation\testdata\codexport\cod-export@hp-export_18-19-generictest" name="cod-export@hp-export_18-19-generictest" />
    </UnitTest>
    <UnitTest name="prereq-fisap-datacorrection@hp-updatebudgetforacademicyearforpackaging-generictest" storage="c:\agt6\_work\6\a\api\environment\regapiautomation\testdata\fisap-datacorrection\prereq\prereq-fisap-datacorrection@hp-updatebudgetforacademicyearforpackaging-generictest.generictest" id="6aad2a67-77a0-4af9-82c1-c2bb090e1ee6">
      <Execution id="5456c4df-ae72-4704-b387-9e68575fa2b6" parentId="91a4ca53-10d7-4540-9086-eb88b81d36c6" />
      <TestMethod codeBase="c:\agt6\_work\6\a\api\environment\regapiautomation\testdata\fisap-datacorrection\prereq\prereq-fisap-datacorrection@hp-updatebudgetforacademicyearforpackaging-generictest.generictest" adapterTypeName="executor://orderedtestadapter/v1" className="c:\agt6\_work\6\a\api\environment\regapiautomation\testdata\fisap-datacorrection\prereq\prereq-fisap-datacorrection@hp-updatebudgetforacademicyearforpackaging-generictest" name="prereq-fisap-datacorrection@hp-updatebudgetforacademicyearforpackaging-generictest" />
    </UnitTest>
    <UnitTest name="ipedscompletionsurvey@hp-generictest" storage="c:\agt6\_work\6\a\api\environment\regapiautomation\testdata\ipeds\ipedscompletionsurvey@hp-generictest.generictest" id="df1e6033-b05a-42a1-9b8a-36572e27fd58">
      <Execution id="de78c4a2-449e-4163-8415-4cbc8bc361a0" parentId="17f7a4dd-0161-4e4c-84e9-062dda432156" />
      <TestMethod codeBase="c:\agt6\_work\6\a\api\environment\regapiautomation\testdata\ipeds\ipedscompletionsurvey@hp-generictest.generictest" adapterTypeName="executor://orderedtestadapter/v1" className="c:\agt6\_work\6\a\api\environment\regapiautomation\testdata\ipeds\ipedscompletionsurvey@hp-generictest" name="ipedscompletionsurvey@hp-generictest" />
    </UnitTest>
    <UnitTest name="prereq-codexport@create-grantdatarequest-multi-o-all-21_22-awardloanforpackaging" storage="c:\agt6\_work\6\a\api\environment\regapiautomation\testdata\codexport\prereq-create-grantdatarequest-multi-o-all-21_22\prereq-codexport@create-grantdatarequest-multi-o-all-21_22-awardloanforpackaging.generictest" id="139e63b3-2051-4895-a8f4-3f57b30db4e1">
      <Execution id="3f39c2e8-1164-42a3-a1d2-756b4ab1c227" parentId="5adf10be-2ed4-4786-b2e1-ba1b0140d2e0" />
      <TestMethod codeBase="c:\agt6\_work\6\a\api\environment\regapiautomation\testdata\codexport\prereq-create-grantdatarequest-multi-o-all-21_22\prereq-codexport@create-grantdatarequest-multi-o-all-21_22-awardloanforpackaging.generictest" adapterTypeName="executor://orderedtestadapter/v1" className="c:\agt6\_work\6\a\api\environment\regapiautomation\testdata\codexport\prereq-create-grantdatarequest-multi-o-all-21_22\prereq-codexport@create-grantdatarequest-multi-o-all-21_22-awardloanforpackaging" name="prereq-codexport@create-grantdatarequest-multi-o-all-21_22-awardloanforpackaging" />
    </UnitTest>
    <UnitTest name="prereq-collegefinanceplan-student@saved-grad-all-21_22-awardloanforpackaging-generictest" storage="c:\agt6\_work\6\a\api\environment\regapiautomation\testdata\shoppingsheets\prereq-student-saved-grad-all-21_22\prereq-collegefinanceplan-student@saved-grad-all-21_22-awardloanforpackaging-generictest.generictest" id="139e63b3-2051-4895-a8f4-3f57b30db4ee">
      <Execution id="e2c1d7b7-0484-47af-9ce7-0fc0a6b9550f" parentId="4ff42948-cea1-4315-ab09-f05635d83582" />
      <TestMethod codeBase="c:\agt6\_work\6\a\api\environment\regapiautomation\testdata\shoppingsheets\prereq-student-saved-grad-all-21_22\prereq-collegefinanceplan-student@saved-grad-all-21_22-awardloanforpackaging-generictest.generictest" adapterTypeName="executor://orderedtestadapter/v1" className="c:\agt6\_work\6\a\api\environment\regapiautomation\testdata\shoppingsheets\prereq-student-saved-grad-all-21_22\prereq-collegefinanceplan-student@saved-grad-all-21_22-awardloanforpackaging-generictest" name="prereq-collegefinanceplan-student@saved-grad-all-21_22-awardloanforpackaging-generictest" />
    </UnitTest>
    <UnitTest name="prereq-collegefinanceplan@grad-all-print-21_22-awardloanforpackaging-generictest" storage="c:\agt6\_work\6\a\api\environment\regapiautomation\testdata\shoppingsheets\prereq-student-grad-all-print-21_22\prereq-collegefinanceplan@grad-all-print-21_22-awardloanforpackaging-generictest.generictest" id="139e63b3-2051-4895-a8f4-3f57b30db4ec">
      <Execution id="c2f29afe-c778-480a-90b5-0f79b997518c" parentId="9d633ace-58cb-40e0-bb9b-d8b00dd4fdd9" />
      <TestMethod codeBase="c:\agt6\_work\6\a\api\environment\regapiautomation\testdata\shoppingsheets\prereq-student-grad-all-print-21_22\prereq-collegefinanceplan@grad-all-print-21_22-awardloanforpackaging-generictest.generictest" adapterTypeName="executor://orderedtestadapter/v1" className="c:\agt6\_work\6\a\api\environment\regapiautomation\testdata\shoppingsheets\prereq-student-grad-all-print-21_22\prereq-collegefinanceplan@grad-all-print-21_22-awardloanforpackaging-generictest" name="prereq-collegefinanceplan@grad-all-print-21_22-awardloanforpackaging-generictest" />
    </UnitTest>
    <OrderedTest name="OT-10J-CollegeFinancePlan-Config-Comments-21_22" storage="c:\agt6\_work\6\a\api\orderedtest\ot-10j-collegefinanceplan-config-comments-21_22.orderedtest" id="74c46956-6f08-4844-9ce0-791134c9b87e">
      <Execution id="f70ac971-2ec9-435e-8247-a795bfa516c3" />
      <TestLinks>
        <TestLink id="7ef57d29-766f-41c8-ae16-3dbce8ca2826" name="collegefinanceplan-config@comments-21_22-generictest" storage="c:\agt6\_work\6\a\api\environment\regapiautomation\testdata\shoppingsheets\collegefinanceplan-config@comments-21_22-generictest.generictest" />
      </TestLinks>
    </OrderedTest>
    <UnitTest name="fisap-datacorrection@report-summary-19_20-generictest" storage="c:\agt6\_work\6\a\api\environment\regapiautomation\testdata\fisap-datacorrection\fisap-datacorrection@report-summary-19_20-generictest.generictest" id="6ab4e60c-2525-4448-806a-d2e309ba685b">
      <Execution id="ccfe19b0-2eb2-4073-865f-467f31e915e8" parentId="aa45d248-d3be-4714-80a6-d8b03b78f18a" />
      <TestMethod codeBase="c:\agt6\_work\6\a\api\environment\regapiautomation\testdata\fisap-datacorrection\fisap-datacorrection@report-summary-19_20-generictest.generictest" adapterTypeName="executor://orderedtestadapter/v1" className="c:\agt6\_work\6\a\api\environment\regapiautomation\testdata\fisap-datacorrection\fisap-datacorrection@report-summary-19_20-generictest" name="fisap-datacorrection@report-summary-19_20-generictest" />
    </UnitTest>
    <UnitTest name="prereq-fisap-datacorrection@unkenrollstatus-20_21-postpaymentledgercard-generictest" storage="c:\agt6\_work\6\a\api\environment\regapiautomation\testdata\fisap-datacorrection\prereq-unkenrollstatus-20_21\prereq-fisap-datacorrection@unkenrollstatus-20_21-postpaymentledgercard-generictest.generictest" id="1d6ad50a-8a12-42e7-8c79-c8bf395a6266">
      <Execution id="43744880-70dd-41dc-914f-c15a80a6e41b" parentId="f1d46cb3-877d-4953-828d-ac45b9c579e2" />
      <TestMethod codeBase="c:\agt6\_work\6\a\api\environment\regapiautomation\testdata\fisap-datacorrection\prereq-unkenrollstatus-20_21\prereq-fisap-datacorrection@unkenrollstatus-20_21-postpaymentledgercard-generictest.generictest" adapterTypeName="executor://orderedtestadapter/v1" className="c:\agt6\_work\6\a\api\environment\regapiautomation\testdata\fisap-datacorrection\prereq-unkenrollstatus-20_21\prereq-fisap-datacorrection@unkenrollstatus-20_21-postpaymentledgercard-generictest" name="prereq-fisap-datacorrection@unkenrollstatus-20_21-postpaymentledgercard-generictest" />
    </UnitTest>
    <UnitTest name="prereq-fisap-datacorrection@columnc-19_20-enrollstudent-generictest" storage="c:\agt6\_work\6\a\api\environment\regapiautomation\testdata\fisap-datacorrection\prereq-columnc-19-20\prereq-fisap-datacorrection@columnc-19_20-enrollstudent-generictest.generictest" id="ba378e3c-3c32-4fb6-b2ff-8043c915e7d7">
      <Execution id="fe3ff2e5-5dbe-4ebc-89bf-11eb4340dee9" parentId="dc42fed8-ef16-4149-9bef-fb5f599cdf53" />
      <TestMethod codeBase="c:\agt6\_work\6\a\api\environment\regapiautomation\testdata\fisap-datacorrection\prereq-columnc-19-20\prereq-fisap-datacorrection@columnc-19_20-enrollstudent-generictest.generictest" adapterTypeName="executor://orderedtestadapter/v1" className="c:\agt6\_work\6\a\api\environment\regapiautomation\testdata\fisap-datacorrection\prereq-columnc-19-20\prereq-fisap-datacorrection@columnc-19_20-enrollstudent-generictest" name="prereq-fisap-datacorrection@columnc-19_20-enrollstudent-generictest" />
    </UnitTest>
    <UnitTest name="fisap-datacorrection@report-variance-19_20-generictest" storage="c:\agt6\_work\6\a\api\environment\regapiautomation\testdata\fisap-datacorrection\fisap-datacorrection@report-variance-19_20-generictest.generictest" id="624cb548-fe1d-42f0-b3d9-6ee763f29bd6">
      <Execution id="01ab9343-d08e-4c99-ae8b-b28f3ce937e7" parentId="9454772b-7cb9-4724-9fd5-34814095d14b" />
      <TestMethod codeBase="c:\agt6\_work\6\a\api\environment\regapiautomation\testdata\fisap-datacorrection\fisap-datacorrection@report-variance-19_20-generictest.generictest" adapterTypeName="executor://orderedtestadapter/v1" className="c:\agt6\_work\6\a\api\environment\regapiautomation\testdata\fisap-datacorrection\fisap-datacorrection@report-variance-19_20-generictest" name="fisap-datacorrection@report-variance-19_20-generictest" />
    </UnitTest>
    <UnitTest name="prereq-fisap-datacorrection@columnd-19_20-importisir-generictest" storage="c:\agt6\_work\6\a\api\environment\regapiautomation\testdata\fisap-datacorrection\prereq-columnd-19-20\prereq-fisap-datacorrection@columnd-19_20-importisir-generictest.generictest" id="97ca9a04-cf1c-4a19-a202-c39ea8a58f64">
      <Execution id="2963f50c-f223-49ca-b277-a8341840ec1a" parentId="a78bdfe6-9cfa-4df0-baca-8b4c8af86245" />
      <TestMethod codeBase="c:\agt6\_work\6\a\api\environment\regapiautomation\testdata\fisap-datacorrection\prereq-columnd-19-20\prereq-fisap-datacorrection@columnd-19_20-importisir-generictest.generictest" adapterTypeName="executor://orderedtestadapter/v1" className="c:\agt6\_work\6\a\api\environment\regapiautomation\testdata\fisap-datacorrection\prereq-columnd-19-20\prereq-fisap-datacorrection@columnd-19_20-importisir-generictest" name="prereq-fisap-datacorrection@columnd-19_20-importisir-generictest" />
    </UnitTest>
    <UnitTest name="prereq-codexport@regenerate-21_22-awardloanforpackaging-generictest" storage="c:\agt6\_work\6\a\api\environment\regapiautomation\testdata\codexport\prereq-regenerate-21_22\prereq-codexport@regenerate-21_22-awardloanforpackaging-generictest.generictest" id="139e63b3-2051-4895-a8f4-3f57b30db4de">
      <Execution id="29c948e0-d68e-4f06-89eb-a9b01ea454c8" parentId="5a8771e7-72c5-465b-b762-48c7991620d1" />
      <TestMethod codeBase="c:\agt6\_work\6\a\api\environment\regapiautomation\testdata\codexport\prereq-regenerate-21_22\prereq-codexport@regenerate-21_22-awardloanforpackaging-generictest.generictest" adapterTypeName="executor://orderedtestadapter/v1" className="c:\agt6\_work\6\a\api\environment\regapiautomation\testdata\codexport\prereq-regenerate-21_22\prereq-codexport@regenerate-21_22-awardloanforpackaging-generictest" name="prereq-codexport@regenerate-21_22-awardloanforpackaging-generictest" />
    </UnitTest>
    <UnitTest name="prereq-codexport@loans-grants-21_22-awardloanforpackaging-generictest" storage="c:\agt6\_work\6\a\api\environment\regapiautomation\testdata\codexport\prereq-loans-grants-21_22\prereq-codexport@loans-grants-21_22-awardloanforpackaging-generictest.generictest" id="139e63b3-2051-4895-a8f4-3f57b30db4dc">
      <Execution id="f49f7574-f81c-4429-ab19-35d7c742d635" parentId="300b7aae-6fa8-43f0-b94e-28f948bd5c45" />
      <TestMethod codeBase="c:\agt6\_work\6\a\api\environment\regapiautomation\testdata\codexport\prereq-loans-grants-21_22\prereq-codexport@loans-grants-21_22-awardloanforpackaging-generictest.generictest" adapterTypeName="executor://orderedtestadapter/v1" className="c:\agt6\_work\6\a\api\environment\regapiautomation\testdata\codexport\prereq-loans-grants-21_22\prereq-codexport@loans-grants-21_22-awardloanforpackaging-generictest" name="prereq-codexport@loans-grants-21_22-awardloanforpackaging-generictest" />
    </UnitTest>
    <OrderedTest name="OT-06W-FISAP-ResolveDep-20_21" storage="c:\agt6\_work\6\a\api\orderedtest\ot-06w-fisap-resolvedep-20_21.orderedtest" id="698ce00f-d264-466b-84eb-ed1574686554">
      <Execution id="8b6a38b1-0ae6-4efa-8ba5-636ed1a71512" />
      <TestLinks>
        <TestLink id="563dd27b-260f-468b-8f1b-b6ee2910c62a" name="prereq-fisap-datacorrection@resolvedep-20_21-createstudent-generictest" storage="c:\agt6\_work\6\a\api\environment\regapiautomation\testdata\fisap-datacorrection\prereq-resolvedep-20_21\prereq-fisap-datacorrection@resolvedep-20_21-createstudent-generictest.generictest" />
        <TestLink id="c27d2f95-dba0-4fd4-b249-3a52349b5a42" name="prereq-fisap-datacorrection@resolvedep-20_21-importisir-generictest" storage="c:\agt6\_work\6\a\api\environment\regapiautomation\testdata\fisap-datacorrection\prereq-resolvedep-20_21\prereq-fisap-datacorrection@resolvedep-20_21-importisir-generictest.generictest" />
        <TestLink id="5a6dda80-6c92-4c35-ab40-4ab5b47b0d47" name="prereq-fisap-datacorrection@resolvedep-20_21-enrollstudent-generictest" storage="c:\agt6\_work\6\a\api\environment\regapiautomation\testdata\fisap-datacorrection\prereq-resolvedep-20_21\prereq-fisap-datacorrection@resolvedep-20_21-enrollstudent-generictest.generictest" />
        <TestLink id="22f00a30-a862-46db-a98f-37b050e186cc" name="prereq-fisap-datacorrection@resolvedep-20_21-seteffectivedate-generictest" storage="c:\agt6\_work\6\a\api\environment\regapiautomation\testdata\fisap-datacorrection\prereq-resolvedep-20_21\prereq-fisap-datacorrection@resolvedep-20_21-seteffectivedate-generictest.generictest" />
        <TestLink id="01c93057-0681-47ac-ae88-e2898dcfb79b" name="prereq-fisap-datacorrection@resolvedep-20_21-registerclassandpostattendance-generictest" storage="c:\agt6\_work\6\a\api\environment\regapiautomation\testdata\fisap-datacorrection\prereq-resolvedep-20_21\prereq-fisap-datacorrection@resolvedep-20_21-registerclassandpostattendance-generictest.generictest" />
        <TestLink id="958ba9b0-7452-4040-935c-f9d8410379c8" name="prereq-fisap-datacorrection@resolvedep-20_21-updatebudgetforacademicyearforpackaging-generictest" storage="c:\agt6\_work\6\a\api\environment\regapiautomation\testdata\fisap-datacorrection\prereq-resolvedep-20_21\prereq-fisap-datacorrection@resolvedep-20_21-updatebudgetforacademicyearforpackaging-generictest.generictest" />
        <TestLink id="682842f2-896c-4558-991c-16bbbc4dcb6f" name="prereq-fisap-datacorrection@resolvedep-20_21-awardgrantforpackaging-generictest" storage="c:\agt6\_work\6\a\api\environment\regapiautomation\testdata\fisap-datacorrection\prereq-resolvedep-20_21\prereq-fisap-datacorrection@resolvedep-20_21-awardgrantforpackaging-generictest.generictest" />
        <TestLink id="4fe457d7-070b-434a-b828-94bb38611d30" name="prereq-fisap-datacorrection@resolvedep-20_21-postpaymentledgercard-generictest" storage="c:\agt6\_work\6\a\api\environment\regapiautomation\testdata\fisap-datacorrection\prereq-resolvedep-20_21\prereq-fisap-datacorrection@resolvedep-20_21-postpaymentledgercard-generictest.generictest" />
        <TestLink id="6ac5833f-b62b-44d3-a733-3754e903a0e4" name="prereq-fisap-datacorrection@resolvedep-20_21-changestudentstatus-generictest" storage="c:\agt6\_work\6\a\api\environment\regapiautomation\testdata\fisap-datacorrection\prereq-resolvedep-20_21\prereq-fisap-datacorrection@resolvedep-20_21-changestudentstatus-generictest.generictest" />
        <TestLink id="15daf47e-d718-4205-a067-182032dff649" name="fisap-datacorrection@resolvedep-20_21-generictest" storage="c:\agt6\_work\6\a\api\environment\regapiautomation\testdata\fisap-datacorrection\fisap-datacorrection@resolvedep-20_21-generictest.generictest" />
      </TestLinks>
    </OrderedTest>
    <UnitTest name="appproc-isirmatching@hp-automatch-generictest" storage="c:\agt6\_work\6\a\api\environment\regapiautomation\testdata\isirmatch\appproc-isirmatching@hp-automatch-generictest.generictest" id="fd997c6c-8054-424a-87e0-3a0e6e647f14">
      <Execution id="1eb068dc-cadb-47fc-9b39-d7ec42b432f4" parentId="df76bfd1-ecfc-4371-bab8-dc7edde13fde" />
      <TestMethod codeBase="c:\agt6\_work\6\a\api\environment\regapiautomation\testdata\isirmatch\appproc-isirmatching@hp-automatch-generictest.generictest" adapterTypeName="executor://orderedtestadapter/v1" className="c:\agt6\_work\6\a\api\environment\regapiautomation\testdata\isirmatch\appproc-isirmatching@hp-automatch-generictest" name="appproc-isirmatching@hp-automatch-generictest" />
    </UnitTest>
    <UnitTest name="prereq-fisap-datacorrection@hp-noisir-20_21-seteffectivedate-generictest" storage="c:\agt6\_work\6\a\api\environment\regapiautomation\testdata\fisap-datacorrection\prereq-noisir-20_21\prereq-fisap-datacorrection@hp-noisir-20_21-seteffectivedate-generictest.generictest" id="958d7535-75d4-4175-aee0-837e8bfe95a5">
      <Execution id="a5fe97c9-0b2a-45e3-8a1d-68f8751c7c86" parentId="f5fdd5c4-c9ca-49c2-bd4d-16e1a16316bd" />
      <TestMethod codeBase="c:\agt6\_work\6\a\api\environment\regapiautomation\testdata\fisap-datacorrection\prereq-noisir-20_21\prereq-fisap-datacorrection@hp-noisir-20_21-seteffectivedate-generictest.generictest" adapterTypeName="executor://orderedtestadapter/v1" className="c:\agt6\_work\6\a\api\environment\regapiautomation\testdata\fisap-datacorrection\prereq-noisir-20_21\prereq-fisap-datacorrection@hp-noisir-20_21-seteffectivedate-generictest" name="prereq-fisap-datacorrection@hp-noisir-20_21-seteffectivedate-generictest" />
    </UnitTest>
    <UnitTest name="prereq-codexport@hp_18-19-importisir-generictest" storage="c:\agt6\_work\6\a\api\environment\regapiautomation\testdata\codexport\prereq_18-19\prereq-codexport@hp_18-19-importisir-generictest.generictest" id="e4e7906e-bb80-425d-8871-e23fea3d625f">
      <Execution id="cb97eefe-ddb5-4077-905f-16eae3dcf6fe" parentId="ceba3cfb-f8cb-422b-acab-d09e7e4412a4" />
      <TestMethod codeBase="c:\agt6\_work\6\a\api\environment\regapiautomation\testdata\codexport\prereq_18-19\prereq-codexport@hp_18-19-importisir-generictest.generictest" adapterTypeName="executor://orderedtestadapter/v1" className="c:\agt6\_work\6\a\api\environment\regapiautomation\testdata\codexport\prereq_18-19\prereq-codexport@hp_18-19-importisir-generictest" name="prereq-codexport@hp_18-19-importisir-generictest" />
    </UnitTest>
    <UnitTest name="prereq-fisap-datacorrection@report-summary-19_20-postpaymentledgercard-generictest" storage="c:\agt6\_work\6\a\api\environment\regapiautomation\testdata\fisap-datacorrection\prereq-report-summary-19_20\prereq-fisap-datacorrection@report-summary-19_20-postpaymentledgercard-generictest.generictest" id="f6f909e7-07a7-43b0-98a6-83f1d19f2143">
      <Execution id="58931c4e-30cd-4b90-92da-66f0462567ef" parentId="aa45d248-d3be-4714-80a6-d8b03b78f18a" />
      <TestMethod codeBase="c:\agt6\_work\6\a\api\environment\regapiautomation\testdata\fisap-datacorrection\prereq-report-summary-19_20\prereq-fisap-datacorrection@report-summary-19_20-postpaymentledgercard-generictest.generictest" adapterTypeName="executor://orderedtestadapter/v1" className="c:\agt6\_work\6\a\api\environment\regapiautomation\testdata\fisap-datacorrection\prereq-report-summary-19_20\prereq-fisap-datacorrection@report-summary-19_20-postpaymentledgercard-generictest" name="prereq-fisap-datacorrection@report-summary-19_20-postpaymentledgercard-generictest" />
    </UnitTest>
    <UnitTest name="prereq-fisap-datacorrection@columna-20_21-createstudent-generictest" storage="c:\agt6\_work\6\a\api\environment\regapiautomation\testdata\fisap-datacorrection\prereq-columna-20-21\prereq-fisap-datacorrection@columna-20_21-createstudent-generictest.generictest" id="62603344-d91e-40a2-bd05-f7569e508ff5">
      <Execution id="e963ae6e-3c14-4fb3-b51a-355264c33c64" parentId="1b80f72f-2e8a-4682-ab8e-9c15673042ab" />
      <TestMethod codeBase="c:\agt6\_work\6\a\api\environment\regapiautomation\testdata\fisap-datacorrection\prereq-columna-20-21\prereq-fisap-datacorrection@columna-20_21-createstudent-generictest.generictest" adapterTypeName="executor://orderedtestadapter/v1" className="c:\agt6\_work\6\a\api\environment\regapiautomation\testdata\fisap-datacorrection\prereq-columna-20-21\prereq-fisap-datacorrection@columna-20_21-createstudent-generictest" name="prereq-fisap-datacorrection@columna-20_21-createstudent-generictest" />
    </UnitTest>
    <UnitTest name="prereq-fisap-datacorrection@columna-20_21-registerclassandpostattendance-generictest" storage="c:\agt6\_work\6\a\api\environment\regapiautomation\testdata\fisap-datacorrection\prereq-columna-20-21\prereq-fisap-datacorrection@columna-20_21-registerclassandpostattendance-generictest.generictest" id="637b8e79-09e6-4fca-964d-af91d5725dbc">
      <Execution id="875b29d4-55bb-4fc2-b0df-09c5755417ea" parentId="1b80f72f-2e8a-4682-ab8e-9c15673042ab" />
      <TestMethod codeBase="c:\agt6\_work\6\a\api\environment\regapiautomation\testdata\fisap-datacorrection\prereq-columna-20-21\prereq-fisap-datacorrection@columna-20_21-registerclassandpostattendance-generictest.generictest" adapterTypeName="executor://orderedtestadapter/v1" className="c:\agt6\_work\6\a\api\environment\regapiautomation\testdata\fisap-datacorrection\prereq-columna-20-21\prereq-fisap-datacorrection@columna-20_21-registerclassandpostattendance-generictest" name="prereq-fisap-datacorrection@columna-20_21-registerclassandpostattendance-generictest" />
    </UnitTest>
    <UnitTest name="prereq-fisap-datacorrection@report-detail-19_20-importisir-generictest" storage="c:\agt6\_work\6\a\api\environment\regapiautomation\testdata\fisap-datacorrection\prereq-report-detail-19_20\prereq-fisap-datacorrection@report-detail-19_20-importisir-generictest.generictest" id="184a79d7-5af0-4f85-b579-7151623bd100">
      <Execution id="3af8f496-6c52-4de8-a978-f9a01ba87e9c" parentId="462763f0-55e1-45e0-adc5-7355d9f91d2c" />
      <TestMethod codeBase="c:\agt6\_work\6\a\api\environment\regapiautomation\testdata\fisap-datacorrection\prereq-report-detail-19_20\prereq-fisap-datacorrection@report-detail-19_20-importisir-generictest.generictest" adapterTypeName="executor://orderedtestadapter/v1" className="c:\agt6\_work\6\a\api\environment\regapiautomation\testdata\fisap-datacorrection\prereq-report-detail-19_20\prereq-fisap-datacorrection@report-detail-19_20-importisir-generictest" name="prereq-fisap-datacorrection@report-detail-19_20-importisir-generictest" />
    </UnitTest>
    <UnitTest name="collegefinanceplan-config@comments-21_22-generictest" storage="c:\agt6\_work\6\a\api\environment\regapiautomation\testdata\shoppingsheets\collegefinanceplan-config@comments-21_22-generictest.generictest" id="7ef57d29-766f-41c8-ae16-3dbce8ca2826">
      <Execution id="7e67b674-f6af-46f6-8c1c-60937099206e" parentId="f70ac971-2ec9-435e-8247-a795bfa516c3" />
      <TestMethod codeBase="c:\agt6\_work\6\a\api\environment\regapiautomation\testdata\shoppingsheets\collegefinanceplan-config@comments-21_22-generictest.generictest" adapterTypeName="executor://orderedtestadapter/v1" className="c:\agt6\_work\6\a\api\environment\regapiautomation\testdata\shoppingsheets\collegefinanceplan-config@comments-21_22-generictest" name="collegefinanceplan-config@comments-21_22-generictest" />
    </UnitTest>
    <UnitTest name="prereq-fisap-datacorrection@columna-19_20-importisir-generictest" storage="c:\agt6\_work\6\a\api\environment\regapiautomation\testdata\fisap-datacorrection\prereq-columna-19-20\prereq-fisap-datacorrection@columna-19_20-importisir-generictest.generictest" id="6850bb59-81ed-46b8-8b22-9e36dea744f8">
      <Execution id="fff06fad-e0b4-4592-b3de-ed114067b5da" parentId="eb28ea9c-5bb6-414b-8cfe-50da0bf2c3d3" />
      <TestMethod codeBase="c:\agt6\_work\6\a\api\environment\regapiautomation\testdata\fisap-datacorrection\prereq-columna-19-20\prereq-fisap-datacorrection@columna-19_20-importisir-generictest.generictest" adapterTypeName="executor://orderedtestadapter/v1" className="c:\agt6\_work\6\a\api\environment\regapiautomation\testdata\fisap-datacorrection\prereq-columna-19-20\prereq-fisap-datacorrection@columna-19_20-importisir-generictest" name="prereq-fisap-datacorrection@columna-19_20-importisir-generictest" />
    </UnitTest>
    <UnitTest name="prereq-fisap-datacorrection@noteligible-seog-20_21-awardgrantforpackaging-generictest" storage="c:\agt6\_work\6\a\api\environment\regapiautomation\testdata\fisap-datacorrection\prereq-noteligible-seog-20-21\prereq-fisap-datacorrection@noteligible-seog-20_21-awardgrantforpackaging-generictest.generictest" id="4898ec3a-86cc-4180-b6d9-3b682a627edb">
      <Execution id="a5fe66d4-a1e8-4b96-9e4f-76c5c65316e4" parentId="02fb9329-2db5-4c5c-83c0-929721f070b4" />
      <TestMethod codeBase="c:\agt6\_work\6\a\api\environment\regapiautomation\testdata\fisap-datacorrection\prereq-noteligible-seog-20-21\prereq-fisap-datacorrection@noteligible-seog-20_21-awardgrantforpackaging-generictest.generictest" adapterTypeName="executor://orderedtestadapter/v1" className="c:\agt6\_work\6\a\api\environment\regapiautomation\testdata\fisap-datacorrection\prereq-noteligible-seog-20-21\prereq-fisap-datacorrection@noteligible-seog-20_21-awardgrantforpackaging-generictest" name="prereq-fisap-datacorrection@noteligible-seog-20_21-awardgrantforpackaging-generictest" />
    </UnitTest>
    <UnitTest name="prereq-fisap-datacorrection@columnc-20_21-registerclassandpostattendance-generictest" storage="c:\agt6\_work\6\a\api\environment\regapiautomation\testdata\fisap-datacorrection\prereq-columnc-20-21\prereq-fisap-datacorrection@columnc-20_21-registerclassandpostattendance-generictest.generictest" id="f0b1afb7-c057-4784-b431-4dd19270bc62">
      <Execution id="e7ec907b-8185-4d03-a30b-94dadf3ebaa0" parentId="340d93fe-f399-44c9-99a8-4a2e57db64d8" />
      <TestMethod codeBase="c:\agt6\_work\6\a\api\environment\regapiautomation\testdata\fisap-datacorrection\prereq-columnc-20-21\prereq-fisap-datacorrection@columnc-20_21-registerclassandpostattendance-generictest.generictest" adapterTypeName="executor://orderedtestadapter/v1" className="c:\agt6\_work\6\a\api\environment\regapiautomation\testdata\fisap-datacorrection\prereq-columnc-20-21\prereq-fisap-datacorrection@columnc-20_21-registerclassandpostattendance-generictest" name="prereq-fisap-datacorrection@columnc-20_21-registerclassandpostattendance-generictest" />
    </UnitTest>
    <OrderedTest name="OT-01-CODExport" storage="c:\agt6\_work\6\a\api\orderedtest\ot-01-codexport.orderedtest" id="abbfb1db-e4d6-4488-aeab-e5b8d126ffd0">
      <Execution id="0889c9ce-a452-472a-a370-bce8c5448207" />
      <TestLinks>
        <TestLink id="4e6977cc-53c6-47a6-aa3d-6c026d142d78" name="prereq-codexport@hp-createstudent-generictest" storage="c:\agt6\_work\6\a\api\environment\regapiautomation\testdata\codexport\prereq\prereq-codexport@hp-createstudent-generictest.generictest" />
        <TestLink id="0976098c-95da-4e16-8a10-ee92e0280345" name="prereq-codexport@hp-importisir-generictest" storage="c:\agt6\_work\6\a\api\environment\regapiautomation\testdata\codexport\prereq\prereq-codexport@hp-importisir-generictest.generictest" />
        <TestLink id="4cbcae0a-1441-4253-a921-b7b544aa1fe7" name="prereq-codexport@hp-enrollstudent-generictest" storage="c:\agt6\_work\6\a\api\environment\regapiautomation\testdata\codexport\prereq\prereq-codexport@hp-enrollstudent-generictest.generictest" />
        <TestLink id="c14b2afe-5a4a-49c6-ab8d-235785fb3daa" name="prereq-codexport@hp-updatebudgetforacademicyearforpackaging-generictest" storage="c:\agt6\_work\6\a\api\environment\regapiautomation\testdata\codexport\prereq\prereq-codexport@hp-updatebudgetforacademicyearforpackaging-generictest.generictest" />
        <TestLink id="ee725602-161e-47c9-a607-b4c044c197bc" name="prereq-codexport@hp-awardgrantorloanforpackaging-generictest" storage="c:\agt6\_work\6\a\api\environment\regapiautomation\testdata\codexport\prereq\prereq-codexport@hp-awardgrantorloanforpackaging-generictest.generictest" />
        <TestLink id="3b3d7741-765b-4437-a316-46c0b0bb2325" name="cod-export@hp-export-generictest" storage="c:\agt6\_work\6\a\api\environment\regapiautomation\testdata\codexport\cod-export@hp-export-generictest.generictest" />
      </TestLinks>
    </OrderedTest>
    <UnitTest name="applicationdata-import@retryisirsimport-21_22-generictest" storage="c:\agt6\_work\6\a\api\environment\regapiautomation\testdata\applicationdata\import\applicationdata-import@retryisirsimport-21_22-generictest.generictest" id="51eec996-2e30-459b-8cc5-ffa13f517494">
      <Execution id="6a7e855d-a01a-4ef3-b25c-3db02f45ad0c" parentId="790655c0-55e5-4476-a3c2-349721f2c6a8" />
      <TestMethod codeBase="c:\agt6\_work\6\a\api\environment\regapiautomation\testdata\applicationdata\import\applicationdata-import@retryisirsimport-21_22-generictest.generictest" adapterTypeName="executor://orderedtestadapter/v1" className="c:\agt6\_work\6\a\api\environment\regapiautomation\testdata\applicationdata\import\applicationdata-import@retryisirsimport-21_22-generictest" name="applicationdata-import@retryisirsimport-21_22-generictest" />
    </UnitTest>
    <UnitTest name="applicationdata-import@retryisirsimport-generictest" storage="c:\agt6\_work\6\a\api\environment\regapiautomation\testdata\applicationdata\import\applicationdata-import@retryisirsimport-generictest.generictest" id="51eec996-2e30-459b-8cc5-ffa13f517493">
      <Execution id="26005d4f-09e4-4fd7-9fbc-3f3b87eaf798" parentId="005559a0-12a1-4a04-bd30-95c6563687f4" />
      <TestMethod codeBase="c:\agt6\_work\6\a\api\environment\regapiautomation\testdata\applicationdata\import\applicationdata-import@retryisirsimport-generictest.generictest" adapterTypeName="executor://orderedtestadapter/v1" className="c:\agt6\_work\6\a\api\environment\regapiautomation\testdata\applicationdata\import\applicationdata-import@retryisirsimport-generictest" name="applicationdata-import@retryisirsimport-generictest" />
    </UnitTest>
    <UnitTest name="prereq-collegefinanceplan@grad-all-print-21_22-importisir-generictest" storage="c:\agt6\_work\6\a\api\environment\regapiautomation\testdata\shoppingsheets\prereq-student-grad-all-print-21_22\prereq-collegefinanceplan@grad-all-print-21_22-importisir-generictest.generictest" id="6d5c09d2-046f-4dae-8858-41fa0be1c3dc">
      <Execution id="1e7653d0-96df-4a6b-8223-01a705b75978" parentId="9d633ace-58cb-40e0-bb9b-d8b00dd4fdd9" />
      <TestMethod codeBase="c:\agt6\_work\6\a\api\environment\regapiautomation\testdata\shoppingsheets\prereq-student-grad-all-print-21_22\prereq-collegefinanceplan@grad-all-print-21_22-importisir-generictest.generictest" adapterTypeName="executor://orderedtestadapter/v1" className="c:\agt6\_work\6\a\api\environment\regapiautomation\testdata\shoppingsheets\prereq-student-grad-all-print-21_22\prereq-collegefinanceplan@grad-all-print-21_22-importisir-generictest" name="prereq-collegefinanceplan@grad-all-print-21_22-importisir-generictest" />
    </UnitTest>
    <UnitTest name="prereq-fisap-datacorrection@report-detail-19_20-seteffectivedate-generictest" storage="c:\agt6\_work\6\a\api\environment\regapiautomation\testdata\fisap-datacorrection\prereq-report-detail-19_20\prereq-fisap-datacorrection@report-detail-19_20-seteffectivedate-generictest.generictest" id="849861f2-3c98-4c2a-9bf3-59540f2a2ea5">
      <Execution id="95e14149-8764-4026-af95-73d911996691" parentId="462763f0-55e1-45e0-adc5-7355d9f91d2c" />
      <TestMethod codeBase="c:\agt6\_work\6\a\api\environment\regapiautomation\testdata\fisap-datacorrection\prereq-report-detail-19_20\prereq-fisap-datacorrection@report-detail-19_20-seteffectivedate-generictest.generictest" adapterTypeName="executor://orderedtestadapter/v1" className="c:\agt6\_work\6\a\api\environment\regapiautomation\testdata\fisap-datacorrection\prereq-report-detail-19_20\prereq-fisap-datacorrection@report-detail-19_20-seteffectivedate-generictest" name="prereq-fisap-datacorrection@report-detail-19_20-seteffectivedate-generictest" />
    </UnitTest>
    <UnitTest name="prereq-fisap-datacorrection@noteligible-seog-19_20-createstudent-generictest" storage="c:\agt6\_work\6\a\api\environment\regapiautomation\testdata\fisap-datacorrection\prereq-noteligible-seog-19-20\prereq-fisap-datacorrection@noteligible-seog-19_20-createstudent-generictest.generictest" id="5c7611e9-4037-4d7f-bb5c-4a02988006b2">
      <Execution id="0994c9a6-a06a-49bb-9444-de20ae9e51f9" parentId="65d94a0f-318b-47d1-aafb-e5656a9b204c" />
      <TestMethod codeBase="c:\agt6\_work\6\a\api\environment\regapiautomation\testdata\fisap-datacorrection\prereq-noteligible-seog-19-20\prereq-fisap-datacorrection@noteligible-seog-19_20-createstudent-generictest.generictest" adapterTypeName="executor://orderedtestadapter/v1" className="c:\agt6\_work\6\a\api\environment\regapiautomation\testdata\fisap-datacorrection\prereq-noteligible-seog-19-20\prereq-fisap-datacorrection@noteligible-seog-19_20-createstudent-generictest" name="prereq-fisap-datacorrection@noteligible-seog-19_20-createstudent-generictest" />
    </UnitTest>
    <UnitTest name="prereq-collegefinanceplan-student@saved-grad-all-21_22-importisir-generictest" storage="c:\agt6\_work\6\a\api\environment\regapiautomation\testdata\shoppingsheets\prereq-student-saved-grad-all-21_22\prereq-collegefinanceplan-student@saved-grad-all-21_22-importisir-generictest.generictest" id="6d5c09d2-046f-4dae-8858-41fa0be1c3de">
      <Execution id="4efa6448-97fc-4ac3-a812-6f248681f9c7" parentId="4ff42948-cea1-4315-ab09-f05635d83582" />
      <TestMethod codeBase="c:\agt6\_work\6\a\api\environment\regapiautomation\testdata\shoppingsheets\prereq-student-saved-grad-all-21_22\prereq-collegefinanceplan-student@saved-grad-all-21_22-importisir-generictest.generictest" adapterTypeName="executor://orderedtestadapter/v1" className="c:\agt6\_work\6\a\api\environment\regapiautomation\testdata\shoppingsheets\prereq-student-saved-grad-all-21_22\prereq-collegefinanceplan-student@saved-grad-all-21_22-importisir-generictest" name="prereq-collegefinanceplan-student@saved-grad-all-21_22-importisir-generictest" />
    </UnitTest>
    <UnitTest name="prereq-codexport@create-grantdatarequest-multi-o-all-21_22-importisir" storage="c:\agt6\_work\6\a\api\environment\regapiautomation\testdata\codexport\prereq-create-grantdatarequest-multi-o-all-21_22\prereq-codexport@create-grantdatarequest-multi-o-all-21_22-importisir.generictest" id="6d5c09d2-046f-4dae-8858-41fa0be1c3da">
      <Execution id="a114c7f7-f70b-4428-820d-dee9a1152bd9" parentId="5adf10be-2ed4-4786-b2e1-ba1b0140d2e0" />
      <TestMethod codeBase="c:\agt6\_work\6\a\api\environment\regapiautomation\testdata\codexport\prereq-create-grantdatarequest-multi-o-all-21_22\prereq-codexport@create-grantdatarequest-multi-o-all-21_22-importisir.generictest" adapterTypeName="executor://orderedtestadapter/v1" className="c:\agt6\_work\6\a\api\environment\regapiautomation\testdata\codexport\prereq-create-grantdatarequest-multi-o-all-21_22\prereq-codexport@create-grantdatarequest-multi-o-all-21_22-importisir" name="prereq-codexport@create-grantdatarequest-multi-o-all-21_22-importisir" />
    </UnitTest>
    <OrderedTest name="OT-06E-FISAP-NoClasses-20_21" storage="c:\agt6\_work\6\a\api\orderedtest\ot-06e-fisap-noclasses-20_21.orderedtest" id="85b526cd-12e5-4fe4-bc7a-986fbd221b89">
      <Execution id="b76deeda-7a4f-4611-b3f9-e8f5ad920870" />
      <TestLinks>
        <TestLink id="a096ec06-228f-4546-922d-39019dcf22f9" name="prereq-fisap-datacorrection@noclasses-20_21-createstudent-generictest" storage="c:\agt6\_work\6\a\api\environment\regapiautomation\testdata\fisap-datacorrection\prereq-noclasses-20_21\prereq-fisap-datacorrection@noclasses-20_21-createstudent-generictest.generictest" />
        <TestLink id="0012cd8d-32a2-4770-98dc-0d510c041228" name="prereq-fisap-datacorrection@noclasses-20_21-importisir-generictest" storage="c:\agt6\_work\6\a\api\environment\regapiautomation\testdata\fisap-datacorrection\prereq-noclasses-20_21\prereq-fisap-datacorrection@noclasses-20_21-importisir-generictest.generictest" />
        <TestLink id="c927b025-03e7-4dd4-8f57-769c9dd30832" name="prereq-fisap-datacorrection@noclasses-20_21-enrollstudent-generictest" storage="c:\agt6\_work\6\a\api\environment\regapiautomation\testdata\fisap-datacorrection\prereq-noclasses-20_21\prereq-fisap-datacorrection@noclasses-20_21-enrollstudent-generictest.generictest" />
        <TestLink id="339fd6fa-7d50-4119-b4e8-7173b431a7bf" name="prereq-fisap-datacorrection@noclasses-20_21-updatebudgetforacademicyearforpackaging-generictest" storage="c:\agt6\_work\6\a\api\environment\regapiautomation\testdata\fisap-datacorrection\prereq-noclasses-20_21\prereq-fisap-datacorrection@noclasses-20_21-updatebudgetforacademicyearforpackaging-generictest.generictest" />
        <TestLink id="1609dac3-1c26-435a-a78f-35e300ce9b89" name="prereq-fisap-datacorrection@noclasses-20_21-awardgrantforpackaging-generictest" storage="c:\agt6\_work\6\a\api\environment\regapiautomation\testdata\fisap-datacorrection\prereq-noclasses-20_21\prereq-fisap-datacorrection@noclasses-20_21-awardgrantforpackaging-generictest.generictest" />
        <TestLink id="567d8946-fb1d-4f41-970d-7b52bfb514a7" name="prereq-fisap-datacorrection@noclasses-20_21-postpaymentledgercard-generictest" storage="c:\agt6\_work\6\a\api\environment\regapiautomation\testdata\fisap-datacorrection\prereq-noclasses-20_21\prereq-fisap-datacorrection@noclasses-20_21-postpaymentledgercard-generictest.generictest" />
        <TestLink id="a13e5944-1357-4d8d-ac4e-c40b30fab4b1" name="prereq-fisap-datacorrection@noclasses-20_21-changestudentstatus-generictest" storage="c:\agt6\_work\6\a\api\environment\regapiautomation\testdata\fisap-datacorrection\prereq-noclasses-20_21\prereq-fisap-datacorrection@noclasses-20_21-changestudentstatus-generictest.generictest" />
        <TestLink id="ad9f75c1-a13a-4811-be3f-451257ab6f48" name="fisap-datacorrection@noclasses-20_21-generictest" storage="c:\agt6\_work\6\a\api\environment\regapiautomation\testdata\fisap-datacorrection\fisap-datacorrection@noclasses-20_21-generictest.generictest" />
      </TestLinks>
    </OrderedTest>
    <UnitTest name="prereq-fisap-datacorrection@invaliddepmodel-20_21-enrollstudent-generictest" storage="c:\agt6\_work\6\a\api\environment\regapiautomation\testdata\fisap-datacorrection\prereq-invaliddepmodel-20_21\prereq-fisap-datacorrection@invaliddepmodel-20_21-enrollstudent-generictest.generictest" id="453b4eda-dcf3-443c-b8f6-c28e6e0f30db">
      <Execution id="ac77e597-53d3-49e0-952d-cf28e3c82a94" parentId="904cd9df-22ae-4cf6-9821-5c23e51fbf49" />
      <TestMethod codeBase="c:\agt6\_work\6\a\api\environment\regapiautomation\testdata\fisap-datacorrection\prereq-invaliddepmodel-20_21\prereq-fisap-datacorrection@invaliddepmodel-20_21-enrollstudent-generictest.generictest" adapterTypeName="executor://orderedtestadapter/v1" className="c:\agt6\_work\6\a\api\environment\regapiautomation\testdata\fisap-datacorrection\prereq-invaliddepmodel-20_21\prereq-fisap-datacorrection@invaliddepmodel-20_21-enrollstudent-generictest" name="prereq-fisap-datacorrection@invaliddepmodel-20_21-enrollstudent-generictest" />
    </UnitTest>
    <UnitTest name="prereq-fisap-datacorrection@dependentgrad-20_21-enrollstudent-generictest" storage="c:\agt6\_work\6\a\api\environment\regapiautomation\testdata\fisap-datacorrection\prereq-dependentgrad-20-21\prereq-fisap-datacorrection@dependentgrad-20_21-enrollstudent-generictest.generictest" id="75da5b28-5b14-4a75-80fe-de314733a2a2">
      <Execution id="05857841-df09-4285-a4e7-e8c7a5de24b7" parentId="87652423-fe9f-4484-a86f-fd7dd6794389" />
      <TestMethod codeBase="c:\agt6\_work\6\a\api\environment\regapiautomation\testdata\fisap-datacorrection\prereq-dependentgrad-20-21\prereq-fisap-datacorrection@dependentgrad-20_21-enrollstudent-generictest.generictest" adapterTypeName="executor://orderedtestadapter/v1" className="c:\agt6\_work\6\a\api\environment\regapiautomation\testdata\fisap-datacorrection\prereq-dependentgrad-20-21\prereq-fisap-datacorrection@dependentgrad-20_21-enrollstudent-generictest" name="prereq-fisap-datacorrection@dependentgrad-20_21-enrollstudent-generictest" />
    </UnitTest>
    <UnitTest name="prereq-fisap-datacorrection@invalidtransid-19_20-updatebudgetforacademicyearforpackaging-generictest" storage="c:\agt6\_work\6\a\api\environment\regapiautomation\testdata\fisap-datacorrection\prereq-invalidtransid-19_20\prereq-fisap-datacorrection@invalidtransid-19_20-updatebudgetforacademicyearforpackaging-generictest.generictest" id="9c658faa-926b-4aa2-9f34-a0cf9f3f4055">
      <Execution id="320655a5-2f79-4b07-bb81-cab281a4de34" parentId="ee0af9ad-87c1-4def-ba51-b7af8c54b6fa" />
      <TestMethod codeBase="c:\agt6\_work\6\a\api\environment\regapiautomation\testdata\fisap-datacorrection\prereq-invalidtransid-19_20\prereq-fisap-datacorrection@invalidtransid-19_20-updatebudgetforacademicyearforpackaging-generictest.generictest" adapterTypeName="executor://orderedtestadapter/v1" className="c:\agt6\_work\6\a\api\environment\regapiautomation\testdata\fisap-datacorrection\prereq-invalidtransid-19_20\prereq-fisap-datacorrection@invalidtransid-19_20-updatebudgetforacademicyearforpackaging-generictest" name="prereq-fisap-datacorrection@invalidtransid-19_20-updatebudgetforacademicyearforpackaging-generictest" />
    </UnitTest>
    <OrderedTest name="OT-10C-CollegeFinancePlan-Config-ProspectiveStudentsCosts-21_22" storage="c:\agt6\_work\6\a\api\orderedtest\ot-10c-collegefinanceplan-config-prospectivestudentscosts-21_22.orderedtest" id="70429494-1957-4ce7-bbe9-68cfe3b875c4">
      <Execution id="8cb3ee28-0fd1-4125-99d5-c64fa6993888" />
      <TestLinks>
        <TestLink id="d112b291-9f50-41b9-b36f-edce97cc3bfc" name="collegefinanceplan-config@prospectivestudentscosts-21_22-generictest" storage="c:\agt6\_work\6\a\api\environment\regapiautomation\testdata\shoppingsheets\collegefinanceplan-config@prospectivestudentscosts-21_22-generictest.generictest" />
      </TestLinks>
    </OrderedTest>
    <UnitTest name="prereq-codexport@loans-grants-21_22-importisir-generictest" storage="c:\agt6\_work\6\a\api\environment\regapiautomation\testdata\codexport\prereq-loans-grants-21_22\prereq-codexport@loans-grants-21_22-importisir-generictest.generictest" id="6d5c09d2-046f-4dae-8858-41fa0be1c3cc">
      <Execution id="17094049-cdd2-494d-9105-7bd0aaadbb6e" parentId="300b7aae-6fa8-43f0-b94e-28f948bd5c45" />
      <TestMethod codeBase="c:\agt6\_work\6\a\api\environment\regapiautomation\testdata\codexport\prereq-loans-grants-21_22\prereq-codexport@loans-grants-21_22-importisir-generictest.generictest" adapterTypeName="executor://orderedtestadapter/v1" className="c:\agt6\_work\6\a\api\environment\regapiautomation\testdata\codexport\prereq-loans-grants-21_22\prereq-codexport@loans-grants-21_22-importisir-generictest" name="prereq-codexport@loans-grants-21_22-importisir-generictest" />
    </UnitTest>
    <UnitTest name="prereq-codexport@regenerate-21_22-importisir-generictest" storage="c:\agt6\_work\6\a\api\environment\regapiautomation\testdata\codexport\prereq-regenerate-21_22\prereq-codexport@regenerate-21_22-importisir-generictest.generictest" id="6d5c09d2-046f-4dae-8858-41fa0be1c3ce">
      <Execution id="34093bd8-a660-4d72-986d-8195effe6a7b" parentId="5a8771e7-72c5-465b-b762-48c7991620d1" />
      <TestMethod codeBase="c:\agt6\_work\6\a\api\environment\regapiautomation\testdata\codexport\prereq-regenerate-21_22\prereq-codexport@regenerate-21_22-importisir-generictest.generictest" adapterTypeName="executor://orderedtestadapter/v1" className="c:\agt6\_work\6\a\api\environment\regapiautomation\testdata\codexport\prereq-regenerate-21_22\prereq-codexport@regenerate-21_22-importisir-generictest" name="prereq-codexport@regenerate-21_22-importisir-generictest" />
    </UnitTest>
    <OrderedTest name="OT-06V-FISAP-ResolveDep-19_20" storage="c:\agt6\_work\6\a\api\orderedtest\ot-06v-fisap-resolvedep-19_20.orderedtest" id="3e1f2209-7034-4508-b8ba-cb0bf37c9c06">
      <Execution id="ba8c0425-1a9e-43f4-bc5d-07922547af4a" />
      <TestLinks>
        <TestLink id="961e24ef-7642-4535-b36d-3af53942e6fc" name="prereq-fisap-datacorrection@resolvedep-19_20-createstudent-generictest" storage="c:\agt6\_work\6\a\api\environment\regapiautomation\testdata\fisap-datacorrection\prereq-resolvedep-19_20\prereq-fisap-datacorrection@resolvedep-19_20-createstudent-generictest.generictest" />
        <TestLink id="e9f9df4e-0b73-416c-b21e-5e3d5d748ab7" name="prereq-fisap-datacorrection@resolvedep-19_20-importisir-generictest" storage="c:\agt6\_work\6\a\api\environment\regapiautomation\testdata\fisap-datacorrection\prereq-resolvedep-19_20\prereq-fisap-datacorrection@resolvedep-19_20-importisir-generictest.generictest" />
        <TestLink id="eee0b7f3-a7b5-4ab7-8d9d-bf93fcb9b4d8" name="prereq-fisap-datacorrection@resolvedep-19_20-enrollstudent-generictest" storage="c:\agt6\_work\6\a\api\environment\regapiautomation\testdata\fisap-datacorrection\prereq-resolvedep-19_20\prereq-fisap-datacorrection@resolvedep-19_20-enrollstudent-generictest.generictest" />
        <TestLink id="4a0b5fed-1421-44e2-b3a6-947ad0a0c95b" name="prereq-fisap-datacorrection@resolvedep-19_20-registerclassandpostattendance-generictest" storage="c:\agt6\_work\6\a\api\environment\regapiautomation\testdata\fisap-datacorrection\prereq-resolvedep-19_20\prereq-fisap-datacorrection@resolvedep-19_20-registerclassandpostattendance-generictest.generictest" />
        <TestLink id="40785ab6-2f87-4010-8e2e-c925b3a58125" name="prereq-fisap-datacorrection@resolvedep-19_20-updatebudgetforacademicyearforpackaging-generictest" storage="c:\agt6\_work\6\a\api\environment\regapiautomation\testdata\fisap-datacorrection\prereq-resolvedep-19_20\prereq-fisap-datacorrection@resolvedep-19_20-updatebudgetforacademicyearforpackaging-generictest.generictest" />
        <TestLink id="127873ab-4d19-4a29-b454-bf339f303e73" name="prereq-fisap-datacorrection@resolvedep-19_20-awardgrantforpackaging-generictest" storage="c:\agt6\_work\6\a\api\environment\regapiautomation\testdata\fisap-datacorrection\prereq-resolvedep-19_20\prereq-fisap-datacorrection@resolvedep-19_20-awardgrantforpackaging-generictest.generictest" />
        <TestLink id="4326d444-b2ba-4a45-b01a-360c265a0797" name="prereq-fisap-datacorrection@resolvedep-19_20-postpaymentledgercard-generictest" storage="c:\agt6\_work\6\a\api\environment\regapiautomation\testdata\fisap-datacorrection\prereq-resolvedep-19_20\prereq-fisap-datacorrection@resolvedep-19_20-postpaymentledgercard-generictest.generictest" />
        <TestLink id="c71f9e20-ac87-4aff-b18b-ec2f679c1320" name="prereq-fisap-datacorrection@resolvedep-19_20-changestudentstatus-generictest" storage="c:\agt6\_work\6\a\api\environment\regapiautomation\testdata\fisap-datacorrection\prereq-resolvedep-19_20\prereq-fisap-datacorrection@resolvedep-19_20-changestudentstatus-generictest.generictest" />
        <TestLink id="ac57899e-9115-4342-9c74-69c3e9dd3c88" name="fisap-datacorrection@resolvedep-19_20-generictest" storage="c:\agt6\_work\6\a\api\environment\regapiautomation\testdata\fisap-datacorrection\fisap-datacorrection@resolvedep-19_20-generictest.generictest" />
      </TestLinks>
    </OrderedTest>
    <UnitTest name="prereq-ipedscompletionsurvey@hp-seteffectivedate" storage="c:\agt6\_work\6\a\api\environment\regapiautomation\testdata\ipeds\prereq\prereq-ipedscompletionsurvey@hp-seteffectivedate.generictest" id="e92c3463-c98a-4ccd-bb6b-4fd6c6dd7b21">
      <Execution id="ec6a4776-4714-4302-8c63-cc3a1446bbb5" parentId="ab133d41-e473-4216-ab68-0f3ac43f219e" />
      <TestMethod codeBase="c:\agt6\_work\6\a\api\environment\regapiautomation\testdata\ipeds\prereq\prereq-ipedscompletionsurvey@hp-seteffectivedate.generictest" adapterTypeName="executor://orderedtestadapter/v1" className="c:\agt6\_work\6\a\api\environment\regapiautomation\testdata\ipeds\prereq\prereq-ipedscompletionsurvey@hp-seteffectivedate" name="prereq-ipedscompletionsurvey@hp-seteffectivedate" />
    </UnitTest>
    <UnitTest name="prereq-fisap-datacorrection@columnc-19_20-registerclassandpostattendance-generictest" storage="c:\agt6\_work\6\a\api\environment\regapiautomation\testdata\fisap-datacorrection\prereq-columnc-19-20\prereq-fisap-datacorrection@columnc-19_20-registerclassandpostattendance-generictest.generictest" id="56ac01b4-897e-4826-8922-33f9ef46fbbd">
      <Execution id="c893b124-212c-4b52-95e6-d93563249f1d" parentId="dc42fed8-ef16-4149-9bef-fb5f599cdf53" />
      <TestMethod codeBase="c:\agt6\_work\6\a\api\environment\regapiautomation\testdata\fisap-datacorrection\prereq-columnc-19-20\prereq-fisap-datacorrection@columnc-19_20-registerclassandpostattendance-generictest.generictest" adapterTypeName="executor://orderedtestadapter/v1" className="c:\agt6\_work\6\a\api\environment\regapiautomation\testdata\fisap-datacorrection\prereq-columnc-19-20\prereq-fisap-datacorrection@columnc-19_20-registerclassandpostattendance-generictest" name="prereq-fisap-datacorrection@columnc-19_20-registerclassandpostattendance-generictest" />
    </UnitTest>
    <UnitTest name="prereq-codimport@pn-21_22-enrollstudent-generictest" storage="c:\agt6\_work\6\a\api\environment\regapiautomation\testdata\codimport\prereq-codimport-pn-21_22\prereq-codimport@pn-21_22-enrollstudent-generictest.generictest" id="7366db68-50a7-488c-8cd3-0a98cc393e20">
      <Execution id="2600ea9e-0026-49a7-9c6b-868d78233453" parentId="9303d2ec-6712-49bb-9a00-49d89fb8fc0b" />
      <TestMethod codeBase="c:\agt6\_work\6\a\api\environment\regapiautomation\testdata\codimport\prereq-codimport-pn-21_22\prereq-codimport@pn-21_22-enrollstudent-generictest.generictest" adapterTypeName="executor://orderedtestadapter/v1" className="c:\agt6\_work\6\a\api\environment\regapiautomation\testdata\codimport\prereq-codimport-pn-21_22\prereq-codimport@pn-21_22-enrollstudent-generictest" name="prereq-codimport@pn-21_22-enrollstudent-generictest" />
    </UnitTest>
    <UnitTest name="prereq-fisap-datacorrection@report-variance-19_20-changestudentstatus-generictest" storage="c:\agt6\_work\6\a\api\environment\regapiautomation\testdata\fisap-datacorrection\prereq-report-variance-19_20\prereq-fisap-datacorrection@report-variance-19_20-changestudentstatus-generictest.generictest" id="3c19b3de-a2e8-4668-ad16-2224893c5e30">
      <Execution id="67c3b342-dbba-4f74-a94f-fe607c95d03e" parentId="9454772b-7cb9-4724-9fd5-34814095d14b" />
      <TestMethod codeBase="c:\agt6\_work\6\a\api\environment\regapiautomation\testdata\fisap-datacorrection\prereq-report-variance-19_20\prereq-fisap-datacorrection@report-variance-19_20-changestudentstatus-generictest.generictest" adapterTypeName="executor://orderedtestadapter/v1" className="c:\agt6\_work\6\a\api\environment\regapiautomation\testdata\fisap-datacorrection\prereq-report-variance-19_20\prereq-fisap-datacorrection@report-variance-19_20-changestudentstatus-generictest" name="prereq-fisap-datacorrection@report-variance-19_20-changestudentstatus-generictest" />
    </UnitTest>
    <UnitTest name="prereq-fisap-datacorrection@invalidtransid-20_21-awardgrantforpackaging-generictest" storage="c:\agt6\_work\6\a\api\environment\regapiautomation\testdata\fisap-datacorrection\prereq-invalidtransid-20_21\prereq-fisap-datacorrection@invalidtransid-20_21-awardgrantforpackaging-generictest.generictest" id="c0dd9809-5a51-46c8-8fd4-7daa8e835800">
      <Execution id="b037d37a-13ec-444e-aa56-1ca45b3a7f0e" parentId="974e42be-1ae7-4083-84f3-e5188d755a0a" />
      <TestMethod codeBase="c:\agt6\_work\6\a\api\environment\regapiautomation\testdata\fisap-datacorrection\prereq-invalidtransid-20_21\prereq-fisap-datacorrection@invalidtransid-20_21-awardgrantforpackaging-generictest.generictest" adapterTypeName="executor://orderedtestadapter/v1" className="c:\agt6\_work\6\a\api\environment\regapiautomation\testdata\fisap-datacorrection\prereq-invalidtransid-20_21\prereq-fisap-datacorrection@invalidtransid-20_21-awardgrantforpackaging-generictest" name="prereq-fisap-datacorrection@invalidtransid-20_21-awardgrantforpackaging-generictest" />
    </UnitTest>
    <UnitTest name="prereq-fisap-datacorrection@invaliddepmodel-20_21-importisir-generictest" storage="c:\agt6\_work\6\a\api\environment\regapiautomation\testdata\fisap-datacorrection\prereq-invaliddepmodel-20_21\prereq-fisap-datacorrection@invaliddepmodel-20_21-importisir-generictest.generictest" id="f2edef1d-3af4-4b9a-a18a-6afa2a47a2f7">
      <Execution id="00c25a9b-7c1c-4dfa-b573-a65b64936928" parentId="904cd9df-22ae-4cf6-9821-5c23e51fbf49" />
      <TestMethod codeBase="c:\agt6\_work\6\a\api\environment\regapiautomation\testdata\fisap-datacorrection\prereq-invaliddepmodel-20_21\prereq-fisap-datacorrection@invaliddepmodel-20_21-importisir-generictest.generictest" adapterTypeName="executor://orderedtestadapter/v1" className="c:\agt6\_work\6\a\api\environment\regapiautomation\testdata\fisap-datacorrection\prereq-invaliddepmodel-20_21\prereq-fisap-datacorrection@invaliddepmodel-20_21-importisir-generictest" name="prereq-fisap-datacorrection@invaliddepmodel-20_21-importisir-generictest" />
    </UnitTest>
    <OrderedTest name="OT-12C-StudentIsir-Corrections-Submit-21_22" storage="c:\agt6\_work\6\a\api\orderedtest\ot-12c-studentisir-corrections-submit-21_22.orderedtest" id="654d5d4c-cfba-4e84-82a8-b6849b36e60b">
      <Execution id="92c277e4-69b2-4643-88f6-7d6d221107a3" />
      <TestLinks>
        <TestLink id="0eae1b98-54a3-47a3-8254-c307991db850" name="prereq-appproc-studentisir-corrections@hp-submit-21_22-generictest" storage="c:\agt6\_work\6\a\api\environment\regapiautomation\testdata\studentisir\prereq-corrections-hp-submit-21_22\prereq-appproc-studentisir-corrections@hp-submit-21_22-generictest.generictest" />
        <TestLink id="b69c1963-70e4-4759-9f98-e185892c0bd9" name="appproc-studentisir-corrections@hp-submit-21_22-generictest" storage="c:\agt6\_work\6\a\api\environment\regapiautomation\testdata\studentisir\appproc-studentisir-corrections@hp-submit-21_22-generictest.generictest" />
      </TestLinks>
    </OrderedTest>
    <UnitTest name="prereq-fisap-datacorrection@columnd-20_21-enrollstudent-generictest" storage="c:\agt6\_work\6\a\api\environment\regapiautomation\testdata\fisap-datacorrection\prereq-columnd-20-21\prereq-fisap-datacorrection@columnd-20_21-enrollstudent-generictest.generictest" id="7e1d8d7d-1bc0-4540-a386-c11c2a64c8e6">
      <Execution id="d9d7cbe6-3ad6-4dfe-8b1c-f62951b93826" parentId="90c8c495-1b26-418f-b54f-aee0acdf5a94" />
      <TestMethod codeBase="c:\agt6\_work\6\a\api\environment\regapiautomation\testdata\fisap-datacorrection\prereq-columnd-20-21\prereq-fisap-datacorrection@columnd-20_21-enrollstudent-generictest.generictest" adapterTypeName="executor://orderedtestadapter/v1" className="c:\agt6\_work\6\a\api\environment\regapiautomation\testdata\fisap-datacorrection\prereq-columnd-20-21\prereq-fisap-datacorrection@columnd-20_21-enrollstudent-generictest" name="prereq-fisap-datacorrection@columnd-20_21-enrollstudent-generictest" />
    </UnitTest>
    <UnitTest name="fisap-datacorrection@columnd-20_21-generictest" storage="c:\agt6\_work\6\a\api\environment\regapiautomation\testdata\fisap-datacorrection\fisap-datacorrection@columnd-20_21-generictest.generictest" id="78aef38f-3740-4049-9e2c-b86557389ec4">
      <Execution id="a6552707-391e-4592-8ad5-9e57cb69c6c3" parentId="90c8c495-1b26-418f-b54f-aee0acdf5a94" />
      <TestMethod codeBase="c:\agt6\_work\6\a\api\environment\regapiautomation\testdata\fisap-datacorrection\fisap-datacorrection@columnd-20_21-generictest.generictest" adapterTypeName="executor://orderedtestadapter/v1" className="c:\agt6\_work\6\a\api\environment\regapiautomation\testdata\fisap-datacorrection\fisap-datacorrection@columnd-20_21-generictest" name="fisap-datacorrection@columnd-20_21-generictest" />
    </UnitTest>
    <UnitTest name="prereq-fisap-datacorrection@hp-noisir-20_21-awardgrantforpackaging-generictest" storage="c:\agt6\_work\6\a\api\environment\regapiautomation\testdata\fisap-datacorrection\prereq-noisir-20_21\prereq-fisap-datacorrection@hp-noisir-20_21-awardgrantforpackaging-generictest.generictest" id="fce85163-dda6-4574-a415-bd4d177ae785">
      <Execution id="24cda90c-b473-4ba0-b2ea-ed3c60543a36" parentId="f5fdd5c4-c9ca-49c2-bd4d-16e1a16316bd" />
      <TestMethod codeBase="c:\agt6\_work\6\a\api\environment\regapiautomation\testdata\fisap-datacorrection\prereq-noisir-20_21\prereq-fisap-datacorrection@hp-noisir-20_21-awardgrantforpackaging-generictest.generictest" adapterTypeName="executor://orderedtestadapter/v1" className="c:\agt6\_work\6\a\api\environment\regapiautomation\testdata\fisap-datacorrection\prereq-noisir-20_21\prereq-fisap-datacorrection@hp-noisir-20_21-awardgrantforpackaging-generictest" name="prereq-fisap-datacorrection@hp-noisir-20_21-awardgrantforpackaging-generictest" />
    </UnitTest>
    <UnitTest name="fisap-datacorrection@resolvedep-20_21-generictest" storage="c:\agt6\_work\6\a\api\environment\regapiautomation\testdata\fisap-datacorrection\fisap-datacorrection@resolvedep-20_21-generictest.generictest" id="15daf47e-d718-4205-a067-182032dff649">
      <Execution id="3bc2970d-ea3a-455e-ac43-30ec3618cdf6" parentId="8b6a38b1-0ae6-4efa-8ba5-636ed1a71512" />
      <TestMethod codeBase="c:\agt6\_work\6\a\api\environment\regapiautomation\testdata\fisap-datacorrection\fisap-datacorrection@resolvedep-20_21-generictest.generictest" adapterTypeName="executor://orderedtestadapter/v1" className="c:\agt6\_work\6\a\api\environment\regapiautomation\testdata\fisap-datacorrection\fisap-datacorrection@resolvedep-20_21-generictest" name="fisap-datacorrection@resolvedep-20_21-generictest" />
    </UnitTest>
    <UnitTest name="prereq-fisap-datacorrection@noisir-registerclassandpostattendance-generictest" storage="c:\agt6\_work\6\a\api\environment\regapiautomation\testdata\fisap-datacorrection\prereq-noisir\prereq-fisap-datacorrection@noisir-registerclassandpostattendance-generictest.generictest" id="d51578b4-b379-42d6-893e-f80814f4dba0">
      <Execution id="457b7e9e-fd02-45e0-a17d-08bb6f6d6425" parentId="ce3f5317-6a07-4aac-93c9-3ec841b3a9ce" />
      <TestMethod codeBase="c:\agt6\_work\6\a\api\environment\regapiautomation\testdata\fisap-datacorrection\prereq-noisir\prereq-fisap-datacorrection@noisir-registerclassandpostattendance-generictest.generictest" adapterTypeName="executor://orderedtestadapter/v1" className="c:\agt6\_work\6\a\api\environment\regapiautomation\testdata\fisap-datacorrection\prereq-noisir\prereq-fisap-datacorrection@noisir-registerclassandpostattendance-generictest" name="prereq-fisap-datacorrection@noisir-registerclassandpostattendance-generictest" />
    </UnitTest>
    <UnitTest name="prereq-codexport@hp-originationsonly-21_22-createstudent-generictest" storage="c:\agt6\_work\6\a\api\environment\regapiautomation\testdata\codexport\prereq-originationsonly-21_22\prereq-codexport@hp-originationsonly-21_22-createstudent-generictest.generictest" id="93a25dc8-cdd6-4bc3-88de-e9c5c84c7a15">
      <Execution id="2e43ea94-8c53-4343-b675-20f727568777" parentId="dd65fd67-5067-44cd-8850-842e53274555" />
      <TestMethod codeBase="c:\agt6\_work\6\a\api\environment\regapiautomation\testdata\codexport\prereq-originationsonly-21_22\prereq-codexport@hp-originationsonly-21_22-createstudent-generictest.generictest" adapterTypeName="executor://orderedtestadapter/v1" className="c:\agt6\_work\6\a\api\environment\regapiautomation\testdata\codexport\prereq-originationsonly-21_22\prereq-codexport@hp-originationsonly-21_22-createstudent-generictest" name="prereq-codexport@hp-originationsonly-21_22-createstudent-generictest" />
    </UnitTest>
    <UnitTest name="prereq-cod-exceptions@delete-award-bn-21_22-enrollstudent-generictest" storage="c:\agt6\_work\6\a\api\environment\regapiautomation\testdata\codexceptions\prereq-delete-21_22\prereq-cod-exceptions@delete-award-bn-21_22-enrollstudent-generictest.generictest" id="7366db68-50a7-488c-8cd3-0a98cc393e1c">
      <Execution id="c0caff5f-679e-48e0-ba03-8e7b667df1ef" parentId="fb06118d-4b7c-4860-9fb7-bf491401fa76" />
      <TestMethod codeBase="c:\agt6\_work\6\a\api\environment\regapiautomation\testdata\codexceptions\prereq-delete-21_22\prereq-cod-exceptions@delete-award-bn-21_22-enrollstudent-generictest.generictest" adapterTypeName="executor://orderedtestadapter/v1" className="c:\agt6\_work\6\a\api\environment\regapiautomation\testdata\codexceptions\prereq-delete-21_22\prereq-cod-exceptions@delete-award-bn-21_22-enrollstudent-generictest" name="prereq-cod-exceptions@delete-award-bn-21_22-enrollstudent-generictest" />
    </UnitTest>
    <UnitTest name="prereq-fisap-datacorrection@hp-noisir-20_21-enrollstudent-generictest" storage="c:\agt6\_work\6\a\api\environment\regapiautomation\testdata\fisap-datacorrection\prereq-noisir-20_21\prereq-fisap-datacorrection@hp-noisir-20_21-enrollstudent-generictest.generictest" id="54ac615a-c597-4508-8339-1746d240c9ed">
      <Execution id="0545059b-cee3-412a-a6a3-6a8e00b65ffc" parentId="f5fdd5c4-c9ca-49c2-bd4d-16e1a16316bd" />
      <TestMethod codeBase="c:\agt6\_work\6\a\api\environment\regapiautomation\testdata\fisap-datacorrection\prereq-noisir-20_21\prereq-fisap-datacorrection@hp-noisir-20_21-enrollstudent-generictest.generictest" adapterTypeName="executor://orderedtestadapter/v1" className="c:\agt6\_work\6\a\api\environment\regapiautomation\testdata\fisap-datacorrection\prereq-noisir-20_21\prereq-fisap-datacorrection@hp-noisir-20_21-enrollstudent-generictest" name="prereq-fisap-datacorrection@hp-noisir-20_21-enrollstudent-generictest" />
    </UnitTest>
    <UnitTest name="prereq-cod-exceptions@hp-resolve-award-bn-21_22-enrollstudent-generictest" storage="c:\agt6\_work\6\a\api\environment\regapiautomation\testdata\codexceptions\prereq-21_22\prereq-cod-exceptions@hp-resolve-award-bn-21_22-enrollstudent-generictest.generictest" id="7366db68-50a7-488c-8cd3-0a98cc393e1e">
      <Execution id="d79f8833-e8ee-4fc4-bb46-4710b3db6738" parentId="ac0cbf78-2e81-457a-b65b-fdc11e34bc33" />
      <TestMethod codeBase="c:\agt6\_work\6\a\api\environment\regapiautomation\testdata\codexceptions\prereq-21_22\prereq-cod-exceptions@hp-resolve-award-bn-21_22-enrollstudent-generictest.generictest" adapterTypeName="executor://orderedtestadapter/v1" className="c:\agt6\_work\6\a\api\environment\regapiautomation\testdata\codexceptions\prereq-21_22\prereq-cod-exceptions@hp-resolve-award-bn-21_22-enrollstudent-generictest" name="prereq-cod-exceptions@hp-resolve-award-bn-21_22-enrollstudent-generictest" />
    </UnitTest>
    <UnitTest name="prereq-fisap-datacorrection@hp-ineligible-19_20-updatebudgetforacademicyearforpackaging-generictest" storage="c:\agt6\_work\6\a\api\environment\regapiautomation\testdata\fisap-datacorrection\prereq-ineligible-19_20\prereq-fisap-datacorrection@hp-ineligible-19_20-updatebudgetforacademicyearforpackaging-generictest.generictest" id="4f7aa85e-1503-43df-a526-8c69881c0e50">
      <Execution id="50579134-2145-44cb-863b-51742c0aa318" parentId="f51cf7a5-90aa-4d7b-a241-f8ea6421a15e" />
      <TestMethod codeBase="c:\agt6\_work\6\a\api\environment\regapiautomation\testdata\fisap-datacorrection\prereq-ineligible-19_20\prereq-fisap-datacorrection@hp-ineligible-19_20-updatebudgetforacademicyearforpackaging-generictest.generictest" adapterTypeName="executor://orderedtestadapter/v1" className="c:\agt6\_work\6\a\api\environment\regapiautomation\testdata\fisap-datacorrection\prereq-ineligible-19_20\prereq-fisap-datacorrection@hp-ineligible-19_20-updatebudgetforacademicyearforpackaging-generictest" name="prereq-fisap-datacorrection@hp-ineligible-19_20-updatebudgetforacademicyearforpackaging-generictest" />
    </UnitTest>
    <UnitTest name="prereq-appproc-subsidizedusageinformation-view@hp-updatebudgetforacademicyearforpackaging-generictest" storage="c:\agt6\_work\6\a\api\environment\regapiautomation\testdata\subsidizedusage\prereq\prereq-appproc-subsidizedusageinformation-view@hp-updatebudgetforacademicyearforpackaging-generictest.generictest" id="719b5654-a028-42a2-a85a-e27164bbd267">
      <Execution id="670f0aa0-58fb-406b-a45f-9b8fb9e889f5" parentId="a9a1f5eb-8669-4a9c-b9ed-bbe09a2661a8" />
      <TestMethod codeBase="c:\agt6\_work\6\a\api\environment\regapiautomation\testdata\subsidizedusage\prereq\prereq-appproc-subsidizedusageinformation-view@hp-updatebudgetforacademicyearforpackaging-generictest.generictest" adapterTypeName="executor://orderedtestadapter/v1" className="c:\agt6\_work\6\a\api\environment\regapiautomation\testdata\subsidizedusage\prereq\prereq-appproc-subsidizedusageinformation-view@hp-updatebudgetforacademicyearforpackaging-generictest" name="prereq-appproc-subsidizedusageinformation-view@hp-updatebudgetforacademicyearforpackaging-generictest" />
    </UnitTest>
    <UnitTest name="prereq-cod-exceptions@resolve-award-pn-21_22-enrollstudent-generictest" storage="c:\agt6\_work\6\a\api\environment\regapiautomation\testdata\codexceptions\prereq-resolve-pn-21_22\prereq-cod-exceptions@resolve-award-pn-21_22-enrollstudent-generictest.generictest" id="7366db68-50a7-488c-8cd3-0a98cc393e1f">
      <Execution id="41b8f14c-8ea4-428b-ae88-01b7edb5af1b" parentId="e3b66657-a9f6-4472-a6cd-7f0a51b3a969" />
      <TestMethod codeBase="c:\agt6\_work\6\a\api\environment\regapiautomation\testdata\codexceptions\prereq-resolve-pn-21_22\prereq-cod-exceptions@resolve-award-pn-21_22-enrollstudent-generictest.generictest" adapterTypeName="executor://orderedtestadapter/v1" className="c:\agt6\_work\6\a\api\environment\regapiautomation\testdata\codexceptions\prereq-resolve-pn-21_22\prereq-cod-exceptions@resolve-award-pn-21_22-enrollstudent-generictest" name="prereq-cod-exceptions@resolve-award-pn-21_22-enrollstudent-generictest" />
    </UnitTest>
    <UnitTest name="prereq-codimport@bn-21_22-createstudent-generictest" storage="c:\agt6\_work\6\a\api\environment\regapiautomation\testdata\codimport\prereq-codimport-bn-21_22\prereq-codimport@bn-21_22-createstudent-generictest.generictest" id="5683fef9-05cf-4edd-ac28-1e207a425f7e">
      <Execution id="648bf32a-b8b6-435e-a70e-9ebe7d03fc61" parentId="05751b49-b3d2-420a-9fe7-b1bcfbcbfec2" />
      <TestMethod codeBase="c:\agt6\_work\6\a\api\environment\regapiautomation\testdata\codimport\prereq-codimport-bn-21_22\prereq-codimport@bn-21_22-createstudent-generictest.generictest" adapterTypeName="executor://orderedtestadapter/v1" className="c:\agt6\_work\6\a\api\environment\regapiautomation\testdata\codimport\prereq-codimport-bn-21_22\prereq-codimport@bn-21_22-createstudent-generictest" name="prereq-codimport@bn-21_22-createstudent-generictest" />
    </UnitTest>
    <UnitTest name="prereq-fisap-datacorrection@resolvedep-20_21-awardgrantforpackaging-generictest" storage="c:\agt6\_work\6\a\api\environment\regapiautomation\testdata\fisap-datacorrection\prereq-resolvedep-20_21\prereq-fisap-datacorrection@resolvedep-20_21-awardgrantforpackaging-generictest.generictest" id="682842f2-896c-4558-991c-16bbbc4dcb6f">
      <Execution id="80579730-c514-41b4-bfdf-41d3394da678" parentId="8b6a38b1-0ae6-4efa-8ba5-636ed1a71512" />
      <TestMethod codeBase="c:\agt6\_work\6\a\api\environment\regapiautomation\testdata\fisap-datacorrection\prereq-resolvedep-20_21\prereq-fisap-datacorrection@resolvedep-20_21-awardgrantforpackaging-generictest.generictest" adapterTypeName="executor://orderedtestadapter/v1" className="c:\agt6\_work\6\a\api\environment\regapiautomation\testdata\fisap-datacorrection\prereq-resolvedep-20_21\prereq-fisap-datacorrection@resolvedep-20_21-awardgrantforpackaging-generictest" name="prereq-fisap-datacorrection@resolvedep-20_21-awardgrantforpackaging-generictest" />
    </UnitTest>
    <OrderedTest name="OT-10H-CollegeFinancePlan-Config-EnrolledStudents-21_22" storage="c:\agt6\_work\6\a\api\orderedtest\ot-10h-collegefinanceplan-config-enrolledstudents-21_22.orderedtest" id="7aa25d67-c293-45ad-9d77-12fd2cc8e7cc">
      <Execution id="5ee5167a-5392-44b7-854c-73a3e56a723b" />
      <TestLinks>
        <TestLink id="87c1fa65-0f8e-4c3e-9cdc-d02758f71c44" name="collegefinanceplan-config@enrolledstudents-21_22-generictest" storage="c:\agt6\_work\6\a\api\environment\regapiautomation\testdata\shoppingsheets\collegefinanceplan-config@enrolledstudents-21_22-generictest.generictest" />
      </TestLinks>
    </OrderedTest>
    <UnitTest name="prereq-sscr-enrollmentreporting@hp-export-enroll-generictest" storage="c:\agt6\_work\6\a\api\environment\regapiautomation\testdata\sscr-enrollmentreporting\prereq\prereq-sscr-enrollmentreporting@hp-export-enroll-generictest.generictest" id="4b88a3e1-f386-4703-9ec9-a2f97cc389e1">
      <Execution id="984af598-cb22-4ac0-b6a6-6e6806738f44" parentId="d8dcc998-0708-4ed1-b4f9-e688748f8540" />
      <TestMethod codeBase="c:\agt6\_work\6\a\api\environment\regapiautomation\testdata\sscr-enrollmentreporting\prereq\prereq-sscr-enrollmentreporting@hp-export-enroll-generictest.generictest" adapterTypeName="executor://orderedtestadapter/v1" className="c:\agt6\_work\6\a\api\environment\regapiautomation\testdata\sscr-enrollmentreporting\prereq\prereq-sscr-enrollmentreporting@hp-export-enroll-generictest" name="prereq-sscr-enrollmentreporting@hp-export-enroll-generictest" />
    </UnitTest>
    <UnitTest name="prereq-fisap-datacorrection@invaliddepmodel-19_20-updatebudgetforacademicyearforpackaging" storage="c:\agt6\_work\6\a\api\environment\regapiautomation\testdata\fisap-datacorrection\prereq-invaliddepmodel-19_20\prereq-fisap-datacorrection@invaliddepmodel-19_20-updatebudgetforacademicyearforpackaging.generictest" id="f1b010a1-e473-47c5-84ec-0bf5f091aa67">
      <Execution id="2776bcec-59ae-4751-b791-d1ce83289b49" parentId="35e8c6e1-78c0-4502-84a9-903cb54d4268" />
      <TestMethod codeBase="c:\agt6\_work\6\a\api\environment\regapiautomation\testdata\fisap-datacorrection\prereq-invaliddepmodel-19_20\prereq-fisap-datacorrection@invaliddepmodel-19_20-updatebudgetforacademicyearforpackaging.generictest" adapterTypeName="executor://orderedtestadapter/v1" className="c:\agt6\_work\6\a\api\environment\regapiautomation\testdata\fisap-datacorrection\prereq-invaliddepmodel-19_20\prereq-fisap-datacorrection@invaliddepmodel-19_20-updatebudgetforacademicyearforpackaging" name="prereq-fisap-datacorrection@invaliddepmodel-19_20-updatebudgetforacademicyearforpackaging" />
    </UnitTest>
    <OrderedTest name="OT-02C-CODImport.OriginationsOnly-21_22" storage="c:\agt6\_work\6\a\api\orderedtest\ot-02c-codimport.originationsonly-21_22.orderedtest" id="94a60c78-9dfc-4272-982b-fd6a6e4899a9">
      <Execution id="dcdc0308-a0f6-4dd3-a6f0-92fb7a3259e6" />
      <TestLinks>
        <TestLink id="89959051-36d8-44e8-ab9d-f3cf124ef4ae" name="codimport@hp-originationsonly-21_22-generictest" storage="c:\agt6\_work\6\a\api\environment\regapiautomation\testdata\codimport\codimport@hp-originationsonly-21_22-generictest.generictest" />
      </TestLinks>
    </OrderedTest>
    <UnitTest name="prereq-fisap-datacorrection@noteligible-seog-20_21-registerclassandpostattendance-generictest" storage="c:\agt6\_work\6\a\api\environment\regapiautomation\testdata\fisap-datacorrection\prereq-noteligible-seog-20-21\prereq-fisap-datacorrection@noteligible-seog-20_21-registerclassandpostattendance-generictest.generictest" id="19d7dc74-8298-4815-8b53-002aa9d09854">
      <Execution id="99a90365-2ba6-460d-9e95-8eba058d0429" parentId="02fb9329-2db5-4c5c-83c0-929721f070b4" />
      <TestMethod codeBase="c:\agt6\_work\6\a\api\environment\regapiautomation\testdata\fisap-datacorrection\prereq-noteligible-seog-20-21\prereq-fisap-datacorrection@noteligible-seog-20_21-registerclassandpostattendance-generictest.generictest" adapterTypeName="executor://orderedtestadapter/v1" className="c:\agt6\_work\6\a\api\environment\regapiautomation\testdata\fisap-datacorrection\prereq-noteligible-seog-20-21\prereq-fisap-datacorrection@noteligible-seog-20_21-registerclassandpostattendance-generictest" name="prereq-fisap-datacorrection@noteligible-seog-20_21-registerclassandpostattendance-generictest" />
    </UnitTest>
    <UnitTest name="prereq-fisap-datacorrection@invalidtransid-19_20-postpaymentledgercard-generictest" storage="c:\agt6\_work\6\a\api\environment\regapiautomation\testdata\fisap-datacorrection\prereq-invalidtransid-19_20\prereq-fisap-datacorrection@invalidtransid-19_20-postpaymentledgercard-generictest.generictest" id="3c3dc518-0a0a-49e9-8de7-9d1c7822773c">
      <Execution id="52e68fde-564c-4830-bb38-173b8601c3ea" parentId="ee0af9ad-87c1-4def-ba51-b7af8c54b6fa" />
      <TestMethod codeBase="c:\agt6\_work\6\a\api\environment\regapiautomation\testdata\fisap-datacorrection\prereq-invalidtransid-19_20\prereq-fisap-datacorrection@invalidtransid-19_20-postpaymentledgercard-generictest.generictest" adapterTypeName="executor://orderedtestadapter/v1" className="c:\agt6\_work\6\a\api\environment\regapiautomation\testdata\fisap-datacorrection\prereq-invalidtransid-19_20\prereq-fisap-datacorrection@invalidtransid-19_20-postpaymentledgercard-generictest" name="prereq-fisap-datacorrection@invalidtransid-19_20-postpaymentledgercard-generictest" />
    </UnitTest>
    <UnitTest name="prereq-fisap-datacorrection@resolvedep-20_21-updatebudgetforacademicyearforpackaging-generictest" storage="c:\agt6\_work\6\a\api\environment\regapiautomation\testdata\fisap-datacorrection\prereq-resolvedep-20_21\prereq-fisap-datacorrection@resolvedep-20_21-updatebudgetforacademicyearforpackaging-generictest.generictest" id="958ba9b0-7452-4040-935c-f9d8410379c8">
      <Execution id="7eaf6f5e-8343-41a2-b95d-b2a05f812c07" parentId="8b6a38b1-0ae6-4efa-8ba5-636ed1a71512" />
      <TestMethod codeBase="c:\agt6\_work\6\a\api\environment\regapiautomation\testdata\fisap-datacorrection\prereq-resolvedep-20_21\prereq-fisap-datacorrection@resolvedep-20_21-updatebudgetforacademicyearforpackaging-generictest.generictest" adapterTypeName="executor://orderedtestadapter/v1" className="c:\agt6\_work\6\a\api\environment\regapiautomation\testdata\fisap-datacorrection\prereq-resolvedep-20_21\prereq-fisap-datacorrection@resolvedep-20_21-updatebudgetforacademicyearforpackaging-generictest" name="prereq-fisap-datacorrection@resolvedep-20_21-updatebudgetforacademicyearforpackaging-generictest" />
    </UnitTest>
    <UnitTest name="prereq-fisap-datacorrection@resolvedep-19_20-createstudent-generictest" storage="c:\agt6\_work\6\a\api\environment\regapiautomation\testdata\fisap-datacorrection\prereq-resolvedep-19_20\prereq-fisap-datacorrection@resolvedep-19_20-createstudent-generictest.generictest" id="961e24ef-7642-4535-b36d-3af53942e6fc">
      <Execution id="7a463b03-6029-4d18-9ed4-fe4bf2b5e5a0" parentId="ba8c0425-1a9e-43f4-bc5d-07922547af4a" />
      <TestMethod codeBase="c:\agt6\_work\6\a\api\environment\regapiautomation\testdata\fisap-datacorrection\prereq-resolvedep-19_20\prereq-fisap-datacorrection@resolvedep-19_20-createstudent-generictest.generictest" adapterTypeName="executor://orderedtestadapter/v1" className="c:\agt6\_work\6\a\api\environment\regapiautomation\testdata\fisap-datacorrection\prereq-resolvedep-19_20\prereq-fisap-datacorrection@resolvedep-19_20-createstudent-generictest" name="prereq-fisap-datacorrection@resolvedep-19_20-createstudent-generictest" />
    </UnitTest>
    <UnitTest name="codimport@uploadcodimportfile-generictest" storage="c:\agt6\_work\6\a\api\environment\regapiautomation\testdata\codimport\codimport@uploadcodimportfile-generictest.generictest" id="a4191621-3702-4ec5-b19a-3a79fe48ac3e">
      <Execution id="24d832b4-d68a-459f-9f9b-562f4928d9df" parentId="0aa10d23-c6b5-41a2-8b63-3c5a944bba37" />
      <TestMethod codeBase="c:\agt6\_work\6\a\api\environment\regapiautomation\testdata\codimport\codimport@uploadcodimportfile-generictest.generictest" adapterTypeName="executor://orderedtestadapter/v1" className="c:\agt6\_work\6\a\api\environment\regapiautomation\testdata\codimport\codimport@uploadcodimportfile-generictest" name="codimport@uploadcodimportfile-generictest" />
    </UnitTest>
    <UnitTest name="prereq-fisap-datacorrection@resolvedep-20_21-createstudent-generictest" storage="c:\agt6\_work\6\a\api\environment\regapiautomation\testdata\fisap-datacorrection\prereq-resolvedep-20_21\prereq-fisap-datacorrection@resolvedep-20_21-createstudent-generictest.generictest" id="563dd27b-260f-468b-8f1b-b6ee2910c62a">
      <Execution id="e79e2dd1-52ff-47bf-93b2-d52f43e5e817" parentId="8b6a38b1-0ae6-4efa-8ba5-636ed1a71512" />
      <TestMethod codeBase="c:\agt6\_work\6\a\api\environment\regapiautomation\testdata\fisap-datacorrection\prereq-resolvedep-20_21\prereq-fisap-datacorrection@resolvedep-20_21-createstudent-generictest.generictest" adapterTypeName="executor://orderedtestadapter/v1" className="c:\agt6\_work\6\a\api\environment\regapiautomation\testdata\fisap-datacorrection\prereq-resolvedep-20_21\prereq-fisap-datacorrection@resolvedep-20_21-createstudent-generictest" name="prereq-fisap-datacorrection@resolvedep-20_21-createstudent-generictest" />
    </UnitTest>
    <UnitTest name="prereq-collegefinanceplan-student@saved-grad-all-21_22-updatebudgetforacademicyearforpackaging-generictest" storage="c:\agt6\_work\6\a\api\environment\regapiautomation\testdata\shoppingsheets\prereq-student-saved-grad-all-21_22\prereq-collegefinanceplan-student@saved-grad-all-21_22-updatebudgetforacademicyearforpackaging-generictest.generictest" id="e1204454-f111-420f-9994-8229d7f3a43f">
      <Execution id="bd173d5d-11b7-4eb5-b5e7-72d1d7a1994e" parentId="4ff42948-cea1-4315-ab09-f05635d83582" />
      <TestMethod codeBase="c:\agt6\_work\6\a\api\environment\regapiautomation\testdata\shoppingsheets\prereq-student-saved-grad-all-21_22\prereq-collegefinanceplan-student@saved-grad-all-21_22-updatebudgetforacademicyearforpackaging-generictest.generictest" adapterTypeName="executor://orderedtestadapter/v1" className="c:\agt6\_work\6\a\api\environment\regapiautomation\testdata\shoppingsheets\prereq-student-saved-grad-all-21_22\prereq-collegefinanceplan-student@saved-grad-all-21_22-updatebudgetforacademicyearforpackaging-generictest" name="prereq-collegefinanceplan-student@saved-grad-all-21_22-updatebudgetforacademicyearforpackaging-generictest" />
    </UnitTest>
    <UnitTest name="prereq-collegefinanceplan@grad-all-print-21_22-updatebudgetforacademicyearforpackaging-generictest" storage="c:\agt6\_work\6\a\api\environment\regapiautomation\testdata\shoppingsheets\prereq-student-grad-all-print-21_22\prereq-collegefinanceplan@grad-all-print-21_22-updatebudgetforacademicyearforpackaging-generictest.generictest" id="e1204454-f111-420f-9994-8229d7f3a43d">
      <Execution id="16d91ef2-85ed-42e8-b889-4fe12f2126ab" parentId="9d633ace-58cb-40e0-bb9b-d8b00dd4fdd9" />
      <TestMethod codeBase="c:\agt6\_work\6\a\api\environment\regapiautomation\testdata\shoppingsheets\prereq-student-grad-all-print-21_22\prereq-collegefinanceplan@grad-all-print-21_22-updatebudgetforacademicyearforpackaging-generictest.generictest" adapterTypeName="executor://orderedtestadapter/v1" className="c:\agt6\_work\6\a\api\environment\regapiautomation\testdata\shoppingsheets\prereq-student-grad-all-print-21_22\prereq-collegefinanceplan@grad-all-print-21_22-updatebudgetforacademicyearforpackaging-generictest" name="prereq-collegefinanceplan@grad-all-print-21_22-updatebudgetforacademicyearforpackaging-generictest" />
    </UnitTest>
    <UnitTest name="prereq-fisap-datacorrection@noclasses-19_20-postpaymentledgercard-generictest" storage="c:\agt6\_work\6\a\api\environment\regapiautomation\testdata\fisap-datacorrection\prereq-noclasses-19_20\prereq-fisap-datacorrection@noclasses-19_20-postpaymentledgercard-generictest.generictest" id="0fa2b87f-a0c3-4a23-aa8e-3bf72799a0c9">
      <Execution id="bf4c224a-129a-4c7f-a005-9f49aa3ad736" parentId="6ee7da16-d39c-4948-b9eb-4981a8ea6714" />
      <TestMethod codeBase="c:\agt6\_work\6\a\api\environment\regapiautomation\testdata\fisap-datacorrection\prereq-noclasses-19_20\prereq-fisap-datacorrection@noclasses-19_20-postpaymentledgercard-generictest.generictest" adapterTypeName="executor://orderedtestadapter/v1" className="c:\agt6\_work\6\a\api\environment\regapiautomation\testdata\fisap-datacorrection\prereq-noclasses-19_20\prereq-fisap-datacorrection@noclasses-19_20-postpaymentledgercard-generictest" name="prereq-fisap-datacorrection@noclasses-19_20-postpaymentledgercard-generictest" />
    </UnitTest>
    <UnitTest name="prereq-codexport@create-grantdatarequest-multi-o-all-21_22-updatebudgetforacademicyearforpackaging" storage="c:\agt6\_work\6\a\api\environment\regapiautomation\testdata\codexport\prereq-create-grantdatarequest-multi-o-all-21_22\prereq-codexport@create-grantdatarequest-multi-o-all-21_22-updatebudgetforacademicyearforpackaging.generictest" id="e1204454-f111-420f-9994-8229d7f3a430">
      <Execution id="18658900-b48c-4c89-990f-77ffa01419b1" parentId="5adf10be-2ed4-4786-b2e1-ba1b0140d2e0" />
      <TestMethod codeBase="c:\agt6\_work\6\a\api\environment\regapiautomation\testdata\codexport\prereq-create-grantdatarequest-multi-o-all-21_22\prereq-codexport@create-grantdatarequest-multi-o-all-21_22-updatebudgetforacademicyearforpackaging.generictest" adapterTypeName="executor://orderedtestadapter/v1" className="c:\agt6\_work\6\a\api\environment\regapiautomation\testdata\codexport\prereq-create-grantdatarequest-multi-o-all-21_22\prereq-codexport@create-grantdatarequest-multi-o-all-21_22-updatebudgetforacademicyearforpackaging" name="prereq-codexport@create-grantdatarequest-multi-o-all-21_22-updatebudgetforacademicyearforpackaging" />
    </UnitTest>
    <OrderedTest name="OT-05A-CODExceptions-Resolve-21_22" storage="c:\agt6\_work\6\a\api\orderedtest\ot-05a-codexceptions-resolve-21_22.orderedtest" id="b6e695ed-1085-442c-8394-ffc77e1a59da">
      <Execution id="ac0cbf78-2e81-457a-b65b-fdc11e34bc33" />
      <TestLinks>
        <TestLink id="199cf613-8fcc-4ff8-b330-6fea857f4618" name="prereq-cod-exceptions@hp-resolve-award-bn-21_22-createstudent-generictest" storage="c:\agt6\_work\6\a\api\environment\regapiautomation\testdata\codexceptions\prereq-21_22\prereq-cod-exceptions@hp-resolve-award-bn-21_22-createstudent-generictest.generictest" />
        <TestLink id="5aa87472-099e-4d13-b713-c555c492ff44" name="prereq-cod-exceptions@hp-resolve-award-bn-21_22-importisir-generictest" storage="c:\agt6\_work\6\a\api\environment\regapiautomation\testdata\codexceptions\prereq-21_22\prereq-cod-exceptions@hp-resolve-award-bn-21_22-importisir-generictest.generictest" />
        <TestLink id="7366db68-50a7-488c-8cd3-0a98cc393e1e" name="prereq-cod-exceptions@hp-resolve-award-bn-21_22-enrollstudent-generictest" storage="c:\agt6\_work\6\a\api\environment\regapiautomation\testdata\codexceptions\prereq-21_22\prereq-cod-exceptions@hp-resolve-award-bn-21_22-enrollstudent-generictest.generictest" />
        <TestLink id="c94ddd41-e29e-4551-9b89-f5ad63ea50ff" name="prereq-cod-exceptions@hp-resolve-award-bn-21_22-updatebudgetforacademicyearforpackaging-generictest" storage="c:\agt6\_work\6\a\api\environment\regapiautomation\testdata\codexceptions\prereq-21_22\prereq-cod-exceptions@hp-resolve-award-bn-21_22-updatebudgetforacademicyearforpackaging-generictest.generictest" />
        <TestLink id="079e1f06-06c6-4170-866f-3945f425a914" name="prereq-cod-exceptions@hp-resolve-award-bn-21_22-codimport-generictest" storage="c:\agt6\_work\6\a\api\environment\regapiautomation\testdata\codexceptions\prereq-21_22\prereq-cod-exceptions@hp-resolve-award-bn-21_22-codimport-generictest.generictest" />
        <TestLink id="d76b35fd-cc5a-4266-a416-2e375d280f76" name="codexceptions@hp-resolve-award-bn-first-21_22-generictest" storage="c:\agt6\_work\6\a\api\environment\regapiautomation\testdata\codexceptions\codexceptions@hp-resolve-award-bn-first-21_22-generictest.generictest" />
        <TestLink id="1f38c856-c574-465c-b9a0-d18316761b8f" name="prereq-cod-exceptions@hp-resolve-award-bn-21_22-awardloanforpackaging-generictest" storage="c:\agt6\_work\6\a\api\environment\regapiautomation\testdata\codexceptions\prereq-21_22\prereq-cod-exceptions@hp-resolve-award-bn-21_22-awardloanforpackaging-generictest.generictest" />
        <TestLink id="2b551c37-c223-4e21-87ba-3ce7e9d16af5" name="codexceptions@hp-resolve-award-bn-second-21_22-generictest" storage="c:\agt6\_work\6\a\api\environment\regapiautomation\testdata\codexceptions\codexceptions@hp-resolve-award-bn-second-21_22-generictest.generictest" />
      </TestLinks>
    </OrderedTest>
    <UnitTest name="prereq-codexport@regenerate-21_22-updatebudgetforacademicyearforpackaging-generictest" storage="c:\agt6\_work\6\a\api\environment\regapiautomation\testdata\codexport\prereq-regenerate-21_22\prereq-codexport@regenerate-21_22-updatebudgetforacademicyearforpackaging-generictest.generictest" id="e1204454-f111-420f-9994-8229d7f3a42f">
      <Execution id="2ee197eb-0c00-47b0-8fab-2036eaa5e3d8" parentId="5a8771e7-72c5-465b-b762-48c7991620d1" />
      <TestMethod codeBase="c:\agt6\_work\6\a\api\environment\regapiautomation\testdata\codexport\prereq-regenerate-21_22\prereq-codexport@regenerate-21_22-updatebudgetforacademicyearforpackaging-generictest.generictest" adapterTypeName="executor://orderedtestadapter/v1" className="c:\agt6\_work\6\a\api\environment\regapiautomation\testdata\codexport\prereq-regenerate-21_22\prereq-codexport@regenerate-21_22-updatebudgetforacademicyearforpackaging-generictest" name="prereq-codexport@regenerate-21_22-updatebudgetforacademicyearforpackaging-generictest" />
    </UnitTest>
    <UnitTest name="prereq-codexport@loans-grants-21_22-updatebudgetforacademicyearforpackaging-generictest" storage="c:\agt6\_work\6\a\api\environment\regapiautomation\testdata\codexport\prereq-loans-grants-21_22\prereq-codexport@loans-grants-21_22-updatebudgetforacademicyearforpackaging-generictest.generictest" id="e1204454-f111-420f-9994-8229d7f3a42d">
      <Execution id="af763d93-6435-47f1-8e69-681ec93f7165" parentId="300b7aae-6fa8-43f0-b94e-28f948bd5c45" />
      <TestMethod codeBase="c:\agt6\_work\6\a\api\environment\regapiautomation\testdata\codexport\prereq-loans-grants-21_22\prereq-codexport@loans-grants-21_22-updatebudgetforacademicyearforpackaging-generictest.generictest" adapterTypeName="executor://orderedtestadapter/v1" className="c:\agt6\_work\6\a\api\environment\regapiautomation\testdata\codexport\prereq-loans-grants-21_22\prereq-codexport@loans-grants-21_22-updatebudgetforacademicyearforpackaging-generictest" name="prereq-codexport@loans-grants-21_22-updatebudgetforacademicyearforpackaging-generictest" />
    </UnitTest>
    <UnitTest name="prereq-clearinghouse-export@hp-export-calculateenrollment-2-generictest" storage="c:\agt6\_work\6\a\api\environment\regapiautomation\testdata\clearinghouseexport\prereq\prereq-clearinghouse-export@hp-export-calculateenrollment-2-generictest.generictest" id="15f2bab0-2b9f-444e-a20c-8d630b66544c">
      <Execution id="2ead5dea-2342-414e-96f3-78dd2d9d8161" parentId="9333d4d9-6198-463e-a6dd-a3a4c0a7a69f" />
      <TestMethod codeBase="c:\agt6\_work\6\a\api\environment\regapiautomation\testdata\clearinghouseexport\prereq\prereq-clearinghouse-export@hp-export-calculateenrollment-2-generictest.generictest" adapterTypeName="executor://orderedtestadapter/v1" className="c:\agt6\_work\6\a\api\environment\regapiautomation\testdata\clearinghouseexport\prereq\prereq-clearinghouse-export@hp-export-calculateenrollment-2-generictest" name="prereq-clearinghouse-export@hp-export-calculateenrollment-2-generictest" />
    </UnitTest>
    <UnitTest name="prereq-clearinghouse-export@hp-export-calculateenrollment-generictest" storage="c:\agt6\_work\6\a\api\environment\regapiautomation\testdata\clearinghouseexport\prereq\prereq-clearinghouse-export@hp-export-calculateenrollment-generictest.generictest" id="15f2bab0-2b9f-444e-a20c-8d630b66544b">
      <Execution id="de954e96-8c15-4416-a5ed-282fd403f3d5" parentId="9333d4d9-6198-463e-a6dd-a3a4c0a7a69f" />
      <TestMethod codeBase="c:\agt6\_work\6\a\api\environment\regapiautomation\testdata\clearinghouseexport\prereq\prereq-clearinghouse-export@hp-export-calculateenrollment-generictest.generictest" adapterTypeName="executor://orderedtestadapter/v1" className="c:\agt6\_work\6\a\api\environment\regapiautomation\testdata\clearinghouseexport\prereq\prereq-clearinghouse-export@hp-export-calculateenrollment-generictest" name="prereq-clearinghouse-export@hp-export-calculateenrollment-generictest" />
    </UnitTest>
    <OrderedTest name="OT-03-ApplicationData" storage="c:\agt6\_work\6\a\api\orderedtest\ot-03-applicationdata.orderedtest" id="4bddafc3-42b0-47f6-a4ad-ffd3be942adf">
      <Execution id="92fbcfba-5685-4e4b-8f67-33d137838fd8" />
      <TestLinks>
        <TestLink id="4e6977cc-53c6-47a6-aa3d-6c026d142d77" name="prereq-appproc-appdata-export@hp-corrections-generictest" storage="c:\agt6\_work\6\a\api\environment\regapiautomation\testdata\applicationdata\export\prereq\prereq-appproc-appdata-export@hp-corrections-generictest.generictest" />
        <TestLink id="280f9537-8896-4bf9-924c-b1f356a48e20" name="appproc-appdata-export@hp-corrections-generictest" storage="c:\agt6\_work\6\a\api\environment\regapiautomation\testdata\applicationdata\export\appproc-appdata-export@hp-corrections-generictest.generictest" />
      </TestLinks>
    </OrderedTest>
    <UnitTest name="prereq-codexport@hp-enrollstudent-generictest" storage="c:\agt6\_work\6\a\api\environment\regapiautomation\testdata\codexport\prereq\prereq-codexport@hp-enrollstudent-generictest.generictest" id="4cbcae0a-1441-4253-a921-b7b544aa1fe7">
      <Execution id="89177c2c-fc27-4c2d-bc47-d0b22539e8e2" parentId="0889c9ce-a452-472a-a370-bce8c5448207" />
      <TestMethod codeBase="c:\agt6\_work\6\a\api\environment\regapiautomation\testdata\codexport\prereq\prereq-codexport@hp-enrollstudent-generictest.generictest" adapterTypeName="executor://orderedtestadapter/v1" className="c:\agt6\_work\6\a\api\environment\regapiautomation\testdata\codexport\prereq\prereq-codexport@hp-enrollstudent-generictest" name="prereq-codexport@hp-enrollstudent-generictest" />
    </UnitTest>
    <UnitTest name="prereq-fisap-datacorrection@report-summary-20_21-createstudent-generictest" storage="c:\agt6\_work\6\a\api\environment\regapiautomation\testdata\fisap-datacorrection\prereq-report-summary-20_21\prereq-fisap-datacorrection@report-summary-20_21-createstudent-generictest.generictest" id="d32d3f3f-280b-4202-8d4c-c78166ee8969">
      <Execution id="69df16b5-e672-45db-941f-4bfdb0b4d081" parentId="697f4704-c9e2-4f19-8fbf-e152e9f52a64" />
      <TestMethod codeBase="c:\agt6\_work\6\a\api\environment\regapiautomation\testdata\fisap-datacorrection\prereq-report-summary-20_21\prereq-fisap-datacorrection@report-summary-20_21-createstudent-generictest.generictest" adapterTypeName="executor://orderedtestadapter/v1" className="c:\agt6\_work\6\a\api\environment\regapiautomation\testdata\fisap-datacorrection\prereq-report-summary-20_21\prereq-fisap-datacorrection@report-summary-20_21-createstudent-generictest" name="prereq-fisap-datacorrection@report-summary-20_21-createstudent-generictest" />
    </UnitTest>
    <OrderedTest name="OT-01B-CODExport.OriginationsOnly-21_22" storage="c:\agt6\_work\6\a\api\orderedtest\ot-01b-codexport.originationsonly-21_22.orderedtest" id="3dd863d0-8059-47c6-8b65-3e0e180a9f3f">
      <Execution id="dd65fd67-5067-44cd-8850-842e53274555" />
      <TestLinks>
        <TestLink id="93a25dc8-cdd6-4bc3-88de-e9c5c84c7a15" name="prereq-codexport@hp-originationsonly-21_22-createstudent-generictest" storage="c:\agt6\_work\6\a\api\environment\regapiautomation\testdata\codexport\prereq-originationsonly-21_22\prereq-codexport@hp-originationsonly-21_22-createstudent-generictest.generictest" />
        <TestLink id="64499c42-73f4-4e1c-bdd8-5b434a1bb134" name="prereq-codexport@hp-originationsonly-21_22-importisir-generictest" storage="c:\agt6\_work\6\a\api\environment\regapiautomation\testdata\codexport\prereq-originationsonly-21_22\prereq-codexport@hp-originationsonly-21_22-importisir-generictest.generictest" />
        <TestLink id="826073cb-14af-4c3b-9fe4-e896995006a1" name="prereq-codexport@hp-originationsonly-21_22-enrollstudent-generictest" storage="c:\agt6\_work\6\a\api\environment\regapiautomation\testdata\codexport\prereq-originationsonly-21_22\prereq-codexport@hp-originationsonly-21_22-enrollstudent-generictest.generictest" />
        <TestLink id="e8002457-e01c-4be1-80a9-0b7e84f13ad7" name="prereq-codexport@hp-originationsonly-21_22-updatebudgetforacademicyearforpackaging-generictest" storage="c:\agt6\_work\6\a\api\environment\regapiautomation\testdata\codexport\prereq-originationsonly-21_22\prereq-codexport@hp-originationsonly-21_22-updatebudgetforacademicyearforpackaging-generictest.generictest" />
        <TestLink id="7ececbe8-2723-4b31-80da-89de65355cda" name="prereq-codexport@hp-originationsonly-21_22-awardgrantorloanforpackaging-generictest" storage="c:\agt6\_work\6\a\api\environment\regapiautomation\testdata\codexport\prereq-originationsonly-21_22\prereq-codexport@hp-originationsonly-21_22-awardgrantorloanforpackaging-generictest.generictest" />
        <TestLink id="3b3d7741-765b-4437-a316-46c0b0bb2326" name="cod-export@hp-originationsonly-21_22-export-generictest" storage="c:\agt6\_work\6\a\api\environment\regapiautomation\testdata\codexport\cod-export@hp-originationsonly-21_22-export-generictest.generictest" />
      </TestLinks>
    </OrderedTest>
    <OrderedTest name="OT-12A-StudentIsir.CommentCodes" storage="c:\agt6\_work\6\a\api\orderedtest\ot-12a-studentisir.commentcodes.orderedtest" id="c8bd5f81-3e8b-4824-93b1-e391145cad90">
      <Execution id="c1f03321-246f-45ca-a322-ee983c9ec60f" />
      <TestLinks>
        <TestLink id="9a123e0d-57dd-4bf9-b2a2-398899265600" name="prereq-appproc-studentisir-verify@hp-acceptasverified-generictest" storage="c:\agt6\_work\6\a\api\environment\regapiautomation\testdata\studentisir\prereq\prereq-appproc-studentisir-verify@hp-acceptasverified-generictest.generictest" />
        <TestLink id="2bd7af7e-166b-4f34-9582-ab21df05fe95" name="appproc-studentisir-view@hp-commentcodes-generictest" storage="c:\agt6\_work\6\a\api\environment\regapiautomation\testdata\studentisir\appproc-studentisir-view@hp-commentcodes-generictest.generictest" />
      </TestLinks>
    </OrderedTest>
    <OrderedTest name="OT-10O-CollegeFinancePlan-Program-Undergrad-All-Print-21_22" storage="c:\agt6\_work\6\a\api\orderedtest\ot-10o-collegefinanceplan-program-undergrad-all-print-21_22.orderedtest" id="7a906a63-5a73-4362-841a-b07b2853aa7e">
      <Execution id="7670e30d-3149-4f02-a0dc-2f6a8671af79" />
      <TestLinks>
        <TestLink id="41ba4c58-9882-4cd2-8bc0-ff67deca74e3" name="shoppingsheets-program@undergrad-all-print-21_22-generictest" storage="c:\agt6\_work\6\a\api\environment\regapiautomation\testdata\shoppingsheets\shoppingsheets-program@undergrad-all-print-21_22-generictest.generictest" />
      </TestLinks>
    </OrderedTest>
    <UnitTest name="prereq-fisap-datacorrection@report-variance-20_21-enrollstudent-generictest" storage="c:\agt6\_work\6\a\api\environment\regapiautomation\testdata\fisap-datacorrection\prereq-report-variance-20_21\prereq-fisap-datacorrection@report-variance-20_21-enrollstudent-generictest.generictest" id="0f69dc41-3f15-4370-94c0-1f92fa210416">
      <Execution id="a50f04f5-08fa-4e46-9404-6db19fe54643" parentId="f9a3d65a-5cb6-438b-af3f-330a9ebc816d" />
      <TestMethod codeBase="c:\agt6\_work\6\a\api\environment\regapiautomation\testdata\fisap-datacorrection\prereq-report-variance-20_21\prereq-fisap-datacorrection@report-variance-20_21-enrollstudent-generictest.generictest" adapterTypeName="executor://orderedtestadapter/v1" className="c:\agt6\_work\6\a\api\environment\regapiautomation\testdata\fisap-datacorrection\prereq-report-variance-20_21\prereq-fisap-datacorrection@report-variance-20_21-enrollstudent-generictest" name="prereq-fisap-datacorrection@report-variance-20_21-enrollstudent-generictest" />
    </UnitTest>
    <UnitTest name="prereq-fisap-datacorrection@report-summary-19_20-seteffectivedate-generictest" storage="c:\agt6\_work\6\a\api\environment\regapiautomation\testdata\fisap-datacorrection\prereq-report-summary-19_20\prereq-fisap-datacorrection@report-summary-19_20-seteffectivedate-generictest.generictest" id="a018bada-4ad0-4238-a6af-c70ca94cbc9a">
      <Execution id="52c7284d-6dc4-427a-b072-f412c912f9d6" parentId="aa45d248-d3be-4714-80a6-d8b03b78f18a" />
      <TestMethod codeBase="c:\agt6\_work\6\a\api\environment\regapiautomation\testdata\fisap-datacorrection\prereq-report-summary-19_20\prereq-fisap-datacorrection@report-summary-19_20-seteffectivedate-generictest.generictest" adapterTypeName="executor://orderedtestadapter/v1" className="c:\agt6\_work\6\a\api\environment\regapiautomation\testdata\fisap-datacorrection\prereq-report-summary-19_20\prereq-fisap-datacorrection@report-summary-19_20-seteffectivedate-generictest" name="prereq-fisap-datacorrection@report-summary-19_20-seteffectivedate-generictest" />
    </UnitTest>
  </TestDefinitions>
  <TestEntries>
    <TestEntry testId="c916afc0-4642-48a1-9bd4-16a1b4aac04f" executionId="eb28ea9c-5bb6-414b-8cfe-50da0bf2c3d3" testListId="8c84fa94-04c1-424b-9868-57a2d4851a1d">
      <TestEntries>
        <TestEntry testId="768ec9a5-a95d-4b12-aba1-b637d9ab462a" executionId="dd55fa00-a782-4195-b8eb-eaeaf702848f" parentExecutionId="eb28ea9c-5bb6-414b-8cfe-50da0bf2c3d3" testListId="8c84fa94-04c1-424b-9868-57a2d4851a1d" />
        <TestEntry testId="6850bb59-81ed-46b8-8b22-9e36dea744f8" executionId="fff06fad-e0b4-4592-b3de-ed114067b5da" parentExecutionId="eb28ea9c-5bb6-414b-8cfe-50da0bf2c3d3" testListId="8c84fa94-04c1-424b-9868-57a2d4851a1d" />
        <TestEntry testId="cafbfd80-4149-40e6-8b08-aac70bc3c7f8" executionId="b4fb0b5f-85f1-4843-afb3-ca0b9c673443" parentExecutionId="eb28ea9c-5bb6-414b-8cfe-50da0bf2c3d3" testListId="8c84fa94-04c1-424b-9868-57a2d4851a1d" />
        <TestEntry testId="0cd6de74-1be3-4054-8a82-3b01f88588b2" executionId="b2b6fb53-6533-4db1-86be-f1d9113b8039" parentExecutionId="eb28ea9c-5bb6-414b-8cfe-50da0bf2c3d3" testListId="8c84fa94-04c1-424b-9868-57a2d4851a1d" />
        <TestEntry testId="efb1ad48-d093-442e-b5e5-d71193fee412" executionId="5b8a508a-1943-4db6-8b4d-8694e1d3f8d0" parentExecutionId="eb28ea9c-5bb6-414b-8cfe-50da0bf2c3d3" testListId="8c84fa94-04c1-424b-9868-57a2d4851a1d" />
      </TestEntries>
    </TestEntry>
    <TestEntry testId="654d5d4c-cfba-4e84-82a8-b6849b36e60b" executionId="92c277e4-69b2-4643-88f6-7d6d221107a3" testListId="8c84fa94-04c1-424b-9868-57a2d4851a1d">
      <TestEntries>
        <TestEntry testId="0eae1b98-54a3-47a3-8254-c307991db850" executionId="0cf36ab0-3d66-40ee-a391-c21f380adb4b" parentExecutionId="92c277e4-69b2-4643-88f6-7d6d221107a3" testListId="8c84fa94-04c1-424b-9868-57a2d4851a1d" />
        <TestEntry testId="b69c1963-70e4-4759-9f98-e185892c0bd9" executionId="9ee49bec-f759-433e-b2f9-f1eb4baea1e2" parentExecutionId="92c277e4-69b2-4643-88f6-7d6d221107a3" testListId="8c84fa94-04c1-424b-9868-57a2d4851a1d" />
      </TestEntries>
    </TestEntry>
    <TestEntry testId="20e8c348-5bbf-4880-a147-dbcd16fa467a" executionId="8971dc7e-2b15-41da-8713-87a8ed9cc069" testListId="8c84fa94-04c1-424b-9868-57a2d4851a1d">
      <TestEntries>
        <TestEntry testId="43285357-7831-4013-9eb6-f5a372e723cc" executionId="42c5669d-c9c2-46b9-b769-f48b2bd37da4" parentExecutionId="8971dc7e-2b15-41da-8713-87a8ed9cc069" testListId="8c84fa94-04c1-424b-9868-57a2d4851a1d" />
        <TestEntry testId="9c22ca16-deaf-4302-b19a-e8ad13215312" executionId="d0a892e2-690d-4fc5-90ac-69bed0506fdd" parentExecutionId="8971dc7e-2b15-41da-8713-87a8ed9cc069" testListId="8c84fa94-04c1-424b-9868-57a2d4851a1d" />
      </TestEntries>
    </TestEntry>
    <TestEntry testId="85b526cd-12e5-4fe4-bc7a-986fbd221b89" executionId="b76deeda-7a4f-4611-b3f9-e8f5ad920870" testListId="8c84fa94-04c1-424b-9868-57a2d4851a1d">
      <TestEntries>
        <TestEntry testId="a096ec06-228f-4546-922d-39019dcf22f9" executionId="609bf747-efe2-4eb0-a03d-e3cf127e291a" parentExecutionId="b76deeda-7a4f-4611-b3f9-e8f5ad920870" testListId="8c84fa94-04c1-424b-9868-57a2d4851a1d" />
        <TestEntry testId="0012cd8d-32a2-4770-98dc-0d510c041228" executionId="fe47b40a-0464-4ffd-bdff-39fe49e47151" parentExecutionId="b76deeda-7a4f-4611-b3f9-e8f5ad920870" testListId="8c84fa94-04c1-424b-9868-57a2d4851a1d" />
        <TestEntry testId="c927b025-03e7-4dd4-8f57-769c9dd30832" executionId="4ef1a3d5-a14e-4983-a8ba-b1e343cd88ef" parentExecutionId="b76deeda-7a4f-4611-b3f9-e8f5ad920870" testListId="8c84fa94-04c1-424b-9868-57a2d4851a1d" />
        <TestEntry testId="339fd6fa-7d50-4119-b4e8-7173b431a7bf" executionId="8d83bc02-f074-4232-b7ab-ec74042b44ee" parentExecutionId="b76deeda-7a4f-4611-b3f9-e8f5ad920870" testListId="8c84fa94-04c1-424b-9868-57a2d4851a1d" />
        <TestEntry testId="1609dac3-1c26-435a-a78f-35e300ce9b89" executionId="2f60ebf5-93f5-44e3-b5ff-a11dcf0f6350" parentExecutionId="b76deeda-7a4f-4611-b3f9-e8f5ad920870" testListId="8c84fa94-04c1-424b-9868-57a2d4851a1d" />
        <TestEntry testId="567d8946-fb1d-4f41-970d-7b52bfb514a7" executionId="918fd09f-2736-4313-bfb7-5ac6766fbad1" parentExecutionId="b76deeda-7a4f-4611-b3f9-e8f5ad920870" testListId="8c84fa94-04c1-424b-9868-57a2d4851a1d" />
        <TestEntry testId="a13e5944-1357-4d8d-ac4e-c40b30fab4b1" executionId="0b57ebb8-fdb0-4cfb-9d0e-4cee1fb4cc9a" parentExecutionId="b76deeda-7a4f-4611-b3f9-e8f5ad920870" testListId="8c84fa94-04c1-424b-9868-57a2d4851a1d" />
        <TestEntry testId="ad9f75c1-a13a-4811-be3f-451257ab6f48" executionId="7006f32e-dc7f-4c09-9a5e-e93eb801caed" parentExecutionId="b76deeda-7a4f-4611-b3f9-e8f5ad920870" testListId="8c84fa94-04c1-424b-9868-57a2d4851a1d" />
      </TestEntries>
    </TestEntry>
    <TestEntry testId="7d4f2c0d-3435-45ce-b99a-52e0ab9993ca" executionId="974e42be-1ae7-4083-84f3-e5188d755a0a" testListId="8c84fa94-04c1-424b-9868-57a2d4851a1d">
      <TestEntries>
        <TestEntry testId="0aa578d9-bc2c-470d-a461-bf598e90dff9" executionId="20c78432-8bb0-40b2-8ff8-f0f96ef2eac1" parentExecutionId="974e42be-1ae7-4083-84f3-e5188d755a0a" testListId="8c84fa94-04c1-424b-9868-57a2d4851a1d" />
        <TestEntry testId="2c19ee7c-2698-4094-9b8d-edd24316d584" executionId="0bfceb71-921f-48dd-a6f5-103d0cb9ac1d" parentExecutionId="974e42be-1ae7-4083-84f3-e5188d755a0a" testListId="8c84fa94-04c1-424b-9868-57a2d4851a1d" />
        <TestEntry testId="fe3e2930-c4c6-4b83-bfb9-fdc9b43f91c9" executionId="a45ecb23-5b78-4eb2-ab48-20d79f11c53f" parentExecutionId="974e42be-1ae7-4083-84f3-e5188d755a0a" testListId="8c84fa94-04c1-424b-9868-57a2d4851a1d" />
        <TestEntry testId="00c6da6d-e2ae-4a20-bb21-b7d86d96c8a0" executionId="ae07ddb5-68b7-4fa1-a3a1-249d66c53b14" parentExecutionId="974e42be-1ae7-4083-84f3-e5188d755a0a" testListId="8c84fa94-04c1-424b-9868-57a2d4851a1d" />
        <TestEntry testId="9e54c607-ccc8-4e47-ab0d-69f64fbecf39" executionId="75732307-b420-47f7-b688-48eb4a5ddedd" parentExecutionId="974e42be-1ae7-4083-84f3-e5188d755a0a" testListId="8c84fa94-04c1-424b-9868-57a2d4851a1d" />
        <TestEntry testId="c0dd9809-5a51-46c8-8fd4-7daa8e835800" executionId="b037d37a-13ec-444e-aa56-1ca45b3a7f0e" parentExecutionId="974e42be-1ae7-4083-84f3-e5188d755a0a" testListId="8c84fa94-04c1-424b-9868-57a2d4851a1d" />
        <TestEntry testId="68ca004c-8929-4dbc-acf9-b573475e98b8" executionId="5e969b5b-b3ff-41ab-ba9d-1755cd02b9e0" parentExecutionId="974e42be-1ae7-4083-84f3-e5188d755a0a" testListId="8c84fa94-04c1-424b-9868-57a2d4851a1d" />
        <TestEntry testId="b91a9c97-0371-46f7-a3d2-53fdec1cba84" executionId="ef4be94f-da27-4541-8da3-cc97ac0a695f" parentExecutionId="974e42be-1ae7-4083-84f3-e5188d755a0a" testListId="8c84fa94-04c1-424b-9868-57a2d4851a1d" />
        <TestEntry testId="e306d73b-4c4c-48fc-a107-9896ce4977e7" executionId="53bd322a-2b09-4824-a3c8-424f19d4dddd" parentExecutionId="974e42be-1ae7-4083-84f3-e5188d755a0a" testListId="8c84fa94-04c1-424b-9868-57a2d4851a1d" />
      </TestEntries>
    </TestEntry>
    <TestEntry testId="ac5324bd-9fa6-4772-a033-0f1f648fc28d" executionId="28a2e2c4-c47f-4020-84de-4df230717c3e" testListId="8c84fa94-04c1-424b-9868-57a2d4851a1d">
      <TestEntries>
        <TestEntry testId="b4a1300b-0eb7-4c19-99c7-95b321295b6a" executionId="ebb39123-73f3-417a-af95-bc93664179a9" parentExecutionId="28a2e2c4-c47f-4020-84de-4df230717c3e" testListId="8c84fa94-04c1-424b-9868-57a2d4851a1d" />
      </TestEntries>
    </TestEntry>
    <TestEntry testId="487b3cf8-d5f2-49ae-ae83-e168d6df4d49" executionId="38aa47f8-e95b-41ae-b249-c170209fe184" testListId="8c84fa94-04c1-424b-9868-57a2d4851a1d">
      <TestEntries>
        <TestEntry testId="8f501d3f-8637-4717-bfac-d9852c9f5473" executionId="13efff85-8af2-46b5-94f4-12a1223dac7f" parentExecutionId="38aa47f8-e95b-41ae-b249-c170209fe184" testListId="8c84fa94-04c1-424b-9868-57a2d4851a1d" />
      </TestEntries>
    </TestEntry>
    <TestEntry testId="4cc018d6-9c36-4e05-ac7d-90edda63fc53" executionId="1dc9e166-d7ca-41ee-8d6c-b5317b4ce4f1" testListId="8c84fa94-04c1-424b-9868-57a2d4851a1d">
      <TestEntries>
        <TestEntry testId="7bd6ad64-70f9-4b50-8dab-f8cc34acede3" executionId="b0a3d578-7d7c-489a-9979-0f9c27d98752" parentExecutionId="1dc9e166-d7ca-41ee-8d6c-b5317b4ce4f1" testListId="8c84fa94-04c1-424b-9868-57a2d4851a1d" />
        <TestEntry testId="6db8057f-ae0e-42ee-bf8e-8f10bd04cf1c" executionId="f92410ab-e5a1-4708-b138-aa001d4baf04" parentExecutionId="1dc9e166-d7ca-41ee-8d6c-b5317b4ce4f1" testListId="8c84fa94-04c1-424b-9868-57a2d4851a1d" />
        <TestEntry testId="451322d8-1584-4c96-a4d2-cd83269d4dbb" executionId="62048f68-6f97-486d-9d06-1f28fc96b8ae" parentExecutionId="1dc9e166-d7ca-41ee-8d6c-b5317b4ce4f1" testListId="8c84fa94-04c1-424b-9868-57a2d4851a1d" />
      </TestEntries>
    </TestEntry>
    <TestEntry testId="80a407a7-80a5-4fa3-b671-e6947097256f" executionId="9454772b-7cb9-4724-9fd5-34814095d14b" testListId="8c84fa94-04c1-424b-9868-57a2d4851a1d">
      <TestEntries>
        <TestEntry testId="7321673c-0110-45ae-b2a4-2dd372fd326e" executionId="e5ec38f2-28e8-41b8-8e69-cf1c45ef5506" parentExecutionId="9454772b-7cb9-4724-9fd5-34814095d14b" testListId="8c84fa94-04c1-424b-9868-57a2d4851a1d" />
        <TestEntry testId="950ef0be-d626-49a3-8c3b-042d35c316ce" executionId="2b1d5cc4-14f9-44de-9397-6e852d1f7b73" parentExecutionId="9454772b-7cb9-4724-9fd5-34814095d14b" testListId="8c84fa94-04c1-424b-9868-57a2d4851a1d" />
        <TestEntry testId="58a90e70-8f6b-4af2-906e-32eb52517b05" executionId="c9ace802-a6d5-4d44-93bb-c94f43b246f1" parentExecutionId="9454772b-7cb9-4724-9fd5-34814095d14b" testListId="8c84fa94-04c1-424b-9868-57a2d4851a1d" />
        <TestEntry testId="fb03a231-8927-401d-a22b-e25aba1ee768" executionId="85e97141-6d38-4994-902c-46b10ca001d9" parentExecutionId="9454772b-7cb9-4724-9fd5-34814095d14b" testListId="8c84fa94-04c1-424b-9868-57a2d4851a1d" />
        <TestEntry testId="b3733122-39e2-4166-aca0-fee4ee3beb84" executionId="02894e11-9132-49bb-bffb-788120ebaacd" parentExecutionId="9454772b-7cb9-4724-9fd5-34814095d14b" testListId="8c84fa94-04c1-424b-9868-57a2d4851a1d" />
        <TestEntry testId="0d6f8b8f-6b3d-42c4-87f2-bf736ca40d57" executionId="01135e69-eb1d-4e13-b181-2b7b4a0bb83e" parentExecutionId="9454772b-7cb9-4724-9fd5-34814095d14b" testListId="8c84fa94-04c1-424b-9868-57a2d4851a1d" />
        <TestEntry testId="bbd9fe39-9995-4469-b41a-5e11cae359f1" executionId="d1a85401-8439-4c04-8bc7-6f927ba37b2c" parentExecutionId="9454772b-7cb9-4724-9fd5-34814095d14b" testListId="8c84fa94-04c1-424b-9868-57a2d4851a1d" />
        <TestEntry testId="7112a49a-6d01-4863-ac8c-7de38bc289d8" executionId="4832472f-5b8c-4fb9-b672-222c8587c575" parentExecutionId="9454772b-7cb9-4724-9fd5-34814095d14b" testListId="8c84fa94-04c1-424b-9868-57a2d4851a1d" />
        <TestEntry testId="3c19b3de-a2e8-4668-ad16-2224893c5e30" executionId="67c3b342-dbba-4f74-a94f-fe607c95d03e" parentExecutionId="9454772b-7cb9-4724-9fd5-34814095d14b" testListId="8c84fa94-04c1-424b-9868-57a2d4851a1d" />
        <TestEntry testId="624cb548-fe1d-42f0-b3d9-6ee763f29bd6" executionId="01ab9343-d08e-4c99-ae8b-b28f3ce937e7" parentExecutionId="9454772b-7cb9-4724-9fd5-34814095d14b" testListId="8c84fa94-04c1-424b-9868-57a2d4851a1d" />
      </TestEntries>
    </TestEntry>
    <TestEntry testId="0396ad18-b46a-46f2-ab6c-a46d223396d8" executionId="a9a1f5eb-8669-4a9c-b9ed-bbe09a2661a8" testListId="8c84fa94-04c1-424b-9868-57a2d4851a1d">
      <TestEntries>
        <TestEntry testId="4be213eb-38e9-4642-9fe9-6f2a66312bf1" executionId="f8ec6f2c-d2ec-4447-b1ce-56cece1b1b2e" parentExecutionId="a9a1f5eb-8669-4a9c-b9ed-bbe09a2661a8" testListId="8c84fa94-04c1-424b-9868-57a2d4851a1d" />
        <TestEntry testId="5a7ba8af-64ac-4683-bbeb-3309a6881135" executionId="fe1fc722-45f0-48c3-a129-e836aecb9304" parentExecutionId="a9a1f5eb-8669-4a9c-b9ed-bbe09a2661a8" testListId="8c84fa94-04c1-424b-9868-57a2d4851a1d" />
        <TestEntry testId="7fa200b2-8755-4cbd-9cc8-d5e46a1b6157" executionId="2999c44b-6933-41b2-98f9-ef7221f65294" parentExecutionId="a9a1f5eb-8669-4a9c-b9ed-bbe09a2661a8" testListId="8c84fa94-04c1-424b-9868-57a2d4851a1d" />
        <TestEntry testId="719b5654-a028-42a2-a85a-e27164bbd267" executionId="670f0aa0-58fb-406b-a45f-9b8fb9e889f5" parentExecutionId="a9a1f5eb-8669-4a9c-b9ed-bbe09a2661a8" testListId="8c84fa94-04c1-424b-9868-57a2d4851a1d" />
        <TestEntry testId="09d3debb-3c38-4d98-bf20-6b0285b7439b" executionId="9dd3eb50-133b-4f80-a3a8-1d3117ce34a7" parentExecutionId="a9a1f5eb-8669-4a9c-b9ed-bbe09a2661a8" testListId="8c84fa94-04c1-424b-9868-57a2d4851a1d" />
        <TestEntry testId="97753765-48b1-4500-81bd-3b365ddb9ce2" executionId="bf89003e-80b3-412b-a6c2-f25bde00f592" parentExecutionId="a9a1f5eb-8669-4a9c-b9ed-bbe09a2661a8" testListId="8c84fa94-04c1-424b-9868-57a2d4851a1d" />
        <TestEntry testId="91a264f9-31e7-40d3-a790-d1ceb1c67a16" executionId="033afe86-16fc-4682-bdd6-9c46b448ebf5" parentExecutionId="a9a1f5eb-8669-4a9c-b9ed-bbe09a2661a8" testListId="8c84fa94-04c1-424b-9868-57a2d4851a1d" />
      </TestEntries>
    </TestEntry>
    <TestEntry testId="7a906a63-5a73-4362-841a-b07b2853aa7e" executionId="7670e30d-3149-4f02-a0dc-2f6a8671af79" testListId="8c84fa94-04c1-424b-9868-57a2d4851a1d">
      <TestEntries>
        <TestEntry testId="41ba4c58-9882-4cd2-8bc0-ff67deca74e3" executionId="3a94a570-acef-4145-85f7-ca4e93585c79" parentExecutionId="7670e30d-3149-4f02-a0dc-2f6a8671af79" testListId="8c84fa94-04c1-424b-9868-57a2d4851a1d" />
      </TestEntries>
    </TestEntry>
    <TestEntry testId="0c12cc8e-40e0-4fa2-bc90-0faef29251ed" executionId="91a4ca53-10d7-4540-9086-eb88b81d36c6" testListId="8c84fa94-04c1-424b-9868-57a2d4851a1d">
      <TestEntries>
        <TestEntry testId="4d99aa95-b116-4b1c-a343-b04b4eb4ed1a" executionId="48e7362a-11d3-41b1-80c6-d48be01c8209" parentExecutionId="91a4ca53-10d7-4540-9086-eb88b81d36c6" testListId="8c84fa94-04c1-424b-9868-57a2d4851a1d" />
        <TestEntry testId="72003129-f343-4e78-b69f-e42e6301979b" executionId="74b7c0fe-8acb-480a-a94e-47764722def8" parentExecutionId="91a4ca53-10d7-4540-9086-eb88b81d36c6" testListId="8c84fa94-04c1-424b-9868-57a2d4851a1d" />
        <TestEntry testId="6aad2a67-77a0-4af9-82c1-c2bb090e1ee6" executionId="5456c4df-ae72-4704-b387-9e68575fa2b6" parentExecutionId="91a4ca53-10d7-4540-9086-eb88b81d36c6" testListId="8c84fa94-04c1-424b-9868-57a2d4851a1d" />
        <TestEntry testId="c63fff57-072b-468d-a1df-2ab8ef2b9019" executionId="551bde1a-2afb-4256-ae8c-a2c46ada3c5b" parentExecutionId="91a4ca53-10d7-4540-9086-eb88b81d36c6" testListId="8c84fa94-04c1-424b-9868-57a2d4851a1d" />
        <TestEntry testId="739c7cf0-023c-4896-93b7-9e061f43c3a6" executionId="ec3db067-7c31-4164-bd62-9191ffb6eaa2" parentExecutionId="91a4ca53-10d7-4540-9086-eb88b81d36c6" testListId="8c84fa94-04c1-424b-9868-57a2d4851a1d" />
        <TestEntry testId="69b96d07-cad0-45c9-9ea4-102e6fce2f1a" executionId="6aa06cc2-aa7f-4b9a-be99-4b4ff4f13308" parentExecutionId="91a4ca53-10d7-4540-9086-eb88b81d36c6" testListId="8c84fa94-04c1-424b-9868-57a2d4851a1d" />
        <TestEntry testId="b2e335c0-fa7a-42c3-bf4f-8453470e5c55" executionId="aed7ea44-83e4-4875-a5b1-da6ef5baf074" parentExecutionId="91a4ca53-10d7-4540-9086-eb88b81d36c6" testListId="8c84fa94-04c1-424b-9868-57a2d4851a1d" />
      </TestEntries>
    </TestEntry>
    <TestEntry testId="90f9fec1-894c-4047-bea5-4eae7486a866" executionId="fd999e51-b9de-4c6a-ab79-1fd20351574d" testListId="8c84fa94-04c1-424b-9868-57a2d4851a1d">
      <TestEntries>
        <TestEntry testId="881b9e47-fdf9-4481-98c4-d1f009f2620b" executionId="c004d9b4-ca57-411f-9bfd-55b60925a620" parentExecutionId="fd999e51-b9de-4c6a-ab79-1fd20351574d" testListId="8c84fa94-04c1-424b-9868-57a2d4851a1d" />
      </TestEntries>
    </TestEntry>
    <TestEntry testId="f407b2bc-f210-477d-a0f9-0cbd27fd4b46" executionId="4ff42948-cea1-4315-ab09-f05635d83582" testListId="8c84fa94-04c1-424b-9868-57a2d4851a1d">
      <TestEntries>
        <TestEntry testId="c4ce48df-bba4-4f47-b69d-ee33d1981eb3" executionId="b4200d36-acb6-4b80-bad4-5a4d4fd22e16" parentExecutionId="4ff42948-cea1-4315-ab09-f05635d83582" testListId="8c84fa94-04c1-424b-9868-57a2d4851a1d" />
        <TestEntry testId="6d5c09d2-046f-4dae-8858-41fa0be1c3de" executionId="4efa6448-97fc-4ac3-a812-6f248681f9c7" parentExecutionId="4ff42948-cea1-4315-ab09-f05635d83582" testListId="8c84fa94-04c1-424b-9868-57a2d4851a1d" />
        <TestEntry testId="fa0959fe-e713-4e38-aad8-1fb3aa0e25fd" executionId="53a8df73-a7e0-41a7-be29-41883ed73a80" parentExecutionId="4ff42948-cea1-4315-ab09-f05635d83582" testListId="8c84fa94-04c1-424b-9868-57a2d4851a1d" />
        <TestEntry testId="e1204454-f111-420f-9994-8229d7f3a43f" executionId="bd173d5d-11b7-4eb5-b5e7-72d1d7a1994e" parentExecutionId="4ff42948-cea1-4315-ab09-f05635d83582" testListId="8c84fa94-04c1-424b-9868-57a2d4851a1d" />
        <TestEntry testId="c958152b-26ac-4f4b-9276-5d8e2d52bf83" executionId="11c71a57-434b-4e47-a951-ce719e62990f" parentExecutionId="4ff42948-cea1-4315-ab09-f05635d83582" testListId="8c84fa94-04c1-424b-9868-57a2d4851a1d" />
        <TestEntry testId="139e63b3-2051-4895-a8f4-3f57b30db4ee" executionId="e2c1d7b7-0484-47af-9ce7-0fc0a6b9550f" parentExecutionId="4ff42948-cea1-4315-ab09-f05635d83582" testListId="8c84fa94-04c1-424b-9868-57a2d4851a1d" />
        <TestEntry testId="8f501d3f-8637-4717-bfac-d9852c9f5475" executionId="52a75829-7a53-4492-ab72-73be0c328368" parentExecutionId="4ff42948-cea1-4315-ab09-f05635d83582" testListId="8c84fa94-04c1-424b-9868-57a2d4851a1d" />
      </TestEntries>
    </TestEntry>
    <TestEntry testId="49486da9-02b1-45c5-910d-a983d1a5e095" executionId="87652423-fe9f-4484-a86f-fd7dd6794389" testListId="8c84fa94-04c1-424b-9868-57a2d4851a1d">
      <TestEntries>
        <TestEntry testId="0243994a-1c16-4a24-beb9-37472e8c3b40" executionId="04b5e28a-4ad7-40af-8d46-13fe5bdff212" parentExecutionId="87652423-fe9f-4484-a86f-fd7dd6794389" testListId="8c84fa94-04c1-424b-9868-57a2d4851a1d" />
        <TestEntry testId="85bed093-2bfc-4f07-85f2-8c95f2075272" executionId="7ae02637-3f61-4bac-8e7b-fc2a3e73980f" parentExecutionId="87652423-fe9f-4484-a86f-fd7dd6794389" testListId="8c84fa94-04c1-424b-9868-57a2d4851a1d" />
        <TestEntry testId="75da5b28-5b14-4a75-80fe-de314733a2a2" executionId="05857841-df09-4285-a4e7-e8c7a5de24b7" parentExecutionId="87652423-fe9f-4484-a86f-fd7dd6794389" testListId="8c84fa94-04c1-424b-9868-57a2d4851a1d" />
        <TestEntry testId="8df20a03-0449-4e05-af13-695b3804b0a5" executionId="d6ff4787-5b18-4b92-97d6-83b011bf8474" parentExecutionId="87652423-fe9f-4484-a86f-fd7dd6794389" testListId="8c84fa94-04c1-424b-9868-57a2d4851a1d" />
        <TestEntry testId="61b4d299-c5f1-4f0d-a587-eaf9080806e4" executionId="c305392b-1979-4fb5-aac1-b3a42b3b537e" parentExecutionId="87652423-fe9f-4484-a86f-fd7dd6794389" testListId="8c84fa94-04c1-424b-9868-57a2d4851a1d" />
        <TestEntry testId="7e42ac95-3d6c-4b0f-b49b-eb72b9449727" executionId="cedd8759-cca5-4a02-8ff5-4e3cbc1236c2" parentExecutionId="87652423-fe9f-4484-a86f-fd7dd6794389" testListId="8c84fa94-04c1-424b-9868-57a2d4851a1d" />
      </TestEntries>
    </TestEntry>
    <TestEntry testId="3dd863d0-8059-47c6-8b65-3e0e180a9f3f" executionId="dd65fd67-5067-44cd-8850-842e53274555" testListId="8c84fa94-04c1-424b-9868-57a2d4851a1d">
      <TestEntries>
        <TestEntry testId="93a25dc8-cdd6-4bc3-88de-e9c5c84c7a15" executionId="2e43ea94-8c53-4343-b675-20f727568777" parentExecutionId="dd65fd67-5067-44cd-8850-842e53274555" testListId="8c84fa94-04c1-424b-9868-57a2d4851a1d" />
        <TestEntry testId="64499c42-73f4-4e1c-bdd8-5b434a1bb134" executionId="6227a6eb-4a71-407c-a5c2-2d662a6c97e9" parentExecutionId="dd65fd67-5067-44cd-8850-842e53274555" testListId="8c84fa94-04c1-424b-9868-57a2d4851a1d" />
        <TestEntry testId="826073cb-14af-4c3b-9fe4-e896995006a1" executionId="27e2cecd-cfaf-4f75-92ca-b63b742b4ee4" parentExecutionId="dd65fd67-5067-44cd-8850-842e53274555" testListId="8c84fa94-04c1-424b-9868-57a2d4851a1d" />
        <TestEntry testId="e8002457-e01c-4be1-80a9-0b7e84f13ad7" executionId="af92131b-3f13-4f21-a7ac-138912a8cc2e" parentExecutionId="dd65fd67-5067-44cd-8850-842e53274555" testListId="8c84fa94-04c1-424b-9868-57a2d4851a1d" />
        <TestEntry testId="7ececbe8-2723-4b31-80da-89de65355cda" executionId="0ec34201-047f-4735-996e-82df77a80328" parentExecutionId="dd65fd67-5067-44cd-8850-842e53274555" testListId="8c84fa94-04c1-424b-9868-57a2d4851a1d" />
        <TestEntry testId="3b3d7741-765b-4437-a316-46c0b0bb2326" executionId="f9ab43a2-a1ad-45fd-8e8b-1422cbb88465" parentExecutionId="dd65fd67-5067-44cd-8850-842e53274555" testListId="8c84fa94-04c1-424b-9868-57a2d4851a1d" />
      </TestEntries>
    </TestEntry>
    <TestEntry testId="4c331d14-6da2-463a-be40-8bc47fd9e80a" executionId="3542bb4d-1dd2-488e-87a9-bdf161c8dfbe" testListId="8c84fa94-04c1-424b-9868-57a2d4851a1d">
      <TestEntries>
        <TestEntry testId="b80fa85c-2188-4c90-9484-77d875643024" executionId="548b214f-80c6-489c-8c1b-10b83aa8c1aa" parentExecutionId="3542bb4d-1dd2-488e-87a9-bdf161c8dfbe" testListId="8c84fa94-04c1-424b-9868-57a2d4851a1d" />
      </TestEntries>
    </TestEntry>
    <TestEntry testId="3ead2a3d-44bc-44dc-8666-75e424d720f4" executionId="904cd9df-22ae-4cf6-9821-5c23e51fbf49" testListId="8c84fa94-04c1-424b-9868-57a2d4851a1d">
      <TestEntries>
        <TestEntry testId="313e1f4d-df53-4217-97e4-b761b98d60e3" executionId="a34db606-b938-47f0-987f-fa34a8f459d1" parentExecutionId="904cd9df-22ae-4cf6-9821-5c23e51fbf49" testListId="8c84fa94-04c1-424b-9868-57a2d4851a1d" />
        <TestEntry testId="f2edef1d-3af4-4b9a-a18a-6afa2a47a2f7" executionId="00c25a9b-7c1c-4dfa-b573-a65b64936928" parentExecutionId="904cd9df-22ae-4cf6-9821-5c23e51fbf49" testListId="8c84fa94-04c1-424b-9868-57a2d4851a1d" />
        <TestEntry testId="453b4eda-dcf3-443c-b8f6-c28e6e0f30db" executionId="ac77e597-53d3-49e0-952d-cf28e3c82a94" parentExecutionId="904cd9df-22ae-4cf6-9821-5c23e51fbf49" testListId="8c84fa94-04c1-424b-9868-57a2d4851a1d" />
        <TestEntry testId="37a32bc1-2b7e-4695-9d78-9aaeec10d750" executionId="5210cc0f-3b80-45ae-81b6-def8856d6c0c" parentExecutionId="904cd9df-22ae-4cf6-9821-5c23e51fbf49" testListId="8c84fa94-04c1-424b-9868-57a2d4851a1d" />
        <TestEntry testId="2d2895b8-762e-46a7-8e56-b1ab46274830" executionId="edb4bcca-c3a6-46f1-bd9b-2777da63757a" parentExecutionId="904cd9df-22ae-4cf6-9821-5c23e51fbf49" testListId="8c84fa94-04c1-424b-9868-57a2d4851a1d" />
        <TestEntry testId="0ddde841-0238-4436-8f6c-593e200337ce" executionId="8cfb21b0-8843-4b2a-b357-ea831a31b04c" parentExecutionId="904cd9df-22ae-4cf6-9821-5c23e51fbf49" testListId="8c84fa94-04c1-424b-9868-57a2d4851a1d" />
        <TestEntry testId="fac3ecae-ac09-452c-af52-ea5f3d6fd0dd" executionId="7c3a82cb-d706-42bb-b598-e85cbf85b012" parentExecutionId="904cd9df-22ae-4cf6-9821-5c23e51fbf49" testListId="8c84fa94-04c1-424b-9868-57a2d4851a1d" />
        <TestEntry testId="272e14c8-755c-4d81-add3-5f019325cfba" executionId="5f9f047f-132d-4ac1-983e-45d6dfabee19" parentExecutionId="904cd9df-22ae-4cf6-9821-5c23e51fbf49" testListId="8c84fa94-04c1-424b-9868-57a2d4851a1d" />
        <TestEntry testId="d5fb5a1a-6155-42fe-ae4e-5819b3dec2b9" executionId="800f74a9-9ec7-4b0c-92dd-b1aadaf5fe6f" parentExecutionId="904cd9df-22ae-4cf6-9821-5c23e51fbf49" testListId="8c84fa94-04c1-424b-9868-57a2d4851a1d" />
      </TestEntries>
    </TestEntry>
    <TestEntry testId="9fddfc72-df75-4681-8576-9605f12bffcb" executionId="ab133d41-e473-4216-ab68-0f3ac43f219e" testListId="8c84fa94-04c1-424b-9868-57a2d4851a1d">
      <TestEntries>
        <TestEntry testId="01c279c9-e9c6-4e3c-9506-7840eeb80c32" executionId="38e3bdb7-706b-481a-adbd-ae39909f8ffd" parentExecutionId="ab133d41-e473-4216-ab68-0f3ac43f219e" testListId="8c84fa94-04c1-424b-9868-57a2d4851a1d" />
        <TestEntry testId="e82c24fc-2983-44b2-a8eb-c33ddce6b024" executionId="3944787e-9e5f-47c3-b6d9-11933678df03" parentExecutionId="ab133d41-e473-4216-ab68-0f3ac43f219e" testListId="8c84fa94-04c1-424b-9868-57a2d4851a1d" />
        <TestEntry testId="e92c3463-c98a-4ccd-bb6b-4fd6c6dd7b21" executionId="ec6a4776-4714-4302-8c63-cc3a1446bbb5" parentExecutionId="ab133d41-e473-4216-ab68-0f3ac43f219e" testListId="8c84fa94-04c1-424b-9868-57a2d4851a1d" />
        <TestEntry testId="c4c4367d-5052-4a7d-b92f-a3414daf0a37" executionId="a5f3a3bb-6656-4546-a283-662ccaf38e11" parentExecutionId="ab133d41-e473-4216-ab68-0f3ac43f219e" testListId="8c84fa94-04c1-424b-9868-57a2d4851a1d" />
        <TestEntry testId="900a2dd3-415c-4203-83cf-c1ba713eaee5" executionId="18256b11-7e19-4388-84d2-64641d3e751c" parentExecutionId="ab133d41-e473-4216-ab68-0f3ac43f219e" testListId="8c84fa94-04c1-424b-9868-57a2d4851a1d" />
      </TestEntries>
    </TestEntry>
    <TestEntry testId="1068d9d4-9c54-48b1-9139-99fb32969a6b" executionId="0aa10d23-c6b5-41a2-8b63-3c5a944bba37" testListId="8c84fa94-04c1-424b-9868-57a2d4851a1d">
      <TestEntries>
        <TestEntry testId="a4191621-3702-4ec5-b19a-3a79fe48ac3e" executionId="24d832b4-d68a-459f-9f9b-562f4928d9df" parentExecutionId="0aa10d23-c6b5-41a2-8b63-3c5a944bba37" testListId="8c84fa94-04c1-424b-9868-57a2d4851a1d" />
      </TestEntries>
    </TestEntry>
    <TestEntry testId="264db8ba-8e06-4d47-8d14-5ef4cc6b2f20" executionId="f5fdd5c4-c9ca-49c2-bd4d-16e1a16316bd" testListId="8c84fa94-04c1-424b-9868-57a2d4851a1d">
      <TestEntries>
        <TestEntry testId="a3443bb4-eb36-49d4-9452-a2f7f51d765c" executionId="5d13e5c8-8cd4-473a-8fab-10a016aaab85" parentExecutionId="f5fdd5c4-c9ca-49c2-bd4d-16e1a16316bd" testListId="8c84fa94-04c1-424b-9868-57a2d4851a1d" />
        <TestEntry testId="54ac615a-c597-4508-8339-1746d240c9ed" executionId="0545059b-cee3-412a-a6a3-6a8e00b65ffc" parentExecutionId="f5fdd5c4-c9ca-49c2-bd4d-16e1a16316bd" testListId="8c84fa94-04c1-424b-9868-57a2d4851a1d" />
        <TestEntry testId="958d7535-75d4-4175-aee0-837e8bfe95a5" executionId="a5fe97c9-0b2a-45e3-8a1d-68f8751c7c86" parentExecutionId="f5fdd5c4-c9ca-49c2-bd4d-16e1a16316bd" testListId="8c84fa94-04c1-424b-9868-57a2d4851a1d" />
        <TestEntry testId="8bd9883d-ba71-4677-a24c-26a70ff1385c" executionId="564a6cbd-39bb-49b5-a1b2-d2a6751e16a2" parentExecutionId="f5fdd5c4-c9ca-49c2-bd4d-16e1a16316bd" testListId="8c84fa94-04c1-424b-9868-57a2d4851a1d" />
        <TestEntry testId="6fa42763-0a48-4a06-8499-45e3226cb33b" executionId="c71763d3-684e-4c0f-ab65-97bbd1163df6" parentExecutionId="f5fdd5c4-c9ca-49c2-bd4d-16e1a16316bd" testListId="8c84fa94-04c1-424b-9868-57a2d4851a1d" />
        <TestEntry testId="fce85163-dda6-4574-a415-bd4d177ae785" executionId="24cda90c-b473-4ba0-b2ea-ed3c60543a36" parentExecutionId="f5fdd5c4-c9ca-49c2-bd4d-16e1a16316bd" testListId="8c84fa94-04c1-424b-9868-57a2d4851a1d" />
        <TestEntry testId="a5e3111b-c8ca-4e85-bf65-29a31c599bb8" executionId="9fe2bee4-b6b5-4983-b1a1-dc59f6fd0ce8" parentExecutionId="f5fdd5c4-c9ca-49c2-bd4d-16e1a16316bd" testListId="8c84fa94-04c1-424b-9868-57a2d4851a1d" />
        <TestEntry testId="cff0e495-14cd-4628-af2e-8210e37e2071" executionId="f32a817f-410e-485e-9ef7-6594d709160f" parentExecutionId="f5fdd5c4-c9ca-49c2-bd4d-16e1a16316bd" testListId="8c84fa94-04c1-424b-9868-57a2d4851a1d" />
      </TestEntries>
    </TestEntry>
    <TestEntry testId="e6e4ea6f-fbac-4ae1-b318-a56a805a4e4e" executionId="9303d2ec-6712-49bb-9a00-49d89fb8fc0b" testListId="8c84fa94-04c1-424b-9868-57a2d4851a1d">
      <TestEntries>
        <TestEntry testId="199cf613-8fcc-4ff8-b330-6fea857f4621" executionId="ebfb313d-c243-47b0-ae43-6571ad3c22ee" parentExecutionId="9303d2ec-6712-49bb-9a00-49d89fb8fc0b" testListId="8c84fa94-04c1-424b-9868-57a2d4851a1d" />
        <TestEntry testId="5aa87472-099e-4d13-b713-c555c492ff47" executionId="7c48169d-48a3-400a-99d9-106c3f5bd087" parentExecutionId="9303d2ec-6712-49bb-9a00-49d89fb8fc0b" testListId="8c84fa94-04c1-424b-9868-57a2d4851a1d" />
        <TestEntry testId="7366db68-50a7-488c-8cd3-0a98cc393e20" executionId="2600ea9e-0026-49a7-9c6b-868d78233453" parentExecutionId="9303d2ec-6712-49bb-9a00-49d89fb8fc0b" testListId="8c84fa94-04c1-424b-9868-57a2d4851a1d" />
        <TestEntry testId="c94ddd41-e29e-4551-9b89-f5ad63ea5002" executionId="ce87444d-33d0-454d-8b65-37d1439339c8" parentExecutionId="9303d2ec-6712-49bb-9a00-49d89fb8fc0b" testListId="8c84fa94-04c1-424b-9868-57a2d4851a1d" />
        <TestEntry testId="1f38c856-c574-465c-b9a0-d18316761b92" executionId="d0825d08-fb9e-4043-9134-91393e503480" parentExecutionId="9303d2ec-6712-49bb-9a00-49d89fb8fc0b" testListId="8c84fa94-04c1-424b-9868-57a2d4851a1d" />
        <TestEntry testId="1359eb7f-ed97-421f-adb6-de3b8dc9ffd8" executionId="1b2c114d-b8e9-4e37-9f1a-2f38cdc588bf" parentExecutionId="9303d2ec-6712-49bb-9a00-49d89fb8fc0b" testListId="8c84fa94-04c1-424b-9868-57a2d4851a1d" />
      </TestEntries>
    </TestEntry>
    <TestEntry testId="fb344b63-89d5-44ac-94de-ede5d441c9ac" executionId="2b6b8356-a226-4ce3-a034-0315df417f0c" testListId="8c84fa94-04c1-424b-9868-57a2d4851a1d">
      <TestEntries>
        <TestEntry testId="30142765-be94-44b8-b86d-b98d649b63fc" executionId="1bbca25e-ad29-4c6c-a5ae-7b374b055f6a" parentExecutionId="2b6b8356-a226-4ce3-a034-0315df417f0c" testListId="8c84fa94-04c1-424b-9868-57a2d4851a1d" />
      </TestEntries>
    </TestEntry>
    <TestEntry testId="c8bd5f81-3e8b-4824-93b1-e391145cad90" executionId="c1f03321-246f-45ca-a322-ee983c9ec60f" testListId="8c84fa94-04c1-424b-9868-57a2d4851a1d">
      <TestEntries>
        <TestEntry testId="9a123e0d-57dd-4bf9-b2a2-398899265600" executionId="05342bb2-fe08-47ef-9049-abb04b2a295e" parentExecutionId="c1f03321-246f-45ca-a322-ee983c9ec60f" testListId="8c84fa94-04c1-424b-9868-57a2d4851a1d" />
        <TestEntry testId="2bd7af7e-166b-4f34-9582-ab21df05fe95" executionId="a59030c3-5618-456d-8964-73ff8fc4554d" parentExecutionId="c1f03321-246f-45ca-a322-ee983c9ec60f" testListId="8c84fa94-04c1-424b-9868-57a2d4851a1d" />
      </TestEntries>
    </TestEntry>
    <TestEntry testId="13dbbba0-5c54-452e-95d6-82c8a97b714e" executionId="1c1b619b-4924-43f3-bf75-e324043e3d97" testListId="8c84fa94-04c1-424b-9868-57a2d4851a1d">
      <TestEntries>
        <TestEntry testId="96458860-65b0-46ba-88c9-3f56a4f084cf" executionId="3efb0334-c3e3-492c-910f-81dbe132755f" parentExecutionId="1c1b619b-4924-43f3-bf75-e324043e3d97" testListId="8c84fa94-04c1-424b-9868-57a2d4851a1d" />
        <TestEntry testId="f41fadab-2be9-4710-920b-2e07f2d5889f" executionId="7b84fb26-bfd6-4248-8e61-1296cc54316e" parentExecutionId="1c1b619b-4924-43f3-bf75-e324043e3d97" testListId="8c84fa94-04c1-424b-9868-57a2d4851a1d" />
        <TestEntry testId="8eec4545-f0b7-4333-b231-b222a703a5c7" executionId="2be8ffe6-40a6-4d22-aa66-b41e146c7ce7" parentExecutionId="1c1b619b-4924-43f3-bf75-e324043e3d97" testListId="8c84fa94-04c1-424b-9868-57a2d4851a1d" />
        <TestEntry testId="9a3f9252-81d6-4c3e-868f-dd0a17d2c7a9" executionId="1313cd07-0bd1-4ba1-8f26-bf68113da57e" parentExecutionId="1c1b619b-4924-43f3-bf75-e324043e3d97" testListId="8c84fa94-04c1-424b-9868-57a2d4851a1d" />
        <TestEntry testId="58910839-c7c5-4769-b4e6-a91531f0aacc" executionId="4d8b98e4-269d-4699-bcac-020455ba30cf" parentExecutionId="1c1b619b-4924-43f3-bf75-e324043e3d97" testListId="8c84fa94-04c1-424b-9868-57a2d4851a1d" />
      </TestEntries>
    </TestEntry>
    <TestEntry testId="74c46956-6f08-4844-9ce0-791134c9b87e" executionId="f70ac971-2ec9-435e-8247-a795bfa516c3" testListId="8c84fa94-04c1-424b-9868-57a2d4851a1d">
      <TestEntries>
        <TestEntry testId="7ef57d29-766f-41c8-ae16-3dbce8ca2826" executionId="7e67b674-f6af-46f6-8c1c-60937099206e" parentExecutionId="f70ac971-2ec9-435e-8247-a795bfa516c3" testListId="8c84fa94-04c1-424b-9868-57a2d4851a1d" />
      </TestEntries>
    </TestEntry>
    <TestEntry testId="60667aff-472a-4b9d-b967-98debc0a7b81" executionId="f1d46cb3-877d-4953-828d-ac45b9c579e2" testListId="8c84fa94-04c1-424b-9868-57a2d4851a1d">
      <TestEntries>
        <TestEntry testId="4575a001-0841-42ca-af00-39880cff3d8d" executionId="2ca9bf0f-d358-43d5-999d-5783863f34c4" parentExecutionId="f1d46cb3-877d-4953-828d-ac45b9c579e2" testListId="8c84fa94-04c1-424b-9868-57a2d4851a1d" />
        <TestEntry testId="c2bcb34b-4421-4831-84cc-a0a4a94ea085" executionId="75875552-4738-4c51-b171-2f34b58dc87f" parentExecutionId="f1d46cb3-877d-4953-828d-ac45b9c579e2" testListId="8c84fa94-04c1-424b-9868-57a2d4851a1d" />
        <TestEntry testId="b70d9d46-2745-47aa-aa33-d82e9954a5cd" executionId="4d77ac9a-ec44-4c60-950b-a88041272c97" parentExecutionId="f1d46cb3-877d-4953-828d-ac45b9c579e2" testListId="8c84fa94-04c1-424b-9868-57a2d4851a1d" />
        <TestEntry testId="37b0bde0-af17-4d60-a5e2-9c0454137bc9" executionId="aeb93345-c84d-45f2-be99-ce950a91e83e" parentExecutionId="f1d46cb3-877d-4953-828d-ac45b9c579e2" testListId="8c84fa94-04c1-424b-9868-57a2d4851a1d" />
        <TestEntry testId="43b58c11-b721-46b5-bc65-8cf4f038de05" executionId="110aa11f-a846-4aea-b835-1c0e630de2f1" parentExecutionId="f1d46cb3-877d-4953-828d-ac45b9c579e2" testListId="8c84fa94-04c1-424b-9868-57a2d4851a1d" />
        <TestEntry testId="0694f6d3-224b-470b-a2ec-95f013d081e8" executionId="f5b9e13c-6a76-48b7-817e-89113c4cb172" parentExecutionId="f1d46cb3-877d-4953-828d-ac45b9c579e2" testListId="8c84fa94-04c1-424b-9868-57a2d4851a1d" />
        <TestEntry testId="1d6ad50a-8a12-42e7-8c79-c8bf395a6266" executionId="43744880-70dd-41dc-914f-c15a80a6e41b" parentExecutionId="f1d46cb3-877d-4953-828d-ac45b9c579e2" testListId="8c84fa94-04c1-424b-9868-57a2d4851a1d" />
        <TestEntry testId="2299fb19-3758-48b9-9770-393b541b4b3b" executionId="018097dc-8d59-401b-b985-f925d99826be" parentExecutionId="f1d46cb3-877d-4953-828d-ac45b9c579e2" testListId="8c84fa94-04c1-424b-9868-57a2d4851a1d" />
      </TestEntries>
    </TestEntry>
    <TestEntry testId="58c229cc-a72a-4420-927e-bb8628aee7ec" executionId="005559a0-12a1-4a04-bd30-95c6563687f4" testListId="8c84fa94-04c1-424b-9868-57a2d4851a1d">
      <TestEntries>
        <TestEntry testId="41fdb1ad-6259-4cc0-bd37-2355dd5a7b06" executionId="574a5856-1ec4-460d-9012-95b1afbb9012" parentExecutionId="005559a0-12a1-4a04-bd30-95c6563687f4" testListId="8c84fa94-04c1-424b-9868-57a2d4851a1d" />
        <TestEntry testId="51eec996-2e30-459b-8cc5-ffa13f517493" executionId="26005d4f-09e4-4fd7-9fbc-3f3b87eaf798" parentExecutionId="005559a0-12a1-4a04-bd30-95c6563687f4" testListId="8c84fa94-04c1-424b-9868-57a2d4851a1d" />
      </TestEntries>
    </TestEntry>
    <TestEntry testId="fcb07e7d-e08f-427e-a6c2-eea54a50a181" executionId="f9a3d65a-5cb6-438b-af3f-330a9ebc816d" testListId="8c84fa94-04c1-424b-9868-57a2d4851a1d">
      <TestEntries>
        <TestEntry testId="92475c49-5414-4d61-b836-a0723ab9773a" executionId="7a42e913-76e6-402b-8db1-45adb8d37f78" parentExecutionId="f9a3d65a-5cb6-438b-af3f-330a9ebc816d" testListId="8c84fa94-04c1-424b-9868-57a2d4851a1d" />
        <TestEntry testId="c0f4600e-eb34-4054-abe0-c6e9154d6996" executionId="3e2cc595-380e-4d6b-bc3d-d2d03c93b1f2" parentExecutionId="f9a3d65a-5cb6-438b-af3f-330a9ebc816d" testListId="8c84fa94-04c1-424b-9868-57a2d4851a1d" />
        <TestEntry testId="0f69dc41-3f15-4370-94c0-1f92fa210416" executionId="a50f04f5-08fa-4e46-9404-6db19fe54643" parentExecutionId="f9a3d65a-5cb6-438b-af3f-330a9ebc816d" testListId="8c84fa94-04c1-424b-9868-57a2d4851a1d" />
        <TestEntry testId="c40d8d3c-56e3-4091-8ee8-5b3d35ae468b" executionId="42fa56b2-69ae-45c0-9481-6e42f3616657" parentExecutionId="f9a3d65a-5cb6-438b-af3f-330a9ebc816d" testListId="8c84fa94-04c1-424b-9868-57a2d4851a1d" />
        <TestEntry testId="cbc19db9-ddd0-456c-8d11-5ad2fdb91dcf" executionId="a2a885d9-9dff-4201-a6a4-c802d55444ed" parentExecutionId="f9a3d65a-5cb6-438b-af3f-330a9ebc816d" testListId="8c84fa94-04c1-424b-9868-57a2d4851a1d" />
        <TestEntry testId="149799e8-124a-4547-a438-5c091b7d6436" executionId="a4185c28-bfea-4729-9745-9324e0b18001" parentExecutionId="f9a3d65a-5cb6-438b-af3f-330a9ebc816d" testListId="8c84fa94-04c1-424b-9868-57a2d4851a1d" />
        <TestEntry testId="36cd1580-4e50-4bf4-8fc8-adf9cfc9f15c" executionId="e7ae40d4-c3d3-4a7b-974b-b680a4fc1c46" parentExecutionId="f9a3d65a-5cb6-438b-af3f-330a9ebc816d" testListId="8c84fa94-04c1-424b-9868-57a2d4851a1d" />
        <TestEntry testId="4fc3084b-9e35-4856-8480-2ee8b055572d" executionId="2e447f8c-cff5-4777-9ab9-e96a3f88b8f8" parentExecutionId="f9a3d65a-5cb6-438b-af3f-330a9ebc816d" testListId="8c84fa94-04c1-424b-9868-57a2d4851a1d" />
        <TestEntry testId="57159a0a-851d-4333-9532-3681a12b5185" executionId="bd292796-4c71-4214-b7fb-0dcc20e5a0b7" parentExecutionId="f9a3d65a-5cb6-438b-af3f-330a9ebc816d" testListId="8c84fa94-04c1-424b-9868-57a2d4851a1d" />
        <TestEntry testId="89ad15eb-ebff-401f-be50-0fe9d8af66bb" executionId="9fb78f1a-79ba-402b-9675-7eae9cd7606c" parentExecutionId="f9a3d65a-5cb6-438b-af3f-330a9ebc816d" testListId="8c84fa94-04c1-424b-9868-57a2d4851a1d" />
      </TestEntries>
    </TestEntry>
    <TestEntry testId="525ae70c-71ed-4cd3-a756-4ff63a61f72e" executionId="e16874f7-2c2d-4d35-9f03-ff09149034ba" testListId="8c84fa94-04c1-424b-9868-57a2d4851a1d">
      <TestEntries>
        <TestEntry testId="7bd6ad64-70f9-4b50-8dab-f8cc34acede5" executionId="c03cbe2b-84ff-437a-8e0e-d4e731152be2" parentExecutionId="e16874f7-2c2d-4d35-9f03-ff09149034ba" testListId="8c84fa94-04c1-424b-9868-57a2d4851a1d" />
        <TestEntry testId="06768748-1336-46cf-bc09-0635d120a2c2" executionId="a6333f9a-9287-4161-ba5f-44d309b62134" parentExecutionId="e16874f7-2c2d-4d35-9f03-ff09149034ba" testListId="8c84fa94-04c1-424b-9868-57a2d4851a1d" />
      </TestEntries>
    </TestEntry>
    <TestEntry testId="3aea2585-a119-4e34-b236-c0737d174fc8" executionId="90c8c495-1b26-418f-b54f-aee0acdf5a94" testListId="8c84fa94-04c1-424b-9868-57a2d4851a1d">
      <TestEntries>
        <TestEntry testId="cd08f1a7-6d9c-49fb-8c4d-db8143af6d62" executionId="d6139053-2b47-4621-a9cf-ad65f56f047e" parentExecutionId="90c8c495-1b26-418f-b54f-aee0acdf5a94" testListId="8c84fa94-04c1-424b-9868-57a2d4851a1d" />
        <TestEntry testId="feda537e-91c8-448b-8b42-1d0d3a8def6d" executionId="f1290163-2ce4-4d47-8b40-7891abc64765" parentExecutionId="90c8c495-1b26-418f-b54f-aee0acdf5a94" testListId="8c84fa94-04c1-424b-9868-57a2d4851a1d" />
        <TestEntry testId="7e1d8d7d-1bc0-4540-a386-c11c2a64c8e6" executionId="d9d7cbe6-3ad6-4dfe-8b1c-f62951b93826" parentExecutionId="90c8c495-1b26-418f-b54f-aee0acdf5a94" testListId="8c84fa94-04c1-424b-9868-57a2d4851a1d" />
        <TestEntry testId="986adfd9-3780-4fc0-88df-8ba933c00bf9" executionId="f538caba-551c-49e1-ac77-4d8b9f680228" parentExecutionId="90c8c495-1b26-418f-b54f-aee0acdf5a94" testListId="8c84fa94-04c1-424b-9868-57a2d4851a1d" />
        <TestEntry testId="5803fa3e-cd69-44e1-8b0d-3548f29883b9" executionId="a0f95f16-7e2d-4710-b426-6d4aaafb6af2" parentExecutionId="90c8c495-1b26-418f-b54f-aee0acdf5a94" testListId="8c84fa94-04c1-424b-9868-57a2d4851a1d" />
        <TestEntry testId="78aef38f-3740-4049-9e2c-b86557389ec4" executionId="a6552707-391e-4592-8ad5-9e57cb69c6c3" parentExecutionId="90c8c495-1b26-418f-b54f-aee0acdf5a94" testListId="8c84fa94-04c1-424b-9868-57a2d4851a1d" />
      </TestEntries>
    </TestEntry>
    <TestEntry testId="70e16915-1c9c-4833-b5e5-545f87e34593" executionId="7142d983-154f-4b27-ab8f-69a0e938c9fb" testListId="8c84fa94-04c1-424b-9868-57a2d4851a1d">
      <TestEntries>
        <TestEntry testId="269c3626-b1c3-4de9-b5ef-da50fbdef608" executionId="48f82483-83d3-4318-960f-a4f7ae21b46b" parentExecutionId="7142d983-154f-4b27-ab8f-69a0e938c9fb" testListId="8c84fa94-04c1-424b-9868-57a2d4851a1d" />
      </TestEntries>
    </TestEntry>
    <TestEntry testId="8df18c8b-01c6-4f66-a075-2c18e4f09341" executionId="a78bdfe6-9cfa-4df0-baca-8b4c8af86245" testListId="8c84fa94-04c1-424b-9868-57a2d4851a1d">
      <TestEntries>
        <TestEntry testId="ab8505e9-78b7-4371-80ae-2f5981bebd66" executionId="aa7b4805-c013-4ff6-86e3-535b3f7cd201" parentExecutionId="a78bdfe6-9cfa-4df0-baca-8b4c8af86245" testListId="8c84fa94-04c1-424b-9868-57a2d4851a1d" />
        <TestEntry testId="97ca9a04-cf1c-4a19-a202-c39ea8a58f64" executionId="2963f50c-f223-49ca-b277-a8341840ec1a" parentExecutionId="a78bdfe6-9cfa-4df0-baca-8b4c8af86245" testListId="8c84fa94-04c1-424b-9868-57a2d4851a1d" />
        <TestEntry testId="5bfda213-b808-4bde-bfee-ec9e885a23ad" executionId="d919a83a-87c6-446b-993c-e7d35386f302" parentExecutionId="a78bdfe6-9cfa-4df0-baca-8b4c8af86245" testListId="8c84fa94-04c1-424b-9868-57a2d4851a1d" />
        <TestEntry testId="1ca6f7c6-3474-41d3-a09b-b85a2b4d0022" executionId="94de4ab7-c272-43dd-b731-a9ddc116b087" parentExecutionId="a78bdfe6-9cfa-4df0-baca-8b4c8af86245" testListId="8c84fa94-04c1-424b-9868-57a2d4851a1d" />
        <TestEntry testId="47b9b85d-5a7b-43a1-bdaf-5e414b603a08" executionId="bc8367b7-fac8-45f0-bdf8-e535ce1af2c9" parentExecutionId="a78bdfe6-9cfa-4df0-baca-8b4c8af86245" testListId="8c84fa94-04c1-424b-9868-57a2d4851a1d" />
      </TestEntries>
    </TestEntry>
    <TestEntry testId="70429494-1957-4ce7-bbe9-68cfe3b875c4" executionId="8cb3ee28-0fd1-4125-99d5-c64fa6993888" testListId="8c84fa94-04c1-424b-9868-57a2d4851a1d">
      <TestEntries>
        <TestEntry testId="d112b291-9f50-41b9-b36f-edce97cc3bfc" executionId="344baebc-9289-4e29-a7b8-39026ed37bf3" parentExecutionId="8cb3ee28-0fd1-4125-99d5-c64fa6993888" testListId="8c84fa94-04c1-424b-9868-57a2d4851a1d" />
      </TestEntries>
    </TestEntry>
    <TestEntry testId="1b7d98e5-7060-4bee-91ec-c03a22ce0aab" executionId="26b595d4-8415-4ef2-87aa-a2f62c478e64" testListId="8c84fa94-04c1-424b-9868-57a2d4851a1d">
      <TestEntries>
        <TestEntry testId="881b9e47-fdf9-4481-98c4-d1f009f262cb" executionId="3e51dd26-77bc-4e2d-acaf-03379c52773f" parentExecutionId="26b595d4-8415-4ef2-87aa-a2f62c478e64" testListId="8c84fa94-04c1-424b-9868-57a2d4851a1d" />
      </TestEntries>
    </TestEntry>
    <TestEntry testId="4bddafc3-42b0-47f6-a4ad-ffd3be942adf" executionId="92fbcfba-5685-4e4b-8f67-33d137838fd8" testListId="8c84fa94-04c1-424b-9868-57a2d4851a1d">
      <TestEntries>
        <TestEntry testId="4e6977cc-53c6-47a6-aa3d-6c026d142d77" executionId="77682a38-1334-41b2-a601-2b242b3046af" parentExecutionId="92fbcfba-5685-4e4b-8f67-33d137838fd8" testListId="8c84fa94-04c1-424b-9868-57a2d4851a1d" />
        <TestEntry testId="280f9537-8896-4bf9-924c-b1f356a48e20" executionId="232dc5a5-d161-4bb7-b8d0-675ab74ef92a" parentExecutionId="92fbcfba-5685-4e4b-8f67-33d137838fd8" testListId="8c84fa94-04c1-424b-9868-57a2d4851a1d" />
      </TestEntries>
    </TestEntry>
    <TestEntry testId="07c8242a-e0f0-4eaa-9abf-c6da570678ed" executionId="ce3f5317-6a07-4aac-93c9-3ec841b3a9ce" testListId="8c84fa94-04c1-424b-9868-57a2d4851a1d">
      <TestEntries>
        <TestEntry testId="5621c363-3f64-425f-85e0-3ad95ae38126" executionId="679859b9-e566-4bae-8285-adb900673a91" parentExecutionId="ce3f5317-6a07-4aac-93c9-3ec841b3a9ce" testListId="8c84fa94-04c1-424b-9868-57a2d4851a1d" />
        <TestEntry testId="18ac6f18-3e19-4b48-8bca-8ba45984351e" executionId="daa5732e-bbbc-4f4f-acba-5c63a9672733" parentExecutionId="ce3f5317-6a07-4aac-93c9-3ec841b3a9ce" testListId="8c84fa94-04c1-424b-9868-57a2d4851a1d" />
        <TestEntry testId="d51578b4-b379-42d6-893e-f80814f4dba0" executionId="457b7e9e-fd02-45e0-a17d-08bb6f6d6425" parentExecutionId="ce3f5317-6a07-4aac-93c9-3ec841b3a9ce" testListId="8c84fa94-04c1-424b-9868-57a2d4851a1d" />
        <TestEntry testId="4a85c2f4-71dc-4b64-9cb2-f614dc35ec53" executionId="46b026cd-260a-4103-8734-f47c513f5646" parentExecutionId="ce3f5317-6a07-4aac-93c9-3ec841b3a9ce" testListId="8c84fa94-04c1-424b-9868-57a2d4851a1d" />
        <TestEntry testId="4bba2b74-befc-4889-aac2-a0be52961547" executionId="005bafd1-18cd-42ed-9790-a652fdb8aa5e" parentExecutionId="ce3f5317-6a07-4aac-93c9-3ec841b3a9ce" testListId="8c84fa94-04c1-424b-9868-57a2d4851a1d" />
        <TestEntry testId="87df488b-fe44-478e-b844-c5378e8062c1" executionId="b53e4827-05bf-4421-9494-22f9a97d7d2d" parentExecutionId="ce3f5317-6a07-4aac-93c9-3ec841b3a9ce" testListId="8c84fa94-04c1-424b-9868-57a2d4851a1d" />
        <TestEntry testId="62e541e1-0ce7-424a-a06e-9fab01780e97" executionId="8f152dc1-ee07-4cae-bdef-689fb196f82c" parentExecutionId="ce3f5317-6a07-4aac-93c9-3ec841b3a9ce" testListId="8c84fa94-04c1-424b-9868-57a2d4851a1d" />
      </TestEntries>
    </TestEntry>
    <TestEntry testId="ded44ab9-aaf0-4fc8-8841-e17cd858837f" executionId="b73d9078-0729-4052-9aa6-b99bdd18aa6f" testListId="8c84fa94-04c1-424b-9868-57a2d4851a1d">
      <TestEntries>
        <TestEntry testId="89959051-36d8-44e8-ab9d-f3cf124ef4a9" executionId="96facb29-1241-41ca-83c5-5e8931283d82" parentExecutionId="b73d9078-0729-4052-9aa6-b99bdd18aa6f" testListId="8c84fa94-04c1-424b-9868-57a2d4851a1d" />
      </TestEntries>
    </TestEntry>
    <TestEntry testId="c9b23edd-39b0-4329-bbd0-d5e22701290c" executionId="817f157e-ffed-462f-88e4-c65e1012c8cb" testListId="8c84fa94-04c1-424b-9868-57a2d4851a1d">
      <TestEntries>
        <TestEntry testId="0eae1b98-54a3-47a3-8254-c307991db849" executionId="7ddec16a-e315-43a7-83c8-2ccddb07eabe" parentExecutionId="817f157e-ffed-462f-88e4-c65e1012c8cb" testListId="8c84fa94-04c1-424b-9868-57a2d4851a1d" />
        <TestEntry testId="b69c1963-70e4-4759-9f98-e185892c0bd8" executionId="e2104b06-a466-4721-b03b-28815e4f1ccc" parentExecutionId="817f157e-ffed-462f-88e4-c65e1012c8cb" testListId="8c84fa94-04c1-424b-9868-57a2d4851a1d" />
      </TestEntries>
    </TestEntry>
    <TestEntry testId="119c504d-e47a-4a19-9857-5b3c43f28cc2" executionId="a9bbf815-0cf2-4d0e-8149-403984943fdc" testListId="8c84fa94-04c1-424b-9868-57a2d4851a1d">
      <TestEntries>
        <TestEntry testId="9fe321cd-6109-4ae5-8e8a-2c866e06c51e" executionId="8d0c3dec-d7db-496c-9799-c7d932aa6e43" parentExecutionId="a9bbf815-0cf2-4d0e-8149-403984943fdc" testListId="8c84fa94-04c1-424b-9868-57a2d4851a1d" />
        <TestEntry testId="d7ab1bf6-1adb-4780-abe0-69ff4d3b2b83" executionId="09a86f22-1347-440b-a485-3614faf5ba01" parentExecutionId="a9bbf815-0cf2-4d0e-8149-403984943fdc" testListId="8c84fa94-04c1-424b-9868-57a2d4851a1d" />
        <TestEntry testId="191809a0-2f40-4296-8a92-cfd5bd90c313" executionId="3eb2a1a7-5566-4638-ae74-9aca3434bfdd" parentExecutionId="a9bbf815-0cf2-4d0e-8149-403984943fdc" testListId="8c84fa94-04c1-424b-9868-57a2d4851a1d" />
        <TestEntry testId="01ef4fe4-8d78-44b6-9605-758177f06b88" executionId="11264508-a271-4138-88c8-29c553d00c59" parentExecutionId="a9bbf815-0cf2-4d0e-8149-403984943fdc" testListId="8c84fa94-04c1-424b-9868-57a2d4851a1d" />
        <TestEntry testId="e73c83c5-79fc-4fae-aeef-b3aa8f461cc4" executionId="4758ea31-581d-4d62-86ef-993c370f29ec" parentExecutionId="a9bbf815-0cf2-4d0e-8149-403984943fdc" testListId="8c84fa94-04c1-424b-9868-57a2d4851a1d" />
        <TestEntry testId="d76b35fd-cc5a-4266-a416-2e375d280f74" executionId="c63badc5-bb52-42c0-98f6-35b540079535" parentExecutionId="a9bbf815-0cf2-4d0e-8149-403984943fdc" testListId="8c84fa94-04c1-424b-9868-57a2d4851a1d" />
        <TestEntry testId="8a86c457-2c3b-4744-a122-30ab66281a61" executionId="c477c6c6-86ee-4649-96c9-27313b040be8" parentExecutionId="a9bbf815-0cf2-4d0e-8149-403984943fdc" testListId="8c84fa94-04c1-424b-9868-57a2d4851a1d" />
        <TestEntry testId="f1a8d552-fece-485d-b248-1105498d8e2f" executionId="31b2a2b5-8e15-4eff-8b2d-d13a34d56bdc" parentExecutionId="a9bbf815-0cf2-4d0e-8149-403984943fdc" testListId="8c84fa94-04c1-424b-9868-57a2d4851a1d" />
      </TestEntries>
    </TestEntry>
    <TestEntry testId="08d6bdce-b153-4366-8c38-979cfe73007d" executionId="08755f92-6828-4339-b171-84cc45efda41" testListId="8c84fa94-04c1-424b-9868-57a2d4851a1d">
      <TestEntries>
        <TestEntry testId="d12c34a8-1010-4092-aaa0-13a8d7f9e4c9" executionId="d3c0d383-5623-4dc5-a735-caf11424dbbf" parentExecutionId="08755f92-6828-4339-b171-84cc45efda41" testListId="8c84fa94-04c1-424b-9868-57a2d4851a1d" />
      </TestEntries>
    </TestEntry>
    <TestEntry testId="d0465c44-c0a3-4efd-b6f7-32369218ba8b" executionId="ee0af9ad-87c1-4def-ba51-b7af8c54b6fa" testListId="8c84fa94-04c1-424b-9868-57a2d4851a1d">
      <TestEntries>
        <TestEntry testId="305c4654-072a-4b98-9b74-a06a57852618" executionId="fa0cacd7-b4a9-4c3b-9826-839600f6719d" parentExecutionId="ee0af9ad-87c1-4def-ba51-b7af8c54b6fa" testListId="8c84fa94-04c1-424b-9868-57a2d4851a1d" />
        <TestEntry testId="416e150d-4f12-4c15-8ab3-858f45027575" executionId="2704ee25-4ed0-4f60-950b-c0cda5d98dcb" parentExecutionId="ee0af9ad-87c1-4def-ba51-b7af8c54b6fa" testListId="8c84fa94-04c1-424b-9868-57a2d4851a1d" />
        <TestEntry testId="b04ea982-999d-49ae-b2f9-0e826d2ad849" executionId="b82db9ed-d74b-46d9-923e-a9800c1d5b27" parentExecutionId="ee0af9ad-87c1-4def-ba51-b7af8c54b6fa" testListId="8c84fa94-04c1-424b-9868-57a2d4851a1d" />
        <TestEntry testId="60cde5a2-b74b-44a5-a608-03a8d2719416" executionId="e748bf57-68b0-49fb-aa3d-8d59037d538f" parentExecutionId="ee0af9ad-87c1-4def-ba51-b7af8c54b6fa" testListId="8c84fa94-04c1-424b-9868-57a2d4851a1d" />
        <TestEntry testId="9c658faa-926b-4aa2-9f34-a0cf9f3f4055" executionId="320655a5-2f79-4b07-bb81-cab281a4de34" parentExecutionId="ee0af9ad-87c1-4def-ba51-b7af8c54b6fa" testListId="8c84fa94-04c1-424b-9868-57a2d4851a1d" />
        <TestEntry testId="8aede2d5-5a4e-4ed0-a62d-d713395b6abb" executionId="e3bd15ea-4f63-4023-ad4e-2ff417cd4152" parentExecutionId="ee0af9ad-87c1-4def-ba51-b7af8c54b6fa" testListId="8c84fa94-04c1-424b-9868-57a2d4851a1d" />
        <TestEntry testId="3c3dc518-0a0a-49e9-8de7-9d1c7822773c" executionId="52e68fde-564c-4830-bb38-173b8601c3ea" parentExecutionId="ee0af9ad-87c1-4def-ba51-b7af8c54b6fa" testListId="8c84fa94-04c1-424b-9868-57a2d4851a1d" />
        <TestEntry testId="570c9cec-b671-49b8-aabc-f25dd4eb0b8d" executionId="d3bceb28-1c44-49cb-bab0-78cc32d56eb5" parentExecutionId="ee0af9ad-87c1-4def-ba51-b7af8c54b6fa" testListId="8c84fa94-04c1-424b-9868-57a2d4851a1d" />
      </TestEntries>
    </TestEntry>
    <TestEntry testId="15a39eaa-8ba6-43c1-85e7-93c75dd186e7" executionId="f73c1d31-982d-4299-979d-5e75a58a7144" testListId="8c84fa94-04c1-424b-9868-57a2d4851a1d">
      <TestEntries>
        <TestEntry testId="bbc2aef8-2bd3-4a54-aa40-2cdabd5efc3f" executionId="d4a944d1-a6ff-4992-a4ce-6242ea9f9642" parentExecutionId="f73c1d31-982d-4299-979d-5e75a58a7144" testListId="8c84fa94-04c1-424b-9868-57a2d4851a1d" />
      </TestEntries>
    </TestEntry>
    <TestEntry testId="bc4e7082-cfcc-46c7-a1c4-9de3c5d60bde" executionId="02dc448d-3784-4be8-8eb6-9db0795d6d96" testListId="8c84fa94-04c1-424b-9868-57a2d4851a1d">
      <TestEntries>
        <TestEntry testId="881b9e47-fdf9-4481-98c4-d1f009f262cc" executionId="8e3b8353-6ab8-4c55-93d4-f0d6545af0d2" parentExecutionId="02dc448d-3784-4be8-8eb6-9db0795d6d96" testListId="8c84fa94-04c1-424b-9868-57a2d4851a1d" />
      </TestEntries>
    </TestEntry>
    <TestEntry testId="0bfbc540-49fd-4a69-b315-20f863a3eb6d" executionId="9333d4d9-6198-463e-a6dd-a3a4c0a7a69f" testListId="8c84fa94-04c1-424b-9868-57a2d4851a1d">
      <TestEntries>
        <TestEntry testId="ef59b41e-05ff-4a43-903f-d90989ee2e0e" executionId="8b3cca0c-812d-45f3-b463-827b016fa1ee" parentExecutionId="9333d4d9-6198-463e-a6dd-a3a4c0a7a69f" testListId="8c84fa94-04c1-424b-9868-57a2d4851a1d" />
        <TestEntry testId="f3cfe877-6610-46f6-bf91-f30b64396c35" executionId="eea9d9bc-b28e-4056-9fe7-625b902a8f5e" parentExecutionId="9333d4d9-6198-463e-a6dd-a3a4c0a7a69f" testListId="8c84fa94-04c1-424b-9868-57a2d4851a1d" />
        <TestEntry testId="d09f0182-44f2-4c54-b383-0d2527756e0b" executionId="d678c7dd-c214-4df1-924d-e380852e9cd5" parentExecutionId="9333d4d9-6198-463e-a6dd-a3a4c0a7a69f" testListId="8c84fa94-04c1-424b-9868-57a2d4851a1d" />
        <TestEntry testId="d09f0182-44f2-4c54-b383-0d2527756e0c" executionId="33f04400-a2e4-4199-acad-f204d98c75e8" parentExecutionId="9333d4d9-6198-463e-a6dd-a3a4c0a7a69f" testListId="8c84fa94-04c1-424b-9868-57a2d4851a1d" />
        <TestEntry testId="a52f971a-5cd8-4f73-bb19-2ad8d9f87b9d" executionId="7a1a6786-84c7-4d96-b645-d5f2b0a934a6" parentExecutionId="9333d4d9-6198-463e-a6dd-a3a4c0a7a69f" testListId="8c84fa94-04c1-424b-9868-57a2d4851a1d" />
        <TestEntry testId="15f2bab0-2b9f-444e-a20c-8d630b66544b" executionId="de954e96-8c15-4416-a5ed-282fd403f3d5" parentExecutionId="9333d4d9-6198-463e-a6dd-a3a4c0a7a69f" testListId="8c84fa94-04c1-424b-9868-57a2d4851a1d" />
        <TestEntry testId="15f2bab0-2b9f-444e-a20c-8d630b66544c" executionId="2ead5dea-2342-414e-96f3-78dd2d9d8161" parentExecutionId="9333d4d9-6198-463e-a6dd-a3a4c0a7a69f" testListId="8c84fa94-04c1-424b-9868-57a2d4851a1d" />
        <TestEntry testId="375785a7-508a-40f7-84ae-b2608fc3d684" executionId="c8b2afa0-cb9e-4d50-9d64-325ff5a2731d" parentExecutionId="9333d4d9-6198-463e-a6dd-a3a4c0a7a69f" testListId="8c84fa94-04c1-424b-9868-57a2d4851a1d" />
      </TestEntries>
    </TestEntry>
    <TestEntry testId="94a60c78-9dfc-4272-982b-fd6a6e4899a9" executionId="dcdc0308-a0f6-4dd3-a6f0-92fb7a3259e6" testListId="8c84fa94-04c1-424b-9868-57a2d4851a1d">
      <TestEntries>
        <TestEntry testId="89959051-36d8-44e8-ab9d-f3cf124ef4ae" executionId="ef02fffe-fdde-499f-840c-b3da378b5c66" parentExecutionId="dcdc0308-a0f6-4dd3-a6f0-92fb7a3259e6" testListId="8c84fa94-04c1-424b-9868-57a2d4851a1d" />
      </TestEntries>
    </TestEntry>
    <TestEntry testId="009acd4f-9701-4cca-81f5-bfe1d2748d18" executionId="4ed0a644-67a2-46b0-8987-640fb8ec249c" testListId="8c84fa94-04c1-424b-9868-57a2d4851a1d">
      <TestEntries>
        <TestEntry testId="3d93ed3a-2ab0-4db8-af87-bd0f005691f6" executionId="397441a1-fce9-47bb-8d93-07c16dd22f78" parentExecutionId="4ed0a644-67a2-46b0-8987-640fb8ec249c" testListId="8c84fa94-04c1-424b-9868-57a2d4851a1d" />
        <TestEntry testId="4617d575-b184-4ced-aa64-6b9098079a41" executionId="2ed0b19c-3e87-4457-8531-b2322becfc44" parentExecutionId="4ed0a644-67a2-46b0-8987-640fb8ec249c" testListId="8c84fa94-04c1-424b-9868-57a2d4851a1d" />
        <TestEntry testId="00272d9d-3ad0-48dd-9ed5-a0a8876744a6" executionId="1523b41c-6fab-4522-9206-0b2c39edfee8" parentExecutionId="4ed0a644-67a2-46b0-8987-640fb8ec249c" testListId="8c84fa94-04c1-424b-9868-57a2d4851a1d" />
        <TestEntry testId="73a34ce6-6763-43d4-8f29-8bcbc51fa9a9" executionId="4c8bb006-9276-44f3-8303-6024d57e7ce2" parentExecutionId="4ed0a644-67a2-46b0-8987-640fb8ec249c" testListId="8c84fa94-04c1-424b-9868-57a2d4851a1d" />
        <TestEntry testId="7e689fb9-8411-470a-a0c8-1ccae6d7fc79" executionId="5284c718-024b-4c16-a5bd-05f0d09e8a5a" parentExecutionId="4ed0a644-67a2-46b0-8987-640fb8ec249c" testListId="8c84fa94-04c1-424b-9868-57a2d4851a1d" />
        <TestEntry testId="7637d1c4-0256-4aac-b114-a60b079e1a0b" executionId="b245f5b2-05ba-4e42-af90-ea5c8c0cf08f" parentExecutionId="4ed0a644-67a2-46b0-8987-640fb8ec249c" testListId="8c84fa94-04c1-424b-9868-57a2d4851a1d" />
        <TestEntry testId="ed1fabea-0bc1-4dc1-925e-2de790c3000e" executionId="b2ff573c-1ac0-4ef6-9c80-e21d34a5c751" parentExecutionId="4ed0a644-67a2-46b0-8987-640fb8ec249c" testListId="8c84fa94-04c1-424b-9868-57a2d4851a1d" />
        <TestEntry testId="56884647-1b9c-43c6-b5b6-6aac66429d94" executionId="52b3e944-ee90-401e-904a-797473b6934a" parentExecutionId="4ed0a644-67a2-46b0-8987-640fb8ec249c" testListId="8c84fa94-04c1-424b-9868-57a2d4851a1d" />
      </TestEntries>
    </TestEntry>
    <TestEntry testId="fad4720b-b25e-44ac-8a80-c63839c54378" executionId="9046532c-4bd2-4273-9ab3-bbd600096885" testListId="8c84fa94-04c1-424b-9868-57a2d4851a1d">
      <TestEntries>
        <TestEntry testId="9a123e0d-57dd-4bf9-b2a2-398899265601" executionId="b3882532-e470-41fc-ac75-5999ed97ca48" parentExecutionId="9046532c-4bd2-4273-9ab3-bbd600096885" testListId="8c84fa94-04c1-424b-9868-57a2d4851a1d" />
        <TestEntry testId="2bd7af7e-166b-4f34-9582-ab21df05fe96" executionId="f6048a8a-a4cb-4248-8a7e-c60ae093285d" parentExecutionId="9046532c-4bd2-4273-9ab3-bbd600096885" testListId="8c84fa94-04c1-424b-9868-57a2d4851a1d" />
      </TestEntries>
    </TestEntry>
    <TestEntry testId="7aa25d67-c293-45ad-9d77-12fd2cc8e7cc" executionId="5ee5167a-5392-44b7-854c-73a3e56a723b" testListId="8c84fa94-04c1-424b-9868-57a2d4851a1d">
      <TestEntries>
        <TestEntry testId="87c1fa65-0f8e-4c3e-9cdc-d02758f71c44" executionId="5440cd6b-18f3-400d-b790-d2bbed7f99fb" parentExecutionId="5ee5167a-5392-44b7-854c-73a3e56a723b" testListId="8c84fa94-04c1-424b-9868-57a2d4851a1d" />
      </TestEntries>
    </TestEntry>
    <TestEntry testId="744c835c-e641-4c35-9df5-ed90553e5077" executionId="02fb9329-2db5-4c5c-83c0-929721f070b4" testListId="8c84fa94-04c1-424b-9868-57a2d4851a1d">
      <TestEntries>
        <TestEntry testId="0473d812-4ac7-4ee3-8afb-55ccb82493d7" executionId="21054bff-b19c-47ac-b295-58d5b370608f" parentExecutionId="02fb9329-2db5-4c5c-83c0-929721f070b4" testListId="8c84fa94-04c1-424b-9868-57a2d4851a1d" />
        <TestEntry testId="0d16fd31-a1fa-4929-90d3-aa019feaa032" executionId="9d88861b-237f-43df-9f2b-37c1497c939a" parentExecutionId="02fb9329-2db5-4c5c-83c0-929721f070b4" testListId="8c84fa94-04c1-424b-9868-57a2d4851a1d" />
        <TestEntry testId="293e0d0d-65ad-496e-9e26-c53f5aa1b813" executionId="861a4d38-6a03-4f31-99eb-3c8917870d6d" parentExecutionId="02fb9329-2db5-4c5c-83c0-929721f070b4" testListId="8c84fa94-04c1-424b-9868-57a2d4851a1d" />
        <TestEntry testId="19d7dc74-8298-4815-8b53-002aa9d09854" executionId="99a90365-2ba6-460d-9e95-8eba058d0429" parentExecutionId="02fb9329-2db5-4c5c-83c0-929721f070b4" testListId="8c84fa94-04c1-424b-9868-57a2d4851a1d" />
        <TestEntry testId="c484d781-41e6-4c60-84db-ec5342fe3736" executionId="1ee27a1b-89c1-4697-962b-5a123c78938a" parentExecutionId="02fb9329-2db5-4c5c-83c0-929721f070b4" testListId="8c84fa94-04c1-424b-9868-57a2d4851a1d" />
        <TestEntry testId="4898ec3a-86cc-4180-b6d9-3b682a627edb" executionId="a5fe66d4-a1e8-4b96-9e4f-76c5c65316e4" parentExecutionId="02fb9329-2db5-4c5c-83c0-929721f070b4" testListId="8c84fa94-04c1-424b-9868-57a2d4851a1d" />
        <TestEntry testId="7a25fa5d-1d5a-4fda-a47c-513c092ae6f2" executionId="89bf4e21-44bb-4e71-8d11-ffbc0337db38" parentExecutionId="02fb9329-2db5-4c5c-83c0-929721f070b4" testListId="8c84fa94-04c1-424b-9868-57a2d4851a1d" />
        <TestEntry testId="231b4867-1beb-48a0-89a9-9de471389bf0" executionId="f82e4dfb-5ca2-428c-8ae1-aabbe4c9fa01" parentExecutionId="02fb9329-2db5-4c5c-83c0-929721f070b4" testListId="8c84fa94-04c1-424b-9868-57a2d4851a1d" />
      </TestEntries>
    </TestEntry>
    <TestEntry testId="62a595d3-4c48-4ddf-a9ab-2affd47a2eac" executionId="9d633ace-58cb-40e0-bb9b-d8b00dd4fdd9" testListId="8c84fa94-04c1-424b-9868-57a2d4851a1d">
      <TestEntries>
        <TestEntry testId="c4ce48df-bba4-4f47-b69d-ee33d1981eb1" executionId="97a6ee66-6203-4834-b4c8-3ee100534e5f" parentExecutionId="9d633ace-58cb-40e0-bb9b-d8b00dd4fdd9" testListId="8c84fa94-04c1-424b-9868-57a2d4851a1d" />
        <TestEntry testId="6d5c09d2-046f-4dae-8858-41fa0be1c3dc" executionId="1e7653d0-96df-4a6b-8223-01a705b75978" parentExecutionId="9d633ace-58cb-40e0-bb9b-d8b00dd4fdd9" testListId="8c84fa94-04c1-424b-9868-57a2d4851a1d" />
        <TestEntry testId="fa0959fe-e713-4e38-aad8-1fb3aa0e25fb" executionId="b8f85976-be2d-4d5c-87ec-e5142c71c571" parentExecutionId="9d633ace-58cb-40e0-bb9b-d8b00dd4fdd9" testListId="8c84fa94-04c1-424b-9868-57a2d4851a1d" />
        <TestEntry testId="e1204454-f111-420f-9994-8229d7f3a43d" executionId="16d91ef2-85ed-42e8-b889-4fe12f2126ab" parentExecutionId="9d633ace-58cb-40e0-bb9b-d8b00dd4fdd9" testListId="8c84fa94-04c1-424b-9868-57a2d4851a1d" />
        <TestEntry testId="c958152b-26ac-4f4b-9276-5d8e2d52bf81" executionId="13bf064a-4c05-448a-97e5-0c65c2421d62" parentExecutionId="9d633ace-58cb-40e0-bb9b-d8b00dd4fdd9" testListId="8c84fa94-04c1-424b-9868-57a2d4851a1d" />
        <TestEntry testId="139e63b3-2051-4895-a8f4-3f57b30db4ec" executionId="c2f29afe-c778-480a-90b5-0f79b997518c" parentExecutionId="9d633ace-58cb-40e0-bb9b-d8b00dd4fdd9" testListId="8c84fa94-04c1-424b-9868-57a2d4851a1d" />
        <TestEntry testId="a5b1608e-9501-4d96-b719-2198d87de7d0" executionId="c3d5cca7-a1d2-4751-95f6-803fa01741de" parentExecutionId="9d633ace-58cb-40e0-bb9b-d8b00dd4fdd9" testListId="8c84fa94-04c1-424b-9868-57a2d4851a1d" />
      </TestEntries>
    </TestEntry>
    <TestEntry testId="9156f678-380e-424e-8173-588b0f37a0f5" executionId="fb06118d-4b7c-4860-9fb7-bf491401fa76" testListId="8c84fa94-04c1-424b-9868-57a2d4851a1d">
      <TestEntries>
        <TestEntry testId="199cf613-8fcc-4ff8-b330-6fea857f4620" executionId="2b1e5207-7f14-480c-a4cf-13fec1a5bedc" parentExecutionId="fb06118d-4b7c-4860-9fb7-bf491401fa76" testListId="8c84fa94-04c1-424b-9868-57a2d4851a1d" />
        <TestEntry testId="5aa87472-099e-4d13-b713-c555c492ff46" executionId="8a661433-fb45-46f8-bada-951df78052de" parentExecutionId="fb06118d-4b7c-4860-9fb7-bf491401fa76" testListId="8c84fa94-04c1-424b-9868-57a2d4851a1d" />
        <TestEntry testId="7366db68-50a7-488c-8cd3-0a98cc393e1c" executionId="c0caff5f-679e-48e0-ba03-8e7b667df1ef" parentExecutionId="fb06118d-4b7c-4860-9fb7-bf491401fa76" testListId="8c84fa94-04c1-424b-9868-57a2d4851a1d" />
        <TestEntry testId="c94ddd41-e29e-4551-9b89-f5ad63ea50ee" executionId="46a7e8ca-8338-409d-85f7-8ce400b18076" parentExecutionId="fb06118d-4b7c-4860-9fb7-bf491401fa76" testListId="8c84fa94-04c1-424b-9868-57a2d4851a1d" />
        <TestEntry testId="079e1f06-06c6-4170-866f-3945f425a916" executionId="e0af5b5c-2d0b-46b8-adef-9f56c857ba39" parentExecutionId="fb06118d-4b7c-4860-9fb7-bf491401fa76" testListId="8c84fa94-04c1-424b-9868-57a2d4851a1d" />
        <TestEntry testId="d76b35fd-cc5a-4266-a416-2e375d280f78" executionId="81111635-e83e-4f95-b4a5-25b8709aba7f" parentExecutionId="fb06118d-4b7c-4860-9fb7-bf491401fa76" testListId="8c84fa94-04c1-424b-9868-57a2d4851a1d" />
      </TestEntries>
    </TestEntry>
    <TestEntry testId="3de5438a-86da-4c0b-97e2-bd6edb28d276" executionId="f51cf7a5-90aa-4d7b-a241-f8ea6421a15e" testListId="8c84fa94-04c1-424b-9868-57a2d4851a1d">
      <TestEntries>
        <TestEntry testId="63949dfa-66ca-4963-b072-72959d25bf67" executionId="fb612b58-7d5d-4e48-87c3-a8abbcd8e312" parentExecutionId="f51cf7a5-90aa-4d7b-a241-f8ea6421a15e" testListId="8c84fa94-04c1-424b-9868-57a2d4851a1d" />
        <TestEntry testId="940031ca-9d38-47ed-8c77-ad10f0c3c3d3" executionId="47c1a033-bf00-4290-857f-9209f0780ffc" parentExecutionId="f51cf7a5-90aa-4d7b-a241-f8ea6421a15e" testListId="8c84fa94-04c1-424b-9868-57a2d4851a1d" />
        <TestEntry testId="4f7aa85e-1503-43df-a526-8c69881c0e50" executionId="50579134-2145-44cb-863b-51742c0aa318" parentExecutionId="f51cf7a5-90aa-4d7b-a241-f8ea6421a15e" testListId="8c84fa94-04c1-424b-9868-57a2d4851a1d" />
        <TestEntry testId="269d72a6-4d2d-42ae-b3d0-50799caa3d51" executionId="3ecb82ed-7aa0-47d0-bce0-6b532c864745" parentExecutionId="f51cf7a5-90aa-4d7b-a241-f8ea6421a15e" testListId="8c84fa94-04c1-424b-9868-57a2d4851a1d" />
        <TestEntry testId="d638d69b-0179-48df-b10c-83bcec97ae96" executionId="ecac6326-733a-4910-88f5-50f8d485ba10" parentExecutionId="f51cf7a5-90aa-4d7b-a241-f8ea6421a15e" testListId="8c84fa94-04c1-424b-9868-57a2d4851a1d" />
        <TestEntry testId="e13b72df-1d4f-4c6b-aacb-4715c10aa389" executionId="993570f2-6d0a-4d94-8882-c46a86f1ad87" parentExecutionId="f51cf7a5-90aa-4d7b-a241-f8ea6421a15e" testListId="8c84fa94-04c1-424b-9868-57a2d4851a1d" />
        <TestEntry testId="6b4cbff4-5f06-4e25-aa39-ec3ab47eda15" executionId="39f5e03b-55eb-4d76-9a71-6622c1f42d63" parentExecutionId="f51cf7a5-90aa-4d7b-a241-f8ea6421a15e" testListId="8c84fa94-04c1-424b-9868-57a2d4851a1d" />
      </TestEntries>
    </TestEntry>
    <TestEntry testId="29418676-9732-447c-92af-6d4139c13799" executionId="340d93fe-f399-44c9-99a8-4a2e57db64d8" testListId="8c84fa94-04c1-424b-9868-57a2d4851a1d">
      <TestEntries>
        <TestEntry testId="ad3701cc-1f08-499d-b55e-ae01034b842f" executionId="6c0d1be1-3255-4fdc-9238-9f68f5fee32e" parentExecutionId="340d93fe-f399-44c9-99a8-4a2e57db64d8" testListId="8c84fa94-04c1-424b-9868-57a2d4851a1d" />
        <TestEntry testId="5f4b2f19-4bb8-4014-acea-809ce0ac81a6" executionId="571b1db2-abf4-4fdc-88a8-3ed35d225eaf" parentExecutionId="340d93fe-f399-44c9-99a8-4a2e57db64d8" testListId="8c84fa94-04c1-424b-9868-57a2d4851a1d" />
        <TestEntry testId="4d2afcc2-151c-4d56-82f1-f055bd334530" executionId="347c77b6-eca7-4dfb-9c72-a2266eac7e41" parentExecutionId="340d93fe-f399-44c9-99a8-4a2e57db64d8" testListId="8c84fa94-04c1-424b-9868-57a2d4851a1d" />
        <TestEntry testId="f0b1afb7-c057-4784-b431-4dd19270bc62" executionId="e7ec907b-8185-4d03-a30b-94dadf3ebaa0" parentExecutionId="340d93fe-f399-44c9-99a8-4a2e57db64d8" testListId="8c84fa94-04c1-424b-9868-57a2d4851a1d" />
        <TestEntry testId="faa5020b-0ff6-40e1-a387-ec9cfaebac47" executionId="b3589a04-9dee-470f-9ad3-18193d43888f" parentExecutionId="340d93fe-f399-44c9-99a8-4a2e57db64d8" testListId="8c84fa94-04c1-424b-9868-57a2d4851a1d" />
        <TestEntry testId="8aed51c6-5a70-4b3f-b492-0653ceed5bbb" executionId="889d4844-6788-4163-a809-5609be0ad513" parentExecutionId="340d93fe-f399-44c9-99a8-4a2e57db64d8" testListId="8c84fa94-04c1-424b-9868-57a2d4851a1d" />
      </TestEntries>
    </TestEntry>
    <TestEntry testId="e565be03-d37f-4113-a696-6db5145a91a6" executionId="20636bca-6a6c-4bd5-a981-a093d4ae0218" testListId="8c84fa94-04c1-424b-9868-57a2d4851a1d">
      <TestEntries>
        <TestEntry testId="ed32ceb4-834e-4cc6-a2b2-74dc76fb4ab7" executionId="2127f3ba-70ab-47a6-b96d-28c7257fad49" parentExecutionId="20636bca-6a6c-4bd5-a981-a093d4ae0218" testListId="8c84fa94-04c1-424b-9868-57a2d4851a1d" />
      </TestEntries>
    </TestEntry>
    <TestEntry testId="c4101f9d-51e1-48d0-a099-e19b85b95e0f" executionId="05751b49-b3d2-420a-9fe7-b1bcfbcbfec2" testListId="8c84fa94-04c1-424b-9868-57a2d4851a1d">
      <TestEntries>
        <TestEntry testId="5683fef9-05cf-4edd-ac28-1e207a425f7e" executionId="648bf32a-b8b6-435e-a70e-9ebe7d03fc61" parentExecutionId="05751b49-b3d2-420a-9fe7-b1bcfbcbfec2" testListId="8c84fa94-04c1-424b-9868-57a2d4851a1d" />
        <TestEntry testId="fc9aa86e-d200-4951-9c3f-ff60e68bc6aa" executionId="67b94978-6aed-4a68-9533-dbd1083c9031" parentExecutionId="05751b49-b3d2-420a-9fe7-b1bcfbcbfec2" testListId="8c84fa94-04c1-424b-9868-57a2d4851a1d" />
        <TestEntry testId="a43e8873-9041-4e33-99a6-5810d0a3598b" executionId="a956f283-1644-4788-aea8-af5db444929a" parentExecutionId="05751b49-b3d2-420a-9fe7-b1bcfbcbfec2" testListId="8c84fa94-04c1-424b-9868-57a2d4851a1d" />
        <TestEntry testId="547fb208-3df0-4667-b2a4-612c9c8080b2" executionId="3b668c7e-d29d-4729-a28b-de1b159c7bdf" parentExecutionId="05751b49-b3d2-420a-9fe7-b1bcfbcbfec2" testListId="8c84fa94-04c1-424b-9868-57a2d4851a1d" />
        <TestEntry testId="05df57c3-f35b-4299-9951-bc08097a6283" executionId="d59df002-6e4e-448b-b008-14e78688d4bb" parentExecutionId="05751b49-b3d2-420a-9fe7-b1bcfbcbfec2" testListId="8c84fa94-04c1-424b-9868-57a2d4851a1d" />
        <TestEntry testId="d76b35fd-cc5a-4266-a416-2e375d280f79" executionId="e3dd98a6-0639-4e92-8af3-8f4dfdeb421e" parentExecutionId="05751b49-b3d2-420a-9fe7-b1bcfbcbfec2" testListId="8c84fa94-04c1-424b-9868-57a2d4851a1d" />
      </TestEntries>
    </TestEntry>
    <TestEntry testId="1d6c875d-d311-4533-bc7a-5096e264a4a8" executionId="cd39c91b-6fc0-45ed-ad11-b03b8ed6c86f" testListId="8c84fa94-04c1-424b-9868-57a2d4851a1d">
      <TestEntries>
        <TestEntry testId="8ceb741b-65c2-400f-afcc-df59b8397f18" executionId="f026c113-0ca9-40fd-82f9-0a3884e2ad48" parentExecutionId="cd39c91b-6fc0-45ed-ad11-b03b8ed6c86f" testListId="8c84fa94-04c1-424b-9868-57a2d4851a1d" />
      </TestEntries>
    </TestEntry>
    <TestEntry testId="fb72c0e4-6c26-488d-b46a-eda20a8540b9" executionId="c07572d8-3e49-4f65-a8d1-ed7a237e0c45" testListId="8c84fa94-04c1-424b-9868-57a2d4851a1d">
      <TestEntries>
        <TestEntry testId="1d23b788-9e01-43b6-8cfb-816f5126dba9" executionId="f65e6868-1897-4e8f-ba9b-ee337232effd" parentExecutionId="c07572d8-3e49-4f65-a8d1-ed7a237e0c45" testListId="8c84fa94-04c1-424b-9868-57a2d4851a1d" />
        <TestEntry testId="a1304e7f-ad91-4bd8-a284-ef08b7dde3a7" executionId="5179beb4-da9e-460f-b723-c19ab135b060" parentExecutionId="c07572d8-3e49-4f65-a8d1-ed7a237e0c45" testListId="8c84fa94-04c1-424b-9868-57a2d4851a1d" />
        <TestEntry testId="584a69a0-c2b7-4b25-b481-a45aa22352ad" executionId="2ad02355-5525-4f15-a802-af23188263fb" parentExecutionId="c07572d8-3e49-4f65-a8d1-ed7a237e0c45" testListId="8c84fa94-04c1-424b-9868-57a2d4851a1d" />
        <TestEntry testId="7f398d13-d657-4226-9c09-a83f186e6962" executionId="2380aed6-019d-45b5-85bf-fe1a09aae439" parentExecutionId="c07572d8-3e49-4f65-a8d1-ed7a237e0c45" testListId="8c84fa94-04c1-424b-9868-57a2d4851a1d" />
        <TestEntry testId="a6b9ed6f-81cb-4cb4-b9ad-f16d2683b4b1" executionId="61ec9090-a9de-46ca-aa87-f8263df316de" parentExecutionId="c07572d8-3e49-4f65-a8d1-ed7a237e0c45" testListId="8c84fa94-04c1-424b-9868-57a2d4851a1d" />
        <TestEntry testId="00609e86-8f24-460c-9067-7d647f000da3" executionId="5fe29330-b195-4dc6-9ba6-b7586febb8bf" parentExecutionId="c07572d8-3e49-4f65-a8d1-ed7a237e0c45" testListId="8c84fa94-04c1-424b-9868-57a2d4851a1d" />
        <TestEntry testId="8f501d3f-8637-4717-bfac-d9852c9f5477" executionId="1c28e987-affe-4658-adec-d727f86b48a0" parentExecutionId="c07572d8-3e49-4f65-a8d1-ed7a237e0c45" testListId="8c84fa94-04c1-424b-9868-57a2d4851a1d" />
      </TestEntries>
    </TestEntry>
    <TestEntry testId="741de36e-70c2-4275-94a0-843ec0c4b30a" executionId="ceba3cfb-f8cb-422b-acab-d09e7e4412a4" testListId="8c84fa94-04c1-424b-9868-57a2d4851a1d">
      <TestEntries>
        <TestEntry testId="272214a2-ee76-404d-bb03-2102acca9695" executionId="885c3ee1-1397-4a24-b2bf-d72f11b5f35c" parentExecutionId="ceba3cfb-f8cb-422b-acab-d09e7e4412a4" testListId="8c84fa94-04c1-424b-9868-57a2d4851a1d" />
        <TestEntry testId="e4e7906e-bb80-425d-8871-e23fea3d625f" executionId="cb97eefe-ddb5-4077-905f-16eae3dcf6fe" parentExecutionId="ceba3cfb-f8cb-422b-acab-d09e7e4412a4" testListId="8c84fa94-04c1-424b-9868-57a2d4851a1d" />
        <TestEntry testId="7ebbd344-c3ff-483d-9bb4-8ecc590d1b58" executionId="4a2be93b-dd2d-4444-b1c8-01d812577461" parentExecutionId="ceba3cfb-f8cb-422b-acab-d09e7e4412a4" testListId="8c84fa94-04c1-424b-9868-57a2d4851a1d" />
        <TestEntry testId="ff3d5617-e7f0-47d7-b4e4-194528b145d8" executionId="9b3494b7-9960-463f-8025-8786cb1fc504" parentExecutionId="ceba3cfb-f8cb-422b-acab-d09e7e4412a4" testListId="8c84fa94-04c1-424b-9868-57a2d4851a1d" />
        <TestEntry testId="97335ec2-4a99-4833-b972-ab48ff700312" executionId="443d90e1-7fc0-4ca7-b074-c6c729130f6e" parentExecutionId="ceba3cfb-f8cb-422b-acab-d09e7e4412a4" testListId="8c84fa94-04c1-424b-9868-57a2d4851a1d" />
        <TestEntry testId="55b58fea-e99d-49f4-9ed0-098603b1ac79" executionId="f0259dff-6682-4dc9-a150-e5ddc6592afb" parentExecutionId="ceba3cfb-f8cb-422b-acab-d09e7e4412a4" testListId="8c84fa94-04c1-424b-9868-57a2d4851a1d" />
      </TestEntries>
    </TestEntry>
    <TestEntry testId="bebd1530-12b2-493c-a4bc-0958636927b9" executionId="f687f83f-35d3-4cd0-ae38-43637f8f4f7d" testListId="8c84fa94-04c1-424b-9868-57a2d4851a1d">
      <TestEntries>
        <TestEntry testId="7bd6ad64-70f9-4b50-8dab-f8cc34acede7" executionId="06a427c0-7e78-47c8-b48b-aab076eb66e6" parentExecutionId="f687f83f-35d3-4cd0-ae38-43637f8f4f7d" testListId="8c84fa94-04c1-424b-9868-57a2d4851a1d" />
        <TestEntry testId="06768748-1336-46cf-bc09-0635d120a2c3" executionId="fefc0ed9-ca0b-449c-a800-a9431ddc9850" parentExecutionId="f687f83f-35d3-4cd0-ae38-43637f8f4f7d" testListId="8c84fa94-04c1-424b-9868-57a2d4851a1d" />
      </TestEntries>
    </TestEntry>
    <TestEntry testId="d5fe2d01-930d-4f63-804a-a6cb2e6b0102" executionId="d8dcc998-0708-4ed1-b4f9-e688748f8540" testListId="8c84fa94-04c1-424b-9868-57a2d4851a1d">
      <TestEntries>
        <TestEntry testId="8b9713e2-8915-48fc-bd28-c8c43613151a" executionId="0dd86b1b-9141-4a3d-a4c4-b8d02516d52d" parentExecutionId="d8dcc998-0708-4ed1-b4f9-e688748f8540" testListId="8c84fa94-04c1-424b-9868-57a2d4851a1d" />
        <TestEntry testId="4b88a3e1-f386-4703-9ec9-a2f97cc389e1" executionId="984af598-cb22-4ac0-b6a6-6e6806738f44" parentExecutionId="d8dcc998-0708-4ed1-b4f9-e688748f8540" testListId="8c84fa94-04c1-424b-9868-57a2d4851a1d" />
        <TestEntry testId="8578da7f-1b7b-47ff-8bf8-b2064a6bd549" executionId="407d7a01-5aa9-4b00-9983-6e810aee9a1f" parentExecutionId="d8dcc998-0708-4ed1-b4f9-e688748f8540" testListId="8c84fa94-04c1-424b-9868-57a2d4851a1d" />
        <TestEntry testId="4fb6edcf-1e0e-4cc6-aea3-9a3c6eead732" executionId="7a14adfc-70d5-4a8a-9f3d-2baf4bbbfa37" parentExecutionId="d8dcc998-0708-4ed1-b4f9-e688748f8540" testListId="8c84fa94-04c1-424b-9868-57a2d4851a1d" />
        <TestEntry testId="a0d137d9-5516-4fa6-84b5-a2c559a751d6" executionId="cc0627b4-9b01-452f-9fe9-103bef13b1ee" parentExecutionId="d8dcc998-0708-4ed1-b4f9-e688748f8540" testListId="8c84fa94-04c1-424b-9868-57a2d4851a1d" />
        <TestEntry testId="8bde502f-3ff6-4ac2-b387-48fdd692c93b" executionId="ecdfb085-a8e4-4936-a017-91bb7879a02f" parentExecutionId="d8dcc998-0708-4ed1-b4f9-e688748f8540" testListId="8c84fa94-04c1-424b-9868-57a2d4851a1d" />
      </TestEntries>
    </TestEntry>
    <TestEntry testId="a25f4f48-62c4-4194-b090-9954bfc98809" executionId="697f4704-c9e2-4f19-8fbf-e152e9f52a64" testListId="8c84fa94-04c1-424b-9868-57a2d4851a1d">
      <TestEntries>
        <TestEntry testId="d32d3f3f-280b-4202-8d4c-c78166ee8969" executionId="69df16b5-e672-45db-941f-4bfdb0b4d081" parentExecutionId="697f4704-c9e2-4f19-8fbf-e152e9f52a64" testListId="8c84fa94-04c1-424b-9868-57a2d4851a1d" />
        <TestEntry testId="22cc65e5-93b8-4f58-8f55-3ce2306c49af" executionId="c33e4552-0894-4aa7-afd5-4459a2c6e2fe" parentExecutionId="697f4704-c9e2-4f19-8fbf-e152e9f52a64" testListId="8c84fa94-04c1-424b-9868-57a2d4851a1d" />
        <TestEntry testId="267ceb9e-949e-461c-8987-f2f9c5c54a06" executionId="aaa989b4-776f-4d7a-9c81-aac4107ef160" parentExecutionId="697f4704-c9e2-4f19-8fbf-e152e9f52a64" testListId="8c84fa94-04c1-424b-9868-57a2d4851a1d" />
        <TestEntry testId="840f41f0-4b32-4c3a-92da-d0f9540f7951" executionId="f3926224-9647-4236-87f4-f785cd7ec000" parentExecutionId="697f4704-c9e2-4f19-8fbf-e152e9f52a64" testListId="8c84fa94-04c1-424b-9868-57a2d4851a1d" />
        <TestEntry testId="40949d53-7b41-47ea-9e13-b0a82d4ade2b" executionId="b3660a33-8e0f-4832-9ab0-04f278bcf4c9" parentExecutionId="697f4704-c9e2-4f19-8fbf-e152e9f52a64" testListId="8c84fa94-04c1-424b-9868-57a2d4851a1d" />
        <TestEntry testId="3acf4828-6ed6-4eaa-b317-be67ef36db26" executionId="77de9115-bef5-4e64-a940-8505625f420b" parentExecutionId="697f4704-c9e2-4f19-8fbf-e152e9f52a64" testListId="8c84fa94-04c1-424b-9868-57a2d4851a1d" />
        <TestEntry testId="d2687bc2-640b-4279-baa6-7c1c549b06eb" executionId="aa6c1619-593f-4d63-bfa5-15212ebefd88" parentExecutionId="697f4704-c9e2-4f19-8fbf-e152e9f52a64" testListId="8c84fa94-04c1-424b-9868-57a2d4851a1d" />
        <TestEntry testId="ece4a9c2-5255-4511-8d67-a5cf921d509e" executionId="eee2c641-eb90-4d3b-8981-99902a043294" parentExecutionId="697f4704-c9e2-4f19-8fbf-e152e9f52a64" testListId="8c84fa94-04c1-424b-9868-57a2d4851a1d" />
        <TestEntry testId="a8c8f6f0-6161-44ab-a164-d96346277b81" executionId="83626397-84e1-4338-8488-74cf1453347e" parentExecutionId="697f4704-c9e2-4f19-8fbf-e152e9f52a64" testListId="8c84fa94-04c1-424b-9868-57a2d4851a1d" />
        <TestEntry testId="f6f34868-791c-42ca-88d4-7311fd40f3ce" executionId="d845af72-e6ca-4cc2-8783-c9d5ceece48b" parentExecutionId="697f4704-c9e2-4f19-8fbf-e152e9f52a64" testListId="8c84fa94-04c1-424b-9868-57a2d4851a1d" />
      </TestEntries>
    </TestEntry>
    <TestEntry testId="3426e1b8-e63d-4e0a-97f0-deed17c472bb" executionId="e3b66657-a9f6-4472-a6cd-7f0a51b3a969" testListId="8c84fa94-04c1-424b-9868-57a2d4851a1d">
      <TestEntries>
        <TestEntry testId="199cf613-8fcc-4ff8-b330-6fea857f4619" executionId="ca08b588-8673-432b-90cb-d608466b27a1" parentExecutionId="e3b66657-a9f6-4472-a6cd-7f0a51b3a969" testListId="8c84fa94-04c1-424b-9868-57a2d4851a1d" />
        <TestEntry testId="5aa87472-099e-4d13-b713-c555c492ff45" executionId="5f228722-d994-432c-bfff-4b65cc1be3ba" parentExecutionId="e3b66657-a9f6-4472-a6cd-7f0a51b3a969" testListId="8c84fa94-04c1-424b-9868-57a2d4851a1d" />
        <TestEntry testId="7366db68-50a7-488c-8cd3-0a98cc393e1f" executionId="41b8f14c-8ea4-428b-ae88-01b7edb5af1b" parentExecutionId="e3b66657-a9f6-4472-a6cd-7f0a51b3a969" testListId="8c84fa94-04c1-424b-9868-57a2d4851a1d" />
        <TestEntry testId="c94ddd41-e29e-4551-9b89-f5ad63ea5000" executionId="f849d2fe-2729-4044-a14f-bede896158d6" parentExecutionId="e3b66657-a9f6-4472-a6cd-7f0a51b3a969" testListId="8c84fa94-04c1-424b-9868-57a2d4851a1d" />
        <TestEntry testId="079e1f06-06c6-4170-866f-3945f425a915" executionId="7bbb3cf7-7183-4707-85ff-8927610aba62" parentExecutionId="e3b66657-a9f6-4472-a6cd-7f0a51b3a969" testListId="8c84fa94-04c1-424b-9868-57a2d4851a1d" />
        <TestEntry testId="d76b35fd-cc5a-4266-a416-2e375d280f77" executionId="1bdcc3af-36cf-46fb-aeaa-1775afd2cab4" parentExecutionId="e3b66657-a9f6-4472-a6cd-7f0a51b3a969" testListId="8c84fa94-04c1-424b-9868-57a2d4851a1d" />
        <TestEntry testId="1f38c856-c574-465c-b9a0-d18316761b90" executionId="b8566ec1-3393-4585-954d-322cd825aa56" parentExecutionId="e3b66657-a9f6-4472-a6cd-7f0a51b3a969" testListId="8c84fa94-04c1-424b-9868-57a2d4851a1d" />
        <TestEntry testId="2b551c37-c223-4e21-87ba-3ce7e9d16af6" executionId="7d44802a-d330-46ad-802a-f01e00769dd5" parentExecutionId="e3b66657-a9f6-4472-a6cd-7f0a51b3a969" testListId="8c84fa94-04c1-424b-9868-57a2d4851a1d" />
      </TestEntries>
    </TestEntry>
    <TestEntry testId="9809e190-42ab-4475-a51a-6fefd9cbe97e" executionId="42ba3c3a-4665-4f5e-bffa-5e9418378c33" testListId="8c84fa94-04c1-424b-9868-57a2d4851a1d">
      <TestEntries>
        <TestEntry testId="4e6977cc-53c6-47a6-aa3d-6c026d142d79" executionId="99763960-563b-4874-b103-4d3a4ed5b32b" parentExecutionId="42ba3c3a-4665-4f5e-bffa-5e9418378c33" testListId="8c84fa94-04c1-424b-9868-57a2d4851a1d" />
        <TestEntry testId="789e3ca1-61c9-49c4-875f-d7e6e5322146" executionId="1f30ab65-e925-4439-ab83-9f010adabfde" parentExecutionId="42ba3c3a-4665-4f5e-bffa-5e9418378c33" testListId="8c84fa94-04c1-424b-9868-57a2d4851a1d" />
        <TestEntry testId="578f516b-1262-494e-922e-5a3e02ba07e2" executionId="afba8d71-2c09-4ffe-a7fa-1b0996133640" parentExecutionId="42ba3c3a-4665-4f5e-bffa-5e9418378c33" testListId="8c84fa94-04c1-424b-9868-57a2d4851a1d" />
        <TestEntry testId="c4c4367d-5052-4a7d-b92f-a3414daf0a38" executionId="9c8611e2-029a-403d-a07d-3579fe248cfc" parentExecutionId="42ba3c3a-4665-4f5e-bffa-5e9418378c33" testListId="8c84fa94-04c1-424b-9868-57a2d4851a1d" />
        <TestEntry testId="6f6da284-e0ff-453d-a893-35944e52004e" executionId="0d63a59a-f9a2-4f0f-bec0-5a79ae108e45" parentExecutionId="42ba3c3a-4665-4f5e-bffa-5e9418378c33" testListId="8c84fa94-04c1-424b-9868-57a2d4851a1d" />
      </TestEntries>
    </TestEntry>
    <TestEntry testId="5beedf44-3450-41f3-bd8b-4c8afc78c902" executionId="5b422433-794d-4c79-9a43-7109a85109e3" testListId="8c84fa94-04c1-424b-9868-57a2d4851a1d">
      <TestEntries>
        <TestEntry testId="7a7ec367-70db-44e9-bdb8-83b1dbbae73f" executionId="21dba51f-6be3-4a48-a6d4-17359ac0ae12" parentExecutionId="5b422433-794d-4c79-9a43-7109a85109e3" testListId="8c84fa94-04c1-424b-9868-57a2d4851a1d" />
      </TestEntries>
    </TestEntry>
    <TestEntry testId="c586056d-50db-4e40-961b-1090fb582a5b" executionId="b90254e2-b42d-458a-ba13-92fb914bc3fe" testListId="8c84fa94-04c1-424b-9868-57a2d4851a1d">
      <TestEntries>
        <TestEntry testId="91bb78a0-bd54-451f-b02f-23b3700ca25c" executionId="dc0ba42c-854e-48b6-873e-d889ad704a3e" parentExecutionId="b90254e2-b42d-458a-ba13-92fb914bc3fe" testListId="8c84fa94-04c1-424b-9868-57a2d4851a1d" />
        <TestEntry testId="280f9537-8896-4bf9-924c-b1f356a48e21" executionId="24d5dded-03fe-48ba-ab8c-5d5e200ddd3e" parentExecutionId="b90254e2-b42d-458a-ba13-92fb914bc3fe" testListId="8c84fa94-04c1-424b-9868-57a2d4851a1d" />
      </TestEntries>
    </TestEntry>
    <TestEntry testId="ddb3eb36-3c96-413f-bb39-b3ed912d41aa" executionId="613c3c01-58c9-42ed-86cc-0ef93de9d1ec" testListId="8c84fa94-04c1-424b-9868-57a2d4851a1d">
      <TestEntries>
        <TestEntry testId="c0239241-e77a-49ed-b6b1-199de5beb54d" executionId="89978ce9-fef8-4465-9cd1-c401c58255ae" parentExecutionId="613c3c01-58c9-42ed-86cc-0ef93de9d1ec" testListId="8c84fa94-04c1-424b-9868-57a2d4851a1d" />
      </TestEntries>
    </TestEntry>
    <TestEntry testId="b6e695ed-1085-442c-8394-ffc77e1a59da" executionId="ac0cbf78-2e81-457a-b65b-fdc11e34bc33" testListId="8c84fa94-04c1-424b-9868-57a2d4851a1d">
      <TestEntries>
        <TestEntry testId="199cf613-8fcc-4ff8-b330-6fea857f4618" executionId="c04c51ec-0203-4904-bfe0-7ffa195e1fc7" parentExecutionId="ac0cbf78-2e81-457a-b65b-fdc11e34bc33" testListId="8c84fa94-04c1-424b-9868-57a2d4851a1d" />
        <TestEntry testId="5aa87472-099e-4d13-b713-c555c492ff44" executionId="e9ac02c0-ad68-4694-a341-82c75a10b6ad" parentExecutionId="ac0cbf78-2e81-457a-b65b-fdc11e34bc33" testListId="8c84fa94-04c1-424b-9868-57a2d4851a1d" />
        <TestEntry testId="7366db68-50a7-488c-8cd3-0a98cc393e1e" executionId="d79f8833-e8ee-4fc4-bb46-4710b3db6738" parentExecutionId="ac0cbf78-2e81-457a-b65b-fdc11e34bc33" testListId="8c84fa94-04c1-424b-9868-57a2d4851a1d" />
        <TestEntry testId="c94ddd41-e29e-4551-9b89-f5ad63ea50ff" executionId="20f3503c-b6e5-4248-a418-2105302fb484" parentExecutionId="ac0cbf78-2e81-457a-b65b-fdc11e34bc33" testListId="8c84fa94-04c1-424b-9868-57a2d4851a1d" />
        <TestEntry testId="079e1f06-06c6-4170-866f-3945f425a914" executionId="e01b0caa-87a3-4bd3-b060-1d359220764c" parentExecutionId="ac0cbf78-2e81-457a-b65b-fdc11e34bc33" testListId="8c84fa94-04c1-424b-9868-57a2d4851a1d" />
        <TestEntry testId="d76b35fd-cc5a-4266-a416-2e375d280f76" executionId="6bad03c6-6d34-4a1d-a0e3-573011fdeaee" parentExecutionId="ac0cbf78-2e81-457a-b65b-fdc11e34bc33" testListId="8c84fa94-04c1-424b-9868-57a2d4851a1d" />
        <TestEntry testId="1f38c856-c574-465c-b9a0-d18316761b8f" executionId="b404ec47-1882-4d24-9df5-8df9ab5cdda7" parentExecutionId="ac0cbf78-2e81-457a-b65b-fdc11e34bc33" testListId="8c84fa94-04c1-424b-9868-57a2d4851a1d" />
        <TestEntry testId="2b551c37-c223-4e21-87ba-3ce7e9d16af5" executionId="3fedf163-d8c3-4eb7-bb59-b3141ea31f2d" parentExecutionId="ac0cbf78-2e81-457a-b65b-fdc11e34bc33" testListId="8c84fa94-04c1-424b-9868-57a2d4851a1d" />
      </TestEntries>
    </TestEntry>
    <TestEntry testId="50b87d5c-3685-4a1c-b30e-f04edc86018d" executionId="6ee7da16-d39c-4948-b9eb-4981a8ea6714" testListId="8c84fa94-04c1-424b-9868-57a2d4851a1d">
      <TestEntries>
        <TestEntry testId="8d69d740-51eb-4496-b261-8ee0ef835425" executionId="13e7fdcf-b7a0-4336-b022-30c4821436d3" parentExecutionId="6ee7da16-d39c-4948-b9eb-4981a8ea6714" testListId="8c84fa94-04c1-424b-9868-57a2d4851a1d" />
        <TestEntry testId="aa498f7a-d1c6-4d83-b471-72dfa04e605d" executionId="89a980a8-9961-4db5-8af0-16fd48406f8c" parentExecutionId="6ee7da16-d39c-4948-b9eb-4981a8ea6714" testListId="8c84fa94-04c1-424b-9868-57a2d4851a1d" />
        <TestEntry testId="1908f3c1-ac30-41e0-986f-127136802680" executionId="3c9d3379-2012-4b8b-b0a0-2619937f5347" parentExecutionId="6ee7da16-d39c-4948-b9eb-4981a8ea6714" testListId="8c84fa94-04c1-424b-9868-57a2d4851a1d" />
        <TestEntry testId="50a9d364-e996-4744-a630-90f09bb96893" executionId="bece8588-b231-4d58-966f-826e4cfee4b5" parentExecutionId="6ee7da16-d39c-4948-b9eb-4981a8ea6714" testListId="8c84fa94-04c1-424b-9868-57a2d4851a1d" />
        <TestEntry testId="89b70e74-a2a4-48f0-b14b-5422eb7afc1c" executionId="5d3d2c2d-eba7-4485-8b1e-180a33febc58" parentExecutionId="6ee7da16-d39c-4948-b9eb-4981a8ea6714" testListId="8c84fa94-04c1-424b-9868-57a2d4851a1d" />
        <TestEntry testId="0fa2b87f-a0c3-4a23-aa8e-3bf72799a0c9" executionId="bf4c224a-129a-4c7f-a005-9f49aa3ad736" parentExecutionId="6ee7da16-d39c-4948-b9eb-4981a8ea6714" testListId="8c84fa94-04c1-424b-9868-57a2d4851a1d" />
        <TestEntry testId="b22eb6f6-cae0-404d-8d07-9cdddec4785a" executionId="60284dbc-1d7a-4735-be47-828676878e26" parentExecutionId="6ee7da16-d39c-4948-b9eb-4981a8ea6714" testListId="8c84fa94-04c1-424b-9868-57a2d4851a1d" />
        <TestEntry testId="dc74fd9e-7745-491b-b771-185fe2a51493" executionId="a99f16ca-5b53-4489-82c3-52620ee9c88c" parentExecutionId="6ee7da16-d39c-4948-b9eb-4981a8ea6714" testListId="8c84fa94-04c1-424b-9868-57a2d4851a1d" />
      </TestEntries>
    </TestEntry>
    <TestEntry testId="144b348b-bbff-4127-9794-94e15b0d5fdf" executionId="5a8771e7-72c5-465b-b762-48c7991620d1" testListId="8c84fa94-04c1-424b-9868-57a2d4851a1d">
      <TestEntries>
        <TestEntry testId="c4ce48df-bba4-4f47-b69d-ee33d1981ea3" executionId="c3011463-b21f-4eac-9ac1-f4bc211f7097" parentExecutionId="5a8771e7-72c5-465b-b762-48c7991620d1" testListId="8c84fa94-04c1-424b-9868-57a2d4851a1d" />
        <TestEntry testId="6d5c09d2-046f-4dae-8858-41fa0be1c3ce" executionId="34093bd8-a660-4d72-986d-8195effe6a7b" parentExecutionId="5a8771e7-72c5-465b-b762-48c7991620d1" testListId="8c84fa94-04c1-424b-9868-57a2d4851a1d" />
        <TestEntry testId="fa0959fe-e713-4e38-aad8-1fb3aa0e25ed" executionId="a0503fe3-93b7-4581-a7ec-dcc036ab0efd" parentExecutionId="5a8771e7-72c5-465b-b762-48c7991620d1" testListId="8c84fa94-04c1-424b-9868-57a2d4851a1d" />
        <TestEntry testId="e1204454-f111-420f-9994-8229d7f3a42f" executionId="2ee197eb-0c00-47b0-8fab-2036eaa5e3d8" parentExecutionId="5a8771e7-72c5-465b-b762-48c7991620d1" testListId="8c84fa94-04c1-424b-9868-57a2d4851a1d" />
        <TestEntry testId="c958152b-26ac-4f4b-9276-5d8e2d52bf73" executionId="02e4b502-ed9b-43bd-86fa-5bf9dc96a952" parentExecutionId="5a8771e7-72c5-465b-b762-48c7991620d1" testListId="8c84fa94-04c1-424b-9868-57a2d4851a1d" />
        <TestEntry testId="139e63b3-2051-4895-a8f4-3f57b30db4de" executionId="29c948e0-d68e-4f06-89eb-a9b01ea454c8" parentExecutionId="5a8771e7-72c5-465b-b762-48c7991620d1" testListId="8c84fa94-04c1-424b-9868-57a2d4851a1d" />
        <TestEntry testId="cac1be5b-84e5-4b32-9443-b184e2df83ce" executionId="8dcd7d55-34df-480f-b5dc-3e62a3ae5ace" parentExecutionId="5a8771e7-72c5-465b-b762-48c7991620d1" testListId="8c84fa94-04c1-424b-9868-57a2d4851a1d" />
        <TestEntry testId="cac1be5b-84e5-4b32-9443-b184e2df83cd" executionId="de0706fc-63d6-4ec6-a638-479e83df58b1" parentExecutionId="5a8771e7-72c5-465b-b762-48c7991620d1" testListId="8c84fa94-04c1-424b-9868-57a2d4851a1d" />
      </TestEntries>
    </TestEntry>
    <TestEntry testId="0b69c654-f9f8-4d57-b55a-471163e9636f" executionId="300b7aae-6fa8-43f0-b94e-28f948bd5c45" testListId="8c84fa94-04c1-424b-9868-57a2d4851a1d">
      <TestEntries>
        <TestEntry testId="c4ce48df-bba4-4f47-b69d-ee33d1981ea1" executionId="e2e44fdc-8a20-4fb9-8a90-00e62fdbc87e" parentExecutionId="300b7aae-6fa8-43f0-b94e-28f948bd5c45" testListId="8c84fa94-04c1-424b-9868-57a2d4851a1d" />
        <TestEntry testId="6d5c09d2-046f-4dae-8858-41fa0be1c3cc" executionId="17094049-cdd2-494d-9105-7bd0aaadbb6e" parentExecutionId="300b7aae-6fa8-43f0-b94e-28f948bd5c45" testListId="8c84fa94-04c1-424b-9868-57a2d4851a1d" />
        <TestEntry testId="fa0959fe-e713-4e38-aad8-1fb3aa0e25eb" executionId="df44187e-60d1-4be2-af39-422adb26f1b1" parentExecutionId="300b7aae-6fa8-43f0-b94e-28f948bd5c45" testListId="8c84fa94-04c1-424b-9868-57a2d4851a1d" />
        <TestEntry testId="e1204454-f111-420f-9994-8229d7f3a42d" executionId="af763d93-6435-47f1-8e69-681ec93f7165" parentExecutionId="300b7aae-6fa8-43f0-b94e-28f948bd5c45" testListId="8c84fa94-04c1-424b-9868-57a2d4851a1d" />
        <TestEntry testId="c958152b-26ac-4f4b-9276-5d8e2d52bf71" executionId="cadf41c9-da81-4ed7-938f-0041a25abd42" parentExecutionId="300b7aae-6fa8-43f0-b94e-28f948bd5c45" testListId="8c84fa94-04c1-424b-9868-57a2d4851a1d" />
        <TestEntry testId="139e63b3-2051-4895-a8f4-3f57b30db4dc" executionId="f49f7574-f81c-4429-ab19-35d7c742d635" parentExecutionId="300b7aae-6fa8-43f0-b94e-28f948bd5c45" testListId="8c84fa94-04c1-424b-9868-57a2d4851a1d" />
        <TestEntry testId="cac1be5b-84e5-4b32-9443-b184e2df83cb" executionId="809e9838-6531-46a5-878e-052d2bcab4b3" parentExecutionId="300b7aae-6fa8-43f0-b94e-28f948bd5c45" testListId="8c84fa94-04c1-424b-9868-57a2d4851a1d" />
      </TestEntries>
    </TestEntry>
    <TestEntry testId="3fc9ee59-c119-4dc8-b365-1b49ed9b245f" executionId="b949bb6c-fbc7-48b0-a321-ff7ca17aa84c" testListId="8c84fa94-04c1-424b-9868-57a2d4851a1d">
      <TestEntries>
        <TestEntry testId="ed32ceb4-834e-4cc6-a2b2-74dc76fb4ab6" executionId="6b873b47-0aff-4fff-9538-8967f3cd19dd" parentExecutionId="b949bb6c-fbc7-48b0-a321-ff7ca17aa84c" testListId="8c84fa94-04c1-424b-9868-57a2d4851a1d" />
      </TestEntries>
    </TestEntry>
    <TestEntry testId="8f544bdd-3365-4373-bbef-abf94b6d70f9" executionId="dc42fed8-ef16-4149-9bef-fb5f599cdf53" testListId="8c84fa94-04c1-424b-9868-57a2d4851a1d">
      <TestEntries>
        <TestEntry testId="2a07fcc0-9779-42e4-adb8-91c88f90a941" executionId="c57be2d7-e552-42c5-a6fe-b4926ad3afe0" parentExecutionId="dc42fed8-ef16-4149-9bef-fb5f599cdf53" testListId="8c84fa94-04c1-424b-9868-57a2d4851a1d" />
        <TestEntry testId="dc38b2b0-a466-4153-93e4-b164b652e4ad" executionId="e482c5fb-ffb5-438e-b293-e5dae0f04fbb" parentExecutionId="dc42fed8-ef16-4149-9bef-fb5f599cdf53" testListId="8c84fa94-04c1-424b-9868-57a2d4851a1d" />
        <TestEntry testId="ba378e3c-3c32-4fb6-b2ff-8043c915e7d7" executionId="fe3ff2e5-5dbe-4ebc-89bf-11eb4340dee9" parentExecutionId="dc42fed8-ef16-4149-9bef-fb5f599cdf53" testListId="8c84fa94-04c1-424b-9868-57a2d4851a1d" />
        <TestEntry testId="56ac01b4-897e-4826-8922-33f9ef46fbbd" executionId="c893b124-212c-4b52-95e6-d93563249f1d" parentExecutionId="dc42fed8-ef16-4149-9bef-fb5f599cdf53" testListId="8c84fa94-04c1-424b-9868-57a2d4851a1d" />
        <TestEntry testId="b5deb619-7e9c-46f9-bb3d-6195db1443e2" executionId="4b8cd716-bffa-45bf-a4ce-06a7b8e66f56" parentExecutionId="dc42fed8-ef16-4149-9bef-fb5f599cdf53" testListId="8c84fa94-04c1-424b-9868-57a2d4851a1d" />
      </TestEntries>
    </TestEntry>
    <TestEntry testId="7723ef94-de34-4777-8ccc-fe53af0cef72" executionId="1b80f72f-2e8a-4682-ab8e-9c15673042ab" testListId="8c84fa94-04c1-424b-9868-57a2d4851a1d">
      <TestEntries>
        <TestEntry testId="62603344-d91e-40a2-bd05-f7569e508ff5" executionId="e963ae6e-3c14-4fb3-b51a-355264c33c64" parentExecutionId="1b80f72f-2e8a-4682-ab8e-9c15673042ab" testListId="8c84fa94-04c1-424b-9868-57a2d4851a1d" />
        <TestEntry testId="7e009d24-93a5-4b94-bd99-ff3766615292" executionId="d6ef7dca-9b1c-40de-9e6c-afea9469c3e7" parentExecutionId="1b80f72f-2e8a-4682-ab8e-9c15673042ab" testListId="8c84fa94-04c1-424b-9868-57a2d4851a1d" />
        <TestEntry testId="489fccbe-1241-4f7c-9a65-48912cddf434" executionId="c0ef7bb0-4123-4c5d-b061-41f23b5da524" parentExecutionId="1b80f72f-2e8a-4682-ab8e-9c15673042ab" testListId="8c84fa94-04c1-424b-9868-57a2d4851a1d" />
        <TestEntry testId="637b8e79-09e6-4fca-964d-af91d5725dbc" executionId="875b29d4-55bb-4fc2-b0df-09c5755417ea" parentExecutionId="1b80f72f-2e8a-4682-ab8e-9c15673042ab" testListId="8c84fa94-04c1-424b-9868-57a2d4851a1d" />
        <TestEntry testId="5e698e50-574b-4edc-a8fd-6b2db357b0d1" executionId="baae64d0-8682-4090-b24c-b172cd78707e" parentExecutionId="1b80f72f-2e8a-4682-ab8e-9c15673042ab" testListId="8c84fa94-04c1-424b-9868-57a2d4851a1d" />
        <TestEntry testId="36306fc9-e359-460f-89bb-9a4c2cf8ebd0" executionId="84afb902-5fa9-42d9-b067-b065a987ad86" parentExecutionId="1b80f72f-2e8a-4682-ab8e-9c15673042ab" testListId="8c84fa94-04c1-424b-9868-57a2d4851a1d" />
      </TestEntries>
    </TestEntry>
    <TestEntry testId="e49284c1-3eec-4215-9ed0-247e6236da65" executionId="cbc55a14-6f06-452f-a4c3-ff3a5af6d327" testListId="8c84fa94-04c1-424b-9868-57a2d4851a1d">
      <TestEntries>
        <TestEntry testId="633eacaf-9346-4298-9682-9b9e5c04155f" executionId="263377ab-e810-4d43-ac5d-9f0717f16b72" parentExecutionId="cbc55a14-6f06-452f-a4c3-ff3a5af6d327" testListId="8c84fa94-04c1-424b-9868-57a2d4851a1d" />
        <TestEntry testId="6342a375-ba20-48a6-8b2f-d59f64515d5c" executionId="bd3a079c-62f1-4ca9-9f69-2775e199442f" parentExecutionId="cbc55a14-6f06-452f-a4c3-ff3a5af6d327" testListId="8c84fa94-04c1-424b-9868-57a2d4851a1d" />
      </TestEntries>
    </TestEntry>
    <TestEntry testId="abbfb1db-e4d6-4488-aeab-e5b8d126ffd0" executionId="0889c9ce-a452-472a-a370-bce8c5448207" testListId="8c84fa94-04c1-424b-9868-57a2d4851a1d">
      <TestEntries>
        <TestEntry testId="4e6977cc-53c6-47a6-aa3d-6c026d142d78" executionId="92d76d28-45db-4a48-be0c-7bd18c06a1dd" parentExecutionId="0889c9ce-a452-472a-a370-bce8c5448207" testListId="8c84fa94-04c1-424b-9868-57a2d4851a1d" />
        <TestEntry testId="0976098c-95da-4e16-8a10-ee92e0280345" executionId="ffe25c79-302d-4eab-ab28-26ff4d12d111" parentExecutionId="0889c9ce-a452-472a-a370-bce8c5448207" testListId="8c84fa94-04c1-424b-9868-57a2d4851a1d" />
        <TestEntry testId="4cbcae0a-1441-4253-a921-b7b544aa1fe7" executionId="89177c2c-fc27-4c2d-bc47-d0b22539e8e2" parentExecutionId="0889c9ce-a452-472a-a370-bce8c5448207" testListId="8c84fa94-04c1-424b-9868-57a2d4851a1d" />
        <TestEntry testId="c14b2afe-5a4a-49c6-ab8d-235785fb3daa" executionId="3781884c-411d-4765-9a74-99c96a0fa6aa" parentExecutionId="0889c9ce-a452-472a-a370-bce8c5448207" testListId="8c84fa94-04c1-424b-9868-57a2d4851a1d" />
        <TestEntry testId="ee725602-161e-47c9-a607-b4c044c197bc" executionId="4bb981e3-c5e6-4297-a20e-7e54aeee7799" parentExecutionId="0889c9ce-a452-472a-a370-bce8c5448207" testListId="8c84fa94-04c1-424b-9868-57a2d4851a1d" />
        <TestEntry testId="3b3d7741-765b-4437-a316-46c0b0bb2325" executionId="120ba785-0d09-4ef8-8c11-b0655c52f818" parentExecutionId="0889c9ce-a452-472a-a370-bce8c5448207" testListId="8c84fa94-04c1-424b-9868-57a2d4851a1d" />
      </TestEntries>
    </TestEntry>
    <TestEntry testId="703abfd9-8f5b-4542-b252-5e32205f8fb8" executionId="aa45d248-d3be-4714-80a6-d8b03b78f18a" testListId="8c84fa94-04c1-424b-9868-57a2d4851a1d">
      <TestEntries>
        <TestEntry testId="40fc3844-03d6-49b4-9c3e-254598e977a5" executionId="44fc8d42-75f8-4b6e-b41e-de3f2eafe22e" parentExecutionId="aa45d248-d3be-4714-80a6-d8b03b78f18a" testListId="8c84fa94-04c1-424b-9868-57a2d4851a1d" />
        <TestEntry testId="b50d8501-2bdf-44ec-beee-f5acbfcb2efb" executionId="61847a81-35ce-4198-ad7f-5f908601da04" parentExecutionId="aa45d248-d3be-4714-80a6-d8b03b78f18a" testListId="8c84fa94-04c1-424b-9868-57a2d4851a1d" />
        <TestEntry testId="c64b02e4-d3ad-4a85-9ed3-833b58bfe5c8" executionId="9e2cddc9-8b16-45bd-adef-d04b09375a4e" parentExecutionId="aa45d248-d3be-4714-80a6-d8b03b78f18a" testListId="8c84fa94-04c1-424b-9868-57a2d4851a1d" />
        <TestEntry testId="a018bada-4ad0-4238-a6af-c70ca94cbc9a" executionId="52c7284d-6dc4-427a-b072-f412c912f9d6" parentExecutionId="aa45d248-d3be-4714-80a6-d8b03b78f18a" testListId="8c84fa94-04c1-424b-9868-57a2d4851a1d" />
        <TestEntry testId="c7ab4523-ef20-4f7b-88c1-e537bb4012ee" executionId="9c0e8a2a-e99b-4552-b8f2-138c4cf9327b" parentExecutionId="aa45d248-d3be-4714-80a6-d8b03b78f18a" testListId="8c84fa94-04c1-424b-9868-57a2d4851a1d" />
        <TestEntry testId="6727ace9-2542-4493-b3ae-24524c8d45ce" executionId="885bf934-c26d-4623-8e29-bcd38bda20da" parentExecutionId="aa45d248-d3be-4714-80a6-d8b03b78f18a" testListId="8c84fa94-04c1-424b-9868-57a2d4851a1d" />
        <TestEntry testId="5f2c23b2-3585-42f7-934a-2955e77e968d" executionId="244dcf38-6268-494f-9f68-2c310a7aecc5" parentExecutionId="aa45d248-d3be-4714-80a6-d8b03b78f18a" testListId="8c84fa94-04c1-424b-9868-57a2d4851a1d" />
        <TestEntry testId="f6f909e7-07a7-43b0-98a6-83f1d19f2143" executionId="58931c4e-30cd-4b90-92da-66f0462567ef" parentExecutionId="aa45d248-d3be-4714-80a6-d8b03b78f18a" testListId="8c84fa94-04c1-424b-9868-57a2d4851a1d" />
        <TestEntry testId="7b26671f-6808-464b-b2ce-01496bf3bc89" executionId="149d6e97-dd3d-4b54-b4fa-8b115fad3d00" parentExecutionId="aa45d248-d3be-4714-80a6-d8b03b78f18a" testListId="8c84fa94-04c1-424b-9868-57a2d4851a1d" />
        <TestEntry testId="6ab4e60c-2525-4448-806a-d2e309ba685b" executionId="ccfe19b0-2eb2-4073-865f-467f31e915e8" parentExecutionId="aa45d248-d3be-4714-80a6-d8b03b78f18a" testListId="8c84fa94-04c1-424b-9868-57a2d4851a1d" />
      </TestEntries>
    </TestEntry>
    <TestEntry testId="698ce00f-d264-466b-84eb-ed1574686554" executionId="8b6a38b1-0ae6-4efa-8ba5-636ed1a71512" testListId="8c84fa94-04c1-424b-9868-57a2d4851a1d">
      <TestEntries>
        <TestEntry testId="563dd27b-260f-468b-8f1b-b6ee2910c62a" executionId="e79e2dd1-52ff-47bf-93b2-d52f43e5e817" parentExecutionId="8b6a38b1-0ae6-4efa-8ba5-636ed1a71512" testListId="8c84fa94-04c1-424b-9868-57a2d4851a1d" />
        <TestEntry testId="c27d2f95-dba0-4fd4-b249-3a52349b5a42" executionId="60b0dbcf-736f-482c-b704-09352ea4e7b0" parentExecutionId="8b6a38b1-0ae6-4efa-8ba5-636ed1a71512" testListId="8c84fa94-04c1-424b-9868-57a2d4851a1d" />
        <TestEntry testId="5a6dda80-6c92-4c35-ab40-4ab5b47b0d47" executionId="0f218c9b-fb69-47d6-9060-9606e7ce62a4" parentExecutionId="8b6a38b1-0ae6-4efa-8ba5-636ed1a71512" testListId="8c84fa94-04c1-424b-9868-57a2d4851a1d" />
        <TestEntry testId="22f00a30-a862-46db-a98f-37b050e186cc" executionId="b6bd05e1-9a32-4a5f-aec3-c75e7f4369b2" parentExecutionId="8b6a38b1-0ae6-4efa-8ba5-636ed1a71512" testListId="8c84fa94-04c1-424b-9868-57a2d4851a1d" />
        <TestEntry testId="01c93057-0681-47ac-ae88-e2898dcfb79b" executionId="c32494cb-3cb4-490b-9ec4-9b7ce5420916" parentExecutionId="8b6a38b1-0ae6-4efa-8ba5-636ed1a71512" testListId="8c84fa94-04c1-424b-9868-57a2d4851a1d" />
        <TestEntry testId="958ba9b0-7452-4040-935c-f9d8410379c8" executionId="7eaf6f5e-8343-41a2-b95d-b2a05f812c07" parentExecutionId="8b6a38b1-0ae6-4efa-8ba5-636ed1a71512" testListId="8c84fa94-04c1-424b-9868-57a2d4851a1d" />
        <TestEntry testId="682842f2-896c-4558-991c-16bbbc4dcb6f" executionId="80579730-c514-41b4-bfdf-41d3394da678" parentExecutionId="8b6a38b1-0ae6-4efa-8ba5-636ed1a71512" testListId="8c84fa94-04c1-424b-9868-57a2d4851a1d" />
        <TestEntry testId="4fe457d7-070b-434a-b828-94bb38611d30" executionId="e645905f-fb39-48d5-b5f0-2d3b29f0379a" parentExecutionId="8b6a38b1-0ae6-4efa-8ba5-636ed1a71512" testListId="8c84fa94-04c1-424b-9868-57a2d4851a1d" />
        <TestEntry testId="6ac5833f-b62b-44d3-a733-3754e903a0e4" executionId="9b200325-a42a-4e2e-b2ee-3cb9177005f7" parentExecutionId="8b6a38b1-0ae6-4efa-8ba5-636ed1a71512" testListId="8c84fa94-04c1-424b-9868-57a2d4851a1d" />
        <TestEntry testId="15daf47e-d718-4205-a067-182032dff649" executionId="3bc2970d-ea3a-455e-ac43-30ec3618cdf6" parentExecutionId="8b6a38b1-0ae6-4efa-8ba5-636ed1a71512" testListId="8c84fa94-04c1-424b-9868-57a2d4851a1d" />
      </TestEntries>
    </TestEntry>
    <TestEntry testId="75ada498-5844-43a8-bc58-b1f73e2230f7" executionId="790655c0-55e5-4476-a3c2-349721f2c6a8" testListId="8c84fa94-04c1-424b-9868-57a2d4851a1d">
      <TestEntries>
        <TestEntry testId="41fdb1ad-6259-4cc0-bd37-2355dd5a7b07" executionId="52aa9a48-78e4-4c4a-a004-6da36d8ad1f1" parentExecutionId="790655c0-55e5-4476-a3c2-349721f2c6a8" testListId="8c84fa94-04c1-424b-9868-57a2d4851a1d" />
        <TestEntry testId="51eec996-2e30-459b-8cc5-ffa13f517494" executionId="6a7e855d-a01a-4ef3-b25c-3db02f45ad0c" parentExecutionId="790655c0-55e5-4476-a3c2-349721f2c6a8" testListId="8c84fa94-04c1-424b-9868-57a2d4851a1d" />
      </TestEntries>
    </TestEntry>
    <TestEntry testId="7644f0c5-48ca-493c-94ee-2e72a615fac9" executionId="7d7ca4a2-4734-4385-812f-45a5369cb8eb" testListId="8c84fa94-04c1-424b-9868-57a2d4851a1d">
      <TestEntries>
        <TestEntry testId="e974e990-075a-42ff-8e95-48876f96390d" executionId="dcde663f-33b3-4342-956a-f6e6dc414771" parentExecutionId="7d7ca4a2-4734-4385-812f-45a5369cb8eb" testListId="8c84fa94-04c1-424b-9868-57a2d4851a1d" />
      </TestEntries>
    </TestEntry>
    <TestEntry testId="ba93e3b1-314a-4702-b21f-3c03b49b57aa" executionId="a67fdef1-ffa3-4010-b987-33cb35827b6b" testListId="8c84fa94-04c1-424b-9868-57a2d4851a1d">
      <TestEntries>
        <TestEntry testId="d46aa5e7-f136-40d8-ae97-2c56018d951e" executionId="cc8985c6-958f-4fa2-83ae-6018719216fd" parentExecutionId="a67fdef1-ffa3-4010-b987-33cb35827b6b" testListId="8c84fa94-04c1-424b-9868-57a2d4851a1d" />
      </TestEntries>
    </TestEntry>
    <TestEntry testId="db70eb3b-f5ce-4bf2-8761-ce74e0ffb6b6" executionId="17f7a4dd-0161-4e4c-84e9-062dda432156" testListId="8c84fa94-04c1-424b-9868-57a2d4851a1d">
      <TestEntries>
        <TestEntry testId="4abce5a7-8aac-44e5-b4ba-54c39cff5aca" executionId="c656b1b8-127e-4c74-bba5-70eea9b13224" parentExecutionId="17f7a4dd-0161-4e4c-84e9-062dda432156" testListId="8c84fa94-04c1-424b-9868-57a2d4851a1d" />
        <TestEntry testId="df1e6033-b05a-42a1-9b8a-36572e27fd58" executionId="de78c4a2-449e-4163-8415-4cbc8bc361a0" parentExecutionId="17f7a4dd-0161-4e4c-84e9-062dda432156" testListId="8c84fa94-04c1-424b-9868-57a2d4851a1d" />
      </TestEntries>
    </TestEntry>
    <TestEntry testId="a3544fda-3f19-4721-95ce-55b509de2b11" executionId="91c8cff2-3836-41ca-9be3-7febea5767b1" testListId="8c84fa94-04c1-424b-9868-57a2d4851a1d">
      <TestEntries>
        <TestEntry testId="0288db0c-4a69-4135-87fc-4e2959d34122" executionId="d65c8db0-d634-48cb-8f4a-d2ea9ce69d6d" parentExecutionId="91c8cff2-3836-41ca-9be3-7febea5767b1" testListId="8c84fa94-04c1-424b-9868-57a2d4851a1d" />
      </TestEntries>
    </TestEntry>
    <TestEntry testId="6e8b8850-fd6c-4c57-8e91-3af72d743290" executionId="b6298cba-cbf4-4ecd-ad1d-23c55dfd7d0c" testListId="8c84fa94-04c1-424b-9868-57a2d4851a1d">
      <TestEntries>
        <TestEntry testId="8f501d3f-8637-4717-bfac-d9852c9f5472" executionId="8ad84cce-986f-4694-a1fb-cf9e2c42674d" parentExecutionId="b6298cba-cbf4-4ecd-ad1d-23c55dfd7d0c" testListId="8c84fa94-04c1-424b-9868-57a2d4851a1d" />
      </TestEntries>
    </TestEntry>
    <TestEntry testId="05268c4f-2d7b-4928-a301-5bca96bc47cf" executionId="65d94a0f-318b-47d1-aafb-e5656a9b204c" testListId="8c84fa94-04c1-424b-9868-57a2d4851a1d">
      <TestEntries>
        <TestEntry testId="5c7611e9-4037-4d7f-bb5c-4a02988006b2" executionId="0994c9a6-a06a-49bb-9444-de20ae9e51f9" parentExecutionId="65d94a0f-318b-47d1-aafb-e5656a9b204c" testListId="8c84fa94-04c1-424b-9868-57a2d4851a1d" />
        <TestEntry testId="d0705a0c-67ec-4506-a825-53ed129064c2" executionId="3f05f723-1615-4450-bab6-e7ac91de611b" parentExecutionId="65d94a0f-318b-47d1-aafb-e5656a9b204c" testListId="8c84fa94-04c1-424b-9868-57a2d4851a1d" />
        <TestEntry testId="fc0d760b-8be4-4dfa-89dc-f6123ba31cba" executionId="d0d5e5b8-cfff-4ffe-b81b-55b1ad1ef9e0" parentExecutionId="65d94a0f-318b-47d1-aafb-e5656a9b204c" testListId="8c84fa94-04c1-424b-9868-57a2d4851a1d" />
        <TestEntry testId="7e078cf1-15f9-4d89-adaf-732e5e1e36b8" executionId="837b4611-af4a-4927-b0c9-d5e5d7e468d4" parentExecutionId="65d94a0f-318b-47d1-aafb-e5656a9b204c" testListId="8c84fa94-04c1-424b-9868-57a2d4851a1d" />
        <TestEntry testId="457943b3-1c72-4016-8e4e-f1711e45f10f" executionId="92994283-aa67-4bb2-998f-a40b855d328d" parentExecutionId="65d94a0f-318b-47d1-aafb-e5656a9b204c" testListId="8c84fa94-04c1-424b-9868-57a2d4851a1d" />
        <TestEntry testId="2239a91a-f3fd-438d-9e69-70c97372a12c" executionId="a853b044-1143-4bac-87a9-fe765285832e" parentExecutionId="65d94a0f-318b-47d1-aafb-e5656a9b204c" testListId="8c84fa94-04c1-424b-9868-57a2d4851a1d" />
        <TestEntry testId="05d30a23-8212-4e53-bf15-086faf0a406e" executionId="4ee1dffc-a8a2-4185-9d59-466509c4c150" parentExecutionId="65d94a0f-318b-47d1-aafb-e5656a9b204c" testListId="8c84fa94-04c1-424b-9868-57a2d4851a1d" />
      </TestEntries>
    </TestEntry>
    <TestEntry testId="6ac65b4f-50d2-40c2-91c6-25cb7c2a7304" executionId="71ffb719-f215-4e8b-a8b3-628f3eae97ac" testListId="8c84fa94-04c1-424b-9868-57a2d4851a1d">
      <TestEntries>
        <TestEntry testId="b4a1300b-0eb7-4c19-99c7-95b321295b6b" executionId="30b3869a-fbb8-49bc-af9e-79e491a869f0" parentExecutionId="71ffb719-f215-4e8b-a8b3-628f3eae97ac" testListId="8c84fa94-04c1-424b-9868-57a2d4851a1d" />
      </TestEntries>
    </TestEntry>
    <TestEntry testId="df2f9833-45e1-47ab-a5f1-3bd05e7c29ca" executionId="5adf10be-2ed4-4786-b2e1-ba1b0140d2e0" testListId="8c84fa94-04c1-424b-9868-57a2d4851a1d">
      <TestEntries>
        <TestEntry testId="c4ce48df-bba4-4f47-b69d-ee33d1981ea5" executionId="c4d6cfc6-bd59-445e-a160-bca7307dd6bc" parentExecutionId="5adf10be-2ed4-4786-b2e1-ba1b0140d2e0" testListId="8c84fa94-04c1-424b-9868-57a2d4851a1d" />
        <TestEntry testId="6d5c09d2-046f-4dae-8858-41fa0be1c3da" executionId="a114c7f7-f70b-4428-820d-dee9a1152bd9" parentExecutionId="5adf10be-2ed4-4786-b2e1-ba1b0140d2e0" testListId="8c84fa94-04c1-424b-9868-57a2d4851a1d" />
        <TestEntry testId="fa0959fe-e713-4e38-aad8-1fb3aa0e2510" executionId="8145e8a8-40b0-4164-876b-dbb5835c3ebf" parentExecutionId="5adf10be-2ed4-4786-b2e1-ba1b0140d2e0" testListId="8c84fa94-04c1-424b-9868-57a2d4851a1d" />
        <TestEntry testId="e1204454-f111-420f-9994-8229d7f3a430" executionId="18658900-b48c-4c89-990f-77ffa01419b1" parentExecutionId="5adf10be-2ed4-4786-b2e1-ba1b0140d2e0" testListId="8c84fa94-04c1-424b-9868-57a2d4851a1d" />
        <TestEntry testId="c958152b-26ac-4f4b-9276-5d8e2d52bf75" executionId="88ffe6ed-2bfc-49a8-805c-c1308358b03d" parentExecutionId="5adf10be-2ed4-4786-b2e1-ba1b0140d2e0" testListId="8c84fa94-04c1-424b-9868-57a2d4851a1d" />
        <TestEntry testId="139e63b3-2051-4895-a8f4-3f57b30db4e1" executionId="3f39c2e8-1164-42a3-a1d2-756b4ab1c227" parentExecutionId="5adf10be-2ed4-4786-b2e1-ba1b0140d2e0" testListId="8c84fa94-04c1-424b-9868-57a2d4851a1d" />
        <TestEntry testId="a5bb8cdb-3dc6-4e77-8170-74b1738debed" executionId="6c6cb721-1284-4f7d-af5c-7645a78503c7" parentExecutionId="5adf10be-2ed4-4786-b2e1-ba1b0140d2e0" testListId="8c84fa94-04c1-424b-9868-57a2d4851a1d" />
      </TestEntries>
    </TestEntry>
    <TestEntry testId="f4d02a8e-8a0d-47c6-bc8e-0838bc8dd1c0" executionId="e4bc49c0-0d6c-4200-b587-34d08029f03b" testListId="8c84fa94-04c1-424b-9868-57a2d4851a1d">
      <TestEntries>
        <TestEntry testId="241be051-5a9a-4cc4-a40b-eaeb4ad2254c" executionId="787efcc1-e3f4-4e77-bbba-3c227ed5500a" parentExecutionId="e4bc49c0-0d6c-4200-b587-34d08029f03b" testListId="8c84fa94-04c1-424b-9868-57a2d4851a1d" />
        <TestEntry testId="9f83467f-e02f-4255-93d9-0e9f25c5e9d4" executionId="0694c6df-644c-47f9-a7df-b6e9df89d798" parentExecutionId="e4bc49c0-0d6c-4200-b587-34d08029f03b" testListId="8c84fa94-04c1-424b-9868-57a2d4851a1d" />
        <TestEntry testId="84ffa514-b56e-44e9-831c-dbcd4cd8f069" executionId="e748ff90-6e08-4e52-83d5-e076c2eeeb03" parentExecutionId="e4bc49c0-0d6c-4200-b587-34d08029f03b" testListId="8c84fa94-04c1-424b-9868-57a2d4851a1d" />
        <TestEntry testId="53627ac5-ea39-40bc-8aa6-b08739614696" executionId="ef780125-51d4-465d-80b4-24ddea3db5d9" parentExecutionId="e4bc49c0-0d6c-4200-b587-34d08029f03b" testListId="8c84fa94-04c1-424b-9868-57a2d4851a1d" />
        <TestEntry testId="6d79c5dc-b8c1-45e7-a98c-f918b81745d1" executionId="7ebaac44-8412-498f-a83e-61339c339259" parentExecutionId="e4bc49c0-0d6c-4200-b587-34d08029f03b" testListId="8c84fa94-04c1-424b-9868-57a2d4851a1d" />
        <TestEntry testId="2b0bc69b-eac3-409d-8c4b-0df094533ddd" executionId="bfbb5a88-40cf-4305-8493-21f28153c30a" parentExecutionId="e4bc49c0-0d6c-4200-b587-34d08029f03b" testListId="8c84fa94-04c1-424b-9868-57a2d4851a1d" />
        <TestEntry testId="134cfa5c-b86c-4c11-b651-1f94d9ff3143" executionId="ebb33679-4da2-4b7a-913c-e567e0230179" parentExecutionId="e4bc49c0-0d6c-4200-b587-34d08029f03b" testListId="8c84fa94-04c1-424b-9868-57a2d4851a1d" />
        <TestEntry testId="e7d4f10f-6dc9-46e4-af74-2e6f1345b010" executionId="67a9e108-7578-4380-83d6-d6eb3692ead5" parentExecutionId="e4bc49c0-0d6c-4200-b587-34d08029f03b" testListId="8c84fa94-04c1-424b-9868-57a2d4851a1d" />
        <TestEntry testId="5e96b3dd-38e5-474d-99b5-75035f2fef5e" executionId="b09552c8-7243-4113-a64a-e68972c8fd9d" parentExecutionId="e4bc49c0-0d6c-4200-b587-34d08029f03b" testListId="8c84fa94-04c1-424b-9868-57a2d4851a1d" />
        <TestEntry testId="32da9a91-5394-4875-b7d4-d42b6adef017" executionId="890d070e-c65f-4c00-93aa-618c05ae1d41" parentExecutionId="e4bc49c0-0d6c-4200-b587-34d08029f03b" testListId="8c84fa94-04c1-424b-9868-57a2d4851a1d" />
      </TestEntries>
    </TestEntry>
    <TestEntry testId="3e1f2209-7034-4508-b8ba-cb0bf37c9c06" executionId="ba8c0425-1a9e-43f4-bc5d-07922547af4a" testListId="8c84fa94-04c1-424b-9868-57a2d4851a1d">
      <TestEntries>
        <TestEntry testId="961e24ef-7642-4535-b36d-3af53942e6fc" executionId="7a463b03-6029-4d18-9ed4-fe4bf2b5e5a0" parentExecutionId="ba8c0425-1a9e-43f4-bc5d-07922547af4a" testListId="8c84fa94-04c1-424b-9868-57a2d4851a1d" />
        <TestEntry testId="e9f9df4e-0b73-416c-b21e-5e3d5d748ab7" executionId="f228ffb2-7de4-4768-92f4-a069dd9bf0dd" parentExecutionId="ba8c0425-1a9e-43f4-bc5d-07922547af4a" testListId="8c84fa94-04c1-424b-9868-57a2d4851a1d" />
        <TestEntry testId="eee0b7f3-a7b5-4ab7-8d9d-bf93fcb9b4d8" executionId="bd2325fb-daa1-4189-99b2-0a4b7934f20e" parentExecutionId="ba8c0425-1a9e-43f4-bc5d-07922547af4a" testListId="8c84fa94-04c1-424b-9868-57a2d4851a1d" />
        <TestEntry testId="4a0b5fed-1421-44e2-b3a6-947ad0a0c95b" executionId="ef4d8830-c8a7-45f1-99e5-15a17faa7b8f" parentExecutionId="ba8c0425-1a9e-43f4-bc5d-07922547af4a" testListId="8c84fa94-04c1-424b-9868-57a2d4851a1d" />
        <TestEntry testId="40785ab6-2f87-4010-8e2e-c925b3a58125" executionId="03a2741b-d480-40d6-ae27-47fa089aeb36" parentExecutionId="ba8c0425-1a9e-43f4-bc5d-07922547af4a" testListId="8c84fa94-04c1-424b-9868-57a2d4851a1d" />
        <TestEntry testId="127873ab-4d19-4a29-b454-bf339f303e73" executionId="bfdc169a-550a-4990-9741-17b4777df50e" parentExecutionId="ba8c0425-1a9e-43f4-bc5d-07922547af4a" testListId="8c84fa94-04c1-424b-9868-57a2d4851a1d" />
        <TestEntry testId="4326d444-b2ba-4a45-b01a-360c265a0797" executionId="dd41090b-44f2-433a-92fe-fb2d21295c40" parentExecutionId="ba8c0425-1a9e-43f4-bc5d-07922547af4a" testListId="8c84fa94-04c1-424b-9868-57a2d4851a1d" />
        <TestEntry testId="c71f9e20-ac87-4aff-b18b-ec2f679c1320" executionId="62df548d-367b-46ca-b38a-41fe1f6f45b5" parentExecutionId="ba8c0425-1a9e-43f4-bc5d-07922547af4a" testListId="8c84fa94-04c1-424b-9868-57a2d4851a1d" />
        <TestEntry testId="ac57899e-9115-4342-9c74-69c3e9dd3c88" executionId="0334c6b3-955c-47de-b923-9ebdcc41575c" parentExecutionId="ba8c0425-1a9e-43f4-bc5d-07922547af4a" testListId="8c84fa94-04c1-424b-9868-57a2d4851a1d" />
      </TestEntries>
    </TestEntry>
    <TestEntry testId="d53784bf-844b-4198-aa3b-764d5a3fc861" executionId="c6e97cef-6bcb-4c01-ba64-09d34dbc82e1" testListId="8c84fa94-04c1-424b-9868-57a2d4851a1d">
      <TestEntries>
        <TestEntry testId="f5c301ee-33e0-4a0a-8911-1ceef35345b5" executionId="ea2cf8f5-7f09-4cae-8ead-0e6df165a9f7" parentExecutionId="c6e97cef-6bcb-4c01-ba64-09d34dbc82e1" testListId="8c84fa94-04c1-424b-9868-57a2d4851a1d" />
      </TestEntries>
    </TestEntry>
    <TestEntry testId="9e12052a-2d59-4e49-805b-a1cf15d865f3" executionId="35e8c6e1-78c0-4502-84a9-903cb54d4268" testListId="8c84fa94-04c1-424b-9868-57a2d4851a1d">
      <TestEntries>
        <TestEntry testId="cc1c403b-bebe-42b3-838c-16985e9744db" executionId="c8bd935a-331e-4115-827f-e2f825014c12" parentExecutionId="35e8c6e1-78c0-4502-84a9-903cb54d4268" testListId="8c84fa94-04c1-424b-9868-57a2d4851a1d" />
        <TestEntry testId="297cf6ce-57dd-4921-847a-b085cf750bac" executionId="8f8c6a2c-41a5-4236-8e4a-a5e666e015ed" parentExecutionId="35e8c6e1-78c0-4502-84a9-903cb54d4268" testListId="8c84fa94-04c1-424b-9868-57a2d4851a1d" />
        <TestEntry testId="45d03f7b-d81f-4022-ba52-b112bca20817" executionId="bd711b53-e334-422d-b9aa-537726765d65" parentExecutionId="35e8c6e1-78c0-4502-84a9-903cb54d4268" testListId="8c84fa94-04c1-424b-9868-57a2d4851a1d" />
        <TestEntry testId="73c2d3d4-340b-41f2-937b-176336f1e94d" executionId="79e64ad5-6618-44cf-af90-97c852129c3e" parentExecutionId="35e8c6e1-78c0-4502-84a9-903cb54d4268" testListId="8c84fa94-04c1-424b-9868-57a2d4851a1d" />
        <TestEntry testId="f1b010a1-e473-47c5-84ec-0bf5f091aa67" executionId="2776bcec-59ae-4751-b791-d1ce83289b49" parentExecutionId="35e8c6e1-78c0-4502-84a9-903cb54d4268" testListId="8c84fa94-04c1-424b-9868-57a2d4851a1d" />
        <TestEntry testId="54a4d416-d32f-4349-8ee7-14f40c42ab8a" executionId="057b2c8a-aff2-4e31-bf32-30542c1ab825" parentExecutionId="35e8c6e1-78c0-4502-84a9-903cb54d4268" testListId="8c84fa94-04c1-424b-9868-57a2d4851a1d" />
        <TestEntry testId="371fed0a-5eb4-41f2-a13d-ff1e30924ed8" executionId="a54ddbdd-4a6f-448f-87ac-492a0383df19" parentExecutionId="35e8c6e1-78c0-4502-84a9-903cb54d4268" testListId="8c84fa94-04c1-424b-9868-57a2d4851a1d" />
        <TestEntry testId="aa0cb258-763f-4117-874c-f720a013fd32" executionId="ae48be67-1513-401c-97d3-547cc4039c56" parentExecutionId="35e8c6e1-78c0-4502-84a9-903cb54d4268" testListId="8c84fa94-04c1-424b-9868-57a2d4851a1d" />
      </TestEntries>
    </TestEntry>
    <TestEntry testId="5cd3d8ba-5898-4b4a-82a6-bcf4f27d597e" executionId="df76bfd1-ecfc-4371-bab8-dc7edde13fde" testListId="8c84fa94-04c1-424b-9868-57a2d4851a1d">
      <TestEntries>
        <TestEntry testId="43285357-7831-4013-9eb6-f5a372e723ca" executionId="d2f0fc48-03cc-40cc-bd01-8f0d8864b932" parentExecutionId="df76bfd1-ecfc-4371-bab8-dc7edde13fde" testListId="8c84fa94-04c1-424b-9868-57a2d4851a1d" />
        <TestEntry testId="fd997c6c-8054-424a-87e0-3a0e6e647f14" executionId="1eb068dc-cadb-47fc-9b39-d7ec42b432f4" parentExecutionId="df76bfd1-ecfc-4371-bab8-dc7edde13fde" testListId="8c84fa94-04c1-424b-9868-57a2d4851a1d" />
      </TestEntries>
    </TestEntry>
    <TestEntry testId="5eb4e4c5-71fc-427e-96d8-9ec430916678" executionId="462763f0-55e1-45e0-adc5-7355d9f91d2c" testListId="8c84fa94-04c1-424b-9868-57a2d4851a1d">
      <TestEntries>
        <TestEntry testId="f0c3f683-f458-4bc6-b179-5cd878c59938" executionId="1f140bbd-2477-4071-9a0b-e8df49a4a2e1" parentExecutionId="462763f0-55e1-45e0-adc5-7355d9f91d2c" testListId="8c84fa94-04c1-424b-9868-57a2d4851a1d" />
        <TestEntry testId="184a79d7-5af0-4f85-b579-7151623bd100" executionId="3af8f496-6c52-4de8-a978-f9a01ba87e9c" parentExecutionId="462763f0-55e1-45e0-adc5-7355d9f91d2c" testListId="8c84fa94-04c1-424b-9868-57a2d4851a1d" />
        <TestEntry testId="7bf9f965-e113-40de-a146-db9d58997e5b" executionId="3c51cc8e-2274-4968-8556-4e471e0ec519" parentExecutionId="462763f0-55e1-45e0-adc5-7355d9f91d2c" testListId="8c84fa94-04c1-424b-9868-57a2d4851a1d" />
        <TestEntry testId="849861f2-3c98-4c2a-9bf3-59540f2a2ea5" executionId="95e14149-8764-4026-af95-73d911996691" parentExecutionId="462763f0-55e1-45e0-adc5-7355d9f91d2c" testListId="8c84fa94-04c1-424b-9868-57a2d4851a1d" />
        <TestEntry testId="349e10f5-6131-4577-a09e-6ae01e2344bc" executionId="05c91956-d40a-497c-96b7-978f7004d003" parentExecutionId="462763f0-55e1-45e0-adc5-7355d9f91d2c" testListId="8c84fa94-04c1-424b-9868-57a2d4851a1d" />
        <TestEntry testId="10be41df-6689-4320-85d4-42269e916848" executionId="4fbb166c-269d-49f6-a64b-9174ef8cb5bf" parentExecutionId="462763f0-55e1-45e0-adc5-7355d9f91d2c" testListId="8c84fa94-04c1-424b-9868-57a2d4851a1d" />
        <TestEntry testId="a17ffcde-ee16-4f94-96c5-5e98b2ee999b" executionId="a93a4a37-da3c-46f1-a865-57b8000cee8e" parentExecutionId="462763f0-55e1-45e0-adc5-7355d9f91d2c" testListId="8c84fa94-04c1-424b-9868-57a2d4851a1d" />
        <TestEntry testId="325bcf5b-43c2-4629-b9bc-77ea1b951416" executionId="794083f2-0a81-4f5b-8236-3b8f28fd4d6e" parentExecutionId="462763f0-55e1-45e0-adc5-7355d9f91d2c" testListId="8c84fa94-04c1-424b-9868-57a2d4851a1d" />
        <TestEntry testId="cb6d148f-5ca9-49a0-87d5-cbf804992be2" executionId="15f19b51-f751-496c-9d4f-e714a3946500" parentExecutionId="462763f0-55e1-45e0-adc5-7355d9f91d2c" testListId="8c84fa94-04c1-424b-9868-57a2d4851a1d" />
        <TestEntry testId="5f71ff6f-b282-4013-9dd3-16bf81f9da4e" executionId="76243e7a-00be-40c4-94fa-161d94243783" parentExecutionId="462763f0-55e1-45e0-adc5-7355d9f91d2c" testListId="8c84fa94-04c1-424b-9868-57a2d4851a1d" />
      </TestEntries>
    </TestEntry>
    <TestEntry testId="59a83df4-4d17-4a68-99f4-7a41020533ab" executionId="e0f2e063-42f1-4b9c-a856-03e3a95f3e7c" testListId="8c84fa94-04c1-424b-9868-57a2d4851a1d">
      <TestEntries>
        <TestEntry testId="7bd6ad64-70f9-4b50-8dab-f8cc34acede4" executionId="c0e63884-eaa7-40a8-a633-724a6707e08e" parentExecutionId="e0f2e063-42f1-4b9c-a856-03e3a95f3e7c" testListId="8c84fa94-04c1-424b-9868-57a2d4851a1d" />
        <TestEntry testId="6db8057f-ae0e-42ee-bf8e-8f10bd04cf1d" executionId="596f5bb3-f684-49ac-b29d-014ae515d3e4" parentExecutionId="e0f2e063-42f1-4b9c-a856-03e3a95f3e7c" testListId="8c84fa94-04c1-424b-9868-57a2d4851a1d" />
        <TestEntry testId="451322d8-1584-4c96-a4d2-cd83269d4dbc" executionId="6a40776b-2028-42e0-a92c-44481b1038a6" parentExecutionId="e0f2e063-42f1-4b9c-a856-03e3a95f3e7c" testListId="8c84fa94-04c1-424b-9868-57a2d4851a1d" />
      </TestEntries>
    </TestEntry>
  </TestEntries>
  <TestLists>
    <TestList name="Results Not in a List" id="8c84fa94-04c1-424b-9868-57a2d4851a1d" />
    <TestList name="All Loaded Results" id="19431567-8539-422a-85d7-44ee4e166bda" />
  </TestLists>
  <ResultSummary outcome="Failed">
    <Counters total="523" executed="523" passed="515" failed="8" error="0" timeout="0" aborted="0" inconclusive="0" passedButRunAborted="0" notRunnable="0" notExecuted="0" disconnected="0" warning="0" completed="0" inProgress="0" pending="0" />
    <Output>
      <StdOut>Data collection : Logging DataCollector Diagnostics in file: C:\Agt6\_work\_temp\Attempt--1_ldcnpr.datacollector.21-04-12_08-12-25_01598_1.diag&#xD;
Logging TestHost Diagnostics in file: C:\Agt6\_work\_temp\Attempt--1_ldcnpr.host.21-04-12_08-12-26_67302_1.diag&#xD;
</StdOut>
    </Output>
  </ResultSummary>
</TestRun>