<?xml version="1.0" encoding="utf-8"?>
<TestRun id="d9442b61-56a0-4b28-951c-802a7058b475" name="c2kbuild@CLTBUILD23 2021-04-13 15:29:37" runUser="CMC\c2kbuild" xmlns="http://microsoft.com/schemas/VisualStudio/TeamTest/2010">
  <Times creation="2021-04-13T15:29:37.9787394-04:00" queuing="2021-04-13T15:29:37.9787394-04:00" start="2021-04-13T15:21:09.4710502-04:00" finish="2021-04-13T16:09:43.6817472-04:00" />
  <TestSettings name="default" id="88d22caf-334e-4b69-8d8e-e361f8eba746">
    <Deployment runDeploymentRoot="c2kbuild_CLTBUILD23_2021-04-13_15_29_37" />
  </TestSettings>
  <Results>
    <TestResultAggregation executionId="e5986f61-ad3a-487a-bc84-dfd8df0a6d16" testId="20d61801-fb09-4a6b-b8cc-2bedb2509591" testName="OTCheckingtheInstructorAttributeonClassSchedule" computerName="CLTBUILD23" startTime="2021-04-13T16:09:41.4789283-04:00" endTime="2021-04-13T16:09:41.4789283-04:00" testType="ec4800e8-40e5-4ab3-8510-b8bf29b1904d" outcome="Failed" testListId="8c84fa94-04c1-424b-9868-57a2d4851a1d" relativeResultsDirectory="e5986f61-ad3a-487a-bc84-dfd8df0a6d16">
      <InnerResults>
        <UnitTestResult executionId="5612d575-3c74-4d9e-8c84-a263f5650dcd" parentExecutionId="e5986f61-ad3a-487a-bc84-dfd8df0a6d16" testId="d1aba1b8-56d8-4cb5-9efc-8ea201fc0614" testName="1- addingattributetostaff-generictest (OTCheckingtheInstructorAttributeonClassSchedule)" computerName="CLTBUILD23" startTime="2021-04-13T16:09:41.5101730-04:00" endTime="2021-04-13T16:09:41.5101730-04:00" testType="13cdc9d9-ddb5-4fa4-a97d-d965ccfc6d4b" outcome="Failed" testListId="8c84fa94-04c1-424b-9868-57a2d4851a1d" relativeResultsDirectory="5612d575-3c74-4d9e-8c84-a263f5650dcd" />
        <UnitTestResult executionId="d1a8083d-f0f5-4b36-a989-49a075f2c281" parentExecutionId="e5986f61-ad3a-487a-bc84-dfd8df0a6d16" testId="b525afe2-8a3e-4ceb-a03d-39371f2251c2" testName="2- createnewclassschedule-generictest (OTCheckingtheInstructorAttributeonClassSchedule)" computerName="CLTBUILD23" startTime="2021-04-13T16:09:41.5101730-04:00" endTime="2021-04-13T16:09:41.5101730-04:00" testType="13cdc9d9-ddb5-4fa4-a97d-d965ccfc6d4b" outcome="Failed" testListId="8c84fa94-04c1-424b-9868-57a2d4851a1d" relativeResultsDirectory="d1a8083d-f0f5-4b36-a989-49a075f2c281" />
        <UnitTestResult executionId="2d451474-9c63-402d-bd0c-166eb1b8168d" parentExecutionId="e5986f61-ad3a-487a-bc84-dfd8df0a6d16" testId="1f0092a3-b1bf-4f3a-9c54-fc1d075487a8" testName="3- checkclassscheduleinstructorattributes-generictest (OTCheckingtheInstructorAttributeonClassSchedule)" computerName="CLTBUILD23" startTime="2021-04-13T16:09:41.5101730-04:00" endTime="2021-04-13T16:09:41.5101730-04:00" testType="13cdc9d9-ddb5-4fa4-a97d-d965ccfc6d4b" outcome="Failed" testListId="8c84fa94-04c1-424b-9868-57a2d4851a1d" relativeResultsDirectory="2d451474-9c63-402d-bd0c-166eb1b8168d" />
      </InnerResults>
    </TestResultAggregation>
    <TestResultAggregation executionId="d3541e75-7c72-43c4-98ec-b4c43a3937d2" testId="7966ec3b-d647-4f4c-95f9-7c5404137041" testName="OTCopyClassSchedulesfromoneTermtoAnother" computerName="CLTBUILD23" startTime="2021-04-13T16:09:41.5414207-04:00" endTime="2021-04-13T16:09:41.5414207-04:00" testType="ec4800e8-40e5-4ab3-8510-b8bf29b1904d" outcome="Failed" testListId="8c84fa94-04c1-424b-9868-57a2d4851a1d" relativeResultsDirectory="d3541e75-7c72-43c4-98ec-b4c43a3937d2">
      <InnerResults>
        <UnitTestResult executionId="399225a1-e820-4f2c-a6f4-4aeb77f1e57d" parentExecutionId="d3541e75-7c72-43c4-98ec-b4c43a3937d2" testId="d3360dd4-847b-415e-b149-eebba7ccedaf" testName="1- copyclassschedulesfromonetermtoanother-generictest (OTCopyClassSchedulesfromoneTermtoAnother)" computerName="CLTBUILD23" startTime="2021-04-13T16:09:41.5882906-04:00" endTime="2021-04-13T16:09:41.5882906-04:00" testType="13cdc9d9-ddb5-4fa4-a97d-d965ccfc6d4b" outcome="Failed" testListId="8c84fa94-04c1-424b-9868-57a2d4851a1d" relativeResultsDirectory="399225a1-e820-4f2c-a6f4-4aeb77f1e57d" />
      </InnerResults>
    </TestResultAggregation>
    <TestResultAggregation executionId="54614626-df18-4d50-9899-ddcffb178352" testId="05b716f6-fc3c-4d9c-a316-b3c37d39e512" testName="OTVerifyWhetherUserIsUnableToRegisterSubstituteCourseWhenMainInactiveSubstituteInactie" computerName="CLTBUILD23" startTime="2021-04-13T16:09:41.6507843-04:00" endTime="2021-04-13T16:09:41.6664046-04:00" testType="ec4800e8-40e5-4ab3-8510-b8bf29b1904d" outcome="Failed" testListId="8c84fa94-04c1-424b-9868-57a2d4851a1d" relativeResultsDirectory="54614626-df18-4d50-9899-ddcffb178352">
      <InnerResults>
        <UnitTestResult executionId="5b414b54-92f5-4225-8fc3-bc2f62ffb36e" parentExecutionId="54614626-df18-4d50-9899-ddcffb178352" testId="f43b5902-2f45-42f3-914a-db55dd221f9b" testName="1- getsubstitutecoursedetailsfromcourselistcourse4-generictest (OTVerifyWhetherUserIsUnableToRegisterSubstituteCourseWhenMainInactiveSubstituteInactie)" computerName="CLTBUILD23" startTime="2021-04-13T16:09:41.7288934-04:00" endTime="2021-04-13T16:09:41.7288934-04:00" testType="13cdc9d9-ddb5-4fa4-a97d-d965ccfc6d4b" outcome="Failed" testListId="8c84fa94-04c1-424b-9868-57a2d4851a1d" relativeResultsDirectory="5b414b54-92f5-4225-8fc3-bc2f62ffb36e" />
        <UnitTestResult executionId="45a58f95-bd80-4ec7-b597-184b518489e6" parentExecutionId="54614626-df18-4d50-9899-ddcffb178352" testId="8b88a2cc-9b1a-4778-9956-6b1699c08311" testName="2- register substitute course to student course4-generictest (OTVerifyWhetherUserIsUnableToRegisterSubstituteCourseWhenMainInactiveSubstituteInactie)" computerName="CLTBUILD23" startTime="2021-04-13T16:09:41.7288934-04:00" endTime="2021-04-13T16:09:41.7288934-04:00" testType="13cdc9d9-ddb5-4fa4-a97d-d965ccfc6d4b" outcome="Failed" testListId="8c84fa94-04c1-424b-9868-57a2d4851a1d" relativeResultsDirectory="45a58f95-bd80-4ec7-b597-184b518489e6" />
      </InnerResults>
    </TestResultAggregation>
    <TestResultAggregation executionId="aa30ad8d-fa70-4a54-8c2b-bd6d5d9ec9d0" testId="71df5334-bb42-4053-bdc8-0055b821512a" testName="OTCheckEnrollStatusandHoursinRegistredCourseforAllowOverrideCourse" computerName="CLTBUILD23" duration="00:00:25.0018685" startTime="2021-04-13T15:38:48.9806130-04:00" endTime="2021-04-13T15:39:13.9927637-04:00" testType="ec4800e8-40e5-4ab3-8510-b8bf29b1904d" outcome="Failed" testListId="8c84fa94-04c1-424b-9868-57a2d4851a1d" relativeResultsDirectory="aa30ad8d-fa70-4a54-8c2b-bd6d5d9ec9d0">
      <InnerResults>
        <UnitTestResult executionId="23ddc609-c755-4efe-a3fa-b80ea5dc172b" parentExecutionId="aa30ad8d-fa70-4a54-8c2b-bd6d5d9ec9d0" testId="7523a384-8542-4c9d-a584-4870d9a2f9ce" testName="1- addandregisterallowoverridecourse-generictest (OTCheckEnrollStatusandHoursinRegistredCourseforAllowOverrideCourse)" computerName="CLTBUILD23" duration="00:00:16.1991098" startTime="2021-04-13T15:38:48.9962306-04:00" endTime="2021-04-13T15:39:05.1971113-04:00" testType="13cdc9d9-ddb5-4fa4-a97d-d965ccfc6d4b" outcome="Passed" testListId="8c84fa94-04c1-424b-9868-57a2d4851a1d" relativeResultsDirectory="23ddc609-c755-4efe-a3fa-b80ea5dc172b">
          <Output>
            <StdOut>C:\Agt6\_work\_temp\TestResults\c2kbuild_CLTBUILD23 2021-04-13 15_21_13\In\23ddc609-c755-4efe-a3fa-b80ea5dc172b\CLTBUILD23&gt;if not defined TestLocation (set TestLocation=. ) &#xD;
&#xD;
C:\Agt6\_work\_temp\TestResults\c2kbuild_CLTBUILD23 2021-04-13 15_21_13\In\23ddc609-c755-4efe-a3fa-b80ea5dc172b\CLTBUILD23&gt;set CollectionFileName=c:\agt6\_work\10\s\qaautomation\api\tests\modules\academics\addandregistervariablecourse\AddandRegisterAllowOverrideCourse.postman_collection.json &#xD;
&#xD;
C:\Agt6\_work\_temp\TestResults\c2kbuild_CLTBUILD23 2021-04-13 15_21_13\In\23ddc609-c755-4efe-a3fa-b80ea5dc172b\CLTBUILD23&gt;set DataFileName=c:\agt6\_work\10\s\qaautomation\api\tests\modules\academics\addandregistervariablecourse\AddandRegisterAllowOverrideCourse.data.json &#xD;
&#xD;
C:\Agt6\_work\_temp\TestResults\c2kbuild_CLTBUILD23 2021-04-13 15_21_13\In\23ddc609-c755-4efe-a3fa-b80ea5dc172b\CLTBUILD23&gt;set EnvironmentFilePath=c:\agt6\_work\10\s\qaautomation\api\tests\modules\academics\addandregistervariablecourse\..\..\..\..\Common\TeamRajendra-StudentApiEnvironment.postman_environment.json &#xD;
&#xD;
C:\Agt6\_work\_temp\TestResults\c2kbuild_CLTBUILD23 2021-04-13 15_21_13\In\23ddc609-c755-4efe-a3fa-b80ea5dc172b\CLTBUILD23&gt;set HtmlResultsFile=AddandRegisterAllowOverrideCourse-Html.html &#xD;
&#xD;
C:\Agt6\_work\_temp\TestResults\c2kbuild_CLTBUILD23 2021-04-13 15_21_13\In\23ddc609-c755-4efe-a3fa-b80ea5dc172b\CLTBUILD23&gt;set JunitResultsFile=AddandRegisterAllowOverrideCourse-Junit.xml &#xD;
&#xD;
C:\Agt6\_work\_temp\TestResults\c2kbuild_CLTBUILD23 2021-04-13 15_21_13\In\23ddc609-c755-4efe-a3fa-b80ea5dc172b\CLTBUILD23&gt;newman run "c:\agt6\_work\10\s\qaautomation\api\tests\modules\academics\addandregistervariablecourse\AddandRegisterAllowOverrideCourse.postman_collection.json" -d "c:\agt6\_work\10\s\qaautomation\api\tests\modules\academics\addandregistervariablecourse\AddandRegisterAllowOverrideCourse.data.json" -e "c:\agt6\_work\10\s\qaautomation\api\tests\modules\academics\addandregistervariablecourse\..\..\..\..\Common\TeamRajendra-StudentApiEnvironment.postman_environment.json" -r junit,html --reporter-html-export "AddandRegisterAllowOverrideCourse-Html.html" --reporter-junit-export "AddandRegisterAllowOverrideCourse-Junit.xml"</StdOut>
          </Output>
          <ResultFiles>
            <ResultFile path="CLTBUILD23\AddandRegisterAllowOverrideCourse-Html.html" />
            <ResultFile path="CLTBUILD23\AddandRegisterAllowOverrideCourse-Junit.xml" />
          </ResultFiles>
        </UnitTestResult>
        <UnitTestResult executionId="eadb2735-997e-49f3-b042-09a943b55a46" parentExecutionId="aa30ad8d-fa70-4a54-8c2b-bd6d5d9ec9d0" testId="e4151b0a-d75e-4c85-b66f-642a712ea393" testName="2- courseandcoursescheduledetailsforallowoverridecourse-generictest (OTCheckEnrollStatusandHoursinRegistredCourseforAllowOverrideCourse)" computerName="CLTBUILD23" duration="00:00:08.7904987" startTime="2021-04-13T15:39:05.1971113-04:00" endTime="2021-04-13T15:39:13.9927637-04:00" testType="13cdc9d9-ddb5-4fa4-a97d-d965ccfc6d4b" outcome="Failed" testListId="8c84fa94-04c1-424b-9868-57a2d4851a1d" relativeResultsDirectory="eadb2735-997e-49f3-b042-09a943b55a46">
          <Output>
            <StdOut>C:\Agt6\_work\_temp\TestResults\c2kbuild_CLTBUILD23 2021-04-13 15_21_13\In\eadb2735-997e-49f3-b042-09a943b55a46\CLTBUILD23&gt;if not defined TestLocation (set TestLocation=. ) &#xD;
&#xD;
C:\Agt6\_work\_temp\TestResults\c2kbuild_CLTBUILD23 2021-04-13 15_21_13\In\eadb2735-997e-49f3-b042-09a943b55a46\CLTBUILD23&gt;set CollectionFileName=c:\agt6\_work\10\s\qaautomation\api\tests\modules\academics\courseandclassscheduledetails\CourseandCourseScheduleDetails.postman_collection.json &#xD;
&#xD;
C:\Agt6\_work\_temp\TestResults\c2kbuild_CLTBUILD23 2021-04-13 15_21_13\In\eadb2735-997e-49f3-b042-09a943b55a46\CLTBUILD23&gt;set DataFileName=c:\agt6\_work\10\s\qaautomation\api\tests\modules\academics\courseandclassscheduledetails\CourseandCourseScheduleDetailsforAllowOverrideCourse.data.json &#xD;
&#xD;
C:\Agt6\_work\_temp\TestResults\c2kbuild_CLTBUILD23 2021-04-13 15_21_13\In\eadb2735-997e-49f3-b042-09a943b55a46\CLTBUILD23&gt;set EnvironmentFilePath=c:\agt6\_work\10\s\qaautomation\api\tests\modules\academics\courseandclassscheduledetails\..\..\..\..\Common\TeamRajendra-StudentApiEnvironment.postman_environment.json &#xD;
&#xD;
C:\Agt6\_work\_temp\TestResults\c2kbuild_CLTBUILD23 2021-04-13 15_21_13\In\eadb2735-997e-49f3-b042-09a943b55a46\CLTBUILD23&gt;set HtmlResultsFile=CourseandClassScheduleDetailsforAllowOverrideCourse-Html.html &#xD;
&#xD;
C:\Agt6\_work\_temp\TestResults\c2kbuild_CLTBUILD23 2021-04-13 15_21_13\In\eadb2735-997e-49f3-b042-09a943b55a46\CLTBUILD23&gt;set JunitResultsFile=CourseandClassScheduleDetailsforAllowOverrideCourse-Junit.xml &#xD;
&#xD;
C:\Agt6\_work\_temp\TestResults\c2kbuild_CLTBUILD23 2021-04-13 15_21_13\In\eadb2735-997e-49f3-b042-09a943b55a46\CLTBUILD23&gt;newman run "c:\agt6\_work\10\s\qaautomation\api\tests\modules\academics\courseandclassscheduledetails\CourseandCourseScheduleDetails.postman_collection.json" -d "c:\agt6\_work\10\s\qaautomation\api\tests\modules\academics\courseandclassscheduledetails\CourseandCourseScheduleDetailsforAllowOverrideCourse.data.json" -e "c:\agt6\_work\10\s\qaautomation\api\tests\modules\academics\courseandclassscheduledetails\..\..\..\..\Common\TeamRajendra-StudentApiEnvironment.postman_environment.json" -r junit,html --reporter-html-export "CourseandClassScheduleDetailsforAllowOverrideCourse-Html.html" --reporter-junit-export "CourseandClassScheduleDetailsforAllowOverrideCourse-Junit.xml"</StdOut>
            <ErrorInfo>
              <Message>The test failed with exit code 1.</Message>
            </ErrorInfo>
          </Output>
          <ResultFiles>
            <ResultFile path="CLTBUILD23\CourseandClassScheduleDetailsforAllowOverrideCourse-Html.html" />
            <ResultFile path="CLTBUILD23\CourseandClassScheduleDetailsforAllowOverrideCourse-Junit.xml" />
          </ResultFiles>
        </UnitTestResult>
      </InnerResults>
    </TestResultAggregation>
    <TestResultAggregation executionId="3e995ff7-fae1-4788-99fe-84045f43c681" testId="aebf4dfa-2985-4c15-ae68-06b8bf9b19bd" testName="OTCheckEnrollStatusandHoursinRegistredCourseforFixedCourse" computerName="CLTBUILD23" duration="00:00:22.5105881" startTime="2021-04-13T15:39:13.9927637-04:00" endTime="2021-04-13T15:39:36.5052759-04:00" testType="ec4800e8-40e5-4ab3-8510-b8bf29b1904d" outcome="Failed" testListId="8c84fa94-04c1-424b-9868-57a2d4851a1d" relativeResultsDirectory="3e995ff7-fae1-4788-99fe-84045f43c681">
      <InnerResults>
        <UnitTestResult executionId="c93bac7f-0f4a-41c0-aaaa-763208b747d5" parentExecutionId="3e995ff7-fae1-4788-99fe-84045f43c681" testId="ff357f17-d96f-4cc5-a87f-b990e5440b42" testName="1- courseandcoursescheduledetailsforfixedcourse-generictest (OTCheckEnrollStatusandHoursinRegistredCourseforFixedCourse)" computerName="CLTBUILD23" duration="00:00:08.5073432" startTime="2021-04-13T15:39:13.9927637-04:00" endTime="2021-04-13T15:39:22.5073403-04:00" testType="13cdc9d9-ddb5-4fa4-a97d-d965ccfc6d4b" outcome="Passed" testListId="8c84fa94-04c1-424b-9868-57a2d4851a1d" relativeResultsDirectory="c93bac7f-0f4a-41c0-aaaa-763208b747d5">
          <Output>
            <StdOut>C:\Agt6\_work\_temp\TestResults\c2kbuild_CLTBUILD23 2021-04-13 15_21_13\In\c93bac7f-0f4a-41c0-aaaa-763208b747d5\CLTBUILD23&gt;if not defined TestLocation (set TestLocation=. ) &#xD;
&#xD;
C:\Agt6\_work\_temp\TestResults\c2kbuild_CLTBUILD23 2021-04-13 15_21_13\In\c93bac7f-0f4a-41c0-aaaa-763208b747d5\CLTBUILD23&gt;set CollectionFileName=c:\agt6\_work\10\s\qaautomation\api\tests\modules\academics\courseandclassscheduledetails\CourseandCourseScheduleDetails.postman_collection.json &#xD;
&#xD;
C:\Agt6\_work\_temp\TestResults\c2kbuild_CLTBUILD23 2021-04-13 15_21_13\In\c93bac7f-0f4a-41c0-aaaa-763208b747d5\CLTBUILD23&gt;set DataFileName=c:\agt6\_work\10\s\qaautomation\api\tests\modules\academics\courseandclassscheduledetails\CourseandCourseScheduleDetailsforFixedCourse.data.json &#xD;
&#xD;
C:\Agt6\_work\_temp\TestResults\c2kbuild_CLTBUILD23 2021-04-13 15_21_13\In\c93bac7f-0f4a-41c0-aaaa-763208b747d5\CLTBUILD23&gt;set EnvironmentFilePath=c:\agt6\_work\10\s\qaautomation\api\tests\modules\academics\courseandclassscheduledetails\..\..\..\..\Common\TeamRajendra-StudentApiEnvironment.postman_environment.json &#xD;
&#xD;
C:\Agt6\_work\_temp\TestResults\c2kbuild_CLTBUILD23 2021-04-13 15_21_13\In\c93bac7f-0f4a-41c0-aaaa-763208b747d5\CLTBUILD23&gt;set HtmlResultsFile=CourseandClassScheduleDetailsforFixedCourse-Html.html &#xD;
&#xD;
C:\Agt6\_work\_temp\TestResults\c2kbuild_CLTBUILD23 2021-04-13 15_21_13\In\c93bac7f-0f4a-41c0-aaaa-763208b747d5\CLTBUILD23&gt;set JunitResultsFile=CourseandClassScheduleDetailsforFixedCourse-Junit.xml &#xD;
&#xD;
C:\Agt6\_work\_temp\TestResults\c2kbuild_CLTBUILD23 2021-04-13 15_21_13\In\c93bac7f-0f4a-41c0-aaaa-763208b747d5\CLTBUILD23&gt;newman run "c:\agt6\_work\10\s\qaautomation\api\tests\modules\academics\courseandclassscheduledetails\CourseandCourseScheduleDetails.postman_collection.json" -d "c:\agt6\_work\10\s\qaautomation\api\tests\modules\academics\courseandclassscheduledetails\CourseandCourseScheduleDetailsforFixedCourse.data.json" -e "c:\agt6\_work\10\s\qaautomation\api\tests\modules\academics\courseandclassscheduledetails\..\..\..\..\Common\TeamRajendra-StudentApiEnvironment.postman_environment.json" -r junit,html --reporter-html-export "CourseandClassScheduleDetailsforFixedCourse-Html.html" --reporter-junit-export "CourseandClassScheduleDetailsforFixedCourse-Junit.xml"</StdOut>
          </Output>
          <ResultFiles>
            <ResultFile path="CLTBUILD23\CourseandClassScheduleDetailsforFixedCourse-Html.html" />
            <ResultFile path="CLTBUILD23\CourseandClassScheduleDetailsforFixedCourse-Junit.xml" />
          </ResultFiles>
        </UnitTestResult>
        <UnitTestResult executionId="387c160c-1559-4203-8729-f46b4d6c03d1" parentExecutionId="3e995ff7-fae1-4788-99fe-84045f43c681" testId="88a89aa2-40a5-4161-8840-98c73b985c47" testName="2- addandregisterfixedcourse-generictest (OTCheckEnrollStatusandHoursinRegistredCourseforFixedCourse)" computerName="CLTBUILD23" duration="00:00:13.9938974" startTime="2021-04-13T15:39:22.5073403-04:00" endTime="2021-04-13T15:39:36.5052759-04:00" testType="13cdc9d9-ddb5-4fa4-a97d-d965ccfc6d4b" outcome="Failed" testListId="8c84fa94-04c1-424b-9868-57a2d4851a1d" relativeResultsDirectory="387c160c-1559-4203-8729-f46b4d6c03d1">
          <Output>
            <StdOut>C:\Agt6\_work\_temp\TestResults\c2kbuild_CLTBUILD23 2021-04-13 15_21_13\In\387c160c-1559-4203-8729-f46b4d6c03d1\CLTBUILD23&gt;if not defined TestLocation (set TestLocation=. ) &#xD;
&#xD;
C:\Agt6\_work\_temp\TestResults\c2kbuild_CLTBUILD23 2021-04-13 15_21_13\In\387c160c-1559-4203-8729-f46b4d6c03d1\CLTBUILD23&gt;set CollectionFileName=c:\agt6\_work\10\s\qaautomation\api\tests\modules\academics\addandregisterfixedcourse\AddandRegisterFixedCourse.postman_collection.json &#xD;
&#xD;
C:\Agt6\_work\_temp\TestResults\c2kbuild_CLTBUILD23 2021-04-13 15_21_13\In\387c160c-1559-4203-8729-f46b4d6c03d1\CLTBUILD23&gt;set DataFileName=c:\agt6\_work\10\s\qaautomation\api\tests\modules\academics\addandregisterfixedcourse\AddandRegisterFixedCourse.data.json &#xD;
&#xD;
C:\Agt6\_work\_temp\TestResults\c2kbuild_CLTBUILD23 2021-04-13 15_21_13\In\387c160c-1559-4203-8729-f46b4d6c03d1\CLTBUILD23&gt;set EnvironmentFilePath=c:\agt6\_work\10\s\qaautomation\api\tests\modules\academics\addandregisterfixedcourse\..\..\..\..\Common\TeamRajendra-StudentApiEnvironment.postman_environment.json &#xD;
&#xD;
C:\Agt6\_work\_temp\TestResults\c2kbuild_CLTBUILD23 2021-04-13 15_21_13\In\387c160c-1559-4203-8729-f46b4d6c03d1\CLTBUILD23&gt;set HtmlResultsFile=AddandRegisterFixedCourse-Html.html &#xD;
&#xD;
C:\Agt6\_work\_temp\TestResults\c2kbuild_CLTBUILD23 2021-04-13 15_21_13\In\387c160c-1559-4203-8729-f46b4d6c03d1\CLTBUILD23&gt;set JunitResultsFile=AddandRegisterFixedCourse-Junit.xml &#xD;
&#xD;
C:\Agt6\_work\_temp\TestResults\c2kbuild_CLTBUILD23 2021-04-13 15_21_13\In\387c160c-1559-4203-8729-f46b4d6c03d1\CLTBUILD23&gt;newman run "c:\agt6\_work\10\s\qaautomation\api\tests\modules\academics\addandregisterfixedcourse\AddandRegisterFixedCourse.postman_collection.json" -d "c:\agt6\_work\10\s\qaautomation\api\tests\modules\academics\addandregisterfixedcourse\AddandRegisterFixedCourse.data.json" -e "c:\agt6\_work\10\s\qaautomation\api\tests\modules\academics\addandregisterfixedcourse\..\..\..\..\Common\TeamRajendra-StudentApiEnvironment.postman_environment.json" -r junit,html --reporter-html-export "AddandRegisterFixedCourse-Html.html" --reporter-junit-export "AddandRegisterFixedCourse-Junit.xml"</StdOut>
            <ErrorInfo>
              <Message>The test failed with exit code 1.</Message>
            </ErrorInfo>
          </Output>
          <ResultFiles>
            <ResultFile path="CLTBUILD23\AddandRegisterFixedCourse-Html.html" />
            <ResultFile path="CLTBUILD23\AddandRegisterFixedCourse-Junit.xml" />
          </ResultFiles>
        </UnitTestResult>
      </InnerResults>
    </TestResultAggregation>
    <TestResultAggregation executionId="a0ee7f23-cc58-4760-a02e-f210b15b844f" testId="ff23713c-bb01-4121-a6e7-7c1967f193c4" testName="OTCheckingandUpdatingHideFacultyandLocationvalues" computerName="CLTBUILD23" startTime="2021-04-13T16:09:41.4633067-04:00" endTime="2021-04-13T16:09:41.4633067-04:00" testType="ec4800e8-40e5-4ab3-8510-b8bf29b1904d" outcome="Failed" testListId="8c84fa94-04c1-424b-9868-57a2d4851a1d" relativeResultsDirectory="a0ee7f23-cc58-4760-a02e-f210b15b844f">
      <InnerResults>
        <UnitTestResult executionId="42eb1338-1af2-4d25-b57f-496f2efdc74d" parentExecutionId="a0ee7f23-cc58-4760-a02e-f210b15b844f" testId="4151ae03-e4ab-4c20-aec1-83b687187f79" testName="1- createnewclassscheduleforhidefacultyandlocation (OTCheckingandUpdatingHideFacultyandLocationvalues)" computerName="CLTBUILD23" startTime="2021-04-13T16:09:41.4945527-04:00" endTime="2021-04-13T16:09:41.4945527-04:00" testType="13cdc9d9-ddb5-4fa4-a97d-d965ccfc6d4b" outcome="Failed" testListId="8c84fa94-04c1-424b-9868-57a2d4851a1d" relativeResultsDirectory="42eb1338-1af2-4d25-b57f-496f2efdc74d" />
        <UnitTestResult executionId="fb0642b6-f8a6-4710-9f14-f802f842ce0d" parentExecutionId="a0ee7f23-cc58-4760-a02e-f210b15b844f" testId="836fa66f-53d7-40fe-a90d-c7797e531fc1" testName="2- viewingandupdatinhidefacultyandlocationvalues (OTCheckingandUpdatingHideFacultyandLocationvalues)" computerName="CLTBUILD23" startTime="2021-04-13T16:09:41.4945527-04:00" endTime="2021-04-13T16:09:41.4945527-04:00" testType="13cdc9d9-ddb5-4fa4-a97d-d965ccfc6d4b" outcome="Failed" testListId="8c84fa94-04c1-424b-9868-57a2d4851a1d" relativeResultsDirectory="fb0642b6-f8a6-4710-9f14-f802f842ce0d" />
      </InnerResults>
    </TestResultAggregation>
    <TestResultAggregation executionId="cdc2558b-f4fd-42a0-a8e4-8dfd1fb50e4f" testId="e519f48f-6f0a-4a9d-a7cd-8b1be4a46b96" testName="IVPOrderedTest" computerName="CLTBUILD23" duration="00:08:23.2236046" startTime="2021-04-13T15:21:14.6577862-04:00" endTime="2021-04-13T15:29:37.8537515-04:00" testType="ec4800e8-40e5-4ab3-8510-b8bf29b1904d" outcome="Failed" testListId="8c84fa94-04c1-424b-9868-57a2d4851a1d" relativeResultsDirectory="cdc2558b-f4fd-42a0-a8e4-8dfd1fb50e4f">
      <InnerResults>
        <UnitTestResult executionId="46fc49a0-9288-44d4-9877-c61c549aed40" parentExecutionId="cdc2558b-f4fd-42a0-a8e4-8dfd1fb50e4f" testId="a60bfe08-ca0d-4d04-94d7-6e0f3c73eb77" testName="1- ivp (IVPOrderedTest)" computerName="CLTBUILD23" duration="00:08:23.1670777" startTime="2021-04-13T15:21:14.7046458-04:00" endTime="2021-04-13T15:29:37.8381330-04:00" testType="13cdc9d9-ddb5-4fa4-a97d-d965ccfc6d4b" outcome="Failed" testListId="8c84fa94-04c1-424b-9868-57a2d4851a1d" relativeResultsDirectory="46fc49a0-9288-44d4-9877-c61c549aed40">
          <Output>
            <StdOut>C:\Agt6\_work\_temp\TestResults\c2kbuild_CLTBUILD23 2021-04-13 15_21_13\In\46fc49a0-9288-44d4-9877-c61c549aed40\CLTBUILD23&gt;if not defined TestLocation (set TestLocation=. ) &#xD;
&#xD;
C:\Agt6\_work\_temp\TestResults\c2kbuild_CLTBUILD23 2021-04-13 15_21_13\In\46fc49a0-9288-44d4-9877-c61c549aed40\CLTBUILD23&gt;set CollectionFileName=IVP.postman_collection.json &#xD;
&#xD;
C:\Agt6\_work\_temp\TestResults\c2kbuild_CLTBUILD23 2021-04-13 15_21_13\In\46fc49a0-9288-44d4-9877-c61c549aed40\CLTBUILD23&gt;set EnvironmentFilePath=c:\agt6\_work\10\s\qaautomation\api\tests\ivp\IVP.postman_environment.json &#xD;
&#xD;
C:\Agt6\_work\_temp\TestResults\c2kbuild_CLTBUILD23 2021-04-13 15_21_13\In\46fc49a0-9288-44d4-9877-c61c549aed40\CLTBUILD23&gt;set GlobalsFilePath=c:\agt6\_work\10\s\qaautomation\api\tests\ivp\IVP.postman_globals.json &#xD;
&#xD;
C:\Agt6\_work\_temp\TestResults\c2kbuild_CLTBUILD23 2021-04-13 15_21_13\In\46fc49a0-9288-44d4-9877-c61c549aed40\CLTBUILD23&gt;set ResultsFilePath=c:\agt6\_work\10\s\qaautomation\api\tests\ivp\Results\IVPApiResults.html &#xD;
&#xD;
C:\Agt6\_work\_temp\TestResults\c2kbuild_CLTBUILD23 2021-04-13 15_21_13\In\46fc49a0-9288-44d4-9877-c61c549aed40\CLTBUILD23&gt;echo Test results report is here c:\agt6\_work\10\s\qaautomation\api\tests\ivp\Results\IVPApiResults.html &#xD;
Test results report is here c:\agt6\_work\10\s\qaautomation\api\tests\ivp\Results\IVPApiResults.html&#xD;
&#xD;
C:\Agt6\_work\_temp\TestResults\c2kbuild_CLTBUILD23 2021-04-13 15_21_13\In\46fc49a0-9288-44d4-9877-c61c549aed40\CLTBUILD23&gt;if exist "c:\agt6\_work\10\s\qaautomation\api\tests\ivp\Results\IVPApiResults.html" (del/Q "c:\agt6\_work\10\s\qaautomation\api\tests\ivp\Results\IVPApiResults.html" ) &#xD;
&#xD;
C:\Agt6\_work\_temp\TestResults\c2kbuild_CLTBUILD23 2021-04-13 15_21_13\In\46fc49a0-9288-44d4-9877-c61c549aed40\CLTBUILD23&gt;newman run "c:\agt6\_work\10\s\qaautomation\api\tests\ivp\IVP.postman_collection.json" -e "c:\agt6\_work\10\s\qaautomation\api\tests\ivp\IVP.postman_environment.json" -r html --reporter-html-export "c:\agt6\_work\10\s\qaautomation\api\tests\ivp\Results\IVPApiResults.html"</StdOut>
            <ErrorInfo>
              <Message>The test failed with exit code 1.</Message>
            </ErrorInfo>
          </Output>
        </UnitTestResult>
      </InnerResults>
    </TestResultAggregation>
    <TestResultAggregation executionId="7e8ae2bc-688c-4cf6-874b-a52ce6d030b6" testId="82a4445b-e0c0-4dbe-970f-61c916daca04" testName="OTVerifyWhetherUserIsAbleToRegisterSubstituteCourseWhenMainActiveSubstituteActive" computerName="CLTBUILD23" startTime="2021-04-13T16:09:41.6507843-04:00" endTime="2021-04-13T16:09:41.6507843-04:00" testType="ec4800e8-40e5-4ab3-8510-b8bf29b1904d" outcome="Failed" testListId="8c84fa94-04c1-424b-9868-57a2d4851a1d" relativeResultsDirectory="7e8ae2bc-688c-4cf6-874b-a52ce6d030b6">
      <InnerResults>
        <UnitTestResult executionId="a105d9c8-f5f3-4ddc-afca-2729c3969e2b" parentExecutionId="7e8ae2bc-688c-4cf6-874b-a52ce6d030b6" testId="51f0e0e7-312d-445d-9ed8-101c61daf912" testName="1- getsubstitutecoursedetailsfromcourselistcourse1-generictest (OTVerifyWhetherUserIsAbleToRegisterSubstituteCourseWhenMainActiveSubstituteActive)" computerName="CLTBUILD23" startTime="2021-04-13T16:09:41.6976492-04:00" endTime="2021-04-13T16:09:41.6976492-04:00" testType="13cdc9d9-ddb5-4fa4-a97d-d965ccfc6d4b" outcome="Failed" testListId="8c84fa94-04c1-424b-9868-57a2d4851a1d" relativeResultsDirectory="a105d9c8-f5f3-4ddc-afca-2729c3969e2b" />
        <UnitTestResult executionId="aacdbe79-2675-4060-aba3-391cb3cbac1d" parentExecutionId="7e8ae2bc-688c-4cf6-874b-a52ce6d030b6" testId="7486e07b-8c5e-48ac-bada-dbfb24dc13e5" testName="2- register substitute course to student course1-generictest (OTVerifyWhetherUserIsAbleToRegisterSubstituteCourseWhenMainActiveSubstituteActive)" computerName="CLTBUILD23" startTime="2021-04-13T16:09:41.6976492-04:00" endTime="2021-04-13T16:09:41.6976492-04:00" testType="13cdc9d9-ddb5-4fa4-a97d-d965ccfc6d4b" outcome="Failed" testListId="8c84fa94-04c1-424b-9868-57a2d4851a1d" relativeResultsDirectory="aacdbe79-2675-4060-aba3-391cb3cbac1d" />
      </InnerResults>
    </TestResultAggregation>
    <TestResultAggregation executionId="02ea6333-26ed-4913-b3ea-4450a60d8a48" testId="8e1d58bd-646c-47f0-ae37-5e4f703a1d4a" testName="OTVerifyWhetherActualCourseOnWaitlistWhenRegisteredInActualClassSection" computerName="CLTBUILD23" startTime="2021-04-13T16:09:41.6507843-04:00" endTime="2021-04-13T16:09:41.6507843-04:00" testType="ec4800e8-40e5-4ab3-8510-b8bf29b1904d" outcome="Failed" testListId="8c84fa94-04c1-424b-9868-57a2d4851a1d" relativeResultsDirectory="02ea6333-26ed-4913-b3ea-4450a60d8a48">
      <InnerResults>
        <UnitTestResult executionId="9447e9a5-76e9-4905-a982-2712b663e4fd" parentExecutionId="02ea6333-26ed-4913-b3ea-4450a60d8a48" testId="a33177c5-a4a5-49ec-a403-774fe71447f3" testName="1- crossreferencecourseandcoursescheduledetailscourse1-generictest (OTVerifyWhetherActualCourseOnWaitlistWhenRegisteredInActualClassSection)" computerName="CLTBUILD23" startTime="2021-04-13T16:09:41.6820253-04:00" endTime="2021-04-13T16:09:41.6820253-04:00" testType="13cdc9d9-ddb5-4fa4-a97d-d965ccfc6d4b" outcome="Failed" testListId="8c84fa94-04c1-424b-9868-57a2d4851a1d" relativeResultsDirectory="9447e9a5-76e9-4905-a982-2712b663e4fd" />
        <UnitTestResult executionId="568115b3-eb25-4712-8d2f-ff257d3b5765" parentExecutionId="02ea6333-26ed-4913-b3ea-4450a60d8a48" testId="254de41a-0619-42d0-9570-86260c37e3e3" testName="2- crossreferencecourseandcoursescheduledetailscourse2-generictest (OTVerifyWhetherActualCourseOnWaitlistWhenRegisteredInActualClassSection)" computerName="CLTBUILD23" startTime="2021-04-13T16:09:41.6820253-04:00" endTime="2021-04-13T16:09:41.6820253-04:00" testType="13cdc9d9-ddb5-4fa4-a97d-d965ccfc6d4b" outcome="Failed" testListId="8c84fa94-04c1-424b-9868-57a2d4851a1d" relativeResultsDirectory="568115b3-eb25-4712-8d2f-ff257d3b5765" />
        <UnitTestResult executionId="53772306-ebea-4809-9a7e-a050bc168377" parentExecutionId="02ea6333-26ed-4913-b3ea-4450a60d8a48" testId="f8f11c65-5dd1-4438-88ec-159581b70f18" testName="3- add course to student(student1course1)-generictest (OTVerifyWhetherActualCourseOnWaitlistWhenRegisteredInActualClassSection)" computerName="CLTBUILD23" startTime="2021-04-13T16:09:41.6820253-04:00" endTime="2021-04-13T16:09:41.6820253-04:00" testType="13cdc9d9-ddb5-4fa4-a97d-d965ccfc6d4b" outcome="Failed" testListId="8c84fa94-04c1-424b-9868-57a2d4851a1d" relativeResultsDirectory="53772306-ebea-4809-9a7e-a050bc168377" />
        <UnitTestResult executionId="db711e2c-747d-46ca-a379-758754110f48" parentExecutionId="02ea6333-26ed-4913-b3ea-4450a60d8a48" testId="bd6fac14-3568-45c0-b393-c73c22487313" testName="4- register course to student(student1course1)-generictest (OTVerifyWhetherActualCourseOnWaitlistWhenRegisteredInActualClassSection)" computerName="CLTBUILD23" startTime="2021-04-13T16:09:41.6820253-04:00" endTime="2021-04-13T16:09:41.6820253-04:00" testType="13cdc9d9-ddb5-4fa4-a97d-d965ccfc6d4b" outcome="Failed" testListId="8c84fa94-04c1-424b-9868-57a2d4851a1d" relativeResultsDirectory="db711e2c-747d-46ca-a379-758754110f48" />
        <UnitTestResult executionId="5aafce8c-5c4a-4266-b592-e50dcb9d496b" parentExecutionId="02ea6333-26ed-4913-b3ea-4450a60d8a48" testId="dc9807bc-d415-4bd5-b684-7feebf7ab79a" testName="5- add course to student(student2course1)-generictest (OTVerifyWhetherActualCourseOnWaitlistWhenRegisteredInActualClassSection)" computerName="CLTBUILD23" startTime="2021-04-13T16:09:41.6820253-04:00" endTime="2021-04-13T16:09:41.6820253-04:00" testType="13cdc9d9-ddb5-4fa4-a97d-d965ccfc6d4b" outcome="Failed" testListId="8c84fa94-04c1-424b-9868-57a2d4851a1d" relativeResultsDirectory="5aafce8c-5c4a-4266-b592-e50dcb9d496b" />
        <UnitTestResult executionId="f00c54ec-e0b1-4dd4-909c-1974c1d4daa8" parentExecutionId="02ea6333-26ed-4913-b3ea-4450a60d8a48" testId="18703160-0ac6-42be-be8f-07f205b156ba" testName="6- add course to student(student2course2)-generictest (OTVerifyWhetherActualCourseOnWaitlistWhenRegisteredInActualClassSection)" computerName="CLTBUILD23" startTime="2021-04-13T16:09:41.6820253-04:00" endTime="2021-04-13T16:09:41.6820253-04:00" testType="13cdc9d9-ddb5-4fa4-a97d-d965ccfc6d4b" outcome="Failed" testListId="8c84fa94-04c1-424b-9868-57a2d4851a1d" relativeResultsDirectory="f00c54ec-e0b1-4dd4-909c-1974c1d4daa8" />
        <UnitTestResult executionId="d30e11e5-ff28-49c0-88b1-30cfa99d4985" parentExecutionId="02ea6333-26ed-4913-b3ea-4450a60d8a48" testId="bfbc3b63-90a3-4eae-8002-928b6b4480bd" testName="7- register course to student(student2course1)-generictest (OTVerifyWhetherActualCourseOnWaitlistWhenRegisteredInActualClassSection)" computerName="CLTBUILD23" startTime="2021-04-13T16:09:41.6820253-04:00" endTime="2021-04-13T16:09:41.6820253-04:00" testType="13cdc9d9-ddb5-4fa4-a97d-d965ccfc6d4b" outcome="Failed" testListId="8c84fa94-04c1-424b-9868-57a2d4851a1d" relativeResultsDirectory="d30e11e5-ff28-49c0-88b1-30cfa99d4985" />
      </InnerResults>
    </TestResultAggregation>
    <TestResultAggregation executionId="d5dcfb5e-575d-4722-af68-cd2a9a91cf93" testId="fb5bd640-a76d-49cd-bbc3-d81ec04f12e4" testName="OTPublishScheduleforaTermwhichisaFloatingTerm" computerName="CLTBUILD23" startTime="2021-04-13T16:09:41.6039100-04:00" endTime="2021-04-13T16:09:41.6039100-04:00" testType="ec4800e8-40e5-4ab3-8510-b8bf29b1904d" outcome="Failed" testListId="8c84fa94-04c1-424b-9868-57a2d4851a1d" relativeResultsDirectory="d5dcfb5e-575d-4722-af68-cd2a9a91cf93">
      <InnerResults>
        <UnitTestResult executionId="9cf80774-f147-491e-ab6d-6f80d262c786" parentExecutionId="d5dcfb5e-575d-4722-af68-cd2a9a91cf93" testId="2ed37b5e-f83e-4ac7-a7b3-dcb3a2f7204c" testName="1- checkingisfloatingtermusedforthecampus (OTPublishScheduleforaTermwhichisaFloatingTerm)" computerName="CLTBUILD23" startTime="2021-04-13T16:09:41.6195352-04:00" endTime="2021-04-13T16:09:41.6195352-04:00" testType="13cdc9d9-ddb5-4fa4-a97d-d965ccfc6d4b" outcome="Failed" testListId="8c84fa94-04c1-424b-9868-57a2d4851a1d" relativeResultsDirectory="9cf80774-f147-491e-ab6d-6f80d262c786" />
        <UnitTestResult executionId="ed4349cb-42b7-4a3c-ba67-abba65beb3a1" parentExecutionId="d5dcfb5e-575d-4722-af68-cd2a9a91cf93" testId="283a7192-8b92-40e7-a804-c2ea1f7ef0a0" testName="2- publishingschedulescenario4 (OTPublishScheduleforaTermwhichisaFloatingTerm)" computerName="CLTBUILD23" startTime="2021-04-13T16:09:41.6195352-04:00" endTime="2021-04-13T16:09:41.6195352-04:00" testType="13cdc9d9-ddb5-4fa4-a97d-d965ccfc6d4b" outcome="Failed" testListId="8c84fa94-04c1-424b-9868-57a2d4851a1d" relativeResultsDirectory="ed4349cb-42b7-4a3c-ba67-abba65beb3a1" />
      </InnerResults>
    </TestResultAggregation>
    <TestResultAggregation executionId="51bf71d5-e650-4b19-8fb6-2c79965d36b2" testId="f76c6185-0ff9-48a8-8426-f3f7f30d99d5" testName="OTClearingWaitlistforspecificStudentwhenclearwaitlistisnotallowed" computerName="CLTBUILD23" startTime="2021-04-13T16:09:41.5257991-04:00" endTime="2021-04-13T16:09:41.5257991-04:00" testType="ec4800e8-40e5-4ab3-8510-b8bf29b1904d" outcome="Failed" testListId="8c84fa94-04c1-424b-9868-57a2d4851a1d" relativeResultsDirectory="51bf71d5-e650-4b19-8fb6-2c79965d36b2">
      <InnerResults>
        <UnitTestResult executionId="d0358dbd-8542-43e0-bfb7-3b4e5c615f87" parentExecutionId="51bf71d5-e650-4b19-8fb6-2c79965d36b2" testId="430caaf1-1443-4b34-9927-147535979093" testName="1- allowclearwaitlistisunchecked-generictest (OTClearingWaitlistforspecificStudentwhenclearwaitlistisnotallowed)" computerName="CLTBUILD23" startTime="2021-04-13T16:09:41.5726685-04:00" endTime="2021-04-13T16:09:41.5726685-04:00" testType="13cdc9d9-ddb5-4fa4-a97d-d965ccfc6d4b" outcome="Failed" testListId="8c84fa94-04c1-424b-9868-57a2d4851a1d" relativeResultsDirectory="d0358dbd-8542-43e0-bfb7-3b4e5c615f87" />
        <UnitTestResult executionId="18df9d55-87eb-463e-8312-3e62b4b1450a" parentExecutionId="51bf71d5-e650-4b19-8fb6-2c79965d36b2" testId="90c5fab7-52b7-46be-9017-e97c600867d9" testName="2- clearingwaitlistnotallowedforspecific-generictest (OTClearingWaitlistforspecificStudentwhenclearwaitlistisnotallowed)" computerName="CLTBUILD23" startTime="2021-04-13T16:09:41.5726685-04:00" endTime="2021-04-13T16:09:41.5726685-04:00" testType="13cdc9d9-ddb5-4fa4-a97d-d965ccfc6d4b" outcome="Failed" testListId="8c84fa94-04c1-424b-9868-57a2d4851a1d" relativeResultsDirectory="18df9d55-87eb-463e-8312-3e62b4b1450a" />
      </InnerResults>
    </TestResultAggregation>
    <TestResultAggregation executionId="ca1f5a6b-e0ca-47ad-beff-97a7fd55d440" testId="ac6231a6-453b-4291-996c-28544d7b4118" testName="OTVerifyWhetherUserIsUanleToRegisterSubstituteCourseWhenMainActiveSubstituteInactive" computerName="CLTBUILD23" startTime="2021-04-13T16:09:41.6507843-04:00" endTime="2021-04-13T16:09:41.6507843-04:00" testType="ec4800e8-40e5-4ab3-8510-b8bf29b1904d" outcome="Failed" testListId="8c84fa94-04c1-424b-9868-57a2d4851a1d" relativeResultsDirectory="ca1f5a6b-e0ca-47ad-beff-97a7fd55d440">
      <InnerResults>
        <UnitTestResult executionId="e39123c7-d49f-4fa5-bf9a-2bf604c1edc0" parentExecutionId="ca1f5a6b-e0ca-47ad-beff-97a7fd55d440" testId="727d38f4-8d26-4fb5-a0d1-b498119a08db" testName="1- getsubstitutecoursedetailsfromcourselistcourse2-generictest (OTVerifyWhetherUserIsUanleToRegisterSubstituteCourseWhenMainActiveSubstituteInactive)" computerName="CLTBUILD23" startTime="2021-04-13T16:09:41.7132713-04:00" endTime="2021-04-13T16:09:41.7132713-04:00" testType="13cdc9d9-ddb5-4fa4-a97d-d965ccfc6d4b" outcome="Failed" testListId="8c84fa94-04c1-424b-9868-57a2d4851a1d" relativeResultsDirectory="e39123c7-d49f-4fa5-bf9a-2bf604c1edc0" />
        <UnitTestResult executionId="b35127b1-e167-4e0f-9d77-c73139eb106d" parentExecutionId="ca1f5a6b-e0ca-47ad-beff-97a7fd55d440" testId="49b70fd1-f49b-4487-afd4-b5424bc6e3c5" testName="2- register substitute course to student course2-generictest (OTVerifyWhetherUserIsUanleToRegisterSubstituteCourseWhenMainActiveSubstituteInactive)" computerName="CLTBUILD23" startTime="2021-04-13T16:09:41.7132713-04:00" endTime="2021-04-13T16:09:41.7132713-04:00" testType="13cdc9d9-ddb5-4fa4-a97d-d965ccfc6d4b" outcome="Failed" testListId="8c84fa94-04c1-424b-9868-57a2d4851a1d" relativeResultsDirectory="b35127b1-e167-4e0f-9d77-c73139eb106d" />
      </InnerResults>
    </TestResultAggregation>
    <TestResultAggregation executionId="c4382cad-3fdd-427e-ac18-f93f0d5475c9" testId="05b22b7f-444e-4bc0-851a-6f1060666ae9" testName="OTCheckingtheInActiveInstructorandupdating" computerName="CLTBUILD23" startTime="2021-04-13T16:09:41.4633067-04:00" endTime="2021-04-13T16:09:41.4633067-04:00" testType="ec4800e8-40e5-4ab3-8510-b8bf29b1904d" outcome="Failed" testListId="8c84fa94-04c1-424b-9868-57a2d4851a1d" relativeResultsDirectory="c4382cad-3fdd-427e-ac18-f93f0d5475c9">
      <InnerResults>
        <UnitTestResult executionId="bc79dc82-5d62-4fd2-a9e1-6f74750e268a" parentExecutionId="c4382cad-3fdd-427e-ac18-f93f0d5475c9" testId="a294acc9-b435-4199-a4e8-4616f521d039" testName="1- createnewclassscheduleviewandupdateinstructor-generictest (OTCheckingtheInActiveInstructorandupdating)" computerName="CLTBUILD23" startTime="2021-04-13T16:09:41.5101730-04:00" endTime="2021-04-13T16:09:41.5101730-04:00" testType="13cdc9d9-ddb5-4fa4-a97d-d965ccfc6d4b" outcome="Failed" testListId="8c84fa94-04c1-424b-9868-57a2d4851a1d" relativeResultsDirectory="bc79dc82-5d62-4fd2-a9e1-6f74750e268a" />
        <UnitTestResult executionId="affb28cb-7ea8-4805-8906-3f918048397e" parentExecutionId="c4382cad-3fdd-427e-ac18-f93f0d5475c9" testId="8e1cf152-0f70-4b9f-b12d-37fa85ac3ea1" testName="2- process-instructormaintenance-generictest (OTCheckingtheInActiveInstructorandupdating)" computerName="CLTBUILD23" startTime="2021-04-13T16:09:41.5101730-04:00" endTime="2021-04-13T16:09:41.5101730-04:00" testType="13cdc9d9-ddb5-4fa4-a97d-d965ccfc6d4b" outcome="Failed" testListId="8c84fa94-04c1-424b-9868-57a2d4851a1d" relativeResultsDirectory="affb28cb-7ea8-4805-8906-3f918048397e" />
        <UnitTestResult executionId="b5619afa-a2ef-4e7a-bc06-b26e3f539eb4" parentExecutionId="c4382cad-3fdd-427e-ac18-f93f0d5475c9" testId="1bdadd23-367c-4cb2-9629-33ecc80a2f6d" testName="3- updateinstructorforclassschedule (OTCheckingtheInActiveInstructorandupdating)" computerName="CLTBUILD23" startTime="2021-04-13T16:09:41.5101730-04:00" endTime="2021-04-13T16:09:41.5101730-04:00" testType="13cdc9d9-ddb5-4fa4-a97d-d965ccfc6d4b" outcome="Failed" testListId="8c84fa94-04c1-424b-9868-57a2d4851a1d" relativeResultsDirectory="b5619afa-a2ef-4e7a-bc06-b26e3f539eb4" />
      </InnerResults>
    </TestResultAggregation>
    <TestResultAggregation executionId="64f4eb58-b854-439a-8bcf-9ea33a5f030a" testId="4b38391c-0e11-4dde-9d6c-f80a36b8ff91" testName="PreDeployOrderedTest" computerName="CLTBUILD23" startTime="2021-04-13T16:09:41.7445163-04:00" endTime="2021-04-13T16:09:41.7445163-04:00" testType="ec4800e8-40e5-4ab3-8510-b8bf29b1904d" outcome="Failed" testListId="8c84fa94-04c1-424b-9868-57a2d4851a1d" relativeResultsDirectory="64f4eb58-b854-439a-8bcf-9ea33a5f030a">
      <InnerResults>
        <UnitTestResult executionId="51298212-f556-4e02-b2c4-efbf1f9f2d98" parentExecutionId="64f4eb58-b854-439a-8bcf-9ea33a5f030a" testId="7356f06b-177a-4046-9f9c-d16da1d7da6c" testName="1- predeploygenerictest (PreDeployOrderedTest)" computerName="CLTBUILD23" startTime="2021-04-13T16:09:41.8851218-04:00" endTime="2021-04-13T16:09:41.8851218-04:00" testType="13cdc9d9-ddb5-4fa4-a97d-d965ccfc6d4b" outcome="Failed" testListId="8c84fa94-04c1-424b-9868-57a2d4851a1d" relativeResultsDirectory="51298212-f556-4e02-b2c4-efbf1f9f2d98" />
      </InnerResults>
    </TestResultAggregation>
    <TestResultAggregation executionId="9059987a-faae-46f9-b683-a9a4b358f9b0" testId="e71884c7-e95b-4895-92a3-1a2f4a68c1f0" testName="OTCheckingStudentsChoiceafterchangeonClassSchedule" computerName="CLTBUILD23" startTime="2021-04-13T16:09:41.4633067-04:00" endTime="2021-04-13T16:09:41.4633067-04:00" testType="ec4800e8-40e5-4ab3-8510-b8bf29b1904d" outcome="Failed" testListId="8c84fa94-04c1-424b-9868-57a2d4851a1d" relativeResultsDirectory="9059987a-faae-46f9-b683-a9a4b358f9b0">
      <InnerResults>
        <UnitTestResult executionId="5b1dd542-a0ac-4cec-9787-08e4afecefea" parentExecutionId="9059987a-faae-46f9-b683-a9a4b358f9b0" testId="970482c1-f5ff-49f8-8a70-f81fc0013ffa" testName="1- addcoursetostudentforstudentschoice_passfailchecked-generictest (OTCheckingStudentsChoiceafterchangeonClassSchedule)" computerName="CLTBUILD23" startTime="2021-04-13T16:09:41.4789283-04:00" endTime="2021-04-13T16:09:41.4789283-04:00" testType="13cdc9d9-ddb5-4fa4-a97d-d965ccfc6d4b" outcome="Failed" testListId="8c84fa94-04c1-424b-9868-57a2d4851a1d" relativeResultsDirectory="5b1dd542-a0ac-4cec-9787-08e4afecefea" />
        <UnitTestResult executionId="062e03c3-3070-4da7-a6a5-d321c24545f3" parentExecutionId="9059987a-faae-46f9-b683-a9a4b358f9b0" testId="d7efbccd-c63c-4a7f-999b-53b612c5668a" testName="2- registercoursetostudentstudentschoice_passfailchecked-generictest (OTCheckingStudentsChoiceafterchangeonClassSchedule)" computerName="CLTBUILD23" startTime="2021-04-13T16:09:41.4789283-04:00" endTime="2021-04-13T16:09:41.4789283-04:00" testType="13cdc9d9-ddb5-4fa4-a97d-d965ccfc6d4b" outcome="Failed" testListId="8c84fa94-04c1-424b-9868-57a2d4851a1d" relativeResultsDirectory="062e03c3-3070-4da7-a6a5-d321c24545f3" />
        <UnitTestResult executionId="e2b03786-2801-4ef1-aefb-9ca22ef53549" parentExecutionId="9059987a-faae-46f9-b683-a9a4b358f9b0" testId="6a11b895-1bb1-492d-8df8-7b2438721210" testName="3- updateclassscheduledetailsforstudentschoice-generictest (OTCheckingStudentsChoiceafterchangeonClassSchedule)" computerName="CLTBUILD23" startTime="2021-04-13T16:09:41.4789283-04:00" endTime="2021-04-13T16:09:41.4789283-04:00" testType="13cdc9d9-ddb5-4fa4-a97d-d965ccfc6d4b" outcome="Failed" testListId="8c84fa94-04c1-424b-9868-57a2d4851a1d" relativeResultsDirectory="e2b03786-2801-4ef1-aefb-9ca22ef53549" />
        <UnitTestResult executionId="04a22d2f-ce60-4b5e-b25f-3a6f69911acf" parentExecutionId="9059987a-faae-46f9-b683-a9a4b358f9b0" testId="eb54c809-adfb-40ff-a3d4-e0a8313a18a8" testName="4- checkingregisteredcoursedetailsforstudentschoice-generictest (OTCheckingStudentsChoiceafterchangeonClassSchedule)" computerName="CLTBUILD23" startTime="2021-04-13T16:09:41.4789283-04:00" endTime="2021-04-13T16:09:41.4789283-04:00" testType="13cdc9d9-ddb5-4fa4-a97d-d965ccfc6d4b" outcome="Failed" testListId="8c84fa94-04c1-424b-9868-57a2d4851a1d" relativeResultsDirectory="04a22d2f-ce60-4b5e-b25f-3a6f69911acf" />
      </InnerResults>
    </TestResultAggregation>
    <TestResultAggregation executionId="2493fed7-0e59-4dfe-b7b7-5181f5053aa7" testId="c227bb34-2dfd-418a-9385-dc60cb846e9d" testName="Task" computerName="CLTBUILD23" startTime="2021-04-13T16:09:41.7132713-04:00" endTime="2021-04-13T16:09:41.7132713-04:00" testType="ec4800e8-40e5-4ab3-8510-b8bf29b1904d" outcome="Failed" testListId="8c84fa94-04c1-424b-9868-57a2d4851a1d" relativeResultsDirectory="2493fed7-0e59-4dfe-b7b7-5181f5053aa7">
      <InnerResults>
        <UnitTestResult executionId="3717c634-b2f4-4c35-8d3d-2f072fb18468" parentExecutionId="2493fed7-0e59-4dfe-b7b7-5181f5053aa7" testId="a1b78339-d65b-4ad8-919b-a211092bc622" testName="1- tasknonsystemcrud-generictest (Task)" computerName="CLTBUILD23" startTime="2021-04-13T16:09:41.8382578-04:00" endTime="2021-04-13T16:09:41.8382578-04:00" testType="13cdc9d9-ddb5-4fa4-a97d-d965ccfc6d4b" outcome="Failed" testListId="8c84fa94-04c1-424b-9868-57a2d4851a1d" relativeResultsDirectory="3717c634-b2f4-4c35-8d3d-2f072fb18468" />
        <UnitTestResult executionId="f429b329-89ad-4173-8b7d-6b9a052e421c" parentExecutionId="2493fed7-0e59-4dfe-b7b7-5181f5053aa7" testId="ce8bad3b-5b7e-4ad1-ade0-51c7bc02a8fc" testName="2- tasksystemcrud-generictest (Task)" computerName="CLTBUILD23" startTime="2021-04-13T16:09:41.8382578-04:00" endTime="2021-04-13T16:09:41.8382578-04:00" testType="13cdc9d9-ddb5-4fa4-a97d-d965ccfc6d4b" outcome="Failed" testListId="8c84fa94-04c1-424b-9868-57a2d4851a1d" relativeResultsDirectory="f429b329-89ad-4173-8b7d-6b9a052e421c" />
        <UnitTestResult executionId="88a68c2b-3283-42a8-85aa-f8d10448a9e7" parentExecutionId="2493fed7-0e59-4dfe-b7b7-5181f5053aa7" testId="d8ffadf1-5058-44a9-8909-5a00b6e9f532" testName="3- taskothers-generictest (Task)" computerName="CLTBUILD23" startTime="2021-04-13T16:09:41.8382578-04:00" endTime="2021-04-13T16:09:41.8382578-04:00" testType="13cdc9d9-ddb5-4fa4-a97d-d965ccfc6d4b" outcome="Failed" testListId="8c84fa94-04c1-424b-9868-57a2d4851a1d" relativeResultsDirectory="88a68c2b-3283-42a8-85aa-f8d10448a9e7" />
        <UnitTestResult executionId="488f08b2-2b61-47b9-922a-a378fc61f079" parentExecutionId="2493fed7-0e59-4dfe-b7b7-5181f5053aa7" testId="2513b3fe-625d-4505-a0ac-270158766b03" testName="4- tasksecurity-generictest (Task)" computerName="CLTBUILD23" startTime="2021-04-13T16:09:41.8382578-04:00" endTime="2021-04-13T16:09:41.8382578-04:00" testType="13cdc9d9-ddb5-4fa4-a97d-d965ccfc6d4b" outcome="Failed" testListId="8c84fa94-04c1-424b-9868-57a2d4851a1d" relativeResultsDirectory="488f08b2-2b61-47b9-922a-a378fc61f079" />
      </InnerResults>
    </TestResultAggregation>
    <TestResultAggregation executionId="23611168-0744-4bd7-bd05-240c71cde469" testId="347295d5-5bb3-4115-82e3-05fbdbb1bf32" testName="OTCheckPassFailFlagforWailistedRegisteredStudent" computerName="CLTBUILD23" startTime="2021-04-13T16:09:41.4164382-04:00" endTime="2021-04-13T16:09:41.4320599-04:00" testType="ec4800e8-40e5-4ab3-8510-b8bf29b1904d" outcome="Failed" testListId="8c84fa94-04c1-424b-9868-57a2d4851a1d" relativeResultsDirectory="23611168-0744-4bd7-bd05-240c71cde469">
      <InnerResults>
        <UnitTestResult executionId="c53e39dd-2067-46f9-99a7-c1602eb65ed2" parentExecutionId="23611168-0744-4bd7-bd05-240c71cde469" testId="14404893-07f2-40da-99b2-9e92305da549" testName="1- registercoursetomultiplestudents-generictest (OTCheckPassFailFlagforWailistedRegisteredStudent)" computerName="CLTBUILD23" startTime="2021-04-13T16:09:41.4476828-04:00" endTime="2021-04-13T16:09:41.4476828-04:00" testType="13cdc9d9-ddb5-4fa4-a97d-d965ccfc6d4b" outcome="Failed" testListId="8c84fa94-04c1-424b-9868-57a2d4851a1d" relativeResultsDirectory="c53e39dd-2067-46f9-99a7-c1602eb65ed2" />
        <UnitTestResult executionId="2280f223-c09b-471e-be0f-961bab434248" parentExecutionId="23611168-0744-4bd7-bd05-240c71cde469" testId="99a5de8b-b4c1-4a85-87c1-d1cd49d06bbe" testName="2- acceptwaitliststudents-generictest (OTCheckPassFailFlagforWailistedRegisteredStudent)" computerName="CLTBUILD23" startTime="2021-04-13T16:09:41.4476828-04:00" endTime="2021-04-13T16:09:41.4476828-04:00" testType="13cdc9d9-ddb5-4fa4-a97d-d965ccfc6d4b" outcome="Failed" testListId="8c84fa94-04c1-424b-9868-57a2d4851a1d" relativeResultsDirectory="2280f223-c09b-471e-be0f-961bab434248" />
        <UnitTestResult executionId="5c5f454a-db7e-4863-a900-97dc0453f9ad" parentExecutionId="23611168-0744-4bd7-bd05-240c71cde469" testId="eb0d2d33-fd74-4882-852c-e3309f10bc61" testName="3- checkpassfailflagforwailistedregisteredstudent-generictest (OTCheckPassFailFlagforWailistedRegisteredStudent)" computerName="CLTBUILD23" startTime="2021-04-13T16:09:41.4476828-04:00" endTime="2021-04-13T16:09:41.4476828-04:00" testType="13cdc9d9-ddb5-4fa4-a97d-d965ccfc6d4b" outcome="Failed" testListId="8c84fa94-04c1-424b-9868-57a2d4851a1d" relativeResultsDirectory="5c5f454a-db7e-4863-a900-97dc0453f9ad" />
      </InnerResults>
    </TestResultAggregation>
    <TestResultAggregation executionId="c6b16948-1d58-49b8-9d79-97ced3639990" testId="e6b190c3-d26f-4dd0-a877-f506f95b750e" testName="OTConvertRegisteredCoursetoAuditCourse" computerName="CLTBUILD23" startTime="2021-04-13T16:09:41.5257991-04:00" endTime="2021-04-13T16:09:41.5414207-04:00" testType="ec4800e8-40e5-4ab3-8510-b8bf29b1904d" outcome="Failed" testListId="8c84fa94-04c1-424b-9868-57a2d4851a1d" relativeResultsDirectory="c6b16948-1d58-49b8-9d79-97ced3639990">
      <InnerResults>
        <UnitTestResult executionId="967c7e88-c32d-4a92-b201-90c54fa836e8" parentExecutionId="c6b16948-1d58-49b8-9d79-97ced3639990" testId="baf34c8c-12ed-4553-88cd-66fce6ca7490" testName="1- register course to student-generictest (OTConvertRegisteredCoursetoAuditCourse)" computerName="CLTBUILD23" startTime="2021-04-13T16:09:41.5726685-04:00" endTime="2021-04-13T16:09:41.5726685-04:00" testType="13cdc9d9-ddb5-4fa4-a97d-d965ccfc6d4b" outcome="Failed" testListId="8c84fa94-04c1-424b-9868-57a2d4851a1d" relativeResultsDirectory="967c7e88-c32d-4a92-b201-90c54fa836e8" />
        <UnitTestResult executionId="ec3cd0ed-8a4a-48a3-bfd0-681f0c2636cd" parentExecutionId="c6b16948-1d58-49b8-9d79-97ced3639990" testId="b67db915-27ea-45f9-a6e0-4bec6849499b" testName="2- converttoauditcourse-generictest (OTConvertRegisteredCoursetoAuditCourse)" computerName="CLTBUILD23" startTime="2021-04-13T16:09:41.5726685-04:00" endTime="2021-04-13T16:09:41.5726685-04:00" testType="13cdc9d9-ddb5-4fa4-a97d-d965ccfc6d4b" outcome="Failed" testListId="8c84fa94-04c1-424b-9868-57a2d4851a1d" relativeResultsDirectory="ec3cd0ed-8a4a-48a3-bfd0-681f0c2636cd" />
      </InnerResults>
    </TestResultAggregation>
    <TestResultAggregation executionId="b7110f69-1976-450d-bb5d-c8abcf76c026" testId="edbb3e5c-15b3-4837-b0d7-62e887f15551" testName="OTCreatingaViewandCheckingtheViewisSaved" computerName="CLTBUILD23" startTime="2021-04-13T16:09:41.6976492-04:00" endTime="2021-04-13T16:09:41.7132713-04:00" testType="ec4800e8-40e5-4ab3-8510-b8bf29b1904d" outcome="Failed" testListId="8c84fa94-04c1-424b-9868-57a2d4851a1d" relativeResultsDirectory="b7110f69-1976-450d-bb5d-c8abcf76c026">
      <InnerResults>
        <UnitTestResult executionId="4cf77c16-c1f8-4d4f-bcbe-8f2492c42a93" parentExecutionId="b7110f69-1976-450d-bb5d-c8abcf76c026" testId="08fce4ac-65e4-43ca-9cbf-a7ea7850021c" testName="1- creatingandviewingtheviews-generictest (OTCreatingaViewandCheckingtheViewisSaved)" computerName="CLTBUILD23" startTime="2021-04-13T16:09:41.8382578-04:00" endTime="2021-04-13T16:09:41.8382578-04:00" testType="13cdc9d9-ddb5-4fa4-a97d-d965ccfc6d4b" outcome="Failed" testListId="8c84fa94-04c1-424b-9868-57a2d4851a1d" relativeResultsDirectory="4cf77c16-c1f8-4d4f-bcbe-8f2492c42a93" />
      </InnerResults>
    </TestResultAggregation>
    <TestResultAggregation executionId="f8722d4b-878b-4c0e-af2f-4cb352a1c558" testId="f265a6ea-82ee-4052-bb78-9fb65f79b593" testName="FinancialAidAllApis-OrderedTest" computerName="CLTBUILD23" startTime="2021-04-13T16:09:41.7132713-04:00" endTime="2021-04-13T16:09:41.7132713-04:00" testType="ec4800e8-40e5-4ab3-8510-b8bf29b1904d" outcome="Failed" testListId="8c84fa94-04c1-424b-9868-57a2d4851a1d" relativeResultsDirectory="f8722d4b-878b-4c0e-af2f-4cb352a1c558">
      <InnerResults>
        <UnitTestResult executionId="bc59450f-c973-4a69-bb62-84336236ae62" parentExecutionId="f8722d4b-878b-4c0e-af2f-4cb352a1c558" testId="3170fd3e-d419-4712-885b-e0c179db779f" testName="01- academicyears-generictest (FinancialAidAllApis-OrderedTest)" computerName="CLTBUILD23" startTime="2021-04-13T16:09:41.8382578-04:00" endTime="2021-04-13T16:09:41.8382578-04:00" testType="13cdc9d9-ddb5-4fa4-a97d-d965ccfc6d4b" outcome="Failed" testListId="8c84fa94-04c1-424b-9868-57a2d4851a1d" relativeResultsDirectory="bc59450f-c973-4a69-bb62-84336236ae62" />
        <UnitTestResult executionId="ef74269b-1419-413f-8bd8-fe83bc956c5a" parentExecutionId="f8722d4b-878b-4c0e-af2f-4cb352a1c558" testId="9c7adc63-413a-4708-b090-303adb19e74a" testName="02- budgets-generictest (FinancialAidAllApis-OrderedTest)" computerName="CLTBUILD23" startTime="2021-04-13T16:09:41.8382578-04:00" endTime="2021-04-13T16:09:41.8382578-04:00" testType="13cdc9d9-ddb5-4fa4-a97d-d965ccfc6d4b" outcome="Failed" testListId="8c84fa94-04c1-424b-9868-57a2d4851a1d" relativeResultsDirectory="ef74269b-1419-413f-8bd8-fe83bc956c5a" />
        <UnitTestResult executionId="41edc0ac-6172-4999-a1c7-27573ef16b97" parentExecutionId="f8722d4b-878b-4c0e-af2f-4cb352a1c558" testId="65ab3f14-e4e7-446c-b889-d444e21e3fec" testName="03- budgetsdeletevalidation-generictest (FinancialAidAllApis-OrderedTest)" computerName="CLTBUILD23" startTime="2021-04-13T16:09:41.8382578-04:00" endTime="2021-04-13T16:09:41.8382578-04:00" testType="13cdc9d9-ddb5-4fa4-a97d-d965ccfc6d4b" outcome="Failed" testListId="8c84fa94-04c1-424b-9868-57a2d4851a1d" relativeResultsDirectory="41edc0ac-6172-4999-a1c7-27573ef16b97" />
        <UnitTestResult executionId="6dc6238e-ca7e-48bf-88f8-388f5ae93d48" parentExecutionId="f8722d4b-878b-4c0e-af2f-4cb352a1c558" testId="8d8015e5-b72b-4fbb-b66d-a332a4d440cd" testName="04- cod-generictest (FinancialAidAllApis-OrderedTest)" computerName="CLTBUILD23" startTime="2021-04-13T16:09:41.8382578-04:00" endTime="2021-04-13T16:09:41.8382578-04:00" testType="13cdc9d9-ddb5-4fa4-a97d-d965ccfc6d4b" outcome="Failed" testListId="8c84fa94-04c1-424b-9868-57a2d4851a1d" relativeResultsDirectory="6dc6238e-ca7e-48bf-88f8-388f5ae93d48" />
        <UnitTestResult executionId="43603322-c2f0-441e-b313-1fd2588dae55" parentExecutionId="f8722d4b-878b-4c0e-af2f-4cb352a1c558" testId="b563f5e8-3a80-4a2e-83aa-22671e3251fd" testName="05- codgrants-generictest (FinancialAidAllApis-OrderedTest)" computerName="CLTBUILD23" startTime="2021-04-13T16:09:41.8382578-04:00" endTime="2021-04-13T16:09:41.8382578-04:00" testType="13cdc9d9-ddb5-4fa4-a97d-d965ccfc6d4b" outcome="Failed" testListId="8c84fa94-04c1-424b-9868-57a2d4851a1d" relativeResultsDirectory="43603322-c2f0-441e-b313-1fd2588dae55" />
        <UnitTestResult executionId="ceefc0bd-d405-4c59-b5a3-686d6e6a8f25" parentExecutionId="f8722d4b-878b-4c0e-af2f-4cb352a1c558" testId="3fb08cf5-d009-44f9-98b7-31fb80e76822" testName="06- commonline-generictest (FinancialAidAllApis-OrderedTest)" computerName="CLTBUILD23" startTime="2021-04-13T16:09:41.8538821-04:00" endTime="2021-04-13T16:09:41.8538821-04:00" testType="13cdc9d9-ddb5-4fa4-a97d-d965ccfc6d4b" outcome="Failed" testListId="8c84fa94-04c1-424b-9868-57a2d4851a1d" relativeResultsDirectory="ceefc0bd-d405-4c59-b5a3-686d6e6a8f25" />
        <UnitTestResult executionId="ffe45fed-9770-4689-93f4-bd0054cb8706" parentExecutionId="f8722d4b-878b-4c0e-af2f-4cb352a1c558" testId="6d384dc9-3d84-49b8-9337-0b3a0c62f8b6" testName="07- commonlinerecipientcreateandupdate-generictest (FinancialAidAllApis-OrderedTest)" computerName="CLTBUILD23" startTime="2021-04-13T16:09:41.8538821-04:00" endTime="2021-04-13T16:09:41.8538821-04:00" testType="13cdc9d9-ddb5-4fa4-a97d-d965ccfc6d4b" outcome="Failed" testListId="8c84fa94-04c1-424b-9868-57a2d4851a1d" relativeResultsDirectory="ffe45fed-9770-4689-93f4-bd0054cb8706" />
        <UnitTestResult executionId="fe701124-2b29-4c34-ba02-68936d6298a4" parentExecutionId="f8722d4b-878b-4c0e-af2f-4cb352a1c558" testId="62a8c8b5-6986-4281-870f-ad1e9932c820" testName="08- directloan-generictest (FinancialAidAllApis-OrderedTest)" computerName="CLTBUILD23" startTime="2021-04-13T16:09:41.8538821-04:00" endTime="2021-04-13T16:09:41.8538821-04:00" testType="13cdc9d9-ddb5-4fa4-a97d-d965ccfc6d4b" outcome="Failed" testListId="8c84fa94-04c1-424b-9868-57a2d4851a1d" relativeResultsDirectory="fe701124-2b29-4c34-ba02-68936d6298a4" />
        <UnitTestResult executionId="e8be9cca-d750-44ce-bc3a-c6b4494d0ae5" parentExecutionId="f8722d4b-878b-4c0e-af2f-4cb352a1c558" testId="adc8826e-be63-4376-95a3-7f3d74c253aa" testName="09- disabledfundsource-generictest (FinancialAidAllApis-OrderedTest)" computerName="CLTBUILD23" startTime="2021-04-13T16:09:41.8538821-04:00" endTime="2021-04-13T16:09:41.8538821-04:00" testType="13cdc9d9-ddb5-4fa4-a97d-d965ccfc6d4b" outcome="Failed" testListId="8c84fa94-04c1-424b-9868-57a2d4851a1d" relativeResultsDirectory="e8be9cca-d750-44ce-bc3a-c6b4494d0ae5" />
        <UnitTestResult executionId="193c0c6f-74ee-4baf-a33b-969480953c6c" parentExecutionId="f8722d4b-878b-4c0e-af2f-4cb352a1c558" testId="f744eadb-6561-446d-95a4-49fc7639bdbe" testName="10- disbursementapprovalrule-generictest (FinancialAidAllApis-OrderedTest)" computerName="CLTBUILD23" startTime="2021-04-13T16:09:41.8538821-04:00" endTime="2021-04-13T16:09:41.8538821-04:00" testType="13cdc9d9-ddb5-4fa4-a97d-d965ccfc6d4b" outcome="Failed" testListId="8c84fa94-04c1-424b-9868-57a2d4851a1d" relativeResultsDirectory="193c0c6f-74ee-4baf-a33b-969480953c6c" />
        <UnitTestResult executionId="53c24a8f-d163-4559-8253-fcf7ed0eea21" parentExecutionId="f8722d4b-878b-4c0e-af2f-4cb352a1c558" testId="0017d07b-712e-44de-910e-208b3183bef3" testName="11- disbursementapprovalrule_validation-generictest (FinancialAidAllApis-OrderedTest)" computerName="CLTBUILD23" startTime="2021-04-13T16:09:41.8538821-04:00" endTime="2021-04-13T16:09:41.8538821-04:00" testType="13cdc9d9-ddb5-4fa4-a97d-d965ccfc6d4b" outcome="Failed" testListId="8c84fa94-04c1-424b-9868-57a2d4851a1d" relativeResultsDirectory="53c24a8f-d163-4559-8253-fcf7ed0eea21" />
        <UnitTestResult executionId="638a4e41-3638-44f1-ae90-fe278c71e606" parentExecutionId="f8722d4b-878b-4c0e-af2f-4cb352a1c558" testId="81fccace-dc30-44cb-b778-b8f2692be908" testName="12- excusedabsencepolicycode-generictest (FinancialAidAllApis-OrderedTest)" computerName="CLTBUILD23" startTime="2021-04-13T16:09:41.8538821-04:00" endTime="2021-04-13T16:09:41.8538821-04:00" testType="13cdc9d9-ddb5-4fa4-a97d-d965ccfc6d4b" outcome="Failed" testListId="8c84fa94-04c1-424b-9868-57a2d4851a1d" relativeResultsDirectory="638a4e41-3638-44f1-ae90-fe278c71e606" />
        <UnitTestResult executionId="a942711a-6d55-4fd1-828f-50e9ffbf115a" parentExecutionId="f8722d4b-878b-4c0e-af2f-4cb352a1c558" testId="ecf4c4eb-442a-4c80-83ba-7afe00646c1a" testName="13- fapackagingstatus_crud-generictest (FinancialAidAllApis-OrderedTest)" computerName="CLTBUILD23" startTime="2021-04-13T16:09:41.8538821-04:00" endTime="2021-04-13T16:09:41.8538821-04:00" testType="13cdc9d9-ddb5-4fa4-a97d-d965ccfc6d4b" outcome="Failed" testListId="8c84fa94-04c1-424b-9868-57a2d4851a1d" relativeResultsDirectory="a942711a-6d55-4fd1-828f-50e9ffbf115a" />
        <UnitTestResult executionId="c254c6e0-54aa-4d0b-bed4-9fc720528867" parentExecutionId="f8722d4b-878b-4c0e-af2f-4cb352a1c558" testId="24bbe8b9-5486-40cf-b173-fd44abd241ae" testName="14- fasapstatus_savedupcheck-generictest (FinancialAidAllApis-OrderedTest)" computerName="CLTBUILD23" startTime="2021-04-13T16:09:41.8538821-04:00" endTime="2021-04-13T16:09:41.8538821-04:00" testType="13cdc9d9-ddb5-4fa4-a97d-d965ccfc6d4b" outcome="Failed" testListId="8c84fa94-04c1-424b-9868-57a2d4851a1d" relativeResultsDirectory="c254c6e0-54aa-4d0b-bed4-9fc720528867" />
        <UnitTestResult executionId="585d6a52-15d7-4822-81a3-ed0be6deb2e5" parentExecutionId="f8722d4b-878b-4c0e-af2f-4cb352a1c558" testId="03e094ee-d349-4317-b903-a14a29933f99" testName="15- fasapstatus_savenewdupcheck-generictest (FinancialAidAllApis-OrderedTest)" computerName="CLTBUILD23" startTime="2021-04-13T16:09:41.8538821-04:00" endTime="2021-04-13T16:09:41.8538821-04:00" testType="13cdc9d9-ddb5-4fa4-a97d-d965ccfc6d4b" outcome="Failed" testListId="8c84fa94-04c1-424b-9868-57a2d4851a1d" relativeResultsDirectory="585d6a52-15d7-4822-81a3-ed0be6deb2e5" />
        <UnitTestResult executionId="dbae27f1-b91a-4cae-a9e9-accf4fada209" parentExecutionId="f8722d4b-878b-4c0e-af2f-4cb352a1c558" testId="645075a5-cb89-4950-8452-2b16ea3f41fe" testName="16- fasapstatuscrud-generictest (FinancialAidAllApis-OrderedTest)" computerName="CLTBUILD23" startTime="2021-04-13T16:09:41.8538821-04:00" endTime="2021-04-13T16:09:41.8538821-04:00" testType="13cdc9d9-ddb5-4fa4-a97d-d965ccfc6d4b" outcome="Failed" testListId="8c84fa94-04c1-424b-9868-57a2d4851a1d" relativeResultsDirectory="dbae27f1-b91a-4cae-a9e9-accf4fada209" />
        <UnitTestResult executionId="601846ad-2d26-4339-8f61-da69b8bbb40e" parentExecutionId="f8722d4b-878b-4c0e-af2f-4cb352a1c558" testId="80b0a665-78f0-465c-9fa8-90add9185cec" testName="17- falender-generictest (FinancialAidAllApis-OrderedTest)" computerName="CLTBUILD23" startTime="2021-04-13T16:09:41.8538821-04:00" endTime="2021-04-13T16:09:41.8538821-04:00" testType="13cdc9d9-ddb5-4fa4-a97d-d965ccfc6d4b" outcome="Failed" testListId="8c84fa94-04c1-424b-9868-57a2d4851a1d" relativeResultsDirectory="601846ad-2d26-4339-8f61-da69b8bbb40e" />
        <UnitTestResult executionId="1df1c8b7-7a6c-4604-bcc7-bb3bc86ca020" parentExecutionId="f8722d4b-878b-4c0e-af2f-4cb352a1c558" testId="178e7964-ed69-479f-ae9e-30371aace094" testName="18- fundsource-generictest (FinancialAidAllApis-OrderedTest)" computerName="CLTBUILD23" startTime="2021-04-13T16:09:41.8538821-04:00" endTime="2021-04-13T16:09:41.8538821-04:00" testType="13cdc9d9-ddb5-4fa4-a97d-d965ccfc6d4b" outcome="Failed" testListId="8c84fa94-04c1-424b-9868-57a2d4851a1d" relativeResultsDirectory="1df1c8b7-7a6c-4604-bcc7-bb3bc86ca020" />
        <UnitTestResult executionId="d3c682af-f3b2-4643-9f75-410e1455a594" parentExecutionId="f8722d4b-878b-4c0e-af2f-4cb352a1c558" testId="a074d4c5-baf7-4763-9493-8fad9b3e0d00" testName="19- generalledgerfunds-generictest (FinancialAidAllApis-OrderedTest)" computerName="CLTBUILD23" startTime="2021-04-13T16:09:41.8538821-04:00" endTime="2021-04-13T16:09:41.8538821-04:00" testType="13cdc9d9-ddb5-4fa4-a97d-d965ccfc6d4b" outcome="Failed" testListId="8c84fa94-04c1-424b-9868-57a2d4851a1d" relativeResultsDirectory="d3c682af-f3b2-4643-9f75-410e1455a594" />
        <UnitTestResult executionId="8c2b05b2-55ec-490c-811a-7e10d9508aad" parentExecutionId="f8722d4b-878b-4c0e-af2f-4cb352a1c558" testId="6beef60c-5edc-4317-9254-4f892c9d4d64" testName="20- hopescholarships.generictest (FinancialAidAllApis-OrderedTest)" computerName="CLTBUILD23" startTime="2021-04-13T16:09:41.8538821-04:00" endTime="2021-04-13T16:09:41.8538821-04:00" testType="13cdc9d9-ddb5-4fa4-a97d-d965ccfc6d4b" outcome="Failed" testListId="8c84fa94-04c1-424b-9868-57a2d4851a1d" relativeResultsDirectory="8c2b05b2-55ec-490c-811a-7e10d9508aad" />
        <UnitTestResult executionId="b53bfa01-9444-4e60-bc0a-ea3f300ac439" parentExecutionId="f8722d4b-878b-4c0e-af2f-4cb352a1c558" testId="532b1862-d028-4d52-b05d-6c4acfee7e90" testName="21- icutreportings.generictest (FinancialAidAllApis-OrderedTest)" computerName="CLTBUILD23" startTime="2021-04-13T16:09:41.8538821-04:00" endTime="2021-04-13T16:09:41.8538821-04:00" testType="13cdc9d9-ddb5-4fa4-a97d-d965ccfc6d4b" outcome="Failed" testListId="8c84fa94-04c1-424b-9868-57a2d4851a1d" relativeResultsDirectory="b53bfa01-9444-4e60-bc0a-ea3f300ac439" />
        <UnitTestResult executionId="03b9b3a7-86c5-4871-bcc7-15f56439bfe6" parentExecutionId="f8722d4b-878b-4c0e-af2f-4cb352a1c558" testId="482e8b43-6367-48d6-8ea2-3ac3f6e68517" testName="22- packagingmethod-generictest (FinancialAidAllApis-OrderedTest)" computerName="CLTBUILD23" startTime="2021-04-13T16:09:41.8538821-04:00" endTime="2021-04-13T16:09:41.8538821-04:00" testType="13cdc9d9-ddb5-4fa4-a97d-d965ccfc6d4b" outcome="Failed" testListId="8c84fa94-04c1-424b-9868-57a2d4851a1d" relativeResultsDirectory="03b9b3a7-86c5-4871-bcc7-15f56439bfe6" />
        <UnitTestResult executionId="ab57c626-67a5-435b-b78e-81548c17603e" parentExecutionId="f8722d4b-878b-4c0e-af2f-4cb352a1c558" testId="3945606f-fed6-4996-ac03-6b693b16ceba" testName="23- packagingmethodvalidations-generictest (FinancialAidAllApis-OrderedTest)" computerName="CLTBUILD23" startTime="2021-04-13T16:09:41.8538821-04:00" endTime="2021-04-13T16:09:41.8538821-04:00" testType="13cdc9d9-ddb5-4fa4-a97d-d965ccfc6d4b" outcome="Failed" testListId="8c84fa94-04c1-424b-9868-57a2d4851a1d" relativeResultsDirectory="ab57c626-67a5-435b-b78e-81548c17603e" />
        <UnitTestResult executionId="11022cfc-60f1-4f98-a1cf-b52c7d9ba8f0" parentExecutionId="f8722d4b-878b-4c0e-af2f-4cb352a1c558" testId="88d5ca4b-277c-48f1-9bf0-ad21d785a214" testName="24- packagingstatuspromotions-generictest (FinancialAidAllApis-OrderedTest)" computerName="CLTBUILD23" startTime="2021-04-13T16:09:41.8538821-04:00" endTime="2021-04-13T16:09:41.8538821-04:00" testType="13cdc9d9-ddb5-4fa4-a97d-d965ccfc6d4b" outcome="Failed" testListId="8c84fa94-04c1-424b-9868-57a2d4851a1d" relativeResultsDirectory="11022cfc-60f1-4f98-a1cf-b52c7d9ba8f0" />
        <UnitTestResult executionId="3867b1ca-2b87-4d1a-b008-b8ece6d1c3eb" parentExecutionId="f8722d4b-878b-4c0e-af2f-4cb352a1c558" testId="bbf114db-2b76-4370-b791-fff9c6e6651f" testName="25- programsetup.generictest (FinancialAidAllApis-OrderedTest)" computerName="CLTBUILD23" startTime="2021-04-13T16:09:41.8538821-04:00" endTime="2021-04-13T16:09:41.8538821-04:00" testType="13cdc9d9-ddb5-4fa4-a97d-d965ccfc6d4b" outcome="Failed" testListId="8c84fa94-04c1-424b-9868-57a2d4851a1d" relativeResultsDirectory="3867b1ca-2b87-4d1a-b008-b8ece6d1c3eb" />
        <UnitTestResult executionId="24319e8b-e501-4b33-98e4-c1bea802cf34" parentExecutionId="f8722d4b-878b-4c0e-af2f-4cb352a1c558" testId="e1d81e87-3f55-43e3-b8ff-5e4872f77049" testName="26- setawardlimits-generictest (FinancialAidAllApis-OrderedTest)" computerName="CLTBUILD23" startTime="2021-04-13T16:09:41.8538821-04:00" endTime="2021-04-13T16:09:41.8538821-04:00" testType="13cdc9d9-ddb5-4fa4-a97d-d965ccfc6d4b" outcome="Failed" testListId="8c84fa94-04c1-424b-9868-57a2d4851a1d" relativeResultsDirectory="24319e8b-e501-4b33-98e4-c1bea802cf34" />
        <UnitTestResult executionId="ad7fe121-7d4b-4e13-b44d-3b77c0795469" parentExecutionId="f8722d4b-878b-4c0e-af2f-4cb352a1c558" testId="4b2d4469-086e-42e8-ba0c-98331d65b6c8" testName="27- thcbreporting.generictest (FinancialAidAllApis-OrderedTest)" computerName="CLTBUILD23" startTime="2021-04-13T16:09:41.8538821-04:00" endTime="2021-04-13T16:09:41.8538821-04:00" testType="13cdc9d9-ddb5-4fa4-a97d-d965ccfc6d4b" outcome="Failed" testListId="8c84fa94-04c1-424b-9868-57a2d4851a1d" relativeResultsDirectory="ad7fe121-7d4b-4e13-b44d-3b77c0795469" />
      </InnerResults>
    </TestResultAggregation>
    <TestResultAggregation executionId="ab4dcdc8-40cc-45ee-a111-90d510c291bc" testId="e954d55c-5f2e-4de7-acfa-878c625f0a5c" testName="OTCheckthePassFailfieldonRegistratingtheStudentsChoice_1ClassSchedule" computerName="CLTBUILD23" startTime="2021-04-13T16:09:41.4945527-04:00" endTime="2021-04-13T16:09:41.4945527-04:00" testType="ec4800e8-40e5-4ab3-8510-b8bf29b1904d" outcome="Failed" testListId="8c84fa94-04c1-424b-9868-57a2d4851a1d" relativeResultsDirectory="ab4dcdc8-40cc-45ee-a111-90d510c291bc">
      <InnerResults>
        <UnitTestResult executionId="fbd370db-d1d4-48fe-bc49-544056779d2b" parentExecutionId="ab4dcdc8-40cc-45ee-a111-90d510c291bc" testId="c4916e63-f885-4961-b7f3-b84cbeee239e" testName="1- classscheduledetailsforstudentschoice_course1-generictest (OTCheckthePassFailfieldonRegistratingtheStudentsChoice_1ClassSchedule)" computerName="CLTBUILD23" startTime="2021-04-13T16:09:41.5257991-04:00" endTime="2021-04-13T16:09:41.5257991-04:00" testType="13cdc9d9-ddb5-4fa4-a97d-d965ccfc6d4b" outcome="Failed" testListId="8c84fa94-04c1-424b-9868-57a2d4851a1d" relativeResultsDirectory="fbd370db-d1d4-48fe-bc49-544056779d2b" />
        <UnitTestResult executionId="85d570bc-d8b0-42e1-80dd-6d06f4082dbd" parentExecutionId="ab4dcdc8-40cc-45ee-a111-90d510c291bc" testId="023a13bb-6aeb-41e8-9261-324cb6268c82" testName="2- addcoursetostudentforstudentschoice_passfailchecked-generictest (OTCheckthePassFailfieldonRegistratingtheStudentsChoice_1ClassSchedule)" computerName="CLTBUILD23" startTime="2021-04-13T16:09:41.5414207-04:00" endTime="2021-04-13T16:09:41.5414207-04:00" testType="13cdc9d9-ddb5-4fa4-a97d-d965ccfc6d4b" outcome="Failed" testListId="8c84fa94-04c1-424b-9868-57a2d4851a1d" relativeResultsDirectory="85d570bc-d8b0-42e1-80dd-6d06f4082dbd" />
        <UnitTestResult executionId="45b94115-9352-49de-9019-54fc1f837d9d" parentExecutionId="ab4dcdc8-40cc-45ee-a111-90d510c291bc" testId="d7efbccd-c63c-4a7f-999b-53b612c5668a" testName="3- registercoursetostudentstudentschoice_passfailchecked-generictest (OTCheckthePassFailfieldonRegistratingtheStudentsChoice_1ClassSchedule)" computerName="CLTBUILD23" startTime="2021-04-13T16:09:41.5414207-04:00" endTime="2021-04-13T16:09:41.5414207-04:00" testType="13cdc9d9-ddb5-4fa4-a97d-d965ccfc6d4b" outcome="Failed" testListId="8c84fa94-04c1-424b-9868-57a2d4851a1d" relativeResultsDirectory="45b94115-9352-49de-9019-54fc1f837d9d" />
      </InnerResults>
    </TestResultAggregation>
    <TestResultAggregation executionId="a7ed55cb-9285-44b0-9f3d-f1bc01a909cd" testId="7eba80ce-c0c1-4f25-aa9f-65bf21fb4d5d" testName="OTVerifyWhetherUserIsAbleToRegisterSubstituteCourseWhenMainInactiveSubstituteActive" computerName="CLTBUILD23" startTime="2021-04-13T16:09:41.6507843-04:00" endTime="2021-04-13T16:09:41.6507843-04:00" testType="ec4800e8-40e5-4ab3-8510-b8bf29b1904d" outcome="Failed" testListId="8c84fa94-04c1-424b-9868-57a2d4851a1d" relativeResultsDirectory="a7ed55cb-9285-44b0-9f3d-f1bc01a909cd">
      <InnerResults>
        <UnitTestResult executionId="db3ce370-a2be-4bcb-9d68-b4debae6025b" parentExecutionId="a7ed55cb-9285-44b0-9f3d-f1bc01a909cd" testId="551cc2f5-1893-4e33-8d34-9eb5e855900f" testName="1- getsubstitutecoursedetailsfromcourselistcourse3-generictest (OTVerifyWhetherUserIsAbleToRegisterSubstituteCourseWhenMainInactiveSubstituteActive)" computerName="CLTBUILD23" startTime="2021-04-13T16:09:41.7132713-04:00" endTime="2021-04-13T16:09:41.7132713-04:00" testType="13cdc9d9-ddb5-4fa4-a97d-d965ccfc6d4b" outcome="Failed" testListId="8c84fa94-04c1-424b-9868-57a2d4851a1d" relativeResultsDirectory="db3ce370-a2be-4bcb-9d68-b4debae6025b" />
        <UnitTestResult executionId="3f4ccb8c-7e5b-4f9d-ab8b-85bfab4088fb" parentExecutionId="a7ed55cb-9285-44b0-9f3d-f1bc01a909cd" testId="006b6c77-8893-4b32-b5d8-063ddd7bf928" testName="2- register substitute course to student course3-generictest (OTVerifyWhetherUserIsAbleToRegisterSubstituteCourseWhenMainInactiveSubstituteActive)" computerName="CLTBUILD23" startTime="2021-04-13T16:09:41.7132713-04:00" endTime="2021-04-13T16:09:41.7132713-04:00" testType="13cdc9d9-ddb5-4fa4-a97d-d965ccfc6d4b" outcome="Failed" testListId="8c84fa94-04c1-424b-9868-57a2d4851a1d" relativeResultsDirectory="3f4ccb8c-7e5b-4f9d-ab8b-85bfab4088fb" />
      </InnerResults>
    </TestResultAggregation>
    <TestResultAggregation executionId="954bbd78-b39a-491c-ac35-61258c954cb1" testId="7f32ed84-d670-4651-920d-8596e941ca46" testName="OTPublishScheduleforaTermwhichisalreadypublished" computerName="CLTBUILD23" startTime="2021-04-13T16:09:41.6195352-04:00" endTime="2021-04-13T16:09:41.6195352-04:00" testType="ec4800e8-40e5-4ab3-8510-b8bf29b1904d" outcome="Failed" testListId="8c84fa94-04c1-424b-9868-57a2d4851a1d" relativeResultsDirectory="954bbd78-b39a-491c-ac35-61258c954cb1">
      <InnerResults>
        <UnitTestResult executionId="bc1d51e1-854d-4b5e-8e89-850579776afc" parentExecutionId="954bbd78-b39a-491c-ac35-61258c954cb1" testId="b3eaedc6-7cdb-4d78-a3e8-3d98e040fb82" testName="1- publishingschedulescenario3 (OTPublishScheduleforaTermwhichisalreadypublished)" computerName="CLTBUILD23" startTime="2021-04-13T16:09:41.6351586-04:00" endTime="2021-04-13T16:09:41.6351586-04:00" testType="13cdc9d9-ddb5-4fa4-a97d-d965ccfc6d4b" outcome="Failed" testListId="8c84fa94-04c1-424b-9868-57a2d4851a1d" relativeResultsDirectory="bc1d51e1-854d-4b5e-8e89-850579776afc" />
      </InnerResults>
    </TestResultAggregation>
    <TestResultAggregation executionId="4ea6c5b3-3878-4ef4-a258-20b6f2c80b92" testId="274b8f4e-cbf7-4b70-aa9a-56cde80cd788" testName="OTClearingWaitlistforselectedTermwhenclearwaitlistisallowed" computerName="CLTBUILD23" startTime="2021-04-13T16:09:41.5101730-04:00" endTime="2021-04-13T16:09:41.5101730-04:00" testType="ec4800e8-40e5-4ab3-8510-b8bf29b1904d" outcome="Failed" testListId="8c84fa94-04c1-424b-9868-57a2d4851a1d" relativeResultsDirectory="4ea6c5b3-3878-4ef4-a258-20b6f2c80b92">
      <InnerResults>
        <UnitTestResult executionId="4e3568b2-d641-4eae-a957-45f18b7e2378" parentExecutionId="4ea6c5b3-3878-4ef4-a258-20b6f2c80b92" testId="396d9239-2082-478a-b25a-3c6d420bf5ea" testName="1- allowclearwaitlist-generictest (OTClearingWaitlistforselectedTermwhenclearwaitlistisallowed)" computerName="CLTBUILD23" startTime="2021-04-13T16:09:41.5414207-04:00" endTime="2021-04-13T16:09:41.5414207-04:00" testType="13cdc9d9-ddb5-4fa4-a97d-d965ccfc6d4b" outcome="Failed" testListId="8c84fa94-04c1-424b-9868-57a2d4851a1d" relativeResultsDirectory="4e3568b2-d641-4eae-a957-45f18b7e2378" />
        <UnitTestResult executionId="049be5f5-7b26-4164-a898-c332f16f4ff2" parentExecutionId="4ea6c5b3-3878-4ef4-a258-20b6f2c80b92" testId="8b4cf61d-4b9b-4477-ae08-f5079fcba135" testName="2- clearingwaitlistforselectedterm (OTClearingWaitlistforselectedTermwhenclearwaitlistisallowed)" computerName="CLTBUILD23" startTime="2021-04-13T16:09:41.5570450-04:00" endTime="2021-04-13T16:09:41.5570450-04:00" testType="13cdc9d9-ddb5-4fa4-a97d-d965ccfc6d4b" outcome="Failed" testListId="8c84fa94-04c1-424b-9868-57a2d4851a1d" relativeResultsDirectory="049be5f5-7b26-4164-a898-c332f16f4ff2" />
      </InnerResults>
    </TestResultAggregation>
    <TestResultAggregation executionId="f988a6a6-e6f8-490c-8bca-826a0a97ce6a" testId="8c671b03-f75b-41ac-bbae-2dc7793cc516" testName="OTGettingthelistofInstructorsforselectedCampus" computerName="CLTBUILD23" startTime="2021-04-13T16:09:41.5882906-04:00" endTime="2021-04-13T16:09:41.5882906-04:00" testType="ec4800e8-40e5-4ab3-8510-b8bf29b1904d" outcome="Failed" testListId="8c84fa94-04c1-424b-9868-57a2d4851a1d" relativeResultsDirectory="f988a6a6-e6f8-490c-8bca-826a0a97ce6a">
      <InnerResults>
        <UnitTestResult executionId="293d4c55-f32a-4e05-98d3-1d5232d12c01" parentExecutionId="f988a6a6-e6f8-490c-8bca-826a0a97ce6a" testId="c85a667e-aa08-473a-a05e-e5c26139379c" testName="1- listofinstructorsforselectedcampus-generictest (OTGettingthelistofInstructorsforselectedCampus)" computerName="CLTBUILD23" startTime="2021-04-13T16:09:41.6039100-04:00" endTime="2021-04-13T16:09:41.6039100-04:00" testType="13cdc9d9-ddb5-4fa4-a97d-d965ccfc6d4b" outcome="Failed" testListId="8c84fa94-04c1-424b-9868-57a2d4851a1d" relativeResultsDirectory="293d4c55-f32a-4e05-98d3-1d5232d12c01" />
      </InnerResults>
    </TestResultAggregation>
    <TestResultAggregation executionId="e9811b83-52c2-47f7-9702-4c8288be0f1c" testId="5749c0aa-c1cf-4387-9ffc-ea8946c734f4" testName="StudentServicesAllApis-OrderedTest" computerName="CLTBUILD23" startTime="2021-04-13T16:09:41.7288934-04:00" endTime="2021-04-13T16:09:41.7288934-04:00" testType="ec4800e8-40e5-4ab3-8510-b8bf29b1904d" outcome="Failed" testListId="8c84fa94-04c1-424b-9868-57a2d4851a1d" relativeResultsDirectory="e9811b83-52c2-47f7-9702-4c8288be0f1c">
      <InnerResults>
        <UnitTestResult executionId="ff83ab04-88bf-41c3-a374-8000963b0eb4" parentExecutionId="e9811b83-52c2-47f7-9702-4c8288be0f1c" testId="30da92b8-eaa3-4a28-b643-1d099093f473" testName="01- buildingcategory-generictest (StudentServicesAllApis-OrderedTest)" computerName="CLTBUILD23" startTime="2021-04-13T16:09:41.8695002-04:00" endTime="2021-04-13T16:09:41.8695002-04:00" testType="13cdc9d9-ddb5-4fa4-a97d-d965ccfc6d4b" outcome="Failed" testListId="8c84fa94-04c1-424b-9868-57a2d4851a1d" relativeResultsDirectory="ff83ab04-88bf-41c3-a374-8000963b0eb4" />
        <UnitTestResult executionId="2a0f9dd1-cd3b-4079-ae24-fa7b6d2ff613" parentExecutionId="e9811b83-52c2-47f7-9702-4c8288be0f1c" testId="c87055d1-8c88-4128-9922-f1632d28fdd2" testName="02- gethousingbuildingimage-generictest (StudentServicesAllApis-OrderedTest)" computerName="CLTBUILD23" startTime="2021-04-13T16:09:41.8695002-04:00" endTime="2021-04-13T16:09:41.8695002-04:00" testType="13cdc9d9-ddb5-4fa4-a97d-d965ccfc6d4b" outcome="Failed" testListId="8c84fa94-04c1-424b-9868-57a2d4851a1d" relativeResultsDirectory="2a0f9dd1-cd3b-4079-ae24-fa7b6d2ff613" />
        <UnitTestResult executionId="29c088e5-598e-4399-aae0-375b44d771ab" parentExecutionId="e9811b83-52c2-47f7-9702-4c8288be0f1c" testId="4f703dd2-495d-42b4-abb7-df6b0cc95a17" testName="03- housingbuiliding-generictest (StudentServicesAllApis-OrderedTest)" computerName="CLTBUILD23" startTime="2021-04-13T16:09:41.8695002-04:00" endTime="2021-04-13T16:09:41.8695002-04:00" testType="13cdc9d9-ddb5-4fa4-a97d-d965ccfc6d4b" outcome="Failed" testListId="8c84fa94-04c1-424b-9868-57a2d4851a1d" relativeResultsDirectory="29c088e5-598e-4399-aae0-375b44d771ab" />
        <UnitTestResult executionId="20166f5d-2ef8-46c9-a715-77bde5464b30" parentExecutionId="e9811b83-52c2-47f7-9702-4c8288be0f1c" testId="c68c23c0-2864-4144-8b40-12201b58df09" testName="04- gethousingbuildingcategoryimage-generictest (StudentServicesAllApis-OrderedTest)" computerName="CLTBUILD23" startTime="2021-04-13T16:09:41.8695002-04:00" endTime="2021-04-13T16:09:41.8695002-04:00" testType="13cdc9d9-ddb5-4fa4-a97d-d965ccfc6d4b" outcome="Failed" testListId="8c84fa94-04c1-424b-9868-57a2d4851a1d" relativeResultsDirectory="20166f5d-2ef8-46c9-a715-77bde5464b30" />
        <UnitTestResult executionId="9bfb31ab-c5d5-4413-a5c7-c5a51e892838" parentExecutionId="e9811b83-52c2-47f7-9702-4c8288be0f1c" testId="492af55e-1811-457f-8137-73c65d72c2c2" testName="05- housingdate-generictest (StudentServicesAllApis-OrderedTest)" computerName="CLTBUILD23" startTime="2021-04-13T16:09:41.8851218-04:00" endTime="2021-04-13T16:09:41.8851218-04:00" testType="13cdc9d9-ddb5-4fa4-a97d-d965ccfc6d4b" outcome="Failed" testListId="8c84fa94-04c1-424b-9868-57a2d4851a1d" relativeResultsDirectory="9bfb31ab-c5d5-4413-a5c7-c5a51e892838" />
        <UnitTestResult executionId="01a16536-1bbc-4390-b64d-f3ba165c775a" parentExecutionId="e9811b83-52c2-47f7-9702-4c8288be0f1c" testId="a3200d13-0d0f-4c2a-92c4-6e1405f75d5c" testName="06- housingfeature-generictest (StudentServicesAllApis-OrderedTest)" computerName="CLTBUILD23" startTime="2021-04-13T16:09:41.8851218-04:00" endTime="2021-04-13T16:09:41.8851218-04:00" testType="13cdc9d9-ddb5-4fa4-a97d-d965ccfc6d4b" outcome="Failed" testListId="8c84fa94-04c1-424b-9868-57a2d4851a1d" relativeResultsDirectory="01a16536-1bbc-4390-b64d-f3ba165c775a" />
        <UnitTestResult executionId="819847ad-90c6-4f3c-b97c-b2246b9d445e" parentExecutionId="e9811b83-52c2-47f7-9702-4c8288be0f1c" testId="21b50477-db36-4a10-a262-bfbafb395965" testName="07- housingroom-generictest (StudentServicesAllApis-OrderedTest)" computerName="CLTBUILD23" startTime="2021-04-13T16:09:41.8851218-04:00" endTime="2021-04-13T16:09:41.8851218-04:00" testType="13cdc9d9-ddb5-4fa4-a97d-d965ccfc6d4b" outcome="Failed" testListId="8c84fa94-04c1-424b-9868-57a2d4851a1d" relativeResultsDirectory="819847ad-90c6-4f3c-b97c-b2246b9d445e" />
        <UnitTestResult executionId="c243a835-2c59-48d5-8cc3-945462ca3a61" parentExecutionId="e9811b83-52c2-47f7-9702-4c8288be0f1c" testId="3db8715e-c8cf-4552-8fd4-43baaa012ae3" testName="08- housingsuite-generictest (StudentServicesAllApis-OrderedTest)" computerName="CLTBUILD23" startTime="2021-04-13T16:09:41.8851218-04:00" endTime="2021-04-13T16:09:41.8851218-04:00" testType="13cdc9d9-ddb5-4fa4-a97d-d965ccfc6d4b" outcome="Failed" testListId="8c84fa94-04c1-424b-9868-57a2d4851a1d" relativeResultsDirectory="c243a835-2c59-48d5-8cc3-945462ca3a61" />
        <UnitTestResult executionId="452f3f39-0663-4b69-bb0e-149f37814fa2" parentExecutionId="e9811b83-52c2-47f7-9702-4c8288be0f1c" testId="22f7d323-45a9-4d40-ba1a-92eb87bd0bf5" testName="09- housingsuitecategory-generictest (StudentServicesAllApis-OrderedTest)" computerName="CLTBUILD23" startTime="2021-04-13T16:09:41.8851218-04:00" endTime="2021-04-13T16:09:41.8851218-04:00" testType="13cdc9d9-ddb5-4fa4-a97d-d965ccfc6d4b" outcome="Failed" testListId="8c84fa94-04c1-424b-9868-57a2d4851a1d" relativeResultsDirectory="452f3f39-0663-4b69-bb0e-149f37814fa2" />
        <UnitTestResult executionId="170250fa-dbe0-4a92-9de9-a90bdd1ce939" parentExecutionId="e9811b83-52c2-47f7-9702-4c8288be0f1c" testId="5eb57926-3d57-4647-bbcc-5781b76c974b" testName="10- location-generictest (StudentServicesAllApis-OrderedTest)" computerName="CLTBUILD23" startTime="2021-04-13T16:09:41.8851218-04:00" endTime="2021-04-13T16:09:41.8851218-04:00" testType="13cdc9d9-ddb5-4fa4-a97d-d965ccfc6d4b" outcome="Failed" testListId="8c84fa94-04c1-424b-9868-57a2d4851a1d" relativeResultsDirectory="170250fa-dbe0-4a92-9de9-a90bdd1ce939" />
        <UnitTestResult executionId="57d43134-d66a-4b21-99cf-4b106d533498" parentExecutionId="e9811b83-52c2-47f7-9702-4c8288be0f1c" testId="4bfb99f8-7eeb-4944-a8b7-e96cb889aadc" testName="11- roomcategory-generictest (StudentServicesAllApis-OrderedTest)" computerName="CLTBUILD23" startTime="2021-04-13T16:09:41.8851218-04:00" endTime="2021-04-13T16:09:41.8851218-04:00" testType="13cdc9d9-ddb5-4fa4-a97d-d965ccfc6d4b" outcome="Failed" testListId="8c84fa94-04c1-424b-9868-57a2d4851a1d" relativeResultsDirectory="57d43134-d66a-4b21-99cf-4b106d533498" />
        <UnitTestResult executionId="feec1d90-e6ae-495a-80dc-7fc210c30c32" parentExecutionId="e9811b83-52c2-47f7-9702-4c8288be0f1c" testId="f7df1a34-da4f-4bed-838a-ee978c3e8fce" testName="12- studentserviceroomtypedupchecksave-generictest (StudentServicesAllApis-OrderedTest)" computerName="CLTBUILD23" startTime="2021-04-13T16:09:41.8851218-04:00" endTime="2021-04-13T16:09:41.8851218-04:00" testType="13cdc9d9-ddb5-4fa4-a97d-d965ccfc6d4b" outcome="Failed" testListId="8c84fa94-04c1-424b-9868-57a2d4851a1d" relativeResultsDirectory="feec1d90-e6ae-495a-80dc-7fc210c30c32" />
        <UnitTestResult executionId="a04ecead-d480-4b65-9059-3c100116a442" parentExecutionId="e9811b83-52c2-47f7-9702-4c8288be0f1c" testId="074071cb-caf5-4739-b199-eefa55820e2c" testName="13- studentservicesroomtype-generictest (StudentServicesAllApis-OrderedTest)" computerName="CLTBUILD23" startTime="2021-04-13T16:09:41.8851218-04:00" endTime="2021-04-13T16:09:41.8851218-04:00" testType="13cdc9d9-ddb5-4fa4-a97d-d965ccfc6d4b" outcome="Failed" testListId="8c84fa94-04c1-424b-9868-57a2d4851a1d" relativeResultsDirectory="a04ecead-d480-4b65-9059-3c100116a442" />
        <UnitTestResult executionId="ba730ff0-a0b9-4637-b82e-4804cf295c80" parentExecutionId="e9811b83-52c2-47f7-9702-4c8288be0f1c" testId="8d747b50-4ebc-4a79-9a09-67dc3d71502a" testName="14- studentservicesroomtypedupchecksavenew-generictest (StudentServicesAllApis-OrderedTest)" computerName="CLTBUILD23" startTime="2021-04-13T16:09:41.8851218-04:00" endTime="2021-04-13T16:09:41.8851218-04:00" testType="13cdc9d9-ddb5-4fa4-a97d-d965ccfc6d4b" outcome="Failed" testListId="8c84fa94-04c1-424b-9868-57a2d4851a1d" relativeResultsDirectory="ba730ff0-a0b9-4637-b82e-4804cf295c80" />
        <UnitTestResult executionId="c148b564-5ed1-4ead-9c27-24d2210ea2b1" parentExecutionId="e9811b83-52c2-47f7-9702-4c8288be0f1c" testId="e00d7d41-b561-4b34-8f3e-4ac1e6ac7bcc" testName="15- servicetype_crud-generictest (StudentServicesAllApis-OrderedTest)" computerName="CLTBUILD23" startTime="2021-04-13T16:09:41.8851218-04:00" endTime="2021-04-13T16:09:41.8851218-04:00" testType="13cdc9d9-ddb5-4fa4-a97d-d965ccfc6d4b" outcome="Failed" testListId="8c84fa94-04c1-424b-9868-57a2d4851a1d" relativeResultsDirectory="c148b564-5ed1-4ead-9c27-24d2210ea2b1" />
        <UnitTestResult executionId="650d102c-6093-45d3-a747-455d60ec4ece" parentExecutionId="e9811b83-52c2-47f7-9702-4c8288be0f1c" testId="2ced6296-deb8-4010-8ec9-10ad806b6779" testName="16- servicetype_validations-generictest (StudentServicesAllApis-OrderedTest)" computerName="CLTBUILD23" startTime="2021-04-13T16:09:41.8851218-04:00" endTime="2021-04-13T16:09:41.8851218-04:00" testType="13cdc9d9-ddb5-4fa4-a97d-d965ccfc6d4b" outcome="Failed" testListId="8c84fa94-04c1-424b-9868-57a2d4851a1d" relativeResultsDirectory="650d102c-6093-45d3-a747-455d60ec4ece" />
        <UnitTestResult executionId="dd6a1efc-935d-40b8-b2ed-9957ed622ac9" parentExecutionId="e9811b83-52c2-47f7-9702-4c8288be0f1c" testId="b0bccff2-cd54-4248-a7e8-88ad9f6c2887" testName="17- servicetypebillingmethod_crud-generictest (StudentServicesAllApis-OrderedTest)" computerName="CLTBUILD23" startTime="2021-04-13T16:09:41.8851218-04:00" endTime="2021-04-13T16:09:41.8851218-04:00" testType="13cdc9d9-ddb5-4fa4-a97d-d965ccfc6d4b" outcome="Failed" testListId="8c84fa94-04c1-424b-9868-57a2d4851a1d" relativeResultsDirectory="dd6a1efc-935d-40b8-b2ed-9957ed622ac9" />
        <UnitTestResult executionId="ef0891ab-9896-45be-8817-d7262f70161f" parentExecutionId="e9811b83-52c2-47f7-9702-4c8288be0f1c" testId="aad19ad4-fdd0-452f-8fe2-84722d41dd3c" testName="18- servicetypebillingmethod_validations-generictest (StudentServicesAllApis-OrderedTest)" computerName="CLTBUILD23" startTime="2021-04-13T16:09:41.8851218-04:00" endTime="2021-04-13T16:09:41.8851218-04:00" testType="13cdc9d9-ddb5-4fa4-a97d-d965ccfc6d4b" outcome="Failed" testListId="8c84fa94-04c1-424b-9868-57a2d4851a1d" relativeResultsDirectory="ef0891ab-9896-45be-8817-d7262f70161f" />
        <UnitTestResult executionId="b11af35c-d29c-493a-b9ab-0d1b41436039" parentExecutionId="e9811b83-52c2-47f7-9702-4c8288be0f1c" testId="2022d5d3-3243-48eb-b584-761b0e7df5bf" testName="19- servicetypecustomfield_crud-generictest (StudentServicesAllApis-OrderedTest)" computerName="CLTBUILD23" startTime="2021-04-13T16:09:41.8851218-04:00" endTime="2021-04-13T16:09:41.8851218-04:00" testType="13cdc9d9-ddb5-4fa4-a97d-d965ccfc6d4b" outcome="Failed" testListId="8c84fa94-04c1-424b-9868-57a2d4851a1d" relativeResultsDirectory="b11af35c-d29c-493a-b9ab-0d1b41436039" />
        <UnitTestResult executionId="dffea6ce-3c5a-4385-98bf-c16d30fb74a0" parentExecutionId="e9811b83-52c2-47f7-9702-4c8288be0f1c" testId="4d83edc7-fe33-4aa1-820d-d350b0acf36e" testName="20- servicetypecustomfield_validations-generictest (StudentServicesAllApis-OrderedTest)" computerName="CLTBUILD23" startTime="2021-04-13T16:09:41.8851218-04:00" endTime="2021-04-13T16:09:41.8851218-04:00" testType="13cdc9d9-ddb5-4fa4-a97d-d965ccfc6d4b" outcome="Failed" testListId="8c84fa94-04c1-424b-9868-57a2d4851a1d" relativeResultsDirectory="dffea6ce-3c5a-4385-98bf-c16d30fb74a0" />
        <UnitTestResult executionId="4e93e904-6aa7-4d56-a5d3-7295d3bba978" parentExecutionId="e9811b83-52c2-47f7-9702-4c8288be0f1c" testId="780556a7-c13c-4b96-b98f-3d836a9fac62" testName="21- servicetypecategory-generictest (StudentServicesAllApis-OrderedTest)" computerName="CLTBUILD23" startTime="2021-04-13T16:09:41.8851218-04:00" endTime="2021-04-13T16:09:41.8851218-04:00" testType="13cdc9d9-ddb5-4fa4-a97d-d965ccfc6d4b" outcome="Failed" testListId="8c84fa94-04c1-424b-9868-57a2d4851a1d" relativeResultsDirectory="4e93e904-6aa7-4d56-a5d3-7295d3bba978" />
      </InnerResults>
    </TestResultAggregation>
    <TestResultAggregation executionId="abfacd55-93a6-4088-9022-286aa3b7c61b" testId="73d6ce1d-b321-401e-b525-541f2ae4a7c2" testName="AdmissionsAllApis-OrderedTest" computerName="CLTBUILD23" startTime="2021-04-13T16:09:41.6664046-04:00" endTime="2021-04-13T16:09:41.6664046-04:00" testType="ec4800e8-40e5-4ab3-8510-b8bf29b1904d" outcome="Failed" testListId="8c84fa94-04c1-424b-9868-57a2d4851a1d" relativeResultsDirectory="abfacd55-93a6-4088-9022-286aa3b7c61b">
      <InnerResults>
        <UnitTestResult executionId="40dbca32-c0ac-448c-8161-784f05a55c34" parentExecutionId="abfacd55-93a6-4088-9022-286aa3b7c61b" testId="dfc605f1-22b1-4c8f-85ea-caf01df041c8" testName="01- admissionregion_crud-generictest (AdmissionsAllApis-OrderedTest)" computerName="CLTBUILD23" startTime="2021-04-13T16:09:41.7288934-04:00" endTime="2021-04-13T16:09:41.7288934-04:00" testType="13cdc9d9-ddb5-4fa4-a97d-d965ccfc6d4b" outcome="Failed" testListId="8c84fa94-04c1-424b-9868-57a2d4851a1d" relativeResultsDirectory="40dbca32-c0ac-448c-8161-784f05a55c34" />
        <UnitTestResult executionId="cdfd0df3-d023-447e-8a64-6511ea1873f4" parentExecutionId="abfacd55-93a6-4088-9022-286aa3b7c61b" testId="e4ba3691-944c-4c61-82ca-fce9a808fed4" testName="02- admissionsregion-generictest (AdmissionsAllApis-OrderedTest)" computerName="CLTBUILD23" startTime="2021-04-13T16:09:41.7288934-04:00" endTime="2021-04-13T16:09:41.7288934-04:00" testType="13cdc9d9-ddb5-4fa4-a97d-d965ccfc6d4b" outcome="Failed" testListId="8c84fa94-04c1-424b-9868-57a2d4851a1d" relativeResultsDirectory="cdfd0df3-d023-447e-8a64-6511ea1873f4" />
        <UnitTestResult executionId="f1c06808-130c-4cd9-afd0-0695353bda10" parentExecutionId="abfacd55-93a6-4088-9022-286aa3b7c61b" testId="978b46b3-a94c-4763-8d25-3a1ce659fa4e" testName="03- entrancetestimportfileschema_validations-generictest (AdmissionsAllApis-OrderedTest)" computerName="CLTBUILD23" startTime="2021-04-13T16:09:41.7288934-04:00" endTime="2021-04-13T16:09:41.7288934-04:00" testType="13cdc9d9-ddb5-4fa4-a97d-d965ccfc6d4b" outcome="Failed" testListId="8c84fa94-04c1-424b-9868-57a2d4851a1d" relativeResultsDirectory="f1c06808-130c-4cd9-afd0-0695353bda10" />
        <UnitTestResult executionId="f4178eea-c33f-44ab-93d7-1a3a6ea022ca" parentExecutionId="abfacd55-93a6-4088-9022-286aa3b7c61b" testId="3ad9a973-8ee4-4a0b-9086-bdb7a1a01a4d" testName="04- testfilemappings-generictest (AdmissionsAllApis-OrderedTest)" computerName="CLTBUILD23" startTime="2021-04-13T16:09:41.7288934-04:00" endTime="2021-04-13T16:09:41.7288934-04:00" testType="13cdc9d9-ddb5-4fa4-a97d-d965ccfc6d4b" outcome="Failed" testListId="8c84fa94-04c1-424b-9868-57a2d4851a1d" relativeResultsDirectory="f4178eea-c33f-44ab-93d7-1a3a6ea022ca" />
        <UnitTestResult executionId="767380bd-9922-4b85-8de1-ccff3f069267" parentExecutionId="abfacd55-93a6-4088-9022-286aa3b7c61b" testId="784f78b5-6b68-4bf6-9a0a-5ce3513e7349" testName="05- getandsave-generictest (AdmissionsAllApis-OrderedTest)" computerName="CLTBUILD23" startTime="2021-04-13T16:09:41.7288934-04:00" endTime="2021-04-13T16:09:41.7288934-04:00" testType="13cdc9d9-ddb5-4fa4-a97d-d965ccfc6d4b" outcome="Failed" testListId="8c84fa94-04c1-424b-9868-57a2d4851a1d" relativeResultsDirectory="767380bd-9922-4b85-8de1-ccff3f069267" />
        <UnitTestResult executionId="810890ce-4c82-4395-9919-295a0d832e41" parentExecutionId="abfacd55-93a6-4088-9022-286aa3b7c61b" testId="21871336-5a56-4802-bc78-7765ac6cddb3" testName="06- entrancetestimporttesttype_validations-generictest (AdmissionsAllApis-OrderedTest)" computerName="CLTBUILD23" startTime="2021-04-13T16:09:41.7445163-04:00" endTime="2021-04-13T16:09:41.7445163-04:00" testType="13cdc9d9-ddb5-4fa4-a97d-d965ccfc6d4b" outcome="Failed" testListId="8c84fa94-04c1-424b-9868-57a2d4851a1d" relativeResultsDirectory="810890ce-4c82-4395-9919-295a0d832e41" />
        <UnitTestResult executionId="fed960ce-8f13-4f72-8ad5-087d5e7d5bec" parentExecutionId="abfacd55-93a6-4088-9022-286aa3b7c61b" testId="106e728e-63b5-4349-a46a-13b8619b4ac6" testName="07- leadcategory-generictest (AdmissionsAllApis-OrderedTest)" computerName="CLTBUILD23" startTime="2021-04-13T16:09:41.7445163-04:00" endTime="2021-04-13T16:09:41.7445163-04:00" testType="13cdc9d9-ddb5-4fa4-a97d-d965ccfc6d4b" outcome="Failed" testListId="8c84fa94-04c1-424b-9868-57a2d4851a1d" relativeResultsDirectory="fed960ce-8f13-4f72-8ad5-087d5e7d5bec" />
        <UnitTestResult executionId="0517ec74-7a88-4582-a48f-af3f44984070" parentExecutionId="abfacd55-93a6-4088-9022-286aa3b7c61b" testId="3f70c2ae-92da-4cbe-9e3f-901c002268db" testName="08- leadcategory_crud-generictest (AdmissionsAllApis-OrderedTest)" computerName="CLTBUILD23" startTime="2021-04-13T16:09:41.7445163-04:00" endTime="2021-04-13T16:09:41.7445163-04:00" testType="13cdc9d9-ddb5-4fa4-a97d-d965ccfc6d4b" outcome="Failed" testListId="8c84fa94-04c1-424b-9868-57a2d4851a1d" relativeResultsDirectory="0517ec74-7a88-4582-a48f-af3f44984070" />
        <UnitTestResult executionId="8013e1a4-537c-493e-a05a-ddfe29706e83" parentExecutionId="abfacd55-93a6-4088-9022-286aa3b7c61b" testId="f3847ca6-d68e-4d14-bf57-6e38aa85524d" testName="09- leadcategorybudget-generictest (AdmissionsAllApis-OrderedTest)" computerName="CLTBUILD23" startTime="2021-04-13T16:09:41.7445163-04:00" endTime="2021-04-13T16:09:41.7445163-04:00" testType="13cdc9d9-ddb5-4fa4-a97d-d965ccfc6d4b" outcome="Failed" testListId="8c84fa94-04c1-424b-9868-57a2d4851a1d" relativeResultsDirectory="8013e1a4-537c-493e-a05a-ddfe29706e83" />
        <UnitTestResult executionId="6610478a-7001-4bcd-addc-ce1bcd89eae7" parentExecutionId="abfacd55-93a6-4088-9022-286aa3b7c61b" testId="308d2d48-a14c-4fa3-a398-b15dc1bd2634" testName="10- leadsourceexpense_crud-generictest (AdmissionsAllApis-OrderedTest)" computerName="CLTBUILD23" startTime="2021-04-13T16:09:41.7445163-04:00" endTime="2021-04-13T16:09:41.7445163-04:00" testType="13cdc9d9-ddb5-4fa4-a97d-d965ccfc6d4b" outcome="Failed" testListId="8c84fa94-04c1-424b-9868-57a2d4851a1d" relativeResultsDirectory="6610478a-7001-4bcd-addc-ce1bcd89eae7" />
        <UnitTestResult executionId="76de8876-c73b-4ad0-a263-66c7f706ae2c" parentExecutionId="abfacd55-93a6-4088-9022-286aa3b7c61b" testId="55823607-8718-4c14-aa97-dff2ff523404" testName="11- leadsourceexpense_validations-generictest (AdmissionsAllApis-OrderedTest)" computerName="CLTBUILD23" startTime="2021-04-13T16:09:41.7445163-04:00" endTime="2021-04-13T16:09:41.7445163-04:00" testType="13cdc9d9-ddb5-4fa4-a97d-d965ccfc6d4b" outcome="Failed" testListId="8c84fa94-04c1-424b-9868-57a2d4851a1d" relativeResultsDirectory="76de8876-c73b-4ad0-a263-66c7f706ae2c" />
        <UnitTestResult executionId="090f09c0-a3a6-48de-b333-c816a213f65b" parentExecutionId="abfacd55-93a6-4088-9022-286aa3b7c61b" testId="9ec9165c-c9c9-4222-8be1-6942d1b42ee6" testName="12- leadvendor-generictest (AdmissionsAllApis-OrderedTest)" computerName="CLTBUILD23" startTime="2021-04-13T16:09:41.7445163-04:00" endTime="2021-04-13T16:09:41.7445163-04:00" testType="13cdc9d9-ddb5-4fa4-a97d-d965ccfc6d4b" outcome="Failed" testListId="8c84fa94-04c1-424b-9868-57a2d4851a1d" relativeResultsDirectory="090f09c0-a3a6-48de-b333-c816a213f65b" />
        <UnitTestResult executionId="97ca950f-5329-40f2-aabf-8ae922fba434" parentExecutionId="abfacd55-93a6-4088-9022-286aa3b7c61b" testId="5467bcb8-f3ef-40bf-a45f-e52a75f29202" testName="13- organisationcontactcrud-generictest (AdmissionsAllApis-OrderedTest)" computerName="CLTBUILD23" startTime="2021-04-13T16:09:41.7445163-04:00" endTime="2021-04-13T16:09:41.7445163-04:00" testType="13cdc9d9-ddb5-4fa4-a97d-d965ccfc6d4b" outcome="Failed" testListId="8c84fa94-04c1-424b-9868-57a2d4851a1d" relativeResultsDirectory="97ca950f-5329-40f2-aabf-8ae922fba434" />
        <UnitTestResult executionId="c23995f3-723a-4f00-9f56-54e2ae11875e" parentExecutionId="abfacd55-93a6-4088-9022-286aa3b7c61b" testId="e99f1ae7-4a69-450f-a64c-213da9bd187d" testName="14- prospecttemplate-generictest (AdmissionsAllApis-OrderedTest)" computerName="CLTBUILD23" startTime="2021-04-13T16:09:41.7445163-04:00" endTime="2021-04-13T16:09:41.7445163-04:00" testType="13cdc9d9-ddb5-4fa4-a97d-d965ccfc6d4b" outcome="Failed" testListId="8c84fa94-04c1-424b-9868-57a2d4851a1d" relativeResultsDirectory="c23995f3-723a-4f00-9f56-54e2ae11875e" />
      </InnerResults>
    </TestResultAggregation>
    <TestResultAggregation executionId="17ea93a9-49d8-43db-be06-103c3401b10b" testId="2af2ad18-152a-4fca-91c6-00afc25da371" testName="OTCourseRegistration_StartDateandExpectedEnddate" computerName="CLTBUILD23" startTime="2021-04-13T16:09:41.5570450-04:00" endTime="2021-04-13T16:09:41.5570450-04:00" testType="ec4800e8-40e5-4ab3-8510-b8bf29b1904d" outcome="Failed" testListId="8c84fa94-04c1-424b-9868-57a2d4851a1d" relativeResultsDirectory="17ea93a9-49d8-43db-be06-103c3401b10b">
      <InnerResults>
        <UnitTestResult executionId="a48d09e7-fa55-4bea-910c-96d31e5e07d2" parentExecutionId="17ea93a9-49d8-43db-be06-103c3401b10b" testId="bc852938-1813-4a9a-833a-29cd6377f438" testName="1- courseregistration_startdateandexpectedenddatearenull (OTCourseRegistration_StartDateandExpectedEnddate)" computerName="CLTBUILD23" startTime="2021-04-13T16:09:41.5882906-04:00" endTime="2021-04-13T16:09:41.5882906-04:00" testType="13cdc9d9-ddb5-4fa4-a97d-d965ccfc6d4b" outcome="Failed" testListId="8c84fa94-04c1-424b-9868-57a2d4851a1d" relativeResultsDirectory="a48d09e7-fa55-4bea-910c-96d31e5e07d2" />
        <UnitTestResult executionId="120d09f8-7e73-4cf3-8359-e013cb6eb7ea" parentExecutionId="17ea93a9-49d8-43db-be06-103c3401b10b" testId="a91bfc5d-e0b1-40dc-aa11-b3d90dd2680b" testName="2- courseregister_startdateandexpectedenddate (OTCourseRegistration_StartDateandExpectedEnddate)" computerName="CLTBUILD23" startTime="2021-04-13T16:09:41.5882906-04:00" endTime="2021-04-13T16:09:41.5882906-04:00" testType="13cdc9d9-ddb5-4fa4-a97d-d965ccfc6d4b" outcome="Failed" testListId="8c84fa94-04c1-424b-9868-57a2d4851a1d" relativeResultsDirectory="120d09f8-7e73-4cf3-8359-e013cb6eb7ea" />
      </InnerResults>
    </TestResultAggregation>
    <TestResultAggregation executionId="8ced95e6-b239-4e21-a515-99449902fbcb" testId="c29e0283-e85c-4a50-9514-4ad3c9dcbd90" testName="OTCheckingPassFailafterchangeonClassSchedule" computerName="CLTBUILD23" startTime="2021-04-13T16:09:41.4476828-04:00" endTime="2021-04-13T16:09:41.4476828-04:00" testType="ec4800e8-40e5-4ab3-8510-b8bf29b1904d" outcome="Failed" testListId="8c84fa94-04c1-424b-9868-57a2d4851a1d" relativeResultsDirectory="8ced95e6-b239-4e21-a515-99449902fbcb">
      <InnerResults>
        <UnitTestResult executionId="0bbdf79d-9ebb-4d06-ac97-cff04cde15aa" parentExecutionId="8ced95e6-b239-4e21-a515-99449902fbcb" testId="ae8ebc79-89b8-4953-8167-fc04f6526565" testName="1- addcoursetostudentforpassfailrequired-generictest (OTCheckingPassFailafterchangeonClassSchedule)" computerName="CLTBUILD23" startTime="2021-04-13T16:09:41.4789283-04:00" endTime="2021-04-13T16:09:41.4789283-04:00" testType="13cdc9d9-ddb5-4fa4-a97d-d965ccfc6d4b" outcome="Failed" testListId="8c84fa94-04c1-424b-9868-57a2d4851a1d" relativeResultsDirectory="0bbdf79d-9ebb-4d06-ac97-cff04cde15aa" />
        <UnitTestResult executionId="b7d72011-9b73-42f9-997c-5f1f8eace483" parentExecutionId="8ced95e6-b239-4e21-a515-99449902fbcb" testId="8a0f7953-630b-4d09-aea5-5c61f043242d" testName="2- registercoursetostudentpassfailrequired-generictest (OTCheckingPassFailafterchangeonClassSchedule)" computerName="CLTBUILD23" startTime="2021-04-13T16:09:41.4789283-04:00" endTime="2021-04-13T16:09:41.4789283-04:00" testType="13cdc9d9-ddb5-4fa4-a97d-d965ccfc6d4b" outcome="Failed" testListId="8c84fa94-04c1-424b-9868-57a2d4851a1d" relativeResultsDirectory="b7d72011-9b73-42f9-997c-5f1f8eace483" />
        <UnitTestResult executionId="a8c6c218-d777-4b06-a0da-23c2e3f7604a" parentExecutionId="8ced95e6-b239-4e21-a515-99449902fbcb" testId="9ff0b9ae-5781-4760-a5a8-294e4e46ed6a" testName="3- updateclassscheduledetailsforpassfail-generictest (OTCheckingPassFailafterchangeonClassSchedule)" computerName="CLTBUILD23" startTime="2021-04-13T16:09:41.4789283-04:00" endTime="2021-04-13T16:09:41.4789283-04:00" testType="13cdc9d9-ddb5-4fa4-a97d-d965ccfc6d4b" outcome="Failed" testListId="8c84fa94-04c1-424b-9868-57a2d4851a1d" relativeResultsDirectory="a8c6c218-d777-4b06-a0da-23c2e3f7604a" />
        <UnitTestResult executionId="5481e230-74a1-4a42-8113-3ee3951bcce0" parentExecutionId="8ced95e6-b239-4e21-a515-99449902fbcb" testId="c187ea8f-591f-4075-a11d-787461dd5556" testName="4- checkingregisteredcoursedetailsforpassfail-generictest (OTCheckingPassFailafterchangeonClassSchedule)" computerName="CLTBUILD23" startTime="2021-04-13T16:09:41.4789283-04:00" endTime="2021-04-13T16:09:41.4789283-04:00" testType="13cdc9d9-ddb5-4fa4-a97d-d965ccfc6d4b" outcome="Failed" testListId="8c84fa94-04c1-424b-9868-57a2d4851a1d" relativeResultsDirectory="5481e230-74a1-4a42-8113-3ee3951bcce0" />
      </InnerResults>
    </TestResultAggregation>
    <TestResultAggregation executionId="ad942967-ee41-4483-9f64-3e46aad96f49" testId="f00228c2-de04-4ac8-9570-54985daa724a" testName="CRMAllApis-OrderedTest" computerName="CLTBUILD23" startTime="2021-04-13T16:09:41.6820253-04:00" endTime="2021-04-13T16:09:41.6820253-04:00" testType="ec4800e8-40e5-4ab3-8510-b8bf29b1904d" outcome="Failed" testListId="8c84fa94-04c1-424b-9868-57a2d4851a1d" relativeResultsDirectory="ad942967-ee41-4483-9f64-3e46aad96f49">
      <InnerResults>
        <UnitTestResult executionId="dc43ea1e-b2b4-4255-9085-0418d58730c8" parentExecutionId="ad942967-ee41-4483-9f64-3e46aad96f49" testId="bdf42bb7-0605-4b9c-8b03-bb884efc4fbe" testName="1- documentaddtrigger-generictest (CRMAllApis-OrderedTest)" computerName="CLTBUILD23" startTime="2021-04-13T16:09:41.7445163-04:00" endTime="2021-04-13T16:09:41.7445163-04:00" testType="13cdc9d9-ddb5-4fa4-a97d-d965ccfc6d4b" outcome="Failed" testListId="8c84fa94-04c1-424b-9868-57a2d4851a1d" relativeResultsDirectory="dc43ea1e-b2b4-4255-9085-0418d58730c8" />
        <UnitTestResult executionId="1bb19e8f-ada3-454b-a609-fa745186fffd" parentExecutionId="ad942967-ee41-4483-9f64-3e46aad96f49" testId="407b673b-4b41-4500-b9cf-882eba4a19e8" testName="2- ferpagroup-generictest (CRMAllApis-OrderedTest)" computerName="CLTBUILD23" startTime="2021-04-13T16:09:41.7445163-04:00" endTime="2021-04-13T16:09:41.7445163-04:00" testType="13cdc9d9-ddb5-4fa4-a97d-d965ccfc6d4b" outcome="Failed" testListId="8c84fa94-04c1-424b-9868-57a2d4851a1d" relativeResultsDirectory="1bb19e8f-ada3-454b-a609-fa745186fffd" />
        <UnitTestResult executionId="fa8eb2d7-d349-40e7-a0e8-80bb35dcfc28" parentExecutionId="ad942967-ee41-4483-9f64-3e46aad96f49" testId="63bbe4c5-582b-4c50-af89-4977ef1e71b3" testName="3- incident-generictest (CRMAllApis-OrderedTest)" computerName="CLTBUILD23" startTime="2021-04-13T16:09:41.7601393-04:00" endTime="2021-04-13T16:09:41.7601393-04:00" testType="13cdc9d9-ddb5-4fa4-a97d-d965ccfc6d4b" outcome="Failed" testListId="8c84fa94-04c1-424b-9868-57a2d4851a1d" relativeResultsDirectory="fa8eb2d7-d349-40e7-a0e8-80bb35dcfc28" />
      </InnerResults>
    </TestResultAggregation>
    <TestResultAggregation executionId="f57c4edd-1dc5-4910-be1c-3d0ea8d5267b" testId="d0e1ee3e-1d27-4421-8fc4-7df592928616" testName="CareerServicesAllApis-OrderedTest" computerName="CLTBUILD23" startTime="2021-04-13T16:09:41.6820253-04:00" endTime="2021-04-13T16:09:41.6976492-04:00" testType="ec4800e8-40e5-4ab3-8510-b8bf29b1904d" outcome="Failed" testListId="8c84fa94-04c1-424b-9868-57a2d4851a1d" relativeResultsDirectory="f57c4edd-1dc5-4910-be1c-3d0ea8d5267b">
      <InnerResults>
        <UnitTestResult executionId="4336adc1-9c72-4c9d-83ea-7988800190e3" parentExecutionId="f57c4edd-1dc5-4910-be1c-3d0ea8d5267b" testId="e60e00f7-b30c-4486-8e3b-fd42c4821fa7" testName="01- careerfield_crud-generictest (CareerServicesAllApis-OrderedTest)" computerName="CLTBUILD23" startTime="2021-04-13T16:09:41.7601393-04:00" endTime="2021-04-13T16:09:41.7601393-04:00" testType="13cdc9d9-ddb5-4fa4-a97d-d965ccfc6d4b" outcome="Failed" testListId="8c84fa94-04c1-424b-9868-57a2d4851a1d" relativeResultsDirectory="4336adc1-9c72-4c9d-83ea-7988800190e3" />
        <UnitTestResult executionId="2fd86a9a-c69a-492b-bb09-654e3066c680" parentExecutionId="f57c4edd-1dc5-4910-be1c-3d0ea8d5267b" testId="70603481-2b8f-4a38-a034-8111f5b94444" testName="02- careerfield_validations-generictest (CareerServicesAllApis-OrderedTest)" computerName="CLTBUILD23" startTime="2021-04-13T16:09:41.7601393-04:00" endTime="2021-04-13T16:09:41.7601393-04:00" testType="13cdc9d9-ddb5-4fa4-a97d-d965ccfc6d4b" outcome="Failed" testListId="8c84fa94-04c1-424b-9868-57a2d4851a1d" relativeResultsDirectory="2fd86a9a-c69a-492b-bb09-654e3066c680" />
        <UnitTestResult executionId="1d7fc2f5-bc35-46e0-8a69-e57fab5d2b60" parentExecutionId="f57c4edd-1dc5-4910-be1c-3d0ea8d5267b" testId="ffd7bdb4-0ddf-4ba9-b82b-7214242e7e51" testName="03- careerfieldprogramversion_crud-generictest (CareerServicesAllApis-OrderedTest)" computerName="CLTBUILD23" startTime="2021-04-13T16:09:41.7601393-04:00" endTime="2021-04-13T16:09:41.7601393-04:00" testType="13cdc9d9-ddb5-4fa4-a97d-d965ccfc6d4b" outcome="Failed" testListId="8c84fa94-04c1-424b-9868-57a2d4851a1d" relativeResultsDirectory="1d7fc2f5-bc35-46e0-8a69-e57fab5d2b60" />
        <UnitTestResult executionId="e6528cd2-d5fa-4af0-a515-e34aaa6ae13e" parentExecutionId="f57c4edd-1dc5-4910-be1c-3d0ea8d5267b" testId="8da75105-4b33-499e-b39a-5864c1547602" testName="04- careerservicescertifications-generictest (CareerServicesAllApis-OrderedTest)" computerName="CLTBUILD23" startTime="2021-04-13T16:09:41.7601393-04:00" endTime="2021-04-13T16:09:41.7601393-04:00" testType="13cdc9d9-ddb5-4fa4-a97d-d965ccfc6d4b" outcome="Failed" testListId="8c84fa94-04c1-424b-9868-57a2d4851a1d" relativeResultsDirectory="e6528cd2-d5fa-4af0-a515-e34aaa6ae13e" />
        <UnitTestResult executionId="7abd64e2-6ff2-4562-9a3d-cc2e2643847c" parentExecutionId="f57c4edd-1dc5-4910-be1c-3d0ea8d5267b" testId="cfa745ba-31da-4d12-99e0-5234eaad79cb" testName="05- corporation_crud-generictest (CareerServicesAllApis-OrderedTest)" computerName="CLTBUILD23" startTime="2021-04-13T16:09:41.7757628-04:00" endTime="2021-04-13T16:09:41.7757628-04:00" testType="13cdc9d9-ddb5-4fa4-a97d-d965ccfc6d4b" outcome="Failed" testListId="8c84fa94-04c1-424b-9868-57a2d4851a1d" relativeResultsDirectory="7abd64e2-6ff2-4562-9a3d-cc2e2643847c" />
        <UnitTestResult executionId="cfead4c4-9f75-4a7d-9899-0d02151a6437" parentExecutionId="f57c4edd-1dc5-4910-be1c-3d0ea8d5267b" testId="b474e4a5-a2ef-45a0-8e2c-801824d665d8" testName="06- corporation_validations-generictest (CareerServicesAllApis-OrderedTest)" computerName="CLTBUILD23" startTime="2021-04-13T16:09:41.7757628-04:00" endTime="2021-04-13T16:09:41.7757628-04:00" testType="13cdc9d9-ddb5-4fa4-a97d-d965ccfc6d4b" outcome="Failed" testListId="8c84fa94-04c1-424b-9868-57a2d4851a1d" relativeResultsDirectory="cfead4c4-9f75-4a7d-9899-0d02151a6437" />
        <UnitTestResult executionId="0db90904-dcdd-4602-9f5d-b8c85592d7f8" parentExecutionId="f57c4edd-1dc5-4910-be1c-3d0ea8d5267b" testId="e0d5d105-a2e5-4729-af40-844c8dcc7355" testName="07- employercontacttype_crud-generictest (CareerServicesAllApis-OrderedTest)" computerName="CLTBUILD23" startTime="2021-04-13T16:09:41.7757628-04:00" endTime="2021-04-13T16:09:41.7757628-04:00" testType="13cdc9d9-ddb5-4fa4-a97d-d965ccfc6d4b" outcome="Failed" testListId="8c84fa94-04c1-424b-9868-57a2d4851a1d" relativeResultsDirectory="0db90904-dcdd-4602-9f5d-b8c85592d7f8" />
        <UnitTestResult executionId="562cda1c-62ac-4cc7-aef0-db14b45b9829" parentExecutionId="f57c4edd-1dc5-4910-be1c-3d0ea8d5267b" testId="0ea23f47-02a2-4627-aa9e-d1aac2caf562" testName="08- employercontacttype_validations-generictest (CareerServicesAllApis-OrderedTest)" computerName="CLTBUILD23" startTime="2021-04-13T16:09:41.7757628-04:00" endTime="2021-04-13T16:09:41.7757628-04:00" testType="13cdc9d9-ddb5-4fa4-a97d-d965ccfc6d4b" outcome="Failed" testListId="8c84fa94-04c1-424b-9868-57a2d4851a1d" relativeResultsDirectory="562cda1c-62ac-4cc7-aef0-db14b45b9829" />
        <UnitTestResult executionId="9c3f7537-9d88-40f4-aae1-beeedfc61e17" parentExecutionId="f57c4edd-1dc5-4910-be1c-3d0ea8d5267b" testId="4838804a-48e4-4210-96be-15d66477992e" testName="09- employerjob_crud-generictest (CareerServicesAllApis-OrderedTest)" computerName="CLTBUILD23" startTime="2021-04-13T16:09:41.7757628-04:00" endTime="2021-04-13T16:09:41.7757628-04:00" testType="13cdc9d9-ddb5-4fa4-a97d-d965ccfc6d4b" outcome="Failed" testListId="8c84fa94-04c1-424b-9868-57a2d4851a1d" relativeResultsDirectory="9c3f7537-9d88-40f4-aae1-beeedfc61e17" />
        <UnitTestResult executionId="baee6d40-0407-4ee3-9ea0-140bc52a31a6" parentExecutionId="f57c4edd-1dc5-4910-be1c-3d0ea8d5267b" testId="a5892264-1b40-41b4-89d7-94bc830bc665" testName="10- employerjob_validations-generictest (CareerServicesAllApis-OrderedTest)" computerName="CLTBUILD23" startTime="2021-04-13T16:09:41.7757628-04:00" endTime="2021-04-13T16:09:41.7757628-04:00" testType="13cdc9d9-ddb5-4fa4-a97d-d965ccfc6d4b" outcome="Failed" testListId="8c84fa94-04c1-424b-9868-57a2d4851a1d" relativeResultsDirectory="baee6d40-0407-4ee3-9ea0-140bc52a31a6" />
        <UnitTestResult executionId="444ebc9e-54f7-48c8-845d-71351d3ff85a" parentExecutionId="f57c4edd-1dc5-4910-be1c-3d0ea8d5267b" testId="769b9c95-ec95-4ce0-b42c-d9938b421505" testName="11- employers_validations-generictest (CareerServicesAllApis-OrderedTest)" computerName="CLTBUILD23" startTime="2021-04-13T16:09:41.7757628-04:00" endTime="2021-04-13T16:09:41.7757628-04:00" testType="13cdc9d9-ddb5-4fa4-a97d-d965ccfc6d4b" outcome="Failed" testListId="8c84fa94-04c1-424b-9868-57a2d4851a1d" relativeResultsDirectory="444ebc9e-54f7-48c8-845d-71351d3ff85a" />
        <UnitTestResult executionId="12748d00-9f53-49b5-aeaf-7d30f2861b24" parentExecutionId="f57c4edd-1dc5-4910-be1c-3d0ea8d5267b" testId="37181a6c-0a68-46b7-bdb8-171b97617892" testName="12- careerservicehowplaced-generictest (CareerServicesAllApis-OrderedTest)" computerName="CLTBUILD23" startTime="2021-04-13T16:09:41.7757628-04:00" endTime="2021-04-13T16:09:41.7757628-04:00" testType="13cdc9d9-ddb5-4fa4-a97d-d965ccfc6d4b" outcome="Failed" testListId="8c84fa94-04c1-424b-9868-57a2d4851a1d" relativeResultsDirectory="12748d00-9f53-49b5-aeaf-7d30f2861b24" />
        <UnitTestResult executionId="33a0d9db-fef4-4265-932e-1e697b559f0f" parentExecutionId="f57c4edd-1dc5-4910-be1c-3d0ea8d5267b" testId="b7d69751-60a1-4f51-96a4-4e02c352fd82" testName="13- careerservicehowplaceddupchecksave-generictest (CareerServicesAllApis-OrderedTest)" computerName="CLTBUILD23" startTime="2021-04-13T16:09:41.7757628-04:00" endTime="2021-04-13T16:09:41.7757628-04:00" testType="13cdc9d9-ddb5-4fa4-a97d-d965ccfc6d4b" outcome="Failed" testListId="8c84fa94-04c1-424b-9868-57a2d4851a1d" relativeResultsDirectory="33a0d9db-fef4-4265-932e-1e697b559f0f" />
        <UnitTestResult executionId="3d8e7c34-0ecf-45f5-8f43-4c20496b7240" parentExecutionId="f57c4edd-1dc5-4910-be1c-3d0ea8d5267b" testId="3465f9f5-7d63-48f5-b556-f14aef3c2440" testName="14- careerservicehowplaceddupchecksavenew-generictest (CareerServicesAllApis-OrderedTest)" computerName="CLTBUILD23" startTime="2021-04-13T16:09:41.7757628-04:00" endTime="2021-04-13T16:09:41.7757628-04:00" testType="13cdc9d9-ddb5-4fa4-a97d-d965ccfc6d4b" outcome="Failed" testListId="8c84fa94-04c1-424b-9868-57a2d4851a1d" relativeResultsDirectory="3d8e7c34-0ecf-45f5-8f43-4c20496b7240" />
        <UnitTestResult executionId="e1d30e83-657d-4fb3-8e16-771ead94e630" parentExecutionId="f57c4edd-1dc5-4910-be1c-3d0ea8d5267b" testId="4762b4f8-2025-466a-9b66-aa1b7c8ec379" testName="15- industryprogramversion-generictest (CareerServicesAllApis-OrderedTest)" computerName="CLTBUILD23" startTime="2021-04-13T16:09:41.7757628-04:00" endTime="2021-04-13T16:09:41.7757628-04:00" testType="13cdc9d9-ddb5-4fa4-a97d-d965ccfc6d4b" outcome="Failed" testListId="8c84fa94-04c1-424b-9868-57a2d4851a1d" relativeResultsDirectory="e1d30e83-657d-4fb3-8e16-771ead94e630" />
        <UnitTestResult executionId="828d23b9-eadf-49bc-b1a7-cb0eabf328f3" parentExecutionId="f57c4edd-1dc5-4910-be1c-3d0ea8d5267b" testId="7d3bd02b-dcf5-4fb4-aebd-2e53bdcd7299" testName="16- careerservicejobbenefit-generictest (CareerServicesAllApis-OrderedTest)" computerName="CLTBUILD23" startTime="2021-04-13T16:09:41.7757628-04:00" endTime="2021-04-13T16:09:41.7757628-04:00" testType="13cdc9d9-ddb5-4fa4-a97d-d965ccfc6d4b" outcome="Failed" testListId="8c84fa94-04c1-424b-9868-57a2d4851a1d" relativeResultsDirectory="828d23b9-eadf-49bc-b1a7-cb0eabf328f3" />
        <UnitTestResult executionId="8dc88aea-720f-4b7d-b128-ac2d08928520" parentExecutionId="f57c4edd-1dc5-4910-be1c-3d0ea8d5267b" testId="bd45dd11-a29c-452a-b351-777ab7b2f487" testName="17- jobtitle_crud-generictest (CareerServicesAllApis-OrderedTest)" computerName="CLTBUILD23" startTime="2021-04-13T16:09:41.7757628-04:00" endTime="2021-04-13T16:09:41.7757628-04:00" testType="13cdc9d9-ddb5-4fa4-a97d-d965ccfc6d4b" outcome="Failed" testListId="8c84fa94-04c1-424b-9868-57a2d4851a1d" relativeResultsDirectory="8dc88aea-720f-4b7d-b128-ac2d08928520" />
        <UnitTestResult executionId="fccd457a-f94f-47d2-95da-6d0653d76119" parentExecutionId="f57c4edd-1dc5-4910-be1c-3d0ea8d5267b" testId="630086d0-3757-4d9d-9ebb-363ddb353eff" testName="18- jobtitle_validations-generictest (CareerServicesAllApis-OrderedTest)" computerName="CLTBUILD23" startTime="2021-04-13T16:09:41.7757628-04:00" endTime="2021-04-13T16:09:41.7757628-04:00" testType="13cdc9d9-ddb5-4fa4-a97d-d965ccfc6d4b" outcome="Failed" testListId="8c84fa94-04c1-424b-9868-57a2d4851a1d" relativeResultsDirectory="fccd457a-f94f-47d2-95da-6d0653d76119" />
        <UnitTestResult executionId="3bbacb89-fb18-409d-89c7-39eed08b5bc8" parentExecutionId="f57c4edd-1dc5-4910-be1c-3d0ea8d5267b" testId="e68212a6-6e95-4a22-b4c6-0876e6f3d6cb" testName="19- jobtype_crud-generictest (CareerServicesAllApis-OrderedTest)" computerName="CLTBUILD23" startTime="2021-04-13T16:09:41.7757628-04:00" endTime="2021-04-13T16:09:41.7757628-04:00" testType="13cdc9d9-ddb5-4fa4-a97d-d965ccfc6d4b" outcome="Failed" testListId="8c84fa94-04c1-424b-9868-57a2d4851a1d" relativeResultsDirectory="3bbacb89-fb18-409d-89c7-39eed08b5bc8" />
        <UnitTestResult executionId="da771c46-096d-4d90-9a57-0ba829b50361" parentExecutionId="f57c4edd-1dc5-4910-be1c-3d0ea8d5267b" testId="9dd58238-e87d-4561-9d2a-e9aff760b237" testName="20- jobtype_validations-generictest (CareerServicesAllApis-OrderedTest)" computerName="CLTBUILD23" startTime="2021-04-13T16:09:41.7913969-04:00" endTime="2021-04-13T16:09:41.7913969-04:00" testType="13cdc9d9-ddb5-4fa4-a97d-d965ccfc6d4b" outcome="Failed" testListId="8c84fa94-04c1-424b-9868-57a2d4851a1d" relativeResultsDirectory="da771c46-096d-4d90-9a57-0ba829b50361" />
        <UnitTestResult executionId="6a837ad3-1298-4245-a88f-5c28af4f6d5e" parentExecutionId="f57c4edd-1dc5-4910-be1c-3d0ea8d5267b" testId="bd6c164e-6411-45b4-b218-606407168ca1" testName="21- placementstatusreason_crud-generictest (CareerServicesAllApis-OrderedTest)" computerName="CLTBUILD23" startTime="2021-04-13T16:09:41.7913969-04:00" endTime="2021-04-13T16:09:41.7913969-04:00" testType="13cdc9d9-ddb5-4fa4-a97d-d965ccfc6d4b" outcome="Failed" testListId="8c84fa94-04c1-424b-9868-57a2d4851a1d" relativeResultsDirectory="6a837ad3-1298-4245-a88f-5c28af4f6d5e" />
        <UnitTestResult executionId="beded39b-b782-403c-9336-ffa95b8f28a4" parentExecutionId="f57c4edd-1dc5-4910-be1c-3d0ea8d5267b" testId="3c825dc6-61d3-4098-a7d8-75050bc0c29d" testName="22- placementstatusreason_validations-generictest (CareerServicesAllApis-OrderedTest)" computerName="CLTBUILD23" startTime="2021-04-13T16:09:41.7913969-04:00" endTime="2021-04-13T16:09:41.7913969-04:00" testType="13cdc9d9-ddb5-4fa4-a97d-d965ccfc6d4b" outcome="Failed" testListId="8c84fa94-04c1-424b-9868-57a2d4851a1d" relativeResultsDirectory="beded39b-b782-403c-9336-ffa95b8f28a4" />
        <UnitTestResult executionId="9002bcf2-1a0d-43bc-b30b-5b70a3d9376c" parentExecutionId="f57c4edd-1dc5-4910-be1c-3d0ea8d5267b" testId="cc085735-6455-4162-822e-badf4721f545" testName="23- placementstatusreasonquestion_crud-generictest (CareerServicesAllApis-OrderedTest)" computerName="CLTBUILD23" startTime="2021-04-13T16:09:41.7913969-04:00" endTime="2021-04-13T16:09:41.7913969-04:00" testType="13cdc9d9-ddb5-4fa4-a97d-d965ccfc6d4b" outcome="Failed" testListId="8c84fa94-04c1-424b-9868-57a2d4851a1d" relativeResultsDirectory="9002bcf2-1a0d-43bc-b30b-5b70a3d9376c" />
        <UnitTestResult executionId="cc46454d-260a-437e-8518-9942d2c25571" parentExecutionId="f57c4edd-1dc5-4910-be1c-3d0ea8d5267b" testId="b9652c7e-bac7-4084-88f9-d13a0867bf0d" testName="24- placementstatusreasonquestion_validations-generictest (CareerServicesAllApis-OrderedTest)" computerName="CLTBUILD23" startTime="2021-04-13T16:09:41.7913969-04:00" endTime="2021-04-13T16:09:41.7913969-04:00" testType="13cdc9d9-ddb5-4fa4-a97d-d965ccfc6d4b" outcome="Failed" testListId="8c84fa94-04c1-424b-9868-57a2d4851a1d" relativeResultsDirectory="cc46454d-260a-437e-8518-9942d2c25571" />
        <UnitTestResult executionId="2797ff6d-6169-4c10-849d-a3043abc190e" parentExecutionId="f57c4edd-1dc5-4910-be1c-3d0ea8d5267b" testId="0ad5cbb6-bef0-49cf-b849-b0e4ba38b0e6" testName="25- placementstatusreasonquestionresponse_crud-generictest (CareerServicesAllApis-OrderedTest)" computerName="CLTBUILD23" startTime="2021-04-13T16:09:41.7913969-04:00" endTime="2021-04-13T16:09:41.7913969-04:00" testType="13cdc9d9-ddb5-4fa4-a97d-d965ccfc6d4b" outcome="Failed" testListId="8c84fa94-04c1-424b-9868-57a2d4851a1d" relativeResultsDirectory="2797ff6d-6169-4c10-849d-a3043abc190e" />
        <UnitTestResult executionId="85695a8c-b1d8-4a5f-9d42-e0460a2e4e67" parentExecutionId="f57c4edd-1dc5-4910-be1c-3d0ea8d5267b" testId="97002c4d-9be8-4056-bd03-22e4cd445325" testName="26- placementstatusreasonquestionresponse_validations-generictest (CareerServicesAllApis-OrderedTest)" computerName="CLTBUILD23" startTime="2021-04-13T16:09:41.7913969-04:00" endTime="2021-04-13T16:09:41.7913969-04:00" testType="13cdc9d9-ddb5-4fa4-a97d-d965ccfc6d4b" outcome="Failed" testListId="8c84fa94-04c1-424b-9868-57a2d4851a1d" relativeResultsDirectory="85695a8c-b1d8-4a5f-9d42-e0460a2e4e67" />
        <UnitTestResult executionId="4bb6adb4-59e7-4de9-98d2-6c3c87eeba3e" parentExecutionId="f57c4edd-1dc5-4910-be1c-3d0ea8d5267b" testId="91a29196-bde2-49d3-be9d-74e81d9a00b6" testName="27- salarytype_crud-generictest (CareerServicesAllApis-OrderedTest)" computerName="CLTBUILD23" startTime="2021-04-13T16:09:41.7913969-04:00" endTime="2021-04-13T16:09:41.7913969-04:00" testType="13cdc9d9-ddb5-4fa4-a97d-d965ccfc6d4b" outcome="Failed" testListId="8c84fa94-04c1-424b-9868-57a2d4851a1d" relativeResultsDirectory="4bb6adb4-59e7-4de9-98d2-6c3c87eeba3e" />
        <UnitTestResult executionId="1ba9fdfc-24fa-4179-884b-e2645f5abcd2" parentExecutionId="f57c4edd-1dc5-4910-be1c-3d0ea8d5267b" testId="7413bbd6-3def-47e2-ad05-c4e55facdecf" testName="28- salarytype_validations-generictest (CareerServicesAllApis-OrderedTest)" computerName="CLTBUILD23" startTime="2021-04-13T16:09:41.7913969-04:00" endTime="2021-04-13T16:09:41.7913969-04:00" testType="13cdc9d9-ddb5-4fa4-a97d-d965ccfc6d4b" outcome="Failed" testListId="8c84fa94-04c1-424b-9868-57a2d4851a1d" relativeResultsDirectory="1ba9fdfc-24fa-4179-884b-e2645f5abcd2" />
        <UnitTestResult executionId="b3c9cb43-83d8-4891-8481-03ddcad7ac2c" parentExecutionId="f57c4edd-1dc5-4910-be1c-3d0ea8d5267b" testId="08a20801-df92-4958-92dc-c2ad09b7ff66" testName="29- skill_crud-generictest (CareerServicesAllApis-OrderedTest)" computerName="CLTBUILD23" startTime="2021-04-13T16:09:41.7913969-04:00" endTime="2021-04-13T16:09:41.7913969-04:00" testType="13cdc9d9-ddb5-4fa4-a97d-d965ccfc6d4b" outcome="Failed" testListId="8c84fa94-04c1-424b-9868-57a2d4851a1d" relativeResultsDirectory="b3c9cb43-83d8-4891-8481-03ddcad7ac2c" />
        <UnitTestResult executionId="efb14ff1-bc08-46a9-9ea3-581aafc8a643" parentExecutionId="f57c4edd-1dc5-4910-be1c-3d0ea8d5267b" testId="200fea6a-228d-47d4-bc7b-8b05e5d69d4a" testName="30- skill_validations-generictest (CareerServicesAllApis-OrderedTest)" computerName="CLTBUILD23" startTime="2021-04-13T16:09:41.7913969-04:00" endTime="2021-04-13T16:09:41.7913969-04:00" testType="13cdc9d9-ddb5-4fa4-a97d-d965ccfc6d4b" outcome="Failed" testListId="8c84fa94-04c1-424b-9868-57a2d4851a1d" relativeResultsDirectory="efb14ff1-bc08-46a9-9ea3-581aafc8a643" />
        <UnitTestResult executionId="dff7f3ca-e050-45f1-a2a8-ea454a030178" parentExecutionId="f57c4edd-1dc5-4910-be1c-3d0ea8d5267b" testId="6985639d-a1fa-4f9a-838c-84270460eda9" testName="31- skillprogramversion_crud-generictest (CareerServicesAllApis-OrderedTest)" computerName="CLTBUILD23" startTime="2021-04-13T16:09:41.7913969-04:00" endTime="2021-04-13T16:09:41.7913969-04:00" testType="13cdc9d9-ddb5-4fa4-a97d-d965ccfc6d4b" outcome="Failed" testListId="8c84fa94-04c1-424b-9868-57a2d4851a1d" relativeResultsDirectory="dff7f3ca-e050-45f1-a2a8-ea454a030178" />
        <UnitTestResult executionId="7c5f5118-27aa-4aeb-9115-8c3f5ac3492b" parentExecutionId="f57c4edd-1dc5-4910-be1c-3d0ea8d5267b" testId="158872a0-5a99-4428-a81b-bc25cb8260e1" testName="32- studentplacementstatushistory_validations-generictest (CareerServicesAllApis-OrderedTest)" computerName="CLTBUILD23" startTime="2021-04-13T16:09:41.7913969-04:00" endTime="2021-04-13T16:09:41.7913969-04:00" testType="13cdc9d9-ddb5-4fa4-a97d-d965ccfc6d4b" outcome="Failed" testListId="8c84fa94-04c1-424b-9868-57a2d4851a1d" relativeResultsDirectory="7c5f5118-27aa-4aeb-9115-8c3f5ac3492b" />
      </InnerResults>
    </TestResultAggregation>
    <TestResultAggregation executionId="4fabbed2-0a7a-4c3c-acdf-7e7925ec29b0" testId="09f33df9-de79-42ee-9d44-a1972cd2eca3" testName="OTClearingWaitlistforspecificStudentwhenclearwaitlistisallowed" computerName="CLTBUILD23" startTime="2021-04-13T16:09:41.5257991-04:00" endTime="2021-04-13T16:09:41.5257991-04:00" testType="ec4800e8-40e5-4ab3-8510-b8bf29b1904d" outcome="Failed" testListId="8c84fa94-04c1-424b-9868-57a2d4851a1d" relativeResultsDirectory="4fabbed2-0a7a-4c3c-acdf-7e7925ec29b0">
      <InnerResults>
        <UnitTestResult executionId="5956ce19-0668-498f-b96b-2eb9e99fd4a2" parentExecutionId="4fabbed2-0a7a-4c3c-acdf-7e7925ec29b0" testId="396d9239-2082-478a-b25a-3c6d420bf5ea" testName="1- allowclearwaitlist-generictest (OTClearingWaitlistforspecificStudentwhenclearwaitlistisallowed)" computerName="CLTBUILD23" startTime="2021-04-13T16:09:41.5570450-04:00" endTime="2021-04-13T16:09:41.5570450-04:00" testType="13cdc9d9-ddb5-4fa4-a97d-d965ccfc6d4b" outcome="Failed" testListId="8c84fa94-04c1-424b-9868-57a2d4851a1d" relativeResultsDirectory="5956ce19-0668-498f-b96b-2eb9e99fd4a2" />
        <UnitTestResult executionId="5568f9a0-a364-42cc-8401-d167446e31f5" parentExecutionId="4fabbed2-0a7a-4c3c-acdf-7e7925ec29b0" testId="af41faf8-569c-47a3-87a5-a8d8a9c4163e" testName="2- clearingwaitlistforspecificstudent-generictest (OTClearingWaitlistforspecificStudentwhenclearwaitlistisallowed)" computerName="CLTBUILD23" startTime="2021-04-13T16:09:41.5570450-04:00" endTime="2021-04-13T16:09:41.5570450-04:00" testType="13cdc9d9-ddb5-4fa4-a97d-d965ccfc6d4b" outcome="Failed" testListId="8c84fa94-04c1-424b-9868-57a2d4851a1d" relativeResultsDirectory="5568f9a0-a364-42cc-8401-d167446e31f5" />
      </InnerResults>
    </TestResultAggregation>
    <TestResultAggregation executionId="724e859a-d2d0-4e1a-9e59-155f8067e3f5" testId="baa567ed-47fb-4d66-85d3-f184befa49a7" testName="OTVerifyCourseRegistrationAsRetakePreventedWhenMaxAttemptIs0OnCourseList" computerName="CLTBUILD23" startTime="2021-04-13T16:09:41.6507843-04:00" endTime="2021-04-13T16:09:41.6507843-04:00" testType="ec4800e8-40e5-4ab3-8510-b8bf29b1904d" outcome="Failed" testListId="8c84fa94-04c1-424b-9868-57a2d4851a1d" relativeResultsDirectory="724e859a-d2d0-4e1a-9e59-155f8067e3f5">
      <InnerResults>
        <UnitTestResult executionId="2cfd4f7e-6084-4290-9954-3f4b858fbd60" parentExecutionId="724e859a-d2d0-4e1a-9e59-155f8067e3f5" testId="0a19221e-9930-4078-9ab5-99a0624b0db1" testName="01- createnewcourse-generictest (OTVerifyCourseRegistrationAsRetakePreventedWhenMaxAttemptIs0OnCourseList)" computerName="CLTBUILD23" startTime="2021-04-13T16:09:41.6664046-04:00" endTime="2021-04-13T16:09:41.6664046-04:00" testType="13cdc9d9-ddb5-4fa4-a97d-d965ccfc6d4b" outcome="Failed" testListId="8c84fa94-04c1-424b-9868-57a2d4851a1d" relativeResultsDirectory="2cfd4f7e-6084-4290-9954-3f4b858fbd60" />
        <UnitTestResult executionId="0f05cc1a-c939-48fe-835b-d1dd41d18ddc" parentExecutionId="724e859a-d2d0-4e1a-9e59-155f8067e3f5" testId="856cc882-53b8-4d4d-925e-f6d2881dd707" testName="02- addcoursetoprogramversioncourselist-generictest (OTVerifyCourseRegistrationAsRetakePreventedWhenMaxAttemptIs0OnCourseList)" computerName="CLTBUILD23" startTime="2021-04-13T16:09:41.6664046-04:00" endTime="2021-04-13T16:09:41.6664046-04:00" testType="13cdc9d9-ddb5-4fa4-a97d-d965ccfc6d4b" outcome="Failed" testListId="8c84fa94-04c1-424b-9868-57a2d4851a1d" relativeResultsDirectory="0f05cc1a-c939-48fe-835b-d1dd41d18ddc" />
        <UnitTestResult executionId="99bda22b-b909-4978-94f9-2a0413026768" parentExecutionId="724e859a-d2d0-4e1a-9e59-155f8067e3f5" testId="348c1e4e-2eb5-49cd-9a0a-7cd94354416b" testName="03- createnewclassscheduleterm1-generictest (OTVerifyCourseRegistrationAsRetakePreventedWhenMaxAttemptIs0OnCourseList)" computerName="CLTBUILD23" startTime="2021-04-13T16:09:41.6664046-04:00" endTime="2021-04-13T16:09:41.6664046-04:00" testType="13cdc9d9-ddb5-4fa4-a97d-d965ccfc6d4b" outcome="Failed" testListId="8c84fa94-04c1-424b-9868-57a2d4851a1d" relativeResultsDirectory="99bda22b-b909-4978-94f9-2a0413026768" />
        <UnitTestResult executionId="c731f637-8ff6-4670-8a59-b5033df13cbb" parentExecutionId="724e859a-d2d0-4e1a-9e59-155f8067e3f5" testId="1a7a4b75-5925-412e-b356-0a22f6900e5a" testName="04- createnewclassscheduleterm2-generictest (OTVerifyCourseRegistrationAsRetakePreventedWhenMaxAttemptIs0OnCourseList)" computerName="CLTBUILD23" startTime="2021-04-13T16:09:41.6664046-04:00" endTime="2021-04-13T16:09:41.6664046-04:00" testType="13cdc9d9-ddb5-4fa4-a97d-d965ccfc6d4b" outcome="Failed" testListId="8c84fa94-04c1-424b-9868-57a2d4851a1d" relativeResultsDirectory="c731f637-8ff6-4670-8a59-b5033df13cbb" />
        <UnitTestResult executionId="2c5a3cc9-1c91-4f02-8521-05d3c6f76c54" parentExecutionId="724e859a-d2d0-4e1a-9e59-155f8067e3f5" testId="2bab6b22-c3e6-4e52-a790-e369156c20dc" testName="05- createnewstudentenrollment-generictest (OTVerifyCourseRegistrationAsRetakePreventedWhenMaxAttemptIs0OnCourseList)" computerName="CLTBUILD23" startTime="2021-04-13T16:09:41.6664046-04:00" endTime="2021-04-13T16:09:41.6664046-04:00" testType="13cdc9d9-ddb5-4fa4-a97d-d965ccfc6d4b" outcome="Failed" testListId="8c84fa94-04c1-424b-9868-57a2d4851a1d" relativeResultsDirectory="2c5a3cc9-1c91-4f02-8521-05d3c6f76c54" />
        <UnitTestResult executionId="c02cab39-f61d-41fc-baab-545f71038a28" parentExecutionId="724e859a-d2d0-4e1a-9e59-155f8067e3f5" testId="d75c9cb8-4d86-4bab-b299-9da309845e9b" testName="06- getstaffdetails-generictest (OTVerifyCourseRegistrationAsRetakePreventedWhenMaxAttemptIs0OnCourseList)" computerName="CLTBUILD23" startTime="2021-04-13T16:09:41.6664046-04:00" endTime="2021-04-13T16:09:41.6664046-04:00" testType="13cdc9d9-ddb5-4fa4-a97d-d965ccfc6d4b" outcome="Failed" testListId="8c84fa94-04c1-424b-9868-57a2d4851a1d" relativeResultsDirectory="c02cab39-f61d-41fc-baab-545f71038a28" />
        <UnitTestResult executionId="19b0eed0-cbe0-4e65-92a8-eb2b3dc1176c" parentExecutionId="724e859a-d2d0-4e1a-9e59-155f8067e3f5" testId="bb9c2622-eeb9-4886-b602-211a67ac329e" testName="07- add course to student as retake with max attempt 0-generictest (OTVerifyCourseRegistrationAsRetakePreventedWhenMaxAttemptIs0OnCourseList)" computerName="CLTBUILD23" startTime="2021-04-13T16:09:41.6664046-04:00" endTime="2021-04-13T16:09:41.6664046-04:00" testType="13cdc9d9-ddb5-4fa4-a97d-d965ccfc6d4b" outcome="Failed" testListId="8c84fa94-04c1-424b-9868-57a2d4851a1d" relativeResultsDirectory="19b0eed0-cbe0-4e65-92a8-eb2b3dc1176c" />
        <UnitTestResult executionId="45d5fa1c-7652-40a0-b647-c274f33f2908" parentExecutionId="724e859a-d2d0-4e1a-9e59-155f8067e3f5" testId="cfc402a6-342d-4179-8c39-b94553e8104e" testName="08- register course to student with max attempt 0-generictest (OTVerifyCourseRegistrationAsRetakePreventedWhenMaxAttemptIs0OnCourseList)" computerName="CLTBUILD23" startTime="2021-04-13T16:09:41.6820253-04:00" endTime="2021-04-13T16:09:41.6820253-04:00" testType="13cdc9d9-ddb5-4fa4-a97d-d965ccfc6d4b" outcome="Failed" testListId="8c84fa94-04c1-424b-9868-57a2d4851a1d" relativeResultsDirectory="45d5fa1c-7652-40a0-b647-c274f33f2908" />
        <UnitTestResult executionId="ca7cf3ef-cb9a-414a-9904-086e5bbdeac2" parentExecutionId="724e859a-d2d0-4e1a-9e59-155f8067e3f5" testId="c9620a32-f65c-42c7-9347-fcb7718eeb98" testName="09- postfinalgradetostudentcourse-generictest (OTVerifyCourseRegistrationAsRetakePreventedWhenMaxAttemptIs0OnCourseList)" computerName="CLTBUILD23" startTime="2021-04-13T16:09:41.6820253-04:00" endTime="2021-04-13T16:09:41.6820253-04:00" testType="13cdc9d9-ddb5-4fa4-a97d-d965ccfc6d4b" outcome="Failed" testListId="8c84fa94-04c1-424b-9868-57a2d4851a1d" relativeResultsDirectory="ca7cf3ef-cb9a-414a-9904-086e5bbdeac2" />
        <UnitTestResult executionId="18b80a0b-69f5-4f0f-a012-81f219245531" parentExecutionId="724e859a-d2d0-4e1a-9e59-155f8067e3f5" testId="467eee6f-e52c-4392-8aeb-8e986f85204e" testName="10- register course to student as retake with max attempt 0-generictest (OTVerifyCourseRegistrationAsRetakePreventedWhenMaxAttemptIs0OnCourseList)" computerName="CLTBUILD23" startTime="2021-04-13T16:09:41.6820253-04:00" endTime="2021-04-13T16:09:41.6820253-04:00" testType="13cdc9d9-ddb5-4fa4-a97d-d965ccfc6d4b" outcome="Failed" testListId="8c84fa94-04c1-424b-9868-57a2d4851a1d" relativeResultsDirectory="18b80a0b-69f5-4f0f-a012-81f219245531" />
      </InnerResults>
    </TestResultAggregation>
    <TestResultAggregation executionId="db482d52-2c39-4cf1-b925-acda2e71682b" testId="253d66d0-d07d-40f1-b744-7e3075e4c685" testName="OTCheckthePassFailfieldonRegisteringtheNonPassFailClassSchedule" computerName="CLTBUILD23" startTime="2021-04-13T16:09:41.4789283-04:00" endTime="2021-04-13T16:09:41.4789283-04:00" testType="ec4800e8-40e5-4ab3-8510-b8bf29b1904d" outcome="Failed" testListId="8c84fa94-04c1-424b-9868-57a2d4851a1d" relativeResultsDirectory="db482d52-2c39-4cf1-b925-acda2e71682b">
      <InnerResults>
        <UnitTestResult executionId="fea8cdec-7042-4e73-a85b-2f1e323ff86f" parentExecutionId="db482d52-2c39-4cf1-b925-acda2e71682b" testId="ddf2c3e8-2d54-433c-b14f-4b1f359b159b" testName="1- classscheduledetailsfornonpassfail-generictest (OTCheckthePassFailfieldonRegisteringtheNonPassFailClassSchedule)" computerName="CLTBUILD23" startTime="2021-04-13T16:09:41.5257991-04:00" endTime="2021-04-13T16:09:41.5257991-04:00" testType="13cdc9d9-ddb5-4fa4-a97d-d965ccfc6d4b" outcome="Failed" testListId="8c84fa94-04c1-424b-9868-57a2d4851a1d" relativeResultsDirectory="fea8cdec-7042-4e73-a85b-2f1e323ff86f" />
        <UnitTestResult executionId="e8df4a34-aeca-4cd8-85fa-e426709f612a" parentExecutionId="db482d52-2c39-4cf1-b925-acda2e71682b" testId="4198f061-2f03-41ac-b989-ca6e97adf3c3" testName="2- addcoursetostudentfornonpassfail-generictest (OTCheckthePassFailfieldonRegisteringtheNonPassFailClassSchedule)" computerName="CLTBUILD23" startTime="2021-04-13T16:09:41.5257991-04:00" endTime="2021-04-13T16:09:41.5257991-04:00" testType="13cdc9d9-ddb5-4fa4-a97d-d965ccfc6d4b" outcome="Failed" testListId="8c84fa94-04c1-424b-9868-57a2d4851a1d" relativeResultsDirectory="e8df4a34-aeca-4cd8-85fa-e426709f612a" />
        <UnitTestResult executionId="105c78c6-a0b9-4d40-a2fe-106d3d167c85" parentExecutionId="db482d52-2c39-4cf1-b925-acda2e71682b" testId="91b64f06-2e4b-4582-8c48-89cc27a2550a" testName="3- registercoursetostudentnonpassfail-generictest (OTCheckthePassFailfieldonRegisteringtheNonPassFailClassSchedule)" computerName="CLTBUILD23" startTime="2021-04-13T16:09:41.5257991-04:00" endTime="2021-04-13T16:09:41.5257991-04:00" testType="13cdc9d9-ddb5-4fa4-a97d-d965ccfc6d4b" outcome="Failed" testListId="8c84fa94-04c1-424b-9868-57a2d4851a1d" relativeResultsDirectory="105c78c6-a0b9-4d40-a2fe-106d3d167c85" />
      </InnerResults>
    </TestResultAggregation>
    <TestResultAggregation executionId="4996864d-968d-4515-94bf-d10dc54b5962" testId="b7fa5ed3-fda6-4dda-b993-20ef0e1e272f" testName="OTUpdatePassFailCoursefieldvalue" computerName="CLTBUILD23" startTime="2021-04-13T16:09:41.6195352-04:00" endTime="2021-04-13T16:09:41.6195352-04:00" testType="ec4800e8-40e5-4ab3-8510-b8bf29b1904d" outcome="Failed" testListId="8c84fa94-04c1-424b-9868-57a2d4851a1d" relativeResultsDirectory="4996864d-968d-4515-94bf-d10dc54b5962">
      <InnerResults>
        <UnitTestResult executionId="50da5058-3431-470b-8337-cff08d282874" parentExecutionId="4996864d-968d-4515-94bf-d10dc54b5962" testId="b525afe2-8a3e-4ceb-a03d-39371f2251c2" testName="1- createnewclassschedule-generictest (OTUpdatePassFailCoursefieldvalue)" computerName="CLTBUILD23" startTime="2021-04-13T16:09:41.6351586-04:00" endTime="2021-04-13T16:09:41.6351586-04:00" testType="13cdc9d9-ddb5-4fa4-a97d-d965ccfc6d4b" outcome="Failed" testListId="8c84fa94-04c1-424b-9868-57a2d4851a1d" relativeResultsDirectory="50da5058-3431-470b-8337-cff08d282874" />
        <UnitTestResult executionId="32ada70f-cd32-476e-8645-8c1e237a1cd6" parentExecutionId="4996864d-968d-4515-94bf-d10dc54b5962" testId="a8da4608-4d8e-4859-bcfc-3bb8926c177a" testName="2- updatepassfailcourse (OTUpdatePassFailCoursefieldvalue)" computerName="CLTBUILD23" startTime="2021-04-13T16:09:41.6351586-04:00" endTime="2021-04-13T16:09:41.6351586-04:00" testType="13cdc9d9-ddb5-4fa4-a97d-d965ccfc6d4b" outcome="Failed" testListId="8c84fa94-04c1-424b-9868-57a2d4851a1d" relativeResultsDirectory="32ada70f-cd32-476e-8645-8c1e237a1cd6" />
      </InnerResults>
    </TestResultAggregation>
    <TestResultAggregation executionId="e290b94d-b0cf-48c2-9f36-b12927874a00" testId="3a29b0ca-affd-4bb7-a0dd-f1e995b60ee4" testName="OTCheckOnlineRegistrationConfigurationForParentChildTermForSettingYes" computerName="CLTBUILD23" startTime="2021-04-13T16:09:41.4164382-04:00" endTime="2021-04-13T16:09:41.4164382-04:00" testType="ec4800e8-40e5-4ab3-8510-b8bf29b1904d" outcome="Failed" testListId="8c84fa94-04c1-424b-9868-57a2d4851a1d" relativeResultsDirectory="e290b94d-b0cf-48c2-9f36-b12927874a00">
      <InnerResults>
        <UnitTestResult executionId="440aef64-c72d-41e5-b035-c6bc3272f42e" parentExecutionId="e290b94d-b0cf-48c2-9f36-b12927874a00" testId="b2676063-c5be-487f-9ffe-03658c007ea9" testName="1- createnewterm-parent-generictest (OTCheckOnlineRegistrationConfigurationForParentChildTermForSettingYes)" computerName="CLTBUILD23" startTime="2021-04-13T16:09:41.4476828-04:00" endTime="2021-04-13T16:09:41.4476828-04:00" testType="13cdc9d9-ddb5-4fa4-a97d-d965ccfc6d4b" outcome="Failed" testListId="8c84fa94-04c1-424b-9868-57a2d4851a1d" relativeResultsDirectory="440aef64-c72d-41e5-b035-c6bc3272f42e" />
        <UnitTestResult executionId="827d823b-a82f-4793-98fa-c6a6585a2971" parentExecutionId="e290b94d-b0cf-48c2-9f36-b12927874a00" testId="6a499470-8283-499f-8ab0-02df50938e96" testName="2- createnewterm-child-generictest (OTCheckOnlineRegistrationConfigurationForParentChildTermForSettingYes)" computerName="CLTBUILD23" startTime="2021-04-13T16:09:41.4476828-04:00" endTime="2021-04-13T16:09:41.4476828-04:00" testType="13cdc9d9-ddb5-4fa4-a97d-d965ccfc6d4b" outcome="Failed" testListId="8c84fa94-04c1-424b-9868-57a2d4851a1d" relativeResultsDirectory="827d823b-a82f-4793-98fa-c6a6585a2971" />
        <UnitTestResult executionId="702cedab-a535-4762-8f30-8be782e50d78" parentExecutionId="e290b94d-b0cf-48c2-9f36-b12927874a00" testId="a92fd839-4413-4f9d-9eb3-342de4b9db88" testName="3- associatechildtermtoparentterm-generictest (OTCheckOnlineRegistrationConfigurationForParentChildTermForSettingYes)" computerName="CLTBUILD23" startTime="2021-04-13T16:09:41.4476828-04:00" endTime="2021-04-13T16:09:41.4476828-04:00" testType="13cdc9d9-ddb5-4fa4-a97d-d965ccfc6d4b" outcome="Failed" testListId="8c84fa94-04c1-424b-9868-57a2d4851a1d" relativeResultsDirectory="702cedab-a535-4762-8f30-8be782e50d78" />
        <UnitTestResult executionId="c1bcc7b7-7f51-4eca-836b-9ce38ac10432" parentExecutionId="e290b94d-b0cf-48c2-9f36-b12927874a00" testId="098490f1-b539-4c2b-af07-49c482ee69c0" testName="4- onlineregistrationconfigurationchildtermforsettingyes-generictest (OTCheckOnlineRegistrationConfigurationForParentChildTermForSettingYes)" computerName="CLTBUILD23" startTime="2021-04-13T16:09:41.4476828-04:00" endTime="2021-04-13T16:09:41.4476828-04:00" testType="13cdc9d9-ddb5-4fa4-a97d-d965ccfc6d4b" outcome="Failed" testListId="8c84fa94-04c1-424b-9868-57a2d4851a1d" relativeResultsDirectory="c1bcc7b7-7f51-4eca-836b-9ce38ac10432" />
        <UnitTestResult executionId="afc0b730-0ec0-4a56-873a-c553f53d9d0e" parentExecutionId="e290b94d-b0cf-48c2-9f36-b12927874a00" testId="9e0024fb-fb2d-47ec-9ad2-39aac1bfc8c1" testName="5- onlineregistrationconfigurationparenttermforsettingyes-generictest (OTCheckOnlineRegistrationConfigurationForParentChildTermForSettingYes)" computerName="CLTBUILD23" startTime="2021-04-13T16:09:41.4476828-04:00" endTime="2021-04-13T16:09:41.4476828-04:00" testType="13cdc9d9-ddb5-4fa4-a97d-d965ccfc6d4b" outcome="Failed" testListId="8c84fa94-04c1-424b-9868-57a2d4851a1d" relativeResultsDirectory="afc0b730-0ec0-4a56-873a-c553f53d9d0e" />
      </InnerResults>
    </TestResultAggregation>
    <TestResultAggregation executionId="f8aab9b5-0642-448a-9708-44bd65dac28d" testId="dfad30d4-9d42-458a-a3c5-ff5ed564094d" testName="OTCheckOnlineRegistrationConfigurationForParentChildTermForSettingNo" computerName="CLTBUILD23" duration="00:30:00.1167740" startTime="2021-04-13T15:39:36.5052759-04:00" endTime="2021-04-13T16:09:41.4008139-04:00" testType="ec4800e8-40e5-4ab3-8510-b8bf29b1904d" outcome="Failed" testListId="8c84fa94-04c1-424b-9868-57a2d4851a1d" relativeResultsDirectory="f8aab9b5-0642-448a-9708-44bd65dac28d">
      <InnerResults>
        <UnitTestResult executionId="6abbdd49-7c07-4040-84e1-0104876dc11e" parentExecutionId="f8aab9b5-0642-448a-9708-44bd65dac28d" testId="b2676063-c5be-487f-9ffe-03658c007ea9" testName="1- createnewterm-parent-generictest (OTCheckOnlineRegistrationConfigurationForParentChildTermForSettingNo)" computerName="CLTBUILD23" duration="00:00:00.0627262" startTime="2021-04-13T15:39:36.5052759-04:00" endTime="2021-04-13T15:39:36.5677692-04:00" testType="13cdc9d9-ddb5-4fa4-a97d-d965ccfc6d4b" outcome="Failed" testListId="8c84fa94-04c1-424b-9868-57a2d4851a1d" relativeResultsDirectory="6abbdd49-7c07-4040-84e1-0104876dc11e">
          <Output>
            <StdErr>The system cannot find the path specified.</StdErr>
            <ErrorInfo>
              <Message>The test failed with exit code 1.</Message>
            </ErrorInfo>
          </Output>
        </UnitTestResult>
        <UnitTestResult executionId="41423c46-23bf-42e7-9fa6-fc7c2f7e619b" parentExecutionId="f8aab9b5-0642-448a-9708-44bd65dac28d" testId="6a499470-8283-499f-8ab0-02df50938e96" testName="2- createnewterm-child-generictest (OTCheckOnlineRegistrationConfigurationForParentChildTermForSettingNo)" computerName="CLTBUILD23" duration="00:00:00.0551157" startTime="2021-04-13T15:39:36.5677692-04:00" endTime="2021-04-13T15:39:36.6303200-04:00" testType="13cdc9d9-ddb5-4fa4-a97d-d965ccfc6d4b" outcome="Failed" testListId="8c84fa94-04c1-424b-9868-57a2d4851a1d" relativeResultsDirectory="41423c46-23bf-42e7-9fa6-fc7c2f7e619b">
          <Output>
            <StdErr>The system cannot find the path specified.</StdErr>
            <ErrorInfo>
              <Message>The test failed with exit code 1.</Message>
            </ErrorInfo>
          </Output>
        </UnitTestResult>
        <UnitTestResult executionId="7dbb80f7-b767-4301-ae0f-fcaa3435c7b0" parentExecutionId="f8aab9b5-0642-448a-9708-44bd65dac28d" testId="a92fd839-4413-4f9d-9eb3-342de4b9db88" testName="3- associatechildtermtoparentterm-generictest (OTCheckOnlineRegistrationConfigurationForParentChildTermForSettingNo)" computerName="CLTBUILD23" duration="00:00:00.0547226" startTime="2021-04-13T15:39:36.6303200-04:00" endTime="2021-04-13T15:39:36.6927633-04:00" testType="13cdc9d9-ddb5-4fa4-a97d-d965ccfc6d4b" outcome="Failed" testListId="8c84fa94-04c1-424b-9868-57a2d4851a1d" relativeResultsDirectory="7dbb80f7-b767-4301-ae0f-fcaa3435c7b0">
          <Output>
            <StdErr>The system cannot find the path specified.</StdErr>
            <ErrorInfo>
              <Message>The test failed with exit code 1.</Message>
            </ErrorInfo>
          </Output>
        </UnitTestResult>
        <UnitTestResult executionId="8b738d6b-d827-420c-a4f9-ec0ecd9c471e" parentExecutionId="f8aab9b5-0642-448a-9708-44bd65dac28d" testId="8c4f68e4-5b95-43ae-b76e-f304c33ba666" testName="4- onlineregistrationconfigurationchildtermforsettingno-generictest (OTCheckOnlineRegistrationConfigurationForParentChildTermForSettingNo)" computerName="CLTBUILD23" duration="00:00:06.7671133" startTime="2021-04-13T15:39:36.6927633-04:00" endTime="2021-04-13T15:39:43.4574337-04:00" testType="13cdc9d9-ddb5-4fa4-a97d-d965ccfc6d4b" outcome="Failed" testListId="8c84fa94-04c1-424b-9868-57a2d4851a1d" relativeResultsDirectory="8b738d6b-d827-420c-a4f9-ec0ecd9c471e">
          <Output>
            <StdOut>C:\Agt6\_work\_temp\TestResults\c2kbuild_CLTBUILD23 2021-04-13 15_21_13\In\8b738d6b-d827-420c-a4f9-ec0ecd9c471e\CLTBUILD23&gt;if not defined TestLocation (set TestLocation=. ) &#xD;
&#xD;
C:\Agt6\_work\_temp\TestResults\c2kbuild_CLTBUILD23 2021-04-13 15_21_13\In\8b738d6b-d827-420c-a4f9-ec0ecd9c471e\CLTBUILD23&gt;set CollectionFileName=c:\agt6\_work\10\s\qaautomation\api\tests\modules\academics\onlineregistrationconfiguration\OnlineRegistrationConfigurationChildTerm.postman_collection.json &#xD;
&#xD;
C:\Agt6\_work\_temp\TestResults\c2kbuild_CLTBUILD23 2021-04-13 15_21_13\In\8b738d6b-d827-420c-a4f9-ec0ecd9c471e\CLTBUILD23&gt;set DataFileName=c:\agt6\_work\10\s\qaautomation\api\tests\modules\academics\onlineregistrationconfiguration\OnlineRegistrationConfigurationChildTermForSettingNo.data.json &#xD;
&#xD;
C:\Agt6\_work\_temp\TestResults\c2kbuild_CLTBUILD23 2021-04-13 15_21_13\In\8b738d6b-d827-420c-a4f9-ec0ecd9c471e\CLTBUILD23&gt;set EnvironmentFilePath=c:\agt6\_work\10\s\qaautomation\api\tests\modules\academics\onlineregistrationconfiguration\..\..\..\..\Common\TeamClean-StudentAPIEnvironment.postman_environment.json &#xD;
&#xD;
C:\Agt6\_work\_temp\TestResults\c2kbuild_CLTBUILD23 2021-04-13 15_21_13\In\8b738d6b-d827-420c-a4f9-ec0ecd9c471e\CLTBUILD23&gt;set HtmlResultsFile=OnlineRegistrationConfiguration_OnlineRegistrationConfigurationChildTerm-Html.html &#xD;
&#xD;
C:\Agt6\_work\_temp\TestResults\c2kbuild_CLTBUILD23 2021-04-13 15_21_13\In\8b738d6b-d827-420c-a4f9-ec0ecd9c471e\CLTBUILD23&gt;set JunitResultsFile=OnlineRegistrationConfiguration_OnlineRegistrationConfigurationChildTerm-Junit.xml &#xD;
&#xD;
C:\Agt6\_work\_temp\TestResults\c2kbuild_CLTBUILD23 2021-04-13 15_21_13\In\8b738d6b-d827-420c-a4f9-ec0ecd9c471e\CLTBUILD23&gt;newman run "c:\agt6\_work\10\s\qaautomation\api\tests\modules\academics\onlineregistrationconfiguration\OnlineRegistrationConfigurationChildTerm.postman_collection.json" -d "c:\agt6\_work\10\s\qaautomation\api\tests\modules\academics\onlineregistrationconfiguration\OnlineRegistrationConfigurationChildTermForSettingNo.data.json" -e "c:\agt6\_work\10\s\qaautomation\api\tests\modules\academics\onlineregistrationconfiguration\..\..\..\..\Common\TeamClean-StudentAPIEnvironment.postman_environment.json" -r junit,html --reporter-html-export "OnlineRegistrationConfiguration_OnlineRegistrationConfigurationChildTerm-Html.html" --reporter-junit-export "OnlineRegistrationConfiguration_OnlineRegistrationConfigurationChildTerm-Junit.xml"</StdOut>
            <ErrorInfo>
              <Message>The test failed with exit code 1.</Message>
            </ErrorInfo>
          </Output>
          <ResultFiles>
            <ResultFile path="CLTBUILD23\OnlineRegistrationConfiguration_OnlineRegistrationConfigurationChildTerm-Html.html" />
            <ResultFile path="CLTBUILD23\OnlineRegistrationConfiguration_OnlineRegistrationConfigurationChildTerm-Junit.xml" />
          </ResultFiles>
        </UnitTestResult>
        <UnitTestResult executionId="82e67f7f-fada-4b20-b409-171b154dc946" parentExecutionId="f8aab9b5-0642-448a-9708-44bd65dac28d" testId="9e8bb6e7-3eec-494e-9fd6-1fc7d714d292" testName="5- onlineregistrationconfigurationparenttermforsettingno-generictest (OTCheckOnlineRegistrationConfigurationForParentChildTermForSettingNo)" computerName="CLTBUILD23" startTime="2021-04-13T16:09:41.4164382-04:00" endTime="2021-04-13T16:09:41.4164382-04:00" testType="13cdc9d9-ddb5-4fa4-a97d-d965ccfc6d4b" outcome="Failed" testListId="8c84fa94-04c1-424b-9868-57a2d4851a1d" relativeResultsDirectory="82e67f7f-fada-4b20-b409-171b154dc946" />
      </InnerResults>
    </TestResultAggregation>
    <TestResultAggregation executionId="287e44df-1fc5-442d-9925-f238ac9da39a" testId="c6be914b-1ffd-4bbe-aa10-09fc5e14091e" testName="OTCheckthePassFailfieldonRegistratingtheStudentsChoice_2ClassSchedule" computerName="CLTBUILD23" startTime="2021-04-13T16:09:41.4945527-04:00" endTime="2021-04-13T16:09:41.5101730-04:00" testType="ec4800e8-40e5-4ab3-8510-b8bf29b1904d" outcome="Failed" testListId="8c84fa94-04c1-424b-9868-57a2d4851a1d" relativeResultsDirectory="287e44df-1fc5-442d-9925-f238ac9da39a">
      <InnerResults>
        <UnitTestResult executionId="fa0a9f4c-ebfc-44a2-b81e-4d5e48f01e44" parentExecutionId="287e44df-1fc5-442d-9925-f238ac9da39a" testId="8e1c547f-c450-4b93-8706-4004c659e44a" testName="1- classscheduledetailsforstudentschoice_course2-generictest (OTCheckthePassFailfieldonRegistratingtheStudentsChoice_2ClassSchedule)" computerName="CLTBUILD23" startTime="2021-04-13T16:09:41.5414207-04:00" endTime="2021-04-13T16:09:41.5414207-04:00" testType="13cdc9d9-ddb5-4fa4-a97d-d965ccfc6d4b" outcome="Failed" testListId="8c84fa94-04c1-424b-9868-57a2d4851a1d" relativeResultsDirectory="fa0a9f4c-ebfc-44a2-b81e-4d5e48f01e44" />
        <UnitTestResult executionId="e08eee9c-7e9c-4f70-8ed7-1cd805ebbf1a" parentExecutionId="287e44df-1fc5-442d-9925-f238ac9da39a" testId="98cc5469-ae8a-44b0-afe5-0d9c79e9826b" testName="2- addcoursetostudentforstudentschoice_passfailunchecked-generictest (OTCheckthePassFailfieldonRegistratingtheStudentsChoice_2ClassSchedule)" computerName="CLTBUILD23" startTime="2021-04-13T16:09:41.5414207-04:00" endTime="2021-04-13T16:09:41.5414207-04:00" testType="13cdc9d9-ddb5-4fa4-a97d-d965ccfc6d4b" outcome="Failed" testListId="8c84fa94-04c1-424b-9868-57a2d4851a1d" relativeResultsDirectory="e08eee9c-7e9c-4f70-8ed7-1cd805ebbf1a" />
        <UnitTestResult executionId="a49406e0-08ae-44ba-9f4f-93fad3d281b0" parentExecutionId="287e44df-1fc5-442d-9925-f238ac9da39a" testId="810435de-6428-40a8-ab32-2a68ca8a1d29" testName="3- registercoursetostudentstudentschoice_passfailunchecked-generictest (OTCheckthePassFailfieldonRegistratingtheStudentsChoice_2ClassSchedule)" computerName="CLTBUILD23" startTime="2021-04-13T16:09:41.5414207-04:00" endTime="2021-04-13T16:09:41.5414207-04:00" testType="13cdc9d9-ddb5-4fa4-a97d-d965ccfc6d4b" outcome="Failed" testListId="8c84fa94-04c1-424b-9868-57a2d4851a1d" relativeResultsDirectory="a49406e0-08ae-44ba-9f4f-93fad3d281b0" />
      </InnerResults>
    </TestResultAggregation>
    <TestResultAggregation executionId="771df665-c07b-48b0-a474-fa615392a961" testId="da849ce0-67c0-4802-99de-082d0f50bf06" testName="OTCheckOnlineRegistrationConfigurationForParentChildTermForSettingUseCRSG" computerName="CLTBUILD23" startTime="2021-04-13T16:09:41.4008139-04:00" endTime="2021-04-13T16:09:41.4008139-04:00" testType="ec4800e8-40e5-4ab3-8510-b8bf29b1904d" outcome="Failed" testListId="8c84fa94-04c1-424b-9868-57a2d4851a1d" relativeResultsDirectory="771df665-c07b-48b0-a474-fa615392a961">
      <InnerResults>
        <UnitTestResult executionId="560cbe71-cb3e-44b7-9462-2af9fc7584d4" parentExecutionId="771df665-c07b-48b0-a474-fa615392a961" testId="b2676063-c5be-487f-9ffe-03658c007ea9" testName="1- createnewterm-parent-generictest (OTCheckOnlineRegistrationConfigurationForParentChildTermForSettingUseCRSG)" computerName="CLTBUILD23" startTime="2021-04-13T16:09:41.4320599-04:00" endTime="2021-04-13T16:09:41.4320599-04:00" testType="13cdc9d9-ddb5-4fa4-a97d-d965ccfc6d4b" outcome="Failed" testListId="8c84fa94-04c1-424b-9868-57a2d4851a1d" relativeResultsDirectory="560cbe71-cb3e-44b7-9462-2af9fc7584d4" />
        <UnitTestResult executionId="c983b53a-5944-4c81-bb1f-5cb481d78cff" parentExecutionId="771df665-c07b-48b0-a474-fa615392a961" testId="6a499470-8283-499f-8ab0-02df50938e96" testName="2- createnewterm-child-generictest (OTCheckOnlineRegistrationConfigurationForParentChildTermForSettingUseCRSG)" computerName="CLTBUILD23" startTime="2021-04-13T16:09:41.4320599-04:00" endTime="2021-04-13T16:09:41.4320599-04:00" testType="13cdc9d9-ddb5-4fa4-a97d-d965ccfc6d4b" outcome="Failed" testListId="8c84fa94-04c1-424b-9868-57a2d4851a1d" relativeResultsDirectory="c983b53a-5944-4c81-bb1f-5cb481d78cff" />
        <UnitTestResult executionId="9c376443-fcae-4135-b002-5fdce45aaaa4" parentExecutionId="771df665-c07b-48b0-a474-fa615392a961" testId="a92fd839-4413-4f9d-9eb3-342de4b9db88" testName="3- associatechildtermtoparentterm-generictest (OTCheckOnlineRegistrationConfigurationForParentChildTermForSettingUseCRSG)" computerName="CLTBUILD23" startTime="2021-04-13T16:09:41.4320599-04:00" endTime="2021-04-13T16:09:41.4320599-04:00" testType="13cdc9d9-ddb5-4fa4-a97d-d965ccfc6d4b" outcome="Failed" testListId="8c84fa94-04c1-424b-9868-57a2d4851a1d" relativeResultsDirectory="9c376443-fcae-4135-b002-5fdce45aaaa4" />
        <UnitTestResult executionId="25872fb9-b7d7-4d9a-856a-3c8af1f3eb65" parentExecutionId="771df665-c07b-48b0-a474-fa615392a961" testId="d89165c8-9197-4607-baef-4682daeae350" testName="4- onlineregistrationconfigurationchildtermforsettingusecrsg-generictest (OTCheckOnlineRegistrationConfigurationForParentChildTermForSettingUseCRSG)" computerName="CLTBUILD23" startTime="2021-04-13T16:09:41.4320599-04:00" endTime="2021-04-13T16:09:41.4320599-04:00" testType="13cdc9d9-ddb5-4fa4-a97d-d965ccfc6d4b" outcome="Failed" testListId="8c84fa94-04c1-424b-9868-57a2d4851a1d" relativeResultsDirectory="25872fb9-b7d7-4d9a-856a-3c8af1f3eb65" />
        <UnitTestResult executionId="e3a77aea-9e53-4a3b-b6bf-bd961a975ecd" parentExecutionId="771df665-c07b-48b0-a474-fa615392a961" testId="d37dc675-9792-43d4-8ec2-8f7addcc71b5" testName="5- onlineregistrationconfigurationparenttermforsettingusecrsg-generictest (OTCheckOnlineRegistrationConfigurationForParentChildTermForSettingUseCRSG)" computerName="CLTBUILD23" startTime="2021-04-13T16:09:41.4320599-04:00" endTime="2021-04-13T16:09:41.4320599-04:00" testType="13cdc9d9-ddb5-4fa4-a97d-d965ccfc6d4b" outcome="Failed" testListId="8c84fa94-04c1-424b-9868-57a2d4851a1d" relativeResultsDirectory="e3a77aea-9e53-4a3b-b6bf-bd961a975ecd" />
      </InnerResults>
    </TestResultAggregation>
    <TestResultAggregation executionId="51eed433-cb75-4b69-a5a6-91aca0ca5ced" testId="2cb36e42-435c-4545-99fe-85bbd5251072" testName="OTCheckEnrollStatusandHoursinRegistredCourseforAllowOverrideAndMatchOverrideCourse" computerName="CLTBUILD23" duration="00:00:16.2411737" startTime="2021-04-13T15:38:32.7484797-04:00" endTime="2021-04-13T15:38:48.9806130-04:00" testType="ec4800e8-40e5-4ab3-8510-b8bf29b1904d" outcome="Failed" testListId="8c84fa94-04c1-424b-9868-57a2d4851a1d" relativeResultsDirectory="51eed433-cb75-4b69-a5a6-91aca0ca5ced">
      <InnerResults>
        <UnitTestResult executionId="d48130f7-e3d0-49ee-9ed1-1fc1b35e5463" parentExecutionId="51eed433-cb75-4b69-a5a6-91aca0ca5ced" testId="5c9014b2-4ebd-49d4-9997-036927b56464" testName="1- addandregisterallowoverrideandmatchoverridecourse-generictest (OTCheckEnrollStatusandHoursinRegistredCourseforAllowOverrideAndMatchOverrideCourse)" computerName="CLTBUILD23" duration="00:00:16.2368282" startTime="2021-04-13T15:38:32.7484797-04:00" endTime="2021-04-13T15:38:48.9806130-04:00" testType="13cdc9d9-ddb5-4fa4-a97d-d965ccfc6d4b" outcome="Failed" testListId="8c84fa94-04c1-424b-9868-57a2d4851a1d" relativeResultsDirectory="d48130f7-e3d0-49ee-9ed1-1fc1b35e5463">
          <Output>
            <StdOut>C:\Agt6\_work\_temp\TestResults\c2kbuild_CLTBUILD23 2021-04-13 15_21_13\In\d48130f7-e3d0-49ee-9ed1-1fc1b35e5463\CLTBUILD23&gt;if not defined TestLocation (set TestLocation=. ) &#xD;
&#xD;
C:\Agt6\_work\_temp\TestResults\c2kbuild_CLTBUILD23 2021-04-13 15_21_13\In\d48130f7-e3d0-49ee-9ed1-1fc1b35e5463\CLTBUILD23&gt;set CollectionFileName=c:\agt6\_work\10\s\qaautomation\api\tests\modules\academics\addandregistervariablecourse\AddandRegisterAllowOverrideandMatchOverrideCourse.postman_collection.json &#xD;
&#xD;
C:\Agt6\_work\_temp\TestResults\c2kbuild_CLTBUILD23 2021-04-13 15_21_13\In\d48130f7-e3d0-49ee-9ed1-1fc1b35e5463\CLTBUILD23&gt;set DataFileName=c:\agt6\_work\10\s\qaautomation\api\tests\modules\academics\addandregistervariablecourse\AddandRegisterAllowOverrideandMatchOverrideCourse.data.json &#xD;
&#xD;
C:\Agt6\_work\_temp\TestResults\c2kbuild_CLTBUILD23 2021-04-13 15_21_13\In\d48130f7-e3d0-49ee-9ed1-1fc1b35e5463\CLTBUILD23&gt;set EnvironmentFilePath=c:\agt6\_work\10\s\qaautomation\api\tests\modules\academics\addandregistervariablecourse\..\..\..\..\Common\TeamRajendra-StudentApiEnvironment.postman_environment.json &#xD;
&#xD;
C:\Agt6\_work\_temp\TestResults\c2kbuild_CLTBUILD23 2021-04-13 15_21_13\In\d48130f7-e3d0-49ee-9ed1-1fc1b35e5463\CLTBUILD23&gt;set HtmlResultsFile=AddandRegisterAllowOverrideandMatchOverrideCourse-Html.html &#xD;
&#xD;
C:\Agt6\_work\_temp\TestResults\c2kbuild_CLTBUILD23 2021-04-13 15_21_13\In\d48130f7-e3d0-49ee-9ed1-1fc1b35e5463\CLTBUILD23&gt;set JunitResultsFile=AddandRegisterAllowOverrideandMatchOverrideCourse-Junit.xml &#xD;
&#xD;
C:\Agt6\_work\_temp\TestResults\c2kbuild_CLTBUILD23 2021-04-13 15_21_13\In\d48130f7-e3d0-49ee-9ed1-1fc1b35e5463\CLTBUILD23&gt;newman run "c:\agt6\_work\10\s\qaautomation\api\tests\modules\academics\addandregistervariablecourse\AddandRegisterAllowOverrideandMatchOverrideCourse.postman_collection.json" -d "c:\agt6\_work\10\s\qaautomation\api\tests\modules\academics\addandregistervariablecourse\AddandRegisterAllowOverrideandMatchOverrideCourse.data.json" -e "c:\agt6\_work\10\s\qaautomation\api\tests\modules\academics\addandregistervariablecourse\..\..\..\..\Common\TeamRajendra-StudentApiEnvironment.postman_environment.json" -r junit,html --reporter-html-export "AddandRegisterAllowOverrideandMatchOverrideCourse-Html.html" --reporter-junit-export "AddandRegisterAllowOverrideandMatchOverrideCourse-Junit.xml"</StdOut>
            <ErrorInfo>
              <Message>The test failed with exit code 1.</Message>
            </ErrorInfo>
          </Output>
          <ResultFiles>
            <ResultFile path="CLTBUILD23\AddandRegisterAllowOverrideandMatchOverrideCourse-Html.html" />
            <ResultFile path="CLTBUILD23\AddandRegisterAllowOverrideandMatchOverrideCourse-Junit.xml" />
          </ResultFiles>
        </UnitTestResult>
        <UnitTestResult executionId="3ab14ee9-ea48-482f-bc06-2f54dc466eb8" parentExecutionId="51eed433-cb75-4b69-a5a6-91aca0ca5ced" testId="eecd4b2a-d9b9-4d31-937a-35fb4f87a266" testName="2- courseandcoursescheduledetailsforbothallowoverrideandmatchoverride-generictest (OTCheckEnrollStatusandHoursinRegistredCourseforAllowOverrideAndMatchOverrideCourse)" computerName="CLTBUILD23" startTime="2021-04-13T15:38:48.9962306-04:00" endTime="2021-04-13T15:38:48.9962306-04:00" testType="13cdc9d9-ddb5-4fa4-a97d-d965ccfc6d4b" outcome="NotExecuted" testListId="8c84fa94-04c1-424b-9868-57a2d4851a1d" relativeResultsDirectory="3ab14ee9-ea48-482f-bc06-2f54dc466eb8" />
      </InnerResults>
    </TestResultAggregation>
    <TestResultAggregation executionId="6a8a4bb6-3b8d-4dc1-8917-5bd89fc99a9e" testId="05ab52ad-1451-4474-8260-872840a6fea4" testName="OTPublishScheduleforaTermwhichhasnoclasssectionspresent" computerName="CLTBUILD23" startTime="2021-04-13T16:09:41.6039100-04:00" endTime="2021-04-13T16:09:41.6039100-04:00" testType="ec4800e8-40e5-4ab3-8510-b8bf29b1904d" outcome="Failed" testListId="8c84fa94-04c1-424b-9868-57a2d4851a1d" relativeResultsDirectory="6a8a4bb6-3b8d-4dc1-8917-5bd89fc99a9e">
      <InnerResults>
        <UnitTestResult executionId="1215982f-f053-41b7-993f-7dbb1024f73a" parentExecutionId="6a8a4bb6-3b8d-4dc1-8917-5bd89fc99a9e" testId="f473e7a6-4e4d-476b-851d-3a0bffe28a38" testName="1- publishingschedulescenario2 (OTPublishScheduleforaTermwhichhasnoclasssectionspresent)" computerName="CLTBUILD23" startTime="2021-04-13T16:09:41.6195352-04:00" endTime="2021-04-13T16:09:41.6195352-04:00" testType="13cdc9d9-ddb5-4fa4-a97d-d965ccfc6d4b" outcome="Failed" testListId="8c84fa94-04c1-424b-9868-57a2d4851a1d" relativeResultsDirectory="1215982f-f053-41b7-993f-7dbb1024f73a" />
      </InnerResults>
    </TestResultAggregation>
    <TestResultAggregation executionId="a30754e8-d59e-433c-b758-12cbd27987af" testId="961446e5-cddd-4367-a187-97547c455a8a" testName="OTCheckthePassFailfieldonRegistratingthePassFailRequiredClassSchedule" computerName="CLTBUILD23" startTime="2021-04-13T16:09:41.4789283-04:00" endTime="2021-04-13T16:09:41.4789283-04:00" testType="ec4800e8-40e5-4ab3-8510-b8bf29b1904d" outcome="Failed" testListId="8c84fa94-04c1-424b-9868-57a2d4851a1d" relativeResultsDirectory="a30754e8-d59e-433c-b758-12cbd27987af">
      <InnerResults>
        <UnitTestResult executionId="7052b077-3d06-4c04-ba42-b848f3d83e20" parentExecutionId="a30754e8-d59e-433c-b758-12cbd27987af" testId="26afcecc-3dbb-4dc9-886c-a8503e08da92" testName="1- classscheduledetailsforpassfailrequired-generictest (OTCheckthePassFailfieldonRegistratingthePassFailRequiredClassSchedule)" computerName="CLTBUILD23" startTime="2021-04-13T16:09:41.5257991-04:00" endTime="2021-04-13T16:09:41.5257991-04:00" testType="13cdc9d9-ddb5-4fa4-a97d-d965ccfc6d4b" outcome="Failed" testListId="8c84fa94-04c1-424b-9868-57a2d4851a1d" relativeResultsDirectory="7052b077-3d06-4c04-ba42-b848f3d83e20" />
        <UnitTestResult executionId="73cc4ddd-175a-4cee-aa50-fb2d7ffd39f6" parentExecutionId="a30754e8-d59e-433c-b758-12cbd27987af" testId="34a0acc8-9a92-4560-b199-5a3e0e07480e" testName="2- addcoursetostudentforpassfailrequired-generictest (OTCheckthePassFailfieldonRegistratingthePassFailRequiredClassSchedule)" computerName="CLTBUILD23" startTime="2021-04-13T16:09:41.5257991-04:00" endTime="2021-04-13T16:09:41.5257991-04:00" testType="13cdc9d9-ddb5-4fa4-a97d-d965ccfc6d4b" outcome="Failed" testListId="8c84fa94-04c1-424b-9868-57a2d4851a1d" relativeResultsDirectory="73cc4ddd-175a-4cee-aa50-fb2d7ffd39f6" />
        <UnitTestResult executionId="494f43de-ebe6-4a52-9e8f-d3531b149aa6" parentExecutionId="a30754e8-d59e-433c-b758-12cbd27987af" testId="8a0f7953-630b-4d09-aea5-5c61f043242d" testName="3- registercoursetostudentpassfailrequired-generictest (OTCheckthePassFailfieldonRegistratingthePassFailRequiredClassSchedule)" computerName="CLTBUILD23" startTime="2021-04-13T16:09:41.5257991-04:00" endTime="2021-04-13T16:09:41.5257991-04:00" testType="13cdc9d9-ddb5-4fa4-a97d-d965ccfc6d4b" outcome="Failed" testListId="8c84fa94-04c1-424b-9868-57a2d4851a1d" relativeResultsDirectory="494f43de-ebe6-4a52-9e8f-d3531b149aa6" />
      </InnerResults>
    </TestResultAggregation>
    <TestResultAggregation executionId="146f054e-e9ea-4aa5-981c-1fbacda70429" testId="669fd08a-4c16-421f-9862-c508b053e427" testName="OTCopyClassSchedule" computerName="CLTBUILD23" startTime="2021-04-13T16:09:41.5414207-04:00" endTime="2021-04-13T16:09:41.5414207-04:00" testType="ec4800e8-40e5-4ab3-8510-b8bf29b1904d" outcome="Failed" testListId="8c84fa94-04c1-424b-9868-57a2d4851a1d" relativeResultsDirectory="146f054e-e9ea-4aa5-981c-1fbacda70429">
      <InnerResults>
        <UnitTestResult executionId="823636c3-17d3-4ab5-a4d8-27cfb2ef9995" parentExecutionId="146f054e-e9ea-4aa5-981c-1fbacda70429" testId="eb51f444-3483-4046-8a45-0f3daf464161" testName="1- copyclassschedule-generictest (OTCopyClassSchedule)" computerName="CLTBUILD23" startTime="2021-04-13T16:09:41.5726685-04:00" endTime="2021-04-13T16:09:41.5726685-04:00" testType="13cdc9d9-ddb5-4fa4-a97d-d965ccfc6d4b" outcome="Failed" testListId="8c84fa94-04c1-424b-9868-57a2d4851a1d" relativeResultsDirectory="823636c3-17d3-4ab5-a4d8-27cfb2ef9995" />
      </InnerResults>
    </TestResultAggregation>
    <TestResultAggregation executionId="b53301db-5aed-494b-910c-40b249f19319" testId="316705c5-13c3-4baf-b9b3-2780900de82e" testName="OTPublishScheduleforaTermwhichhasclasssectionspresent" computerName="CLTBUILD23" startTime="2021-04-13T16:09:41.5882906-04:00" endTime="2021-04-13T16:09:41.5882906-04:00" testType="ec4800e8-40e5-4ab3-8510-b8bf29b1904d" outcome="Failed" testListId="8c84fa94-04c1-424b-9868-57a2d4851a1d" relativeResultsDirectory="b53301db-5aed-494b-910c-40b249f19319">
      <InnerResults>
        <UnitTestResult executionId="95d76463-8a58-42e3-9e87-ef6c5ceb475e" parentExecutionId="b53301db-5aed-494b-910c-40b249f19319" testId="732b4b80-1915-4682-96b1-71eb94455fa4" testName="1- publishingschedulesceanario1 (OTPublishScheduleforaTermwhichhasclasssectionspresent)" computerName="CLTBUILD23" startTime="2021-04-13T16:09:41.6195352-04:00" endTime="2021-04-13T16:09:41.6195352-04:00" testType="13cdc9d9-ddb5-4fa4-a97d-d965ccfc6d4b" outcome="Failed" testListId="8c84fa94-04c1-424b-9868-57a2d4851a1d" relativeResultsDirectory="95d76463-8a58-42e3-9e87-ef6c5ceb475e" />
      </InnerResults>
    </TestResultAggregation>
    <TestResultAggregation executionId="c8803a03-a4a6-4e57-8f0f-0ed6b90c0554" testId="43222e69-ce5c-46f0-978b-a3096ebe7a17" testName="CommonAllApis-OrderedTest" computerName="CLTBUILD23" startTime="2021-04-13T16:09:41.6976492-04:00" endTime="2021-04-13T16:09:41.6976492-04:00" testType="ec4800e8-40e5-4ab3-8510-b8bf29b1904d" outcome="Failed" testListId="8c84fa94-04c1-424b-9868-57a2d4851a1d" relativeResultsDirectory="c8803a03-a4a6-4e57-8f0f-0ed6b90c0554">
      <InnerResults>
        <UnitTestResult executionId="c461cc70-1712-4a7a-a11f-bb3221caf68a" parentExecutionId="c8803a03-a4a6-4e57-8f0f-0ed6b90c0554" testId="08686a50-29fb-46b4-bf4b-665b4414e5a4" testName="01- agency-generictest (CommonAllApis-OrderedTest)" computerName="CLTBUILD23" startTime="2021-04-13T16:09:41.7913969-04:00" endTime="2021-04-13T16:09:41.7913969-04:00" testType="13cdc9d9-ddb5-4fa4-a97d-d965ccfc6d4b" outcome="Failed" testListId="8c84fa94-04c1-424b-9868-57a2d4851a1d" relativeResultsDirectory="c461cc70-1712-4a7a-a11f-bb3221caf68a" />
        <UnitTestResult executionId="e504296d-1d6c-4ee0-bfd2-5e3e7dd30cb8" parentExecutionId="c8803a03-a4a6-4e57-8f0f-0ed6b90c0554" testId="dc6be907-fd6a-444d-bf5d-ca8b969f62af" testName="02- agency_save_and_delete_validation-generictest (CommonAllApis-OrderedTest)" computerName="CLTBUILD23" startTime="2021-04-13T16:09:41.7913969-04:00" endTime="2021-04-13T16:09:41.7913969-04:00" testType="13cdc9d9-ddb5-4fa4-a97d-d965ccfc6d4b" outcome="Failed" testListId="8c84fa94-04c1-424b-9868-57a2d4851a1d" relativeResultsDirectory="e504296d-1d6c-4ee0-bfd2-5e3e7dd30cb8" />
        <UnitTestResult executionId="8fa37124-18fd-49f4-bd1b-b4217f1afc45" parentExecutionId="c8803a03-a4a6-4e57-8f0f-0ed6b90c0554" testId="5e707158-ba2b-4a2f-abb7-e563ecd00195" testName="03- agency_branch_delete_validation-generictest (CommonAllApis-OrderedTest)" computerName="CLTBUILD23" startTime="2021-04-13T16:09:41.8070395-04:00" endTime="2021-04-13T16:09:41.8070395-04:00" testType="13cdc9d9-ddb5-4fa4-a97d-d965ccfc6d4b" outcome="Failed" testListId="8c84fa94-04c1-424b-9868-57a2d4851a1d" relativeResultsDirectory="8fa37124-18fd-49f4-bd1b-b4217f1afc45" />
        <UnitTestResult executionId="4c85dce4-3da7-4dcb-bf39-6caaddc442b3" parentExecutionId="c8803a03-a4a6-4e57-8f0f-0ed6b90c0554" testId="b022af0e-45ed-4bf7-8b1f-cdd6ac566b95" testName="04- agencybranch-generictest (CommonAllApis-OrderedTest)" computerName="CLTBUILD23" startTime="2021-04-13T16:09:41.8070395-04:00" endTime="2021-04-13T16:09:41.8070395-04:00" testType="13cdc9d9-ddb5-4fa4-a97d-d965ccfc6d4b" outcome="Failed" testListId="8c84fa94-04c1-424b-9868-57a2d4851a1d" relativeResultsDirectory="4c85dce4-3da7-4dcb-bf39-6caaddc442b3" />
        <UnitTestResult executionId="865a8b36-cb05-4502-ac40-a3369e41da40" parentExecutionId="c8803a03-a4a6-4e57-8f0f-0ed6b90c0554" testId="991a2003-aeba-4783-9db2-8c5158837738" testName="05- agencybranchcontact-generictest (CommonAllApis-OrderedTest)" computerName="CLTBUILD23" startTime="2021-04-13T16:09:41.8070395-04:00" endTime="2021-04-13T16:09:41.8070395-04:00" testType="13cdc9d9-ddb5-4fa4-a97d-d965ccfc6d4b" outcome="Failed" testListId="8c84fa94-04c1-424b-9868-57a2d4851a1d" relativeResultsDirectory="865a8b36-cb05-4502-ac40-a3369e41da40" />
        <UnitTestResult executionId="d693aa36-6963-4882-947c-965a6bc0b983" parentExecutionId="c8803a03-a4a6-4e57-8f0f-0ed6b90c0554" testId="d5b7755b-c375-49ff-9dfa-9ac98a7a3514" testName="06- building_save_validation_dupecheck1-generictest (CommonAllApis-OrderedTest)" computerName="CLTBUILD23" startTime="2021-04-13T16:09:41.8070395-04:00" endTime="2021-04-13T16:09:41.8070395-04:00" testType="13cdc9d9-ddb5-4fa4-a97d-d965ccfc6d4b" outcome="Failed" testListId="8c84fa94-04c1-424b-9868-57a2d4851a1d" relativeResultsDirectory="d693aa36-6963-4882-947c-965a6bc0b983" />
        <UnitTestResult executionId="08dbc18e-e714-4e6b-a465-a41cbc6ea4f8" parentExecutionId="c8803a03-a4a6-4e57-8f0f-0ed6b90c0554" testId="78db93ea-de56-4dce-82ce-c501369e6dd5" testName="07- building_savenew_validation_dupecheck1-generictest (CommonAllApis-OrderedTest)" computerName="CLTBUILD23" startTime="2021-04-13T16:09:41.8070395-04:00" endTime="2021-04-13T16:09:41.8070395-04:00" testType="13cdc9d9-ddb5-4fa4-a97d-d965ccfc6d4b" outcome="Failed" testListId="8c84fa94-04c1-424b-9868-57a2d4851a1d" relativeResultsDirectory="08dbc18e-e714-4e6b-a465-a41cbc6ea4f8" />
        <UnitTestResult executionId="5c2ef3f4-5d8e-417e-8967-de6a6bb40895" parentExecutionId="c8803a03-a4a6-4e57-8f0f-0ed6b90c0554" testId="74ace49d-4e09-40b6-93f3-6783a4241141" testName="08- building1-generictest (CommonAllApis-OrderedTest)" computerName="CLTBUILD23" startTime="2021-04-13T16:09:41.8070395-04:00" endTime="2021-04-13T16:09:41.8070395-04:00" testType="13cdc9d9-ddb5-4fa4-a97d-d965ccfc6d4b" outcome="Failed" testListId="8c84fa94-04c1-424b-9868-57a2d4851a1d" relativeResultsDirectory="5c2ef3f4-5d8e-417e-8967-de6a6bb40895" />
        <UnitTestResult executionId="1300e908-0768-4bab-b9b8-a6e6e8174792" parentExecutionId="c8803a03-a4a6-4e57-8f0f-0ed6b90c0554" testId="46c0cce3-bf82-4e44-9f37-3b4780233b55" testName="09- campusadditionalsettings-generictest (CommonAllApis-OrderedTest)" computerName="CLTBUILD23" startTime="2021-04-13T16:09:41.8070395-04:00" endTime="2021-04-13T16:09:41.8070395-04:00" testType="13cdc9d9-ddb5-4fa4-a97d-d965ccfc6d4b" outcome="Failed" testListId="8c84fa94-04c1-424b-9868-57a2d4851a1d" relativeResultsDirectory="1300e908-0768-4bab-b9b8-a6e6e8174792" />
        <UnitTestResult executionId="de3287f3-40b5-4609-a359-177af2a179cb" parentExecutionId="c8803a03-a4a6-4e57-8f0f-0ed6b90c0554" testId="a251de96-b822-42e6-9753-05f3723da022" testName="10- campusecodes-generictest (CommonAllApis-OrderedTest)" computerName="CLTBUILD23" startTime="2021-04-13T16:09:41.8070395-04:00" endTime="2021-04-13T16:09:41.8070395-04:00" testType="13cdc9d9-ddb5-4fa4-a97d-d965ccfc6d4b" outcome="Failed" testListId="8c84fa94-04c1-424b-9868-57a2d4851a1d" relativeResultsDirectory="de3287f3-40b5-4609-a359-177af2a179cb" />
        <UnitTestResult executionId="637101cb-1026-4384-84ad-84f03b95083c" parentExecutionId="c8803a03-a4a6-4e57-8f0f-0ed6b90c0554" testId="60e7253d-ca41-463b-b9c9-1ecc6dff86aa" testName="11- campusesacademicrecordenrollment-generictest (CommonAllApis-OrderedTest)" computerName="CLTBUILD23" startTime="2021-04-13T16:09:41.8070395-04:00" endTime="2021-04-13T16:09:41.8070395-04:00" testType="13cdc9d9-ddb5-4fa4-a97d-d965ccfc6d4b" outcome="Failed" testListId="8c84fa94-04c1-424b-9868-57a2d4851a1d" relativeResultsDirectory="637101cb-1026-4384-84ad-84f03b95083c" />
        <UnitTestResult executionId="20ca56e6-7831-4a9d-be06-d3b54ff78334" parentExecutionId="c8803a03-a4a6-4e57-8f0f-0ed6b90c0554" testId="9b2a366d-4b24-43da-940c-b6aa2d4910bc" testName="12- campusesacademicrecordgradesregistration-generictest (CommonAllApis-OrderedTest)" computerName="CLTBUILD23" startTime="2021-04-13T16:09:41.8070395-04:00" endTime="2021-04-13T16:09:41.8070395-04:00" testType="13cdc9d9-ddb5-4fa4-a97d-d965ccfc6d4b" outcome="Failed" testListId="8c84fa94-04c1-424b-9868-57a2d4851a1d" relativeResultsDirectory="20ca56e6-7831-4a9d-be06-d3b54ff78334" />
        <UnitTestResult executionId="988f84b2-2819-4b12-a88a-81486e90b0cc" parentExecutionId="c8803a03-a4a6-4e57-8f0f-0ed6b90c0554" testId="43324639-762b-44ac-a2aa-161fa3a3d3eb" testName="13- duplicateleadconfiguration-generictest (CommonAllApis-OrderedTest)" computerName="CLTBUILD23" startTime="2021-04-13T16:09:41.8070395-04:00" endTime="2021-04-13T16:09:41.8070395-04:00" testType="13cdc9d9-ddb5-4fa4-a97d-d965ccfc6d4b" outcome="Failed" testListId="8c84fa94-04c1-424b-9868-57a2d4851a1d" relativeResultsDirectory="988f84b2-2819-4b12-a88a-81486e90b0cc" />
        <UnitTestResult executionId="a7239c96-734d-40cb-bb4a-8bcc1f5bcca9" parentExecutionId="c8803a03-a4a6-4e57-8f0f-0ed6b90c0554" testId="4fb01a2d-4b98-4040-8db0-51805ebf268c" testName="14- campusfafsaisir-generictest (CommonAllApis-OrderedTest)" computerName="CLTBUILD23" startTime="2021-04-13T16:09:41.8070395-04:00" endTime="2021-04-13T16:09:41.8070395-04:00" testType="13cdc9d9-ddb5-4fa4-a97d-d965ccfc6d4b" outcome="Failed" testListId="8c84fa94-04c1-424b-9868-57a2d4851a1d" relativeResultsDirectory="a7239c96-734d-40cb-bb4a-8bcc1f5bcca9" />
        <UnitTestResult executionId="d98b37a3-1c71-4166-9d50-a1f476eab784" parentExecutionId="c8803a03-a4a6-4e57-8f0f-0ed6b90c0554" testId="4713b86d-9c72-4685-9f18-a55246db10a7" testName="15- campusfinancialaidgeneral-generictest (CommonAllApis-OrderedTest)" computerName="CLTBUILD23" startTime="2021-04-13T16:09:41.8070395-04:00" endTime="2021-04-13T16:09:41.8070395-04:00" testType="13cdc9d9-ddb5-4fa4-a97d-d965ccfc6d4b" outcome="Failed" testListId="8c84fa94-04c1-424b-9868-57a2d4851a1d" relativeResultsDirectory="d98b37a3-1c71-4166-9d50-a1f476eab784" />
        <UnitTestResult executionId="6fa06e21-a185-45e7-80a8-841ceb29fea0" parentExecutionId="c8803a03-a4a6-4e57-8f0f-0ed6b90c0554" testId="bc05badd-a60d-476a-b452-43cc385785a7" testName="16- campuscodealreadyexists-generictest (CommonAllApis-OrderedTest)" computerName="CLTBUILD23" startTime="2021-04-13T16:09:41.8070395-04:00" endTime="2021-04-13T16:09:41.8070395-04:00" testType="13cdc9d9-ddb5-4fa4-a97d-d965ccfc6d4b" outcome="Failed" testListId="8c84fa94-04c1-424b-9868-57a2d4851a1d" relativeResultsDirectory="6fa06e21-a185-45e7-80a8-841ceb29fea0" />
        <UnitTestResult executionId="3328a702-7eba-40b0-bcae-cf0817c705a2" parentExecutionId="c8803a03-a4a6-4e57-8f0f-0ed6b90c0554" testId="8c25812d-610a-40a0-8f1a-4578591ea48e" testName="17- campusgeneral-generictest (CommonAllApis-OrderedTest)" computerName="CLTBUILD23" startTime="2021-04-13T16:09:41.8070395-04:00" endTime="2021-04-13T16:09:41.8070395-04:00" testType="13cdc9d9-ddb5-4fa4-a97d-d965ccfc6d4b" outcome="Failed" testListId="8c84fa94-04c1-424b-9868-57a2d4851a1d" relativeResultsDirectory="3328a702-7eba-40b0-bcae-cf0817c705a2" />
        <UnitTestResult executionId="7417dfa9-9f29-4d8b-a5fe-240f1efbc893" parentExecutionId="c8803a03-a4a6-4e57-8f0f-0ed6b90c0554" testId="68276702-1cbc-44a7-9a89-447daae2b738" testName="18- campusgroups-generictest (CommonAllApis-OrderedTest)" computerName="CLTBUILD23" startTime="2021-04-13T16:09:41.8070395-04:00" endTime="2021-04-13T16:09:41.8070395-04:00" testType="13cdc9d9-ddb5-4fa4-a97d-d965ccfc6d4b" outcome="Failed" testListId="8c84fa94-04c1-424b-9868-57a2d4851a1d" relativeResultsDirectory="7417dfa9-9f29-4d8b-a5fe-240f1efbc893" />
        <UnitTestResult executionId="e8bdfd84-27bb-4086-b510-5bd524aae1ae" parentExecutionId="c8803a03-a4a6-4e57-8f0f-0ed6b90c0554" testId="8cc75546-bcb7-4086-9229-4109e3642e1c" testName="19- campusinternational-generictest (CommonAllApis-OrderedTest)" computerName="CLTBUILD23" startTime="2021-04-13T16:09:41.8070395-04:00" endTime="2021-04-13T16:09:41.8070395-04:00" testType="13cdc9d9-ddb5-4fa4-a97d-d965ccfc6d4b" outcome="Failed" testListId="8c84fa94-04c1-424b-9868-57a2d4851a1d" relativeResultsDirectory="e8bdfd84-27bb-4086-b510-5bd524aae1ae" />
        <UnitTestResult executionId="c8799f59-8f71-4690-b886-dbb201b80102" parentExecutionId="c8803a03-a4a6-4e57-8f0f-0ed6b90c0554" testId="d566bf62-2ec0-4ab0-acd2-da7f9833859f" testName="20- campusnexusstudentsetting_delete-generictest (CommonAllApis-OrderedTest)" computerName="CLTBUILD23" startTime="2021-04-13T16:09:41.8070395-04:00" endTime="2021-04-13T16:09:41.8070395-04:00" testType="13cdc9d9-ddb5-4fa4-a97d-d965ccfc6d4b" outcome="Failed" testListId="8c84fa94-04c1-424b-9868-57a2d4851a1d" relativeResultsDirectory="c8799f59-8f71-4690-b886-dbb201b80102" />
        <UnitTestResult executionId="a0c5669d-8280-4299-be15-5d161b66dace" parentExecutionId="c8803a03-a4a6-4e57-8f0f-0ed6b90c0554" testId="bd6588dc-11f8-4d89-8b1b-dd4bd935ea7e" testName="21- campusnexusstudentsettings-generictest (CommonAllApis-OrderedTest)" computerName="CLTBUILD23" startTime="2021-04-13T16:09:41.8070395-04:00" endTime="2021-04-13T16:09:41.8070395-04:00" testType="13cdc9d9-ddb5-4fa4-a97d-d965ccfc6d4b" outcome="Failed" testListId="8c84fa94-04c1-424b-9868-57a2d4851a1d" relativeResultsDirectory="a0c5669d-8280-4299-be15-5d161b66dace" />
        <UnitTestResult executionId="02286e13-b9ca-4e66-9fd5-e43607963c53" parentExecutionId="c8803a03-a4a6-4e57-8f0f-0ed6b90c0554" testId="3871fe0d-3508-4736-b2b5-22f60f4d9db5" testName="22- savecampusnexusstudentsettings_multiplevalues-generictest (CommonAllApis-OrderedTest)" computerName="CLTBUILD23" startTime="2021-04-13T16:09:41.8070395-04:00" endTime="2021-04-13T16:09:41.8070395-04:00" testType="13cdc9d9-ddb5-4fa4-a97d-d965ccfc6d4b" outcome="Failed" testListId="8c84fa94-04c1-424b-9868-57a2d4851a1d" relativeResultsDirectory="02286e13-b9ca-4e66-9fd5-e43607963c53" />
        <UnitTestResult executionId="9fc518c4-dcfe-4ee2-a272-225c0fa3d575" parentExecutionId="c8803a03-a4a6-4e57-8f0f-0ed6b90c0554" testId="9a8dadbb-c9d9-4b96-b33d-9a911a281531" testName="23- employergroup_crud-generictest (CommonAllApis-OrderedTest)" computerName="CLTBUILD23" startTime="2021-04-13T16:09:41.8070395-04:00" endTime="2021-04-13T16:09:41.8070395-04:00" testType="13cdc9d9-ddb5-4fa4-a97d-d965ccfc6d4b" outcome="Failed" testListId="8c84fa94-04c1-424b-9868-57a2d4851a1d" relativeResultsDirectory="9fc518c4-dcfe-4ee2-a272-225c0fa3d575" />
        <UnitTestResult executionId="cb69d80c-2bdc-4b82-bdde-26069cfbb671" parentExecutionId="c8803a03-a4a6-4e57-8f0f-0ed6b90c0554" testId="4c826a47-5c29-42be-a1f9-3d97a36efb36" testName="24- employergroup_validations-generictest (CommonAllApis-OrderedTest)" computerName="CLTBUILD23" startTime="2021-04-13T16:09:41.8070395-04:00" endTime="2021-04-13T16:09:41.8070395-04:00" testType="13cdc9d9-ddb5-4fa4-a97d-d965ccfc6d4b" outcome="Failed" testListId="8c84fa94-04c1-424b-9868-57a2d4851a1d" relativeResultsDirectory="cb69d80c-2bdc-4b82-bdde-26069cfbb671" />
        <UnitTestResult executionId="65204145-807e-429c-b873-38c032ed9c15" parentExecutionId="c8803a03-a4a6-4e57-8f0f-0ed6b90c0554" testId="56385dcd-c5e0-4906-8e47-ea9baef12d19" testName="25- employergroupmember_validations-generictest (CommonAllApis-OrderedTest)" computerName="CLTBUILD23" startTime="2021-04-13T16:09:41.8070395-04:00" endTime="2021-04-13T16:09:41.8070395-04:00" testType="13cdc9d9-ddb5-4fa4-a97d-d965ccfc6d4b" outcome="Failed" testListId="8c84fa94-04c1-424b-9868-57a2d4851a1d" relativeResultsDirectory="65204145-807e-429c-b873-38c032ed9c15" />
        <UnitTestResult executionId="8dec0c99-353f-460f-8915-c2425d694da8" parentExecutionId="c8803a03-a4a6-4e57-8f0f-0ed6b90c0554" testId="242fe6f8-b5b4-4bcf-bf3d-76bf2d8ba241" testName="26- enrollment-generictest (CommonAllApis-OrderedTest)" computerName="CLTBUILD23" startTime="2021-04-13T16:09:41.8070395-04:00" endTime="2021-04-13T16:09:41.8070395-04:00" testType="13cdc9d9-ddb5-4fa4-a97d-d965ccfc6d4b" outcome="Failed" testListId="8c84fa94-04c1-424b-9868-57a2d4851a1d" relativeResultsDirectory="8dec0c99-353f-460f-8915-c2425d694da8" />
        <UnitTestResult executionId="46acb5ff-d2be-48cb-8d1b-42350f55815d" parentExecutionId="c8803a03-a4a6-4e57-8f0f-0ed6b90c0554" testId="011c2ea3-afd7-4712-9c78-f1adf6f82a08" testName="27- financialaidservicerconfiguration-generictest (CommonAllApis-OrderedTest)" computerName="CLTBUILD23" startTime="2021-04-13T16:09:41.8226446-04:00" endTime="2021-04-13T16:09:41.8226446-04:00" testType="13cdc9d9-ddb5-4fa4-a97d-d965ccfc6d4b" outcome="Failed" testListId="8c84fa94-04c1-424b-9868-57a2d4851a1d" relativeResultsDirectory="46acb5ff-d2be-48cb-8d1b-42350f55815d" />
        <UnitTestResult executionId="c995ab26-908e-4ca1-b580-06c7e475cb2e" parentExecutionId="c8803a03-a4a6-4e57-8f0f-0ed6b90c0554" testId="835f5d74-555a-4b70-b3cb-981ee9c51e3a" testName="28- generalsetup-generictest (CommonAllApis-OrderedTest)" computerName="CLTBUILD23" startTime="2021-04-13T16:09:41.8226446-04:00" endTime="2021-04-13T16:09:41.8226446-04:00" testType="13cdc9d9-ddb5-4fa4-a97d-d965ccfc6d4b" outcome="Failed" testListId="8c84fa94-04c1-424b-9868-57a2d4851a1d" relativeResultsDirectory="c995ab26-908e-4ca1-b580-06c7e475cb2e" />
        <UnitTestResult executionId="7cac7be6-6ccd-4845-bafa-dcf365897870" parentExecutionId="c8803a03-a4a6-4e57-8f0f-0ed6b90c0554" testId="98e4edbf-99ab-415f-be3e-f0bd480f56ac" testName="29- holdcodes-generictest (CommonAllApis-OrderedTest)" computerName="CLTBUILD23" startTime="2021-04-13T16:09:41.8226446-04:00" endTime="2021-04-13T16:09:41.8226446-04:00" testType="13cdc9d9-ddb5-4fa4-a97d-d965ccfc6d4b" outcome="Failed" testListId="8c84fa94-04c1-424b-9868-57a2d4851a1d" relativeResultsDirectory="7cac7be6-6ccd-4845-bafa-dcf365897870" />
        <UnitTestResult executionId="cd4d0e88-1352-46f6-b468-9405f7b33ec3" parentExecutionId="c8803a03-a4a6-4e57-8f0f-0ed6b90c0554" testId="34f850ab-5a81-4b4b-856a-d7d471e24ec4" testName="30- savehousingdeposit-generictest (CommonAllApis-OrderedTest)" computerName="CLTBUILD23" startTime="2021-04-13T16:09:41.8226446-04:00" endTime="2021-04-13T16:09:41.8226446-04:00" testType="13cdc9d9-ddb5-4fa4-a97d-d965ccfc6d4b" outcome="Failed" testListId="8c84fa94-04c1-424b-9868-57a2d4851a1d" relativeResultsDirectory="cd4d0e88-1352-46f6-b468-9405f7b33ec3" />
        <UnitTestResult executionId="23c9dc7a-b222-4211-9aed-cbf18117e346" parentExecutionId="c8803a03-a4a6-4e57-8f0f-0ed6b90c0554" testId="b3f318f1-73fd-46a8-9c1e-3d14e775df5b" testName="31- industry-generictest (CommonAllApis-OrderedTest)" computerName="CLTBUILD23" startTime="2021-04-13T16:09:41.8226446-04:00" endTime="2021-04-13T16:09:41.8226446-04:00" testType="13cdc9d9-ddb5-4fa4-a97d-d965ccfc6d4b" outcome="Failed" testListId="8c84fa94-04c1-424b-9868-57a2d4851a1d" relativeResultsDirectory="23c9dc7a-b222-4211-9aed-cbf18117e346" />
        <UnitTestResult executionId="fde1cd94-1f48-4e97-b61a-def9c1aae303" parentExecutionId="c8803a03-a4a6-4e57-8f0f-0ed6b90c0554" testId="8c95d41b-bddd-4e98-a9d3-286550af6854" testName="32- industrycodecheckonsave-generictest (CommonAllApis-OrderedTest)" computerName="CLTBUILD23" startTime="2021-04-13T16:09:41.8226446-04:00" endTime="2021-04-13T16:09:41.8226446-04:00" testType="13cdc9d9-ddb5-4fa4-a97d-d965ccfc6d4b" outcome="Failed" testListId="8c84fa94-04c1-424b-9868-57a2d4851a1d" relativeResultsDirectory="fde1cd94-1f48-4e97-b61a-def9c1aae303" />
        <UnitTestResult executionId="68fb7669-0ac2-4575-b1df-544e15a5f66a" parentExecutionId="c8803a03-a4a6-4e57-8f0f-0ed6b90c0554" testId="2c175dd7-b426-46fc-a5eb-91e21f7504da" testName="33- industrycodecheckonsavenew-generictest (CommonAllApis-OrderedTest)" computerName="CLTBUILD23" startTime="2021-04-13T16:09:41.8226446-04:00" endTime="2021-04-13T16:09:41.8226446-04:00" testType="13cdc9d9-ddb5-4fa4-a97d-d965ccfc6d4b" outcome="Failed" testListId="8c84fa94-04c1-424b-9868-57a2d4851a1d" relativeResultsDirectory="68fb7669-0ac2-4575-b1df-544e15a5f66a" />
        <UnitTestResult executionId="25b03f91-4302-44cf-a9ff-18df2b5c5bbd" parentExecutionId="c8803a03-a4a6-4e57-8f0f-0ed6b90c0554" testId="b6960fad-4942-4920-8960-cd0c51405dc0" testName="34- industryvalidatedelete-generictest (CommonAllApis-OrderedTest)" computerName="CLTBUILD23" startTime="2021-04-13T16:09:41.8226446-04:00" endTime="2021-04-13T16:09:41.8226446-04:00" testType="13cdc9d9-ddb5-4fa4-a97d-d965ccfc6d4b" outcome="Failed" testListId="8c84fa94-04c1-424b-9868-57a2d4851a1d" relativeResultsDirectory="25b03f91-4302-44cf-a9ff-18df2b5c5bbd" />
        <UnitTestResult executionId="b4309a42-3846-46ed-b03a-9987a452b259" parentExecutionId="c8803a03-a4a6-4e57-8f0f-0ed6b90c0554" testId="6b401679-f46a-4605-835b-f504016e8a79" testName="35- ldaattendance-generictest (CommonAllApis-OrderedTest)" computerName="CLTBUILD23" startTime="2021-04-13T16:09:41.8226446-04:00" endTime="2021-04-13T16:09:41.8226446-04:00" testType="13cdc9d9-ddb5-4fa4-a97d-d965ccfc6d4b" outcome="Failed" testListId="8c84fa94-04c1-424b-9868-57a2d4851a1d" relativeResultsDirectory="b4309a42-3846-46ed-b03a-9987a452b259" />
        <UnitTestResult executionId="8ba4e65c-3c82-48d9-a0db-de735718ac83" parentExecutionId="c8803a03-a4a6-4e57-8f0f-0ed6b90c0554" testId="faf01475-c00f-4eee-99fd-1df36ed07c8f" testName="36- organizationcontacttype-generictest (CommonAllApis-OrderedTest)" computerName="CLTBUILD23" startTime="2021-04-13T16:09:41.8226446-04:00" endTime="2021-04-13T16:09:41.8226446-04:00" testType="13cdc9d9-ddb5-4fa4-a97d-d965ccfc6d4b" outcome="Failed" testListId="8c84fa94-04c1-424b-9868-57a2d4851a1d" relativeResultsDirectory="8ba4e65c-3c82-48d9-a0db-de735718ac83" />
        <UnitTestResult executionId="a746cab9-dadc-44d9-853f-2c586084c32f" parentExecutionId="c8803a03-a4a6-4e57-8f0f-0ed6b90c0554" testId="5d919470-52e5-4a2d-8e78-c8244b5c85f9" testName="37- organizationcontacttype_crud-generictest (CommonAllApis-OrderedTest)" computerName="CLTBUILD23" startTime="2021-04-13T16:09:41.8226446-04:00" endTime="2021-04-13T16:09:41.8226446-04:00" testType="13cdc9d9-ddb5-4fa4-a97d-d965ccfc6d4b" outcome="Failed" testListId="8c84fa94-04c1-424b-9868-57a2d4851a1d" relativeResultsDirectory="a746cab9-dadc-44d9-853f-2c586084c32f" />
        <UnitTestResult executionId="cb42e7e4-28a6-49e0-b143-ea55bcb24762" parentExecutionId="c8803a03-a4a6-4e57-8f0f-0ed6b90c0554" testId="ae40877d-7d45-40f5-9f1b-50ae9038f506" testName="38- roomresource-generictest (CommonAllApis-OrderedTest)" computerName="CLTBUILD23" startTime="2021-04-13T16:09:41.8226446-04:00" endTime="2021-04-13T16:09:41.8226446-04:00" testType="13cdc9d9-ddb5-4fa4-a97d-d965ccfc6d4b" outcome="Failed" testListId="8c84fa94-04c1-424b-9868-57a2d4851a1d" relativeResultsDirectory="cb42e7e4-28a6-49e0-b143-ea55bcb24762" />
        <UnitTestResult executionId="cdb7a231-7bf1-4075-90c3-9b9205bca8e6" parentExecutionId="c8803a03-a4a6-4e57-8f0f-0ed6b90c0554" testId="a243acfc-4f2b-44da-b48d-4a7931f65822" testName="39- rooms_save_validation_dupecheck1-generictest (CommonAllApis-OrderedTest)" computerName="CLTBUILD23" startTime="2021-04-13T16:09:41.8226446-04:00" endTime="2021-04-13T16:09:41.8226446-04:00" testType="13cdc9d9-ddb5-4fa4-a97d-d965ccfc6d4b" outcome="Failed" testListId="8c84fa94-04c1-424b-9868-57a2d4851a1d" relativeResultsDirectory="cdb7a231-7bf1-4075-90c3-9b9205bca8e6" />
        <UnitTestResult executionId="a7e99c7c-987f-42bc-bed0-d889521b77e7" parentExecutionId="c8803a03-a4a6-4e57-8f0f-0ed6b90c0554" testId="48bbb256-7a2b-4351-b6ed-b013fa9be3d7" testName="40- rooms_savenew_validation_dupecheck1-generictest (CommonAllApis-OrderedTest)" computerName="CLTBUILD23" startTime="2021-04-13T16:09:41.8226446-04:00" endTime="2021-04-13T16:09:41.8226446-04:00" testType="13cdc9d9-ddb5-4fa4-a97d-d965ccfc6d4b" outcome="Failed" testListId="8c84fa94-04c1-424b-9868-57a2d4851a1d" relativeResultsDirectory="a7e99c7c-987f-42bc-bed0-d889521b77e7" />
        <UnitTestResult executionId="4c90fc80-be73-4c0f-95f4-f7af4ff22181" parentExecutionId="c8803a03-a4a6-4e57-8f0f-0ed6b90c0554" testId="e45a768e-bd1d-44db-800c-bacd60c6c0be" testName="41- rooms1-generictest (CommonAllApis-OrderedTest)" computerName="CLTBUILD23" startTime="2021-04-13T16:09:41.8226446-04:00" endTime="2021-04-13T16:09:41.8226446-04:00" testType="13cdc9d9-ddb5-4fa4-a97d-d965ccfc6d4b" outcome="Failed" testListId="8c84fa94-04c1-424b-9868-57a2d4851a1d" relativeResultsDirectory="4c90fc80-be73-4c0f-95f4-f7af4ff22181" />
        <UnitTestResult executionId="4fb3f687-6109-4fb0-9619-94f59f683951" parentExecutionId="c8803a03-a4a6-4e57-8f0f-0ed6b90c0554" testId="82c01489-9529-4e84-a33d-a92cf34b912b" testName="42- schoolstatus-generictest (CommonAllApis-OrderedTest)" computerName="CLTBUILD23" startTime="2021-04-13T16:09:41.8226446-04:00" endTime="2021-04-13T16:09:41.8226446-04:00" testType="13cdc9d9-ddb5-4fa4-a97d-d965ccfc6d4b" outcome="Failed" testListId="8c84fa94-04c1-424b-9868-57a2d4851a1d" relativeResultsDirectory="4fb3f687-6109-4fb0-9619-94f59f683951" />
        <UnitTestResult executionId="0df4ddf4-235b-4e5c-a352-e0932ae35bc0" parentExecutionId="c8803a03-a4a6-4e57-8f0f-0ed6b90c0554" testId="e496eb08-39ad-43af-b3ce-c225317b7f03" testName="43- staff-generictest (CommonAllApis-OrderedTest)" computerName="CLTBUILD23" startTime="2021-04-13T16:09:41.8226446-04:00" endTime="2021-04-13T16:09:41.8226446-04:00" testType="13cdc9d9-ddb5-4fa4-a97d-d965ccfc6d4b" outcome="Failed" testListId="8c84fa94-04c1-424b-9868-57a2d4851a1d" relativeResultsDirectory="0df4ddf4-235b-4e5c-a352-e0932ae35bc0" />
      </InnerResults>
    </TestResultAggregation>
    <TestResultAggregation executionId="885f4b1f-aa10-4de9-8c81-ba981614ddbe" testId="b8960b60-a145-4098-b8bd-dad2a4992d60" testName="OTUpdatingStudentRegistrationsetting" computerName="CLTBUILD23" startTime="2021-04-13T16:09:41.6351586-04:00" endTime="2021-04-13T16:09:41.6351586-04:00" testType="ec4800e8-40e5-4ab3-8510-b8bf29b1904d" outcome="Failed" testListId="8c84fa94-04c1-424b-9868-57a2d4851a1d" relativeResultsDirectory="885f4b1f-aa10-4de9-8c81-ba981614ddbe">
      <InnerResults>
        <UnitTestResult executionId="a03487f9-77d7-49d4-a69f-8119d20035b6" parentExecutionId="885f4b1f-aa10-4de9-8c81-ba981614ddbe" testId="d44a9155-c153-47c8-8c58-249f59b365ec" testName="1- updatingstudentregistrationsetting-generictest (OTUpdatingStudentRegistrationsetting)" computerName="CLTBUILD23" startTime="2021-04-13T16:09:41.6351586-04:00" endTime="2021-04-13T16:09:41.6351586-04:00" testType="13cdc9d9-ddb5-4fa4-a97d-d965ccfc6d4b" outcome="Failed" testListId="8c84fa94-04c1-424b-9868-57a2d4851a1d" relativeResultsDirectory="a03487f9-77d7-49d4-a69f-8119d20035b6" />
        <UnitTestResult executionId="d78575d1-5fe6-41e7-9427-dcdccb0ca275" parentExecutionId="885f4b1f-aa10-4de9-8c81-ba981614ddbe" testId="5636c408-fcdd-4012-886c-e164379dc32f" testName="2- createnewclassscheduleforupdatedsetting-generictest (OTUpdatingStudentRegistrationsetting)" computerName="CLTBUILD23" startTime="2021-04-13T16:09:41.6507843-04:00" endTime="2021-04-13T16:09:41.6507843-04:00" testType="13cdc9d9-ddb5-4fa4-a97d-d965ccfc6d4b" outcome="Failed" testListId="8c84fa94-04c1-424b-9868-57a2d4851a1d" relativeResultsDirectory="d78575d1-5fe6-41e7-9427-dcdccb0ca275" />
      </InnerResults>
    </TestResultAggregation>
    <TestResultAggregation executionId="0b866407-4328-4ae4-8a7a-3bd9c5830b9d" testId="f66834d7-c95c-4f2c-9d98-b772554dec73" testName="OTVerifyWhetherActualCourseOnWaitlistWhenRegisteredInCrossRefClassSection" computerName="CLTBUILD23" startTime="2021-04-13T16:09:41.6507843-04:00" endTime="2021-04-13T16:09:41.6507843-04:00" testType="ec4800e8-40e5-4ab3-8510-b8bf29b1904d" outcome="Failed" testListId="8c84fa94-04c1-424b-9868-57a2d4851a1d" relativeResultsDirectory="0b866407-4328-4ae4-8a7a-3bd9c5830b9d">
      <InnerResults>
        <UnitTestResult executionId="02575331-5094-4c2e-8e2d-ba3cbcea0dca" parentExecutionId="0b866407-4328-4ae4-8a7a-3bd9c5830b9d" testId="a07a12d3-5e7e-49e3-a66b-b7459fe9f525" testName="1- crossreferencecourseandcoursescheduledetailscourse3-generictest (OTVerifyWhetherActualCourseOnWaitlistWhenRegisteredInCrossRefClassSection)" computerName="CLTBUILD23" startTime="2021-04-13T16:09:41.6976492-04:00" endTime="2021-04-13T16:09:41.6976492-04:00" testType="13cdc9d9-ddb5-4fa4-a97d-d965ccfc6d4b" outcome="Failed" testListId="8c84fa94-04c1-424b-9868-57a2d4851a1d" relativeResultsDirectory="02575331-5094-4c2e-8e2d-ba3cbcea0dca" />
        <UnitTestResult executionId="86d4bc22-27d9-498b-8d5a-8baa5b65b933" parentExecutionId="0b866407-4328-4ae4-8a7a-3bd9c5830b9d" testId="09be2742-7e2c-493d-bcc2-43b84692ddf0" testName="2- crossreferencecourseandcoursescheduledetailscourse4-generictest (OTVerifyWhetherActualCourseOnWaitlistWhenRegisteredInCrossRefClassSection)" computerName="CLTBUILD23" startTime="2021-04-13T16:09:41.6976492-04:00" endTime="2021-04-13T16:09:41.6976492-04:00" testType="13cdc9d9-ddb5-4fa4-a97d-d965ccfc6d4b" outcome="Failed" testListId="8c84fa94-04c1-424b-9868-57a2d4851a1d" relativeResultsDirectory="86d4bc22-27d9-498b-8d5a-8baa5b65b933" />
        <UnitTestResult executionId="cc903977-290a-4788-9a71-0040fa195f47" parentExecutionId="0b866407-4328-4ae4-8a7a-3bd9c5830b9d" testId="c4925ed9-8fdc-4ed8-8bd6-cababb3e135e" testName="3- add course to student(student1course4)-generictest (OTVerifyWhetherActualCourseOnWaitlistWhenRegisteredInCrossRefClassSection)" computerName="CLTBUILD23" startTime="2021-04-13T16:09:41.6976492-04:00" endTime="2021-04-13T16:09:41.6976492-04:00" testType="13cdc9d9-ddb5-4fa4-a97d-d965ccfc6d4b" outcome="Failed" testListId="8c84fa94-04c1-424b-9868-57a2d4851a1d" relativeResultsDirectory="cc903977-290a-4788-9a71-0040fa195f47" />
        <UnitTestResult executionId="c92cab02-4963-4f65-ac31-0a6d75b004a9" parentExecutionId="0b866407-4328-4ae4-8a7a-3bd9c5830b9d" testId="b05d4c38-4cf4-4236-b8a4-213450466b37" testName="4- register course to student(student1course4)-generictest (OTVerifyWhetherActualCourseOnWaitlistWhenRegisteredInCrossRefClassSection)" computerName="CLTBUILD23" startTime="2021-04-13T16:09:41.6976492-04:00" endTime="2021-04-13T16:09:41.6976492-04:00" testType="13cdc9d9-ddb5-4fa4-a97d-d965ccfc6d4b" outcome="Failed" testListId="8c84fa94-04c1-424b-9868-57a2d4851a1d" relativeResultsDirectory="c92cab02-4963-4f65-ac31-0a6d75b004a9" />
        <UnitTestResult executionId="d0083f30-6c42-40fc-b6e0-ce49c3eb0fdd" parentExecutionId="0b866407-4328-4ae4-8a7a-3bd9c5830b9d" testId="90180760-e0a2-48ef-a27d-55b62573c3e9" testName="5- add course to student(student2course3)-generictest (OTVerifyWhetherActualCourseOnWaitlistWhenRegisteredInCrossRefClassSection)" computerName="CLTBUILD23" startTime="2021-04-13T16:09:41.6976492-04:00" endTime="2021-04-13T16:09:41.6976492-04:00" testType="13cdc9d9-ddb5-4fa4-a97d-d965ccfc6d4b" outcome="Failed" testListId="8c84fa94-04c1-424b-9868-57a2d4851a1d" relativeResultsDirectory="d0083f30-6c42-40fc-b6e0-ce49c3eb0fdd" />
        <UnitTestResult executionId="969c8be4-ccf5-4462-ab20-312e0bbb81ab" parentExecutionId="0b866407-4328-4ae4-8a7a-3bd9c5830b9d" testId="6e16461a-950a-4720-8f34-8cfecb9a4a6a" testName="6- add course to student(student2course4)-generictest (OTVerifyWhetherActualCourseOnWaitlistWhenRegisteredInCrossRefClassSection)" computerName="CLTBUILD23" startTime="2021-04-13T16:09:41.6976492-04:00" endTime="2021-04-13T16:09:41.6976492-04:00" testType="13cdc9d9-ddb5-4fa4-a97d-d965ccfc6d4b" outcome="Failed" testListId="8c84fa94-04c1-424b-9868-57a2d4851a1d" relativeResultsDirectory="969c8be4-ccf5-4462-ab20-312e0bbb81ab" />
        <UnitTestResult executionId="2545678d-74a3-4202-8168-c027436663d2" parentExecutionId="0b866407-4328-4ae4-8a7a-3bd9c5830b9d" testId="94f42d72-b521-4aed-bdfb-aa6bc9cd0741" testName="7- register course to student(student2course3)-generictest (OTVerifyWhetherActualCourseOnWaitlistWhenRegisteredInCrossRefClassSection)" computerName="CLTBUILD23" startTime="2021-04-13T16:09:41.6976492-04:00" endTime="2021-04-13T16:09:41.6976492-04:00" testType="13cdc9d9-ddb5-4fa4-a97d-d965ccfc6d4b" outcome="Failed" testListId="8c84fa94-04c1-424b-9868-57a2d4851a1d" relativeResultsDirectory="2545678d-74a3-4202-8168-c027436663d2" />
      </InnerResults>
    </TestResultAggregation>
    <TestResultAggregation executionId="8d25963c-9e1a-4fad-96d3-9915c9d8660b" testId="31d2723c-b3d9-4fff-9f77-e20b9beae0f9" testName="StudentAccounts-OrderedTest" computerName="CLTBUILD23" startTime="2021-04-13T16:09:41.7132713-04:00" endTime="2021-04-13T16:09:41.7132713-04:00" testType="ec4800e8-40e5-4ab3-8510-b8bf29b1904d" outcome="Failed" testListId="8c84fa94-04c1-424b-9868-57a2d4851a1d" relativeResultsDirectory="8d25963c-9e1a-4fad-96d3-9915c9d8660b">
      <InnerResults>
        <UnitTestResult executionId="5c6f2178-5643-4632-8de7-a0075280847b" parentExecutionId="8d25963c-9e1a-4fad-96d3-9915c9d8660b" testId="4107d142-2edc-4e6c-b9c4-6bc1fde11230" testName="01- accountstatus-generictest (StudentAccounts-OrderedTest)" computerName="CLTBUILD23" startTime="2021-04-13T16:09:41.8695002-04:00" endTime="2021-04-13T16:09:41.8695002-04:00" testType="13cdc9d9-ddb5-4fa4-a97d-d965ccfc6d4b" outcome="Failed" testListId="8c84fa94-04c1-424b-9868-57a2d4851a1d" relativeResultsDirectory="5c6f2178-5643-4632-8de7-a0075280847b" />
        <UnitTestResult executionId="82b142fe-f8e9-443f-9c77-519c3b3e9590" parentExecutionId="8d25963c-9e1a-4fad-96d3-9915c9d8660b" testId="ac373464-f2e3-4bdb-9631-754852db711e" testName="02- achbatchfilenotificiationchangecode-generictest (StudentAccounts-OrderedTest)" computerName="CLTBUILD23" startTime="2021-04-13T16:09:41.8695002-04:00" endTime="2021-04-13T16:09:41.8695002-04:00" testType="13cdc9d9-ddb5-4fa4-a97d-d965ccfc6d4b" outcome="Failed" testListId="8c84fa94-04c1-424b-9868-57a2d4851a1d" relativeResultsDirectory="82b142fe-f8e9-443f-9c77-519c3b3e9590" />
        <UnitTestResult executionId="deced993-2007-430a-ac25-bfd6432123aa" parentExecutionId="8d25963c-9e1a-4fad-96d3-9915c9d8660b" testId="378893ca-cfb6-404f-a928-d29c13c3c2ce" testName="03- billingtransactioncode-generictest (StudentAccounts-OrderedTest)" computerName="CLTBUILD23" startTime="2021-04-13T16:09:41.8695002-04:00" endTime="2021-04-13T16:09:41.8695002-04:00" testType="13cdc9d9-ddb5-4fa4-a97d-d965ccfc6d4b" outcome="Failed" testListId="8c84fa94-04c1-424b-9868-57a2d4851a1d" relativeResultsDirectory="deced993-2007-430a-ac25-bfd6432123aa" />
        <UnitTestResult executionId="c35569f0-772d-4d4d-a619-db4c76075c38" parentExecutionId="8d25963c-9e1a-4fad-96d3-9915c9d8660b" testId="75f9fa4c-19e7-403f-8d75-abcbe7ad4244" testName="04- cashdrawer-generictest (StudentAccounts-OrderedTest)" computerName="CLTBUILD23" startTime="2021-04-13T16:09:41.8695002-04:00" endTime="2021-04-13T16:09:41.8695002-04:00" testType="13cdc9d9-ddb5-4fa4-a97d-d965ccfc6d4b" outcome="Failed" testListId="8c84fa94-04c1-424b-9868-57a2d4851a1d" relativeResultsDirectory="c35569f0-772d-4d4d-a619-db4c76075c38" />
        <UnitTestResult executionId="d6b5ac5b-7c3e-4aa9-b521-f8fc6b3f7290" parentExecutionId="8d25963c-9e1a-4fad-96d3-9915c9d8660b" testId="0d2bd962-bd07-4871-a71b-0866d86657c2" testName="05- codfunddrawdownreturnsource-generictest (StudentAccounts-OrderedTest)" computerName="CLTBUILD23" startTime="2021-04-13T16:09:41.8695002-04:00" endTime="2021-04-13T16:09:41.8695002-04:00" testType="13cdc9d9-ddb5-4fa4-a97d-d965ccfc6d4b" outcome="Failed" testListId="8c84fa94-04c1-424b-9868-57a2d4851a1d" relativeResultsDirectory="d6b5ac5b-7c3e-4aa9-b521-f8fc6b3f7290" />
        <UnitTestResult executionId="d54ff314-5d1d-4592-a459-321b8ee74355" parentExecutionId="8d25963c-9e1a-4fad-96d3-9915c9d8660b" testId="7b812793-e283-4d3d-ae0d-7b1e27caec91" testName="06- termgroup-generictest (StudentAccounts-OrderedTest)" computerName="CLTBUILD23" startTime="2021-04-13T16:09:41.8695002-04:00" endTime="2021-04-13T16:09:41.8695002-04:00" testType="13cdc9d9-ddb5-4fa4-a97d-d965ccfc6d4b" outcome="Failed" testListId="8c84fa94-04c1-424b-9868-57a2d4851a1d" relativeResultsDirectory="d54ff314-5d1d-4592-a459-321b8ee74355" />
        <UnitTestResult executionId="5e9a16ad-02ce-4889-b2c7-f4ff4868deb6" parentExecutionId="8d25963c-9e1a-4fad-96d3-9915c9d8660b" testId="dfc38cdb-ba52-4025-88b3-757a9d4fbe66" testName="07- tuitiondiscountpolicy-generictest (StudentAccounts-OrderedTest)" computerName="CLTBUILD23" startTime="2021-04-13T16:09:41.8695002-04:00" endTime="2021-04-13T16:09:41.8695002-04:00" testType="13cdc9d9-ddb5-4fa4-a97d-d965ccfc6d4b" outcome="Failed" testListId="8c84fa94-04c1-424b-9868-57a2d4851a1d" relativeResultsDirectory="5e9a16ad-02ce-4889-b2c7-f4ff4868deb6" />
        <UnitTestResult executionId="bfda74d8-6410-4609-9e8c-5054c233efef" parentExecutionId="8d25963c-9e1a-4fad-96d3-9915c9d8660b" testId="4b1683f2-c0cd-44e3-84e1-0a6f84aefea3" testName="08- paymentprocessor-generictest (StudentAccounts-OrderedTest)" computerName="CLTBUILD23" startTime="2021-04-13T16:09:41.8695002-04:00" endTime="2021-04-13T16:09:41.8695002-04:00" testType="13cdc9d9-ddb5-4fa4-a97d-d965ccfc6d4b" outcome="Failed" testListId="8c84fa94-04c1-424b-9868-57a2d4851a1d" relativeResultsDirectory="bfda74d8-6410-4609-9e8c-5054c233efef" />
        <UnitTestResult executionId="42462cf2-1977-4a71-ac1f-a9a872cec885" parentExecutionId="8d25963c-9e1a-4fad-96d3-9915c9d8660b" testId="bc85f5e8-bf41-4d4a-9dc2-61f12b7198c9" testName="09- creditcardbatchresponsecodedetail-generictest (StudentAccounts-OrderedTest)" computerName="CLTBUILD23" startTime="2021-04-13T16:09:41.8695002-04:00" endTime="2021-04-13T16:09:41.8695002-04:00" testType="13cdc9d9-ddb5-4fa4-a97d-d965ccfc6d4b" outcome="Failed" testListId="8c84fa94-04c1-424b-9868-57a2d4851a1d" relativeResultsDirectory="42462cf2-1977-4a71-ac1f-a9a872cec885" />
        <UnitTestResult executionId="76fe278f-9f21-4843-9f47-eb76ce9e7659" parentExecutionId="8d25963c-9e1a-4fad-96d3-9915c9d8660b" testId="82bd3ed2-58ff-47e1-8e29-0df7846d3ea5" testName="10- creditcardbatchresponsecode-generictest (StudentAccounts-OrderedTest)" computerName="CLTBUILD23" startTime="2021-04-13T16:09:41.8695002-04:00" endTime="2021-04-13T16:09:41.8695002-04:00" testType="13cdc9d9-ddb5-4fa4-a97d-d965ccfc6d4b" outcome="Failed" testListId="8c84fa94-04c1-424b-9868-57a2d4851a1d" relativeResultsDirectory="76fe278f-9f21-4843-9f47-eb76ce9e7659" />
        <UnitTestResult executionId="b1199268-eb3d-4a1e-aeab-88cd5bdbc14e" parentExecutionId="8d25963c-9e1a-4fad-96d3-9915c9d8660b" testId="0b62e3ae-be13-4a90-a50e-18d56c2e2441" testName="11- courserefundpolicy-generictest (StudentAccounts-OrderedTest)" computerName="CLTBUILD23" startTime="2021-04-13T16:09:41.8695002-04:00" endTime="2021-04-13T16:09:41.8695002-04:00" testType="13cdc9d9-ddb5-4fa4-a97d-d965ccfc6d4b" outcome="Failed" testListId="8c84fa94-04c1-424b-9868-57a2d4851a1d" relativeResultsDirectory="b1199268-eb3d-4a1e-aeab-88cd5bdbc14e" />
        <UnitTestResult executionId="14acaf22-6ed9-49f8-b5f6-145dd4b43a28" parentExecutionId="8d25963c-9e1a-4fad-96d3-9915c9d8660b" testId="2611fac2-cf12-44c4-8db6-17740077bca2" testName="12- programversion-generictest (StudentAccounts-OrderedTest)" computerName="CLTBUILD23" startTime="2021-04-13T16:09:41.8695002-04:00" endTime="2021-04-13T16:09:41.8695002-04:00" testType="13cdc9d9-ddb5-4fa4-a97d-d965ccfc6d4b" outcome="Failed" testListId="8c84fa94-04c1-424b-9868-57a2d4851a1d" relativeResultsDirectory="14acaf22-6ed9-49f8-b5f6-145dd4b43a28" />
        <UnitTestResult executionId="4334a29d-785a-45c3-b499-dda0e5fbc91f" parentExecutionId="8d25963c-9e1a-4fad-96d3-9915c9d8660b" testId="fa931096-c9c6-4bed-8684-59e94b9774d3" testName="13- automaticcharge-generictest (StudentAccounts-OrderedTest)" computerName="CLTBUILD23" startTime="2021-04-13T16:09:41.8695002-04:00" endTime="2021-04-13T16:09:41.8695002-04:00" testType="13cdc9d9-ddb5-4fa4-a97d-d965ccfc6d4b" outcome="Failed" testListId="8c84fa94-04c1-424b-9868-57a2d4851a1d" relativeResultsDirectory="4334a29d-785a-45c3-b499-dda0e5fbc91f" />
        <UnitTestResult executionId="3645c24b-2963-46ad-bb59-5a7a73ee8b59" parentExecutionId="8d25963c-9e1a-4fad-96d3-9915c9d8660b" testId="a22fa927-2af3-4f4a-a335-b786d35782c2" testName="14- studentaccounttransactionpaymentdescription-generictest (StudentAccounts-OrderedTest)" computerName="CLTBUILD23" startTime="2021-04-13T16:09:41.8695002-04:00" endTime="2021-04-13T16:09:41.8695002-04:00" testType="13cdc9d9-ddb5-4fa4-a97d-d965ccfc6d4b" outcome="Failed" testListId="8c84fa94-04c1-424b-9868-57a2d4851a1d" relativeResultsDirectory="3645c24b-2963-46ad-bb59-5a7a73ee8b59" />
      </InnerResults>
    </TestResultAggregation>
    <TestResultAggregation executionId="14dcee77-e56f-4a69-86da-ce1a3e8ded1e" testId="9350228e-b057-4b70-89dd-dfea14984673" testName="OTClearingWaitlistforselectedTermwhenclearwaitlistisnotallowed" computerName="CLTBUILD23" startTime="2021-04-13T16:09:41.5101730-04:00" endTime="2021-04-13T16:09:41.5101730-04:00" testType="ec4800e8-40e5-4ab3-8510-b8bf29b1904d" outcome="Failed" testListId="8c84fa94-04c1-424b-9868-57a2d4851a1d" relativeResultsDirectory="14dcee77-e56f-4a69-86da-ce1a3e8ded1e">
      <InnerResults>
        <UnitTestResult executionId="06c056a3-df28-4c2c-b91b-154460e36fa3" parentExecutionId="14dcee77-e56f-4a69-86da-ce1a3e8ded1e" testId="430caaf1-1443-4b34-9927-147535979093" testName="1- allowclearwaitlistisunchecked-generictest (OTClearingWaitlistforselectedTermwhenclearwaitlistisnotallowed)" computerName="CLTBUILD23" startTime="2021-04-13T16:09:41.5570450-04:00" endTime="2021-04-13T16:09:41.5570450-04:00" testType="13cdc9d9-ddb5-4fa4-a97d-d965ccfc6d4b" outcome="Failed" testListId="8c84fa94-04c1-424b-9868-57a2d4851a1d" relativeResultsDirectory="06c056a3-df28-4c2c-b91b-154460e36fa3" />
        <UnitTestResult executionId="d481d263-fee9-4b81-a1c7-7b55116d6316" parentExecutionId="14dcee77-e56f-4a69-86da-ce1a3e8ded1e" testId="7d36834b-529e-4bad-be34-08eb7420b669" testName="2- clearingwaitlistnotallowedforselectedterm (OTClearingWaitlistforselectedTermwhenclearwaitlistisnotallowed)" computerName="CLTBUILD23" startTime="2021-04-13T16:09:41.5570450-04:00" endTime="2021-04-13T16:09:41.5570450-04:00" testType="13cdc9d9-ddb5-4fa4-a97d-d965ccfc6d4b" outcome="Failed" testListId="8c84fa94-04c1-424b-9868-57a2d4851a1d" relativeResultsDirectory="d481d263-fee9-4b81-a1c7-7b55116d6316" />
      </InnerResults>
    </TestResultAggregation>
    <TestResultAggregation executionId="d7d4b0e3-42d4-4263-9256-fe3a488b0cd6" testId="a01bdadc-6e6b-4ae9-8da3-d156e4b33aa9" testName="OTDeletestudentcourseregistrationlock" computerName="CLTBUILD23" startTime="2021-04-13T16:09:41.5726685-04:00" endTime="2021-04-13T16:09:41.5882906-04:00" testType="ec4800e8-40e5-4ab3-8510-b8bf29b1904d" outcome="Failed" testListId="8c84fa94-04c1-424b-9868-57a2d4851a1d" relativeResultsDirectory="d7d4b0e3-42d4-4263-9256-fe3a488b0cd6">
      <InnerResults>
        <UnitTestResult executionId="80253fbe-29f0-4a9c-a97d-d71765cd7338" parentExecutionId="d7d4b0e3-42d4-4263-9256-fe3a488b0cd6" testId="3239eb19-f049-4b5a-9beb-66f2ffddc87c" testName="1- add coursetostudent (OTDeletestudentcourseregistrationlock)" computerName="CLTBUILD23" startTime="2021-04-13T16:09:41.5882906-04:00" endTime="2021-04-13T16:09:41.5882906-04:00" testType="13cdc9d9-ddb5-4fa4-a97d-d965ccfc6d4b" outcome="Failed" testListId="8c84fa94-04c1-424b-9868-57a2d4851a1d" relativeResultsDirectory="80253fbe-29f0-4a9c-a97d-d71765cd7338" />
        <UnitTestResult executionId="3b967701-05f6-413c-af87-13338ca7689d" parentExecutionId="d7d4b0e3-42d4-4263-9256-fe3a488b0cd6" testId="387fe72b-e5e3-452e-a94d-fcd36ed16014" testName="2- registercoursetostudent (OTDeletestudentcourseregistrationlock)" computerName="CLTBUILD23" startTime="2021-04-13T16:09:41.5882906-04:00" endTime="2021-04-13T16:09:41.5882906-04:00" testType="13cdc9d9-ddb5-4fa4-a97d-d965ccfc6d4b" outcome="Failed" testListId="8c84fa94-04c1-424b-9868-57a2d4851a1d" relativeResultsDirectory="3b967701-05f6-413c-af87-13338ca7689d" />
        <UnitTestResult executionId="78919151-15a6-48ee-a94e-507bc2465d7f" parentExecutionId="d7d4b0e3-42d4-4263-9256-fe3a488b0cd6" testId="60c260b2-3e79-4b96-a1cb-4567ba5ef5f3" testName="3- deletestudentcourseregistrationlock (OTDeletestudentcourseregistrationlock)" computerName="CLTBUILD23" startTime="2021-04-13T16:09:41.6039100-04:00" endTime="2021-04-13T16:09:41.6039100-04:00" testType="13cdc9d9-ddb5-4fa4-a97d-d965ccfc6d4b" outcome="Failed" testListId="8c84fa94-04c1-424b-9868-57a2d4851a1d" relativeResultsDirectory="78919151-15a6-48ee-a94e-507bc2465d7f" />
      </InnerResults>
    </TestResultAggregation>
    <TestResultAggregation executionId="975c70bb-18bc-44e2-963d-471bef2b4959" testId="c4366d9e-0bcd-4963-976f-5053ffaf4f4a" testName="AcademicsAllApis-OrderedTest" computerName="CLTBUILD23" duration="00:08:54.9564393" startTime="2021-04-13T15:29:37.8537515-04:00" endTime="2021-04-13T15:38:32.7328536-04:00" testType="ec4800e8-40e5-4ab3-8510-b8bf29b1904d" outcome="Failed" testListId="8c84fa94-04c1-424b-9868-57a2d4851a1d" relativeResultsDirectory="975c70bb-18bc-44e2-963d-471bef2b4959">
      <InnerResults>
        <UnitTestResult executionId="ff2b8ef5-189e-45d7-8b7f-213a97eab402" parentExecutionId="975c70bb-18bc-44e2-963d-471bef2b4959" testId="3f5b89c9-3343-4d86-a73f-ab992ae75a8b" testName="01- academictranscriptconfigsetting-generictest (AcademicsAllApis-OrderedTest)" computerName="CLTBUILD23" duration="00:00:20.8451723" startTime="2021-04-13T15:29:37.8537515-04:00" endTime="2021-04-13T15:29:58.6946222-04:00" testType="13cdc9d9-ddb5-4fa4-a97d-d965ccfc6d4b" outcome="Failed" testListId="8c84fa94-04c1-424b-9868-57a2d4851a1d" relativeResultsDirectory="ff2b8ef5-189e-45d7-8b7f-213a97eab402">
          <Output>
            <StdOut>C:\Agt6\_work\_temp\TestResults\c2kbuild_CLTBUILD23 2021-04-13 15_21_13\In\ff2b8ef5-189e-45d7-8b7f-213a97eab402\CLTBUILD23&gt;if not defined TestLocation (set TestLocation=. ) &#xD;
&#xD;
C:\Agt6\_work\_temp\TestResults\c2kbuild_CLTBUILD23 2021-04-13 15_21_13\In\ff2b8ef5-189e-45d7-8b7f-213a97eab402\CLTBUILD23&gt;set CollectionFileName=AcademicTranscriptConfigSetting.postman_collection.json &#xD;
&#xD;
C:\Agt6\_work\_temp\TestResults\c2kbuild_CLTBUILD23 2021-04-13 15_21_13\In\ff2b8ef5-189e-45d7-8b7f-213a97eab402\CLTBUILD23&gt;set DataFileName=AcademicTranscriptConfigSetting.data.json &#xD;
&#xD;
C:\Agt6\_work\_temp\TestResults\c2kbuild_CLTBUILD23 2021-04-13 15_21_13\In\ff2b8ef5-189e-45d7-8b7f-213a97eab402\CLTBUILD23&gt;set EnvironmentFilePath=c:\agt6\_work\10\s\qaautomation\api\tests\modules\academics\academictranscriptconfigsetting\..\..\..\..\Common\TeamDeepak-StudentApiEnvironment.postman_environment.json &#xD;
&#xD;
C:\Agt6\_work\_temp\TestResults\c2kbuild_CLTBUILD23 2021-04-13 15_21_13\In\ff2b8ef5-189e-45d7-8b7f-213a97eab402\CLTBUILD23&gt;set HtmlResultsFile=AcademicTranscriptConfigSetting_AcademicTranscriptConfigSetting_Html.html &#xD;
&#xD;
C:\Agt6\_work\_temp\TestResults\c2kbuild_CLTBUILD23 2021-04-13 15_21_13\In\ff2b8ef5-189e-45d7-8b7f-213a97eab402\CLTBUILD23&gt;set JunitResultsFile=AcademicTranscriptConfigSetting_AcademicTranscriptConfigSetting_Junit.xml &#xD;
&#xD;
C:\Agt6\_work\_temp\TestResults\c2kbuild_CLTBUILD23 2021-04-13 15_21_13\In\ff2b8ef5-189e-45d7-8b7f-213a97eab402\CLTBUILD23&gt;newman run "c:\agt6\_work\10\s\qaautomation\api\tests\modules\academics\academictranscriptconfigsetting\AcademicTranscriptConfigSetting.postman_collection.json" -d "c:\agt6\_work\10\s\qaautomation\api\tests\modules\academics\academictranscriptconfigsetting\AcademicTranscriptConfigSetting.data.json" -e "c:\agt6\_work\10\s\qaautomation\api\tests\modules\academics\academictranscriptconfigsetting\..\..\..\..\Common\TeamDeepak-StudentApiEnvironment.postman_environment.json" -r junit,html --reporter-html-export "AcademicTranscriptConfigSetting_AcademicTranscriptConfigSetting_Html.html" --reporter-junit-export "AcademicTranscriptConfigSetting_AcademicTranscriptConfigSetting_Junit.xml"</StdOut>
            <ErrorInfo>
              <Message>The test failed with exit code 1.</Message>
            </ErrorInfo>
          </Output>
          <ResultFiles>
            <ResultFile path="CLTBUILD23\AcademicTranscriptConfigSetting_AcademicTranscriptConfigSetting_Html.html" />
            <ResultFile path="CLTBUILD23\AcademicTranscriptConfigSetting_AcademicTranscriptConfigSetting_Junit.xml" />
          </ResultFiles>
        </UnitTestResult>
        <UnitTestResult executionId="88d81d4f-1c40-4eac-be29-a2b4decb77fe" parentExecutionId="975c70bb-18bc-44e2-963d-471bef2b4959" testId="3e45b771-db9b-4e88-bdd4-4c9238d2d749" testName="02- areaofstudyrequirementrule-generictest (AcademicsAllApis-OrderedTest)" computerName="CLTBUILD23" duration="00:00:16.2668550" startTime="2021-04-13T15:29:58.7102421-04:00" endTime="2021-04-13T15:30:14.9736200-04:00" testType="13cdc9d9-ddb5-4fa4-a97d-d965ccfc6d4b" outcome="Failed" testListId="8c84fa94-04c1-424b-9868-57a2d4851a1d" relativeResultsDirectory="88d81d4f-1c40-4eac-be29-a2b4decb77fe">
          <Output>
            <StdOut>C:\Agt6\_work\_temp\TestResults\c2kbuild_CLTBUILD23 2021-04-13 15_21_13\In\88d81d4f-1c40-4eac-be29-a2b4decb77fe\CLTBUILD23&gt;if not defined TestLocation (set TestLocation=. ) &#xD;
&#xD;
C:\Agt6\_work\_temp\TestResults\c2kbuild_CLTBUILD23 2021-04-13 15_21_13\In\88d81d4f-1c40-4eac-be29-a2b4decb77fe\CLTBUILD23&gt;set CollectionFileName=AreaOfStudyRequirementRule.postman_collection.json &#xD;
&#xD;
C:\Agt6\_work\_temp\TestResults\c2kbuild_CLTBUILD23 2021-04-13 15_21_13\In\88d81d4f-1c40-4eac-be29-a2b4decb77fe\CLTBUILD23&gt;set EnvironmentFilePath=c:\agt6\_work\10\s\qaautomation\api\tests\modules\academics\aos_requirementrules\..\..\..\..\Common\TeamRajendra-StudentApiEnvironment.postman_environment.json &#xD;
&#xD;
C:\Agt6\_work\_temp\TestResults\c2kbuild_CLTBUILD23 2021-04-13 15_21_13\In\88d81d4f-1c40-4eac-be29-a2b4decb77fe\CLTBUILD23&gt;set GlobalsFilePath=c:\agt6\_work\10\s\qaautomation\api\tests\modules\academics\aos_requirementrules\..\..\..\..\Common\CmcUtility.postman_globals.json &#xD;
&#xD;
C:\Agt6\_work\_temp\TestResults\c2kbuild_CLTBUILD23 2021-04-13 15_21_13\In\88d81d4f-1c40-4eac-be29-a2b4decb77fe\CLTBUILD23&gt;set HtmlResultsFile=Academics_AreaOfStudyRequirementRule_Html.html &#xD;
&#xD;
C:\Agt6\_work\_temp\TestResults\c2kbuild_CLTBUILD23 2021-04-13 15_21_13\In\88d81d4f-1c40-4eac-be29-a2b4decb77fe\CLTBUILD23&gt;set JunitResultsFile=Academics_AreaOfStudyRequirementRule_Junit.xml &#xD;
&#xD;
C:\Agt6\_work\_temp\TestResults\c2kbuild_CLTBUILD23 2021-04-13 15_21_13\In\88d81d4f-1c40-4eac-be29-a2b4decb77fe\CLTBUILD23&gt;newman run "c:\agt6\_work\10\s\qaautomation\api\tests\modules\academics\aos_requirementrules\AreaOfStudyRequirementRule.postman_collection.json" -e "c:\agt6\_work\10\s\qaautomation\api\tests\modules\academics\aos_requirementrules\..\..\..\..\Common\TeamRajendra-StudentApiEnvironment.postman_environment.json" -g "c:\agt6\_work\10\s\qaautomation\api\tests\modules\academics\aos_requirementrules\..\..\..\..\Common\CmcUtility.postman_globals.json" -r junit,html --reporter-html-export "Academics_AreaOfStudyRequirementRule_Html.html" --reporter-junit-export "Academics_AreaOfStudyRequirementRule_Junit.xml"</StdOut>
            <ErrorInfo>
              <Message>The test failed with exit code 1.</Message>
            </ErrorInfo>
          </Output>
          <ResultFiles>
            <ResultFile path="CLTBUILD23\Academics_AreaOfStudyRequirementRule_Html.html" />
            <ResultFile path="CLTBUILD23\Academics_AreaOfStudyRequirementRule_Junit.xml" />
          </ResultFiles>
        </UnitTestResult>
        <UnitTestResult executionId="f6cdba27-0f96-47c4-9d29-9604060a53cd" parentExecutionId="975c70bb-18bc-44e2-963d-471bef2b4959" testId="198f76a4-8d1b-4dd8-830f-db26e4b9b3c0" testName="03- areaofstudy-generictest (AcademicsAllApis-OrderedTest)" computerName="CLTBUILD23" duration="00:00:06.4843714" startTime="2021-04-13T15:30:14.9736200-04:00" endTime="2021-04-13T15:30:21.4570932-04:00" testType="13cdc9d9-ddb5-4fa4-a97d-d965ccfc6d4b" outcome="Failed" testListId="8c84fa94-04c1-424b-9868-57a2d4851a1d" relativeResultsDirectory="f6cdba27-0f96-47c4-9d29-9604060a53cd">
          <Output>
            <StdOut>C:\Agt6\_work\_temp\TestResults\c2kbuild_CLTBUILD23 2021-04-13 15_21_13\In\f6cdba27-0f96-47c4-9d29-9604060a53cd\CLTBUILD23&gt;if not defined TestLocation (set TestLocation=. ) &#xD;
&#xD;
C:\Agt6\_work\_temp\TestResults\c2kbuild_CLTBUILD23 2021-04-13 15_21_13\In\f6cdba27-0f96-47c4-9d29-9604060a53cd\CLTBUILD23&gt;set CollectionFileName=AreaOfStudy.postman_collection.json &#xD;
&#xD;
C:\Agt6\_work\_temp\TestResults\c2kbuild_CLTBUILD23 2021-04-13 15_21_13\In\f6cdba27-0f96-47c4-9d29-9604060a53cd\CLTBUILD23&gt;set EnvironmentFilePath=c:\agt6\_work\10\s\qaautomation\api\tests\modules\academics\areaofstudy\..\..\..\..\Common\TeamRajendra-StudentApiEnvironment.postman_environment.json &#xD;
&#xD;
C:\Agt6\_work\_temp\TestResults\c2kbuild_CLTBUILD23 2021-04-13 15_21_13\In\f6cdba27-0f96-47c4-9d29-9604060a53cd\CLTBUILD23&gt;set GlobalsFilePath=c:\agt6\_work\10\s\qaautomation\api\tests\modules\academics\areaofstudy\..\..\..\..\Common\CmcUtility.postman_globals.json &#xD;
&#xD;
C:\Agt6\_work\_temp\TestResults\c2kbuild_CLTBUILD23 2021-04-13 15_21_13\In\f6cdba27-0f96-47c4-9d29-9604060a53cd\CLTBUILD23&gt;set HtmlResultsFile=Academics_AreaOfStudy_Html.html &#xD;
&#xD;
C:\Agt6\_work\_temp\TestResults\c2kbuild_CLTBUILD23 2021-04-13 15_21_13\In\f6cdba27-0f96-47c4-9d29-9604060a53cd\CLTBUILD23&gt;set JunitResultsFile=Academics_AreaOfStudy_Junit.xml &#xD;
&#xD;
C:\Agt6\_work\_temp\TestResults\c2kbuild_CLTBUILD23 2021-04-13 15_21_13\In\f6cdba27-0f96-47c4-9d29-9604060a53cd\CLTBUILD23&gt;newman run "c:\agt6\_work\10\s\qaautomation\api\tests\modules\academics\areaofstudy\AreaOfStudy.postman_collection.json" -e "c:\agt6\_work\10\s\qaautomation\api\tests\modules\academics\areaofstudy\..\..\..\..\Common\TeamRajendra-StudentApiEnvironment.postman_environment.json" -g "c:\agt6\_work\10\s\qaautomation\api\tests\modules\academics\areaofstudy\..\..\..\..\Common\CmcUtility.postman_globals.json" -r junit,html --reporter-html-export "Academics_AreaOfStudy_Html.html" --reporter-junit-export "Academics_AreaOfStudy_Junit.xml"</StdOut>
            <ErrorInfo>
              <Message>The test failed with exit code 1.</Message>
            </ErrorInfo>
          </Output>
          <ResultFiles>
            <ResultFile path="CLTBUILD23\Academics_AreaOfStudy_Html.html" />
            <ResultFile path="CLTBUILD23\Academics_AreaOfStudy_Junit.xml" />
          </ResultFiles>
        </UnitTestResult>
        <UnitTestResult executionId="e1a1d321-775f-42de-b4bd-8bb1a109f20a" parentExecutionId="975c70bb-18bc-44e2-963d-471bef2b4959" testId="b62b3254-27f9-48b2-9223-f5ccc8bf136d" testName="04- aosconcentrations-generictest (AcademicsAllApis-OrderedTest)" computerName="CLTBUILD23" duration="00:00:05.7038375" startTime="2021-04-13T15:30:21.4570932-04:00" endTime="2021-04-13T15:30:27.1594356-04:00" testType="13cdc9d9-ddb5-4fa4-a97d-d965ccfc6d4b" outcome="Passed" testListId="8c84fa94-04c1-424b-9868-57a2d4851a1d" relativeResultsDirectory="e1a1d321-775f-42de-b4bd-8bb1a109f20a">
          <Output>
            <StdOut>C:\Agt6\_work\_temp\TestResults\c2kbuild_CLTBUILD23 2021-04-13 15_21_13\In\e1a1d321-775f-42de-b4bd-8bb1a109f20a\CLTBUILD23&gt;if not defined TestLocation (set TestLocation=. ) &#xD;
&#xD;
C:\Agt6\_work\_temp\TestResults\c2kbuild_CLTBUILD23 2021-04-13 15_21_13\In\e1a1d321-775f-42de-b4bd-8bb1a109f20a\CLTBUILD23&gt;set CollectionFileName=AOSConcentrations.postman_collection.json &#xD;
&#xD;
C:\Agt6\_work\_temp\TestResults\c2kbuild_CLTBUILD23 2021-04-13 15_21_13\In\e1a1d321-775f-42de-b4bd-8bb1a109f20a\CLTBUILD23&gt;set EnvironmentFilePath=c:\agt6\_work\10\s\qaautomation\api\tests\modules\academics\areaofstudyconcentrations\..\..\..\..\Common\TeamRajendra-StudentApiEnvironment.postman_environment.json &#xD;
&#xD;
C:\Agt6\_work\_temp\TestResults\c2kbuild_CLTBUILD23 2021-04-13 15_21_13\In\e1a1d321-775f-42de-b4bd-8bb1a109f20a\CLTBUILD23&gt;set GlobalsFilePath=c:\agt6\_work\10\s\qaautomation\api\tests\modules\academics\areaofstudyconcentrations\..\..\..\..\Common\CmcUtility.postman_globals.json &#xD;
&#xD;
C:\Agt6\_work\_temp\TestResults\c2kbuild_CLTBUILD23 2021-04-13 15_21_13\In\e1a1d321-775f-42de-b4bd-8bb1a109f20a\CLTBUILD23&gt;set HtmlResultsFile=Academics_AOSConcentrations_Html.html &#xD;
&#xD;
C:\Agt6\_work\_temp\TestResults\c2kbuild_CLTBUILD23 2021-04-13 15_21_13\In\e1a1d321-775f-42de-b4bd-8bb1a109f20a\CLTBUILD23&gt;set JunitResultsFile=Academics_AOSConcentrations_Junit.xml &#xD;
&#xD;
C:\Agt6\_work\_temp\TestResults\c2kbuild_CLTBUILD23 2021-04-13 15_21_13\In\e1a1d321-775f-42de-b4bd-8bb1a109f20a\CLTBUILD23&gt;newman run "c:\agt6\_work\10\s\qaautomation\api\tests\modules\academics\areaofstudyconcentrations\AOSConcentrations.postman_collection.json" -e "c:\agt6\_work\10\s\qaautomation\api\tests\modules\academics\areaofstudyconcentrations\..\..\..\..\Common\TeamRajendra-StudentApiEnvironment.postman_environment.json" -g "c:\agt6\_work\10\s\qaautomation\api\tests\modules\academics\areaofstudyconcentrations\..\..\..\..\Common\CmcUtility.postman_globals.json" -r junit,html --reporter-html-export "Academics_AOSConcentrations_Html.html" --reporter-junit-export "Academics_AOSConcentrations_Junit.xml"</StdOut>
          </Output>
          <ResultFiles>
            <ResultFile path="CLTBUILD23\Academics_AOSConcentrations_Html.html" />
            <ResultFile path="CLTBUILD23\Academics_AOSConcentrations_Junit.xml" />
          </ResultFiles>
        </UnitTestResult>
        <UnitTestResult executionId="58ce12b5-623e-4f40-aec9-226d6bfa6f35" parentExecutionId="975c70bb-18bc-44e2-963d-471bef2b4959" testId="575c6b98-b60f-4705-91fc-cff1ff1dc701" testName="05- areaofstudycourselist-generictest (AcademicsAllApis-OrderedTest)" computerName="CLTBUILD23" duration="00:00:08.3329412" startTime="2021-04-13T15:30:27.1594356-04:00" endTime="2021-04-13T15:30:35.5020243-04:00" testType="13cdc9d9-ddb5-4fa4-a97d-d965ccfc6d4b" outcome="Passed" testListId="8c84fa94-04c1-424b-9868-57a2d4851a1d" relativeResultsDirectory="58ce12b5-623e-4f40-aec9-226d6bfa6f35">
          <Output>
            <StdOut>C:\Agt6\_work\_temp\TestResults\c2kbuild_CLTBUILD23 2021-04-13 15_21_13\In\58ce12b5-623e-4f40-aec9-226d6bfa6f35\CLTBUILD23&gt;if not defined TestLocation (set TestLocation=. ) &#xD;
&#xD;
C:\Agt6\_work\_temp\TestResults\c2kbuild_CLTBUILD23 2021-04-13 15_21_13\In\58ce12b5-623e-4f40-aec9-226d6bfa6f35\CLTBUILD23&gt;set CollectionFileName=AreaOfStudyCourseList.postman_collection.json &#xD;
&#xD;
C:\Agt6\_work\_temp\TestResults\c2kbuild_CLTBUILD23 2021-04-13 15_21_13\In\58ce12b5-623e-4f40-aec9-226d6bfa6f35\CLTBUILD23&gt;set EnvironmentFilePath=c:\agt6\_work\10\s\qaautomation\api\tests\modules\academics\areaofstudycourselist\..\..\..\..\Common\TeamRajendra-StudentApiEnvironment.postman_environment.json &#xD;
&#xD;
C:\Agt6\_work\_temp\TestResults\c2kbuild_CLTBUILD23 2021-04-13 15_21_13\In\58ce12b5-623e-4f40-aec9-226d6bfa6f35\CLTBUILD23&gt;set GlobalsFilePath=c:\agt6\_work\10\s\qaautomation\api\tests\modules\academics\areaofstudycourselist\..\..\..\..\Common\CmcUtility.postman_globals.json &#xD;
&#xD;
C:\Agt6\_work\_temp\TestResults\c2kbuild_CLTBUILD23 2021-04-13 15_21_13\In\58ce12b5-623e-4f40-aec9-226d6bfa6f35\CLTBUILD23&gt;set HtmlResultsFile=Academics_AreaOfStudyCourseList_Html.html &#xD;
&#xD;
C:\Agt6\_work\_temp\TestResults\c2kbuild_CLTBUILD23 2021-04-13 15_21_13\In\58ce12b5-623e-4f40-aec9-226d6bfa6f35\CLTBUILD23&gt;set JunitResultsFile=Academics_AreaOfStudyCourseList_Junit.xml &#xD;
&#xD;
C:\Agt6\_work\_temp\TestResults\c2kbuild_CLTBUILD23 2021-04-13 15_21_13\In\58ce12b5-623e-4f40-aec9-226d6bfa6f35\CLTBUILD23&gt;newman run "c:\agt6\_work\10\s\qaautomation\api\tests\modules\academics\areaofstudycourselist\AreaOfStudyCourseList.postman_collection.json" -e "c:\agt6\_work\10\s\qaautomation\api\tests\modules\academics\areaofstudycourselist\..\..\..\..\Common\TeamRajendra-StudentApiEnvironment.postman_environment.json" -g "c:\agt6\_work\10\s\qaautomation\api\tests\modules\academics\areaofstudycourselist\..\..\..\..\Common\CmcUtility.postman_globals.json" -r junit,html --reporter-html-export "Academics_AreaOfStudyCourseList_Html.html" --reporter-junit-export "Academics_AreaOfStudyCourseList_Junit.xml"</StdOut>
          </Output>
          <ResultFiles>
            <ResultFile path="CLTBUILD23\Academics_AreaOfStudyCourseList_Html.html" />
            <ResultFile path="CLTBUILD23\Academics_AreaOfStudyCourseList_Junit.xml" />
          </ResultFiles>
        </UnitTestResult>
        <UnitTestResult executionId="c75428ba-7097-4c74-ac02-d19c8a83287f" parentExecutionId="975c70bb-18bc-44e2-963d-471bef2b4959" testId="e85014e8-4738-4b78-abca-e5f425ca70c4" testName="06- book-generictest (AcademicsAllApis-OrderedTest)" computerName="CLTBUILD23" duration="00:00:13.8396136" startTime="2021-04-13T15:30:35.5020243-04:00" endTime="2021-04-13T15:30:49.3438581-04:00" testType="13cdc9d9-ddb5-4fa4-a97d-d965ccfc6d4b" outcome="Failed" testListId="8c84fa94-04c1-424b-9868-57a2d4851a1d" relativeResultsDirectory="c75428ba-7097-4c74-ac02-d19c8a83287f">
          <Output>
            <StdOut>C:\Agt6\_work\_temp\TestResults\c2kbuild_CLTBUILD23 2021-04-13 15_21_13\In\c75428ba-7097-4c74-ac02-d19c8a83287f\CLTBUILD23&gt;if not defined TestLocation (set TestLocation=. ) &#xD;
&#xD;
C:\Agt6\_work\_temp\TestResults\c2kbuild_CLTBUILD23 2021-04-13 15_21_13\In\c75428ba-7097-4c74-ac02-d19c8a83287f\CLTBUILD23&gt;set CollectionFileName=Book.postman_collection.json &#xD;
&#xD;
C:\Agt6\_work\_temp\TestResults\c2kbuild_CLTBUILD23 2021-04-13 15_21_13\In\c75428ba-7097-4c74-ac02-d19c8a83287f\CLTBUILD23&gt;set DataFileName=Book.data.json &#xD;
&#xD;
C:\Agt6\_work\_temp\TestResults\c2kbuild_CLTBUILD23 2021-04-13 15_21_13\In\c75428ba-7097-4c74-ac02-d19c8a83287f\CLTBUILD23&gt;set EnvironmentFilePath=c:\agt6\_work\10\s\qaautomation\api\tests\modules\academics\book\..\..\..\..\Common\TeamDeepak-StudentApiEnvironment.postman_environment.json &#xD;
&#xD;
C:\Agt6\_work\_temp\TestResults\c2kbuild_CLTBUILD23 2021-04-13 15_21_13\In\c75428ba-7097-4c74-ac02-d19c8a83287f\CLTBUILD23&gt;set GlobalsFilePath=c:\agt6\_work\10\s\qaautomation\api\tests\modules\academics\book\..\..\..\..\Common\CmcUtility.postman_globals.json &#xD;
&#xD;
C:\Agt6\_work\_temp\TestResults\c2kbuild_CLTBUILD23 2021-04-13 15_21_13\In\c75428ba-7097-4c74-ac02-d19c8a83287f\CLTBUILD23&gt;set HtmlResultsFile=Academics_Book_Html.html &#xD;
&#xD;
C:\Agt6\_work\_temp\TestResults\c2kbuild_CLTBUILD23 2021-04-13 15_21_13\In\c75428ba-7097-4c74-ac02-d19c8a83287f\CLTBUILD23&gt;set JunitResultsFile=Academics_Book_Junit.xml &#xD;
&#xD;
C:\Agt6\_work\_temp\TestResults\c2kbuild_CLTBUILD23 2021-04-13 15_21_13\In\c75428ba-7097-4c74-ac02-d19c8a83287f\CLTBUILD23&gt;newman run "c:\agt6\_work\10\s\qaautomation\api\tests\modules\academics\book\Book.postman_collection.json" -d "c:\agt6\_work\10\s\qaautomation\api\tests\modules\academics\book\Book.data.json" -e "c:\agt6\_work\10\s\qaautomation\api\tests\modules\academics\book\..\..\..\..\Common\TeamDeepak-StudentApiEnvironment.postman_environment.json" -g "c:\agt6\_work\10\s\qaautomation\api\tests\modules\academics\book\..\..\..\..\Common\CmcUtility.postman_globals.json" -r junit,html --reporter-html-export "Academics_Book_Html.html" --reporter-junit-export "Academics_Book_Junit.xml"</StdOut>
            <ErrorInfo>
              <Message>The test failed with exit code 1.</Message>
            </ErrorInfo>
          </Output>
          <ResultFiles>
            <ResultFile path="CLTBUILD23\Academics_Book_Html.html" />
            <ResultFile path="CLTBUILD23\Academics_Book_Junit.xml" />
          </ResultFiles>
        </UnitTestResult>
        <UnitTestResult executionId="763cce7f-7d28-40b6-8795-2611da117fd6" parentExecutionId="975c70bb-18bc-44e2-963d-471bef2b4959" testId="cbc2713e-40c2-4b17-a507-eb9eb91f16d7" testName="07- courses-generictest (AcademicsAllApis-OrderedTest)" computerName="CLTBUILD23" duration="00:00:17.0179969" startTime="2021-04-13T15:30:49.3438581-04:00" endTime="2021-04-13T15:31:06.3727505-04:00" testType="13cdc9d9-ddb5-4fa4-a97d-d965ccfc6d4b" outcome="Failed" testListId="8c84fa94-04c1-424b-9868-57a2d4851a1d" relativeResultsDirectory="763cce7f-7d28-40b6-8795-2611da117fd6">
          <Output>
            <StdOut>C:\Agt6\_work\_temp\TestResults\c2kbuild_CLTBUILD23 2021-04-13 15_21_13\In\763cce7f-7d28-40b6-8795-2611da117fd6\CLTBUILD23&gt;if not defined TestLocation (set TestLocation=. ) &#xD;
&#xD;
C:\Agt6\_work\_temp\TestResults\c2kbuild_CLTBUILD23 2021-04-13 15_21_13\In\763cce7f-7d28-40b6-8795-2611da117fd6\CLTBUILD23&gt;set CollectionFileName=c:\agt6\_work\10\s\qaautomation\api\tests\modules\academics\course\Courses.postman_collection.json &#xD;
&#xD;
C:\Agt6\_work\_temp\TestResults\c2kbuild_CLTBUILD23 2021-04-13 15_21_13\In\763cce7f-7d28-40b6-8795-2611da117fd6\CLTBUILD23&gt;set DataFileName=c:\agt6\_work\10\s\qaautomation\api\tests\modules\academics\course\Courses.data.json &#xD;
&#xD;
C:\Agt6\_work\_temp\TestResults\c2kbuild_CLTBUILD23 2021-04-13 15_21_13\In\763cce7f-7d28-40b6-8795-2611da117fd6\CLTBUILD23&gt;set EnvironmentFilePath=c:\agt6\_work\10\s\qaautomation\api\tests\modules\academics\course\..\..\..\..\Common\TeamDeepak-StudentApiEnvironment.postman_environment.json &#xD;
&#xD;
C:\Agt6\_work\_temp\TestResults\c2kbuild_CLTBUILD23 2021-04-13 15_21_13\In\763cce7f-7d28-40b6-8795-2611da117fd6\CLTBUILD23&gt;set HtmlResultsFile=Course_Courses-Html.html &#xD;
&#xD;
C:\Agt6\_work\_temp\TestResults\c2kbuild_CLTBUILD23 2021-04-13 15_21_13\In\763cce7f-7d28-40b6-8795-2611da117fd6\CLTBUILD23&gt;set JunitResultsFile=Course_Courses-Junit.xml &#xD;
&#xD;
C:\Agt6\_work\_temp\TestResults\c2kbuild_CLTBUILD23 2021-04-13 15_21_13\In\763cce7f-7d28-40b6-8795-2611da117fd6\CLTBUILD23&gt;newman run "c:\agt6\_work\10\s\qaautomation\api\tests\modules\academics\course\Courses.postman_collection.json" -d "c:\agt6\_work\10\s\qaautomation\api\tests\modules\academics\course\Courses.data.json" -e "c:\agt6\_work\10\s\qaautomation\api\tests\modules\academics\course\..\..\..\..\Common\TeamDeepak-StudentApiEnvironment.postman_environment.json" -r junit,html --reporter-html-export "Course_Courses-Html.html" --reporter-junit-export "Course_Courses-Junit.xml"</StdOut>
            <ErrorInfo>
              <Message>The test failed with exit code 1.</Message>
            </ErrorInfo>
          </Output>
          <ResultFiles>
            <ResultFile path="CLTBUILD23\Course_Courses-Html.html" />
            <ResultFile path="CLTBUILD23\Course_Courses-Junit.xml" />
          </ResultFiles>
        </UnitTestResult>
        <UnitTestResult executionId="3aa66ccc-cfb9-420d-823e-723dd3b78175" parentExecutionId="975c70bb-18bc-44e2-963d-471bef2b4959" testId="7866c717-34c1-4e8a-9c63-49d7193c3bec" testName="08- courseattribute-generictest (AcademicsAllApis-OrderedTest)" computerName="CLTBUILD23" duration="00:00:06.1375634" startTime="2021-04-13T15:31:06.3727505-04:00" endTime="2021-04-13T15:31:12.5125328-04:00" testType="13cdc9d9-ddb5-4fa4-a97d-d965ccfc6d4b" outcome="Failed" testListId="8c84fa94-04c1-424b-9868-57a2d4851a1d" relativeResultsDirectory="3aa66ccc-cfb9-420d-823e-723dd3b78175">
          <Output>
            <StdOut>C:\Agt6\_work\_temp\TestResults\c2kbuild_CLTBUILD23 2021-04-13 15_21_13\In\3aa66ccc-cfb9-420d-823e-723dd3b78175\CLTBUILD23&gt;if not defined TestLocation (set TestLocation=. ) &#xD;
&#xD;
C:\Agt6\_work\_temp\TestResults\c2kbuild_CLTBUILD23 2021-04-13 15_21_13\In\3aa66ccc-cfb9-420d-823e-723dd3b78175\CLTBUILD23&gt;set CollectionFileName=CourseAttribute.postman_collection.json &#xD;
&#xD;
C:\Agt6\_work\_temp\TestResults\c2kbuild_CLTBUILD23 2021-04-13 15_21_13\In\3aa66ccc-cfb9-420d-823e-723dd3b78175\CLTBUILD23&gt;set DataFileName=CourseAttribute.data.json &#xD;
&#xD;
C:\Agt6\_work\_temp\TestResults\c2kbuild_CLTBUILD23 2021-04-13 15_21_13\In\3aa66ccc-cfb9-420d-823e-723dd3b78175\CLTBUILD23&gt;set EnvironmentFilePath=c:\agt6\_work\10\s\qaautomation\api\tests\modules\academics\courseattributes\..\..\..\..\Common\TeamDeepak-StudentApiEnvironment.postman_environment.json &#xD;
&#xD;
C:\Agt6\_work\_temp\TestResults\c2kbuild_CLTBUILD23 2021-04-13 15_21_13\In\3aa66ccc-cfb9-420d-823e-723dd3b78175\CLTBUILD23&gt;set HtmlResultsFile=CourseAttributes_CourseAttribute_Html.html &#xD;
&#xD;
C:\Agt6\_work\_temp\TestResults\c2kbuild_CLTBUILD23 2021-04-13 15_21_13\In\3aa66ccc-cfb9-420d-823e-723dd3b78175\CLTBUILD23&gt;set JunitResultsFile=CourseAttributes_CourseAttribute_Junit.xml &#xD;
&#xD;
C:\Agt6\_work\_temp\TestResults\c2kbuild_CLTBUILD23 2021-04-13 15_21_13\In\3aa66ccc-cfb9-420d-823e-723dd3b78175\CLTBUILD23&gt;newman run "c:\agt6\_work\10\s\qaautomation\api\tests\modules\academics\courseattributes\CourseAttribute.postman_collection.json" -d "c:\agt6\_work\10\s\qaautomation\api\tests\modules\academics\courseattributes\CourseAttribute.data.json" -e "c:\agt6\_work\10\s\qaautomation\api\tests\modules\academics\courseattributes\..\..\..\..\Common\TeamDeepak-StudentApiEnvironment.postman_environment.json" -r junit,html --reporter-html-export "CourseAttributes_CourseAttribute_Html.html" --reporter-junit-export "CourseAttributes_CourseAttribute_Junit.xml"</StdOut>
            <ErrorInfo>
              <Message>The test failed with exit code 1.</Message>
            </ErrorInfo>
          </Output>
          <ResultFiles>
            <ResultFile path="CLTBUILD23\CourseAttributes_CourseAttribute_Html.html" />
            <ResultFile path="CLTBUILD23\CourseAttributes_CourseAttribute_Junit.xml" />
          </ResultFiles>
        </UnitTestResult>
        <UnitTestResult executionId="597f6739-0372-4c83-8a17-2e1045e20232" parentExecutionId="975c70bb-18bc-44e2-963d-471bef2b4959" testId="932c4f0a-bf3d-4d59-a0a0-177d0bebb4f7" testName="09- coursesbooks-generictest (AcademicsAllApis-OrderedTest)" computerName="CLTBUILD23" duration="00:00:14.7511703" startTime="2021-04-13T15:31:12.5125328-04:00" endTime="2021-04-13T15:31:27.2604945-04:00" testType="13cdc9d9-ddb5-4fa4-a97d-d965ccfc6d4b" outcome="Failed" testListId="8c84fa94-04c1-424b-9868-57a2d4851a1d" relativeResultsDirectory="597f6739-0372-4c83-8a17-2e1045e20232">
          <Output>
            <StdOut>C:\Agt6\_work\_temp\TestResults\c2kbuild_CLTBUILD23 2021-04-13 15_21_13\In\597f6739-0372-4c83-8a17-2e1045e20232\CLTBUILD23&gt;if not defined TestLocation (set TestLocation=. ) &#xD;
&#xD;
C:\Agt6\_work\_temp\TestResults\c2kbuild_CLTBUILD23 2021-04-13 15_21_13\In\597f6739-0372-4c83-8a17-2e1045e20232\CLTBUILD23&gt;set CollectionFileName=c:\agt6\_work\10\s\qaautomation\api\tests\modules\academics\coursebook\CoursesBooks.postman_collection.json &#xD;
&#xD;
C:\Agt6\_work\_temp\TestResults\c2kbuild_CLTBUILD23 2021-04-13 15_21_13\In\597f6739-0372-4c83-8a17-2e1045e20232\CLTBUILD23&gt;set DataFileName=c:\agt6\_work\10\s\qaautomation\api\tests\modules\academics\coursebook\CoursesBooks.data.json &#xD;
&#xD;
C:\Agt6\_work\_temp\TestResults\c2kbuild_CLTBUILD23 2021-04-13 15_21_13\In\597f6739-0372-4c83-8a17-2e1045e20232\CLTBUILD23&gt;set EnvironmentFilePath=c:\agt6\_work\10\s\qaautomation\api\tests\modules\academics\coursebook\..\..\..\..\Common\TeamDeepak-StudentApiEnvironment.postman_environment.json &#xD;
&#xD;
C:\Agt6\_work\_temp\TestResults\c2kbuild_CLTBUILD23 2021-04-13 15_21_13\In\597f6739-0372-4c83-8a17-2e1045e20232\CLTBUILD23&gt;set HtmlResultsFile=CourseBook_CoursesBooks-Html.html &#xD;
&#xD;
C:\Agt6\_work\_temp\TestResults\c2kbuild_CLTBUILD23 2021-04-13 15_21_13\In\597f6739-0372-4c83-8a17-2e1045e20232\CLTBUILD23&gt;set JunitResultsFile=CourseBook_CoursesBooks-Junit.xml &#xD;
&#xD;
C:\Agt6\_work\_temp\TestResults\c2kbuild_CLTBUILD23 2021-04-13 15_21_13\In\597f6739-0372-4c83-8a17-2e1045e20232\CLTBUILD23&gt;newman run "c:\agt6\_work\10\s\qaautomation\api\tests\modules\academics\coursebook\CoursesBooks.postman_collection.json" -d "c:\agt6\_work\10\s\qaautomation\api\tests\modules\academics\coursebook\CoursesBooks.data.json" -e "c:\agt6\_work\10\s\qaautomation\api\tests\modules\academics\coursebook\..\..\..\..\Common\TeamDeepak-StudentApiEnvironment.postman_environment.json" -r junit,html --reporter-html-export "CourseBook_CoursesBooks-Html.html" --reporter-junit-export "CourseBook_CoursesBooks-Junit.xml"</StdOut>
            <ErrorInfo>
              <Message>The test failed with exit code 1.</Message>
            </ErrorInfo>
          </Output>
          <ResultFiles>
            <ResultFile path="CLTBUILD23\CourseBook_CoursesBooks-Html.html" />
            <ResultFile path="CLTBUILD23\CourseBook_CoursesBooks-Junit.xml" />
          </ResultFiles>
        </UnitTestResult>
        <UnitTestResult executionId="35ff44f6-6eea-4a91-a3fc-5808638d9dfa" parentExecutionId="975c70bb-18bc-44e2-963d-471bef2b4959" testId="4f0ce3af-fb33-4f20-acdb-a9c9d76c2257" testName="10- coursebookslist-generictest (AcademicsAllApis-OrderedTest)" computerName="CLTBUILD23" duration="00:00:13.9915061" startTime="2021-04-13T15:31:27.2604945-04:00" endTime="2021-04-13T15:31:41.2585545-04:00" testType="13cdc9d9-ddb5-4fa4-a97d-d965ccfc6d4b" outcome="Failed" testListId="8c84fa94-04c1-424b-9868-57a2d4851a1d" relativeResultsDirectory="35ff44f6-6eea-4a91-a3fc-5808638d9dfa">
          <Output>
            <StdOut>C:\Agt6\_work\_temp\TestResults\c2kbuild_CLTBUILD23 2021-04-13 15_21_13\In\35ff44f6-6eea-4a91-a3fc-5808638d9dfa\CLTBUILD23&gt;if not defined TestLocation (set TestLocation=. ) &#xD;
&#xD;
C:\Agt6\_work\_temp\TestResults\c2kbuild_CLTBUILD23 2021-04-13 15_21_13\In\35ff44f6-6eea-4a91-a3fc-5808638d9dfa\CLTBUILD23&gt;set CollectionFileName=c:\agt6\_work\10\s\qaautomation\api\tests\modules\academics\coursebooklist\CourseBooksList.postman_collection.json &#xD;
&#xD;
C:\Agt6\_work\_temp\TestResults\c2kbuild_CLTBUILD23 2021-04-13 15_21_13\In\35ff44f6-6eea-4a91-a3fc-5808638d9dfa\CLTBUILD23&gt;set DataFileName=c:\agt6\_work\10\s\qaautomation\api\tests\modules\academics\coursebooklist\CourseBooksList.data.json &#xD;
&#xD;
C:\Agt6\_work\_temp\TestResults\c2kbuild_CLTBUILD23 2021-04-13 15_21_13\In\35ff44f6-6eea-4a91-a3fc-5808638d9dfa\CLTBUILD23&gt;set EnvironmentFilePath=c:\agt6\_work\10\s\qaautomation\api\tests\modules\academics\coursebooklist\..\..\..\..\Common\TeamDeepak-StudentApiEnvironment.postman_environment.json &#xD;
&#xD;
C:\Agt6\_work\_temp\TestResults\c2kbuild_CLTBUILD23 2021-04-13 15_21_13\In\35ff44f6-6eea-4a91-a3fc-5808638d9dfa\CLTBUILD23&gt;set HtmlResultsFile=CourseBookList_CourseBooksList-Html.html &#xD;
&#xD;
C:\Agt6\_work\_temp\TestResults\c2kbuild_CLTBUILD23 2021-04-13 15_21_13\In\35ff44f6-6eea-4a91-a3fc-5808638d9dfa\CLTBUILD23&gt;set JunitResultsFile=CourseBookList_CourseBooksList-Junit.xml &#xD;
&#xD;
C:\Agt6\_work\_temp\TestResults\c2kbuild_CLTBUILD23 2021-04-13 15_21_13\In\35ff44f6-6eea-4a91-a3fc-5808638d9dfa\CLTBUILD23&gt;newman run "c:\agt6\_work\10\s\qaautomation\api\tests\modules\academics\coursebooklist\CourseBooksList.postman_collection.json" -d "c:\agt6\_work\10\s\qaautomation\api\tests\modules\academics\coursebooklist\CourseBooksList.data.json" -e "c:\agt6\_work\10\s\qaautomation\api\tests\modules\academics\coursebooklist\..\..\..\..\Common\TeamDeepak-StudentApiEnvironment.postman_environment.json" -r junit,html --reporter-html-export "CourseBookList_CourseBooksList-Html.html" --reporter-junit-export "CourseBookList_CourseBooksList-Junit.xml"</StdOut>
            <ErrorInfo>
              <Message>The test failed with exit code 1.</Message>
            </ErrorInfo>
          </Output>
          <ResultFiles>
            <ResultFile path="CLTBUILD23\CourseBookList_CourseBooksList-Html.html" />
            <ResultFile path="CLTBUILD23\CourseBookList_CourseBooksList-Junit.xml" />
          </ResultFiles>
        </UnitTestResult>
        <UnitTestResult executionId="093178d6-70c9-4e1f-80b3-93db715587d8" parentExecutionId="975c70bb-18bc-44e2-963d-471bef2b4959" testId="14a5bfd2-3b1d-4d1b-8f39-d90b40ec8d63" testName="11- coursefee-generictest (AcademicsAllApis-OrderedTest)" computerName="CLTBUILD23" duration="00:00:14.1878270" startTime="2021-04-13T15:31:41.2585545-04:00" endTime="2021-04-13T15:31:55.4441108-04:00" testType="13cdc9d9-ddb5-4fa4-a97d-d965ccfc6d4b" outcome="Failed" testListId="8c84fa94-04c1-424b-9868-57a2d4851a1d" relativeResultsDirectory="093178d6-70c9-4e1f-80b3-93db715587d8">
          <Output>
            <StdOut>C:\Agt6\_work\_temp\TestResults\c2kbuild_CLTBUILD23 2021-04-13 15_21_13\In\093178d6-70c9-4e1f-80b3-93db715587d8\CLTBUILD23&gt;if not defined TestLocation (set TestLocation=. ) &#xD;
&#xD;
C:\Agt6\_work\_temp\TestResults\c2kbuild_CLTBUILD23 2021-04-13 15_21_13\In\093178d6-70c9-4e1f-80b3-93db715587d8\CLTBUILD23&gt;set CollectionFileName=CourseFee.postman_collection.json &#xD;
&#xD;
C:\Agt6\_work\_temp\TestResults\c2kbuild_CLTBUILD23 2021-04-13 15_21_13\In\093178d6-70c9-4e1f-80b3-93db715587d8\CLTBUILD23&gt;set DataFileName=CourseFee.data.json &#xD;
&#xD;
C:\Agt6\_work\_temp\TestResults\c2kbuild_CLTBUILD23 2021-04-13 15_21_13\In\093178d6-70c9-4e1f-80b3-93db715587d8\CLTBUILD23&gt;set EnvironmentFilePath=c:\agt6\_work\10\s\qaautomation\api\tests\modules\academics\coursefee\..\..\..\..\Common\TeamDeepak-StudentApiEnvironment.postman_environment.json &#xD;
&#xD;
C:\Agt6\_work\_temp\TestResults\c2kbuild_CLTBUILD23 2021-04-13 15_21_13\In\093178d6-70c9-4e1f-80b3-93db715587d8\CLTBUILD23&gt;set HtmlResultsFile=CourseFee_CourseFee_Html.html &#xD;
&#xD;
C:\Agt6\_work\_temp\TestResults\c2kbuild_CLTBUILD23 2021-04-13 15_21_13\In\093178d6-70c9-4e1f-80b3-93db715587d8\CLTBUILD23&gt;set JunitResultsFile=CourseFee_CourseFee_Junit.xml &#xD;
&#xD;
C:\Agt6\_work\_temp\TestResults\c2kbuild_CLTBUILD23 2021-04-13 15_21_13\In\093178d6-70c9-4e1f-80b3-93db715587d8\CLTBUILD23&gt;newman run "c:\agt6\_work\10\s\qaautomation\api\tests\modules\academics\coursefee\CourseFee.postman_collection.json" -d "c:\agt6\_work\10\s\qaautomation\api\tests\modules\academics\coursefee\CourseFee.data.json" -e "c:\agt6\_work\10\s\qaautomation\api\tests\modules\academics\coursefee\..\..\..\..\Common\TeamDeepak-StudentApiEnvironment.postman_environment.json" -r junit,html --reporter-html-export "CourseFee_CourseFee_Html.html" --reporter-junit-export "CourseFee_CourseFee_Junit.xml"</StdOut>
            <ErrorInfo>
              <Message>The test failed with exit code 1.</Message>
            </ErrorInfo>
          </Output>
          <ResultFiles>
            <ResultFile path="CLTBUILD23\CourseFee_CourseFee_Html.html" />
            <ResultFile path="CLTBUILD23\CourseFee_CourseFee_Junit.xml" />
          </ResultFiles>
        </UnitTestResult>
        <UnitTestResult executionId="74ef5512-7932-4f29-9ddb-ae90100a5f8c" parentExecutionId="975c70bb-18bc-44e2-963d-471bef2b4959" testId="22f67e19-95af-4610-9fba-c290eb37227d" testName="12- coursegroup-generictest (AcademicsAllApis-OrderedTest)" computerName="CLTBUILD23" duration="00:00:14.0504061" startTime="2021-04-13T15:31:55.4441108-04:00" endTime="2021-04-13T15:32:09.5047108-04:00" testType="13cdc9d9-ddb5-4fa4-a97d-d965ccfc6d4b" outcome="Failed" testListId="8c84fa94-04c1-424b-9868-57a2d4851a1d" relativeResultsDirectory="74ef5512-7932-4f29-9ddb-ae90100a5f8c">
          <Output>
            <StdOut>C:\Agt6\_work\_temp\TestResults\c2kbuild_CLTBUILD23 2021-04-13 15_21_13\In\74ef5512-7932-4f29-9ddb-ae90100a5f8c\CLTBUILD23&gt;if not defined TestLocation (set TestLocation=. ) &#xD;
&#xD;
C:\Agt6\_work\_temp\TestResults\c2kbuild_CLTBUILD23 2021-04-13 15_21_13\In\74ef5512-7932-4f29-9ddb-ae90100a5f8c\CLTBUILD23&gt;set CollectionFileName=CourseGroup.postman_collection.json &#xD;
&#xD;
C:\Agt6\_work\_temp\TestResults\c2kbuild_CLTBUILD23 2021-04-13 15_21_13\In\74ef5512-7932-4f29-9ddb-ae90100a5f8c\CLTBUILD23&gt;set DataFileName=CourseGroup.data.json &#xD;
&#xD;
C:\Agt6\_work\_temp\TestResults\c2kbuild_CLTBUILD23 2021-04-13 15_21_13\In\74ef5512-7932-4f29-9ddb-ae90100a5f8c\CLTBUILD23&gt;set EnvironmentFilePath=c:\agt6\_work\10\s\qaautomation\api\tests\modules\academics\coursegroup\..\..\..\..\Common\TeamDeepak-StudentApiEnvironment.postman_environment.json &#xD;
&#xD;
C:\Agt6\_work\_temp\TestResults\c2kbuild_CLTBUILD23 2021-04-13 15_21_13\In\74ef5512-7932-4f29-9ddb-ae90100a5f8c\CLTBUILD23&gt;set HtmlResultsFile=Academics_CourseGroup_Html.html &#xD;
&#xD;
C:\Agt6\_work\_temp\TestResults\c2kbuild_CLTBUILD23 2021-04-13 15_21_13\In\74ef5512-7932-4f29-9ddb-ae90100a5f8c\CLTBUILD23&gt;set JunitResultsFile=Academics_CourseGroup_Junit.xml &#xD;
&#xD;
C:\Agt6\_work\_temp\TestResults\c2kbuild_CLTBUILD23 2021-04-13 15_21_13\In\74ef5512-7932-4f29-9ddb-ae90100a5f8c\CLTBUILD23&gt;newman run "c:\agt6\_work\10\s\qaautomation\api\tests\modules\academics\coursegroup\CourseGroup.postman_collection.json" -d "c:\agt6\_work\10\s\qaautomation\api\tests\modules\academics\coursegroup\CourseGroup.data.json" -e "c:\agt6\_work\10\s\qaautomation\api\tests\modules\academics\coursegroup\..\..\..\..\Common\TeamDeepak-StudentApiEnvironment.postman_environment.json" -r junit,html --reporter-html-export "Academics_CourseGroup_Html.html" --reporter-junit-export "Academics_CourseGroup_Junit.xml"</StdOut>
            <ErrorInfo>
              <Message>The test failed with exit code 1.</Message>
            </ErrorInfo>
          </Output>
          <ResultFiles>
            <ResultFile path="CLTBUILD23\Academics_CourseGroup_Html.html" />
            <ResultFile path="CLTBUILD23\Academics_CourseGroup_Junit.xml" />
          </ResultFiles>
        </UnitTestResult>
        <UnitTestResult executionId="5403fbe7-20dc-460b-a890-cba98da77255" parentExecutionId="975c70bb-18bc-44e2-963d-471bef2b4959" testId="6fef274f-d884-49a3-a25c-92d00d06566b" testName="13- courselevel-generictest (AcademicsAllApis-OrderedTest)" computerName="CLTBUILD23" duration="00:00:14.2072453" startTime="2021-04-13T15:32:09.5047108-04:00" endTime="2021-04-13T15:32:23.7058001-04:00" testType="13cdc9d9-ddb5-4fa4-a97d-d965ccfc6d4b" outcome="Failed" testListId="8c84fa94-04c1-424b-9868-57a2d4851a1d" relativeResultsDirectory="5403fbe7-20dc-460b-a890-cba98da77255">
          <Output>
            <StdOut>C:\Agt6\_work\_temp\TestResults\c2kbuild_CLTBUILD23 2021-04-13 15_21_13\In\5403fbe7-20dc-460b-a890-cba98da77255\CLTBUILD23&gt;if not defined TestLocation (set TestLocation=. ) &#xD;
&#xD;
C:\Agt6\_work\_temp\TestResults\c2kbuild_CLTBUILD23 2021-04-13 15_21_13\In\5403fbe7-20dc-460b-a890-cba98da77255\CLTBUILD23&gt;set CollectionFileName=CourseLevel.postman_collection.json &#xD;
&#xD;
C:\Agt6\_work\_temp\TestResults\c2kbuild_CLTBUILD23 2021-04-13 15_21_13\In\5403fbe7-20dc-460b-a890-cba98da77255\CLTBUILD23&gt;set DataFileName=CourseLevel.data.json &#xD;
&#xD;
C:\Agt6\_work\_temp\TestResults\c2kbuild_CLTBUILD23 2021-04-13 15_21_13\In\5403fbe7-20dc-460b-a890-cba98da77255\CLTBUILD23&gt;set EnvironmentFilePath=c:\agt6\_work\10\s\qaautomation\api\tests\modules\academics\courselevel\..\..\..\..\Common\TeamDeepak-StudentApiEnvironment.postman_environment.json &#xD;
&#xD;
C:\Agt6\_work\_temp\TestResults\c2kbuild_CLTBUILD23 2021-04-13 15_21_13\In\5403fbe7-20dc-460b-a890-cba98da77255\CLTBUILD23&gt;set HtmlResultsFile=CourseLevel_Html.html &#xD;
&#xD;
C:\Agt6\_work\_temp\TestResults\c2kbuild_CLTBUILD23 2021-04-13 15_21_13\In\5403fbe7-20dc-460b-a890-cba98da77255\CLTBUILD23&gt;set JunitResultsFile=CourseLevel_Junit.xml &#xD;
&#xD;
C:\Agt6\_work\_temp\TestResults\c2kbuild_CLTBUILD23 2021-04-13 15_21_13\In\5403fbe7-20dc-460b-a890-cba98da77255\CLTBUILD23&gt;newman run "c:\agt6\_work\10\s\qaautomation\api\tests\modules\academics\courselevel\CourseLevel.postman_collection.json" -d "c:\agt6\_work\10\s\qaautomation\api\tests\modules\academics\courselevel\CourseLevel.data.json" -e "c:\agt6\_work\10\s\qaautomation\api\tests\modules\academics\courselevel\..\..\..\..\Common\TeamDeepak-StudentApiEnvironment.postman_environment.json" -r junit,html --reporter-html-export "CourseLevel_Html.html" --reporter-junit-export "CourseLevel_Junit.xml"</StdOut>
            <ErrorInfo>
              <Message>The test failed with exit code 1.</Message>
            </ErrorInfo>
          </Output>
          <ResultFiles>
            <ResultFile path="CLTBUILD23\CourseLevel_Html.html" />
            <ResultFile path="CLTBUILD23\CourseLevel_Junit.xml" />
          </ResultFiles>
        </UnitTestResult>
        <UnitTestResult executionId="3bbce6a2-c0cf-4d4e-8ea5-c2bb5523606e" parentExecutionId="975c70bb-18bc-44e2-963d-471bef2b4959" testId="e5a62a42-f9df-4c9d-801e-b756196830ab" testName="14- courseparentcourseequivalents-generictest (AcademicsAllApis-OrderedTest)" computerName="CLTBUILD23" duration="00:00:11.0721606" startTime="2021-04-13T15:32:23.7058001-04:00" endTime="2021-04-13T15:32:34.7980209-04:00" testType="13cdc9d9-ddb5-4fa4-a97d-d965ccfc6d4b" outcome="Failed" testListId="8c84fa94-04c1-424b-9868-57a2d4851a1d" relativeResultsDirectory="3bbce6a2-c0cf-4d4e-8ea5-c2bb5523606e">
          <Output>
            <StdOut>C:\Agt6\_work\_temp\TestResults\c2kbuild_CLTBUILD23 2021-04-13 15_21_13\In\3bbce6a2-c0cf-4d4e-8ea5-c2bb5523606e\CLTBUILD23&gt;if not defined TestLocation (set TestLocation=. ) &#xD;
&#xD;
C:\Agt6\_work\_temp\TestResults\c2kbuild_CLTBUILD23 2021-04-13 15_21_13\In\3bbce6a2-c0cf-4d4e-8ea5-c2bb5523606e\CLTBUILD23&gt;set CollectionFileName=CourseParentCourseEquivalents.postman_collection.json &#xD;
&#xD;
C:\Agt6\_work\_temp\TestResults\c2kbuild_CLTBUILD23 2021-04-13 15_21_13\In\3bbce6a2-c0cf-4d4e-8ea5-c2bb5523606e\CLTBUILD23&gt;set DataFileName=CourseParentCourseEquivalents.data.json &#xD;
&#xD;
C:\Agt6\_work\_temp\TestResults\c2kbuild_CLTBUILD23 2021-04-13 15_21_13\In\3bbce6a2-c0cf-4d4e-8ea5-c2bb5523606e\CLTBUILD23&gt;set EnvironmentFilePath=c:\agt6\_work\10\s\qaautomation\api\tests\modules\academics\courseparentcourseequivalents\..\..\..\..\Common\TeamDeepak-StudentApiEnvironment.postman_environment.json &#xD;
&#xD;
C:\Agt6\_work\_temp\TestResults\c2kbuild_CLTBUILD23 2021-04-13 15_21_13\In\3bbce6a2-c0cf-4d4e-8ea5-c2bb5523606e\CLTBUILD23&gt;set HtmlResultsFile=CourseParentCourseEquivalents_CourseParentCourseEquivalents_Html.html &#xD;
&#xD;
C:\Agt6\_work\_temp\TestResults\c2kbuild_CLTBUILD23 2021-04-13 15_21_13\In\3bbce6a2-c0cf-4d4e-8ea5-c2bb5523606e\CLTBUILD23&gt;set JunitResultsFile=CourseParentCourseEquivalents_CourseParentCourseEquivalents_Junit.xml &#xD;
&#xD;
C:\Agt6\_work\_temp\TestResults\c2kbuild_CLTBUILD23 2021-04-13 15_21_13\In\3bbce6a2-c0cf-4d4e-8ea5-c2bb5523606e\CLTBUILD23&gt;newman run "c:\agt6\_work\10\s\qaautomation\api\tests\modules\academics\courseparentcourseequivalents\CourseParentCourseEquivalents.postman_collection.json" -d "c:\agt6\_work\10\s\qaautomation\api\tests\modules\academics\courseparentcourseequivalents\CourseParentCourseEquivalents.data.json" -e "c:\agt6\_work\10\s\qaautomation\api\tests\modules\academics\courseparentcourseequivalents\..\..\..\..\Common\TeamDeepak-StudentApiEnvironment.postman_environment.json" -r junit,html --reporter-html-export "CourseParentCourseEquivalents_CourseParentCourseEquivalents_Html.html" --reporter-junit-export "CourseParentCourseEquivalents_CourseParentCourseEquivalents_Junit.xml"</StdOut>
            <ErrorInfo>
              <Message>The test failed with exit code 1.</Message>
            </ErrorInfo>
          </Output>
          <ResultFiles>
            <ResultFile path="CLTBUILD23\CourseParentCourseEquivalents_CourseParentCourseEquivalents_Html.html" />
            <ResultFile path="CLTBUILD23\CourseParentCourseEquivalents_CourseParentCourseEquivalents_Junit.xml" />
          </ResultFiles>
        </UnitTestResult>
        <UnitTestResult executionId="75105f72-8803-4269-9249-5625ea483da0" parentExecutionId="975c70bb-18bc-44e2-963d-471bef2b4959" testId="8376c87c-7a21-4ba1-aacc-9c241444f9ee" testName="15- course prerequisite-generictest (AcademicsAllApis-OrderedTest)" computerName="CLTBUILD23" duration="00:00:09.2061956" startTime="2021-04-13T15:32:34.7980209-04:00" endTime="2021-04-13T15:32:43.9998637-04:00" testType="13cdc9d9-ddb5-4fa4-a97d-d965ccfc6d4b" outcome="Failed" testListId="8c84fa94-04c1-424b-9868-57a2d4851a1d" relativeResultsDirectory="75105f72-8803-4269-9249-5625ea483da0">
          <Output>
            <StdOut>C:\Agt6\_work\_temp\TestResults\c2kbuild_CLTBUILD23 2021-04-13 15_21_13\In\75105f72-8803-4269-9249-5625ea483da0\CLTBUILD23&gt;if not defined TestLocation (set TestLocation=. ) &#xD;
&#xD;
C:\Agt6\_work\_temp\TestResults\c2kbuild_CLTBUILD23 2021-04-13 15_21_13\In\75105f72-8803-4269-9249-5625ea483da0\CLTBUILD23&gt;set CollectionFileName=Course Prerequisite.postman_collection.json &#xD;
&#xD;
C:\Agt6\_work\_temp\TestResults\c2kbuild_CLTBUILD23 2021-04-13 15_21_13\In\75105f72-8803-4269-9249-5625ea483da0\CLTBUILD23&gt;set DataFileName=Course Prerequisite.data.json &#xD;
&#xD;
C:\Agt6\_work\_temp\TestResults\c2kbuild_CLTBUILD23 2021-04-13 15_21_13\In\75105f72-8803-4269-9249-5625ea483da0\CLTBUILD23&gt;set EnvironmentFilePath=c:\agt6\_work\10\s\qaautomation\api\tests\modules\academics\courseprerequisite\..\..\..\..\Common\TeamDeepak-StudentApiEnvironment.postman_environment.json &#xD;
&#xD;
C:\Agt6\_work\_temp\TestResults\c2kbuild_CLTBUILD23 2021-04-13 15_21_13\In\75105f72-8803-4269-9249-5625ea483da0\CLTBUILD23&gt;set HtmlResultsFile=CoursePrerequisite_Course Prerequisite_Html.html &#xD;
&#xD;
C:\Agt6\_work\_temp\TestResults\c2kbuild_CLTBUILD23 2021-04-13 15_21_13\In\75105f72-8803-4269-9249-5625ea483da0\CLTBUILD23&gt;set JunitResultsFile=CoursePrerequisite_Course Prerequisite_Junit.xml &#xD;
&#xD;
C:\Agt6\_work\_temp\TestResults\c2kbuild_CLTBUILD23 2021-04-13 15_21_13\In\75105f72-8803-4269-9249-5625ea483da0\CLTBUILD23&gt;newman run "c:\agt6\_work\10\s\qaautomation\api\tests\modules\academics\courseprerequisite\Course Prerequisite.postman_collection.json" -d "c:\agt6\_work\10\s\qaautomation\api\tests\modules\academics\courseprerequisite\Course Prerequisite.data.json" -e "c:\agt6\_work\10\s\qaautomation\api\tests\modules\academics\courseprerequisite\..\..\..\..\Common\TeamDeepak-StudentApiEnvironment.postman_environment.json" -r junit,html --reporter-html-export "CoursePrerequisite_Course Prerequisite_Html.html" --reporter-junit-export "CoursePrerequisite_Course Prerequisite_Junit.xml"</StdOut>
            <ErrorInfo>
              <Message>The test failed with exit code 1.</Message>
            </ErrorInfo>
          </Output>
          <ResultFiles>
            <ResultFile path="CLTBUILD23\CoursePrerequisite_Course Prerequisite_Html.html" />
            <ResultFile path="CLTBUILD23\CoursePrerequisite_Course Prerequisite_Junit.xml" />
          </ResultFiles>
        </UnitTestResult>
        <UnitTestResult executionId="ce92da90-18f4-46d0-bcde-ad6e0a722e07" parentExecutionId="975c70bb-18bc-44e2-963d-471bef2b4959" testId="b473dc6a-2d00-4c87-82b2-2583ba80e768" testName="16- degree-generictest (AcademicsAllApis-OrderedTest)" computerName="CLTBUILD23" duration="00:00:13.6446820" startTime="2021-04-13T15:32:43.9998637-04:00" endTime="2021-04-13T15:32:57.6542213-04:00" testType="13cdc9d9-ddb5-4fa4-a97d-d965ccfc6d4b" outcome="Failed" testListId="8c84fa94-04c1-424b-9868-57a2d4851a1d" relativeResultsDirectory="ce92da90-18f4-46d0-bcde-ad6e0a722e07">
          <Output>
            <StdOut>C:\Agt6\_work\_temp\TestResults\c2kbuild_CLTBUILD23 2021-04-13 15_21_13\In\ce92da90-18f4-46d0-bcde-ad6e0a722e07\CLTBUILD23&gt;if not defined TestLocation (set TestLocation=. ) &#xD;
&#xD;
C:\Agt6\_work\_temp\TestResults\c2kbuild_CLTBUILD23 2021-04-13 15_21_13\In\ce92da90-18f4-46d0-bcde-ad6e0a722e07\CLTBUILD23&gt;set CollectionFileName=Degree.postman_collection.json &#xD;
&#xD;
C:\Agt6\_work\_temp\TestResults\c2kbuild_CLTBUILD23 2021-04-13 15_21_13\In\ce92da90-18f4-46d0-bcde-ad6e0a722e07\CLTBUILD23&gt;set DataFileName=Degree.data.json &#xD;
&#xD;
C:\Agt6\_work\_temp\TestResults\c2kbuild_CLTBUILD23 2021-04-13 15_21_13\In\ce92da90-18f4-46d0-bcde-ad6e0a722e07\CLTBUILD23&gt;set EnvironmentFilePath=c:\agt6\_work\10\s\qaautomation\api\tests\modules\academics\degree\..\..\..\..\Common\TeamDeepak-StudentApiEnvironment.postman_environment.json &#xD;
&#xD;
C:\Agt6\_work\_temp\TestResults\c2kbuild_CLTBUILD23 2021-04-13 15_21_13\In\ce92da90-18f4-46d0-bcde-ad6e0a722e07\CLTBUILD23&gt;set GlobalsFilePath=c:\agt6\_work\10\s\qaautomation\api\tests\modules\academics\degree\..\..\..\..\Common\CmcUtility.postman_globals.json &#xD;
&#xD;
C:\Agt6\_work\_temp\TestResults\c2kbuild_CLTBUILD23 2021-04-13 15_21_13\In\ce92da90-18f4-46d0-bcde-ad6e0a722e07\CLTBUILD23&gt;set HtmlResultsFile=Academics_Degree_Html.html &#xD;
&#xD;
C:\Agt6\_work\_temp\TestResults\c2kbuild_CLTBUILD23 2021-04-13 15_21_13\In\ce92da90-18f4-46d0-bcde-ad6e0a722e07\CLTBUILD23&gt;set JunitResultsFile=Academics_Degree_Junit.xml &#xD;
&#xD;
C:\Agt6\_work\_temp\TestResults\c2kbuild_CLTBUILD23 2021-04-13 15_21_13\In\ce92da90-18f4-46d0-bcde-ad6e0a722e07\CLTBUILD23&gt;newman run "c:\agt6\_work\10\s\qaautomation\api\tests\modules\academics\degree\Degree.postman_collection.json" -d "c:\agt6\_work\10\s\qaautomation\api\tests\modules\academics\degree\Degree.data.json" -e "c:\agt6\_work\10\s\qaautomation\api\tests\modules\academics\degree\..\..\..\..\Common\TeamDeepak-StudentApiEnvironment.postman_environment.json" -g "c:\agt6\_work\10\s\qaautomation\api\tests\modules\academics\degree\..\..\..\..\Common\CmcUtility.postman_globals.json" -r junit,html --reporter-html-export "Academics_Degree_Html.html" --reporter-junit-export "Academics_Degree_Junit.xml"</StdOut>
            <ErrorInfo>
              <Message>The test failed with exit code 1.</Message>
            </ErrorInfo>
          </Output>
          <ResultFiles>
            <ResultFile path="CLTBUILD23\Academics_Degree_Html.html" />
            <ResultFile path="CLTBUILD23\Academics_Degree_Junit.xml" />
          </ResultFiles>
        </UnitTestResult>
        <UnitTestResult executionId="86583c49-a342-432f-846a-1e5f02de6ac0" parentExecutionId="975c70bb-18bc-44e2-963d-471bef2b4959" testId="611a4100-101e-4e64-8647-7898fa1760a6" testName="17- fee schedules-generictest (AcademicsAllApis-OrderedTest)" computerName="CLTBUILD23" duration="00:00:14.5182271" startTime="2021-04-13T15:32:57.6542213-04:00" endTime="2021-04-13T15:33:12.1834840-04:00" testType="13cdc9d9-ddb5-4fa4-a97d-d965ccfc6d4b" outcome="Failed" testListId="8c84fa94-04c1-424b-9868-57a2d4851a1d" relativeResultsDirectory="86583c49-a342-432f-846a-1e5f02de6ac0">
          <Output>
            <StdOut>C:\Agt6\_work\_temp\TestResults\c2kbuild_CLTBUILD23 2021-04-13 15_21_13\In\86583c49-a342-432f-846a-1e5f02de6ac0\CLTBUILD23&gt;if not defined TestLocation (set TestLocation=. ) &#xD;
&#xD;
C:\Agt6\_work\_temp\TestResults\c2kbuild_CLTBUILD23 2021-04-13 15_21_13\In\86583c49-a342-432f-846a-1e5f02de6ac0\CLTBUILD23&gt;set CollectionFileName=Fee Schedules.postman_collection.json &#xD;
&#xD;
C:\Agt6\_work\_temp\TestResults\c2kbuild_CLTBUILD23 2021-04-13 15_21_13\In\86583c49-a342-432f-846a-1e5f02de6ac0\CLTBUILD23&gt;set DataFileName=Fee Schedules.data.json &#xD;
&#xD;
C:\Agt6\_work\_temp\TestResults\c2kbuild_CLTBUILD23 2021-04-13 15_21_13\In\86583c49-a342-432f-846a-1e5f02de6ac0\CLTBUILD23&gt;set EnvironmentFilePath=c:\agt6\_work\10\s\qaautomation\api\tests\modules\academics\fee schedules\..\..\..\..\Common\TeamDeepak-StudentApiEnvironment.postman_environment.json &#xD;
&#xD;
C:\Agt6\_work\_temp\TestResults\c2kbuild_CLTBUILD23 2021-04-13 15_21_13\In\86583c49-a342-432f-846a-1e5f02de6ac0\CLTBUILD23&gt;set HtmlResultsFile=Fee Schedules_Fee Schedules_Html.html &#xD;
&#xD;
C:\Agt6\_work\_temp\TestResults\c2kbuild_CLTBUILD23 2021-04-13 15_21_13\In\86583c49-a342-432f-846a-1e5f02de6ac0\CLTBUILD23&gt;set JunitResultsFile=Fee Schedules_Fee Schedules_Junit.xml &#xD;
&#xD;
C:\Agt6\_work\_temp\TestResults\c2kbuild_CLTBUILD23 2021-04-13 15_21_13\In\86583c49-a342-432f-846a-1e5f02de6ac0\CLTBUILD23&gt;newman run "c:\agt6\_work\10\s\qaautomation\api\tests\modules\academics\fee schedules\Fee Schedules.postman_collection.json" -d "c:\agt6\_work\10\s\qaautomation\api\tests\modules\academics\fee schedules\Fee Schedules.data.json" -e "c:\agt6\_work\10\s\qaautomation\api\tests\modules\academics\fee schedules\..\..\..\..\Common\TeamDeepak-StudentApiEnvironment.postman_environment.json" -r junit,html --reporter-html-export "Fee Schedules_Fee Schedules_Html.html" --reporter-junit-export "Fee Schedules_Fee Schedules_Junit.xml"</StdOut>
            <ErrorInfo>
              <Message>The test failed with exit code 1.</Message>
            </ErrorInfo>
          </Output>
          <ResultFiles>
            <ResultFile path="CLTBUILD23\Fee Schedules_Fee Schedules_Html.html" />
            <ResultFile path="CLTBUILD23\Fee Schedules_Fee Schedules_Junit.xml" />
          </ResultFiles>
        </UnitTestResult>
        <UnitTestResult executionId="eb264ce6-80f0-47b7-8602-2d9b00692b93" parentExecutionId="975c70bb-18bc-44e2-963d-471bef2b4959" testId="9da3b122-7a11-4797-b694-9b80f6537902" testName="18- gpacalculationtype-generictest (AcademicsAllApis-OrderedTest)" computerName="CLTBUILD23" duration="00:00:14.2700665" startTime="2021-04-13T15:33:12.1834840-04:00" endTime="2021-04-13T15:33:26.4471173-04:00" testType="13cdc9d9-ddb5-4fa4-a97d-d965ccfc6d4b" outcome="Failed" testListId="8c84fa94-04c1-424b-9868-57a2d4851a1d" relativeResultsDirectory="eb264ce6-80f0-47b7-8602-2d9b00692b93">
          <Output>
            <StdOut>C:\Agt6\_work\_temp\TestResults\c2kbuild_CLTBUILD23 2021-04-13 15_21_13\In\eb264ce6-80f0-47b7-8602-2d9b00692b93\CLTBUILD23&gt;if not defined TestLocation (set TestLocation=. ) &#xD;
&#xD;
C:\Agt6\_work\_temp\TestResults\c2kbuild_CLTBUILD23 2021-04-13 15_21_13\In\eb264ce6-80f0-47b7-8602-2d9b00692b93\CLTBUILD23&gt;set CollectionFileName=GPACalculationType.postman_collection.json &#xD;
&#xD;
C:\Agt6\_work\_temp\TestResults\c2kbuild_CLTBUILD23 2021-04-13 15_21_13\In\eb264ce6-80f0-47b7-8602-2d9b00692b93\CLTBUILD23&gt;set DataFileName=GPACalculationType.data.json &#xD;
&#xD;
C:\Agt6\_work\_temp\TestResults\c2kbuild_CLTBUILD23 2021-04-13 15_21_13\In\eb264ce6-80f0-47b7-8602-2d9b00692b93\CLTBUILD23&gt;set EnvironmentFilePath=c:\agt6\_work\10\s\qaautomation\api\tests\modules\academics\gpacalculationtype\..\..\..\..\Common\TeamDeepak-StudentApiEnvironment.postman_environment.json &#xD;
&#xD;
C:\Agt6\_work\_temp\TestResults\c2kbuild_CLTBUILD23 2021-04-13 15_21_13\In\eb264ce6-80f0-47b7-8602-2d9b00692b93\CLTBUILD23&gt;set HtmlResultsFile=GPACalculationType_GPACalculationType_Html.html &#xD;
&#xD;
C:\Agt6\_work\_temp\TestResults\c2kbuild_CLTBUILD23 2021-04-13 15_21_13\In\eb264ce6-80f0-47b7-8602-2d9b00692b93\CLTBUILD23&gt;set JunitResultsFile=GPACalculationType_GPACalculationType_Junit.xml &#xD;
&#xD;
C:\Agt6\_work\_temp\TestResults\c2kbuild_CLTBUILD23 2021-04-13 15_21_13\In\eb264ce6-80f0-47b7-8602-2d9b00692b93\CLTBUILD23&gt;newman run "c:\agt6\_work\10\s\qaautomation\api\tests\modules\academics\gpacalculationtype\GPACalculationType.postman_collection.json" -d "c:\agt6\_work\10\s\qaautomation\api\tests\modules\academics\gpacalculationtype\GPACalculationType.data.json" -e "c:\agt6\_work\10\s\qaautomation\api\tests\modules\academics\gpacalculationtype\..\..\..\..\Common\TeamDeepak-StudentApiEnvironment.postman_environment.json" -r junit,html --reporter-html-export "GPACalculationType_GPACalculationType_Html.html" --reporter-junit-export "GPACalculationType_GPACalculationType_Junit.xml"</StdOut>
            <ErrorInfo>
              <Message>The test failed with exit code 1.</Message>
            </ErrorInfo>
          </Output>
          <ResultFiles>
            <ResultFile path="CLTBUILD23\GPACalculationType_GPACalculationType_Html.html" />
            <ResultFile path="CLTBUILD23\GPACalculationType_GPACalculationType_Junit.xml" />
          </ResultFiles>
        </UnitTestResult>
        <UnitTestResult executionId="18d26f5e-e602-4f1a-9ab7-7d876c260333" parentExecutionId="975c70bb-18bc-44e2-963d-471bef2b4959" testId="a91d7520-04a7-4936-a0f9-110397ed8bfd" testName="19- gradelevelpromotioncode-generictest (AcademicsAllApis-OrderedTest)" computerName="CLTBUILD23" duration="00:00:14.3671753" startTime="2021-04-13T15:33:26.4627398-04:00" endTime="2021-04-13T15:33:40.8201266-04:00" testType="13cdc9d9-ddb5-4fa4-a97d-d965ccfc6d4b" outcome="Failed" testListId="8c84fa94-04c1-424b-9868-57a2d4851a1d" relativeResultsDirectory="18d26f5e-e602-4f1a-9ab7-7d876c260333">
          <Output>
            <StdOut>C:\Agt6\_work\_temp\TestResults\c2kbuild_CLTBUILD23 2021-04-13 15_21_13\In\18d26f5e-e602-4f1a-9ab7-7d876c260333\CLTBUILD23&gt;if not defined TestLocation (set TestLocation=. ) &#xD;
&#xD;
C:\Agt6\_work\_temp\TestResults\c2kbuild_CLTBUILD23 2021-04-13 15_21_13\In\18d26f5e-e602-4f1a-9ab7-7d876c260333\CLTBUILD23&gt;set CollectionFileName=Gradelevelpromotioncode.postman_collection.json &#xD;
&#xD;
C:\Agt6\_work\_temp\TestResults\c2kbuild_CLTBUILD23 2021-04-13 15_21_13\In\18d26f5e-e602-4f1a-9ab7-7d876c260333\CLTBUILD23&gt;set DataFileName=Gradelevelpromotioncode.data.json &#xD;
&#xD;
C:\Agt6\_work\_temp\TestResults\c2kbuild_CLTBUILD23 2021-04-13 15_21_13\In\18d26f5e-e602-4f1a-9ab7-7d876c260333\CLTBUILD23&gt;set EnvironmentFilePath=c:\agt6\_work\10\s\qaautomation\api\tests\modules\academics\gradelevelpromotioncode\..\..\..\..\Common\TeamDeepak-StudentApiEnvironment.postman_environment.json &#xD;
&#xD;
C:\Agt6\_work\_temp\TestResults\c2kbuild_CLTBUILD23 2021-04-13 15_21_13\In\18d26f5e-e602-4f1a-9ab7-7d876c260333\CLTBUILD23&gt;set HtmlResultsFile=GradeLevelCode_Gradelevelpromotioncode_Html.html &#xD;
&#xD;
C:\Agt6\_work\_temp\TestResults\c2kbuild_CLTBUILD23 2021-04-13 15_21_13\In\18d26f5e-e602-4f1a-9ab7-7d876c260333\CLTBUILD23&gt;set JunitResultsFile=GradeLevelCode_Gradelevelprmnotioncode_Junit.xml &#xD;
&#xD;
C:\Agt6\_work\_temp\TestResults\c2kbuild_CLTBUILD23 2021-04-13 15_21_13\In\18d26f5e-e602-4f1a-9ab7-7d876c260333\CLTBUILD23&gt;newman run "c:\agt6\_work\10\s\qaautomation\api\tests\modules\academics\gradelevelpromotioncode\Gradelevelpromotioncode.postman_collection.json" -d "c:\agt6\_work\10\s\qaautomation\api\tests\modules\academics\gradelevelpromotioncode\Gradelevelpromotioncode.data.json" -e "c:\agt6\_work\10\s\qaautomation\api\tests\modules\academics\gradelevelpromotioncode\..\..\..\..\Common\TeamDeepak-StudentApiEnvironment.postman_environment.json" -r junit,html --reporter-html-export "GradeLevelCode_Gradelevelpromotioncode_Html.html" --reporter-junit-export "GradeLevelCode_Gradelevelprmnotioncode_Junit.xml"</StdOut>
            <ErrorInfo>
              <Message>The test failed with exit code 1.</Message>
            </ErrorInfo>
          </Output>
          <ResultFiles>
            <ResultFile path="CLTBUILD23\GradeLevelCode_Gradelevelprmnotioncode_Junit.xml" />
            <ResultFile path="CLTBUILD23\GradeLevelCode_Gradelevelpromotioncode_Html.html" />
          </ResultFiles>
        </UnitTestResult>
        <UnitTestResult executionId="5a8b57c0-971b-40db-b2b2-5f3d5fcda21b" parentExecutionId="975c70bb-18bc-44e2-963d-471bef2b4959" testId="5860294f-4641-4464-ab5f-53527466999d" testName="20- gradescale_savedupcheck-generictest (AcademicsAllApis-OrderedTest)" computerName="CLTBUILD23" duration="00:00:18.2912228" startTime="2021-04-13T15:33:40.8201266-04:00" endTime="2021-04-13T15:33:59.1144951-04:00" testType="13cdc9d9-ddb5-4fa4-a97d-d965ccfc6d4b" outcome="Failed" testListId="8c84fa94-04c1-424b-9868-57a2d4851a1d" relativeResultsDirectory="5a8b57c0-971b-40db-b2b2-5f3d5fcda21b">
          <Output>
            <StdOut>C:\Agt6\_work\_temp\TestResults\c2kbuild_CLTBUILD23 2021-04-13 15_21_13\In\5a8b57c0-971b-40db-b2b2-5f3d5fcda21b\CLTBUILD23&gt;if not defined TestLocation (set TestLocation=. ) &#xD;
&#xD;
C:\Agt6\_work\_temp\TestResults\c2kbuild_CLTBUILD23 2021-04-13 15_21_13\In\5a8b57c0-971b-40db-b2b2-5f3d5fcda21b\CLTBUILD23&gt;set CollectionFileName=GradeScale_SaveDupCheck.postman_collection.json &#xD;
&#xD;
C:\Agt6\_work\_temp\TestResults\c2kbuild_CLTBUILD23 2021-04-13 15_21_13\In\5a8b57c0-971b-40db-b2b2-5f3d5fcda21b\CLTBUILD23&gt;set DataFileName=GradeScale_SaveDupCheck.data.json &#xD;
&#xD;
C:\Agt6\_work\_temp\TestResults\c2kbuild_CLTBUILD23 2021-04-13 15_21_13\In\5a8b57c0-971b-40db-b2b2-5f3d5fcda21b\CLTBUILD23&gt;set EnvironmentFilePath=c:\agt6\_work\10\s\qaautomation\api\tests\modules\academics\gradescale\..\..\..\..\Common\TeamDeepak-StudentApiEnvironment.postman_environment.json &#xD;
&#xD;
C:\Agt6\_work\_temp\TestResults\c2kbuild_CLTBUILD23 2021-04-13 15_21_13\In\5a8b57c0-971b-40db-b2b2-5f3d5fcda21b\CLTBUILD23&gt;set HtmlResultsFile=GradeScale_SaveDupCheck_GradeScale_SaveDupCheck_Html.html &#xD;
&#xD;
C:\Agt6\_work\_temp\TestResults\c2kbuild_CLTBUILD23 2021-04-13 15_21_13\In\5a8b57c0-971b-40db-b2b2-5f3d5fcda21b\CLTBUILD23&gt;set JunitResultsFile=GradeScale_SaveDupCheck_GradeScale_SaveDupCheck_Junit.xml &#xD;
&#xD;
C:\Agt6\_work\_temp\TestResults\c2kbuild_CLTBUILD23 2021-04-13 15_21_13\In\5a8b57c0-971b-40db-b2b2-5f3d5fcda21b\CLTBUILD23&gt;newman run "c:\agt6\_work\10\s\qaautomation\api\tests\modules\academics\gradescale\GradeScale_SaveDupCheck.postman_collection.json" -d "c:\agt6\_work\10\s\qaautomation\api\tests\modules\academics\gradescale\GradeScale_SaveDupCheck.data.json" -e "c:\agt6\_work\10\s\qaautomation\api\tests\modules\academics\gradescale\..\..\..\..\Common\TeamDeepak-StudentApiEnvironment.postman_environment.json" -r junit,html --reporter-html-export "GradeScale_SaveDupCheck_GradeScale_SaveDupCheck_Html.html" --reporter-junit-export "GradeScale_SaveDupCheck_GradeScale_SaveDupCheck_Junit.xml"</StdOut>
            <ErrorInfo>
              <Message>The test failed with exit code 1.</Message>
            </ErrorInfo>
          </Output>
          <ResultFiles>
            <ResultFile path="CLTBUILD23\GradeScale_SaveDupCheck_GradeScale_SaveDupCheck_Html.html" />
            <ResultFile path="CLTBUILD23\GradeScale_SaveDupCheck_GradeScale_SaveDupCheck_Junit.xml" />
          </ResultFiles>
        </UnitTestResult>
        <UnitTestResult executionId="f5675418-9096-456d-98fb-455e02db55c7" parentExecutionId="975c70bb-18bc-44e2-963d-471bef2b4959" testId="db06978e-e459-49bc-9a0c-097d4ee3e59b" testName="21- gradescale_savenew_dupcheck-generictest (AcademicsAllApis-OrderedTest)" computerName="CLTBUILD23" duration="00:00:12.6142068" startTime="2021-04-13T15:33:59.1144951-04:00" endTime="2021-04-13T15:34:11.7377248-04:00" testType="13cdc9d9-ddb5-4fa4-a97d-d965ccfc6d4b" outcome="Failed" testListId="8c84fa94-04c1-424b-9868-57a2d4851a1d" relativeResultsDirectory="f5675418-9096-456d-98fb-455e02db55c7">
          <Output>
            <StdOut>C:\Agt6\_work\_temp\TestResults\c2kbuild_CLTBUILD23 2021-04-13 15_21_13\In\f5675418-9096-456d-98fb-455e02db55c7\CLTBUILD23&gt;if not defined TestLocation (set TestLocation=. ) &#xD;
&#xD;
C:\Agt6\_work\_temp\TestResults\c2kbuild_CLTBUILD23 2021-04-13 15_21_13\In\f5675418-9096-456d-98fb-455e02db55c7\CLTBUILD23&gt;set CollectionFileName=GradeScale_SaveNew_DupCheck.postman_collection.json &#xD;
&#xD;
C:\Agt6\_work\_temp\TestResults\c2kbuild_CLTBUILD23 2021-04-13 15_21_13\In\f5675418-9096-456d-98fb-455e02db55c7\CLTBUILD23&gt;set DataFileName=GradeScale_SaveNew_DupCheck.data.json &#xD;
&#xD;
C:\Agt6\_work\_temp\TestResults\c2kbuild_CLTBUILD23 2021-04-13 15_21_13\In\f5675418-9096-456d-98fb-455e02db55c7\CLTBUILD23&gt;set EnvironmentFilePath=c:\agt6\_work\10\s\qaautomation\api\tests\modules\academics\gradescale\..\..\..\..\Common\TeamDeepak-StudentApiEnvironment.postman_environment.json &#xD;
&#xD;
C:\Agt6\_work\_temp\TestResults\c2kbuild_CLTBUILD23 2021-04-13 15_21_13\In\f5675418-9096-456d-98fb-455e02db55c7\CLTBUILD23&gt;set HtmlResultsFile=GradeScale_SaveNew_DupCheck_GradeScale_SaveNew_DupCheck_Html.html &#xD;
&#xD;
C:\Agt6\_work\_temp\TestResults\c2kbuild_CLTBUILD23 2021-04-13 15_21_13\In\f5675418-9096-456d-98fb-455e02db55c7\CLTBUILD23&gt;set JunitResultsFile=GradeScale_SaveNew_DupCheck_GradeScale_SaveNew_DupCheck_Junit.xml &#xD;
&#xD;
C:\Agt6\_work\_temp\TestResults\c2kbuild_CLTBUILD23 2021-04-13 15_21_13\In\f5675418-9096-456d-98fb-455e02db55c7\CLTBUILD23&gt;newman run "c:\agt6\_work\10\s\qaautomation\api\tests\modules\academics\gradescale\GradeScale_SaveNew_DupCheck.postman_collection.json" -d "c:\agt6\_work\10\s\qaautomation\api\tests\modules\academics\gradescale\GradeScale_SaveNew_DupCheck.data.json" -e "c:\agt6\_work\10\s\qaautomation\api\tests\modules\academics\gradescale\..\..\..\..\Common\TeamDeepak-StudentApiEnvironment.postman_environment.json" -r junit,html --reporter-html-export "GradeScale_SaveNew_DupCheck_GradeScale_SaveNew_DupCheck_Html.html" --reporter-junit-export "GradeScale_SaveNew_DupCheck_GradeScale_SaveNew_DupCheck_Junit.xml"</StdOut>
            <ErrorInfo>
              <Message>The test failed with exit code 1.</Message>
            </ErrorInfo>
          </Output>
          <ResultFiles>
            <ResultFile path="CLTBUILD23\GradeScale_SaveNew_DupCheck_GradeScale_SaveNew_DupCheck_Html.html" />
            <ResultFile path="CLTBUILD23\GradeScale_SaveNew_DupCheck_GradeScale_SaveNew_DupCheck_Junit.xml" />
          </ResultFiles>
        </UnitTestResult>
        <UnitTestResult executionId="4c3ca1bc-3c20-4a77-b254-080392cd8263" parentExecutionId="975c70bb-18bc-44e2-963d-471bef2b4959" testId="b5d4447c-75a6-44b3-bb46-ee84a0fbcd4f" testName="22- gradescalecrud-generictest (AcademicsAllApis-OrderedTest)" computerName="CLTBUILD23" duration="00:00:15.6281431" startTime="2021-04-13T15:34:11.7377248-04:00" endTime="2021-04-13T15:34:27.3605609-04:00" testType="13cdc9d9-ddb5-4fa4-a97d-d965ccfc6d4b" outcome="Failed" testListId="8c84fa94-04c1-424b-9868-57a2d4851a1d" relativeResultsDirectory="4c3ca1bc-3c20-4a77-b254-080392cd8263">
          <Output>
            <StdOut>C:\Agt6\_work\_temp\TestResults\c2kbuild_CLTBUILD23 2021-04-13 15_21_13\In\4c3ca1bc-3c20-4a77-b254-080392cd8263\CLTBUILD23&gt;if not defined TestLocation (set TestLocation=. ) &#xD;
&#xD;
C:\Agt6\_work\_temp\TestResults\c2kbuild_CLTBUILD23 2021-04-13 15_21_13\In\4c3ca1bc-3c20-4a77-b254-080392cd8263\CLTBUILD23&gt;set CollectionFileName=GradeScaleCrud.postman_collection.json &#xD;
&#xD;
C:\Agt6\_work\_temp\TestResults\c2kbuild_CLTBUILD23 2021-04-13 15_21_13\In\4c3ca1bc-3c20-4a77-b254-080392cd8263\CLTBUILD23&gt;set DataFileName=GradeScaleCrud.data.json &#xD;
&#xD;
C:\Agt6\_work\_temp\TestResults\c2kbuild_CLTBUILD23 2021-04-13 15_21_13\In\4c3ca1bc-3c20-4a77-b254-080392cd8263\CLTBUILD23&gt;set EnvironmentFilePath=c:\agt6\_work\10\s\qaautomation\api\tests\modules\academics\gradescale\..\..\..\..\Common\TeamDeepak-StudentApiEnvironment.postman_environment.json &#xD;
&#xD;
C:\Agt6\_work\_temp\TestResults\c2kbuild_CLTBUILD23 2021-04-13 15_21_13\In\4c3ca1bc-3c20-4a77-b254-080392cd8263\CLTBUILD23&gt;set HtmlResultsFile=Gradescale_CRUD_Html.html &#xD;
&#xD;
C:\Agt6\_work\_temp\TestResults\c2kbuild_CLTBUILD23 2021-04-13 15_21_13\In\4c3ca1bc-3c20-4a77-b254-080392cd8263\CLTBUILD23&gt;set JunitResultsFile=Gradescale_CRUD_Junit.xml &#xD;
&#xD;
C:\Agt6\_work\_temp\TestResults\c2kbuild_CLTBUILD23 2021-04-13 15_21_13\In\4c3ca1bc-3c20-4a77-b254-080392cd8263\CLTBUILD23&gt;newman run "c:\agt6\_work\10\s\qaautomation\api\tests\modules\academics\gradescale\GradeScaleCrud.postman_collection.json" -d "c:\agt6\_work\10\s\qaautomation\api\tests\modules\academics\gradescale\GradeScaleCrud.data.json" -e "c:\agt6\_work\10\s\qaautomation\api\tests\modules\academics\gradescale\..\..\..\..\Common\TeamDeepak-StudentApiEnvironment.postman_environment.json" -r junit,html --reporter-html-export "Gradescale_CRUD_Html.html" --reporter-junit-export "Gradescale_CRUD_Junit.xml"</StdOut>
            <ErrorInfo>
              <Message>The test failed with exit code 1.</Message>
            </ErrorInfo>
          </Output>
          <ResultFiles>
            <ResultFile path="CLTBUILD23\Gradescale_CRUD_Html.html" />
            <ResultFile path="CLTBUILD23\Gradescale_CRUD_Junit.xml" />
          </ResultFiles>
        </UnitTestResult>
        <UnitTestResult executionId="c15a89bb-cd37-4fd4-a1fc-e95f04739826" parentExecutionId="975c70bb-18bc-44e2-963d-471bef2b4959" testId="c4ade073-31aa-439d-8ffb-1c832efd2c09" testName="23- gradeletter_savenew.generictest (AcademicsAllApis-OrderedTest)" computerName="CLTBUILD23" duration="00:00:06.0973369" startTime="2021-04-13T15:34:27.3605609-04:00" endTime="2021-04-13T15:34:33.4534681-04:00" testType="13cdc9d9-ddb5-4fa4-a97d-d965ccfc6d4b" outcome="Failed" testListId="8c84fa94-04c1-424b-9868-57a2d4851a1d" relativeResultsDirectory="c15a89bb-cd37-4fd4-a1fc-e95f04739826">
          <Output>
            <StdOut>C:\Agt6\_work\_temp\TestResults\c2kbuild_CLTBUILD23 2021-04-13 15_21_13\In\c15a89bb-cd37-4fd4-a1fc-e95f04739826\CLTBUILD23&gt;if not defined TestLocation (set TestLocation=. ) &#xD;
&#xD;
C:\Agt6\_work\_temp\TestResults\c2kbuild_CLTBUILD23 2021-04-13 15_21_13\In\c15a89bb-cd37-4fd4-a1fc-e95f04739826\CLTBUILD23&gt;set CollectionFileName=GradeLetter_SaveNew.postman_collection.json &#xD;
&#xD;
C:\Agt6\_work\_temp\TestResults\c2kbuild_CLTBUILD23 2021-04-13 15_21_13\In\c15a89bb-cd37-4fd4-a1fc-e95f04739826\CLTBUILD23&gt;set EnvironmentFilePath=c:\agt6\_work\10\s\qaautomation\api\tests\modules\academics\lettergrade\..\..\..\..\Common\TeamDeepak-StudentApiEnvironment.postman_environment.json &#xD;
&#xD;
C:\Agt6\_work\_temp\TestResults\c2kbuild_CLTBUILD23 2021-04-13 15_21_13\In\c15a89bb-cd37-4fd4-a1fc-e95f04739826\CLTBUILD23&gt;set GlobalsFilePath=c:\agt6\_work\10\s\qaautomation\api\tests\modules\academics\lettergrade\..\..\..\..\Common\CmcUtility.postman_globals.json &#xD;
&#xD;
C:\Agt6\_work\_temp\TestResults\c2kbuild_CLTBUILD23 2021-04-13 15_21_13\In\c15a89bb-cd37-4fd4-a1fc-e95f04739826\CLTBUILD23&gt;set HtmlResultsFile=Academics_GradeLetter_SaveNew_Html.html &#xD;
&#xD;
C:\Agt6\_work\_temp\TestResults\c2kbuild_CLTBUILD23 2021-04-13 15_21_13\In\c15a89bb-cd37-4fd4-a1fc-e95f04739826\CLTBUILD23&gt;set JunitResultsFile=Academics_GradeLetter_SaveNew_Junit.xml &#xD;
&#xD;
C:\Agt6\_work\_temp\TestResults\c2kbuild_CLTBUILD23 2021-04-13 15_21_13\In\c15a89bb-cd37-4fd4-a1fc-e95f04739826\CLTBUILD23&gt;newman run "c:\agt6\_work\10\s\qaautomation\api\tests\modules\academics\lettergrade\GradeLetter_SaveNew.postman_collection.json" -e "c:\agt6\_work\10\s\qaautomation\api\tests\modules\academics\lettergrade\..\..\..\..\Common\TeamDeepak-StudentApiEnvironment.postman_environment.json" -g "c:\agt6\_work\10\s\qaautomation\api\tests\modules\academics\lettergrade\..\..\..\..\Common\CmcUtility.postman_globals.json" -r junit,html --reporter-html-export "Academics_GradeLetter_SaveNew_Html.html" --reporter-junit-export "Academics_GradeLetter_SaveNew_Junit.xml"</StdOut>
            <ErrorInfo>
              <Message>The test failed with exit code 1.</Message>
            </ErrorInfo>
          </Output>
          <ResultFiles>
            <ResultFile path="CLTBUILD23\Academics_GradeLetter_SaveNew_Html.html" />
            <ResultFile path="CLTBUILD23\Academics_GradeLetter_SaveNew_Junit.xml" />
          </ResultFiles>
        </UnitTestResult>
        <UnitTestResult executionId="df18bd01-6184-432e-9bf6-aaf954813903" parentExecutionId="975c70bb-18bc-44e2-963d-471bef2b4959" testId="ebed6a25-d46a-4075-8741-2f22f6d120c5" testName="24- lettergrade.generictest (AcademicsAllApis-OrderedTest)" computerName="CLTBUILD23" duration="00:02:00.2833511" startTime="2021-04-13T15:34:33.4690902-04:00" endTime="2021-04-13T15:36:33.7493171-04:00" testType="13cdc9d9-ddb5-4fa4-a97d-d965ccfc6d4b" outcome="Failed" testListId="8c84fa94-04c1-424b-9868-57a2d4851a1d" relativeResultsDirectory="df18bd01-6184-432e-9bf6-aaf954813903">
          <Output>
            <StdOut>C:\Agt6\_work\_temp\TestResults\c2kbuild_CLTBUILD23 2021-04-13 15_21_13\In\df18bd01-6184-432e-9bf6-aaf954813903\CLTBUILD23&gt;if not defined TestLocation (set TestLocation=. ) &#xD;
&#xD;
C:\Agt6\_work\_temp\TestResults\c2kbuild_CLTBUILD23 2021-04-13 15_21_13\In\df18bd01-6184-432e-9bf6-aaf954813903\CLTBUILD23&gt;set CollectionFileName=LetterGrade.postman_collection.json &#xD;
&#xD;
C:\Agt6\_work\_temp\TestResults\c2kbuild_CLTBUILD23 2021-04-13 15_21_13\In\df18bd01-6184-432e-9bf6-aaf954813903\CLTBUILD23&gt;set DataFileName=LetterGrade.data.json &#xD;
&#xD;
C:\Agt6\_work\_temp\TestResults\c2kbuild_CLTBUILD23 2021-04-13 15_21_13\In\df18bd01-6184-432e-9bf6-aaf954813903\CLTBUILD23&gt;set EnvironmentFilePath=c:\agt6\_work\10\s\qaautomation\api\tests\modules\academics\lettergrade\..\..\..\..\Common\TeamDeepak-StudentApiEnvironment.postman_environment.json &#xD;
&#xD;
C:\Agt6\_work\_temp\TestResults\c2kbuild_CLTBUILD23 2021-04-13 15_21_13\In\df18bd01-6184-432e-9bf6-aaf954813903\CLTBUILD23&gt;set GlobalsFilePath=c:\agt6\_work\10\s\qaautomation\api\tests\modules\academics\lettergrade\..\..\..\..\Common\CmcUtility.postman_globals.json &#xD;
&#xD;
C:\Agt6\_work\_temp\TestResults\c2kbuild_CLTBUILD23 2021-04-13 15_21_13\In\df18bd01-6184-432e-9bf6-aaf954813903\CLTBUILD23&gt;set HtmlResultsFile=Academics_LetterGrade_Html.html &#xD;
&#xD;
C:\Agt6\_work\_temp\TestResults\c2kbuild_CLTBUILD23 2021-04-13 15_21_13\In\df18bd01-6184-432e-9bf6-aaf954813903\CLTBUILD23&gt;set JunitResultsFile=Academics_LetterGrade_Junit.xml &#xD;
&#xD;
C:\Agt6\_work\_temp\TestResults\c2kbuild_CLTBUILD23 2021-04-13 15_21_13\In\df18bd01-6184-432e-9bf6-aaf954813903\CLTBUILD23&gt;newman run "c:\agt6\_work\10\s\qaautomation\api\tests\modules\academics\lettergrade\LetterGrade.postman_collection.json" -d "c:\agt6\_work\10\s\qaautomation\api\tests\modules\academics\lettergrade\LetterGrade.data.json" -e "c:\agt6\_work\10\s\qaautomation\api\tests\modules\academics\lettergrade\..\..\..\..\Common\TeamDeepak-StudentApiEnvironment.postman_environment.json" -g "c:\agt6\_work\10\s\qaautomation\api\tests\modules\academics\lettergrade\..\..\..\..\Common\CmcUtility.postman_globals.json" -r junit,html --reporter-html-export "Academics_LetterGrade_Html.html" --reporter-junit-export "Academics_LetterGrade_Junit.xml"</StdOut>
            <ErrorInfo>
              <Message>The test failed with exit code 1.</Message>
            </ErrorInfo>
          </Output>
          <ResultFiles>
            <ResultFile path="CLTBUILD23\Academics_LetterGrade_Html.html" />
            <ResultFile path="CLTBUILD23\Academics_LetterGrade_Junit.xml" />
          </ResultFiles>
        </UnitTestResult>
        <UnitTestResult executionId="8c9a765c-e604-4c60-b787-4c27b0b10224" parentExecutionId="975c70bb-18bc-44e2-963d-471bef2b4959" testId="c610d88d-8fc3-4ab5-acb6-c549d5acfa43" testName="25- lmsvendor-generictest (AcademicsAllApis-OrderedTest)" computerName="CLTBUILD23" duration="00:00:14.2164676" startTime="2021-04-13T15:36:33.7493171-04:00" endTime="2021-04-13T15:36:47.9817231-04:00" testType="13cdc9d9-ddb5-4fa4-a97d-d965ccfc6d4b" outcome="Failed" testListId="8c84fa94-04c1-424b-9868-57a2d4851a1d" relativeResultsDirectory="8c9a765c-e604-4c60-b787-4c27b0b10224">
          <Output>
            <StdOut>C:\Agt6\_work\_temp\TestResults\c2kbuild_CLTBUILD23 2021-04-13 15_21_13\In\8c9a765c-e604-4c60-b787-4c27b0b10224\CLTBUILD23&gt;if not defined TestLocation (set TestLocation=. ) &#xD;
&#xD;
C:\Agt6\_work\_temp\TestResults\c2kbuild_CLTBUILD23 2021-04-13 15_21_13\In\8c9a765c-e604-4c60-b787-4c27b0b10224\CLTBUILD23&gt;set CollectionFileName=LMSVendor.postman_collection.json &#xD;
&#xD;
C:\Agt6\_work\_temp\TestResults\c2kbuild_CLTBUILD23 2021-04-13 15_21_13\In\8c9a765c-e604-4c60-b787-4c27b0b10224\CLTBUILD23&gt;set DataFileName=LMSVendor.data.json &#xD;
&#xD;
C:\Agt6\_work\_temp\TestResults\c2kbuild_CLTBUILD23 2021-04-13 15_21_13\In\8c9a765c-e604-4c60-b787-4c27b0b10224\CLTBUILD23&gt;set EnvironmentFilePath=c:\agt6\_work\10\s\qaautomation\api\tests\modules\academics\lmsvendor\..\..\..\..\Common\TeamDeepak-StudentApiEnvironment.postman_environment.json &#xD;
&#xD;
C:\Agt6\_work\_temp\TestResults\c2kbuild_CLTBUILD23 2021-04-13 15_21_13\In\8c9a765c-e604-4c60-b787-4c27b0b10224\CLTBUILD23&gt;set HtmlResultsFile=LMSVendor_LMSVendor_Html.html &#xD;
&#xD;
C:\Agt6\_work\_temp\TestResults\c2kbuild_CLTBUILD23 2021-04-13 15_21_13\In\8c9a765c-e604-4c60-b787-4c27b0b10224\CLTBUILD23&gt;set JunitResultsFile=LMSVendor_LMSVendor_Junit.xml &#xD;
&#xD;
C:\Agt6\_work\_temp\TestResults\c2kbuild_CLTBUILD23 2021-04-13 15_21_13\In\8c9a765c-e604-4c60-b787-4c27b0b10224\CLTBUILD23&gt;newman run "c:\agt6\_work\10\s\qaautomation\api\tests\modules\academics\lmsvendor\LMSVendor.postman_collection.json" -d "c:\agt6\_work\10\s\qaautomation\api\tests\modules\academics\lmsvendor\LMSVendor.data.json" -e "c:\agt6\_work\10\s\qaautomation\api\tests\modules\academics\lmsvendor\..\..\..\..\Common\TeamDeepak-StudentApiEnvironment.postman_environment.json" -r junit,html --reporter-html-export "LMSVendor_LMSVendor_Html.html" --reporter-junit-export "LMSVendor_LMSVendor_Junit.xml"</StdOut>
            <ErrorInfo>
              <Message>The test failed with exit code 1.</Message>
            </ErrorInfo>
          </Output>
          <ResultFiles>
            <ResultFile path="CLTBUILD23\LMSVendor_LMSVendor_Html.html" />
            <ResultFile path="CLTBUILD23\LMSVendor_LMSVendor_Junit.xml" />
          </ResultFiles>
        </UnitTestResult>
        <UnitTestResult executionId="f6d6be83-2930-49fa-a60a-004fcaa2db01" parentExecutionId="975c70bb-18bc-44e2-963d-471bef2b4959" testId="e94fda7c-c752-4545-9d4e-191e3256c352" testName="26- meeting pattern-generictest (AcademicsAllApis-OrderedTest)" computerName="CLTBUILD23" duration="00:00:14.0134312" startTime="2021-04-13T15:36:47.9817231-04:00" endTime="2021-04-13T15:37:01.9954079-04:00" testType="13cdc9d9-ddb5-4fa4-a97d-d965ccfc6d4b" outcome="Failed" testListId="8c84fa94-04c1-424b-9868-57a2d4851a1d" relativeResultsDirectory="f6d6be83-2930-49fa-a60a-004fcaa2db01">
          <Output>
            <StdOut>C:\Agt6\_work\_temp\TestResults\c2kbuild_CLTBUILD23 2021-04-13 15_21_13\In\f6d6be83-2930-49fa-a60a-004fcaa2db01\CLTBUILD23&gt;if not defined TestLocation (set TestLocation=. ) &#xD;
&#xD;
C:\Agt6\_work\_temp\TestResults\c2kbuild_CLTBUILD23 2021-04-13 15_21_13\In\f6d6be83-2930-49fa-a60a-004fcaa2db01\CLTBUILD23&gt;set CollectionFileName=Meeting Pattern.postman_collection.json &#xD;
&#xD;
C:\Agt6\_work\_temp\TestResults\c2kbuild_CLTBUILD23 2021-04-13 15_21_13\In\f6d6be83-2930-49fa-a60a-004fcaa2db01\CLTBUILD23&gt;set DataFileName=Meeting Pattern.data.json &#xD;
&#xD;
C:\Agt6\_work\_temp\TestResults\c2kbuild_CLTBUILD23 2021-04-13 15_21_13\In\f6d6be83-2930-49fa-a60a-004fcaa2db01\CLTBUILD23&gt;set EnvironmentFilePath=c:\agt6\_work\10\s\qaautomation\api\tests\modules\academics\meetingpattern\..\..\..\..\Common\TeamDeepak-StudentApiEnvironment.postman_environment.json &#xD;
&#xD;
C:\Agt6\_work\_temp\TestResults\c2kbuild_CLTBUILD23 2021-04-13 15_21_13\In\f6d6be83-2930-49fa-a60a-004fcaa2db01\CLTBUILD23&gt;set GlobalsFilePath=c:\agt6\_work\10\s\qaautomation\api\tests\modules\academics\meetingpattern\..\..\..\..\Common\CmcUtility.postman_globals.json &#xD;
&#xD;
C:\Agt6\_work\_temp\TestResults\c2kbuild_CLTBUILD23 2021-04-13 15_21_13\In\f6d6be83-2930-49fa-a60a-004fcaa2db01\CLTBUILD23&gt;set HtmlResultsFile=Academics_MeetingPattern_Html.html &#xD;
&#xD;
C:\Agt6\_work\_temp\TestResults\c2kbuild_CLTBUILD23 2021-04-13 15_21_13\In\f6d6be83-2930-49fa-a60a-004fcaa2db01\CLTBUILD23&gt;set JunitResultsFile=Academics_MeetingPattern_Junit.xml &#xD;
&#xD;
C:\Agt6\_work\_temp\TestResults\c2kbuild_CLTBUILD23 2021-04-13 15_21_13\In\f6d6be83-2930-49fa-a60a-004fcaa2db01\CLTBUILD23&gt;newman run "c:\agt6\_work\10\s\qaautomation\api\tests\modules\academics\meetingpattern\Meeting Pattern.postman_collection.json" -d "c:\agt6\_work\10\s\qaautomation\api\tests\modules\academics\meetingpattern\Meeting Pattern.data.json" -e "c:\agt6\_work\10\s\qaautomation\api\tests\modules\academics\meetingpattern\..\..\..\..\Common\TeamDeepak-StudentApiEnvironment.postman_environment.json" -g "c:\agt6\_work\10\s\qaautomation\api\tests\modules\academics\meetingpattern\..\..\..\..\Common\CmcUtility.postman_globals.json" -r junit,html --reporter-html-export "Academics_MeetingPattern_Html.html" --reporter-junit-export "Academics_MeetingPattern_Junit.xml"</StdOut>
            <ErrorInfo>
              <Message>The test failed with exit code 1.</Message>
            </ErrorInfo>
          </Output>
          <ResultFiles>
            <ResultFile path="CLTBUILD23\Academics_MeetingPattern_Html.html" />
            <ResultFile path="CLTBUILD23\Academics_MeetingPattern_Junit.xml" />
          </ResultFiles>
        </UnitTestResult>
        <UnitTestResult executionId="497ab861-6f0a-4a8b-a1f1-2d31f6f50cf9" parentExecutionId="975c70bb-18bc-44e2-963d-471bef2b4959" testId="99a89e89-714a-4be2-b702-6e3b51104f7b" testName="27- periodtemplate-generictest (AcademicsAllApis-OrderedTest)" computerName="CLTBUILD23" duration="00:00:09.1029460" startTime="2021-04-13T15:37:01.9954079-04:00" endTime="2021-04-13T15:37:11.1035298-04:00" testType="13cdc9d9-ddb5-4fa4-a97d-d965ccfc6d4b" outcome="Failed" testListId="8c84fa94-04c1-424b-9868-57a2d4851a1d" relativeResultsDirectory="497ab861-6f0a-4a8b-a1f1-2d31f6f50cf9">
          <Output>
            <StdOut>C:\Agt6\_work\_temp\TestResults\c2kbuild_CLTBUILD23 2021-04-13 15_21_13\In\497ab861-6f0a-4a8b-a1f1-2d31f6f50cf9\CLTBUILD23&gt;if not defined TestLocation (set TestLocation=. ) &#xD;
&#xD;
C:\Agt6\_work\_temp\TestResults\c2kbuild_CLTBUILD23 2021-04-13 15_21_13\In\497ab861-6f0a-4a8b-a1f1-2d31f6f50cf9\CLTBUILD23&gt;set CollectionFileName=PeriodTemplate.postman_collection.json &#xD;
&#xD;
C:\Agt6\_work\_temp\TestResults\c2kbuild_CLTBUILD23 2021-04-13 15_21_13\In\497ab861-6f0a-4a8b-a1f1-2d31f6f50cf9\CLTBUILD23&gt;set EnvironmentFilePath=c:\agt6\_work\10\s\qaautomation\api\tests\modules\academics\periodtemplate\..\..\..\..\Common\TeamDeepak-StudentApiEnvironment.postman_environment.json &#xD;
&#xD;
C:\Agt6\_work\_temp\TestResults\c2kbuild_CLTBUILD23 2021-04-13 15_21_13\In\497ab861-6f0a-4a8b-a1f1-2d31f6f50cf9\CLTBUILD23&gt;set GlobalsFilePath=c:\agt6\_work\10\s\qaautomation\api\tests\modules\academics\periodtemplate\..\..\..\..\Common\CmcUtility.postman_globals.json &#xD;
&#xD;
C:\Agt6\_work\_temp\TestResults\c2kbuild_CLTBUILD23 2021-04-13 15_21_13\In\497ab861-6f0a-4a8b-a1f1-2d31f6f50cf9\CLTBUILD23&gt;set HtmlResultsFile=Academics_PeriodTemplate_Html.html &#xD;
&#xD;
C:\Agt6\_work\_temp\TestResults\c2kbuild_CLTBUILD23 2021-04-13 15_21_13\In\497ab861-6f0a-4a8b-a1f1-2d31f6f50cf9\CLTBUILD23&gt;set JunitResultsFile=Academics_PeriodTemplate_Junit.xml &#xD;
&#xD;
C:\Agt6\_work\_temp\TestResults\c2kbuild_CLTBUILD23 2021-04-13 15_21_13\In\497ab861-6f0a-4a8b-a1f1-2d31f6f50cf9\CLTBUILD23&gt;newman run "c:\agt6\_work\10\s\qaautomation\api\tests\modules\academics\periodtemplate\PeriodTemplate.postman_collection.json" -e "c:\agt6\_work\10\s\qaautomation\api\tests\modules\academics\periodtemplate\..\..\..\..\Common\TeamDeepak-StudentApiEnvironment.postman_environment.json" -g "c:\agt6\_work\10\s\qaautomation\api\tests\modules\academics\periodtemplate\..\..\..\..\Common\CmcUtility.postman_globals.json" -r junit,html --reporter-html-export "Academics_PeriodTemplate_Html.html" --reporter-junit-export "Academics_PeriodTemplate_Junit.xml"</StdOut>
            <ErrorInfo>
              <Message>The test failed with exit code 1.</Message>
            </ErrorInfo>
          </Output>
          <ResultFiles>
            <ResultFile path="CLTBUILD23\Academics_PeriodTemplate_Html.html" />
            <ResultFile path="CLTBUILD23\Academics_PeriodTemplate_Junit.xml" />
          </ResultFiles>
        </UnitTestResult>
        <UnitTestResult executionId="5b6dbb9c-081a-475c-994e-e987b9d527d9" parentExecutionId="975c70bb-18bc-44e2-963d-471bef2b4959" testId="3896d278-ef5b-48f6-8253-5488fa1827de" testName="28- registrationtrackcrud-generictest (AcademicsAllApis-OrderedTest)" computerName="CLTBUILD23" duration="00:00:14.0336631" startTime="2021-04-13T15:37:11.1035298-04:00" endTime="2021-04-13T15:37:25.1328335-04:00" testType="13cdc9d9-ddb5-4fa4-a97d-d965ccfc6d4b" outcome="Failed" testListId="8c84fa94-04c1-424b-9868-57a2d4851a1d" relativeResultsDirectory="5b6dbb9c-081a-475c-994e-e987b9d527d9">
          <Output>
            <StdOut>C:\Agt6\_work\_temp\TestResults\c2kbuild_CLTBUILD23 2021-04-13 15_21_13\In\5b6dbb9c-081a-475c-994e-e987b9d527d9\CLTBUILD23&gt;if not defined TestLocation (set TestLocation=. ) &#xD;
&#xD;
C:\Agt6\_work\_temp\TestResults\c2kbuild_CLTBUILD23 2021-04-13 15_21_13\In\5b6dbb9c-081a-475c-994e-e987b9d527d9\CLTBUILD23&gt;set CollectionFileName=RegistrationTrackCrud.postman_collection.json &#xD;
&#xD;
C:\Agt6\_work\_temp\TestResults\c2kbuild_CLTBUILD23 2021-04-13 15_21_13\In\5b6dbb9c-081a-475c-994e-e987b9d527d9\CLTBUILD23&gt;set DataFileName=RegistrationTrackCrud.data.json &#xD;
&#xD;
C:\Agt6\_work\_temp\TestResults\c2kbuild_CLTBUILD23 2021-04-13 15_21_13\In\5b6dbb9c-081a-475c-994e-e987b9d527d9\CLTBUILD23&gt;set EnvironmentFilePath=c:\agt6\_work\10\s\qaautomation\api\tests\modules\academics\registrationtrack\..\..\..\..\Common\TeamDeepak-StudentApiEnvironment.postman_environment.json &#xD;
&#xD;
C:\Agt6\_work\_temp\TestResults\c2kbuild_CLTBUILD23 2021-04-13 15_21_13\In\5b6dbb9c-081a-475c-994e-e987b9d527d9\CLTBUILD23&gt;set HtmlResultsFile=RegistrationTrack_RegistrationTrackCrud_Html.html &#xD;
&#xD;
C:\Agt6\_work\_temp\TestResults\c2kbuild_CLTBUILD23 2021-04-13 15_21_13\In\5b6dbb9c-081a-475c-994e-e987b9d527d9\CLTBUILD23&gt;set JunitResultsFile=RegistrationTrack_RegistrationTrackCrud_Junit.xml &#xD;
&#xD;
C:\Agt6\_work\_temp\TestResults\c2kbuild_CLTBUILD23 2021-04-13 15_21_13\In\5b6dbb9c-081a-475c-994e-e987b9d527d9\CLTBUILD23&gt;newman run "c:\agt6\_work\10\s\qaautomation\api\tests\modules\academics\registrationtrack\RegistrationTrackCrud.postman_collection.json" -d "c:\agt6\_work\10\s\qaautomation\api\tests\modules\academics\registrationtrack\RegistrationTrackCrud.data.json" -e "c:\agt6\_work\10\s\qaautomation\api\tests\modules\academics\registrationtrack\..\..\..\..\Common\TeamDeepak-StudentApiEnvironment.postman_environment.json" -r junit,html --reporter-html-export "RegistrationTrack_RegistrationTrackCrud_Html.html" --reporter-junit-export "RegistrationTrack_RegistrationTrackCrud_Junit.xml"</StdOut>
            <ErrorInfo>
              <Message>The test failed with exit code 1.</Message>
            </ErrorInfo>
          </Output>
          <ResultFiles>
            <ResultFile path="CLTBUILD23\RegistrationTrack_RegistrationTrackCrud_Html.html" />
            <ResultFile path="CLTBUILD23\RegistrationTrack_RegistrationTrackCrud_Junit.xml" />
          </ResultFiles>
        </UnitTestResult>
        <UnitTestResult executionId="2f2c033c-8aff-453d-b5af-9b18b9d400ba" parentExecutionId="975c70bb-18bc-44e2-963d-471bef2b4959" testId="3896d278-ef5b-48f6-8253-5488fa1827de" testName="29- registrationtrackcrud-generictest (AcademicsAllApis-OrderedTest)" computerName="CLTBUILD23" duration="00:00:14.1040916" startTime="2021-04-13T15:37:25.1328335-04:00" endTime="2021-04-13T15:37:39.2402593-04:00" testType="13cdc9d9-ddb5-4fa4-a97d-d965ccfc6d4b" outcome="Failed" testListId="8c84fa94-04c1-424b-9868-57a2d4851a1d" relativeResultsDirectory="2f2c033c-8aff-453d-b5af-9b18b9d400ba">
          <Output>
            <StdOut>C:\Agt6\_work\_temp\TestResults\c2kbuild_CLTBUILD23 2021-04-13 15_21_13\In\2f2c033c-8aff-453d-b5af-9b18b9d400ba\CLTBUILD23&gt;if not defined TestLocation (set TestLocation=. ) &#xD;
&#xD;
C:\Agt6\_work\_temp\TestResults\c2kbuild_CLTBUILD23 2021-04-13 15_21_13\In\2f2c033c-8aff-453d-b5af-9b18b9d400ba\CLTBUILD23&gt;set CollectionFileName=RegistrationTrackCrud.postman_collection.json &#xD;
&#xD;
C:\Agt6\_work\_temp\TestResults\c2kbuild_CLTBUILD23 2021-04-13 15_21_13\In\2f2c033c-8aff-453d-b5af-9b18b9d400ba\CLTBUILD23&gt;set DataFileName=RegistrationTrackCrud.data.json &#xD;
&#xD;
C:\Agt6\_work\_temp\TestResults\c2kbuild_CLTBUILD23 2021-04-13 15_21_13\In\2f2c033c-8aff-453d-b5af-9b18b9d400ba\CLTBUILD23&gt;set EnvironmentFilePath=c:\agt6\_work\10\s\qaautomation\api\tests\modules\academics\registrationtrack\..\..\..\..\Common\TeamDeepak-StudentApiEnvironment.postman_environment.json &#xD;
&#xD;
C:\Agt6\_work\_temp\TestResults\c2kbuild_CLTBUILD23 2021-04-13 15_21_13\In\2f2c033c-8aff-453d-b5af-9b18b9d400ba\CLTBUILD23&gt;set HtmlResultsFile=RegistrationTrack_RegistrationTrackCrud_Html.html &#xD;
&#xD;
C:\Agt6\_work\_temp\TestResults\c2kbuild_CLTBUILD23 2021-04-13 15_21_13\In\2f2c033c-8aff-453d-b5af-9b18b9d400ba\CLTBUILD23&gt;set JunitResultsFile=RegistrationTrack_RegistrationTrackCrud_Junit.xml &#xD;
&#xD;
C:\Agt6\_work\_temp\TestResults\c2kbuild_CLTBUILD23 2021-04-13 15_21_13\In\2f2c033c-8aff-453d-b5af-9b18b9d400ba\CLTBUILD23&gt;newman run "c:\agt6\_work\10\s\qaautomation\api\tests\modules\academics\registrationtrack\RegistrationTrackCrud.postman_collection.json" -d "c:\agt6\_work\10\s\qaautomation\api\tests\modules\academics\registrationtrack\RegistrationTrackCrud.data.json" -e "c:\agt6\_work\10\s\qaautomation\api\tests\modules\academics\registrationtrack\..\..\..\..\Common\TeamDeepak-StudentApiEnvironment.postman_environment.json" -r junit,html --reporter-html-export "RegistrationTrack_RegistrationTrackCrud_Html.html" --reporter-junit-export "RegistrationTrack_RegistrationTrackCrud_Junit.xml"</StdOut>
            <ErrorInfo>
              <Message>The test failed with exit code 1.</Message>
            </ErrorInfo>
          </Output>
          <ResultFiles>
            <ResultFile path="CLTBUILD23\RegistrationTrack_RegistrationTrackCrud_Html.html" />
            <ResultFile path="CLTBUILD23\RegistrationTrack_RegistrationTrackCrud_Junit.xml" />
          </ResultFiles>
        </UnitTestResult>
        <UnitTestResult executionId="0bebf011-2003-42f0-bfda-feec989aa1c8" parentExecutionId="975c70bb-18bc-44e2-963d-471bef2b4959" testId="006f0543-278c-434b-9d84-efe5113a45db" testName="30- requirementrules-generictest (AcademicsAllApis-OrderedTest)" computerName="CLTBUILD23" duration="00:00:19.3554966" startTime="2021-04-13T15:37:39.2402593-04:00" endTime="2021-04-13T15:37:58.5969615-04:00" testType="13cdc9d9-ddb5-4fa4-a97d-d965ccfc6d4b" outcome="Failed" testListId="8c84fa94-04c1-424b-9868-57a2d4851a1d" relativeResultsDirectory="0bebf011-2003-42f0-bfda-feec989aa1c8">
          <Output>
            <StdOut>C:\Agt6\_work\_temp\TestResults\c2kbuild_CLTBUILD23 2021-04-13 15_21_13\In\0bebf011-2003-42f0-bfda-feec989aa1c8\CLTBUILD23&gt;if not defined TestLocation (set TestLocation=. ) &#xD;
&#xD;
C:\Agt6\_work\_temp\TestResults\c2kbuild_CLTBUILD23 2021-04-13 15_21_13\In\0bebf011-2003-42f0-bfda-feec989aa1c8\CLTBUILD23&gt;set CollectionFileName=RequirementRules.postman_collection.json &#xD;
&#xD;
C:\Agt6\_work\_temp\TestResults\c2kbuild_CLTBUILD23 2021-04-13 15_21_13\In\0bebf011-2003-42f0-bfda-feec989aa1c8\CLTBUILD23&gt;set EnvironmentFilePath=c:\agt6\_work\10\s\qaautomation\api\tests\modules\academics\requirementrules\..\..\..\..\Common\TeamRajendra-StudentApiEnvironment.postman_environment.json &#xD;
&#xD;
C:\Agt6\_work\_temp\TestResults\c2kbuild_CLTBUILD23 2021-04-13 15_21_13\In\0bebf011-2003-42f0-bfda-feec989aa1c8\CLTBUILD23&gt;set GlobalsFilePath=c:\agt6\_work\10\s\qaautomation\api\tests\modules\academics\requirementrules\..\..\..\..\Common\CmcUtility.postman_globals.json &#xD;
&#xD;
C:\Agt6\_work\_temp\TestResults\c2kbuild_CLTBUILD23 2021-04-13 15_21_13\In\0bebf011-2003-42f0-bfda-feec989aa1c8\CLTBUILD23&gt;REM set ResultsFilePath=c:\agt6\_work\10\s\qaautomation\api\tests\modules\academics\requirementrules\..\..\..\..\Output\Reports\Academics_RequirementRules.html &#xD;
&#xD;
C:\Agt6\_work\_temp\TestResults\c2kbuild_CLTBUILD23 2021-04-13 15_21_13\In\0bebf011-2003-42f0-bfda-feec989aa1c8\CLTBUILD23&gt;set HtmlResultsFile=Academics_RequirementRules_Html.html &#xD;
&#xD;
C:\Agt6\_work\_temp\TestResults\c2kbuild_CLTBUILD23 2021-04-13 15_21_13\In\0bebf011-2003-42f0-bfda-feec989aa1c8\CLTBUILD23&gt;set JunitResultsFile=Academics_RequirementRules_Junit.xml &#xD;
&#xD;
C:\Agt6\_work\_temp\TestResults\c2kbuild_CLTBUILD23 2021-04-13 15_21_13\In\0bebf011-2003-42f0-bfda-feec989aa1c8\CLTBUILD23&gt;newman run "c:\agt6\_work\10\s\qaautomation\api\tests\modules\academics\requirementrules\RequirementRules.postman_collection.json" -e "c:\agt6\_work\10\s\qaautomation\api\tests\modules\academics\requirementrules\..\..\..\..\Common\TeamRajendra-StudentApiEnvironment.postman_environment.json" -g "c:\agt6\_work\10\s\qaautomation\api\tests\modules\academics\requirementrules\..\..\..\..\Common\CmcUtility.postman_globals.json" -r junit,html --reporter-html-export "Academics_RequirementRules_Html.html" --reporter-junit-export "Academics_RequirementRules_Junit.xml"</StdOut>
            <ErrorInfo>
              <Message>The test failed with exit code 1.</Message>
            </ErrorInfo>
          </Output>
          <ResultFiles>
            <ResultFile path="CLTBUILD23\Academics_RequirementRules_Html.html" />
            <ResultFile path="CLTBUILD23\Academics_RequirementRules_Junit.xml" />
          </ResultFiles>
        </UnitTestResult>
        <UnitTestResult executionId="fab32b74-44e1-450d-a6a4-e861a191c6a1" parentExecutionId="975c70bb-18bc-44e2-963d-471bef2b4959" testId="24946aba-36bf-4ddb-a70a-482f187ed5cd" testName="31- shiftschoolstartdate_crud-generictest (AcademicsAllApis-OrderedTest)" computerName="CLTBUILD23" duration="00:00:13.8689852" startTime="2021-04-13T15:37:58.5969615-04:00" endTime="2021-04-13T15:38:12.4700319-04:00" testType="13cdc9d9-ddb5-4fa4-a97d-d965ccfc6d4b" outcome="Passed" testListId="8c84fa94-04c1-424b-9868-57a2d4851a1d" relativeResultsDirectory="fab32b74-44e1-450d-a6a4-e861a191c6a1">
          <Output>
            <StdOut>C:\Agt6\_work\_temp\TestResults\c2kbuild_CLTBUILD23 2021-04-13 15_21_13\In\fab32b74-44e1-450d-a6a4-e861a191c6a1\CLTBUILD23&gt;if not defined TestLocation (set TestLocation=. ) &#xD;
&#xD;
C:\Agt6\_work\_temp\TestResults\c2kbuild_CLTBUILD23 2021-04-13 15_21_13\In\fab32b74-44e1-450d-a6a4-e861a191c6a1\CLTBUILD23&gt;set CollectionFileName=ShiftSchoolStartDate_CRUD.postman_collection.json &#xD;
&#xD;
C:\Agt6\_work\_temp\TestResults\c2kbuild_CLTBUILD23 2021-04-13 15_21_13\In\fab32b74-44e1-450d-a6a4-e861a191c6a1\CLTBUILD23&gt;set DataFileName=ShiftSchoolStartDate_CRUD.data.json &#xD;
&#xD;
C:\Agt6\_work\_temp\TestResults\c2kbuild_CLTBUILD23 2021-04-13 15_21_13\In\fab32b74-44e1-450d-a6a4-e861a191c6a1\CLTBUILD23&gt;set EnvironmentFilePath=c:\agt6\_work\10\s\qaautomation\api\tests\modules\academics\shiftschoolstartdate\..\..\..\..\Common\TeamRajendra-StudentApiEnvironment.postman_environment.json &#xD;
&#xD;
C:\Agt6\_work\_temp\TestResults\c2kbuild_CLTBUILD23 2021-04-13 15_21_13\In\fab32b74-44e1-450d-a6a4-e861a191c6a1\CLTBUILD23&gt;set HtmlResultsFile=ShiftSchoolStartDate_ShiftSchoolStartDate_CRUD_Html.html &#xD;
&#xD;
C:\Agt6\_work\_temp\TestResults\c2kbuild_CLTBUILD23 2021-04-13 15_21_13\In\fab32b74-44e1-450d-a6a4-e861a191c6a1\CLTBUILD23&gt;set JunitResultsFile=ShiftSchoolStartDate_ShiftSchoolStartDate_CRUD_Junit.xml &#xD;
&#xD;
C:\Agt6\_work\_temp\TestResults\c2kbuild_CLTBUILD23 2021-04-13 15_21_13\In\fab32b74-44e1-450d-a6a4-e861a191c6a1\CLTBUILD23&gt;newman run "c:\agt6\_work\10\s\qaautomation\api\tests\modules\academics\shiftschoolstartdate\ShiftSchoolStartDate_CRUD.postman_collection.json" -d "c:\agt6\_work\10\s\qaautomation\api\tests\modules\academics\shiftschoolstartdate\ShiftSchoolStartDate_CRUD.data.json" -e "c:\agt6\_work\10\s\qaautomation\api\tests\modules\academics\shiftschoolstartdate\..\..\..\..\Common\TeamRajendra-StudentApiEnvironment.postman_environment.json" -r junit,html --reporter-html-export "ShiftSchoolStartDate_ShiftSchoolStartDate_CRUD_Html.html" --reporter-junit-export "ShiftSchoolStartDate_ShiftSchoolStartDate_CRUD_Junit.xml"</StdOut>
          </Output>
          <ResultFiles>
            <ResultFile path="CLTBUILD23\ShiftSchoolStartDate_ShiftSchoolStartDate_CRUD_Html.html" />
            <ResultFile path="CLTBUILD23\ShiftSchoolStartDate_ShiftSchoolStartDate_CRUD_Junit.xml" />
          </ResultFiles>
        </UnitTestResult>
        <UnitTestResult executionId="4667740c-cf62-414d-bca2-6634b3bf9afd" parentExecutionId="975c70bb-18bc-44e2-963d-471bef2b4959" testId="c3dd2e11-a10a-4e79-94db-179a58bc1057" testName="32- shiftschoolstartdate_validations-generictest (AcademicsAllApis-OrderedTest)" computerName="CLTBUILD23" duration="00:00:06.6409191" startTime="2021-04-13T15:38:12.4700319-04:00" endTime="2021-04-13T15:38:19.1098944-04:00" testType="13cdc9d9-ddb5-4fa4-a97d-d965ccfc6d4b" outcome="Passed" testListId="8c84fa94-04c1-424b-9868-57a2d4851a1d" relativeResultsDirectory="4667740c-cf62-414d-bca2-6634b3bf9afd">
          <Output>
            <StdOut>C:\Agt6\_work\_temp\TestResults\c2kbuild_CLTBUILD23 2021-04-13 15_21_13\In\4667740c-cf62-414d-bca2-6634b3bf9afd\CLTBUILD23&gt;if not defined TestLocation (set TestLocation=. ) &#xD;
&#xD;
C:\Agt6\_work\_temp\TestResults\c2kbuild_CLTBUILD23 2021-04-13 15_21_13\In\4667740c-cf62-414d-bca2-6634b3bf9afd\CLTBUILD23&gt;set CollectionFileName=ShiftSchoolStartDate_Validations.postman_collection.json &#xD;
&#xD;
C:\Agt6\_work\_temp\TestResults\c2kbuild_CLTBUILD23 2021-04-13 15_21_13\In\4667740c-cf62-414d-bca2-6634b3bf9afd\CLTBUILD23&gt;set DataFileName=ShiftSchoolStartDate_Validations.data.json &#xD;
&#xD;
C:\Agt6\_work\_temp\TestResults\c2kbuild_CLTBUILD23 2021-04-13 15_21_13\In\4667740c-cf62-414d-bca2-6634b3bf9afd\CLTBUILD23&gt;set EnvironmentFilePath=c:\agt6\_work\10\s\qaautomation\api\tests\modules\academics\shiftschoolstartdate\..\..\..\..\Common\TeamRajendra-StudentApiEnvironment.postman_environment.json &#xD;
&#xD;
C:\Agt6\_work\_temp\TestResults\c2kbuild_CLTBUILD23 2021-04-13 15_21_13\In\4667740c-cf62-414d-bca2-6634b3bf9afd\CLTBUILD23&gt;set HtmlResultsFile=ShiftSchoolStartDate_ShiftSchoolStartDate_Validations_Html.html &#xD;
&#xD;
C:\Agt6\_work\_temp\TestResults\c2kbuild_CLTBUILD23 2021-04-13 15_21_13\In\4667740c-cf62-414d-bca2-6634b3bf9afd\CLTBUILD23&gt;set JunitResultsFile=ShiftSchoolStartDate_ShiftSchoolStartDate_Validations_Junit.xml &#xD;
&#xD;
C:\Agt6\_work\_temp\TestResults\c2kbuild_CLTBUILD23 2021-04-13 15_21_13\In\4667740c-cf62-414d-bca2-6634b3bf9afd\CLTBUILD23&gt;newman run "c:\agt6\_work\10\s\qaautomation\api\tests\modules\academics\shiftschoolstartdate\ShiftSchoolStartDate_Validations.postman_collection.json" -d "c:\agt6\_work\10\s\qaautomation\api\tests\modules\academics\shiftschoolstartdate\ShiftSchoolStartDate_Validations.data.json" -e "c:\agt6\_work\10\s\qaautomation\api\tests\modules\academics\shiftschoolstartdate\..\..\..\..\Common\TeamRajendra-StudentApiEnvironment.postman_environment.json" -r junit,html --reporter-html-export "ShiftSchoolStartDate_ShiftSchoolStartDate_Validations_Html.html" --reporter-junit-export "ShiftSchoolStartDate_ShiftSchoolStartDate_Validations_Junit.xml"</StdOut>
          </Output>
          <ResultFiles>
            <ResultFile path="CLTBUILD23\ShiftSchoolStartDate_ShiftSchoolStartDate_Validations_Html.html" />
            <ResultFile path="CLTBUILD23\ShiftSchoolStartDate_ShiftSchoolStartDate_Validations_Junit.xml" />
          </ResultFiles>
        </UnitTestResult>
        <UnitTestResult executionId="4dd8affd-bf4b-481f-b0b9-8675f10f1106" parentExecutionId="975c70bb-18bc-44e2-963d-471bef2b4959" testId="8d092a9e-83be-4dd5-b6ea-84ed367cac3e" testName="33- texasstateconfiguration-generictest (AcademicsAllApis-OrderedTest)" computerName="CLTBUILD23" duration="00:00:13.6164947" startTime="2021-04-13T15:38:19.1098944-04:00" endTime="2021-04-13T15:38:32.7328536-04:00" testType="13cdc9d9-ddb5-4fa4-a97d-d965ccfc6d4b" outcome="Failed" testListId="8c84fa94-04c1-424b-9868-57a2d4851a1d" relativeResultsDirectory="4dd8affd-bf4b-481f-b0b9-8675f10f1106">
          <Output>
            <StdOut>C:\Agt6\_work\_temp\TestResults\c2kbuild_CLTBUILD23 2021-04-13 15_21_13\In\4dd8affd-bf4b-481f-b0b9-8675f10f1106\CLTBUILD23&gt;if not defined TestLocation (set TestLocation=. ) &#xD;
&#xD;
C:\Agt6\_work\_temp\TestResults\c2kbuild_CLTBUILD23 2021-04-13 15_21_13\In\4dd8affd-bf4b-481f-b0b9-8675f10f1106\CLTBUILD23&gt;set CollectionFileName=TexasStateConfiguration.postman_collection.json &#xD;
&#xD;
C:\Agt6\_work\_temp\TestResults\c2kbuild_CLTBUILD23 2021-04-13 15_21_13\In\4dd8affd-bf4b-481f-b0b9-8675f10f1106\CLTBUILD23&gt;set DataFileName=TexasStateConfiguration.data.json &#xD;
&#xD;
C:\Agt6\_work\_temp\TestResults\c2kbuild_CLTBUILD23 2021-04-13 15_21_13\In\4dd8affd-bf4b-481f-b0b9-8675f10f1106\CLTBUILD23&gt;set EnvironmentFilePath=c:\agt6\_work\10\s\qaautomation\api\tests\modules\academics\texasstateconfiguration\..\..\..\..\Common\TeamDeepak-StudentApiEnvironment.postman_environment.json &#xD;
&#xD;
C:\Agt6\_work\_temp\TestResults\c2kbuild_CLTBUILD23 2021-04-13 15_21_13\In\4dd8affd-bf4b-481f-b0b9-8675f10f1106\CLTBUILD23&gt;set HtmlResultsFile=TexasStateConfiguration_TexasStateConfiguration_Html.html &#xD;
&#xD;
C:\Agt6\_work\_temp\TestResults\c2kbuild_CLTBUILD23 2021-04-13 15_21_13\In\4dd8affd-bf4b-481f-b0b9-8675f10f1106\CLTBUILD23&gt;set JunitResultsFile=TexasStateConfiguration_TexasStateConfiguration_Junit.xml &#xD;
&#xD;
C:\Agt6\_work\_temp\TestResults\c2kbuild_CLTBUILD23 2021-04-13 15_21_13\In\4dd8affd-bf4b-481f-b0b9-8675f10f1106\CLTBUILD23&gt;newman run "c:\agt6\_work\10\s\qaautomation\api\tests\modules\academics\texasstateconfiguration\TexasStateConfiguration.postman_collection.json" -d "c:\agt6\_work\10\s\qaautomation\api\tests\modules\academics\texasstateconfiguration\TexasStateConfiguration.data.json" -e "c:\agt6\_work\10\s\qaautomation\api\tests\modules\academics\texasstateconfiguration\..\..\..\..\Common\TeamDeepak-StudentApiEnvironment.postman_environment.json" -r junit,html --reporter-html-export "TexasStateConfiguration_TexasStateConfiguration_Html.html" --reporter-junit-export "TexasStateConfiguration_TexasStateConfiguration_Junit.xml"</StdOut>
            <ErrorInfo>
              <Message>The test failed with exit code 1.</Message>
            </ErrorInfo>
          </Output>
          <ResultFiles>
            <ResultFile path="CLTBUILD23\TexasStateConfiguration_TexasStateConfiguration_Html.html" />
            <ResultFile path="CLTBUILD23\TexasStateConfiguration_TexasStateConfiguration_Junit.xml" />
          </ResultFiles>
        </UnitTestResult>
      </InnerResults>
    </TestResultAggregation>
    <TestResultAggregation executionId="541785e5-a7eb-48a6-9821-1745b15d55bf" testId="e973b008-10c6-4095-91c6-17c2d0b597b4" testName="OTCheckingistheinstructorprimaryanddeactivatingininstructormaintenance" computerName="CLTBUILD23" startTime="2021-04-13T16:09:41.4633067-04:00" endTime="2021-04-13T16:09:41.4633067-04:00" testType="ec4800e8-40e5-4ab3-8510-b8bf29b1904d" outcome="Failed" testListId="8c84fa94-04c1-424b-9868-57a2d4851a1d" relativeResultsDirectory="541785e5-a7eb-48a6-9821-1745b15d55bf">
      <InnerResults>
        <UnitTestResult executionId="8567b66c-2c94-4bd4-b637-c182cbb06dd6" parentExecutionId="541785e5-a7eb-48a6-9821-1745b15d55bf" testId="b7b2912f-9241-4a87-979b-58e4e8968e1b" testName="1- createnewclassscheduleforactiveinstructor-generictest (OTCheckingistheinstructorprimaryanddeactivatingininstructormaintenance)" computerName="CLTBUILD23" startTime="2021-04-13T16:09:41.4945527-04:00" endTime="2021-04-13T16:09:41.4945527-04:00" testType="13cdc9d9-ddb5-4fa4-a97d-d965ccfc6d4b" outcome="Failed" testListId="8c84fa94-04c1-424b-9868-57a2d4851a1d" relativeResultsDirectory="8567b66c-2c94-4bd4-b637-c182cbb06dd6" />
        <UnitTestResult executionId="12881e18-0c02-4797-befe-21d345314171" parentExecutionId="541785e5-a7eb-48a6-9821-1745b15d55bf" testId="3f922647-99e3-4060-9da8-2ed5fd64dccf" testName="2- checkingclassscheduleiscurrentorfuture (OTCheckingistheinstructorprimaryanddeactivatingininstructormaintenance)" computerName="CLTBUILD23" startTime="2021-04-13T16:09:41.4945527-04:00" endTime="2021-04-13T16:09:41.4945527-04:00" testType="13cdc9d9-ddb5-4fa4-a97d-d965ccfc6d4b" outcome="Failed" testListId="8c84fa94-04c1-424b-9868-57a2d4851a1d" relativeResultsDirectory="12881e18-0c02-4797-befe-21d345314171" />
        <UnitTestResult executionId="71208b55-0c8d-4be0-9b05-34fc98b85de5" parentExecutionId="541785e5-a7eb-48a6-9821-1745b15d55bf" testId="e099a956-5f2c-4c81-b895-a89df96db395" testName="3- process-instructormaintenance-deactivatinginstructor (OTCheckingistheinstructorprimaryanddeactivatingininstructormaintenance)" computerName="CLTBUILD23" startTime="2021-04-13T16:09:41.4945527-04:00" endTime="2021-04-13T16:09:41.4945527-04:00" testType="13cdc9d9-ddb5-4fa4-a97d-d965ccfc6d4b" outcome="Failed" testListId="8c84fa94-04c1-424b-9868-57a2d4851a1d" relativeResultsDirectory="71208b55-0c8d-4be0-9b05-34fc98b85de5" />
      </InnerResults>
    </TestResultAggregation>
    <TestResultAggregation executionId="d14506b3-816b-478b-9a6a-719f2a02dfe8" testId="e701c3b4-981f-4e2f-8926-8ed8060b794f" testName="OTCheckingNonPassFailafterchangeonClassSchedule" computerName="CLTBUILD23" startTime="2021-04-13T16:09:41.4320599-04:00" endTime="2021-04-13T16:09:41.4476828-04:00" testType="ec4800e8-40e5-4ab3-8510-b8bf29b1904d" outcome="Failed" testListId="8c84fa94-04c1-424b-9868-57a2d4851a1d" relativeResultsDirectory="d14506b3-816b-478b-9a6a-719f2a02dfe8">
      <InnerResults>
        <UnitTestResult executionId="71e52e77-c635-4907-a8e1-4c3e55a67b64" parentExecutionId="d14506b3-816b-478b-9a6a-719f2a02dfe8" testId="a3461089-9573-411d-8812-74ebb5f07489" testName="1- addcoursetostudentfornonpassfail-generictest (OTCheckingNonPassFailafterchangeonClassSchedule)" computerName="CLTBUILD23" startTime="2021-04-13T16:09:41.4633067-04:00" endTime="2021-04-13T16:09:41.4633067-04:00" testType="13cdc9d9-ddb5-4fa4-a97d-d965ccfc6d4b" outcome="Failed" testListId="8c84fa94-04c1-424b-9868-57a2d4851a1d" relativeResultsDirectory="71e52e77-c635-4907-a8e1-4c3e55a67b64" />
        <UnitTestResult executionId="c3109bb9-5352-4c8f-b0b8-f0d690d09bcf" parentExecutionId="d14506b3-816b-478b-9a6a-719f2a02dfe8" testId="91b64f06-2e4b-4582-8c48-89cc27a2550a" testName="2- registercoursetostudentnonpassfail-generictest (OTCheckingNonPassFailafterchangeonClassSchedule)" computerName="CLTBUILD23" startTime="2021-04-13T16:09:41.4633067-04:00" endTime="2021-04-13T16:09:41.4633067-04:00" testType="13cdc9d9-ddb5-4fa4-a97d-d965ccfc6d4b" outcome="Failed" testListId="8c84fa94-04c1-424b-9868-57a2d4851a1d" relativeResultsDirectory="c3109bb9-5352-4c8f-b0b8-f0d690d09bcf" />
        <UnitTestResult executionId="0103cc46-7f4b-4314-a1b8-70a019ab66bd" parentExecutionId="d14506b3-816b-478b-9a6a-719f2a02dfe8" testId="49ed6fd3-d4fc-405d-8842-da0e3422f89e" testName="3- updateclassscheduledetailsfornonpassfail-generictest (OTCheckingNonPassFailafterchangeonClassSchedule)" computerName="CLTBUILD23" startTime="2021-04-13T16:09:41.4633067-04:00" endTime="2021-04-13T16:09:41.4633067-04:00" testType="13cdc9d9-ddb5-4fa4-a97d-d965ccfc6d4b" outcome="Failed" testListId="8c84fa94-04c1-424b-9868-57a2d4851a1d" relativeResultsDirectory="0103cc46-7f4b-4314-a1b8-70a019ab66bd" />
        <UnitTestResult executionId="15fa13f7-7f13-4d95-9d42-7fcf25718b80" parentExecutionId="d14506b3-816b-478b-9a6a-719f2a02dfe8" testId="2dbbb26d-2dc9-453c-a6bc-2eab9bfc5360" testName="4- checkingregisteredcoursedetailsfornonpassfail-generictest (OTCheckingNonPassFailafterchangeonClassSchedule)" computerName="CLTBUILD23" startTime="2021-04-13T16:09:41.4633067-04:00" endTime="2021-04-13T16:09:41.4633067-04:00" testType="13cdc9d9-ddb5-4fa4-a97d-d965ccfc6d4b" outcome="Failed" testListId="8c84fa94-04c1-424b-9868-57a2d4851a1d" relativeResultsDirectory="15fa13f7-7f13-4d95-9d42-7fcf25718b80" />
      </InnerResults>
    </TestResultAggregation>
  </Results>
  <TestDefinitions>
    <OrderedTest name="CRMAllApis-OrderedTest" storage="c:\agt6\_work\10\s\qaautomation\api\orderedtests\modules\crmallapis-orderedtest.orderedtest" id="f00228c2-de04-4ac8-9570-54985daa724a">
      <Execution id="ad942967-ee41-4483-9f64-3e46aad96f49" />
      <TestLinks>
        <TestLink id="bdf42bb7-0605-4b9c-8b03-bb884efc4fbe" name="documentaddtrigger-generictest" storage="c:\agt6\_work\10\s\qaautomation\api\tests\modules\crm\documentaddtrigger\documentaddtrigger-generictest.generictest" />
        <TestLink id="407b673b-4b41-4500-b9cf-882eba4a19e8" name="ferpagroup-generictest" storage="c:\agt6\_work\10\s\qaautomation\api\tests\modules\crm\ferpagrpup\ferpagroup-generictest.generictest" />
        <TestLink id="63bbe4c5-582b-4c50-af89-4977ef1e71b3" name="incident-generictest" storage="c:\agt6\_work\10\s\qaautomation\api\tests\modules\crm\incident\incident-generictest.generictest" />
      </TestLinks>
    </OrderedTest>
    <UnitTest name="register substitute course to student course4-generictest" storage="c:\agt6\_work\10\s\qaautomation\api\tests\modules\academics\registersubstitutecoursetostudent\register substitute course to student course4-generictest.generictest" id="8b88a2cc-9b1a-4778-9956-6b1699c08311">
      <Execution id="45a58f95-bd80-4ec7-b597-184b518489e6" parentId="54614626-df18-4d50-9899-ddcffb178352" />
      <TestMethod codeBase="c:\agt6\_work\10\s\qaautomation\api\tests\modules\academics\registersubstitutecoursetostudent\register substitute course to student course4-generictest.generictest" adapterTypeName="executor://orderedtestadapter/v1" className="c:\agt6\_work\10\s\qaautomation\api\tests\modules\academics\registersubstitutecoursetostudent\register substitute course to student course4-generictest" name="register substitute course to student course4-generictest" />
    </UnitTest>
    <UnitTest name="add course to student(student1course4)-generictest" storage="c:\agt6\_work\10\s\qaautomation\api\tests\modules\academics\addcoursetostudent\add course to student(student1course4)-generictest.generictest" id="c4925ed9-8fdc-4ed8-8bd6-cababb3e135e">
      <Execution id="cc903977-290a-4788-9a71-0040fa195f47" parentId="0b866407-4328-4ae4-8a7a-3bd9c5830b9d" />
      <TestMethod codeBase="c:\agt6\_work\10\s\qaautomation\api\tests\modules\academics\addcoursetostudent\add course to student(student1course4)-generictest.generictest" adapterTypeName="executor://orderedtestadapter/v1" className="c:\agt6\_work\10\s\qaautomation\api\tests\modules\academics\addcoursetostudent\add course to student(student1course4)-generictest" name="add course to student(student1course4)-generictest" />
    </UnitTest>
    <UnitTest name="campusnexusstudentsetting_delete-generictest" storage="c:\agt6\_work\10\s\qaautomation\api\tests\modules\common\campusnexusstudentsetting\campusnexusstudentsetting_delete-generictest.generictest" id="d566bf62-2ec0-4ab0-acd2-da7f9833859f">
      <Execution id="c8799f59-8f71-4690-b886-dbb201b80102" parentId="c8803a03-a4a6-4e57-8f0f-0ed6b90c0554" />
      <TestMethod codeBase="c:\agt6\_work\10\s\qaautomation\api\tests\modules\common\campusnexusstudentsetting\campusnexusstudentsetting_delete-generictest.generictest" adapterTypeName="executor://orderedtestadapter/v1" className="c:\agt6\_work\10\s\qaautomation\api\tests\modules\common\campusnexusstudentsetting\campusnexusstudentsetting_delete-generictest" name="campusnexusstudentsetting_delete-generictest" />
    </UnitTest>
    <UnitTest name="fasapstatuscrud-generictest" storage="c:\agt6\_work\10\s\qaautomation\api\tests\modules\financialaid\fasapstatus\fasapstatuscrud-generictest.generictest" id="645075a5-cb89-4950-8452-2b16ea3f41fe">
      <Execution id="dbae27f1-b91a-4cae-a9e9-accf4fada209" parentId="f8722d4b-878b-4c0e-af2f-4cb352a1c558" />
      <TestMethod codeBase="c:\agt6\_work\10\s\qaautomation\api\tests\modules\financialaid\fasapstatus\fasapstatuscrud-generictest.generictest" adapterTypeName="executor://orderedtestadapter/v1" className="c:\agt6\_work\10\s\qaautomation\api\tests\modules\financialaid\fasapstatus\fasapstatuscrud-generictest" name="fasapstatuscrud-generictest" />
    </UnitTest>
    <UnitTest name="setawardlimits-generictest" storage="c:\agt6\_work\10\s\qaautomation\api\tests\modules\financialaid\setawardlimits\setawardlimits-generictest.generictest" id="e1d81e87-3f55-43e3-b8ff-5e4872f77049">
      <Execution id="24319e8b-e501-4b33-98e4-c1bea802cf34" parentId="f8722d4b-878b-4c0e-af2f-4cb352a1c558" />
      <TestMethod codeBase="c:\agt6\_work\10\s\qaautomation\api\tests\modules\financialaid\setawardlimits\setawardlimits-generictest.generictest" adapterTypeName="executor://orderedtestadapter/v1" className="c:\agt6\_work\10\s\qaautomation\api\tests\modules\financialaid\setawardlimits\setawardlimits-generictest" name="setawardlimits-generictest" />
    </UnitTest>
    <UnitTest name="organizationcontacttype_crud-generictest" storage="c:\agt6\_work\10\s\qaautomation\api\tests\modules\common\organizationcontacttype\organizationcontacttype_crud-generictest.generictest" id="5d919470-52e5-4a2d-8e78-c8244b5c85f9">
      <Execution id="a746cab9-dadc-44d9-853f-2c586084c32f" parentId="c8803a03-a4a6-4e57-8f0f-0ed6b90c0554" />
      <TestMethod codeBase="c:\agt6\_work\10\s\qaautomation\api\tests\modules\common\organizationcontacttype\organizationcontacttype_crud-generictest.generictest" adapterTypeName="executor://orderedtestadapter/v1" className="c:\agt6\_work\10\s\qaautomation\api\tests\modules\common\organizationcontacttype\organizationcontacttype_crud-generictest" name="organizationcontacttype_crud-generictest" />
    </UnitTest>
    <UnitTest name="testfilemappings-generictest" storage="c:\agt6\_work\10\s\qaautomation\api\tests\modules\admissions\entrancetestimportfileschemarowdetail\testfilemappings-generictest.generictest" id="3ad9a973-8ee4-4a0b-9086-bdb7a1a01a4d">
      <Execution id="f4178eea-c33f-44ab-93d7-1a3a6ea022ca" parentId="abfacd55-93a6-4088-9022-286aa3b7c61b" />
      <TestMethod codeBase="c:\agt6\_work\10\s\qaautomation\api\tests\modules\admissions\entrancetestimportfileschemarowdetail\testfilemappings-generictest.generictest" adapterTypeName="executor://orderedtestadapter/v1" className="c:\agt6\_work\10\s\qaautomation\api\tests\modules\admissions\entrancetestimportfileschemarowdetail\testfilemappings-generictest" name="testfilemappings-generictest" />
    </UnitTest>
    <UnitTest name="employergroup_crud-generictest" storage="c:\agt6\_work\10\s\qaautomation\api\tests\modules\common\employergroup\employergroup_crud-generictest.generictest" id="9a8dadbb-c9d9-4b96-b33d-9a911a281531">
      <Execution id="9fc518c4-dcfe-4ee2-a272-225c0fa3d575" parentId="c8803a03-a4a6-4e57-8f0f-0ed6b90c0554" />
      <TestMethod codeBase="c:\agt6\_work\10\s\qaautomation\api\tests\modules\common\employergroup\employergroup_crud-generictest.generictest" adapterTypeName="executor://orderedtestadapter/v1" className="c:\agt6\_work\10\s\qaautomation\api\tests\modules\common\employergroup\employergroup_crud-generictest" name="employergroup_crud-generictest" />
    </UnitTest>
    <UnitTest name="listofinstructorsforselectedcampus-generictest" storage="c:\agt6\_work\10\s\qaautomation\api\tests\modules\academics\gettinglistofinstructorsforselectedcampus\listofinstructorsforselectedcampus-generictest.generictest" id="c85a667e-aa08-473a-a05e-e5c26139379c">
      <Execution id="293d4c55-f32a-4e05-98d3-1d5232d12c01" parentId="f988a6a6-e6f8-490c-8bca-826a0a97ce6a" />
      <TestMethod codeBase="c:\agt6\_work\10\s\qaautomation\api\tests\modules\academics\gettinglistofinstructorsforselectedcampus\listofinstructorsforselectedcampus-generictest.generictest" adapterTypeName="executor://orderedtestadapter/v1" className="c:\agt6\_work\10\s\qaautomation\api\tests\modules\academics\gettinglistofinstructorsforselectedcampus\listofinstructorsforselectedcampus-generictest" name="listofinstructorsforselectedcampus-generictest" />
    </UnitTest>
    <UnitTest name="housingsuite-generictest" storage="c:\agt6\_work\10\s\qaautomation\api\tests\modules\studentservices\housingsuite\housingsuite-generictest.generictest" id="3db8715e-c8cf-4552-8fd4-43baaa012ae3">
      <Execution id="c243a835-2c59-48d5-8cc3-945462ca3a61" parentId="e9811b83-52c2-47f7-9702-4c8288be0f1c" />
      <TestMethod codeBase="c:\agt6\_work\10\s\qaautomation\api\tests\modules\studentservices\housingsuite\housingsuite-generictest.generictest" adapterTypeName="executor://orderedtestadapter/v1" className="c:\agt6\_work\10\s\qaautomation\api\tests\modules\studentservices\housingsuite\housingsuite-generictest" name="housingsuite-generictest" />
    </UnitTest>
    <OrderedTest name="Task" storage="c:\agt6\_work\10\s\qaautomation\api\orderedtests\modules\contactmanager\task.orderedtest" id="c227bb34-2dfd-418a-9385-dc60cb846e9d">
      <Execution id="2493fed7-0e59-4dfe-b7b7-5181f5053aa7" />
      <TestLinks>
        <TestLink id="a1b78339-d65b-4ad8-919b-a211092bc622" name="tasknonsystemcrud-generictest" storage="c:\agt6\_work\10\s\qaautomation\api\tests\modules\crm\task\tasknonsystemcrud-generictest.generictest" />
        <TestLink id="ce8bad3b-5b7e-4ad1-ade0-51c7bc02a8fc" name="tasksystemcrud-generictest" storage="c:\agt6\_work\10\s\qaautomation\api\tests\modules\crm\task\tasksystemcrud-generictest.generictest" />
        <TestLink id="d8ffadf1-5058-44a9-8909-5a00b6e9f532" name="taskothers-generictest" storage="c:\agt6\_work\10\s\qaautomation\api\tests\modules\crm\task\taskothers-generictest.generictest" />
        <TestLink id="2513b3fe-625d-4505-a0ac-270158766b03" name="tasksecurity-generictest" storage="c:\agt6\_work\10\s\qaautomation\api\tests\modules\crm\task\tasksecurity-generictest.generictest" />
      </TestLinks>
    </OrderedTest>
    <UnitTest name="clearingwaitlistnotallowedforspecific-generictest" storage="c:\agt6\_work\10\s\qaautomation\api\tests\modules\academics\checkingclearwaitlistfunctionality\clearwaitlistsettingisunchecked\clearingwaitlistnotallowedforspecificstudent\clearingwaitlistnotallowedforspecific-generictest.generictest" id="90c5fab7-52b7-46be-9017-e97c600867d9">
      <Execution id="18df9d55-87eb-463e-8312-3e62b4b1450a" parentId="51bf71d5-e650-4b19-8fb6-2c79965d36b2" />
      <TestMethod codeBase="c:\agt6\_work\10\s\qaautomation\api\tests\modules\academics\checkingclearwaitlistfunctionality\clearwaitlistsettingisunchecked\clearingwaitlistnotallowedforspecificstudent\clearingwaitlistnotallowedforspecific-generictest.generictest" adapterTypeName="executor://orderedtestadapter/v1" className="c:\agt6\_work\10\s\qaautomation\api\tests\modules\academics\checkingclearwaitlistfunctionality\clearwaitlistsettingisunchecked\clearingwaitlistnotallowedforspecificstudent\clearingwaitlistnotallowedforspecific-generictest" name="clearingwaitlistnotallowedforspecific-generictest" />
    </UnitTest>
    <UnitTest name="associatechildtermtoparentterm-generictest" storage="c:\agt6\_work\10\s\qaautomation\api\tests\modules\academics\onlineregistrationconfiguration\associatechildtermtoparentterm-generictest.generictest" id="a92fd839-4413-4f9d-9eb3-342de4b9db88">
      <Execution id="7dbb80f7-b767-4301-ae0f-fcaa3435c7b0" parentId="f8aab9b5-0642-448a-9708-44bd65dac28d" />
      <TestMethod codeBase="c:\agt6\_work\10\s\qaautomation\api\tests\modules\academics\onlineregistrationconfiguration\associatechildtermtoparentterm-generictest.generictest" adapterTypeName="executor://orderedtestadapter/v1" className="c:\agt6\_work\10\s\qaautomation\api\tests\modules\academics\onlineregistrationconfiguration\associatechildtermtoparentterm-generictest" name="associatechildtermtoparentterm-generictest" />
    </UnitTest>
    <UnitTest name="predeploygenerictest" storage="c:\agt6\_work\10\s\qaautomation\api\tests\predeploy\predeploygenerictest.generictest" id="7356f06b-177a-4046-9f9c-d16da1d7da6c">
      <Execution id="51298212-f556-4e02-b2c4-efbf1f9f2d98" parentId="64f4eb58-b854-439a-8bcf-9ea33a5f030a" />
      <TestMethod codeBase="c:\agt6\_work\10\s\qaautomation\api\tests\predeploy\predeploygenerictest.generictest" adapterTypeName="executor://orderedtestadapter/v1" className="c:\agt6\_work\10\s\qaautomation\api\tests\predeploy\predeploygenerictest" name="predeploygenerictest" />
    </UnitTest>
    <UnitTest name="industrycodecheckonsave-generictest" storage="c:\agt6\_work\10\s\qaautomation\api\tests\modules\common\industry\industrycodecheckonsave-generictest.generictest" id="8c95d41b-bddd-4e98-a9d3-286550af6854">
      <Execution id="fde1cd94-1f48-4e97-b61a-def9c1aae303" parentId="c8803a03-a4a6-4e57-8f0f-0ed6b90c0554" />
      <TestMethod codeBase="c:\agt6\_work\10\s\qaautomation\api\tests\modules\common\industry\industrycodecheckonsave-generictest.generictest" adapterTypeName="executor://orderedtestadapter/v1" className="c:\agt6\_work\10\s\qaautomation\api\tests\modules\common\industry\industrycodecheckonsave-generictest" name="industrycodecheckonsave-generictest" />
    </UnitTest>
    <UnitTest name="campusnexusstudentsettings-generictest" storage="c:\agt6\_work\10\s\qaautomation\api\tests\modules\system\campusnexusstudentsettings\campusnexusstudentsettings-generictest.generictest" id="bd6588dc-11f8-4d89-8b1b-dd4bd935ea7e">
      <Execution id="a0c5669d-8280-4299-be15-5d161b66dace" parentId="c8803a03-a4a6-4e57-8f0f-0ed6b90c0554" />
      <TestMethod codeBase="c:\agt6\_work\10\s\qaautomation\api\tests\modules\system\campusnexusstudentsettings\campusnexusstudentsettings-generictest.generictest" adapterTypeName="executor://orderedtestadapter/v1" className="c:\agt6\_work\10\s\qaautomation\api\tests\modules\system\campusnexusstudentsettings\campusnexusstudentsettings-generictest" name="campusnexusstudentsettings-generictest" />
    </UnitTest>
    <UnitTest name="coursefee-generictest" storage="c:\agt6\_work\10\s\qaautomation\api\tests\modules\academics\coursefee\coursefee-generictest.generictest" id="14a5bfd2-3b1d-4d1b-8f39-d90b40ec8d63">
      <Execution id="093178d6-70c9-4e1f-80b3-93db715587d8" parentId="975c70bb-18bc-44e2-963d-471bef2b4959" />
      <TestMethod codeBase="c:\agt6\_work\10\s\qaautomation\api\tests\modules\academics\coursefee\coursefee-generictest.generictest" adapterTypeName="executor://orderedtestadapter/v1" className="c:\agt6\_work\10\s\qaautomation\api\tests\modules\academics\coursefee\coursefee-generictest" name="coursefee-generictest" />
    </UnitTest>
    <UnitTest name="classscheduledetailsforstudentschoice_course1-generictest" storage="c:\agt6\_work\10\s\qaautomation\api\tests\modules\academics\classscheduledetails\classscheduledetailsforstudentschoice_course1-generictest.generictest" id="c4916e63-f885-4961-b7f3-b84cbeee239e">
      <Execution id="fbd370db-d1d4-48fe-bc49-544056779d2b" parentId="ab4dcdc8-40cc-45ee-a111-90d510c291bc" />
      <TestMethod codeBase="c:\agt6\_work\10\s\qaautomation\api\tests\modules\academics\classscheduledetails\classscheduledetailsforstudentschoice_course1-generictest.generictest" adapterTypeName="executor://orderedtestadapter/v1" className="c:\agt6\_work\10\s\qaautomation\api\tests\modules\academics\classscheduledetails\classscheduledetailsforstudentschoice_course1-generictest" name="classscheduledetailsforstudentschoice_course1-generictest" />
    </UnitTest>
    <UnitTest name="getsubstitutecoursedetailsfromcourselistcourse3-generictest" storage="c:\agt6\_work\10\s\qaautomation\api\tests\modules\academics\registersubstitutecoursetostudent\pre-req\getsubstitutecoursedetailsfromcourselistcourse3-generictest.generictest" id="551cc2f5-1893-4e33-8d34-9eb5e855900f">
      <Execution id="db3ce370-a2be-4bcb-9d68-b4debae6025b" parentId="a7ed55cb-9285-44b0-9f3d-f1bc01a909cd" />
      <TestMethod codeBase="c:\agt6\_work\10\s\qaautomation\api\tests\modules\academics\registersubstitutecoursetostudent\pre-req\getsubstitutecoursedetailsfromcourselistcourse3-generictest.generictest" adapterTypeName="executor://orderedtestadapter/v1" className="c:\agt6\_work\10\s\qaautomation\api\tests\modules\academics\registersubstitutecoursetostudent\pre-req\getsubstitutecoursedetailsfromcourselistcourse3-generictest" name="getsubstitutecoursedetailsfromcourselistcourse3-generictest" />
    </UnitTest>
    <UnitTest name="courselevel-generictest" storage="c:\agt6\_work\10\s\qaautomation\api\tests\modules\academics\courselevel\courselevel-generictest.generictest" id="6fef274f-d884-49a3-a25c-92d00d06566b">
      <Execution id="5403fbe7-20dc-460b-a890-cba98da77255" parentId="975c70bb-18bc-44e2-963d-471bef2b4959" />
      <TestMethod codeBase="c:\agt6\_work\10\s\qaautomation\api\tests\modules\academics\courselevel\courselevel-generictest.generictest" adapterTypeName="executor://orderedtestadapter/v1" className="c:\agt6\_work\10\s\qaautomation\api\tests\modules\academics\courselevel\courselevel-generictest" name="courselevel-generictest" />
    </UnitTest>
    <UnitTest name="accountstatus-generictest" storage="c:\agt6\_work\10\s\qaautomation\api\tests\modules\studentaccounts\accountstatus\accountstatus-generictest.generictest" id="4107d142-2edc-4e6c-b9c4-6bc1fde11230">
      <Execution id="5c6f2178-5643-4632-8de7-a0075280847b" parentId="8d25963c-9e1a-4fad-96d3-9915c9d8660b" />
      <TestMethod codeBase="c:\agt6\_work\10\s\qaautomation\api\tests\modules\studentaccounts\accountstatus\accountstatus-generictest.generictest" adapterTypeName="executor://orderedtestadapter/v1" className="c:\agt6\_work\10\s\qaautomation\api\tests\modules\studentaccounts\accountstatus\accountstatus-generictest" name="accountstatus-generictest" />
    </UnitTest>
    <UnitTest name="industry-generictest" storage="c:\agt6\_work\10\s\qaautomation\api\tests\modules\common\industry\industry-generictest.generictest" id="b3f318f1-73fd-46a8-9c1e-3d14e775df5b">
      <Execution id="23c9dc7a-b222-4211-9aed-cbf18117e346" parentId="c8803a03-a4a6-4e57-8f0f-0ed6b90c0554" />
      <TestMethod codeBase="c:\agt6\_work\10\s\qaautomation\api\tests\modules\common\industry\industry-generictest.generictest" adapterTypeName="executor://orderedtestadapter/v1" className="c:\agt6\_work\10\s\qaautomation\api\tests\modules\common\industry\industry-generictest" name="industry-generictest" />
    </UnitTest>
    <UnitTest name="buildingcategory-generictest" storage="c:\agt6\_work\10\s\qaautomation\api\tests\modules\studentservices\buildingcategory\buildingcategory-generictest.generictest" id="30da92b8-eaa3-4a28-b643-1d099093f473">
      <Execution id="ff83ab04-88bf-41c3-a374-8000963b0eb4" parentId="e9811b83-52c2-47f7-9702-4c8288be0f1c" />
      <TestMethod codeBase="c:\agt6\_work\10\s\qaautomation\api\tests\modules\studentservices\buildingcategory\buildingcategory-generictest.generictest" adapterTypeName="executor://orderedtestadapter/v1" className="c:\agt6\_work\10\s\qaautomation\api\tests\modules\studentservices\buildingcategory\buildingcategory-generictest" name="buildingcategory-generictest" />
    </UnitTest>
    <UnitTest name="createnewcourse-generictest" storage="c:\agt6\_work\10\s\qaautomation\api\tests\modules\academics\course\createnewcourse-generictest.generictest" id="0a19221e-9930-4078-9ab5-99a0624b0db1">
      <Execution id="2cfd4f7e-6084-4290-9954-3f4b858fbd60" parentId="724e859a-d2d0-4e1a-9e59-155f8067e3f5" />
      <TestMethod codeBase="c:\agt6\_work\10\s\qaautomation\api\tests\modules\academics\course\createnewcourse-generictest.generictest" adapterTypeName="executor://orderedtestadapter/v1" className="c:\agt6\_work\10\s\qaautomation\api\tests\modules\academics\course\createnewcourse-generictest" name="createnewcourse-generictest" />
    </UnitTest>
    <UnitTest name="courseattribute-generictest" storage="c:\agt6\_work\10\s\qaautomation\api\tests\modules\academics\courseattributes\courseattribute-generictest.generictest" id="7866c717-34c1-4e8a-9c63-49d7193c3bec">
      <Execution id="3aa66ccc-cfb9-420d-823e-723dd3b78175" parentId="975c70bb-18bc-44e2-963d-471bef2b4959" />
      <TestMethod codeBase="c:\agt6\_work\10\s\qaautomation\api\tests\modules\academics\courseattributes\courseattribute-generictest.generictest" adapterTypeName="executor://orderedtestadapter/v1" className="c:\agt6\_work\10\s\qaautomation\api\tests\modules\academics\courseattributes\courseattribute-generictest" name="courseattribute-generictest" />
    </UnitTest>
    <OrderedTest name="OTVerifyWhetherUserIsAbleToRegisterSubstituteCourseWhenMainActiveSubstituteActive" storage="c:\agt6\_work\10\s\qaautomation\api\orderedtests\modules\academics\otverifywhetheruserisabletoregistersubstitutecoursewhenmainactivesubstituteactive.orderedtest" id="82a4445b-e0c0-4dbe-970f-61c916daca04">
      <Execution id="7e8ae2bc-688c-4cf6-874b-a52ce6d030b6" />
      <TestLinks>
        <TestLink id="51f0e0e7-312d-445d-9ed8-101c61daf912" name="getsubstitutecoursedetailsfromcourselistcourse1-generictest" storage="c:\agt6\_work\10\s\qaautomation\api\tests\modules\academics\registersubstitutecoursetostudent\pre-req\getsubstitutecoursedetailsfromcourselistcourse1-generictest.generictest" />
        <TestLink id="7486e07b-8c5e-48ac-bada-dbfb24dc13e5" name="register substitute course to student course1-generictest" storage="c:\agt6\_work\10\s\qaautomation\api\tests\modules\academics\registersubstitutecoursetostudent\register substitute course to student course1-generictest.generictest" />
      </TestLinks>
    </OrderedTest>
    <UnitTest name="skillprogramversion_crud-generictest" storage="c:\agt6\_work\10\s\qaautomation\api\tests\modules\careerservices\skillprogramversion\skillprogramversion_crud-generictest.generictest" id="6985639d-a1fa-4f9a-838c-84270460eda9">
      <Execution id="dff7f3ca-e050-45f1-a2a8-ea454a030178" parentId="f57c4edd-1dc5-4910-be1c-3d0ea8d5267b" />
      <TestMethod codeBase="c:\agt6\_work\10\s\qaautomation\api\tests\modules\careerservices\skillprogramversion\skillprogramversion_crud-generictest.generictest" adapterTypeName="executor://orderedtestadapter/v1" className="c:\agt6\_work\10\s\qaautomation\api\tests\modules\careerservices\skillprogramversion\skillprogramversion_crud-generictest" name="skillprogramversion_crud-generictest" />
    </UnitTest>
    <OrderedTest name="OTVerifyWhetherUserIsUnableToRegisterSubstituteCourseWhenMainInactiveSubstituteInactie" storage="c:\agt6\_work\10\s\qaautomation\api\orderedtests\modules\academics\otverifywhetheruserisunabletoregistersubstitutecoursewhenmaininactivesubstituteinactie.orderedtest" id="05b716f6-fc3c-4d9c-a316-b3c37d39e512">
      <Execution id="54614626-df18-4d50-9899-ddcffb178352" />
      <TestLinks>
        <TestLink id="f43b5902-2f45-42f3-914a-db55dd221f9b" name="getsubstitutecoursedetailsfromcourselistcourse4-generictest" storage="c:\agt6\_work\10\s\qaautomation\api\tests\modules\academics\registersubstitutecoursetostudent\pre-req\getsubstitutecoursedetailsfromcourselistcourse4-generictest.generictest" />
        <TestLink id="8b88a2cc-9b1a-4778-9956-6b1699c08311" name="register substitute course to student course4-generictest" storage="c:\agt6\_work\10\s\qaautomation\api\tests\modules\academics\registersubstitutecoursetostudent\register substitute course to student course4-generictest.generictest" />
      </TestLinks>
    </OrderedTest>
    <OrderedTest name="OTVerifyWhetherUserIsAbleToRegisterSubstituteCourseWhenMainInactiveSubstituteActive" storage="c:\agt6\_work\10\s\qaautomation\api\orderedtests\modules\academics\otverifywhetheruserisabletoregistersubstitutecoursewhenmaininactivesubstituteactive.orderedtest" id="7eba80ce-c0c1-4f25-aa9f-65bf21fb4d5d">
      <Execution id="a7ed55cb-9285-44b0-9f3d-f1bc01a909cd" />
      <TestLinks>
        <TestLink id="551cc2f5-1893-4e33-8d34-9eb5e855900f" name="getsubstitutecoursedetailsfromcourselistcourse3-generictest" storage="c:\agt6\_work\10\s\qaautomation\api\tests\modules\academics\registersubstitutecoursetostudent\pre-req\getsubstitutecoursedetailsfromcourselistcourse3-generictest.generictest" />
        <TestLink id="006b6c77-8893-4b32-b5d8-063ddd7bf928" name="register substitute course to student course3-generictest" storage="c:\agt6\_work\10\s\qaautomation\api\tests\modules\academics\registersubstitutecoursetostudent\register substitute course to student course3-generictest.generictest" />
      </TestLinks>
    </OrderedTest>
    <UnitTest name="checkingregisteredcoursedetailsfornonpassfail-generictest" storage="c:\agt6\_work\10\s\qaautomation\api\tests\modules\academics\checkingregisteredcoursedetails\checkingregisteredcoursedetailsfornonpassfail-generictest.generictest" id="2dbbb26d-2dc9-453c-a6bc-2eab9bfc5360">
      <Execution id="15fa13f7-7f13-4d95-9d42-7fcf25718b80" parentId="d14506b3-816b-478b-9a6a-719f2a02dfe8" />
      <TestMethod codeBase="c:\agt6\_work\10\s\qaautomation\api\tests\modules\academics\checkingregisteredcoursedetails\checkingregisteredcoursedetailsfornonpassfail-generictest.generictest" adapterTypeName="executor://orderedtestadapter/v1" className="c:\agt6\_work\10\s\qaautomation\api\tests\modules\academics\checkingregisteredcoursedetails\checkingregisteredcoursedetailsfornonpassfail-generictest" name="checkingregisteredcoursedetailsfornonpassfail-generictest" />
    </UnitTest>
    <UnitTest name="createnewclassscheduleterm1-generictest" storage="c:\agt6\_work\10\s\qaautomation\api\tests\modules\academics\createnewclassschedule\createnewclassscheduleterm1-generictest.generictest" id="348c1e4e-2eb5-49cd-9a0a-7cd94354416b">
      <Execution id="99bda22b-b909-4978-94f9-2a0413026768" parentId="724e859a-d2d0-4e1a-9e59-155f8067e3f5" />
      <TestMethod codeBase="c:\agt6\_work\10\s\qaautomation\api\tests\modules\academics\createnewclassschedule\createnewclassscheduleterm1-generictest.generictest" adapterTypeName="executor://orderedtestadapter/v1" className="c:\agt6\_work\10\s\qaautomation\api\tests\modules\academics\createnewclassschedule\createnewclassscheduleterm1-generictest" name="createnewclassscheduleterm1-generictest" />
    </UnitTest>
    <UnitTest name="careerservicejobbenefit-generictest" storage="c:\agt6\_work\10\s\qaautomation\api\tests\modules\careerservices\jobbenefits\careerservicejobbenefit-generictest.generictest" id="7d3bd02b-dcf5-4fb4-aebd-2e53bdcd7299">
      <Execution id="828d23b9-eadf-49bc-b1a7-cb0eabf328f3" parentId="f57c4edd-1dc5-4910-be1c-3d0ea8d5267b" />
      <TestMethod codeBase="c:\agt6\_work\10\s\qaautomation\api\tests\modules\careerservices\jobbenefits\careerservicejobbenefit-generictest.generictest" adapterTypeName="executor://orderedtestadapter/v1" className="c:\agt6\_work\10\s\qaautomation\api\tests\modules\careerservices\jobbenefits\careerservicejobbenefit-generictest" name="careerservicejobbenefit-generictest" />
    </UnitTest>
    <UnitTest name="add course to student(student2course1)-generictest" storage="c:\agt6\_work\10\s\qaautomation\api\tests\modules\academics\addcoursetostudent\add course to student(student2course1)-generictest.generictest" id="dc9807bc-d415-4bd5-b684-7feebf7ab79a">
      <Execution id="5aafce8c-5c4a-4266-b592-e50dcb9d496b" parentId="02ea6333-26ed-4913-b3ea-4450a60d8a48" />
      <TestMethod codeBase="c:\agt6\_work\10\s\qaautomation\api\tests\modules\academics\addcoursetostudent\add course to student(student2course1)-generictest.generictest" adapterTypeName="executor://orderedtestadapter/v1" className="c:\agt6\_work\10\s\qaautomation\api\tests\modules\academics\addcoursetostudent\add course to student(student2course1)-generictest" name="add course to student(student2course1)-generictest" />
    </UnitTest>
    <UnitTest name="leadcategory_crud-generictest" storage="c:\agt6\_work\10\s\qaautomation\api\tests\modules\admissions\leadcategory\leadcategory_crud-generictest.generictest" id="3f70c2ae-92da-4cbe-9e3f-901c002268db">
      <Execution id="0517ec74-7a88-4582-a48f-af3f44984070" parentId="abfacd55-93a6-4088-9022-286aa3b7c61b" />
      <TestMethod codeBase="c:\agt6\_work\10\s\qaautomation\api\tests\modules\admissions\leadcategory\leadcategory_crud-generictest.generictest" adapterTypeName="executor://orderedtestadapter/v1" className="c:\agt6\_work\10\s\qaautomation\api\tests\modules\admissions\leadcategory\leadcategory_crud-generictest" name="leadcategory_crud-generictest" />
    </UnitTest>
    <UnitTest name="courseregistration_startdateandexpectedenddatearenull" storage="c:\agt6\_work\10\s\qaautomation\api\tests\modules\academics\registercoursestartdateandenddatenull\courseregistration_startdateandexpectedenddatearenull.generictest" id="bc852938-1813-4a9a-833a-29cd6377f438">
      <Execution id="a48d09e7-fa55-4bea-910c-96d31e5e07d2" parentId="17ea93a9-49d8-43db-be06-103c3401b10b" />
      <TestMethod codeBase="c:\agt6\_work\10\s\qaautomation\api\tests\modules\academics\registercoursestartdateandenddatenull\courseregistration_startdateandexpectedenddatearenull.generictest" adapterTypeName="executor://orderedtestadapter/v1" className="c:\agt6\_work\10\s\qaautomation\api\tests\modules\academics\registercoursestartdateandenddatenull\courseregistration_startdateandexpectedenddatearenull" name="courseregistration_startdateandexpectedenddatearenull" />
    </UnitTest>
    <OrderedTest name="OTCheckingNonPassFailafterchangeonClassSchedule" storage="c:\agt6\_work\10\s\qaautomation\api\orderedtests\modules\academics\otcheckingnonpassfailafterchangeonclassschedule.orderedtest" id="e701c3b4-981f-4e2f-8926-8ed8060b794f">
      <Execution id="d14506b3-816b-478b-9a6a-719f2a02dfe8" />
      <TestLinks>
        <TestLink id="a3461089-9573-411d-8812-74ebb5f07489" name="addcoursetostudentfornonpassfail-generictest" storage="c:\agt6\_work\10\s\qaautomation\api\tests\modules\academics\addcoursetostudentforpassfailcheck\addcoursetostudentfornonpassfail-generictest.generictest" />
        <TestLink id="91b64f06-2e4b-4582-8c48-89cc27a2550a" name="registercoursetostudentnonpassfail-generictest" storage="c:\agt6\_work\10\s\qaautomation\api\tests\modules\academics\registercoursetostudent\registercoursetostudentnonpassfail-generictest.generictest" />
        <TestLink id="49ed6fd3-d4fc-405d-8842-da0e3422f89e" name="updateclassscheduledetailsfornonpassfail-generictest" storage="c:\agt6\_work\10\s\qaautomation\api\tests\modules\academics\updateclassscheduledetails\updateclassscheduledetailsfornonpassfail-generictest.generictest" />
        <TestLink id="2dbbb26d-2dc9-453c-a6bc-2eab9bfc5360" name="checkingregisteredcoursedetailsfornonpassfail-generictest" storage="c:\agt6\_work\10\s\qaautomation\api\tests\modules\academics\checkingregisteredcoursedetails\checkingregisteredcoursedetailsfornonpassfail-generictest.generictest" />
      </TestLinks>
    </OrderedTest>
    <UnitTest name="getandsave-generictest" storage="c:\agt6\_work\10\s\qaautomation\api\tests\modules\admissions\entrancetestimportmatchsetting\getandsave-generictest.generictest" id="784f78b5-6b68-4bf6-9a0a-5ce3513e7349">
      <Execution id="767380bd-9922-4b85-8de1-ccff3f069267" parentId="abfacd55-93a6-4088-9022-286aa3b7c61b" />
      <TestMethod codeBase="c:\agt6\_work\10\s\qaautomation\api\tests\modules\admissions\entrancetestimportmatchsetting\getandsave-generictest.generictest" adapterTypeName="executor://orderedtestadapter/v1" className="c:\agt6\_work\10\s\qaautomation\api\tests\modules\admissions\entrancetestimportmatchsetting\getandsave-generictest" name="getandsave-generictest" />
    </UnitTest>
    <UnitTest name="createnewstudentenrollment-generictest" storage="c:\agt6\_work\10\s\qaautomation\api\tests\modules\academics\createnewstudentenrollment\createnewstudentenrollment-generictest.generictest" id="2bab6b22-c3e6-4e52-a790-e369156c20dc">
      <Execution id="2c5a3cc9-1c91-4f02-8521-05d3c6f76c54" parentId="724e859a-d2d0-4e1a-9e59-155f8067e3f5" />
      <TestMethod codeBase="c:\agt6\_work\10\s\qaautomation\api\tests\modules\academics\createnewstudentenrollment\createnewstudentenrollment-generictest.generictest" adapterTypeName="executor://orderedtestadapter/v1" className="c:\agt6\_work\10\s\qaautomation\api\tests\modules\academics\createnewstudentenrollment\createnewstudentenrollment-generictest" name="createnewstudentenrollment-generictest" />
    </UnitTest>
    <UnitTest name="studentplacementstatushistory_validations-generictest" storage="c:\agt6\_work\10\s\qaautomation\api\tests\modules\careerservices\studentplacementstatushistory\studentplacementstatushistory_validations-generictest.generictest" id="158872a0-5a99-4428-a81b-bc25cb8260e1">
      <Execution id="7c5f5118-27aa-4aeb-9115-8c3f5ac3492b" parentId="f57c4edd-1dc5-4910-be1c-3d0ea8d5267b" />
      <TestMethod codeBase="c:\agt6\_work\10\s\qaautomation\api\tests\modules\careerservices\studentplacementstatushistory\studentplacementstatushistory_validations-generictest.generictest" adapterTypeName="executor://orderedtestadapter/v1" className="c:\agt6\_work\10\s\qaautomation\api\tests\modules\careerservices\studentplacementstatushistory\studentplacementstatushistory_validations-generictest" name="studentplacementstatushistory_validations-generictest" />
    </UnitTest>
    <UnitTest name="agencybranch-generictest" storage="c:\agt6\_work\10\s\qaautomation\api\tests\modules\common\agencybranch\agencybranch-generictest.generictest" id="b022af0e-45ed-4bf7-8b1f-cdd6ac566b95">
      <Execution id="4c85dce4-3da7-4dcb-bf39-6caaddc442b3" parentId="c8803a03-a4a6-4e57-8f0f-0ed6b90c0554" />
      <TestMethod codeBase="c:\agt6\_work\10\s\qaautomation\api\tests\modules\common\agencybranch\agencybranch-generictest.generictest" adapterTypeName="executor://orderedtestadapter/v1" className="c:\agt6\_work\10\s\qaautomation\api\tests\modules\common\agencybranch\agencybranch-generictest" name="agencybranch-generictest" />
    </UnitTest>
    <OrderedTest name="OTClearingWaitlistforselectedTermwhenclearwaitlistisnotallowed" storage="c:\agt6\_work\10\s\qaautomation\api\orderedtests\modules\academics\otclearingwaitlistforselectedtermwhenclearwaitlistisnotallowed.orderedtest" id="9350228e-b057-4b70-89dd-dfea14984673">
      <Execution id="14dcee77-e56f-4a69-86da-ce1a3e8ded1e" />
      <TestLinks>
        <TestLink id="430caaf1-1443-4b34-9927-147535979093" name="allowclearwaitlistisunchecked-generictest" storage="c:\agt6\_work\10\s\qaautomation\api\tests\modules\academics\checkingclearwaitlistfunctionality\pre-req\allowclearwailistisuncheckedforstaff\allowclearwaitlistisunchecked-generictest.generictest" />
        <TestLink id="7d36834b-529e-4bad-be34-08eb7420b669" name="clearingwaitlistnotallowedforselectedterm" storage="c:\agt6\_work\10\s\qaautomation\api\tests\modules\academics\checkingclearwaitlistfunctionality\clearwaitlistsettingisunchecked\clearingwaitlistnotallowedforselectedterm\clearingwaitlistnotallowedforselectedterm.generictest" />
      </TestLinks>
    </OrderedTest>
    <UnitTest name="servicetypecustomfield_crud-generictest" storage="c:\agt6\_work\10\s\qaautomation\api\tests\modules\studentservices\servicetypecustomfield\servicetypecustomfield_crud-generictest.generictest" id="2022d5d3-3243-48eb-b584-761b0e7df5bf">
      <Execution id="b11af35c-d29c-493a-b9ab-0d1b41436039" parentId="e9811b83-52c2-47f7-9702-4c8288be0f1c" />
      <TestMethod codeBase="c:\agt6\_work\10\s\qaautomation\api\tests\modules\studentservices\servicetypecustomfield\servicetypecustomfield_crud-generictest.generictest" adapterTypeName="executor://orderedtestadapter/v1" className="c:\agt6\_work\10\s\qaautomation\api\tests\modules\studentservices\servicetypecustomfield\servicetypecustomfield_crud-generictest" name="servicetypecustomfield_crud-generictest" />
    </UnitTest>
    <OrderedTest name="OTCheckEnrollStatusandHoursinRegistredCourseforFixedCourse" storage="c:\agt6\_work\10\s\qaautomation\api\orderedtests\modules\academics\otcheckenrollstatusandhoursinregistredcourseforfixedcourse.orderedtest" id="aebf4dfa-2985-4c15-ae68-06b8bf9b19bd">
      <Execution id="3e995ff7-fae1-4788-99fe-84045f43c681" />
      <TestLinks>
        <TestLink id="ff357f17-d96f-4cc5-a87f-b990e5440b42" name="courseandcoursescheduledetailsforfixedcourse-generictest" storage="c:\agt6\_work\10\s\qaautomation\api\tests\modules\academics\courseandclassscheduledetails\courseandcoursescheduledetailsforfixedcourse-generictest.generictest" />
        <TestLink id="88a89aa2-40a5-4161-8840-98c73b985c47" name="addandregisterfixedcourse-generictest" storage="c:\agt6\_work\10\s\qaautomation\api\tests\modules\academics\addandregisterfixedcourse\addandregisterfixedcourse-generictest.generictest" />
      </TestLinks>
    </OrderedTest>
    <UnitTest name="savehousingdeposit-generictest" storage="c:\agt6\_work\10\s\qaautomation\api\tests\modules\common\housingdeposit\savehousingdeposit-generictest.generictest" id="34f850ab-5a81-4b4b-856a-d7d471e24ec4">
      <Execution id="cd4d0e88-1352-46f6-b468-9405f7b33ec3" parentId="c8803a03-a4a6-4e57-8f0f-0ed6b90c0554" />
      <TestMethod codeBase="c:\agt6\_work\10\s\qaautomation\api\tests\modules\common\housingdeposit\savehousingdeposit-generictest.generictest" adapterTypeName="executor://orderedtestadapter/v1" className="c:\agt6\_work\10\s\qaautomation\api\tests\modules\common\housingdeposit\savehousingdeposit-generictest" name="savehousingdeposit-generictest" />
    </UnitTest>
    <UnitTest name="building1-generictest" storage="c:\agt6\_work\10\s\qaautomation\api\tests\modules\common\building\building1-generictest.generictest" id="74ace49d-4e09-40b6-93f3-6783a4241141">
      <Execution id="5c2ef3f4-5d8e-417e-8967-de6a6bb40895" parentId="c8803a03-a4a6-4e57-8f0f-0ed6b90c0554" />
      <TestMethod codeBase="c:\agt6\_work\10\s\qaautomation\api\tests\modules\common\building\building1-generictest.generictest" adapterTypeName="executor://orderedtestadapter/v1" className="c:\agt6\_work\10\s\qaautomation\api\tests\modules\common\building\building1-generictest" name="building1-generictest" />
    </UnitTest>
    <UnitTest name="employerjob_validations-generictest" storage="c:\agt6\_work\10\s\qaautomation\api\tests\modules\careerservices\employerjob\employerjob_validations-generictest.generictest" id="a5892264-1b40-41b4-89d7-94bc830bc665">
      <Execution id="baee6d40-0407-4ee3-9ea0-140bc52a31a6" parentId="f57c4edd-1dc5-4910-be1c-3d0ea8d5267b" />
      <TestMethod codeBase="c:\agt6\_work\10\s\qaautomation\api\tests\modules\careerservices\employerjob\employerjob_validations-generictest.generictest" adapterTypeName="executor://orderedtestadapter/v1" className="c:\agt6\_work\10\s\qaautomation\api\tests\modules\careerservices\employerjob\employerjob_validations-generictest" name="employerjob_validations-generictest" />
    </UnitTest>
    <UnitTest name="courseandcoursescheduledetailsforbothallowoverrideandmatchoverride-generictest" storage="c:\agt6\_work\10\s\qaautomation\api\tests\modules\academics\courseandclassscheduledetails\courseandcoursescheduledetailsforbothallowoverrideandmatchoverride-generictest.generictest" id="eecd4b2a-d9b9-4d31-937a-35fb4f87a266">
      <Execution id="3ab14ee9-ea48-482f-bc06-2f54dc466eb8" parentId="51eed433-cb75-4b69-a5a6-91aca0ca5ced" />
      <TestMethod codeBase="c:\agt6\_work\10\s\qaautomation\api\tests\modules\academics\courseandclassscheduledetails\courseandcoursescheduledetailsforbothallowoverrideandmatchoverride-generictest.generictest" adapterTypeName="executor://orderedtestadapter/v1" className="c:\agt6\_work\10\s\qaautomation\api\tests\modules\academics\courseandclassscheduledetails\courseandcoursescheduledetailsforbothallowoverrideandmatchoverride-generictest" name="courseandcoursescheduledetailsforbothallowoverrideandmatchoverride-generictest" />
    </UnitTest>
    <UnitTest name="createnewterm-parent-generictest" storage="c:\agt6\_work\10\s\qaautomation\api\tests\modules\academics\onlineregistrationconfiguration\createnewterm-parent-generictest.generictest" id="b2676063-c5be-487f-9ffe-03658c007ea9">
      <Execution id="6abbdd49-7c07-4040-84e1-0104876dc11e" parentId="f8aab9b5-0642-448a-9708-44bd65dac28d" />
      <TestMethod codeBase="c:\agt6\_work\10\s\qaautomation\api\tests\modules\academics\onlineregistrationconfiguration\createnewterm-parent-generictest.generictest" adapterTypeName="executor://orderedtestadapter/v1" className="c:\agt6\_work\10\s\qaautomation\api\tests\modules\academics\onlineregistrationconfiguration\createnewterm-parent-generictest" name="createnewterm-parent-generictest" />
    </UnitTest>
    <UnitTest name="servicetypebillingmethod_crud-generictest" storage="c:\agt6\_work\10\s\qaautomation\api\tests\modules\studentservices\servicetypebillingmethod\servicetypebillingmethod_crud-generictest.generictest" id="b0bccff2-cd54-4248-a7e8-88ad9f6c2887">
      <Execution id="dd6a1efc-935d-40b8-b2ed-9957ed622ac9" parentId="e9811b83-52c2-47f7-9702-4c8288be0f1c" />
      <TestMethod codeBase="c:\agt6\_work\10\s\qaautomation\api\tests\modules\studentservices\servicetypebillingmethod\servicetypebillingmethod_crud-generictest.generictest" adapterTypeName="executor://orderedtestadapter/v1" className="c:\agt6\_work\10\s\qaautomation\api\tests\modules\studentservices\servicetypebillingmethod\servicetypebillingmethod_crud-generictest" name="servicetypebillingmethod_crud-generictest" />
    </UnitTest>
    <UnitTest name="skill_validations-generictest" storage="c:\agt6\_work\10\s\qaautomation\api\tests\modules\careerservices\skill\skill_validations-generictest.generictest" id="200fea6a-228d-47d4-bc7b-8b05e5d69d4a">
      <Execution id="efb14ff1-bc08-46a9-9ea3-581aafc8a643" parentId="f57c4edd-1dc5-4910-be1c-3d0ea8d5267b" />
      <TestMethod codeBase="c:\agt6\_work\10\s\qaautomation\api\tests\modules\careerservices\skill\skill_validations-generictest.generictest" adapterTypeName="executor://orderedtestadapter/v1" className="c:\agt6\_work\10\s\qaautomation\api\tests\modules\careerservices\skill\skill_validations-generictest" name="skill_validations-generictest" />
    </UnitTest>
    <UnitTest name="addandregisterfixedcourse-generictest" storage="c:\agt6\_work\10\s\qaautomation\api\tests\modules\academics\addandregisterfixedcourse\addandregisterfixedcourse-generictest.generictest" id="88a89aa2-40a5-4161-8840-98c73b985c47">
      <Execution id="387c160c-1559-4203-8729-f46b4d6c03d1" parentId="3e995ff7-fae1-4788-99fe-84045f43c681" />
      <TestMethod codeBase="c:\agt6\_work\10\s\qaautomation\api\tests\modules\academics\addandregisterfixedcourse\addandregisterfixedcourse-generictest.generictest" adapterTypeName="executor://orderedtestadapter/v1" className="c:\agt6\_work\10\s\qaautomation\api\tests\modules\academics\addandregisterfixedcourse\addandregisterfixedcourse-generictest" name="addandregisterfixedcourse-generictest" />
    </UnitTest>
    <UnitTest name="jobtitle_crud-generictest" storage="c:\agt6\_work\10\s\qaautomation\api\tests\modules\careerservices\jobtitle\jobtitle_crud-generictest.generictest" id="bd45dd11-a29c-452a-b351-777ab7b2f487">
      <Execution id="8dc88aea-720f-4b7d-b128-ac2d08928520" parentId="f57c4edd-1dc5-4910-be1c-3d0ea8d5267b" />
      <TestMethod codeBase="c:\agt6\_work\10\s\qaautomation\api\tests\modules\careerservices\jobtitle\jobtitle_crud-generictest.generictest" adapterTypeName="executor://orderedtestadapter/v1" className="c:\agt6\_work\10\s\qaautomation\api\tests\modules\careerservices\jobtitle\jobtitle_crud-generictest" name="jobtitle_crud-generictest" />
    </UnitTest>
    <OrderedTest name="OTCheckingPassFailafterchangeonClassSchedule" storage="c:\agt6\_work\10\s\qaautomation\api\orderedtests\modules\academics\otcheckingpassfailafterchangeonclassschedule.orderedtest" id="c29e0283-e85c-4a50-9514-4ad3c9dcbd90">
      <Execution id="8ced95e6-b239-4e21-a515-99449902fbcb" />
      <TestLinks>
        <TestLink id="ae8ebc79-89b8-4953-8167-fc04f6526565" name="addcoursetostudentforpassfailrequired-generictest" storage="c:\agt6\_work\10\s\qaautomation\api\tests\modules\academics\addcoursetostudentforpassfailcheck\addcoursetostudentforpassfailrequired-generictest.generictest" />
        <TestLink id="8a0f7953-630b-4d09-aea5-5c61f043242d" name="registercoursetostudentpassfailrequired-generictest" storage="c:\agt6\_work\10\s\qaautomation\api\tests\modules\academics\registercoursetostudent\registercoursetostudentpassfailrequired-generictest.generictest" />
        <TestLink id="9ff0b9ae-5781-4760-a5a8-294e4e46ed6a" name="updateclassscheduledetailsforpassfail-generictest" storage="c:\agt6\_work\10\s\qaautomation\api\tests\modules\academics\updateclassscheduledetails\updateclassscheduledetailsforpassfail-generictest.generictest" />
        <TestLink id="c187ea8f-591f-4075-a11d-787461dd5556" name="checkingregisteredcoursedetailsforpassfail-generictest" storage="c:\agt6\_work\10\s\qaautomation\api\tests\modules\academics\checkingregisteredcoursedetails\checkingregisteredcoursedetailsforpassfail-generictest.generictest" />
      </TestLinks>
    </OrderedTest>
    <UnitTest name="classscheduledetailsforstudentschoice_course2-generictest" storage="c:\agt6\_work\10\s\qaautomation\api\tests\modules\academics\classscheduledetails\classscheduledetailsforstudentschoice_course2-generictest.generictest" id="8e1c547f-c450-4b93-8706-4004c659e44a">
      <Execution id="fa0a9f4c-ebfc-44a2-b81e-4d5e48f01e44" parentId="287e44df-1fc5-442d-9925-f238ac9da39a" />
      <TestMethod codeBase="c:\agt6\_work\10\s\qaautomation\api\tests\modules\academics\classscheduledetails\classscheduledetailsforstudentschoice_course2-generictest.generictest" adapterTypeName="executor://orderedtestadapter/v1" className="c:\agt6\_work\10\s\qaautomation\api\tests\modules\academics\classscheduledetails\classscheduledetailsforstudentschoice_course2-generictest" name="classscheduledetailsforstudentschoice_course2-generictest" />
    </UnitTest>
    <UnitTest name="employergroup_validations-generictest" storage="c:\agt6\_work\10\s\qaautomation\api\tests\modules\common\employergroup\employergroup_validations-generictest.generictest" id="4c826a47-5c29-42be-a1f9-3d97a36efb36">
      <Execution id="cb69d80c-2bdc-4b82-bdde-26069cfbb671" parentId="c8803a03-a4a6-4e57-8f0f-0ed6b90c0554" />
      <TestMethod codeBase="c:\agt6\_work\10\s\qaautomation\api\tests\modules\common\employergroup\employergroup_validations-generictest.generictest" adapterTypeName="executor://orderedtestadapter/v1" className="c:\agt6\_work\10\s\qaautomation\api\tests\modules\common\employergroup\employergroup_validations-generictest" name="employergroup_validations-generictest" />
    </UnitTest>
    <OrderedTest name="OTCheckingtheInActiveInstructorandupdating" storage="c:\agt6\_work\10\s\qaautomation\api\orderedtests\modules\academics\otcheckingtheinactiveinstructorandupdating.orderedtest" id="05b22b7f-444e-4bc0-851a-6f1060666ae9">
      <Execution id="c4382cad-3fdd-427e-ac18-f93f0d5475c9" />
      <TestLinks>
        <TestLink id="a294acc9-b435-4199-a4e8-4616f521d039" name="createnewclassscheduleviewandupdateinstructor-generictest" storage="c:\agt6\_work\10\s\qaautomation\api\tests\modules\academics\viewingandupdatinganinactiveinstructor\pre-req\createnewclassschedule\createnewclassscheduleviewandupdateinstructor-generictest.generictest" />
        <TestLink id="8e1cf152-0f70-4b9f-b12d-37fa85ac3ea1" name="process-instructormaintenance-generictest" storage="c:\agt6\_work\10\s\qaautomation\api\tests\modules\academics\viewingandupdatinganinactiveinstructor\pre-req\process-instructormaitenance\process-instructormaintenance-generictest.generictest" />
        <TestLink id="1bdadd23-367c-4cb2-9629-33ecc80a2f6d" name="updateinstructorforclassschedule" storage="c:\agt6\_work\10\s\qaautomation\api\tests\modules\academics\viewingandupdatinganinactiveinstructor\updateinstructorforclassschedule.generictest" />
      </TestLinks>
    </OrderedTest>
    <UnitTest name="housingroom-generictest" storage="c:\agt6\_work\10\s\qaautomation\api\tests\modules\studentservices\housingroom\housingroom-generictest.generictest" id="21b50477-db36-4a10-a262-bfbafb395965">
      <Execution id="819847ad-90c6-4f3c-b97c-b2246b9d445e" parentId="e9811b83-52c2-47f7-9702-4c8288be0f1c" />
      <TestMethod codeBase="c:\agt6\_work\10\s\qaautomation\api\tests\modules\studentservices\housingroom\housingroom-generictest.generictest" adapterTypeName="executor://orderedtestadapter/v1" className="c:\agt6\_work\10\s\qaautomation\api\tests\modules\studentservices\housingroom\housingroom-generictest" name="housingroom-generictest" />
    </UnitTest>
    <UnitTest name="getsubstitutecoursedetailsfromcourselistcourse2-generictest" storage="c:\agt6\_work\10\s\qaautomation\api\tests\modules\academics\registersubstitutecoursetostudent\pre-req\getsubstitutecoursedetailsfromcourselistcourse2-generictest.generictest" id="727d38f4-8d26-4fb5-a0d1-b498119a08db">
      <Execution id="e39123c7-d49f-4fa5-bf9a-2bf604c1edc0" parentId="ca1f5a6b-e0ca-47ad-beff-97a7fd55d440" />
      <TestMethod codeBase="c:\agt6\_work\10\s\qaautomation\api\tests\modules\academics\registersubstitutecoursetostudent\pre-req\getsubstitutecoursedetailsfromcourselistcourse2-generictest.generictest" adapterTypeName="executor://orderedtestadapter/v1" className="c:\agt6\_work\10\s\qaautomation\api\tests\modules\academics\registersubstitutecoursetostudent\pre-req\getsubstitutecoursedetailsfromcourselistcourse2-generictest" name="getsubstitutecoursedetailsfromcourselistcourse2-generictest" />
    </UnitTest>
    <UnitTest name="gradelevelpromotioncode-generictest" storage="c:\agt6\_work\10\s\qaautomation\api\tests\modules\academics\gradelevelpromotioncode\gradelevelpromotioncode-generictest.generictest" id="a91d7520-04a7-4936-a0f9-110397ed8bfd">
      <Execution id="18d26f5e-e602-4f1a-9ab7-7d876c260333" parentId="975c70bb-18bc-44e2-963d-471bef2b4959" />
      <TestMethod codeBase="c:\agt6\_work\10\s\qaautomation\api\tests\modules\academics\gradelevelpromotioncode\gradelevelpromotioncode-generictest.generictest" adapterTypeName="executor://orderedtestadapter/v1" className="c:\agt6\_work\10\s\qaautomation\api\tests\modules\academics\gradelevelpromotioncode\gradelevelpromotioncode-generictest" name="gradelevelpromotioncode-generictest" />
    </UnitTest>
    <UnitTest name="fundsource-generictest" storage="c:\agt6\_work\10\s\qaautomation\api\tests\modules\financialaid\fundsource\fundsource-generictest.generictest" id="178e7964-ed69-479f-ae9e-30371aace094">
      <Execution id="1df1c8b7-7a6c-4604-bcc7-bb3bc86ca020" parentId="f8722d4b-878b-4c0e-af2f-4cb352a1c558" />
      <TestMethod codeBase="c:\agt6\_work\10\s\qaautomation\api\tests\modules\financialaid\fundsource\fundsource-generictest.generictest" adapterTypeName="executor://orderedtestadapter/v1" className="c:\agt6\_work\10\s\qaautomation\api\tests\modules\financialaid\fundsource\fundsource-generictest" name="fundsource-generictest" />
    </UnitTest>
    <UnitTest name="packagingstatuspromotions-generictest" storage="c:\agt6\_work\10\s\qaautomation\api\tests\modules\financialaid\packagingstatuspromotions\packagingstatuspromotions-generictest.generictest" id="88d5ca4b-277c-48f1-9bf0-ad21d785a214">
      <Execution id="11022cfc-60f1-4f98-a1cf-b52c7d9ba8f0" parentId="f8722d4b-878b-4c0e-af2f-4cb352a1c558" />
      <TestMethod codeBase="c:\agt6\_work\10\s\qaautomation\api\tests\modules\financialaid\packagingstatuspromotions\packagingstatuspromotions-generictest.generictest" adapterTypeName="executor://orderedtestadapter/v1" className="c:\agt6\_work\10\s\qaautomation\api\tests\modules\financialaid\packagingstatuspromotions\packagingstatuspromotions-generictest" name="packagingstatuspromotions-generictest" />
    </UnitTest>
    <UnitTest name="fasapstatus_savedupcheck-generictest" storage="c:\agt6\_work\10\s\qaautomation\api\tests\modules\financialaid\fasapstatus\fasapstatus_savedupcheck-generictest.generictest" id="24bbe8b9-5486-40cf-b173-fd44abd241ae">
      <Execution id="c254c6e0-54aa-4d0b-bed4-9fc720528867" parentId="f8722d4b-878b-4c0e-af2f-4cb352a1c558" />
      <TestMethod codeBase="c:\agt6\_work\10\s\qaautomation\api\tests\modules\financialaid\fasapstatus\fasapstatus_savedupcheck-generictest.generictest" adapterTypeName="executor://orderedtestadapter/v1" className="c:\agt6\_work\10\s\qaautomation\api\tests\modules\financialaid\fasapstatus\fasapstatus_savedupcheck-generictest" name="fasapstatus_savedupcheck-generictest" />
    </UnitTest>
    <OrderedTest name="OTVerifyWhetherActualCourseOnWaitlistWhenRegisteredInActualClassSection" storage="c:\agt6\_work\10\s\qaautomation\api\orderedtests\modules\academics\otverifywhetheractualcourseonwaitlistwhenregisteredinactualclasssection.orderedtest" id="8e1d58bd-646c-47f0-ae37-5e4f703a1d4a">
      <Execution id="02ea6333-26ed-4913-b3ea-4450a60d8a48" />
      <TestLinks>
        <TestLink id="a33177c5-a4a5-49ec-a403-774fe71447f3" name="crossreferencecourseandcoursescheduledetailscourse1-generictest" storage="c:\agt6\_work\10\s\qaautomation\api\tests\modules\academics\crossreferencecourseandcoursesechduledetails\crossreferencecourseandcoursescheduledetailscourse1-generictest.generictest" />
        <TestLink id="254de41a-0619-42d0-9570-86260c37e3e3" name="crossreferencecourseandcoursescheduledetailscourse2-generictest" storage="c:\agt6\_work\10\s\qaautomation\api\tests\modules\academics\crossreferencecourseandcoursesechduledetails\crossreferencecourseandcoursescheduledetailscourse2-generictest.generictest" />
        <TestLink id="f8f11c65-5dd1-4438-88ec-159581b70f18" name="add course to student(student1course1)-generictest" storage="c:\agt6\_work\10\s\qaautomation\api\tests\modules\academics\addcoursetostudent\add course to student(student1course1)-generictest.generictest" />
        <TestLink id="bd6fac14-3568-45c0-b393-c73c22487313" name="register course to student(student1course1)-generictest" storage="c:\agt6\_work\10\s\qaautomation\api\tests\modules\academics\registercoursetostudent\register course to student(student1course1)-generictest.generictest" />
        <TestLink id="dc9807bc-d415-4bd5-b684-7feebf7ab79a" name="add course to student(student2course1)-generictest" storage="c:\agt6\_work\10\s\qaautomation\api\tests\modules\academics\addcoursetostudent\add course to student(student2course1)-generictest.generictest" />
        <TestLink id="18703160-0ac6-42be-be8f-07f205b156ba" name="add course to student(student2course2)-generictest" storage="c:\agt6\_work\10\s\qaautomation\api\tests\modules\academics\addcoursetostudent\add course to student(student2course2)-generictest.generictest" />
        <TestLink id="bfbc3b63-90a3-4eae-8002-928b6b4480bd" name="register course to student(student2course1)-generictest" storage="c:\agt6\_work\10\s\qaautomation\api\tests\modules\academics\registercoursetostudent\register course to student(student2course1)-generictest.generictest" />
      </TestLinks>
    </OrderedTest>
    <UnitTest name="updatepassfailcourse" storage="c:\agt6\_work\10\s\qaautomation\api\tests\modules\academics\updatepassfailsetting\updatepassfailcourse.generictest" id="a8da4608-4d8e-4859-bcfc-3bb8926c177a">
      <Execution id="32ada70f-cd32-476e-8645-8c1e237a1cd6" parentId="4996864d-968d-4515-94bf-d10dc54b5962" />
      <TestMethod codeBase="c:\agt6\_work\10\s\qaautomation\api\tests\modules\academics\updatepassfailsetting\updatepassfailcourse.generictest" adapterTypeName="executor://orderedtestadapter/v1" className="c:\agt6\_work\10\s\qaautomation\api\tests\modules\academics\updatepassfailsetting\updatepassfailcourse" name="updatepassfailcourse" />
    </UnitTest>
    <UnitTest name="servicetype_validations-generictest" storage="c:\agt6\_work\10\s\qaautomation\api\tests\modules\studentservices\servicetype\servicetype_validations-generictest.generictest" id="2ced6296-deb8-4010-8ec9-10ad806b6779">
      <Execution id="650d102c-6093-45d3-a747-455d60ec4ece" parentId="e9811b83-52c2-47f7-9702-4c8288be0f1c" />
      <TestMethod codeBase="c:\agt6\_work\10\s\qaautomation\api\tests\modules\studentservices\servicetype\servicetype_validations-generictest.generictest" adapterTypeName="executor://orderedtestadapter/v1" className="c:\agt6\_work\10\s\qaautomation\api\tests\modules\studentservices\servicetype\servicetype_validations-generictest" name="servicetype_validations-generictest" />
    </UnitTest>
    <UnitTest name="disabledfundsource-generictest" storage="c:\agt6\_work\10\s\qaautomation\api\tests\modules\financialaid\disabledfundsource\disabledfundsource-generictest.generictest" id="adc8826e-be63-4376-95a3-7f3d74c253aa">
      <Execution id="e8be9cca-d750-44ce-bc3a-c6b4494d0ae5" parentId="f8722d4b-878b-4c0e-af2f-4cb352a1c558" />
      <TestMethod codeBase="c:\agt6\_work\10\s\qaautomation\api\tests\modules\financialaid\disabledfundsource\disabledfundsource-generictest.generictest" adapterTypeName="executor://orderedtestadapter/v1" className="c:\agt6\_work\10\s\qaautomation\api\tests\modules\financialaid\disabledfundsource\disabledfundsource-generictest" name="disabledfundsource-generictest" />
    </UnitTest>
    <UnitTest name="studentservicesroomtype-generictest" storage="c:\agt6\_work\10\s\qaautomation\api\tests\modules\studentservices\roomtype\studentservicesroomtype-generictest.generictest" id="074071cb-caf5-4739-b199-eefa55820e2c">
      <Execution id="a04ecead-d480-4b65-9059-3c100116a442" parentId="e9811b83-52c2-47f7-9702-4c8288be0f1c" />
      <TestMethod codeBase="c:\agt6\_work\10\s\qaautomation\api\tests\modules\studentservices\roomtype\studentservicesroomtype-generictest.generictest" adapterTypeName="executor://orderedtestadapter/v1" className="c:\agt6\_work\10\s\qaautomation\api\tests\modules\studentservices\roomtype\studentservicesroomtype-generictest" name="studentservicesroomtype-generictest" />
    </UnitTest>
    <UnitTest name="jobtitle_validations-generictest" storage="c:\agt6\_work\10\s\qaautomation\api\tests\modules\careerservices\jobtitle\jobtitle_validations-generictest.generictest" id="630086d0-3757-4d9d-9ebb-363ddb353eff">
      <Execution id="fccd457a-f94f-47d2-95da-6d0653d76119" parentId="f57c4edd-1dc5-4910-be1c-3d0ea8d5267b" />
      <TestMethod codeBase="c:\agt6\_work\10\s\qaautomation\api\tests\modules\careerservices\jobtitle\jobtitle_validations-generictest.generictest" adapterTypeName="executor://orderedtestadapter/v1" className="c:\agt6\_work\10\s\qaautomation\api\tests\modules\careerservices\jobtitle\jobtitle_validations-generictest" name="jobtitle_validations-generictest" />
    </UnitTest>
    <UnitTest name="commonlinerecipientcreateandupdate-generictest" storage="c:\agt6\_work\10\s\qaautomation\api\tests\modules\financialaid\commonlinerecipientcreateandupdate\commonlinerecipientcreateandupdate-generictest.generictest" id="6d384dc9-3d84-49b8-9337-0b3a0c62f8b6">
      <Execution id="ffe45fed-9770-4689-93f4-bd0054cb8706" parentId="f8722d4b-878b-4c0e-af2f-4cb352a1c558" />
      <TestMethod codeBase="c:\agt6\_work\10\s\qaautomation\api\tests\modules\financialaid\commonlinerecipientcreateandupdate\commonlinerecipientcreateandupdate-generictest.generictest" adapterTypeName="executor://orderedtestadapter/v1" className="c:\agt6\_work\10\s\qaautomation\api\tests\modules\financialaid\commonlinerecipientcreateandupdate\commonlinerecipientcreateandupdate-generictest" name="commonlinerecipientcreateandupdate-generictest" />
    </UnitTest>
    <UnitTest name="schoolstatus-generictest" storage="c:\agt6\_work\10\s\qaautomation\api\tests\modules\common\schoolstatus\schoolstatus-generictest.generictest" id="82c01489-9529-4e84-a33d-a92cf34b912b">
      <Execution id="4fb3f687-6109-4fb0-9619-94f59f683951" parentId="c8803a03-a4a6-4e57-8f0f-0ed6b90c0554" />
      <TestMethod codeBase="c:\agt6\_work\10\s\qaautomation\api\tests\modules\common\schoolstatus\schoolstatus-generictest.generictest" adapterTypeName="executor://orderedtestadapter/v1" className="c:\agt6\_work\10\s\qaautomation\api\tests\modules\common\schoolstatus\schoolstatus-generictest" name="schoolstatus-generictest" />
    </UnitTest>
    <UnitTest name="registercoursetostudent" storage="c:\agt6\_work\10\s\qaautomation\api\tests\modules\academics\deletecourseregistrationlock\prereq\registercoursetostudent.generictest" id="387fe72b-e5e3-452e-a94d-fcd36ed16014">
      <Execution id="3b967701-05f6-413c-af87-13338ca7689d" parentId="d7d4b0e3-42d4-4263-9256-fe3a488b0cd6" />
      <TestMethod codeBase="c:\agt6\_work\10\s\qaautomation\api\tests\modules\academics\deletecourseregistrationlock\prereq\registercoursetostudent.generictest" adapterTypeName="executor://orderedtestadapter/v1" className="c:\agt6\_work\10\s\qaautomation\api\tests\modules\academics\deletecourseregistrationlock\prereq\registercoursetostudent" name="registercoursetostudent" />
    </UnitTest>
    <UnitTest name="fapackagingstatus_crud-generictest" storage="c:\agt6\_work\10\s\qaautomation\api\tests\modules\financialaid\fapackagingstatus\fapackagingstatus_crud-generictest.generictest" id="ecf4c4eb-442a-4c80-83ba-7afe00646c1a">
      <Execution id="a942711a-6d55-4fd1-828f-50e9ffbf115a" parentId="f8722d4b-878b-4c0e-af2f-4cb352a1c558" />
      <TestMethod codeBase="c:\agt6\_work\10\s\qaautomation\api\tests\modules\financialaid\fapackagingstatus\fapackagingstatus_crud-generictest.generictest" adapterTypeName="executor://orderedtestadapter/v1" className="c:\agt6\_work\10\s\qaautomation\api\tests\modules\financialaid\fapackagingstatus\fapackagingstatus_crud-generictest" name="fapackagingstatus_crud-generictest" />
    </UnitTest>
    <UnitTest name="add course to student as retake with max attempt 0-generictest" storage="c:\agt6\_work\10\s\qaautomation\api\tests\modules\academics\addcoursetostudent\add course to student as retake with max attempt 0-generictest.generictest" id="bb9c2622-eeb9-4886-b602-211a67ac329e">
      <Execution id="19b0eed0-cbe0-4e65-92a8-eb2b3dc1176c" parentId="724e859a-d2d0-4e1a-9e59-155f8067e3f5" />
      <TestMethod codeBase="c:\agt6\_work\10\s\qaautomation\api\tests\modules\academics\addcoursetostudent\add course to student as retake with max attempt 0-generictest.generictest" adapterTypeName="executor://orderedtestadapter/v1" className="c:\agt6\_work\10\s\qaautomation\api\tests\modules\academics\addcoursetostudent\add course to student as retake with max attempt 0-generictest" name="add course to student as retake with max attempt 0-generictest" />
    </UnitTest>
    <UnitTest name="addcoursetostudentforpassfailrequired-generictest" storage="c:\agt6\_work\10\s\qaautomation\api\tests\modules\academics\addcoursetostudent\addcoursetostudentforpassfailrequired-generictest.generictest" id="34a0acc8-9a92-4560-b199-5a3e0e07480e">
      <Execution id="73cc4ddd-175a-4cee-aa50-fb2d7ffd39f6" parentId="a30754e8-d59e-433c-b758-12cbd27987af" />
      <TestMethod codeBase="c:\agt6\_work\10\s\qaautomation\api\tests\modules\academics\addcoursetostudent\addcoursetostudentforpassfailrequired-generictest.generictest" adapterTypeName="executor://orderedtestadapter/v1" className="c:\agt6\_work\10\s\qaautomation\api\tests\modules\academics\addcoursetostudent\addcoursetostudentforpassfailrequired-generictest" name="addcoursetostudentforpassfailrequired-generictest" />
    </UnitTest>
    <UnitTest name="process-instructormaintenance-generictest" storage="c:\agt6\_work\10\s\qaautomation\api\tests\modules\academics\viewingandupdatinganinactiveinstructor\pre-req\process-instructormaitenance\process-instructormaintenance-generictest.generictest" id="8e1cf152-0f70-4b9f-b12d-37fa85ac3ea1">
      <Execution id="affb28cb-7ea8-4805-8906-3f918048397e" parentId="c4382cad-3fdd-427e-ac18-f93f0d5475c9" />
      <TestMethod codeBase="c:\agt6\_work\10\s\qaautomation\api\tests\modules\academics\viewingandupdatinganinactiveinstructor\pre-req\process-instructormaitenance\process-instructormaintenance-generictest.generictest" adapterTypeName="executor://orderedtestadapter/v1" className="c:\agt6\_work\10\s\qaautomation\api\tests\modules\academics\viewingandupdatinganinactiveinstructor\pre-req\process-instructormaitenance\process-instructormaintenance-generictest" name="process-instructormaintenance-generictest" />
    </UnitTest>
    <UnitTest name="codgrants-generictest" storage="c:\agt6\_work\10\s\qaautomation\api\tests\modules\financialaid\cod\codgrants-generictest.generictest" id="b563f5e8-3a80-4a2e-83aa-22671e3251fd">
      <Execution id="43603322-c2f0-441e-b313-1fd2588dae55" parentId="f8722d4b-878b-4c0e-af2f-4cb352a1c558" />
      <TestMethod codeBase="c:\agt6\_work\10\s\qaautomation\api\tests\modules\financialaid\cod\codgrants-generictest.generictest" adapterTypeName="executor://orderedtestadapter/v1" className="c:\agt6\_work\10\s\qaautomation\api\tests\modules\financialaid\cod\codgrants-generictest" name="codgrants-generictest" />
    </UnitTest>
    <UnitTest name="campusfafsaisir-generictest" storage="c:\agt6\_work\10\s\qaautomation\api\tests\modules\common\campusfafsaisir\campusfafsaisir-generictest.generictest" id="4fb01a2d-4b98-4040-8db0-51805ebf268c">
      <Execution id="a7239c96-734d-40cb-bb4a-8bcc1f5bcca9" parentId="c8803a03-a4a6-4e57-8f0f-0ed6b90c0554" />
      <TestMethod codeBase="c:\agt6\_work\10\s\qaautomation\api\tests\modules\common\campusfafsaisir\campusfafsaisir-generictest.generictest" adapterTypeName="executor://orderedtestadapter/v1" className="c:\agt6\_work\10\s\qaautomation\api\tests\modules\common\campusfafsaisir\campusfafsaisir-generictest" name="campusfafsaisir-generictest" />
    </UnitTest>
    <UnitTest name="allowclearwaitlistisunchecked-generictest" storage="c:\agt6\_work\10\s\qaautomation\api\tests\modules\academics\checkingclearwaitlistfunctionality\pre-req\allowclearwailistisuncheckedforstaff\allowclearwaitlistisunchecked-generictest.generictest" id="430caaf1-1443-4b34-9927-147535979093">
      <Execution id="06c056a3-df28-4c2c-b91b-154460e36fa3" parentId="14dcee77-e56f-4a69-86da-ce1a3e8ded1e" />
      <TestMethod codeBase="c:\agt6\_work\10\s\qaautomation\api\tests\modules\academics\checkingclearwaitlistfunctionality\pre-req\allowclearwailistisuncheckedforstaff\allowclearwaitlistisunchecked-generictest.generictest" adapterTypeName="executor://orderedtestadapter/v1" className="c:\agt6\_work\10\s\qaautomation\api\tests\modules\academics\checkingclearwaitlistfunctionality\pre-req\allowclearwailistisuncheckedforstaff\allowclearwaitlistisunchecked-generictest" name="allowclearwaitlistisunchecked-generictest" />
    </UnitTest>
    <UnitTest name="gethousingbuildingimage-generictest" storage="c:\agt6\_work\10\s\qaautomation\api\tests\modules\studentservices\housingbuilding\gethousingbuildingimage-generictest.generictest" id="c87055d1-8c88-4128-9922-f1632d28fdd2">
      <Execution id="2a0f9dd1-cd3b-4079-ae24-fa7b6d2ff613" parentId="e9811b83-52c2-47f7-9702-4c8288be0f1c" />
      <TestMethod codeBase="c:\agt6\_work\10\s\qaautomation\api\tests\modules\studentservices\housingbuilding\gethousingbuildingimage-generictest.generictest" adapterTypeName="executor://orderedtestadapter/v1" className="c:\agt6\_work\10\s\qaautomation\api\tests\modules\studentservices\housingbuilding\gethousingbuildingimage-generictest" name="gethousingbuildingimage-generictest" />
    </UnitTest>
    <UnitTest name="converttoauditcourse-generictest" storage="c:\agt6\_work\10\s\qaautomation\api\tests\modules\academics\converttoauditcourse\converttoauditcourse-generictest.generictest" id="b67db915-27ea-45f9-a6e0-4bec6849499b">
      <Execution id="ec3cd0ed-8a4a-48a3-bfd0-681f0c2636cd" parentId="c6b16948-1d58-49b8-9d79-97ced3639990" />
      <TestMethod codeBase="c:\agt6\_work\10\s\qaautomation\api\tests\modules\academics\converttoauditcourse\converttoauditcourse-generictest.generictest" adapterTypeName="executor://orderedtestadapter/v1" className="c:\agt6\_work\10\s\qaautomation\api\tests\modules\academics\converttoauditcourse\converttoauditcourse-generictest" name="converttoauditcourse-generictest" />
    </UnitTest>
    <UnitTest name="allowclearwaitlist-generictest" storage="c:\agt6\_work\10\s\qaautomation\api\tests\modules\academics\checkingclearwaitlistfunctionality\pre-req\allowclearwailistischeckedforstaff\allowclearwaitlist-generictest.generictest" id="396d9239-2082-478a-b25a-3c6d420bf5ea">
      <Execution id="4e3568b2-d641-4eae-a957-45f18b7e2378" parentId="4ea6c5b3-3878-4ef4-a258-20b6f2c80b92" />
      <TestMethod codeBase="c:\agt6\_work\10\s\qaautomation\api\tests\modules\academics\checkingclearwaitlistfunctionality\pre-req\allowclearwailistischeckedforstaff\allowclearwaitlist-generictest.generictest" adapterTypeName="executor://orderedtestadapter/v1" className="c:\agt6\_work\10\s\qaautomation\api\tests\modules\academics\checkingclearwaitlistfunctionality\pre-req\allowclearwailistischeckedforstaff\allowclearwaitlist-generictest" name="allowclearwaitlist-generictest" />
    </UnitTest>
    <UnitTest name="tasknonsystemcrud-generictest" storage="c:\agt6\_work\10\s\qaautomation\api\tests\modules\crm\task\tasknonsystemcrud-generictest.generictest" id="a1b78339-d65b-4ad8-919b-a211092bc622">
      <Execution id="3717c634-b2f4-4c35-8d3d-2f072fb18468" parentId="2493fed7-0e59-4dfe-b7b7-5181f5053aa7" />
      <TestMethod codeBase="c:\agt6\_work\10\s\qaautomation\api\tests\modules\crm\task\tasknonsystemcrud-generictest.generictest" adapterTypeName="executor://orderedtestadapter/v1" className="c:\agt6\_work\10\s\qaautomation\api\tests\modules\crm\task\tasknonsystemcrud-generictest" name="tasknonsystemcrud-generictest" />
    </UnitTest>
    <UnitTest name="course prerequisite-generictest" storage="c:\agt6\_work\10\s\qaautomation\api\tests\modules\academics\courseprerequisite\course prerequisite-generictest.generictest" id="8376c87c-7a21-4ba1-aacc-9c241444f9ee">
      <Execution id="75105f72-8803-4269-9249-5625ea483da0" parentId="975c70bb-18bc-44e2-963d-471bef2b4959" />
      <TestMethod codeBase="c:\agt6\_work\10\s\qaautomation\api\tests\modules\academics\courseprerequisite\course prerequisite-generictest.generictest" adapterTypeName="executor://orderedtestadapter/v1" className="c:\agt6\_work\10\s\qaautomation\api\tests\modules\academics\courseprerequisite\course prerequisite-generictest" name="course prerequisite-generictest" />
    </UnitTest>
    <UnitTest name="onlineregistrationconfigurationchildtermforsettingno-generictest" storage="c:\agt6\_work\10\s\qaautomation\api\tests\modules\academics\onlineregistrationconfiguration\onlineregistrationconfigurationchildtermforsettingno-generictest.generictest" id="8c4f68e4-5b95-43ae-b76e-f304c33ba666">
      <Execution id="8b738d6b-d827-420c-a4f9-ec0ecd9c471e" parentId="f8aab9b5-0642-448a-9708-44bd65dac28d" />
      <TestMethod codeBase="c:\agt6\_work\10\s\qaautomation\api\tests\modules\academics\onlineregistrationconfiguration\onlineregistrationconfigurationchildtermforsettingno-generictest.generictest" adapterTypeName="executor://orderedtestadapter/v1" className="c:\agt6\_work\10\s\qaautomation\api\tests\modules\academics\onlineregistrationconfiguration\onlineregistrationconfigurationchildtermforsettingno-generictest" name="onlineregistrationconfigurationchildtermforsettingno-generictest" />
    </UnitTest>
    <UnitTest name="packagingmethodvalidations-generictest" storage="c:\agt6\_work\10\s\qaautomation\api\tests\modules\financialaid\packagingmethod\packagingmethodvalidations-generictest.generictest" id="3945606f-fed6-4996-ac03-6b693b16ceba">
      <Execution id="ab57c626-67a5-435b-b78e-81548c17603e" parentId="f8722d4b-878b-4c0e-af2f-4cb352a1c558" />
      <TestMethod codeBase="c:\agt6\_work\10\s\qaautomation\api\tests\modules\financialaid\packagingmethod\packagingmethodvalidations-generictest.generictest" adapterTypeName="executor://orderedtestadapter/v1" className="c:\agt6\_work\10\s\qaautomation\api\tests\modules\financialaid\packagingmethod\packagingmethodvalidations-generictest" name="packagingmethodvalidations-generictest" />
    </UnitTest>
    <UnitTest name="disbursementapprovalrule_validation-generictest" storage="c:\agt6\_work\10\s\qaautomation\api\tests\modules\financialaid\disbursementapprovalrule\disbursementapprovalrule_validation-generictest.generictest" id="0017d07b-712e-44de-910e-208b3183bef3">
      <Execution id="53c24a8f-d163-4559-8253-fcf7ed0eea21" parentId="f8722d4b-878b-4c0e-af2f-4cb352a1c558" />
      <TestMethod codeBase="c:\agt6\_work\10\s\qaautomation\api\tests\modules\financialaid\disbursementapprovalrule\disbursementapprovalrule_validation-generictest.generictest" adapterTypeName="executor://orderedtestadapter/v1" className="c:\agt6\_work\10\s\qaautomation\api\tests\modules\financialaid\disbursementapprovalrule\disbursementapprovalrule_validation-generictest" name="disbursementapprovalrule_validation-generictest" />
    </UnitTest>
    <UnitTest name="addcoursetostudentforstudentschoice_passfailunchecked-generictest" storage="c:\agt6\_work\10\s\qaautomation\api\tests\modules\academics\addcoursetostudent\addcoursetostudentforstudentschoice_passfailunchecked-generictest.generictest" id="98cc5469-ae8a-44b0-afe5-0d9c79e9826b">
      <Execution id="e08eee9c-7e9c-4f70-8ed7-1cd805ebbf1a" parentId="287e44df-1fc5-442d-9925-f238ac9da39a" />
      <TestMethod codeBase="c:\agt6\_work\10\s\qaautomation\api\tests\modules\academics\addcoursetostudent\addcoursetostudentforstudentschoice_passfailunchecked-generictest.generictest" adapterTypeName="executor://orderedtestadapter/v1" className="c:\agt6\_work\10\s\qaautomation\api\tests\modules\academics\addcoursetostudent\addcoursetostudentforstudentschoice_passfailunchecked-generictest" name="addcoursetostudentforstudentschoice_passfailunchecked-generictest" />
    </UnitTest>
    <OrderedTest name="OTCheckthePassFailfieldonRegistratingtheStudentsChoice_2ClassSchedule" storage="c:\agt6\_work\10\s\qaautomation\api\orderedtests\modules\academics\otcheckthepassfailfieldonregistratingthestudentschoice_2classschedule.orderedtest" id="c6be914b-1ffd-4bbe-aa10-09fc5e14091e">
      <Execution id="287e44df-1fc5-442d-9925-f238ac9da39a" />
      <TestLinks>
        <TestLink id="8e1c547f-c450-4b93-8706-4004c659e44a" name="classscheduledetailsforstudentschoice_course2-generictest" storage="c:\agt6\_work\10\s\qaautomation\api\tests\modules\academics\classscheduledetails\classscheduledetailsforstudentschoice_course2-generictest.generictest" />
        <TestLink id="98cc5469-ae8a-44b0-afe5-0d9c79e9826b" name="addcoursetostudentforstudentschoice_passfailunchecked-generictest" storage="c:\agt6\_work\10\s\qaautomation\api\tests\modules\academics\addcoursetostudent\addcoursetostudentforstudentschoice_passfailunchecked-generictest.generictest" />
        <TestLink id="810435de-6428-40a8-ab32-2a68ca8a1d29" name="registercoursetostudentstudentschoice_passfailunchecked-generictest" storage="c:\agt6\_work\10\s\qaautomation\api\tests\modules\academics\registercoursetostudent\registercoursetostudentstudentschoice_passfailunchecked-generictest.generictest" />
      </TestLinks>
    </OrderedTest>
    <UnitTest name="creatingandviewingtheviews-generictest" storage="c:\agt6\_work\10\s\qaautomation\api\tests\modules\common\views\creatingandviewingtheviews-generictest.generictest" id="08fce4ac-65e4-43ca-9cbf-a7ea7850021c">
      <Execution id="4cf77c16-c1f8-4d4f-bcbe-8f2492c42a93" parentId="b7110f69-1976-450d-bb5d-c8abcf76c026" />
      <TestMethod codeBase="c:\agt6\_work\10\s\qaautomation\api\tests\modules\common\views\creatingandviewingtheviews-generictest.generictest" adapterTypeName="executor://orderedtestadapter/v1" className="c:\agt6\_work\10\s\qaautomation\api\tests\modules\common\views\creatingandviewingtheviews-generictest" name="creatingandviewingtheviews-generictest" />
    </UnitTest>
    <OrderedTest name="OTCopyClassSchedule" storage="c:\agt6\_work\10\s\qaautomation\api\orderedtests\modules\academics\otcopyclassschedule.orderedtest" id="669fd08a-4c16-421f-9862-c508b053e427">
      <Execution id="146f054e-e9ea-4aa5-981c-1fbacda70429" />
      <TestLinks>
        <TestLink id="eb51f444-3483-4046-8a45-0f3daf464161" name="copyclassschedule-generictest" storage="c:\agt6\_work\10\s\qaautomation\api\tests\modules\academics\copyclassschedule\copyclassschedule-generictest.generictest" />
      </TestLinks>
    </OrderedTest>
    <UnitTest name="roomcategory-generictest" storage="c:\agt6\_work\10\s\qaautomation\api\tests\modules\studentservices\roomcategory\roomcategory-generictest.generictest" id="4bfb99f8-7eeb-4944-a8b7-e96cb889aadc">
      <Execution id="57d43134-d66a-4b21-99cf-4b106d533498" parentId="e9811b83-52c2-47f7-9702-4c8288be0f1c" />
      <TestMethod codeBase="c:\agt6\_work\10\s\qaautomation\api\tests\modules\studentservices\roomcategory\roomcategory-generictest.generictest" adapterTypeName="executor://orderedtestadapter/v1" className="c:\agt6\_work\10\s\qaautomation\api\tests\modules\studentservices\roomcategory\roomcategory-generictest" name="roomcategory-generictest" />
    </UnitTest>
    <UnitTest name="fasapstatus_savenewdupcheck-generictest" storage="c:\agt6\_work\10\s\qaautomation\api\tests\modules\financialaid\fasapstatus\fasapstatus_savenewdupcheck-generictest.generictest" id="03e094ee-d349-4317-b903-a14a29933f99">
      <Execution id="585d6a52-15d7-4822-81a3-ed0be6deb2e5" parentId="f8722d4b-878b-4c0e-af2f-4cb352a1c558" />
      <TestMethod codeBase="c:\agt6\_work\10\s\qaautomation\api\tests\modules\financialaid\fasapstatus\fasapstatus_savenewdupcheck-generictest.generictest" adapterTypeName="executor://orderedtestadapter/v1" className="c:\agt6\_work\10\s\qaautomation\api\tests\modules\financialaid\fasapstatus\fasapstatus_savenewdupcheck-generictest" name="fasapstatus_savenewdupcheck-generictest" />
    </UnitTest>
    <UnitTest name="areaofstudy-generictest" storage="c:\agt6\_work\10\s\qaautomation\api\tests\modules\academics\areaofstudy\areaofstudy-generictest.generictest" id="198f76a4-8d1b-4dd8-830f-db26e4b9b3c0">
      <Execution id="f6cdba27-0f96-47c4-9d29-9604060a53cd" parentId="975c70bb-18bc-44e2-963d-471bef2b4959" />
      <TestMethod codeBase="c:\agt6\_work\10\s\qaautomation\api\tests\modules\academics\areaofstudy\areaofstudy-generictest.generictest" adapterTypeName="executor://orderedtestadapter/v1" className="c:\agt6\_work\10\s\qaautomation\api\tests\modules\academics\areaofstudy\areaofstudy-generictest" name="areaofstudy-generictest" />
    </UnitTest>
    <UnitTest name="gpacalculationtype-generictest" storage="c:\agt6\_work\10\s\qaautomation\api\tests\modules\academics\gpacalculationtype\gpacalculationtype-generictest.generictest" id="9da3b122-7a11-4797-b694-9b80f6537902">
      <Execution id="eb264ce6-80f0-47b7-8602-2d9b00692b93" parentId="975c70bb-18bc-44e2-963d-471bef2b4959" />
      <TestMethod codeBase="c:\agt6\_work\10\s\qaautomation\api\tests\modules\academics\gpacalculationtype\gpacalculationtype-generictest.generictest" adapterTypeName="executor://orderedtestadapter/v1" className="c:\agt6\_work\10\s\qaautomation\api\tests\modules\academics\gpacalculationtype\gpacalculationtype-generictest" name="gpacalculationtype-generictest" />
    </UnitTest>
    <UnitTest name="fee schedules-generictest" storage="c:\agt6\_work\10\s\qaautomation\api\tests\modules\academics\fee schedules\fee schedules-generictest.generictest" id="611a4100-101e-4e64-8647-7898fa1760a6">
      <Execution id="86583c49-a342-432f-846a-1e5f02de6ac0" parentId="975c70bb-18bc-44e2-963d-471bef2b4959" />
      <TestMethod codeBase="c:\agt6\_work\10\s\qaautomation\api\tests\modules\academics\fee schedules\fee schedules-generictest.generictest" adapterTypeName="executor://orderedtestadapter/v1" className="c:\agt6\_work\10\s\qaautomation\api\tests\modules\academics\fee schedules\fee schedules-generictest" name="fee schedules-generictest" />
    </UnitTest>
    <UnitTest name="registercoursetostudentnonpassfail-generictest" storage="c:\agt6\_work\10\s\qaautomation\api\tests\modules\academics\registercoursetostudent\registercoursetostudentnonpassfail-generictest.generictest" id="91b64f06-2e4b-4582-8c48-89cc27a2550a">
      <Execution id="c3109bb9-5352-4c8f-b0b8-f0d690d09bcf" parentId="d14506b3-816b-478b-9a6a-719f2a02dfe8" />
      <TestMethod codeBase="c:\agt6\_work\10\s\qaautomation\api\tests\modules\academics\registercoursetostudent\registercoursetostudentnonpassfail-generictest.generictest" adapterTypeName="executor://orderedtestadapter/v1" className="c:\agt6\_work\10\s\qaautomation\api\tests\modules\academics\registercoursetostudent\registercoursetostudentnonpassfail-generictest" name="registercoursetostudentnonpassfail-generictest" />
    </UnitTest>
    <UnitTest name="industrycodecheckonsavenew-generictest" storage="c:\agt6\_work\10\s\qaautomation\api\tests\modules\common\industry\industrycodecheckonsavenew-generictest.generictest" id="2c175dd7-b426-46fc-a5eb-91e21f7504da">
      <Execution id="68fb7669-0ac2-4575-b1df-544e15a5f66a" parentId="c8803a03-a4a6-4e57-8f0f-0ed6b90c0554" />
      <TestMethod codeBase="c:\agt6\_work\10\s\qaautomation\api\tests\modules\common\industry\industrycodecheckonsavenew-generictest.generictest" adapterTypeName="executor://orderedtestadapter/v1" className="c:\agt6\_work\10\s\qaautomation\api\tests\modules\common\industry\industrycodecheckonsavenew-generictest" name="industrycodecheckonsavenew-generictest" />
    </UnitTest>
    <OrderedTest name="IVPOrderedTest" storage="c:\agt6\_work\10\s\qaautomation\api\orderedtests\ivp\ivporderedtest.orderedtest" id="e519f48f-6f0a-4a9d-a7cd-8b1be4a46b96">
      <Execution id="cdc2558b-f4fd-42a0-a8e4-8dfd1fb50e4f" />
      <TestLinks>
        <TestLink id="a60bfe08-ca0d-4d04-94d7-6e0f3c73eb77" name="ivp" storage="c:\agt6\_work\10\s\qaautomation\api\tests\ivp\ivp.generictest" />
      </TestLinks>
    </OrderedTest>
    <UnitTest name="automaticcharge-generictest" storage="c:\agt6\_work\10\s\qaautomation\api\tests\modules\studentaccounts\automaticcharge\automaticcharge-generictest.generictest" id="fa931096-c9c6-4bed-8684-59e94b9774d3">
      <Execution id="4334a29d-785a-45c3-b499-dda0e5fbc91f" parentId="8d25963c-9e1a-4fad-96d3-9915c9d8660b" />
      <TestMethod codeBase="c:\agt6\_work\10\s\qaautomation\api\tests\modules\studentaccounts\automaticcharge\automaticcharge-generictest.generictest" adapterTypeName="executor://orderedtestadapter/v1" className="c:\agt6\_work\10\s\qaautomation\api\tests\modules\studentaccounts\automaticcharge\automaticcharge-generictest" name="automaticcharge-generictest" />
    </UnitTest>
    <UnitTest name="directloan-generictest" storage="c:\agt6\_work\10\s\qaautomation\api\tests\modules\financialaid\directloan\directloan-generictest.generictest" id="62a8c8b5-6986-4281-870f-ad1e9932c820">
      <Execution id="fe701124-2b29-4c34-ba02-68936d6298a4" parentId="f8722d4b-878b-4c0e-af2f-4cb352a1c558" />
      <TestMethod codeBase="c:\agt6\_work\10\s\qaautomation\api\tests\modules\financialaid\directloan\directloan-generictest.generictest" adapterTypeName="executor://orderedtestadapter/v1" className="c:\agt6\_work\10\s\qaautomation\api\tests\modules\financialaid\directloan\directloan-generictest" name="directloan-generictest" />
    </UnitTest>
    <UnitTest name="icutreportings.generictest" storage="c:\agt6\_work\10\s\qaautomation\api\tests\modules\financialaid\icutreportings\icutreportings.generictest.generictest" id="532b1862-d028-4d52-b05d-6c4acfee7e90">
      <Execution id="b53bfa01-9444-4e60-bc0a-ea3f300ac439" parentId="f8722d4b-878b-4c0e-af2f-4cb352a1c558" />
      <TestMethod codeBase="c:\agt6\_work\10\s\qaautomation\api\tests\modules\financialaid\icutreportings\icutreportings.generictest.generictest" adapterTypeName="executor://orderedtestadapter/v1" className="c:\agt6\_work\10\s\qaautomation\api\tests\modules\financialaid\icutreportings\icutreportings.generictest" name="icutreportings.generictest" />
    </UnitTest>
    <OrderedTest name="OTCheckingtheInstructorAttributeonClassSchedule" storage="c:\agt6\_work\10\s\qaautomation\api\orderedtests\modules\academics\otcheckingtheinstructorattributeonclassschedule.orderedtest" id="20d61801-fb09-4a6b-b8cc-2bedb2509591">
      <Execution id="e5986f61-ad3a-487a-bc84-dfd8df0a6d16" />
      <TestLinks>
        <TestLink id="d1aba1b8-56d8-4cb5-9efc-8ea201fc0614" name="addingattributetostaff-generictest" storage="c:\agt6\_work\10\s\qaautomation\api\tests\modules\academics\addingattributetostaff\addingattributetostaff-generictest.generictest" />
        <TestLink id="b525afe2-8a3e-4ceb-a03d-39371f2251c2" name="createnewclassschedule-generictest" storage="c:\agt6\_work\10\s\qaautomation\api\tests\modules\academics\createnewclassschedule\createnewclassschedule-generictest.generictest" />
        <TestLink id="1f0092a3-b1bf-4f3a-9c54-fc1d075487a8" name="checkclassscheduleinstructorattributes-generictest" storage="c:\agt6\_work\10\s\qaautomation\api\tests\modules\academics\checkclassscheduleinstructorattributes\checkclassscheduleinstructorattributes-generictest.generictest" />
      </TestLinks>
    </OrderedTest>
    <UnitTest name="classscheduledetailsfornonpassfail-generictest" storage="c:\agt6\_work\10\s\qaautomation\api\tests\modules\academics\classscheduledetails\classscheduledetailsfornonpassfail-generictest.generictest" id="ddf2c3e8-2d54-433c-b14f-4b1f359b159b">
      <Execution id="fea8cdec-7042-4e73-a85b-2f1e323ff86f" parentId="db482d52-2c39-4cf1-b925-acda2e71682b" />
      <TestMethod codeBase="c:\agt6\_work\10\s\qaautomation\api\tests\modules\academics\classscheduledetails\classscheduledetailsfornonpassfail-generictest.generictest" adapterTypeName="executor://orderedtestadapter/v1" className="c:\agt6\_work\10\s\qaautomation\api\tests\modules\academics\classscheduledetails\classscheduledetailsfornonpassfail-generictest" name="classscheduledetailsfornonpassfail-generictest" />
    </UnitTest>
    <UnitTest name="tasksecurity-generictest" storage="c:\agt6\_work\10\s\qaautomation\api\tests\modules\crm\task\tasksecurity-generictest.generictest" id="2513b3fe-625d-4505-a0ac-270158766b03">
      <Execution id="488f08b2-2b61-47b9-922a-a378fc61f079" parentId="2493fed7-0e59-4dfe-b7b7-5181f5053aa7" />
      <TestMethod codeBase="c:\agt6\_work\10\s\qaautomation\api\tests\modules\crm\task\tasksecurity-generictest.generictest" adapterTypeName="executor://orderedtestadapter/v1" className="c:\agt6\_work\10\s\qaautomation\api\tests\modules\crm\task\tasksecurity-generictest" name="tasksecurity-generictest" />
    </UnitTest>
    <UnitTest name="add course to student(student2course2)-generictest" storage="c:\agt6\_work\10\s\qaautomation\api\tests\modules\academics\addcoursetostudent\add course to student(student2course2)-generictest.generictest" id="18703160-0ac6-42be-be8f-07f205b156ba">
      <Execution id="f00c54ec-e0b1-4dd4-909c-1974c1d4daa8" parentId="02ea6333-26ed-4913-b3ea-4450a60d8a48" />
      <TestMethod codeBase="c:\agt6\_work\10\s\qaautomation\api\tests\modules\academics\addcoursetostudent\add course to student(student2course2)-generictest.generictest" adapterTypeName="executor://orderedtestadapter/v1" className="c:\agt6\_work\10\s\qaautomation\api\tests\modules\academics\addcoursetostudent\add course to student(student2course2)-generictest" name="add course to student(student2course2)-generictest" />
    </UnitTest>
    <UnitTest name="excusedabsencepolicycode-generictest" storage="c:\agt6\_work\10\s\qaautomation\api\tests\modules\financialaid\excusedabsencepolicycode\excusedabsencepolicycode-generictest.generictest" id="81fccace-dc30-44cb-b778-b8f2692be908">
      <Execution id="638a4e41-3638-44f1-ae90-fe278c71e606" parentId="f8722d4b-878b-4c0e-af2f-4cb352a1c558" />
      <TestMethod codeBase="c:\agt6\_work\10\s\qaautomation\api\tests\modules\financialaid\excusedabsencepolicycode\excusedabsencepolicycode-generictest.generictest" adapterTypeName="executor://orderedtestadapter/v1" className="c:\agt6\_work\10\s\qaautomation\api\tests\modules\financialaid\excusedabsencepolicycode\excusedabsencepolicycode-generictest" name="excusedabsencepolicycode-generictest" />
    </UnitTest>
    <UnitTest name="updateclassscheduledetailsfornonpassfail-generictest" storage="c:\agt6\_work\10\s\qaautomation\api\tests\modules\academics\updateclassscheduledetails\updateclassscheduledetailsfornonpassfail-generictest.generictest" id="49ed6fd3-d4fc-405d-8842-da0e3422f89e">
      <Execution id="0103cc46-7f4b-4314-a1b8-70a019ab66bd" parentId="d14506b3-816b-478b-9a6a-719f2a02dfe8" />
      <TestMethod codeBase="c:\agt6\_work\10\s\qaautomation\api\tests\modules\academics\updateclassscheduledetails\updateclassscheduledetailsfornonpassfail-generictest.generictest" adapterTypeName="executor://orderedtestadapter/v1" className="c:\agt6\_work\10\s\qaautomation\api\tests\modules\academics\updateclassscheduledetails\updateclassscheduledetailsfornonpassfail-generictest" name="updateclassscheduledetailsfornonpassfail-generictest" />
    </UnitTest>
    <UnitTest name="addcoursetostudentforstudentschoice_passfailchecked-generictest" storage="c:\agt6\_work\10\s\qaautomation\api\tests\modules\academics\addcoursetostudent\addcoursetostudentforstudentschoice_passfailchecked-generictest.generictest" id="023a13bb-6aeb-41e8-9261-324cb6268c82">
      <Execution id="85d570bc-d8b0-42e1-80dd-6d06f4082dbd" parentId="ab4dcdc8-40cc-45ee-a111-90d510c291bc" />
      <TestMethod codeBase="c:\agt6\_work\10\s\qaautomation\api\tests\modules\academics\addcoursetostudent\addcoursetostudentforstudentschoice_passfailchecked-generictest.generictest" adapterTypeName="executor://orderedtestadapter/v1" className="c:\agt6\_work\10\s\qaautomation\api\tests\modules\academics\addcoursetostudent\addcoursetostudentforstudentschoice_passfailchecked-generictest" name="addcoursetostudentforstudentschoice_passfailchecked-generictest" />
    </UnitTest>
    <UnitTest name="thcbreporting.generictest" storage="c:\agt6\_work\10\s\qaautomation\api\tests\modules\financialaid\thcbreporting\thcbreporting.generictest.generictest" id="4b2d4469-086e-42e8-ba0c-98331d65b6c8">
      <Execution id="ad7fe121-7d4b-4e13-b44d-3b77c0795469" parentId="f8722d4b-878b-4c0e-af2f-4cb352a1c558" />
      <TestMethod codeBase="c:\agt6\_work\10\s\qaautomation\api\tests\modules\financialaid\thcbreporting\thcbreporting.generictest.generictest" adapterTypeName="executor://orderedtestadapter/v1" className="c:\agt6\_work\10\s\qaautomation\api\tests\modules\financialaid\thcbreporting\thcbreporting.generictest" name="thcbreporting.generictest" />
    </UnitTest>
    <UnitTest name="placementstatusreasonquestionresponse_crud-generictest" storage="c:\agt6\_work\10\s\qaautomation\api\tests\modules\careerservices\placementstatusreasonquestionresponse\placementstatusreasonquestionresponse_crud-generictest.generictest" id="0ad5cbb6-bef0-49cf-b849-b0e4ba38b0e6">
      <Execution id="2797ff6d-6169-4c10-849d-a3043abc190e" parentId="f57c4edd-1dc5-4910-be1c-3d0ea8d5267b" />
      <TestMethod codeBase="c:\agt6\_work\10\s\qaautomation\api\tests\modules\careerservices\placementstatusreasonquestionresponse\placementstatusreasonquestionresponse_crud-generictest.generictest" adapterTypeName="executor://orderedtestadapter/v1" className="c:\agt6\_work\10\s\qaautomation\api\tests\modules\careerservices\placementstatusreasonquestionresponse\placementstatusreasonquestionresponse_crud-generictest" name="placementstatusreasonquestionresponse_crud-generictest" />
    </UnitTest>
    <OrderedTest name="OTVerifyWhetherActualCourseOnWaitlistWhenRegisteredInCrossRefClassSection" storage="c:\agt6\_work\10\s\qaautomation\api\orderedtests\modules\academics\otverifywhetheractualcourseonwaitlistwhenregisteredincrossrefclasssection.orderedtest" id="f66834d7-c95c-4f2c-9d98-b772554dec73">
      <Execution id="0b866407-4328-4ae4-8a7a-3bd9c5830b9d" />
      <TestLinks>
        <TestLink id="a07a12d3-5e7e-49e3-a66b-b7459fe9f525" name="crossreferencecourseandcoursescheduledetailscourse3-generictest" storage="c:\agt6\_work\10\s\qaautomation\api\tests\modules\academics\crossreferencecourseandcoursesechduledetails\crossreferencecourseandcoursescheduledetailscourse3-generictest.generictest" />
        <TestLink id="09be2742-7e2c-493d-bcc2-43b84692ddf0" name="crossreferencecourseandcoursescheduledetailscourse4-generictest" storage="c:\agt6\_work\10\s\qaautomation\api\tests\modules\academics\crossreferencecourseandcoursesechduledetails\crossreferencecourseandcoursescheduledetailscourse4-generictest.generictest" />
        <TestLink id="c4925ed9-8fdc-4ed8-8bd6-cababb3e135e" name="add course to student(student1course4)-generictest" storage="c:\agt6\_work\10\s\qaautomation\api\tests\modules\academics\addcoursetostudent\add course to student(student1course4)-generictest.generictest" />
        <TestLink id="b05d4c38-4cf4-4236-b8a4-213450466b37" name="register course to student(student1course4)-generictest" storage="c:\agt6\_work\10\s\qaautomation\api\tests\modules\academics\registercoursetostudent\register course to student(student1course4)-generictest.generictest" />
        <TestLink id="90180760-e0a2-48ef-a27d-55b62573c3e9" name="add course to student(student2course3)-generictest" storage="c:\agt6\_work\10\s\qaautomation\api\tests\modules\academics\addcoursetostudent\add course to student(student2course3)-generictest.generictest" />
        <TestLink id="6e16461a-950a-4720-8f34-8cfecb9a4a6a" name="add course to student(student2course4)-generictest" storage="c:\agt6\_work\10\s\qaautomation\api\tests\modules\academics\addcoursetostudent\add course to student(student2course4)-generictest.generictest" />
        <TestLink id="94f42d72-b521-4aed-bdfb-aa6bc9cd0741" name="register course to student(student2course3)-generictest" storage="c:\agt6\_work\10\s\qaautomation\api\tests\modules\academics\registercoursetostudent\register course to student(student2course3)-generictest.generictest" />
      </TestLinks>
    </OrderedTest>
    <OrderedTest name="AdmissionsAllApis-OrderedTest" storage="c:\agt6\_work\10\s\qaautomation\api\orderedtests\modules\admissionsallapis-orderedtest.orderedtest" id="73d6ce1d-b321-401e-b525-541f2ae4a7c2">
      <Execution id="abfacd55-93a6-4088-9022-286aa3b7c61b" />
      <TestLinks>
        <TestLink id="dfc605f1-22b1-4c8f-85ea-caf01df041c8" name="admissionregion_crud-generictest" storage="c:\agt6\_work\10\s\qaautomation\api\tests\modules\admissions\admissionsregion\admissionregion_crud-generictest.generictest" />
        <TestLink id="e4ba3691-944c-4c61-82ca-fce9a808fed4" name="admissionsregion-generictest" storage="c:\agt6\_work\10\s\qaautomation\api\tests\modules\admissions\admissionsregion\admissionsregion-generictest.generictest" />
        <TestLink id="978b46b3-a94c-4763-8d25-3a1ce659fa4e" name="entrancetestimportfileschema_validations-generictest" storage="c:\agt6\_work\10\s\qaautomation\api\tests\modules\admissions\entrancetestimportfileschema\entrancetestimportfileschema_validations-generictest.generictest" />
        <TestLink id="3ad9a973-8ee4-4a0b-9086-bdb7a1a01a4d" name="testfilemappings-generictest" storage="c:\agt6\_work\10\s\qaautomation\api\tests\modules\admissions\entrancetestimportfileschemarowdetail\testfilemappings-generictest.generictest" />
        <TestLink id="784f78b5-6b68-4bf6-9a0a-5ce3513e7349" name="getandsave-generictest" storage="c:\agt6\_work\10\s\qaautomation\api\tests\modules\admissions\entrancetestimportmatchsetting\getandsave-generictest.generictest" />
        <TestLink id="21871336-5a56-4802-bc78-7765ac6cddb3" name="entrancetestimporttesttype_validations-generictest" storage="c:\agt6\_work\10\s\qaautomation\api\tests\modules\admissions\entrancetestimporttesttype\entrancetestimporttesttype_validations-generictest.generictest" />
        <TestLink id="106e728e-63b5-4349-a46a-13b8619b4ac6" name="leadcategory-generictest" storage="c:\agt6\_work\10\s\qaautomation\api\tests\modules\admissions\leadcategory\leadcategory-generictest.generictest" />
        <TestLink id="3f70c2ae-92da-4cbe-9e3f-901c002268db" name="leadcategory_crud-generictest" storage="c:\agt6\_work\10\s\qaautomation\api\tests\modules\admissions\leadcategory\leadcategory_crud-generictest.generictest" />
        <TestLink id="f3847ca6-d68e-4d14-bf57-6e38aa85524d" name="leadcategorybudget-generictest" storage="c:\agt6\_work\10\s\qaautomation\api\tests\modules\admissions\leadcategorybudget\leadcategorybudget-generictest.generictest" />
        <TestLink id="308d2d48-a14c-4fa3-a398-b15dc1bd2634" name="leadsourceexpense_crud-generictest" storage="c:\agt6\_work\10\s\qaautomation\api\tests\modules\admissions\leadsourceexpense\leadsourceexpense_crud-generictest.generictest" />
        <TestLink id="55823607-8718-4c14-aa97-dff2ff523404" name="leadsourceexpense_validations-generictest" storage="c:\agt6\_work\10\s\qaautomation\api\tests\modules\admissions\leadsourceexpense\leadsourceexpense_validations-generictest.generictest" />
        <TestLink id="9ec9165c-c9c9-4222-8be1-6942d1b42ee6" name="leadvendor-generictest" storage="c:\agt6\_work\10\s\qaautomation\api\tests\modules\admissions\leadvendor\leadvendor-generictest.generictest" />
        <TestLink id="5467bcb8-f3ef-40bf-a45f-e52a75f29202" name="organisationcontactcrud-generictest" storage="c:\agt6\_work\10\s\qaautomation\api\tests\modules\admissions\organisationcontact\organisationcontactcrud-generictest.generictest" />
        <TestLink id="e99f1ae7-4a69-450f-a64c-213da9bd187d" name="prospecttemplate-generictest" storage="c:\agt6\_work\10\s\qaautomation\api\tests\modules\admissions\prospecttemplate\prospecttemplate-generictest.generictest" />
      </TestLinks>
    </OrderedTest>
    <UnitTest name="addcoursetostudentforstudentschoice_passfailchecked-generictest" storage="c:\agt6\_work\10\s\qaautomation\api\tests\modules\academics\addcoursetostudentforpassfailcheck\addcoursetostudentforstudentschoice_passfailchecked-generictest.generictest" id="970482c1-f5ff-49f8-8a70-f81fc0013ffa">
      <Execution id="5b1dd542-a0ac-4cec-9787-08e4afecefea" parentId="9059987a-faae-46f9-b683-a9a4b358f9b0" />
      <TestMethod codeBase="c:\agt6\_work\10\s\qaautomation\api\tests\modules\academics\addcoursetostudentforpassfailcheck\addcoursetostudentforstudentschoice_passfailchecked-generictest.generictest" adapterTypeName="executor://orderedtestadapter/v1" className="c:\agt6\_work\10\s\qaautomation\api\tests\modules\academics\addcoursetostudentforpassfailcheck\addcoursetostudentforstudentschoice_passfailchecked-generictest" name="addcoursetostudentforstudentschoice_passfailchecked-generictest" />
    </UnitTest>
    <UnitTest name="crossreferencecourseandcoursescheduledetailscourse1-generictest" storage="c:\agt6\_work\10\s\qaautomation\api\tests\modules\academics\crossreferencecourseandcoursesechduledetails\crossreferencecourseandcoursescheduledetailscourse1-generictest.generictest" id="a33177c5-a4a5-49ec-a403-774fe71447f3">
      <Execution id="9447e9a5-76e9-4905-a982-2712b663e4fd" parentId="02ea6333-26ed-4913-b3ea-4450a60d8a48" />
      <TestMethod codeBase="c:\agt6\_work\10\s\qaautomation\api\tests\modules\academics\crossreferencecourseandcoursesechduledetails\crossreferencecourseandcoursescheduledetailscourse1-generictest.generictest" adapterTypeName="executor://orderedtestadapter/v1" className="c:\agt6\_work\10\s\qaautomation\api\tests\modules\academics\crossreferencecourseandcoursesechduledetails\crossreferencecourseandcoursescheduledetailscourse1-generictest" name="crossreferencecourseandcoursescheduledetailscourse1-generictest" />
    </UnitTest>
    <OrderedTest name="OTPublishScheduleforaTermwhichisaFloatingTerm" storage="c:\agt6\_work\10\s\qaautomation\api\orderedtests\modules\academics\otpublishscheduleforatermwhichisafloatingterm.orderedtest" id="fb5bd640-a76d-49cd-bbc3-d81ec04f12e4">
      <Execution id="d5dcfb5e-575d-4722-af68-cd2a9a91cf93" />
      <TestLinks>
        <TestLink id="2ed37b5e-f83e-4ac7-a7b3-dcb3a2f7204c" name="checkingisfloatingtermusedforthecampus" storage="c:\agt6\_work\10\s\qaautomation\api\tests\modules\academics\publishscheduleonclassscheduling\publish schedule for a term which is a floating term\prereq\checkingisfloatingtermusedforthecampus.generictest" />
        <TestLink id="283a7192-8b92-40e7-a804-c2ea1f7ef0a0" name="publishingschedulescenario4" storage="c:\agt6\_work\10\s\qaautomation\api\tests\modules\academics\publishscheduleonclassscheduling\publish schedule for a term which is a floating term\publishingschedulescenario4.generictest" />
      </TestLinks>
    </OrderedTest>
    <OrderedTest name="OTCopyClassSchedulesfromoneTermtoAnother" storage="c:\agt6\_work\10\s\qaautomation\api\orderedtests\modules\academics\otcopyclassschedulesfromonetermtoanother.orderedtest" id="7966ec3b-d647-4f4c-95f9-7c5404137041">
      <Execution id="d3541e75-7c72-43c4-98ec-b4c43a3937d2" />
      <TestLinks>
        <TestLink id="d3360dd4-847b-415e-b149-eebba7ccedaf" name="copyclassschedulesfromonetermtoanother-generictest" storage="c:\agt6\_work\10\s\qaautomation\api\tests\modules\academics\copyclassschedulesfromonetermtoanother\copyclassschedulesfromonetermtoanother-generictest.generictest" />
      </TestLinks>
    </OrderedTest>
    <UnitTest name="rooms1-generictest" storage="c:\agt6\_work\10\s\qaautomation\api\tests\modules\common\rooms\rooms1-generictest.generictest" id="e45a768e-bd1d-44db-800c-bacd60c6c0be">
      <Execution id="4c90fc80-be73-4c0f-95f4-f7af4ff22181" parentId="c8803a03-a4a6-4e57-8f0f-0ed6b90c0554" />
      <TestMethod codeBase="c:\agt6\_work\10\s\qaautomation\api\tests\modules\common\rooms\rooms1-generictest.generictest" adapterTypeName="executor://orderedtestadapter/v1" className="c:\agt6\_work\10\s\qaautomation\api\tests\modules\common\rooms\rooms1-generictest" name="rooms1-generictest" />
    </UnitTest>
    <UnitTest name="campusgeneral-generictest" storage="c:\agt6\_work\10\s\qaautomation\api\tests\modules\common\campusgeneral\campusgeneral-generictest.generictest" id="8c25812d-610a-40a0-8f1a-4578591ea48e">
      <Execution id="3328a702-7eba-40b0-bcae-cf0817c705a2" parentId="c8803a03-a4a6-4e57-8f0f-0ed6b90c0554" />
      <TestMethod codeBase="c:\agt6\_work\10\s\qaautomation\api\tests\modules\common\campusgeneral\campusgeneral-generictest.generictest" adapterTypeName="executor://orderedtestadapter/v1" className="c:\agt6\_work\10\s\qaautomation\api\tests\modules\common\campusgeneral\campusgeneral-generictest" name="campusgeneral-generictest" />
    </UnitTest>
    <UnitTest name="clearingwaitlistforselectedterm" storage="c:\agt6\_work\10\s\qaautomation\api\tests\modules\academics\checkingclearwaitlistfunctionality\clearwaitlistsettingischecked\clearingwaitlistforselectedterm\clearingwaitlistforselectedterm.generictest" id="8b4cf61d-4b9b-4477-ae08-f5079fcba135">
      <Execution id="049be5f5-7b26-4164-a898-c332f16f4ff2" parentId="4ea6c5b3-3878-4ef4-a258-20b6f2c80b92" />
      <TestMethod codeBase="c:\agt6\_work\10\s\qaautomation\api\tests\modules\academics\checkingclearwaitlistfunctionality\clearwaitlistsettingischecked\clearingwaitlistforselectedterm\clearingwaitlistforselectedterm.generictest" adapterTypeName="executor://orderedtestadapter/v1" className="c:\agt6\_work\10\s\qaautomation\api\tests\modules\academics\checkingclearwaitlistfunctionality\clearwaitlistsettingischecked\clearingwaitlistforselectedterm\clearingwaitlistforselectedterm" name="clearingwaitlistforselectedterm" />
    </UnitTest>
    <UnitTest name="onlineregistrationconfigurationchildtermforsettingyes-generictest" storage="c:\agt6\_work\10\s\qaautomation\api\tests\modules\academics\onlineregistrationconfiguration\onlineregistrationconfigurationchildtermforsettingyes-generictest.generictest" id="098490f1-b539-4c2b-af07-49c482ee69c0">
      <Execution id="c1bcc7b7-7f51-4eca-836b-9ce38ac10432" parentId="e290b94d-b0cf-48c2-9f36-b12927874a00" />
      <TestMethod codeBase="c:\agt6\_work\10\s\qaautomation\api\tests\modules\academics\onlineregistrationconfiguration\onlineregistrationconfigurationchildtermforsettingyes-generictest.generictest" adapterTypeName="executor://orderedtestadapter/v1" className="c:\agt6\_work\10\s\qaautomation\api\tests\modules\academics\onlineregistrationconfiguration\onlineregistrationconfigurationchildtermforsettingyes-generictest" name="onlineregistrationconfigurationchildtermforsettingyes-generictest" />
    </UnitTest>
    <OrderedTest name="OTCheckingistheinstructorprimaryanddeactivatingininstructormaintenance" storage="c:\agt6\_work\10\s\qaautomation\api\orderedtests\modules\academics\otcheckingistheinstructorprimaryanddeactivatingininstructormaintenance.orderedtest" id="e973b008-10c6-4095-91c6-17c2d0b597b4">
      <Execution id="541785e5-a7eb-48a6-9821-1745b15d55bf" />
      <TestLinks>
        <TestLink id="b7b2912f-9241-4a87-979b-58e4e8968e1b" name="createnewclassscheduleforactiveinstructor-generictest" storage="c:\agt6\_work\10\s\qaautomation\api\tests\modules\academics\checkingistheinstructorprimaryanddeactivating\pre-req\createnewclassschedule\createnewclassscheduleforactiveinstructor-generictest.generictest" />
        <TestLink id="3f922647-99e3-4060-9da8-2ed5fd64dccf" name="checkingclassscheduleiscurrentorfuture" storage="c:\agt6\_work\10\s\qaautomation\api\tests\modules\academics\checkingistheinstructorprimaryanddeactivating\pre-req\checkingclassscheduleiscurrentorfuture\checkingclassscheduleiscurrentorfuture.generictest" />
        <TestLink id="e099a956-5f2c-4c81-b895-a89df96db395" name="process-instructormaintenance-deactivatinginstructor" storage="c:\agt6\_work\10\s\qaautomation\api\tests\modules\academics\checkingistheinstructorprimaryanddeactivating\process-instructormaintenance-deactivatinginstructor.generictest" />
      </TestLinks>
    </OrderedTest>
    <UnitTest name="employergroupmember_validations-generictest" storage="c:\agt6\_work\10\s\qaautomation\api\tests\modules\common\employergroupmember\employergroupmember_validations-generictest.generictest" id="56385dcd-c5e0-4906-8e47-ea9baef12d19">
      <Execution id="65204145-807e-429c-b873-38c032ed9c15" parentId="c8803a03-a4a6-4e57-8f0f-0ed6b90c0554" />
      <TestMethod codeBase="c:\agt6\_work\10\s\qaautomation\api\tests\modules\common\employergroupmember\employergroupmember_validations-generictest.generictest" adapterTypeName="executor://orderedtestadapter/v1" className="c:\agt6\_work\10\s\qaautomation\api\tests\modules\common\employergroupmember\employergroupmember_validations-generictest" name="employergroupmember_validations-generictest" />
    </UnitTest>
    <UnitTest name="crossreferencecourseandcoursescheduledetailscourse2-generictest" storage="c:\agt6\_work\10\s\qaautomation\api\tests\modules\academics\crossreferencecourseandcoursesechduledetails\crossreferencecourseandcoursescheduledetailscourse2-generictest.generictest" id="254de41a-0619-42d0-9570-86260c37e3e3">
      <Execution id="568115b3-eb25-4712-8d2f-ff257d3b5765" parentId="02ea6333-26ed-4913-b3ea-4450a60d8a48" />
      <TestMethod codeBase="c:\agt6\_work\10\s\qaautomation\api\tests\modules\academics\crossreferencecourseandcoursesechduledetails\crossreferencecourseandcoursescheduledetailscourse2-generictest.generictest" adapterTypeName="executor://orderedtestadapter/v1" className="c:\agt6\_work\10\s\qaautomation\api\tests\modules\academics\crossreferencecourseandcoursesechduledetails\crossreferencecourseandcoursescheduledetailscourse2-generictest" name="crossreferencecourseandcoursescheduledetailscourse2-generictest" />
    </UnitTest>
    <UnitTest name="addcoursetostudentforpassfailrequired-generictest" storage="c:\agt6\_work\10\s\qaautomation\api\tests\modules\academics\addcoursetostudentforpassfailcheck\addcoursetostudentforpassfailrequired-generictest.generictest" id="ae8ebc79-89b8-4953-8167-fc04f6526565">
      <Execution id="0bbdf79d-9ebb-4d06-ac97-cff04cde15aa" parentId="8ced95e6-b239-4e21-a515-99449902fbcb" />
      <TestMethod codeBase="c:\agt6\_work\10\s\qaautomation\api\tests\modules\academics\addcoursetostudentforpassfailcheck\addcoursetostudentforpassfailrequired-generictest.generictest" adapterTypeName="executor://orderedtestadapter/v1" className="c:\agt6\_work\10\s\qaautomation\api\tests\modules\academics\addcoursetostudentforpassfailcheck\addcoursetostudentforpassfailrequired-generictest" name="addcoursetostudentforpassfailrequired-generictest" />
    </UnitTest>
    <UnitTest name="housingdate-generictest" storage="c:\agt6\_work\10\s\qaautomation\api\tests\modules\studentservices\housingdate\housingdate-generictest.generictest" id="492af55e-1811-457f-8137-73c65d72c2c2">
      <Execution id="9bfb31ab-c5d5-4413-a5c7-c5a51e892838" parentId="e9811b83-52c2-47f7-9702-4c8288be0f1c" />
      <TestMethod codeBase="c:\agt6\_work\10\s\qaautomation\api\tests\modules\studentservices\housingdate\housingdate-generictest.generictest" adapterTypeName="executor://orderedtestadapter/v1" className="c:\agt6\_work\10\s\qaautomation\api\tests\modules\studentservices\housingdate\housingdate-generictest" name="housingdate-generictest" />
    </UnitTest>
    <UnitTest name="add course to student(student1course1)-generictest" storage="c:\agt6\_work\10\s\qaautomation\api\tests\modules\academics\addcoursetostudent\add course to student(student1course1)-generictest.generictest" id="f8f11c65-5dd1-4438-88ec-159581b70f18">
      <Execution id="53772306-ebea-4809-9a7e-a050bc168377" parentId="02ea6333-26ed-4913-b3ea-4450a60d8a48" />
      <TestMethod codeBase="c:\agt6\_work\10\s\qaautomation\api\tests\modules\academics\addcoursetostudent\add course to student(student1course1)-generictest.generictest" adapterTypeName="executor://orderedtestadapter/v1" className="c:\agt6\_work\10\s\qaautomation\api\tests\modules\academics\addcoursetostudent\add course to student(student1course1)-generictest" name="add course to student(student1course1)-generictest" />
    </UnitTest>
    <UnitTest name="billingtransactioncode-generictest" storage="c:\agt6\_work\10\s\qaautomation\api\tests\modules\studentaccounts\billingtransactioncode\billingtransactioncode-generictest.generictest" id="378893ca-cfb6-404f-a928-d29c13c3c2ce">
      <Execution id="deced993-2007-430a-ac25-bfd6432123aa" parentId="8d25963c-9e1a-4fad-96d3-9915c9d8660b" />
      <TestMethod codeBase="c:\agt6\_work\10\s\qaautomation\api\tests\modules\studentaccounts\billingtransactioncode\billingtransactioncode-generictest.generictest" adapterTypeName="executor://orderedtestadapter/v1" className="c:\agt6\_work\10\s\qaautomation\api\tests\modules\studentaccounts\billingtransactioncode\billingtransactioncode-generictest" name="billingtransactioncode-generictest" />
    </UnitTest>
    <UnitTest name="enrollment-generictest" storage="c:\agt6\_work\10\s\qaautomation\api\tests\modules\common\enrollment\enrollment-generictest.generictest" id="242fe6f8-b5b4-4bcf-bf3d-76bf2d8ba241">
      <Execution id="8dec0c99-353f-460f-8915-c2425d694da8" parentId="c8803a03-a4a6-4e57-8f0f-0ed6b90c0554" />
      <TestMethod codeBase="c:\agt6\_work\10\s\qaautomation\api\tests\modules\common\enrollment\enrollment-generictest.generictest" adapterTypeName="executor://orderedtestadapter/v1" className="c:\agt6\_work\10\s\qaautomation\api\tests\modules\common\enrollment\enrollment-generictest" name="enrollment-generictest" />
    </UnitTest>
    <OrderedTest name="OTUpdatePassFailCoursefieldvalue" storage="c:\agt6\_work\10\s\qaautomation\api\orderedtests\modules\academics\otupdatepassfailcoursefieldvalue.orderedtest" id="b7fa5ed3-fda6-4dda-b993-20ef0e1e272f">
      <Execution id="4996864d-968d-4515-94bf-d10dc54b5962" />
      <TestLinks>
        <TestLink id="b525afe2-8a3e-4ceb-a03d-39371f2251c2" name="createnewclassschedule-generictest" storage="c:\agt6\_work\10\s\qaautomation\api\tests\modules\academics\createnewclassschedule\createnewclassschedule-generictest.generictest" />
        <TestLink id="a8da4608-4d8e-4859-bcfc-3bb8926c177a" name="updatepassfailcourse" storage="c:\agt6\_work\10\s\qaautomation\api\tests\modules\academics\updatepassfailsetting\updatepassfailcourse.generictest" />
      </TestLinks>
    </OrderedTest>
    <UnitTest name="jobtype_validations-generictest" storage="c:\agt6\_work\10\s\qaautomation\api\tests\modules\careerservices\jobtype\jobtype_validations-generictest.generictest" id="9dd58238-e87d-4561-9d2a-e9aff760b237">
      <Execution id="da771c46-096d-4d90-9a57-0ba829b50361" parentId="f57c4edd-1dc5-4910-be1c-3d0ea8d5267b" />
      <TestMethod codeBase="c:\agt6\_work\10\s\qaautomation\api\tests\modules\careerservices\jobtype\jobtype_validations-generictest.generictest" adapterTypeName="executor://orderedtestadapter/v1" className="c:\agt6\_work\10\s\qaautomation\api\tests\modules\careerservices\jobtype\jobtype_validations-generictest" name="jobtype_validations-generictest" />
    </UnitTest>
    <UnitTest name="employercontacttype_validations-generictest" storage="c:\agt6\_work\10\s\qaautomation\api\tests\modules\careerservices\employercontacttype\employercontacttype_validations-generictest.generictest" id="0ea23f47-02a2-4627-aa9e-d1aac2caf562">
      <Execution id="562cda1c-62ac-4cc7-aef0-db14b45b9829" parentId="f57c4edd-1dc5-4910-be1c-3d0ea8d5267b" />
      <TestMethod codeBase="c:\agt6\_work\10\s\qaautomation\api\tests\modules\careerservices\employercontacttype\employercontacttype_validations-generictest.generictest" adapterTypeName="executor://orderedtestadapter/v1" className="c:\agt6\_work\10\s\qaautomation\api\tests\modules\careerservices\employercontacttype\employercontacttype_validations-generictest" name="employercontacttype_validations-generictest" />
    </UnitTest>
    <UnitTest name="register course to student(student1course4)-generictest" storage="c:\agt6\_work\10\s\qaautomation\api\tests\modules\academics\registercoursetostudent\register course to student(student1course4)-generictest.generictest" id="b05d4c38-4cf4-4236-b8a4-213450466b37">
      <Execution id="c92cab02-4963-4f65-ac31-0a6d75b004a9" parentId="0b866407-4328-4ae4-8a7a-3bd9c5830b9d" />
      <TestMethod codeBase="c:\agt6\_work\10\s\qaautomation\api\tests\modules\academics\registercoursetostudent\register course to student(student1course4)-generictest.generictest" adapterTypeName="executor://orderedtestadapter/v1" className="c:\agt6\_work\10\s\qaautomation\api\tests\modules\academics\registercoursetostudent\register course to student(student1course4)-generictest" name="register course to student(student1course4)-generictest" />
    </UnitTest>
    <OrderedTest name="PreDeployOrderedTest" storage="c:\agt6\_work\10\s\qaautomation\api\orderedtests\predeploy\predeployorderedtest.orderedtest" id="4b38391c-0e11-4dde-9d6c-f80a36b8ff91">
      <Execution id="64f4eb58-b854-439a-8bcf-9ea33a5f030a" />
      <TestLinks>
        <TestLink id="7356f06b-177a-4046-9f9c-d16da1d7da6c" name="predeploygenerictest" storage="c:\agt6\_work\10\s\qaautomation\api\tests\predeploy\predeploygenerictest.generictest" />
      </TestLinks>
    </OrderedTest>
    <UnitTest name="programsetup.generictest" storage="c:\agt6\_work\10\s\qaautomation\api\tests\modules\financialaid\programsetup\programsetup.generictest.generictest" id="bbf114db-2b76-4370-b791-fff9c6e6651f">
      <Execution id="3867b1ca-2b87-4d1a-b008-b8ece6d1c3eb" parentId="f8722d4b-878b-4c0e-af2f-4cb352a1c558" />
      <TestMethod codeBase="c:\agt6\_work\10\s\qaautomation\api\tests\modules\financialaid\programsetup\programsetup.generictest.generictest" adapterTypeName="executor://orderedtestadapter/v1" className="c:\agt6\_work\10\s\qaautomation\api\tests\modules\financialaid\programsetup\programsetup.generictest" name="programsetup.generictest" />
    </UnitTest>
    <OrderedTest name="StudentServicesAllApis-OrderedTest" storage="c:\agt6\_work\10\s\qaautomation\api\orderedtests\modules\studentservicesallapis-orderedtest.orderedtest" id="5749c0aa-c1cf-4387-9ffc-ea8946c734f4">
      <Execution id="e9811b83-52c2-47f7-9702-4c8288be0f1c" />
      <TestLinks>
        <TestLink id="30da92b8-eaa3-4a28-b643-1d099093f473" name="buildingcategory-generictest" storage="c:\agt6\_work\10\s\qaautomation\api\tests\modules\studentservices\buildingcategory\buildingcategory-generictest.generictest" />
        <TestLink id="c87055d1-8c88-4128-9922-f1632d28fdd2" name="gethousingbuildingimage-generictest" storage="c:\agt6\_work\10\s\qaautomation\api\tests\modules\studentservices\housingbuilding\gethousingbuildingimage-generictest.generictest" />
        <TestLink id="4f703dd2-495d-42b4-abb7-df6b0cc95a17" name="housingbuiliding-generictest" storage="c:\agt6\_work\10\s\qaautomation\api\tests\modules\studentservices\housingbuilding\housingbuiliding-generictest.generictest" />
        <TestLink id="c68c23c0-2864-4144-8b40-12201b58df09" name="gethousingbuildingcategoryimage-generictest" storage="c:\agt6\_work\10\s\qaautomation\api\tests\modules\studentservices\housingbuildingimage\gethousingbuildingcategoryimage-generictest.generictest" />
        <TestLink id="492af55e-1811-457f-8137-73c65d72c2c2" name="housingdate-generictest" storage="c:\agt6\_work\10\s\qaautomation\api\tests\modules\studentservices\housingdate\housingdate-generictest.generictest" />
        <TestLink id="a3200d13-0d0f-4c2a-92c4-6e1405f75d5c" name="housingfeature-generictest" storage="c:\agt6\_work\10\s\qaautomation\api\tests\modules\studentservices\housingfeature\housingfeature-generictest.generictest" />
        <TestLink id="21b50477-db36-4a10-a262-bfbafb395965" name="housingroom-generictest" storage="c:\agt6\_work\10\s\qaautomation\api\tests\modules\studentservices\housingroom\housingroom-generictest.generictest" />
        <TestLink id="3db8715e-c8cf-4552-8fd4-43baaa012ae3" name="housingsuite-generictest" storage="c:\agt6\_work\10\s\qaautomation\api\tests\modules\studentservices\housingsuite\housingsuite-generictest.generictest" />
        <TestLink id="22f7d323-45a9-4d40-ba1a-92eb87bd0bf5" name="housingsuitecategory-generictest" storage="c:\agt6\_work\10\s\qaautomation\api\tests\modules\studentservices\housingsuitecategory\housingsuitecategory-generictest.generictest" />
        <TestLink id="5eb57926-3d57-4647-bbcc-5781b76c974b" name="location-generictest" storage="c:\agt6\_work\10\s\qaautomation\api\tests\modules\studentservices\location\location-generictest.generictest" />
        <TestLink id="4bfb99f8-7eeb-4944-a8b7-e96cb889aadc" name="roomcategory-generictest" storage="c:\agt6\_work\10\s\qaautomation\api\tests\modules\studentservices\roomcategory\roomcategory-generictest.generictest" />
        <TestLink id="f7df1a34-da4f-4bed-838a-ee978c3e8fce" name="studentserviceroomtypedupchecksave-generictest" storage="c:\agt6\_work\10\s\qaautomation\api\tests\modules\studentservices\roomtype\studentserviceroomtypedupchecksave-generictest.generictest" />
        <TestLink id="074071cb-caf5-4739-b199-eefa55820e2c" name="studentservicesroomtype-generictest" storage="c:\agt6\_work\10\s\qaautomation\api\tests\modules\studentservices\roomtype\studentservicesroomtype-generictest.generictest" />
        <TestLink id="8d747b50-4ebc-4a79-9a09-67dc3d71502a" name="studentservicesroomtypedupchecksavenew-generictest" storage="c:\agt6\_work\10\s\qaautomation\api\tests\modules\studentservices\roomtype\studentservicesroomtypedupchecksavenew-generictest.generictest" />
        <TestLink id="e00d7d41-b561-4b34-8f3e-4ac1e6ac7bcc" name="servicetype_crud-generictest" storage="c:\agt6\_work\10\s\qaautomation\api\tests\modules\studentservices\servicetype\servicetype_crud-generictest.generictest" />
        <TestLink id="2ced6296-deb8-4010-8ec9-10ad806b6779" name="servicetype_validations-generictest" storage="c:\agt6\_work\10\s\qaautomation\api\tests\modules\studentservices\servicetype\servicetype_validations-generictest.generictest" />
        <TestLink id="b0bccff2-cd54-4248-a7e8-88ad9f6c2887" name="servicetypebillingmethod_crud-generictest" storage="c:\agt6\_work\10\s\qaautomation\api\tests\modules\studentservices\servicetypebillingmethod\servicetypebillingmethod_crud-generictest.generictest" />
        <TestLink id="aad19ad4-fdd0-452f-8fe2-84722d41dd3c" name="servicetypebillingmethod_validations-generictest" storage="c:\agt6\_work\10\s\qaautomation\api\tests\modules\studentservices\servicetypebillingmethod\servicetypebillingmethod_validations-generictest.generictest" />
        <TestLink id="2022d5d3-3243-48eb-b584-761b0e7df5bf" name="servicetypecustomfield_crud-generictest" storage="c:\agt6\_work\10\s\qaautomation\api\tests\modules\studentservices\servicetypecustomfield\servicetypecustomfield_crud-generictest.generictest" />
        <TestLink id="4d83edc7-fe33-4aa1-820d-d350b0acf36e" name="servicetypecustomfield_validations-generictest" storage="c:\agt6\_work\10\s\qaautomation\api\tests\modules\studentservices\servicetypecustomfield\servicetypecustomfield_validations-generictest.generictest" />
        <TestLink id="780556a7-c13c-4b96-b98f-3d836a9fac62" name="servicetypecategory-generictest" storage="c:\agt6\_work\10\s\qaautomation\api\tests\modules\studentservices\studentcategories\servicetypecategory-generictest.generictest" />
      </TestLinks>
    </OrderedTest>
    <UnitTest name="budgets-generictest" storage="c:\agt6\_work\10\s\qaautomation\api\tests\modules\financialaid\budgets\budgets-generictest.generictest" id="9c7adc63-413a-4708-b090-303adb19e74a">
      <Execution id="ef74269b-1419-413f-8bd8-fe83bc956c5a" parentId="f8722d4b-878b-4c0e-af2f-4cb352a1c558" />
      <TestMethod codeBase="c:\agt6\_work\10\s\qaautomation\api\tests\modules\financialaid\budgets\budgets-generictest.generictest" adapterTypeName="executor://orderedtestadapter/v1" className="c:\agt6\_work\10\s\qaautomation\api\tests\modules\financialaid\budgets\budgets-generictest" name="budgets-generictest" />
    </UnitTest>
    <UnitTest name="campusfinancialaidgeneral-generictest" storage="c:\agt6\_work\10\s\qaautomation\api\tests\modules\common\campusfinancialaidgeneral\campusfinancialaidgeneral-generictest.generictest" id="4713b86d-9c72-4685-9f18-a55246db10a7">
      <Execution id="d98b37a3-1c71-4166-9d50-a1f476eab784" parentId="c8803a03-a4a6-4e57-8f0f-0ed6b90c0554" />
      <TestMethod codeBase="c:\agt6\_work\10\s\qaautomation\api\tests\modules\common\campusfinancialaidgeneral\campusfinancialaidgeneral-generictest.generictest" adapterTypeName="executor://orderedtestadapter/v1" className="c:\agt6\_work\10\s\qaautomation\api\tests\modules\common\campusfinancialaidgeneral\campusfinancialaidgeneral-generictest" name="campusfinancialaidgeneral-generictest" />
    </UnitTest>
    <UnitTest name="shiftschoolstartdate_validations-generictest" storage="c:\agt6\_work\10\s\qaautomation\api\tests\modules\academics\shiftschoolstartdate\shiftschoolstartdate_validations-generictest.generictest" id="c3dd2e11-a10a-4e79-94db-179a58bc1057">
      <Execution id="4667740c-cf62-414d-bca2-6634b3bf9afd" parentId="975c70bb-18bc-44e2-963d-471bef2b4959" />
      <TestMethod codeBase="c:\agt6\_work\10\s\qaautomation\api\tests\modules\academics\shiftschoolstartdate\shiftschoolstartdate_validations-generictest.generictest" adapterTypeName="executor://orderedtestadapter/v1" className="c:\agt6\_work\10\s\qaautomation\api\tests\modules\academics\shiftschoolstartdate\shiftschoolstartdate_validations-generictest" name="shiftschoolstartdate_validations-generictest" />
    </UnitTest>
    <UnitTest name="careerservicehowplaceddupchecksavenew-generictest" storage="c:\agt6\_work\10\s\qaautomation\api\tests\modules\careerservices\howplaced\careerservicehowplaceddupchecksavenew-generictest.generictest" id="3465f9f5-7d63-48f5-b556-f14aef3c2440">
      <Execution id="3d8e7c34-0ecf-45f5-8f43-4c20496b7240" parentId="f57c4edd-1dc5-4910-be1c-3d0ea8d5267b" />
      <TestMethod codeBase="c:\agt6\_work\10\s\qaautomation\api\tests\modules\careerservices\howplaced\careerservicehowplaceddupchecksavenew-generictest.generictest" adapterTypeName="executor://orderedtestadapter/v1" className="c:\agt6\_work\10\s\qaautomation\api\tests\modules\careerservices\howplaced\careerservicehowplaceddupchecksavenew-generictest" name="careerservicehowplaceddupchecksavenew-generictest" />
    </UnitTest>
    <UnitTest name="clearingwaitlistnotallowedforselectedterm" storage="c:\agt6\_work\10\s\qaautomation\api\tests\modules\academics\checkingclearwaitlistfunctionality\clearwaitlistsettingisunchecked\clearingwaitlistnotallowedforselectedterm\clearingwaitlistnotallowedforselectedterm.generictest" id="7d36834b-529e-4bad-be34-08eb7420b669">
      <Execution id="d481d263-fee9-4b81-a1c7-7b55116d6316" parentId="14dcee77-e56f-4a69-86da-ce1a3e8ded1e" />
      <TestMethod codeBase="c:\agt6\_work\10\s\qaautomation\api\tests\modules\academics\checkingclearwaitlistfunctionality\clearwaitlistsettingisunchecked\clearingwaitlistnotallowedforselectedterm\clearingwaitlistnotallowedforselectedterm.generictest" adapterTypeName="executor://orderedtestadapter/v1" className="c:\agt6\_work\10\s\qaautomation\api\tests\modules\academics\checkingclearwaitlistfunctionality\clearwaitlistsettingisunchecked\clearingwaitlistnotallowedforselectedterm\clearingwaitlistnotallowedforselectedterm" name="clearingwaitlistnotallowedforselectedterm" />
    </UnitTest>
    <UnitTest name="housingfeature-generictest" storage="c:\agt6\_work\10\s\qaautomation\api\tests\modules\studentservices\housingfeature\housingfeature-generictest.generictest" id="a3200d13-0d0f-4c2a-92c4-6e1405f75d5c">
      <Execution id="01a16536-1bbc-4390-b64d-f3ba165c775a" parentId="e9811b83-52c2-47f7-9702-4c8288be0f1c" />
      <TestMethod codeBase="c:\agt6\_work\10\s\qaautomation\api\tests\modules\studentservices\housingfeature\housingfeature-generictest.generictest" adapterTypeName="executor://orderedtestadapter/v1" className="c:\agt6\_work\10\s\qaautomation\api\tests\modules\studentservices\housingfeature\housingfeature-generictest" name="housingfeature-generictest" />
    </UnitTest>
    <OrderedTest name="OTClearingWaitlistforspecificStudentwhenclearwaitlistisnotallowed" storage="c:\agt6\_work\10\s\qaautomation\api\orderedtests\modules\academics\otclearingwaitlistforspecificstudentwhenclearwaitlistisnotallowed.orderedtest" id="f76c6185-0ff9-48a8-8426-f3f7f30d99d5">
      <Execution id="51bf71d5-e650-4b19-8fb6-2c79965d36b2" />
      <TestLinks>
        <TestLink id="430caaf1-1443-4b34-9927-147535979093" name="allowclearwaitlistisunchecked-generictest" storage="c:\agt6\_work\10\s\qaautomation\api\tests\modules\academics\checkingclearwaitlistfunctionality\pre-req\allowclearwailistisuncheckedforstaff\allowclearwaitlistisunchecked-generictest.generictest" />
        <TestLink id="90c5fab7-52b7-46be-9017-e97c600867d9" name="clearingwaitlistnotallowedforspecific-generictest" storage="c:\agt6\_work\10\s\qaautomation\api\tests\modules\academics\checkingclearwaitlistfunctionality\clearwaitlistsettingisunchecked\clearingwaitlistnotallowedforspecificstudent\clearingwaitlistnotallowedforspecific-generictest.generictest" />
      </TestLinks>
    </OrderedTest>
    <UnitTest name="checkingisfloatingtermusedforthecampus" storage="c:\agt6\_work\10\s\qaautomation\api\tests\modules\academics\publishscheduleonclassscheduling\publish schedule for a term which is a floating term\prereq\checkingisfloatingtermusedforthecampus.generictest" id="2ed37b5e-f83e-4ac7-a7b3-dcb3a2f7204c">
      <Execution id="9cf80774-f147-491e-ab6d-6f80d262c786" parentId="d5dcfb5e-575d-4722-af68-cd2a9a91cf93" />
      <TestMethod codeBase="c:\agt6\_work\10\s\qaautomation\api\tests\modules\academics\publishscheduleonclassscheduling\publish schedule for a term which is a floating term\prereq\checkingisfloatingtermusedforthecampus.generictest" adapterTypeName="executor://orderedtestadapter/v1" className="c:\agt6\_work\10\s\qaautomation\api\tests\modules\academics\publishscheduleonclassscheduling\publish schedule for a term which is a floating term\prereq\checkingisfloatingtermusedforthecampus" name="checkingisfloatingtermusedforthecampus" />
    </UnitTest>
    <OrderedTest name="OTVerifyCourseRegistrationAsRetakePreventedWhenMaxAttemptIs0OnCourseList" storage="c:\agt6\_work\10\s\qaautomation\api\orderedtests\modules\academics\otverifycourseregistrationasretakepreventedwhenmaxattemptis0oncourselist.orderedtest" id="baa567ed-47fb-4d66-85d3-f184befa49a7">
      <Execution id="724e859a-d2d0-4e1a-9e59-155f8067e3f5" />
      <TestLinks>
        <TestLink id="0a19221e-9930-4078-9ab5-99a0624b0db1" name="createnewcourse-generictest" storage="c:\agt6\_work\10\s\qaautomation\api\tests\modules\academics\course\createnewcourse-generictest.generictest" />
        <TestLink id="856cc882-53b8-4d4d-925e-f6d2881dd707" name="addcoursetoprogramversioncourselist-generictest" storage="c:\agt6\_work\10\s\qaautomation\api\tests\modules\academics\addcoursetoprogramversioncourselist\addcoursetoprogramversioncourselist-generictest.generictest" />
        <TestLink id="348c1e4e-2eb5-49cd-9a0a-7cd94354416b" name="createnewclassscheduleterm1-generictest" storage="c:\agt6\_work\10\s\qaautomation\api\tests\modules\academics\createnewclassschedule\createnewclassscheduleterm1-generictest.generictest" />
        <TestLink id="1a7a4b75-5925-412e-b356-0a22f6900e5a" name="createnewclassscheduleterm2-generictest" storage="c:\agt6\_work\10\s\qaautomation\api\tests\modules\academics\createnewclassschedule\createnewclassscheduleterm2-generictest.generictest" />
        <TestLink id="2bab6b22-c3e6-4e52-a790-e369156c20dc" name="createnewstudentenrollment-generictest" storage="c:\agt6\_work\10\s\qaautomation\api\tests\modules\academics\createnewstudentenrollment\createnewstudentenrollment-generictest.generictest" />
        <TestLink id="d75c9cb8-4d86-4bab-b299-9da309845e9b" name="getstaffdetails-generictest" storage="c:\agt6\_work\10\s\qaautomation\api\tests\modules\system\getstaffdetails\getstaffdetails-generictest.generictest" />
        <TestLink id="bb9c2622-eeb9-4886-b602-211a67ac329e" name="add course to student as retake with max attempt 0-generictest" storage="c:\agt6\_work\10\s\qaautomation\api\tests\modules\academics\addcoursetostudent\add course to student as retake with max attempt 0-generictest.generictest" />
        <TestLink id="cfc402a6-342d-4179-8c39-b94553e8104e" name="register course to student with max attempt 0-generictest" storage="c:\agt6\_work\10\s\qaautomation\api\tests\modules\academics\registercoursetostudent\register course to student with max attempt 0-generictest.generictest" />
        <TestLink id="c9620a32-f65c-42c7-9347-fcb7718eeb98" name="postfinalgradetostudentcourse-generictest" storage="c:\agt6\_work\10\s\qaautomation\api\tests\modules\academics\postfinalgradetostudentcourse\postfinalgradetostudentcourse-generictest.generictest" />
        <TestLink id="467eee6f-e52c-4392-8aeb-8e986f85204e" name="register course to student as retake with max attempt 0-generictest" storage="c:\agt6\_work\10\s\qaautomation\api\tests\modules\academics\registercoursetostudent\register course to student as retake with max attempt 0-generictest.generictest" />
      </TestLinks>
    </OrderedTest>
    <UnitTest name="location-generictest" storage="c:\agt6\_work\10\s\qaautomation\api\tests\modules\studentservices\location\location-generictest.generictest" id="5eb57926-3d57-4647-bbcc-5781b76c974b">
      <Execution id="170250fa-dbe0-4a92-9de9-a90bdd1ce939" parentId="e9811b83-52c2-47f7-9702-4c8288be0f1c" />
      <TestMethod codeBase="c:\agt6\_work\10\s\qaautomation\api\tests\modules\studentservices\location\location-generictest.generictest" adapterTypeName="executor://orderedtestadapter/v1" className="c:\agt6\_work\10\s\qaautomation\api\tests\modules\studentservices\location\location-generictest" name="location-generictest" />
    </UnitTest>
    <UnitTest name="addcoursetoprogramversioncourselist-generictest" storage="c:\agt6\_work\10\s\qaautomation\api\tests\modules\academics\addcoursetoprogramversioncourselist\addcoursetoprogramversioncourselist-generictest.generictest" id="856cc882-53b8-4d4d-925e-f6d2881dd707">
      <Execution id="0f05cc1a-c939-48fe-835b-d1dd41d18ddc" parentId="724e859a-d2d0-4e1a-9e59-155f8067e3f5" />
      <TestMethod codeBase="c:\agt6\_work\10\s\qaautomation\api\tests\modules\academics\addcoursetoprogramversioncourselist\addcoursetoprogramversioncourselist-generictest.generictest" adapterTypeName="executor://orderedtestadapter/v1" className="c:\agt6\_work\10\s\qaautomation\api\tests\modules\academics\addcoursetoprogramversioncourselist\addcoursetoprogramversioncourselist-generictest" name="addcoursetoprogramversioncourselist-generictest" />
    </UnitTest>
    <UnitTest name="publishingschedulescenario4" storage="c:\agt6\_work\10\s\qaautomation\api\tests\modules\academics\publishscheduleonclassscheduling\publish schedule for a term which is a floating term\publishingschedulescenario4.generictest" id="283a7192-8b92-40e7-a804-c2ea1f7ef0a0">
      <Execution id="ed4349cb-42b7-4a3c-ba67-abba65beb3a1" parentId="d5dcfb5e-575d-4722-af68-cd2a9a91cf93" />
      <TestMethod codeBase="c:\agt6\_work\10\s\qaautomation\api\tests\modules\academics\publishscheduleonclassscheduling\publish schedule for a term which is a floating term\publishingschedulescenario4.generictest" adapterTypeName="executor://orderedtestadapter/v1" className="c:\agt6\_work\10\s\qaautomation\api\tests\modules\academics\publishscheduleonclassscheduling\publish schedule for a term which is a floating term\publishingschedulescenario4" name="publishingschedulescenario4" />
    </UnitTest>
    <UnitTest name="acceptwaitliststudents-generictest" storage="c:\agt6\_work\10\s\qaautomation\api\tests\modules\academics\acceptwaitliststudents\acceptwaitliststudents-generictest.generictest" id="99a5de8b-b4c1-4a85-87c1-d1cd49d06bbe">
      <Execution id="2280f223-c09b-471e-be0f-961bab434248" parentId="23611168-0744-4bd7-bd05-240c71cde469" />
      <TestMethod codeBase="c:\agt6\_work\10\s\qaautomation\api\tests\modules\academics\acceptwaitliststudents\acceptwaitliststudents-generictest.generictest" adapterTypeName="executor://orderedtestadapter/v1" className="c:\agt6\_work\10\s\qaautomation\api\tests\modules\academics\acceptwaitliststudents\acceptwaitliststudents-generictest" name="acceptwaitliststudents-generictest" />
    </UnitTest>
    <UnitTest name="crossreferencecourseandcoursescheduledetailscourse3-generictest" storage="c:\agt6\_work\10\s\qaautomation\api\tests\modules\academics\crossreferencecourseandcoursesechduledetails\crossreferencecourseandcoursescheduledetailscourse3-generictest.generictest" id="a07a12d3-5e7e-49e3-a66b-b7459fe9f525">
      <Execution id="02575331-5094-4c2e-8e2d-ba3cbcea0dca" parentId="0b866407-4328-4ae4-8a7a-3bd9c5830b9d" />
      <TestMethod codeBase="c:\agt6\_work\10\s\qaautomation\api\tests\modules\academics\crossreferencecourseandcoursesechduledetails\crossreferencecourseandcoursescheduledetailscourse3-generictest.generictest" adapterTypeName="executor://orderedtestadapter/v1" className="c:\agt6\_work\10\s\qaautomation\api\tests\modules\academics\crossreferencecourseandcoursesechduledetails\crossreferencecourseandcoursescheduledetailscourse3-generictest" name="crossreferencecourseandcoursescheduledetailscourse3-generictest" />
    </UnitTest>
    <OrderedTest name="CommonAllApis-OrderedTest" storage="c:\agt6\_work\10\s\qaautomation\api\orderedtests\modules\commonallapis-orderedtest.orderedtest" id="43222e69-ce5c-46f0-978b-a3096ebe7a17">
      <Execution id="c8803a03-a4a6-4e57-8f0f-0ed6b90c0554" />
      <TestLinks>
        <TestLink id="08686a50-29fb-46b4-bf4b-665b4414e5a4" name="agency-generictest" storage="c:\agt6\_work\10\s\qaautomation\api\tests\modules\common\agency\agency-generictest.generictest" />
        <TestLink id="dc6be907-fd6a-444d-bf5d-ca8b969f62af" name="agency_save_and_delete_validation-generictest" storage="c:\agt6\_work\10\s\qaautomation\api\tests\modules\common\agency\agency_save_and_delete_validation-generictest.generictest" />
        <TestLink id="5e707158-ba2b-4a2f-abb7-e563ecd00195" name="agency_branch_delete_validation-generictest" storage="c:\agt6\_work\10\s\qaautomation\api\tests\modules\common\agencybranch\agency_branch_delete_validation-generictest.generictest" />
        <TestLink id="b022af0e-45ed-4bf7-8b1f-cdd6ac566b95" name="agencybranch-generictest" storage="c:\agt6\_work\10\s\qaautomation\api\tests\modules\common\agencybranch\agencybranch-generictest.generictest" />
        <TestLink id="991a2003-aeba-4783-9db2-8c5158837738" name="agencybranchcontact-generictest" storage="c:\agt6\_work\10\s\qaautomation\api\tests\modules\common\agencybranchcontact\agencybranchcontact-generictest.generictest" />
        <TestLink id="d5b7755b-c375-49ff-9dfa-9ac98a7a3514" name="building_save_validation_dupecheck1-generictest" storage="c:\agt6\_work\10\s\qaautomation\api\tests\modules\common\building\building_save_validation_dupecheck1-generictest.generictest" />
        <TestLink id="78db93ea-de56-4dce-82ce-c501369e6dd5" name="building_savenew_validation_dupecheck1-generictest" storage="c:\agt6\_work\10\s\qaautomation\api\tests\modules\common\building\building_savenew_validation_dupecheck1-generictest.generictest" />
        <TestLink id="74ace49d-4e09-40b6-93f3-6783a4241141" name="building1-generictest" storage="c:\agt6\_work\10\s\qaautomation\api\tests\modules\common\building\building1-generictest.generictest" />
        <TestLink id="46c0cce3-bf82-4e44-9f37-3b4780233b55" name="campusadditionalsettings-generictest" storage="c:\agt6\_work\10\s\qaautomation\api\tests\modules\common\campusadditionalsettings\campusadditionalsettings-generictest.generictest" />
        <TestLink id="a251de96-b822-42e6-9753-05f3723da022" name="campusecodes-generictest" storage="c:\agt6\_work\10\s\qaautomation\api\tests\modules\common\campusecodes\campusecodes-generictest.generictest" />
        <TestLink id="60e7253d-ca41-463b-b9c9-1ecc6dff86aa" name="campusesacademicrecordenrollment-generictest" storage="c:\agt6\_work\10\s\qaautomation\api\tests\modules\common\campusesacademicrecordenrollment\campusesacademicrecordenrollment-generictest.generictest" />
        <TestLink id="9b2a366d-4b24-43da-940c-b6aa2d4910bc" name="campusesacademicrecordgradesregistration-generictest" storage="c:\agt6\_work\10\s\qaautomation\api\tests\modules\common\campusesacademicrecordgradesregistration\campusesacademicrecordgradesregistration-generictest.generictest" />
        <TestLink id="43324639-762b-44ac-a2aa-161fa3a3d3eb" name="duplicateleadconfiguration-generictest" storage="c:\agt6\_work\10\s\qaautomation\api\tests\modules\common\campusesallowed\duplicateleadconfiguration-generictest.generictest" />
        <TestLink id="4fb01a2d-4b98-4040-8db0-51805ebf268c" name="campusfafsaisir-generictest" storage="c:\agt6\_work\10\s\qaautomation\api\tests\modules\common\campusfafsaisir\campusfafsaisir-generictest.generictest" />
        <TestLink id="4713b86d-9c72-4685-9f18-a55246db10a7" name="campusfinancialaidgeneral-generictest" storage="c:\agt6\_work\10\s\qaautomation\api\tests\modules\common\campusfinancialaidgeneral\campusfinancialaidgeneral-generictest.generictest" />
        <TestLink id="bc05badd-a60d-476a-b452-43cc385785a7" name="campuscodealreadyexists-generictest" storage="c:\agt6\_work\10\s\qaautomation\api\tests\modules\common\campusgeneral\campuscodealreadyexists-generictest.generictest" />
        <TestLink id="8c25812d-610a-40a0-8f1a-4578591ea48e" name="campusgeneral-generictest" storage="c:\agt6\_work\10\s\qaautomation\api\tests\modules\common\campusgeneral\campusgeneral-generictest.generictest" />
        <TestLink id="68276702-1cbc-44a7-9a89-447daae2b738" name="campusgroups-generictest" storage="c:\agt6\_work\10\s\qaautomation\api\tests\modules\common\campusgroups\campusgroups-generictest.generictest" />
        <TestLink id="8cc75546-bcb7-4086-9229-4109e3642e1c" name="campusinternational-generictest" storage="c:\agt6\_work\10\s\qaautomation\api\tests\modules\common\campusinternational\campusinternational-generictest.generictest" />
        <TestLink id="d566bf62-2ec0-4ab0-acd2-da7f9833859f" name="campusnexusstudentsetting_delete-generictest" storage="c:\agt6\_work\10\s\qaautomation\api\tests\modules\common\campusnexusstudentsetting\campusnexusstudentsetting_delete-generictest.generictest" />
        <TestLink id="bd6588dc-11f8-4d89-8b1b-dd4bd935ea7e" name="campusnexusstudentsettings-generictest" storage="c:\agt6\_work\10\s\qaautomation\api\tests\modules\system\campusnexusstudentsettings\campusnexusstudentsettings-generictest.generictest" />
        <TestLink id="3871fe0d-3508-4736-b2b5-22f60f4d9db5" name="savecampusnexusstudentsettings_multiplevalues-generictest" storage="c:\agt6\_work\10\s\qaautomation\api\tests\modules\common\campusnexusstudentsetting\savecampusnexusstudentsettings_multiplevalues-generictest.generictest" />
        <TestLink id="9a8dadbb-c9d9-4b96-b33d-9a911a281531" name="employergroup_crud-generictest" storage="c:\agt6\_work\10\s\qaautomation\api\tests\modules\common\employergroup\employergroup_crud-generictest.generictest" />
        <TestLink id="4c826a47-5c29-42be-a1f9-3d97a36efb36" name="employergroup_validations-generictest" storage="c:\agt6\_work\10\s\qaautomation\api\tests\modules\common\employergroup\employergroup_validations-generictest.generictest" />
        <TestLink id="56385dcd-c5e0-4906-8e47-ea9baef12d19" name="employergroupmember_validations-generictest" storage="c:\agt6\_work\10\s\qaautomation\api\tests\modules\common\employergroupmember\employergroupmember_validations-generictest.generictest" />
        <TestLink id="242fe6f8-b5b4-4bcf-bf3d-76bf2d8ba241" name="enrollment-generictest" storage="c:\agt6\_work\10\s\qaautomation\api\tests\modules\common\enrollment\enrollment-generictest.generictest" />
        <TestLink id="011c2ea3-afd7-4712-9c78-f1adf6f82a08" name="financialaidservicerconfiguration-generictest" storage="c:\agt6\_work\10\s\qaautomation\api\tests\modules\common\financialaidservicer\financialaidservicerconfiguration-generictest.generictest" />
        <TestLink id="835f5d74-555a-4b70-b3cb-981ee9c51e3a" name="generalsetup-generictest" storage="c:\agt6\_work\10\s\qaautomation\api\tests\modules\common\generalsetup\generalsetup-generictest.generictest" />
        <TestLink id="98e4edbf-99ab-415f-be3e-f0bd480f56ac" name="holdcodes-generictest" storage="c:\agt6\_work\10\s\qaautomation\api\tests\modules\common\holdcodes\holdcodes-generictest.generictest" />
        <TestLink id="34f850ab-5a81-4b4b-856a-d7d471e24ec4" name="savehousingdeposit-generictest" storage="c:\agt6\_work\10\s\qaautomation\api\tests\modules\common\housingdeposit\savehousingdeposit-generictest.generictest" />
        <TestLink id="b3f318f1-73fd-46a8-9c1e-3d14e775df5b" name="industry-generictest" storage="c:\agt6\_work\10\s\qaautomation\api\tests\modules\common\industry\industry-generictest.generictest" />
        <TestLink id="8c95d41b-bddd-4e98-a9d3-286550af6854" name="industrycodecheckonsave-generictest" storage="c:\agt6\_work\10\s\qaautomation\api\tests\modules\common\industry\industrycodecheckonsave-generictest.generictest" />
        <TestLink id="2c175dd7-b426-46fc-a5eb-91e21f7504da" name="industrycodecheckonsavenew-generictest" storage="c:\agt6\_work\10\s\qaautomation\api\tests\modules\common\industry\industrycodecheckonsavenew-generictest.generictest" />
        <TestLink id="b6960fad-4942-4920-8960-cd0c51405dc0" name="industryvalidatedelete-generictest" storage="c:\agt6\_work\10\s\qaautomation\api\tests\modules\common\industry\industryvalidatedelete-generictest.generictest" />
        <TestLink id="6b401679-f46a-4605-835b-f504016e8a79" name="ldaattendance-generictest" storage="c:\agt6\_work\10\s\qaautomation\api\tests\modules\common\ldaattendance\ldaattendance-generictest.generictest" />
        <TestLink id="faf01475-c00f-4eee-99fd-1df36ed07c8f" name="organizationcontacttype-generictest" storage="c:\agt6\_work\10\s\qaautomation\api\tests\modules\common\organizationcontacttype\organizationcontacttype-generictest.generictest" />
        <TestLink id="5d919470-52e5-4a2d-8e78-c8244b5c85f9" name="organizationcontacttype_crud-generictest" storage="c:\agt6\_work\10\s\qaautomation\api\tests\modules\common\organizationcontacttype\organizationcontacttype_crud-generictest.generictest" />
        <TestLink id="ae40877d-7d45-40f5-9f1b-50ae9038f506" name="roomresource-generictest" storage="c:\agt6\_work\10\s\qaautomation\api\tests\modules\common\rooms\roomresource-generictest.generictest" />
        <TestLink id="a243acfc-4f2b-44da-b48d-4a7931f65822" name="rooms_save_validation_dupecheck1-generictest" storage="c:\agt6\_work\10\s\qaautomation\api\tests\modules\common\rooms\rooms_save_validation_dupecheck1-generictest.generictest" />
        <TestLink id="48bbb256-7a2b-4351-b6ed-b013fa9be3d7" name="rooms_savenew_validation_dupecheck1-generictest" storage="c:\agt6\_work\10\s\qaautomation\api\tests\modules\common\rooms\rooms_savenew_validation_dupecheck1-generictest.generictest" />
        <TestLink id="e45a768e-bd1d-44db-800c-bacd60c6c0be" name="rooms1-generictest" storage="c:\agt6\_work\10\s\qaautomation\api\tests\modules\common\rooms\rooms1-generictest.generictest" />
        <TestLink id="82c01489-9529-4e84-a33d-a92cf34b912b" name="schoolstatus-generictest" storage="c:\agt6\_work\10\s\qaautomation\api\tests\modules\common\schoolstatus\schoolstatus-generictest.generictest" />
        <TestLink id="e496eb08-39ad-43af-b3ce-c225317b7f03" name="staff-generictest" storage="c:\agt6\_work\10\s\qaautomation\api\tests\modules\common\staff\staff-generictest.generictest" />
      </TestLinks>
    </OrderedTest>
    <UnitTest name="book-generictest" storage="c:\agt6\_work\10\s\qaautomation\api\tests\modules\academics\book\book-generictest.generictest" id="e85014e8-4738-4b78-abca-e5f425ca70c4">
      <Execution id="c75428ba-7097-4c74-ac02-d19c8a83287f" parentId="975c70bb-18bc-44e2-963d-471bef2b4959" />
      <TestMethod codeBase="c:\agt6\_work\10\s\qaautomation\api\tests\modules\academics\book\book-generictest.generictest" adapterTypeName="executor://orderedtestadapter/v1" className="c:\agt6\_work\10\s\qaautomation\api\tests\modules\academics\book\book-generictest" name="book-generictest" />
    </UnitTest>
    <UnitTest name="copyclassschedule-generictest" storage="c:\agt6\_work\10\s\qaautomation\api\tests\modules\academics\copyclassschedule\copyclassschedule-generictest.generictest" id="eb51f444-3483-4046-8a45-0f3daf464161">
      <Execution id="823636c3-17d3-4ab5-a4d8-27cfb2ef9995" parentId="146f054e-e9ea-4aa5-981c-1fbacda70429" />
      <TestMethod codeBase="c:\agt6\_work\10\s\qaautomation\api\tests\modules\academics\copyclassschedule\copyclassschedule-generictest.generictest" adapterTypeName="executor://orderedtestadapter/v1" className="c:\agt6\_work\10\s\qaautomation\api\tests\modules\academics\copyclassschedule\copyclassschedule-generictest" name="copyclassschedule-generictest" />
    </UnitTest>
    <UnitTest name="updateclassscheduledetailsforpassfail-generictest" storage="c:\agt6\_work\10\s\qaautomation\api\tests\modules\academics\updateclassscheduledetails\updateclassscheduledetailsforpassfail-generictest.generictest" id="9ff0b9ae-5781-4760-a5a8-294e4e46ed6a">
      <Execution id="a8c6c218-d777-4b06-a0da-23c2e3f7604a" parentId="8ced95e6-b239-4e21-a515-99449902fbcb" />
      <TestMethod codeBase="c:\agt6\_work\10\s\qaautomation\api\tests\modules\academics\updateclassscheduledetails\updateclassscheduledetailsforpassfail-generictest.generictest" adapterTypeName="executor://orderedtestadapter/v1" className="c:\agt6\_work\10\s\qaautomation\api\tests\modules\academics\updateclassscheduledetails\updateclassscheduledetailsforpassfail-generictest" name="updateclassscheduledetailsforpassfail-generictest" />
    </UnitTest>
    <UnitTest name="generalledgerfunds-generictest" storage="c:\agt6\_work\10\s\qaautomation\api\tests\modules\financialaid\generalledgerfunds\generalledgerfunds-generictest.generictest" id="a074d4c5-baf7-4763-9493-8fad9b3e0d00">
      <Execution id="d3c682af-f3b2-4643-9f75-410e1455a594" parentId="f8722d4b-878b-4c0e-af2f-4cb352a1c558" />
      <TestMethod codeBase="c:\agt6\_work\10\s\qaautomation\api\tests\modules\financialaid\generalledgerfunds\generalledgerfunds-generictest.generictest" adapterTypeName="executor://orderedtestadapter/v1" className="c:\agt6\_work\10\s\qaautomation\api\tests\modules\financialaid\generalledgerfunds\generalledgerfunds-generictest" name="generalledgerfunds-generictest" />
    </UnitTest>
    <UnitTest name="coursesbooks-generictest" storage="c:\agt6\_work\10\s\qaautomation\api\tests\modules\academics\coursebook\coursesbooks-generictest.generictest" id="932c4f0a-bf3d-4d59-a0a0-177d0bebb4f7">
      <Execution id="597f6739-0372-4c83-8a17-2e1045e20232" parentId="975c70bb-18bc-44e2-963d-471bef2b4959" />
      <TestMethod codeBase="c:\agt6\_work\10\s\qaautomation\api\tests\modules\academics\coursebook\coursesbooks-generictest.generictest" adapterTypeName="executor://orderedtestadapter/v1" className="c:\agt6\_work\10\s\qaautomation\api\tests\modules\academics\coursebook\coursesbooks-generictest" name="coursesbooks-generictest" />
    </UnitTest>
    <UnitTest name="duplicateleadconfiguration-generictest" storage="c:\agt6\_work\10\s\qaautomation\api\tests\modules\common\campusesallowed\duplicateleadconfiguration-generictest.generictest" id="43324639-762b-44ac-a2aa-161fa3a3d3eb">
      <Execution id="988f84b2-2819-4b12-a88a-81486e90b0cc" parentId="c8803a03-a4a6-4e57-8f0f-0ed6b90c0554" />
      <TestMethod codeBase="c:\agt6\_work\10\s\qaautomation\api\tests\modules\common\campusesallowed\duplicateleadconfiguration-generictest.generictest" adapterTypeName="executor://orderedtestadapter/v1" className="c:\agt6\_work\10\s\qaautomation\api\tests\modules\common\campusesallowed\duplicateleadconfiguration-generictest" name="duplicateleadconfiguration-generictest" />
    </UnitTest>
    <UnitTest name="housingsuitecategory-generictest" storage="c:\agt6\_work\10\s\qaautomation\api\tests\modules\studentservices\housingsuitecategory\housingsuitecategory-generictest.generictest" id="22f7d323-45a9-4d40-ba1a-92eb87bd0bf5">
      <Execution id="452f3f39-0663-4b69-bb0e-149f37814fa2" parentId="e9811b83-52c2-47f7-9702-4c8288be0f1c" />
      <TestMethod codeBase="c:\agt6\_work\10\s\qaautomation\api\tests\modules\studentservices\housingsuitecategory\housingsuitecategory-generictest.generictest" adapterTypeName="executor://orderedtestadapter/v1" className="c:\agt6\_work\10\s\qaautomation\api\tests\modules\studentservices\housingsuitecategory\housingsuitecategory-generictest" name="housingsuitecategory-generictest" />
    </UnitTest>
    <UnitTest name="tuitiondiscountpolicy-generictest" storage="c:\agt6\_work\10\s\qaautomation\api\tests\modules\studentaccounts\tuitiondiscountpolicy\tuitiondiscountpolicy-generictest.generictest" id="dfc38cdb-ba52-4025-88b3-757a9d4fbe66">
      <Execution id="5e9a16ad-02ce-4889-b2c7-f4ff4868deb6" parentId="8d25963c-9e1a-4fad-96d3-9915c9d8660b" />
      <TestMethod codeBase="c:\agt6\_work\10\s\qaautomation\api\tests\modules\studentaccounts\tuitiondiscountpolicy\tuitiondiscountpolicy-generictest.generictest" adapterTypeName="executor://orderedtestadapter/v1" className="c:\agt6\_work\10\s\qaautomation\api\tests\modules\studentaccounts\tuitiondiscountpolicy\tuitiondiscountpolicy-generictest" name="tuitiondiscountpolicy-generictest" />
    </UnitTest>
    <UnitTest name="texasstateconfiguration-generictest" storage="c:\agt6\_work\10\s\qaautomation\api\tests\modules\academics\texasstateconfiguration\texasstateconfiguration-generictest.generictest" id="8d092a9e-83be-4dd5-b6ea-84ed367cac3e">
      <Execution id="4dd8affd-bf4b-481f-b0b9-8675f10f1106" parentId="975c70bb-18bc-44e2-963d-471bef2b4959" />
      <TestMethod codeBase="c:\agt6\_work\10\s\qaautomation\api\tests\modules\academics\texasstateconfiguration\texasstateconfiguration-generictest.generictest" adapterTypeName="executor://orderedtestadapter/v1" className="c:\agt6\_work\10\s\qaautomation\api\tests\modules\academics\texasstateconfiguration\texasstateconfiguration-generictest" name="texasstateconfiguration-generictest" />
    </UnitTest>
    <UnitTest name="placementstatusreasonquestionresponse_validations-generictest" storage="c:\agt6\_work\10\s\qaautomation\api\tests\modules\careerservices\placementstatusreasonquestionresponse\placementstatusreasonquestionresponse_validations-generictest.generictest" id="97002c4d-9be8-4056-bd03-22e4cd445325">
      <Execution id="85695a8c-b1d8-4a5f-9d42-e0460a2e4e67" parentId="f57c4edd-1dc5-4910-be1c-3d0ea8d5267b" />
      <TestMethod codeBase="c:\agt6\_work\10\s\qaautomation\api\tests\modules\careerservices\placementstatusreasonquestionresponse\placementstatusreasonquestionresponse_validations-generictest.generictest" adapterTypeName="executor://orderedtestadapter/v1" className="c:\agt6\_work\10\s\qaautomation\api\tests\modules\careerservices\placementstatusreasonquestionresponse\placementstatusreasonquestionresponse_validations-generictest" name="placementstatusreasonquestionresponse_validations-generictest" />
    </UnitTest>
    <UnitTest name="campuscodealreadyexists-generictest" storage="c:\agt6\_work\10\s\qaautomation\api\tests\modules\common\campusgeneral\campuscodealreadyexists-generictest.generictest" id="bc05badd-a60d-476a-b452-43cc385785a7">
      <Execution id="6fa06e21-a185-45e7-80a8-841ceb29fea0" parentId="c8803a03-a4a6-4e57-8f0f-0ed6b90c0554" />
      <TestMethod codeBase="c:\agt6\_work\10\s\qaautomation\api\tests\modules\common\campusgeneral\campuscodealreadyexists-generictest.generictest" adapterTypeName="executor://orderedtestadapter/v1" className="c:\agt6\_work\10\s\qaautomation\api\tests\modules\common\campusgeneral\campuscodealreadyexists-generictest" name="campuscodealreadyexists-generictest" />
    </UnitTest>
    <UnitTest name="updatingstudentregistrationsetting-generictest" storage="c:\agt6\_work\10\s\qaautomation\api\tests\modules\academics\updatingstudentregistrationsetting\updatingstudentregistrationsetting-generictest.generictest" id="d44a9155-c153-47c8-8c58-249f59b365ec">
      <Execution id="a03487f9-77d7-49d4-a69f-8119d20035b6" parentId="885f4b1f-aa10-4de9-8c81-ba981614ddbe" />
      <TestMethod codeBase="c:\agt6\_work\10\s\qaautomation\api\tests\modules\academics\updatingstudentregistrationsetting\updatingstudentregistrationsetting-generictest.generictest" adapterTypeName="executor://orderedtestadapter/v1" className="c:\agt6\_work\10\s\qaautomation\api\tests\modules\academics\updatingstudentregistrationsetting\updatingstudentregistrationsetting-generictest" name="updatingstudentregistrationsetting-generictest" />
    </UnitTest>
    <OrderedTest name="OTPublishScheduleforaTermwhichhasclasssectionspresent" storage="c:\agt6\_work\10\s\qaautomation\api\orderedtests\modules\academics\otpublishscheduleforatermwhichhasclasssectionspresent.orderedtest" id="316705c5-13c3-4baf-b9b3-2780900de82e">
      <Execution id="b53301db-5aed-494b-910c-40b249f19319" />
      <TestLinks>
        <TestLink id="732b4b80-1915-4682-96b1-71eb94455fa4" name="publishingschedulesceanario1" storage="c:\agt6\_work\10\s\qaautomation\api\tests\modules\academics\publishscheduleonclassscheduling\publish schedule for a term which has class sections present\publishingschedulesceanario1.generictest" />
      </TestLinks>
    </OrderedTest>
    <UnitTest name="placementstatusreasonquestion_crud-generictest" storage="c:\agt6\_work\10\s\qaautomation\api\tests\modules\careerservices\placementstatusreasonquestion\placementstatusreasonquestion_crud-generictest.generictest" id="cc085735-6455-4162-822e-badf4721f545">
      <Execution id="9002bcf2-1a0d-43bc-b30b-5b70a3d9376c" parentId="f57c4edd-1dc5-4910-be1c-3d0ea8d5267b" />
      <TestMethod codeBase="c:\agt6\_work\10\s\qaautomation\api\tests\modules\careerservices\placementstatusreasonquestion\placementstatusreasonquestion_crud-generictest.generictest" adapterTypeName="executor://orderedtestadapter/v1" className="c:\agt6\_work\10\s\qaautomation\api\tests\modules\careerservices\placementstatusreasonquestion\placementstatusreasonquestion_crud-generictest" name="placementstatusreasonquestion_crud-generictest" />
    </UnitTest>
    <UnitTest name="leadvendor-generictest" storage="c:\agt6\_work\10\s\qaautomation\api\tests\modules\admissions\leadvendor\leadvendor-generictest.generictest" id="9ec9165c-c9c9-4222-8be1-6942d1b42ee6">
      <Execution id="090f09c0-a3a6-48de-b333-c816a213f65b" parentId="abfacd55-93a6-4088-9022-286aa3b7c61b" />
      <TestMethod codeBase="c:\agt6\_work\10\s\qaautomation\api\tests\modules\admissions\leadvendor\leadvendor-generictest.generictest" adapterTypeName="executor://orderedtestadapter/v1" className="c:\agt6\_work\10\s\qaautomation\api\tests\modules\admissions\leadvendor\leadvendor-generictest" name="leadvendor-generictest" />
    </UnitTest>
    <OrderedTest name="AcademicsAllApis-OrderedTest" storage="c:\agt6\_work\10\s\qaautomation\api\orderedtests\modules\academicsallapis-orderedtest.orderedtest" id="c4366d9e-0bcd-4963-976f-5053ffaf4f4a">
      <Execution id="975c70bb-18bc-44e2-963d-471bef2b4959" />
      <TestLinks>
        <TestLink id="3f5b89c9-3343-4d86-a73f-ab992ae75a8b" name="academictranscriptconfigsetting-generictest" storage="c:\agt6\_work\10\s\qaautomation\api\tests\modules\academics\academictranscriptconfigsetting\academictranscriptconfigsetting-generictest.generictest" />
        <TestLink id="3e45b771-db9b-4e88-bdd4-4c9238d2d749" name="areaofstudyrequirementrule-generictest" storage="c:\agt6\_work\10\s\qaautomation\api\tests\modules\academics\aos_requirementrules\areaofstudyrequirementrule-generictest.generictest" />
        <TestLink id="198f76a4-8d1b-4dd8-830f-db26e4b9b3c0" name="areaofstudy-generictest" storage="c:\agt6\_work\10\s\qaautomation\api\tests\modules\academics\areaofstudy\areaofstudy-generictest.generictest" />
        <TestLink id="b62b3254-27f9-48b2-9223-f5ccc8bf136d" name="aosconcentrations-generictest" storage="c:\agt6\_work\10\s\qaautomation\api\tests\modules\academics\areaofstudyconcentrations\aosconcentrations-generictest.generictest" />
        <TestLink id="575c6b98-b60f-4705-91fc-cff1ff1dc701" name="areaofstudycourselist-generictest" storage="c:\agt6\_work\10\s\qaautomation\api\tests\modules\academics\areaofstudycourselist\areaofstudycourselist-generictest.generictest" />
        <TestLink id="e85014e8-4738-4b78-abca-e5f425ca70c4" name="book-generictest" storage="c:\agt6\_work\10\s\qaautomation\api\tests\modules\academics\book\book-generictest.generictest" />
        <TestLink id="cbc2713e-40c2-4b17-a507-eb9eb91f16d7" name="courses-generictest" storage="c:\agt6\_work\10\s\qaautomation\api\tests\modules\academics\course\courses-generictest.generictest" />
        <TestLink id="7866c717-34c1-4e8a-9c63-49d7193c3bec" name="courseattribute-generictest" storage="c:\agt6\_work\10\s\qaautomation\api\tests\modules\academics\courseattributes\courseattribute-generictest.generictest" />
        <TestLink id="932c4f0a-bf3d-4d59-a0a0-177d0bebb4f7" name="coursesbooks-generictest" storage="c:\agt6\_work\10\s\qaautomation\api\tests\modules\academics\coursebook\coursesbooks-generictest.generictest" />
        <TestLink id="4f0ce3af-fb33-4f20-acdb-a9c9d76c2257" name="coursebookslist-generictest" storage="c:\agt6\_work\10\s\qaautomation\api\tests\modules\academics\coursebooklist\coursebookslist-generictest.generictest" />
        <TestLink id="14a5bfd2-3b1d-4d1b-8f39-d90b40ec8d63" name="coursefee-generictest" storage="c:\agt6\_work\10\s\qaautomation\api\tests\modules\academics\coursefee\coursefee-generictest.generictest" />
        <TestLink id="22f67e19-95af-4610-9fba-c290eb37227d" name="coursegroup-generictest" storage="c:\agt6\_work\10\s\qaautomation\api\tests\modules\academics\coursegroup\coursegroup-generictest.generictest" />
        <TestLink id="6fef274f-d884-49a3-a25c-92d00d06566b" name="courselevel-generictest" storage="c:\agt6\_work\10\s\qaautomation\api\tests\modules\academics\courselevel\courselevel-generictest.generictest" />
        <TestLink id="e5a62a42-f9df-4c9d-801e-b756196830ab" name="courseparentcourseequivalents-generictest" storage="c:\agt6\_work\10\s\qaautomation\api\tests\modules\academics\courseparentcourseequivalents\courseparentcourseequivalents-generictest.generictest" />
        <TestLink id="8376c87c-7a21-4ba1-aacc-9c241444f9ee" name="course prerequisite-generictest" storage="c:\agt6\_work\10\s\qaautomation\api\tests\modules\academics\courseprerequisite\course prerequisite-generictest.generictest" />
        <TestLink id="b473dc6a-2d00-4c87-82b2-2583ba80e768" name="degree-generictest" storage="c:\agt6\_work\10\s\qaautomation\api\tests\modules\academics\degree\degree-generictest.generictest" />
        <TestLink id="611a4100-101e-4e64-8647-7898fa1760a6" name="fee schedules-generictest" storage="c:\agt6\_work\10\s\qaautomation\api\tests\modules\academics\fee schedules\fee schedules-generictest.generictest" />
        <TestLink id="9da3b122-7a11-4797-b694-9b80f6537902" name="gpacalculationtype-generictest" storage="c:\agt6\_work\10\s\qaautomation\api\tests\modules\academics\gpacalculationtype\gpacalculationtype-generictest.generictest" />
        <TestLink id="a91d7520-04a7-4936-a0f9-110397ed8bfd" name="gradelevelpromotioncode-generictest" storage="c:\agt6\_work\10\s\qaautomation\api\tests\modules\academics\gradelevelpromotioncode\gradelevelpromotioncode-generictest.generictest" />
        <TestLink id="5860294f-4641-4464-ab5f-53527466999d" name="gradescale_savedupcheck-generictest" storage="c:\agt6\_work\10\s\qaautomation\api\tests\modules\academics\gradescale\gradescale_savedupcheck-generictest.generictest" />
        <TestLink id="db06978e-e459-49bc-9a0c-097d4ee3e59b" name="gradescale_savenew_dupcheck-generictest" storage="c:\agt6\_work\10\s\qaautomation\api\tests\modules\academics\gradescale\gradescale_savenew_dupcheck-generictest.generictest" />
        <TestLink id="b5d4447c-75a6-44b3-bb46-ee84a0fbcd4f" name="gradescalecrud-generictest" storage="c:\agt6\_work\10\s\qaautomation\api\tests\modules\academics\gradescale\gradescalecrud-generictest.generictest" />
        <TestLink id="c4ade073-31aa-439d-8ffb-1c832efd2c09" name="gradeletter_savenew.generictest" storage="c:\agt6\_work\10\s\qaautomation\api\tests\modules\academics\lettergrade\gradeletter_savenew.generictest.generictest" />
        <TestLink id="ebed6a25-d46a-4075-8741-2f22f6d120c5" name="lettergrade.generictest" storage="c:\agt6\_work\10\s\qaautomation\api\tests\modules\academics\lettergrade\lettergrade.generictest.generictest" />
        <TestLink id="c610d88d-8fc3-4ab5-acb6-c549d5acfa43" name="lmsvendor-generictest" storage="c:\agt6\_work\10\s\qaautomation\api\tests\modules\academics\lmsvendor\lmsvendor-generictest.generictest" />
        <TestLink id="e94fda7c-c752-4545-9d4e-191e3256c352" name="meeting pattern-generictest" storage="c:\agt6\_work\10\s\qaautomation\api\tests\modules\academics\meetingpattern\meeting pattern-generictest.generictest" />
        <TestLink id="99a89e89-714a-4be2-b702-6e3b51104f7b" name="periodtemplate-generictest" storage="c:\agt6\_work\10\s\qaautomation\api\tests\modules\academics\periodtemplate\periodtemplate-generictest.generictest" />
        <TestLink id="3896d278-ef5b-48f6-8253-5488fa1827de" name="registrationtrackcrud-generictest" storage="c:\agt6\_work\10\s\qaautomation\api\tests\modules\academics\registrationtrack\registrationtrackcrud-generictest.generictest" />
        <TestLink id="006f0543-278c-434b-9d84-efe5113a45db" name="requirementrules-generictest" storage="c:\agt6\_work\10\s\qaautomation\api\tests\modules\academics\requirementrules\requirementrules-generictest.generictest" />
        <TestLink id="24946aba-36bf-4ddb-a70a-482f187ed5cd" name="shiftschoolstartdate_crud-generictest" storage="c:\agt6\_work\10\s\qaautomation\api\tests\modules\academics\shiftschoolstartdate\shiftschoolstartdate_crud-generictest.generictest" />
        <TestLink id="c3dd2e11-a10a-4e79-94db-179a58bc1057" name="shiftschoolstartdate_validations-generictest" storage="c:\agt6\_work\10\s\qaautomation\api\tests\modules\academics\shiftschoolstartdate\shiftschoolstartdate_validations-generictest.generictest" />
        <TestLink id="8d092a9e-83be-4dd5-b6ea-84ed367cac3e" name="texasstateconfiguration-generictest" storage="c:\agt6\_work\10\s\qaautomation\api\tests\modules\academics\texasstateconfiguration\texasstateconfiguration-generictest.generictest" />
      </TestLinks>
    </OrderedTest>
    <UnitTest name="register course to student(student1course1)-generictest" storage="c:\agt6\_work\10\s\qaautomation\api\tests\modules\academics\registercoursetostudent\register course to student(student1course1)-generictest.generictest" id="bd6fac14-3568-45c0-b393-c73c22487313">
      <Execution id="db711e2c-747d-46ca-a379-758754110f48" parentId="02ea6333-26ed-4913-b3ea-4450a60d8a48" />
      <TestMethod codeBase="c:\agt6\_work\10\s\qaautomation\api\tests\modules\academics\registercoursetostudent\register course to student(student1course1)-generictest.generictest" adapterTypeName="executor://orderedtestadapter/v1" className="c:\agt6\_work\10\s\qaautomation\api\tests\modules\academics\registercoursetostudent\register course to student(student1course1)-generictest" name="register course to student(student1course1)-generictest" />
    </UnitTest>
    <UnitTest name="checkingregisteredcoursedetailsforpassfail-generictest" storage="c:\agt6\_work\10\s\qaautomation\api\tests\modules\academics\checkingregisteredcoursedetails\checkingregisteredcoursedetailsforpassfail-generictest.generictest" id="c187ea8f-591f-4075-a11d-787461dd5556">
      <Execution id="5481e230-74a1-4a42-8113-3ee3951bcce0" parentId="8ced95e6-b239-4e21-a515-99449902fbcb" />
      <TestMethod codeBase="c:\agt6\_work\10\s\qaautomation\api\tests\modules\academics\checkingregisteredcoursedetails\checkingregisteredcoursedetailsforpassfail-generictest.generictest" adapterTypeName="executor://orderedtestadapter/v1" className="c:\agt6\_work\10\s\qaautomation\api\tests\modules\academics\checkingregisteredcoursedetails\checkingregisteredcoursedetailsforpassfail-generictest" name="checkingregisteredcoursedetailsforpassfail-generictest" />
    </UnitTest>
    <UnitTest name="publishingschedulescenario2" storage="c:\agt6\_work\10\s\qaautomation\api\tests\modules\academics\publishscheduleonclassscheduling\publish schedule for a term which has no class sections present\publishingschedulescenario2.generictest" id="f473e7a6-4e4d-476b-851d-3a0bffe28a38">
      <Execution id="1215982f-f053-41b7-993f-7dbb1024f73a" parentId="6a8a4bb6-3b8d-4dc1-8917-5bd89fc99a9e" />
      <TestMethod codeBase="c:\agt6\_work\10\s\qaautomation\api\tests\modules\academics\publishscheduleonclassscheduling\publish schedule for a term which has no class sections present\publishingschedulescenario2.generictest" adapterTypeName="executor://orderedtestadapter/v1" className="c:\agt6\_work\10\s\qaautomation\api\tests\modules\academics\publishscheduleonclassscheduling\publish schedule for a term which has no class sections present\publishingschedulescenario2" name="publishingschedulescenario2" />
    </UnitTest>
    <UnitTest name="createnewclassscheduleforhidefacultyandlocation" storage="c:\agt6\_work\10\s\qaautomation\api\tests\modules\academics\viewingandupdatinhidefacultyandlocationvalues\pre-req\createnewclassschedule\createnewclassscheduleforhidefacultyandlocation.generictest" id="4151ae03-e4ab-4c20-aec1-83b687187f79">
      <Execution id="42eb1338-1af2-4d25-b57f-496f2efdc74d" parentId="a0ee7f23-cc58-4760-a02e-f210b15b844f" />
      <TestMethod codeBase="c:\agt6\_work\10\s\qaautomation\api\tests\modules\academics\viewingandupdatinhidefacultyandlocationvalues\pre-req\createnewclassschedule\createnewclassscheduleforhidefacultyandlocation.generictest" adapterTypeName="executor://orderedtestadapter/v1" className="c:\agt6\_work\10\s\qaautomation\api\tests\modules\academics\viewingandupdatinhidefacultyandlocationvalues\pre-req\createnewclassschedule\createnewclassscheduleforhidefacultyandlocation" name="createnewclassscheduleforhidefacultyandlocation" />
    </UnitTest>
    <OrderedTest name="OTCheckthePassFailfieldonRegistratingtheStudentsChoice_1ClassSchedule" storage="c:\agt6\_work\10\s\qaautomation\api\orderedtests\modules\academics\otcheckthepassfailfieldonregistratingthestudentschoice_1classschedule.orderedtest" id="e954d55c-5f2e-4de7-acfa-878c625f0a5c">
      <Execution id="ab4dcdc8-40cc-45ee-a111-90d510c291bc" />
      <TestLinks>
        <TestLink id="c4916e63-f885-4961-b7f3-b84cbeee239e" name="classscheduledetailsforstudentschoice_course1-generictest" storage="c:\agt6\_work\10\s\qaautomation\api\tests\modules\academics\classscheduledetails\classscheduledetailsforstudentschoice_course1-generictest.generictest" />
        <TestLink id="023a13bb-6aeb-41e8-9261-324cb6268c82" name="addcoursetostudentforstudentschoice_passfailchecked-generictest" storage="c:\agt6\_work\10\s\qaautomation\api\tests\modules\academics\addcoursetostudent\addcoursetostudentforstudentschoice_passfailchecked-generictest.generictest" />
        <TestLink id="d7efbccd-c63c-4a7f-999b-53b612c5668a" name="registercoursetostudentstudentschoice_passfailchecked-generictest" storage="c:\agt6\_work\10\s\qaautomation\api\tests\modules\academics\registercoursetostudent\registercoursetostudentstudentschoice_passfailchecked-generictest.generictest" />
      </TestLinks>
    </OrderedTest>
    <OrderedTest name="OTConvertRegisteredCoursetoAuditCourse" storage="c:\agt6\_work\10\s\qaautomation\api\orderedtests\modules\academics\otconvertregisteredcoursetoauditcourse.orderedtest" id="e6b190c3-d26f-4dd0-a877-f506f95b750e">
      <Execution id="c6b16948-1d58-49b8-9d79-97ced3639990" />
      <TestLinks>
        <TestLink id="baf34c8c-12ed-4553-88cd-66fce6ca7490" name="register course to student-generictest" storage="c:\agt6\_work\10\s\qaautomation\api\tests\modules\academics\registercourseforauditconversion\register course to student-generictest.generictest" />
        <TestLink id="b67db915-27ea-45f9-a6e0-4bec6849499b" name="converttoauditcourse-generictest" storage="c:\agt6\_work\10\s\qaautomation\api\tests\modules\academics\converttoauditcourse\converttoauditcourse-generictest.generictest" />
      </TestLinks>
    </OrderedTest>
    <UnitTest name="process-instructormaintenance-deactivatinginstructor" storage="c:\agt6\_work\10\s\qaautomation\api\tests\modules\academics\checkingistheinstructorprimaryanddeactivating\process-instructormaintenance-deactivatinginstructor.generictest" id="e099a956-5f2c-4c81-b895-a89df96db395">
      <Execution id="71208b55-0c8d-4be0-9b05-34fc98b85de5" parentId="541785e5-a7eb-48a6-9821-1745b15d55bf" />
      <TestMethod codeBase="c:\agt6\_work\10\s\qaautomation\api\tests\modules\academics\checkingistheinstructorprimaryanddeactivating\process-instructormaintenance-deactivatinginstructor.generictest" adapterTypeName="executor://orderedtestadapter/v1" className="c:\agt6\_work\10\s\qaautomation\api\tests\modules\academics\checkingistheinstructorprimaryanddeactivating\process-instructormaintenance-deactivatinginstructor" name="process-instructormaintenance-deactivatinginstructor" />
    </UnitTest>
    <UnitTest name="creditcardbatchresponsecode-generictest" storage="c:\agt6\_work\10\s\qaautomation\api\tests\modules\studentaccounts\creditcardbatchresponsecode\creditcardbatchresponsecode-generictest.generictest" id="82bd3ed2-58ff-47e1-8e29-0df7846d3ea5">
      <Execution id="76fe278f-9f21-4843-9f47-eb76ce9e7659" parentId="8d25963c-9e1a-4fad-96d3-9915c9d8660b" />
      <TestMethod codeBase="c:\agt6\_work\10\s\qaautomation\api\tests\modules\studentaccounts\creditcardbatchresponsecode\creditcardbatchresponsecode-generictest.generictest" adapterTypeName="executor://orderedtestadapter/v1" className="c:\agt6\_work\10\s\qaautomation\api\tests\modules\studentaccounts\creditcardbatchresponsecode\creditcardbatchresponsecode-generictest" name="creditcardbatchresponsecode-generictest" />
    </UnitTest>
    <UnitTest name="taskothers-generictest" storage="c:\agt6\_work\10\s\qaautomation\api\tests\modules\crm\task\taskothers-generictest.generictest" id="d8ffadf1-5058-44a9-8909-5a00b6e9f532">
      <Execution id="88a68c2b-3283-42a8-85aa-f8d10448a9e7" parentId="2493fed7-0e59-4dfe-b7b7-5181f5053aa7" />
      <TestMethod codeBase="c:\agt6\_work\10\s\qaautomation\api\tests\modules\crm\task\taskothers-generictest.generictest" adapterTypeName="executor://orderedtestadapter/v1" className="c:\agt6\_work\10\s\qaautomation\api\tests\modules\crm\task\taskothers-generictest" name="taskothers-generictest" />
    </UnitTest>
    <UnitTest name="studentservicesroomtypedupchecksavenew-generictest" storage="c:\agt6\_work\10\s\qaautomation\api\tests\modules\studentservices\roomtype\studentservicesroomtypedupchecksavenew-generictest.generictest" id="8d747b50-4ebc-4a79-9a09-67dc3d71502a">
      <Execution id="ba730ff0-a0b9-4637-b82e-4804cf295c80" parentId="e9811b83-52c2-47f7-9702-4c8288be0f1c" />
      <TestMethod codeBase="c:\agt6\_work\10\s\qaautomation\api\tests\modules\studentservices\roomtype\studentservicesroomtypedupchecksavenew-generictest.generictest" adapterTypeName="executor://orderedtestadapter/v1" className="c:\agt6\_work\10\s\qaautomation\api\tests\modules\studentservices\roomtype\studentservicesroomtypedupchecksavenew-generictest" name="studentservicesroomtypedupchecksavenew-generictest" />
    </UnitTest>
    <UnitTest name="onlineregistrationconfigurationchildtermforsettingusecrsg-generictest" storage="c:\agt6\_work\10\s\qaautomation\api\tests\modules\academics\onlineregistrationconfiguration\onlineregistrationconfigurationchildtermforsettingusecrsg-generictest.generictest" id="d89165c8-9197-4607-baef-4682daeae350">
      <Execution id="25872fb9-b7d7-4d9a-856a-3c8af1f3eb65" parentId="771df665-c07b-48b0-a474-fa615392a961" />
      <TestMethod codeBase="c:\agt6\_work\10\s\qaautomation\api\tests\modules\academics\onlineregistrationconfiguration\onlineregistrationconfigurationchildtermforsettingusecrsg-generictest.generictest" adapterTypeName="executor://orderedtestadapter/v1" className="c:\agt6\_work\10\s\qaautomation\api\tests\modules\academics\onlineregistrationconfiguration\onlineregistrationconfigurationchildtermforsettingusecrsg-generictest" name="onlineregistrationconfigurationchildtermforsettingusecrsg-generictest" />
    </UnitTest>
    <UnitTest name="campusesacademicrecordenrollment-generictest" storage="c:\agt6\_work\10\s\qaautomation\api\tests\modules\common\campusesacademicrecordenrollment\campusesacademicrecordenrollment-generictest.generictest" id="60e7253d-ca41-463b-b9c9-1ecc6dff86aa">
      <Execution id="637101cb-1026-4384-84ad-84f03b95083c" parentId="c8803a03-a4a6-4e57-8f0f-0ed6b90c0554" />
      <TestMethod codeBase="c:\agt6\_work\10\s\qaautomation\api\tests\modules\common\campusesacademicrecordenrollment\campusesacademicrecordenrollment-generictest.generictest" adapterTypeName="executor://orderedtestadapter/v1" className="c:\agt6\_work\10\s\qaautomation\api\tests\modules\common\campusesacademicrecordenrollment\campusesacademicrecordenrollment-generictest" name="campusesacademicrecordenrollment-generictest" />
    </UnitTest>
    <OrderedTest name="OTGettingthelistofInstructorsforselectedCampus" storage="c:\agt6\_work\10\s\qaautomation\api\orderedtests\modules\academics\otgettingthelistofinstructorsforselectedcampus.orderedtest" id="8c671b03-f75b-41ac-bbae-2dc7793cc516">
      <Execution id="f988a6a6-e6f8-490c-8bca-826a0a97ce6a" />
      <TestLinks>
        <TestLink id="c85a667e-aa08-473a-a05e-e5c26139379c" name="listofinstructorsforselectedcampus-generictest" storage="c:\agt6\_work\10\s\qaautomation\api\tests\modules\academics\gettinglistofinstructorsforselectedcampus\listofinstructorsforselectedcampus-generictest.generictest" />
      </TestLinks>
    </OrderedTest>
    <UnitTest name="organizationcontacttype-generictest" storage="c:\agt6\_work\10\s\qaautomation\api\tests\modules\common\organizationcontacttype\organizationcontacttype-generictest.generictest" id="faf01475-c00f-4eee-99fd-1df36ed07c8f">
      <Execution id="8ba4e65c-3c82-48d9-a0db-de735718ac83" parentId="c8803a03-a4a6-4e57-8f0f-0ed6b90c0554" />
      <TestMethod codeBase="c:\agt6\_work\10\s\qaautomation\api\tests\modules\common\organizationcontacttype\organizationcontacttype-generictest.generictest" adapterTypeName="executor://orderedtestadapter/v1" className="c:\agt6\_work\10\s\qaautomation\api\tests\modules\common\organizationcontacttype\organizationcontacttype-generictest" name="organizationcontacttype-generictest" />
    </UnitTest>
    <OrderedTest name="OTCheckOnlineRegistrationConfigurationForParentChildTermForSettingNo" storage="c:\agt6\_work\10\s\qaautomation\api\orderedtests\modules\academics\otcheckonlineregistrationconfigurationforparentchildtermforsettingno.orderedtest" id="dfad30d4-9d42-458a-a3c5-ff5ed564094d">
      <Execution id="f8aab9b5-0642-448a-9708-44bd65dac28d" />
      <TestLinks>
        <TestLink id="b2676063-c5be-487f-9ffe-03658c007ea9" name="createnewterm-parent-generictest" storage="c:\agt6\_work\10\s\qaautomation\api\tests\modules\academics\onlineregistrationconfiguration\createnewterm-parent-generictest.generictest" />
        <TestLink id="6a499470-8283-499f-8ab0-02df50938e96" name="createnewterm-child-generictest" storage="c:\agt6\_work\10\s\qaautomation\api\tests\modules\academics\onlineregistrationconfiguration\createnewterm-child-generictest.generictest" />
        <TestLink id="a92fd839-4413-4f9d-9eb3-342de4b9db88" name="associatechildtermtoparentterm-generictest" storage="c:\agt6\_work\10\s\qaautomation\api\tests\modules\academics\onlineregistrationconfiguration\associatechildtermtoparentterm-generictest.generictest" />
        <TestLink id="8c4f68e4-5b95-43ae-b76e-f304c33ba666" name="onlineregistrationconfigurationchildtermforsettingno-generictest" storage="c:\agt6\_work\10\s\qaautomation\api\tests\modules\academics\onlineregistrationconfiguration\onlineregistrationconfigurationchildtermforsettingno-generictest.generictest" />
        <TestLink id="9e8bb6e7-3eec-494e-9fd6-1fc7d714d292" name="onlineregistrationconfigurationparenttermforsettingno-generictest" storage="c:\agt6\_work\10\s\qaautomation\api\tests\modules\academics\onlineregistrationconfiguration\onlineregistrationconfigurationparenttermforsettingno-generictest.generictest" />
      </TestLinks>
    </OrderedTest>
    <UnitTest name="checkingregisteredcoursedetailsforstudentschoice-generictest" storage="c:\agt6\_work\10\s\qaautomation\api\tests\modules\academics\checkingregisteredcoursedetails\checkingregisteredcoursedetailsforstudentschoice-generictest.generictest" id="eb54c809-adfb-40ff-a3d4-e0a8313a18a8">
      <Execution id="04a22d2f-ce60-4b5e-b25f-3a6f69911acf" parentId="9059987a-faae-46f9-b683-a9a4b358f9b0" />
      <TestMethod codeBase="c:\agt6\_work\10\s\qaautomation\api\tests\modules\academics\checkingregisteredcoursedetails\checkingregisteredcoursedetailsforstudentschoice-generictest.generictest" adapterTypeName="executor://orderedtestadapter/v1" className="c:\agt6\_work\10\s\qaautomation\api\tests\modules\academics\checkingregisteredcoursedetails\checkingregisteredcoursedetailsforstudentschoice-generictest" name="checkingregisteredcoursedetailsforstudentschoice-generictest" />
    </UnitTest>
    <UnitTest name="housingbuiliding-generictest" storage="c:\agt6\_work\10\s\qaautomation\api\tests\modules\studentservices\housingbuilding\housingbuiliding-generictest.generictest" id="4f703dd2-495d-42b4-abb7-df6b0cc95a17">
      <Execution id="29c088e5-598e-4399-aae0-375b44d771ab" parentId="e9811b83-52c2-47f7-9702-4c8288be0f1c" />
      <TestMethod codeBase="c:\agt6\_work\10\s\qaautomation\api\tests\modules\studentservices\housingbuilding\housingbuiliding-generictest.generictest" adapterTypeName="executor://orderedtestadapter/v1" className="c:\agt6\_work\10\s\qaautomation\api\tests\modules\studentservices\housingbuilding\housingbuiliding-generictest" name="housingbuiliding-generictest" />
    </UnitTest>
    <UnitTest name="entrancetestimportfileschema_validations-generictest" storage="c:\agt6\_work\10\s\qaautomation\api\tests\modules\admissions\entrancetestimportfileschema\entrancetestimportfileschema_validations-generictest.generictest" id="978b46b3-a94c-4763-8d25-3a1ce659fa4e">
      <Execution id="f1c06808-130c-4cd9-afd0-0695353bda10" parentId="abfacd55-93a6-4088-9022-286aa3b7c61b" />
      <TestMethod codeBase="c:\agt6\_work\10\s\qaautomation\api\tests\modules\admissions\entrancetestimportfileschema\entrancetestimportfileschema_validations-generictest.generictest" adapterTypeName="executor://orderedtestadapter/v1" className="c:\agt6\_work\10\s\qaautomation\api\tests\modules\admissions\entrancetestimportfileschema\entrancetestimportfileschema_validations-generictest" name="entrancetestimportfileschema_validations-generictest" />
    </UnitTest>
    <UnitTest name="servicetypecategory-generictest" storage="c:\agt6\_work\10\s\qaautomation\api\tests\modules\studentservices\studentcategories\servicetypecategory-generictest.generictest" id="780556a7-c13c-4b96-b98f-3d836a9fac62">
      <Execution id="4e93e904-6aa7-4d56-a5d3-7295d3bba978" parentId="e9811b83-52c2-47f7-9702-4c8288be0f1c" />
      <TestMethod codeBase="c:\agt6\_work\10\s\qaautomation\api\tests\modules\studentservices\studentcategories\servicetypecategory-generictest.generictest" adapterTypeName="executor://orderedtestadapter/v1" className="c:\agt6\_work\10\s\qaautomation\api\tests\modules\studentservices\studentcategories\servicetypecategory-generictest" name="servicetypecategory-generictest" />
    </UnitTest>
    <UnitTest name="gradescalecrud-generictest" storage="c:\agt6\_work\10\s\qaautomation\api\tests\modules\academics\gradescale\gradescalecrud-generictest.generictest" id="b5d4447c-75a6-44b3-bb46-ee84a0fbcd4f">
      <Execution id="4c3ca1bc-3c20-4a77-b254-080392cd8263" parentId="975c70bb-18bc-44e2-963d-471bef2b4959" />
      <TestMethod codeBase="c:\agt6\_work\10\s\qaautomation\api\tests\modules\academics\gradescale\gradescalecrud-generictest.generictest" adapterTypeName="executor://orderedtestadapter/v1" className="c:\agt6\_work\10\s\qaautomation\api\tests\modules\academics\gradescale\gradescalecrud-generictest" name="gradescalecrud-generictest" />
    </UnitTest>
    <UnitTest name="savecampusnexusstudentsettings_multiplevalues-generictest" storage="c:\agt6\_work\10\s\qaautomation\api\tests\modules\common\campusnexusstudentsetting\savecampusnexusstudentsettings_multiplevalues-generictest.generictest" id="3871fe0d-3508-4736-b2b5-22f60f4d9db5">
      <Execution id="02286e13-b9ca-4e66-9fd5-e43607963c53" parentId="c8803a03-a4a6-4e57-8f0f-0ed6b90c0554" />
      <TestMethod codeBase="c:\agt6\_work\10\s\qaautomation\api\tests\modules\common\campusnexusstudentsetting\savecampusnexusstudentsettings_multiplevalues-generictest.generictest" adapterTypeName="executor://orderedtestadapter/v1" className="c:\agt6\_work\10\s\qaautomation\api\tests\modules\common\campusnexusstudentsetting\savecampusnexusstudentsettings_multiplevalues-generictest" name="savecampusnexusstudentsettings_multiplevalues-generictest" />
    </UnitTest>
    <UnitTest name="addingattributetostaff-generictest" storage="c:\agt6\_work\10\s\qaautomation\api\tests\modules\academics\addingattributetostaff\addingattributetostaff-generictest.generictest" id="d1aba1b8-56d8-4cb5-9efc-8ea201fc0614">
      <Execution id="5612d575-3c74-4d9e-8c84-a263f5650dcd" parentId="e5986f61-ad3a-487a-bc84-dfd8df0a6d16" />
      <TestMethod codeBase="c:\agt6\_work\10\s\qaautomation\api\tests\modules\academics\addingattributetostaff\addingattributetostaff-generictest.generictest" adapterTypeName="executor://orderedtestadapter/v1" className="c:\agt6\_work\10\s\qaautomation\api\tests\modules\academics\addingattributetostaff\addingattributetostaff-generictest" name="addingattributetostaff-generictest" />
    </UnitTest>
    <OrderedTest name="OTUpdatingStudentRegistrationsetting" storage="c:\agt6\_work\10\s\qaautomation\api\orderedtests\modules\academics\otupdatingstudentregistrationsetting.orderedtest" id="b8960b60-a145-4098-b8bd-dad2a4992d60">
      <Execution id="885f4b1f-aa10-4de9-8c81-ba981614ddbe" />
      <TestLinks>
        <TestLink id="d44a9155-c153-47c8-8c58-249f59b365ec" name="updatingstudentregistrationsetting-generictest" storage="c:\agt6\_work\10\s\qaautomation\api\tests\modules\academics\updatingstudentregistrationsetting\updatingstudentregistrationsetting-generictest.generictest" />
        <TestLink id="5636c408-fcdd-4012-886c-e164379dc32f" name="createnewclassscheduleforupdatedsetting-generictest" storage="c:\agt6\_work\10\s\qaautomation\api\tests\modules\academics\createnewclassschedule\createnewclassscheduleforupdatedsetting-generictest.generictest" />
      </TestLinks>
    </OrderedTest>
    <OrderedTest name="OTCheckOnlineRegistrationConfigurationForParentChildTermForSettingUseCRSG" storage="c:\agt6\_work\10\s\qaautomation\api\orderedtests\modules\academics\otcheckonlineregistrationconfigurationforparentchildtermforsettingusecrsg.orderedtest" id="da849ce0-67c0-4802-99de-082d0f50bf06">
      <Execution id="771df665-c07b-48b0-a474-fa615392a961" />
      <TestLinks>
        <TestLink id="b2676063-c5be-487f-9ffe-03658c007ea9" name="createnewterm-parent-generictest" storage="c:\agt6\_work\10\s\qaautomation\api\tests\modules\academics\onlineregistrationconfiguration\createnewterm-parent-generictest.generictest" />
        <TestLink id="6a499470-8283-499f-8ab0-02df50938e96" name="createnewterm-child-generictest" storage="c:\agt6\_work\10\s\qaautomation\api\tests\modules\academics\onlineregistrationconfiguration\createnewterm-child-generictest.generictest" />
        <TestLink id="a92fd839-4413-4f9d-9eb3-342de4b9db88" name="associatechildtermtoparentterm-generictest" storage="c:\agt6\_work\10\s\qaautomation\api\tests\modules\academics\onlineregistrationconfiguration\associatechildtermtoparentterm-generictest.generictest" />
        <TestLink id="d89165c8-9197-4607-baef-4682daeae350" name="onlineregistrationconfigurationchildtermforsettingusecrsg-generictest" storage="c:\agt6\_work\10\s\qaautomation\api\tests\modules\academics\onlineregistrationconfiguration\onlineregistrationconfigurationchildtermforsettingusecrsg-generictest.generictest" />
        <TestLink id="d37dc675-9792-43d4-8ec2-8f7addcc71b5" name="onlineregistrationconfigurationparenttermforsettingusecrsg-generictest" storage="c:\agt6\_work\10\s\qaautomation\api\tests\modules\academics\onlineregistrationconfiguration\onlineregistrationconfigurationparenttermforsettingusecrsg-generictest.generictest" />
      </TestLinks>
    </OrderedTest>
    <UnitTest name="incident-generictest" storage="c:\agt6\_work\10\s\qaautomation\api\tests\modules\crm\incident\incident-generictest.generictest" id="63bbe4c5-582b-4c50-af89-4977ef1e71b3">
      <Execution id="fa8eb2d7-d349-40e7-a0e8-80bb35dcfc28" parentId="ad942967-ee41-4483-9f64-3e46aad96f49" />
      <TestMethod codeBase="c:\agt6\_work\10\s\qaautomation\api\tests\modules\crm\incident\incident-generictest.generictest" adapterTypeName="executor://orderedtestadapter/v1" className="c:\agt6\_work\10\s\qaautomation\api\tests\modules\crm\incident\incident-generictest" name="incident-generictest" />
    </UnitTest>
    <UnitTest name="checkingclassscheduleiscurrentorfuture" storage="c:\agt6\_work\10\s\qaautomation\api\tests\modules\academics\checkingistheinstructorprimaryanddeactivating\pre-req\checkingclassscheduleiscurrentorfuture\checkingclassscheduleiscurrentorfuture.generictest" id="3f922647-99e3-4060-9da8-2ed5fd64dccf">
      <Execution id="12881e18-0c02-4797-befe-21d345314171" parentId="541785e5-a7eb-48a6-9821-1745b15d55bf" />
      <TestMethod codeBase="c:\agt6\_work\10\s\qaautomation\api\tests\modules\academics\checkingistheinstructorprimaryanddeactivating\pre-req\checkingclassscheduleiscurrentorfuture\checkingclassscheduleiscurrentorfuture.generictest" adapterTypeName="executor://orderedtestadapter/v1" className="c:\agt6\_work\10\s\qaautomation\api\tests\modules\academics\checkingistheinstructorprimaryanddeactivating\pre-req\checkingclassscheduleiscurrentorfuture\checkingclassscheduleiscurrentorfuture" name="checkingclassscheduleiscurrentorfuture" />
    </UnitTest>
    <OrderedTest name="OTPublishScheduleforaTermwhichhasnoclasssectionspresent" storage="c:\agt6\_work\10\s\qaautomation\api\orderedtests\modules\academics\otpublishscheduleforatermwhichhasnoclasssectionspresent.orderedtest" id="05ab52ad-1451-4474-8260-872840a6fea4">
      <Execution id="6a8a4bb6-3b8d-4dc1-8917-5bd89fc99a9e" />
      <TestLinks>
        <TestLink id="f473e7a6-4e4d-476b-851d-3a0bffe28a38" name="publishingschedulescenario2" storage="c:\agt6\_work\10\s\qaautomation\api\tests\modules\academics\publishscheduleonclassscheduling\publish schedule for a term which has no class sections present\publishingschedulescenario2.generictest" />
      </TestLinks>
    </OrderedTest>
    <OrderedTest name="OTCreatingaViewandCheckingtheViewisSaved" storage="c:\agt6\_work\10\s\qaautomation\api\orderedtests\modules\common\otcreatingaviewandcheckingtheviewissaved.orderedtest" id="edbb3e5c-15b3-4837-b0d7-62e887f15551">
      <Execution id="b7110f69-1976-450d-bb5d-c8abcf76c026" />
      <TestLinks>
        <TestLink id="08fce4ac-65e4-43ca-9cbf-a7ea7850021c" name="creatingandviewingtheviews-generictest" storage="c:\agt6\_work\10\s\qaautomation\api\tests\modules\common\views\creatingandviewingtheviews-generictest.generictest" />
      </TestLinks>
    </OrderedTest>
    <OrderedTest name="CareerServicesAllApis-OrderedTest" storage="c:\agt6\_work\10\s\qaautomation\api\orderedtests\modules\careerservicesallapis-orderedtest.orderedtest" id="d0e1ee3e-1d27-4421-8fc4-7df592928616">
      <Execution id="f57c4edd-1dc5-4910-be1c-3d0ea8d5267b" />
      <TestLinks>
        <TestLink id="e60e00f7-b30c-4486-8e3b-fd42c4821fa7" name="careerfield_crud-generictest" storage="c:\agt6\_work\10\s\qaautomation\api\tests\modules\careerservices\careerfield\careerfield_crud-generictest.generictest" />
        <TestLink id="70603481-2b8f-4a38-a034-8111f5b94444" name="careerfield_validations-generictest" storage="c:\agt6\_work\10\s\qaautomation\api\tests\modules\careerservices\careerfield\careerfield_validations-generictest.generictest" />
        <TestLink id="ffd7bdb4-0ddf-4ba9-b82b-7214242e7e51" name="careerfieldprogramversion_crud-generictest" storage="c:\agt6\_work\10\s\qaautomation\api\tests\modules\careerservices\careerfieldprogramversion\careerfieldprogramversion_crud-generictest.generictest" />
        <TestLink id="8da75105-4b33-499e-b39a-5864c1547602" name="careerservicescertifications-generictest" storage="c:\agt6\_work\10\s\qaautomation\api\tests\modules\careerservices\certifications\careerservicescertifications-generictest.generictest" />
        <TestLink id="cfa745ba-31da-4d12-99e0-5234eaad79cb" name="corporation_crud-generictest" storage="c:\agt6\_work\10\s\qaautomation\api\tests\modules\careerservices\corporation\corporation_crud-generictest.generictest" />
        <TestLink id="b474e4a5-a2ef-45a0-8e2c-801824d665d8" name="corporation_validations-generictest" storage="c:\agt6\_work\10\s\qaautomation\api\tests\modules\careerservices\corporation\corporation_validations-generictest.generictest" />
        <TestLink id="e0d5d105-a2e5-4729-af40-844c8dcc7355" name="employercontacttype_crud-generictest" storage="c:\agt6\_work\10\s\qaautomation\api\tests\modules\careerservices\employercontacttype\employercontacttype_crud-generictest.generictest" />
        <TestLink id="0ea23f47-02a2-4627-aa9e-d1aac2caf562" name="employercontacttype_validations-generictest" storage="c:\agt6\_work\10\s\qaautomation\api\tests\modules\careerservices\employercontacttype\employercontacttype_validations-generictest.generictest" />
        <TestLink id="4838804a-48e4-4210-96be-15d66477992e" name="employerjob_crud-generictest" storage="c:\agt6\_work\10\s\qaautomation\api\tests\modules\careerservices\employerjob\employerjob_crud-generictest.generictest" />
        <TestLink id="a5892264-1b40-41b4-89d7-94bc830bc665" name="employerjob_validations-generictest" storage="c:\agt6\_work\10\s\qaautomation\api\tests\modules\careerservices\employerjob\employerjob_validations-generictest.generictest" />
        <TestLink id="769b9c95-ec95-4ce0-b42c-d9938b421505" name="employers_validations-generictest" storage="c:\agt6\_work\10\s\qaautomation\api\tests\modules\careerservices\employers\employers_validations-generictest.generictest" />
        <TestLink id="37181a6c-0a68-46b7-bdb8-171b97617892" name="careerservicehowplaced-generictest" storage="c:\agt6\_work\10\s\qaautomation\api\tests\modules\careerservices\howplaced\careerservicehowplaced-generictest.generictest" />
        <TestLink id="b7d69751-60a1-4f51-96a4-4e02c352fd82" name="careerservicehowplaceddupchecksave-generictest" storage="c:\agt6\_work\10\s\qaautomation\api\tests\modules\careerservices\howplaced\careerservicehowplaceddupchecksave-generictest.generictest" />
        <TestLink id="3465f9f5-7d63-48f5-b556-f14aef3c2440" name="careerservicehowplaceddupchecksavenew-generictest" storage="c:\agt6\_work\10\s\qaautomation\api\tests\modules\careerservices\howplaced\careerservicehowplaceddupchecksavenew-generictest.generictest" />
        <TestLink id="4762b4f8-2025-466a-9b66-aa1b7c8ec379" name="industryprogramversion-generictest" storage="c:\agt6\_work\10\s\qaautomation\api\tests\modules\careerservices\industryprogramversion\industryprogramversion-generictest.generictest" />
        <TestLink id="7d3bd02b-dcf5-4fb4-aebd-2e53bdcd7299" name="careerservicejobbenefit-generictest" storage="c:\agt6\_work\10\s\qaautomation\api\tests\modules\careerservices\jobbenefits\careerservicejobbenefit-generictest.generictest" />
        <TestLink id="bd45dd11-a29c-452a-b351-777ab7b2f487" name="jobtitle_crud-generictest" storage="c:\agt6\_work\10\s\qaautomation\api\tests\modules\careerservices\jobtitle\jobtitle_crud-generictest.generictest" />
        <TestLink id="630086d0-3757-4d9d-9ebb-363ddb353eff" name="jobtitle_validations-generictest" storage="c:\agt6\_work\10\s\qaautomation\api\tests\modules\careerservices\jobtitle\jobtitle_validations-generictest.generictest" />
        <TestLink id="e68212a6-6e95-4a22-b4c6-0876e6f3d6cb" name="jobtype_crud-generictest" storage="c:\agt6\_work\10\s\qaautomation\api\tests\modules\careerservices\jobtype\jobtype_crud-generictest.generictest" />
        <TestLink id="9dd58238-e87d-4561-9d2a-e9aff760b237" name="jobtype_validations-generictest" storage="c:\agt6\_work\10\s\qaautomation\api\tests\modules\careerservices\jobtype\jobtype_validations-generictest.generictest" />
        <TestLink id="bd6c164e-6411-45b4-b218-606407168ca1" name="placementstatusreason_crud-generictest" storage="c:\agt6\_work\10\s\qaautomation\api\tests\modules\careerservices\placementstatusreason\placementstatusreason_crud-generictest.generictest" />
        <TestLink id="3c825dc6-61d3-4098-a7d8-75050bc0c29d" name="placementstatusreason_validations-generictest" storage="c:\agt6\_work\10\s\qaautomation\api\tests\modules\careerservices\placementstatusreason\placementstatusreason_validations-generictest.generictest" />
        <TestLink id="cc085735-6455-4162-822e-badf4721f545" name="placementstatusreasonquestion_crud-generictest" storage="c:\agt6\_work\10\s\qaautomation\api\tests\modules\careerservices\placementstatusreasonquestion\placementstatusreasonquestion_crud-generictest.generictest" />
        <TestLink id="b9652c7e-bac7-4084-88f9-d13a0867bf0d" name="placementstatusreasonquestion_validations-generictest" storage="c:\agt6\_work\10\s\qaautomation\api\tests\modules\careerservices\placementstatusreasonquestion\placementstatusreasonquestion_validations-generictest.generictest" />
        <TestLink id="0ad5cbb6-bef0-49cf-b849-b0e4ba38b0e6" name="placementstatusreasonquestionresponse_crud-generictest" storage="c:\agt6\_work\10\s\qaautomation\api\tests\modules\careerservices\placementstatusreasonquestionresponse\placementstatusreasonquestionresponse_crud-generictest.generictest" />
        <TestLink id="97002c4d-9be8-4056-bd03-22e4cd445325" name="placementstatusreasonquestionresponse_validations-generictest" storage="c:\agt6\_work\10\s\qaautomation\api\tests\modules\careerservices\placementstatusreasonquestionresponse\placementstatusreasonquestionresponse_validations-generictest.generictest" />
        <TestLink id="91a29196-bde2-49d3-be9d-74e81d9a00b6" name="salarytype_crud-generictest" storage="c:\agt6\_work\10\s\qaautomation\api\tests\modules\careerservices\salarytype\salarytype_crud-generictest.generictest" />
        <TestLink id="7413bbd6-3def-47e2-ad05-c4e55facdecf" name="salarytype_validations-generictest" storage="c:\agt6\_work\10\s\qaautomation\api\tests\modules\careerservices\salarytype\salarytype_validations-generictest.generictest" />
        <TestLink id="08a20801-df92-4958-92dc-c2ad09b7ff66" name="skill_crud-generictest" storage="c:\agt6\_work\10\s\qaautomation\api\tests\modules\careerservices\skill\skill_crud-generictest.generictest" />
        <TestLink id="200fea6a-228d-47d4-bc7b-8b05e5d69d4a" name="skill_validations-generictest" storage="c:\agt6\_work\10\s\qaautomation\api\tests\modules\careerservices\skill\skill_validations-generictest.generictest" />
        <TestLink id="6985639d-a1fa-4f9a-838c-84270460eda9" name="skillprogramversion_crud-generictest" storage="c:\agt6\_work\10\s\qaautomation\api\tests\modules\careerservices\skillprogramversion\skillprogramversion_crud-generictest.generictest" />
        <TestLink id="158872a0-5a99-4428-a81b-bc25cb8260e1" name="studentplacementstatushistory_validations-generictest" storage="c:\agt6\_work\10\s\qaautomation\api\tests\modules\careerservices\studentplacementstatushistory\studentplacementstatushistory_validations-generictest.generictest" />
      </TestLinks>
    </OrderedTest>
    <UnitTest name="updateinstructorforclassschedule" storage="c:\agt6\_work\10\s\qaautomation\api\tests\modules\academics\viewingandupdatinganinactiveinstructor\updateinstructorforclassschedule.generictest" id="1bdadd23-367c-4cb2-9629-33ecc80a2f6d">
      <Execution id="b5619afa-a2ef-4e7a-bc06-b26e3f539eb4" parentId="c4382cad-3fdd-427e-ac18-f93f0d5475c9" />
      <TestMethod codeBase="c:\agt6\_work\10\s\qaautomation\api\tests\modules\academics\viewingandupdatinganinactiveinstructor\updateinstructorforclassschedule.generictest" adapterTypeName="executor://orderedtestadapter/v1" className="c:\agt6\_work\10\s\qaautomation\api\tests\modules\academics\viewingandupdatinganinactiveinstructor\updateinstructorforclassschedule" name="updateinstructorforclassschedule" />
    </UnitTest>
    <UnitTest name="careerfield_validations-generictest" storage="c:\agt6\_work\10\s\qaautomation\api\tests\modules\careerservices\careerfield\careerfield_validations-generictest.generictest" id="70603481-2b8f-4a38-a034-8111f5b94444">
      <Execution id="2fd86a9a-c69a-492b-bb09-654e3066c680" parentId="f57c4edd-1dc5-4910-be1c-3d0ea8d5267b" />
      <TestMethod codeBase="c:\agt6\_work\10\s\qaautomation\api\tests\modules\careerservices\careerfield\careerfield_validations-generictest.generictest" adapterTypeName="executor://orderedtestadapter/v1" className="c:\agt6\_work\10\s\qaautomation\api\tests\modules\careerservices\careerfield\careerfield_validations-generictest" name="careerfield_validations-generictest" />
    </UnitTest>
    <UnitTest name="checkpassfailflagforwailistedregisteredstudent-generictest" storage="c:\agt6\_work\10\s\qaautomation\api\tests\modules\academics\checkpassfailflagforwailistedregisteredstudent\checkpassfailflagforwailistedregisteredstudent-generictest.generictest" id="eb0d2d33-fd74-4882-852c-e3309f10bc61">
      <Execution id="5c5f454a-db7e-4863-a900-97dc0453f9ad" parentId="23611168-0744-4bd7-bd05-240c71cde469" />
      <TestMethod codeBase="c:\agt6\_work\10\s\qaautomation\api\tests\modules\academics\checkpassfailflagforwailistedregisteredstudent\checkpassfailflagforwailistedregisteredstudent-generictest.generictest" adapterTypeName="executor://orderedtestadapter/v1" className="c:\agt6\_work\10\s\qaautomation\api\tests\modules\academics\checkpassfailflagforwailistedregisteredstudent\checkpassfailflagforwailistedregisteredstudent-generictest" name="checkpassfailflagforwailistedregisteredstudent-generictest" />
    </UnitTest>
    <UnitTest name="ferpagroup-generictest" storage="c:\agt6\_work\10\s\qaautomation\api\tests\modules\crm\ferpagrpup\ferpagroup-generictest.generictest" id="407b673b-4b41-4500-b9cf-882eba4a19e8">
      <Execution id="1bb19e8f-ada3-454b-a609-fa745186fffd" parentId="ad942967-ee41-4483-9f64-3e46aad96f49" />
      <TestMethod codeBase="c:\agt6\_work\10\s\qaautomation\api\tests\modules\crm\ferpagrpup\ferpagroup-generictest.generictest" adapterTypeName="executor://orderedtestadapter/v1" className="c:\agt6\_work\10\s\qaautomation\api\tests\modules\crm\ferpagrpup\ferpagroup-generictest" name="ferpagroup-generictest" />
    </UnitTest>
    <UnitTest name="studentaccounttransactionpaymentdescription-generictest" storage="c:\agt6\_work\10\s\qaautomation\api\tests\modules\studentaccounts\studentaccounttransactionpaymentdescription\studentaccounttransactionpaymentdescription-generictest.generictest" id="a22fa927-2af3-4f4a-a335-b786d35782c2">
      <Execution id="3645c24b-2963-46ad-bb59-5a7a73ee8b59" parentId="8d25963c-9e1a-4fad-96d3-9915c9d8660b" />
      <TestMethod codeBase="c:\agt6\_work\10\s\qaautomation\api\tests\modules\studentaccounts\studentaccounttransactionpaymentdescription\studentaccounttransactionpaymentdescription-generictest.generictest" adapterTypeName="executor://orderedtestadapter/v1" className="c:\agt6\_work\10\s\qaautomation\api\tests\modules\studentaccounts\studentaccounttransactionpaymentdescription\studentaccounttransactionpaymentdescription-generictest" name="studentaccounttransactionpaymentdescription-generictest" />
    </UnitTest>
    <UnitTest name="gethousingbuildingcategoryimage-generictest" storage="c:\agt6\_work\10\s\qaautomation\api\tests\modules\studentservices\housingbuildingimage\gethousingbuildingcategoryimage-generictest.generictest" id="c68c23c0-2864-4144-8b40-12201b58df09">
      <Execution id="20166f5d-2ef8-46c9-a715-77bde5464b30" parentId="e9811b83-52c2-47f7-9702-4c8288be0f1c" />
      <TestMethod codeBase="c:\agt6\_work\10\s\qaautomation\api\tests\modules\studentservices\housingbuildingimage\gethousingbuildingcategoryimage-generictest.generictest" adapterTypeName="executor://orderedtestadapter/v1" className="c:\agt6\_work\10\s\qaautomation\api\tests\modules\studentservices\housingbuildingimage\gethousingbuildingcategoryimage-generictest" name="gethousingbuildingcategoryimage-generictest" />
    </UnitTest>
    <UnitTest name="crossreferencecourseandcoursescheduledetailscourse4-generictest" storage="c:\agt6\_work\10\s\qaautomation\api\tests\modules\academics\crossreferencecourseandcoursesechduledetails\crossreferencecourseandcoursescheduledetailscourse4-generictest.generictest" id="09be2742-7e2c-493d-bcc2-43b84692ddf0">
      <Execution id="86d4bc22-27d9-498b-8d5a-8baa5b65b933" parentId="0b866407-4328-4ae4-8a7a-3bd9c5830b9d" />
      <TestMethod codeBase="c:\agt6\_work\10\s\qaautomation\api\tests\modules\academics\crossreferencecourseandcoursesechduledetails\crossreferencecourseandcoursescheduledetailscourse4-generictest.generictest" adapterTypeName="executor://orderedtestadapter/v1" className="c:\agt6\_work\10\s\qaautomation\api\tests\modules\academics\crossreferencecourseandcoursesechduledetails\crossreferencecourseandcoursescheduledetailscourse4-generictest" name="crossreferencecourseandcoursescheduledetailscourse4-generictest" />
    </UnitTest>
    <UnitTest name="campusecodes-generictest" storage="c:\agt6\_work\10\s\qaautomation\api\tests\modules\common\campusecodes\campusecodes-generictest.generictest" id="a251de96-b822-42e6-9753-05f3723da022">
      <Execution id="de3287f3-40b5-4609-a359-177af2a179cb" parentId="c8803a03-a4a6-4e57-8f0f-0ed6b90c0554" />
      <TestMethod codeBase="c:\agt6\_work\10\s\qaautomation\api\tests\modules\common\campusecodes\campusecodes-generictest.generictest" adapterTypeName="executor://orderedtestadapter/v1" className="c:\agt6\_work\10\s\qaautomation\api\tests\modules\common\campusecodes\campusecodes-generictest" name="campusecodes-generictest" />
    </UnitTest>
    <UnitTest name="register course to student(student2course3)-generictest" storage="c:\agt6\_work\10\s\qaautomation\api\tests\modules\academics\registercoursetostudent\register course to student(student2course3)-generictest.generictest" id="94f42d72-b521-4aed-bdfb-aa6bc9cd0741">
      <Execution id="2545678d-74a3-4202-8168-c027436663d2" parentId="0b866407-4328-4ae4-8a7a-3bd9c5830b9d" />
      <TestMethod codeBase="c:\agt6\_work\10\s\qaautomation\api\tests\modules\academics\registercoursetostudent\register course to student(student2course3)-generictest.generictest" adapterTypeName="executor://orderedtestadapter/v1" className="c:\agt6\_work\10\s\qaautomation\api\tests\modules\academics\registercoursetostudent\register course to student(student2course3)-generictest" name="register course to student(student2course3)-generictest" />
    </UnitTest>
    <UnitTest name="register course to student with max attempt 0-generictest" storage="c:\agt6\_work\10\s\qaautomation\api\tests\modules\academics\registercoursetostudent\register course to student with max attempt 0-generictest.generictest" id="cfc402a6-342d-4179-8c39-b94553e8104e">
      <Execution id="45d5fa1c-7652-40a0-b647-c274f33f2908" parentId="724e859a-d2d0-4e1a-9e59-155f8067e3f5" />
      <TestMethod codeBase="c:\agt6\_work\10\s\qaautomation\api\tests\modules\academics\registercoursetostudent\register course to student with max attempt 0-generictest.generictest" adapterTypeName="executor://orderedtestadapter/v1" className="c:\agt6\_work\10\s\qaautomation\api\tests\modules\academics\registercoursetostudent\register course to student with max attempt 0-generictest" name="register course to student with max attempt 0-generictest" />
    </UnitTest>
    <OrderedTest name="OTCheckthePassFailfieldonRegisteringtheNonPassFailClassSchedule" storage="c:\agt6\_work\10\s\qaautomation\api\orderedtests\modules\academics\otcheckthepassfailfieldonregisteringthenonpassfailclassschedule.orderedtest" id="253d66d0-d07d-40f1-b744-7e3075e4c685">
      <Execution id="db482d52-2c39-4cf1-b925-acda2e71682b" />
      <TestLinks>
        <TestLink id="ddf2c3e8-2d54-433c-b14f-4b1f359b159b" name="classscheduledetailsfornonpassfail-generictest" storage="c:\agt6\_work\10\s\qaautomation\api\tests\modules\academics\classscheduledetails\classscheduledetailsfornonpassfail-generictest.generictest" />
        <TestLink id="4198f061-2f03-41ac-b989-ca6e97adf3c3" name="addcoursetostudentfornonpassfail-generictest" storage="c:\agt6\_work\10\s\qaautomation\api\tests\modules\academics\addcoursetostudent\addcoursetostudentfornonpassfail-generictest.generictest" />
        <TestLink id="91b64f06-2e4b-4582-8c48-89cc27a2550a" name="registercoursetostudentnonpassfail-generictest" storage="c:\agt6\_work\10\s\qaautomation\api\tests\modules\academics\registercoursetostudent\registercoursetostudentnonpassfail-generictest.generictest" />
      </TestLinks>
    </OrderedTest>
    <UnitTest name="gradeletter_savenew.generictest" storage="c:\agt6\_work\10\s\qaautomation\api\tests\modules\academics\lettergrade\gradeletter_savenew.generictest.generictest" id="c4ade073-31aa-439d-8ffb-1c832efd2c09">
      <Execution id="c15a89bb-cd37-4fd4-a1fc-e95f04739826" parentId="975c70bb-18bc-44e2-963d-471bef2b4959" />
      <TestMethod codeBase="c:\agt6\_work\10\s\qaautomation\api\tests\modules\academics\lettergrade\gradeletter_savenew.generictest.generictest" adapterTypeName="executor://orderedtestadapter/v1" className="c:\agt6\_work\10\s\qaautomation\api\tests\modules\academics\lettergrade\gradeletter_savenew.generictest" name="gradeletter_savenew.generictest" />
    </UnitTest>
    <UnitTest name="deletestudentcourseregistrationlock" storage="c:\agt6\_work\10\s\qaautomation\api\tests\modules\academics\deletecourseregistrationlock\deletestudentcourseregistrationlock.generictest" id="60c260b2-3e79-4b96-a1cb-4567ba5ef5f3">
      <Execution id="78919151-15a6-48ee-a94e-507bc2465d7f" parentId="d7d4b0e3-42d4-4263-9256-fe3a488b0cd6" />
      <TestMethod codeBase="c:\agt6\_work\10\s\qaautomation\api\tests\modules\academics\deletecourseregistrationlock\deletestudentcourseregistrationlock.generictest" adapterTypeName="executor://orderedtestadapter/v1" className="c:\agt6\_work\10\s\qaautomation\api\tests\modules\academics\deletecourseregistrationlock\deletestudentcourseregistrationlock" name="deletestudentcourseregistrationlock" />
    </UnitTest>
    <UnitTest name="servicetype_crud-generictest" storage="c:\agt6\_work\10\s\qaautomation\api\tests\modules\studentservices\servicetype\servicetype_crud-generictest.generictest" id="e00d7d41-b561-4b34-8f3e-4ac1e6ac7bcc">
      <Execution id="c148b564-5ed1-4ead-9c27-24d2210ea2b1" parentId="e9811b83-52c2-47f7-9702-4c8288be0f1c" />
      <TestMethod codeBase="c:\agt6\_work\10\s\qaautomation\api\tests\modules\studentservices\servicetype\servicetype_crud-generictest.generictest" adapterTypeName="executor://orderedtestadapter/v1" className="c:\agt6\_work\10\s\qaautomation\api\tests\modules\studentservices\servicetype\servicetype_crud-generictest" name="servicetype_crud-generictest" />
    </UnitTest>
    <UnitTest name="register course to student-generictest" storage="c:\agt6\_work\10\s\qaautomation\api\tests\modules\academics\registercourseforauditconversion\register course to student-generictest.generictest" id="baf34c8c-12ed-4553-88cd-66fce6ca7490">
      <Execution id="967c7e88-c32d-4a92-b201-90c54fa836e8" parentId="c6b16948-1d58-49b8-9d79-97ced3639990" />
      <TestMethod codeBase="c:\agt6\_work\10\s\qaautomation\api\tests\modules\academics\registercourseforauditconversion\register course to student-generictest.generictest" adapterTypeName="executor://orderedtestadapter/v1" className="c:\agt6\_work\10\s\qaautomation\api\tests\modules\academics\registercourseforauditconversion\register course to student-generictest" name="register course to student-generictest" />
    </UnitTest>
    <UnitTest name="leadcategory-generictest" storage="c:\agt6\_work\10\s\qaautomation\api\tests\modules\admissions\leadcategory\leadcategory-generictest.generictest" id="106e728e-63b5-4349-a46a-13b8619b4ac6">
      <Execution id="fed960ce-8f13-4f72-8ad5-087d5e7d5bec" parentId="abfacd55-93a6-4088-9022-286aa3b7c61b" />
      <TestMethod codeBase="c:\agt6\_work\10\s\qaautomation\api\tests\modules\admissions\leadcategory\leadcategory-generictest.generictest" adapterTypeName="executor://orderedtestadapter/v1" className="c:\agt6\_work\10\s\qaautomation\api\tests\modules\admissions\leadcategory\leadcategory-generictest" name="leadcategory-generictest" />
    </UnitTest>
    <UnitTest name="createnewterm-child-generictest" storage="c:\agt6\_work\10\s\qaautomation\api\tests\modules\academics\onlineregistrationconfiguration\createnewterm-child-generictest.generictest" id="6a499470-8283-499f-8ab0-02df50938e96">
      <Execution id="41423c46-23bf-42e7-9fa6-fc7c2f7e619b" parentId="f8aab9b5-0642-448a-9708-44bd65dac28d" />
      <TestMethod codeBase="c:\agt6\_work\10\s\qaautomation\api\tests\modules\academics\onlineregistrationconfiguration\createnewterm-child-generictest.generictest" adapterTypeName="executor://orderedtestadapter/v1" className="c:\agt6\_work\10\s\qaautomation\api\tests\modules\academics\onlineregistrationconfiguration\createnewterm-child-generictest" name="createnewterm-child-generictest" />
    </UnitTest>
    <UnitTest name="hopescholarships.generictest" storage="c:\agt6\_work\10\s\qaautomation\api\tests\modules\financialaid\hopescholarships\hopescholarships.generictest.generictest" id="6beef60c-5edc-4317-9254-4f892c9d4d64">
      <Execution id="8c2b05b2-55ec-490c-811a-7e10d9508aad" parentId="f8722d4b-878b-4c0e-af2f-4cb352a1c558" />
      <TestMethod codeBase="c:\agt6\_work\10\s\qaautomation\api\tests\modules\financialaid\hopescholarships\hopescholarships.generictest.generictest" adapterTypeName="executor://orderedtestadapter/v1" className="c:\agt6\_work\10\s\qaautomation\api\tests\modules\financialaid\hopescholarships\hopescholarships.generictest" name="hopescholarships.generictest" />
    </UnitTest>
    <OrderedTest name="OTCheckPassFailFlagforWailistedRegisteredStudent" storage="c:\agt6\_work\10\s\qaautomation\api\orderedtests\modules\academics\otcheckpassfailflagforwailistedregisteredstudent.orderedtest" id="347295d5-5bb3-4115-82e3-05fbdbb1bf32">
      <Execution id="23611168-0744-4bd7-bd05-240c71cde469" />
      <TestLinks>
        <TestLink id="14404893-07f2-40da-99b2-9e92305da549" name="registercoursetomultiplestudents-generictest" storage="c:\agt6\_work\10\s\qaautomation\api\tests\modules\academics\registercoursetomultiplestudents\registercoursetomultiplestudents-generictest.generictest" />
        <TestLink id="99a5de8b-b4c1-4a85-87c1-d1cd49d06bbe" name="acceptwaitliststudents-generictest" storage="c:\agt6\_work\10\s\qaautomation\api\tests\modules\academics\acceptwaitliststudents\acceptwaitliststudents-generictest.generictest" />
        <TestLink id="eb0d2d33-fd74-4882-852c-e3309f10bc61" name="checkpassfailflagforwailistedregisteredstudent-generictest" storage="c:\agt6\_work\10\s\qaautomation\api\tests\modules\academics\checkpassfailflagforwailistedregisteredstudent\checkpassfailflagforwailistedregisteredstudent-generictest.generictest" />
      </TestLinks>
    </OrderedTest>
    <OrderedTest name="OTCheckEnrollStatusandHoursinRegistredCourseforAllowOverrideCourse" storage="c:\agt6\_work\10\s\qaautomation\api\orderedtests\modules\academics\otcheckenrollstatusandhoursinregistredcourseforallowoverridecourse.orderedtest" id="71df5334-bb42-4053-bdc8-0055b821512a">
      <Execution id="aa30ad8d-fa70-4a54-8c2b-bd6d5d9ec9d0" />
      <TestLinks>
        <TestLink id="7523a384-8542-4c9d-a584-4870d9a2f9ce" name="addandregisterallowoverridecourse-generictest" storage="c:\agt6\_work\10\s\qaautomation\api\tests\modules\academics\addandregistervariablecourse\addandregisterallowoverridecourse-generictest.generictest" />
        <TestLink id="e4151b0a-d75e-4c85-b66f-642a712ea393" name="courseandcoursescheduledetailsforallowoverridecourse-generictest" storage="c:\agt6\_work\10\s\qaautomation\api\tests\modules\academics\courseandclassscheduledetails\courseandcoursescheduledetailsforallowoverridecourse-generictest.generictest" />
      </TestLinks>
    </OrderedTest>
    <UnitTest name="disbursementapprovalrule-generictest" storage="c:\agt6\_work\10\s\qaautomation\api\tests\modules\financialaid\disbursementapprovalrule\disbursementapprovalrule-generictest.generictest" id="f744eadb-6561-446d-95a4-49fc7639bdbe">
      <Execution id="193c0c6f-74ee-4baf-a33b-969480953c6c" parentId="f8722d4b-878b-4c0e-af2f-4cb352a1c558" />
      <TestMethod codeBase="c:\agt6\_work\10\s\qaautomation\api\tests\modules\financialaid\disbursementapprovalrule\disbursementapprovalrule-generictest.generictest" adapterTypeName="executor://orderedtestadapter/v1" className="c:\agt6\_work\10\s\qaautomation\api\tests\modules\financialaid\disbursementapprovalrule\disbursementapprovalrule-generictest" name="disbursementapprovalrule-generictest" />
    </UnitTest>
    <UnitTest name="lettergrade.generictest" storage="c:\agt6\_work\10\s\qaautomation\api\tests\modules\academics\lettergrade\lettergrade.generictest.generictest" id="ebed6a25-d46a-4075-8741-2f22f6d120c5">
      <Execution id="df18bd01-6184-432e-9bf6-aaf954813903" parentId="975c70bb-18bc-44e2-963d-471bef2b4959" />
      <TestMethod codeBase="c:\agt6\_work\10\s\qaautomation\api\tests\modules\academics\lettergrade\lettergrade.generictest.generictest" adapterTypeName="executor://orderedtestadapter/v1" className="c:\agt6\_work\10\s\qaautomation\api\tests\modules\academics\lettergrade\lettergrade.generictest" name="lettergrade.generictest" />
    </UnitTest>
    <UnitTest name="createnewclassscheduleviewandupdateinstructor-generictest" storage="c:\agt6\_work\10\s\qaautomation\api\tests\modules\academics\viewingandupdatinganinactiveinstructor\pre-req\createnewclassschedule\createnewclassscheduleviewandupdateinstructor-generictest.generictest" id="a294acc9-b435-4199-a4e8-4616f521d039">
      <Execution id="bc79dc82-5d62-4fd2-a9e1-6f74750e268a" parentId="c4382cad-3fdd-427e-ac18-f93f0d5475c9" />
      <TestMethod codeBase="c:\agt6\_work\10\s\qaautomation\api\tests\modules\academics\viewingandupdatinganinactiveinstructor\pre-req\createnewclassschedule\createnewclassscheduleviewandupdateinstructor-generictest.generictest" adapterTypeName="executor://orderedtestadapter/v1" className="c:\agt6\_work\10\s\qaautomation\api\tests\modules\academics\viewingandupdatinganinactiveinstructor\pre-req\createnewclassschedule\createnewclassscheduleviewandupdateinstructor-generictest" name="createnewclassscheduleviewandupdateinstructor-generictest" />
    </UnitTest>
    <UnitTest name="createnewclassscheduleforactiveinstructor-generictest" storage="c:\agt6\_work\10\s\qaautomation\api\tests\modules\academics\checkingistheinstructorprimaryanddeactivating\pre-req\createnewclassschedule\createnewclassscheduleforactiveinstructor-generictest.generictest" id="b7b2912f-9241-4a87-979b-58e4e8968e1b">
      <Execution id="8567b66c-2c94-4bd4-b637-c182cbb06dd6" parentId="541785e5-a7eb-48a6-9821-1745b15d55bf" />
      <TestMethod codeBase="c:\agt6\_work\10\s\qaautomation\api\tests\modules\academics\checkingistheinstructorprimaryanddeactivating\pre-req\createnewclassschedule\createnewclassscheduleforactiveinstructor-generictest.generictest" adapterTypeName="executor://orderedtestadapter/v1" className="c:\agt6\_work\10\s\qaautomation\api\tests\modules\academics\checkingistheinstructorprimaryanddeactivating\pre-req\createnewclassschedule\createnewclassscheduleforactiveinstructor-generictest" name="createnewclassscheduleforactiveinstructor-generictest" />
    </UnitTest>
    <UnitTest name="placementstatusreasonquestion_validations-generictest" storage="c:\agt6\_work\10\s\qaautomation\api\tests\modules\careerservices\placementstatusreasonquestion\placementstatusreasonquestion_validations-generictest.generictest" id="b9652c7e-bac7-4084-88f9-d13a0867bf0d">
      <Execution id="cc46454d-260a-437e-8518-9942d2c25571" parentId="f57c4edd-1dc5-4910-be1c-3d0ea8d5267b" />
      <TestMethod codeBase="c:\agt6\_work\10\s\qaautomation\api\tests\modules\careerservices\placementstatusreasonquestion\placementstatusreasonquestion_validations-generictest.generictest" adapterTypeName="executor://orderedtestadapter/v1" className="c:\agt6\_work\10\s\qaautomation\api\tests\modules\careerservices\placementstatusreasonquestion\placementstatusreasonquestion_validations-generictest" name="placementstatusreasonquestion_validations-generictest" />
    </UnitTest>
    <UnitTest name="addandregisterallowoverrideandmatchoverridecourse-generictest" storage="c:\agt6\_work\10\s\qaautomation\api\tests\modules\academics\addandregistervariablecourse\addandregisterallowoverrideandmatchoverridecourse-generictest.generictest" id="5c9014b2-4ebd-49d4-9997-036927b56464">
      <Execution id="d48130f7-e3d0-49ee-9ed1-1fc1b35e5463" parentId="51eed433-cb75-4b69-a5a6-91aca0ca5ced" />
      <TestMethod codeBase="c:\agt6\_work\10\s\qaautomation\api\tests\modules\academics\addandregistervariablecourse\addandregisterallowoverrideandmatchoverridecourse-generictest.generictest" adapterTypeName="executor://orderedtestadapter/v1" className="c:\agt6\_work\10\s\qaautomation\api\tests\modules\academics\addandregistervariablecourse\addandregisterallowoverrideandmatchoverridecourse-generictest" name="addandregisterallowoverrideandmatchoverridecourse-generictest" />
    </UnitTest>
    <UnitTest name="agency_save_and_delete_validation-generictest" storage="c:\agt6\_work\10\s\qaautomation\api\tests\modules\common\agency\agency_save_and_delete_validation-generictest.generictest" id="dc6be907-fd6a-444d-bf5d-ca8b969f62af">
      <Execution id="e504296d-1d6c-4ee0-bfd2-5e3e7dd30cb8" parentId="c8803a03-a4a6-4e57-8f0f-0ed6b90c0554" />
      <TestMethod codeBase="c:\agt6\_work\10\s\qaautomation\api\tests\modules\common\agency\agency_save_and_delete_validation-generictest.generictest" adapterTypeName="executor://orderedtestadapter/v1" className="c:\agt6\_work\10\s\qaautomation\api\tests\modules\common\agency\agency_save_and_delete_validation-generictest" name="agency_save_and_delete_validation-generictest" />
    </UnitTest>
    <UnitTest name="onlineregistrationconfigurationparenttermforsettingusecrsg-generictest" storage="c:\agt6\_work\10\s\qaautomation\api\tests\modules\academics\onlineregistrationconfiguration\onlineregistrationconfigurationparenttermforsettingusecrsg-generictest.generictest" id="d37dc675-9792-43d4-8ec2-8f7addcc71b5">
      <Execution id="e3a77aea-9e53-4a3b-b6bf-bd961a975ecd" parentId="771df665-c07b-48b0-a474-fa615392a961" />
      <TestMethod codeBase="c:\agt6\_work\10\s\qaautomation\api\tests\modules\academics\onlineregistrationconfiguration\onlineregistrationconfigurationparenttermforsettingusecrsg-generictest.generictest" adapterTypeName="executor://orderedtestadapter/v1" className="c:\agt6\_work\10\s\qaautomation\api\tests\modules\academics\onlineregistrationconfiguration\onlineregistrationconfigurationparenttermforsettingusecrsg-generictest" name="onlineregistrationconfigurationparenttermforsettingusecrsg-generictest" />
    </UnitTest>
    <UnitTest name="agencybranchcontact-generictest" storage="c:\agt6\_work\10\s\qaautomation\api\tests\modules\common\agencybranchcontact\agencybranchcontact-generictest.generictest" id="991a2003-aeba-4783-9db2-8c5158837738">
      <Execution id="865a8b36-cb05-4502-ac40-a3369e41da40" parentId="c8803a03-a4a6-4e57-8f0f-0ed6b90c0554" />
      <TestMethod codeBase="c:\agt6\_work\10\s\qaautomation\api\tests\modules\common\agencybranchcontact\agencybranchcontact-generictest.generictest" adapterTypeName="executor://orderedtestadapter/v1" className="c:\agt6\_work\10\s\qaautomation\api\tests\modules\common\agencybranchcontact\agencybranchcontact-generictest" name="agencybranchcontact-generictest" />
    </UnitTest>
    <UnitTest name="addcoursetostudentfornonpassfail-generictest" storage="c:\agt6\_work\10\s\qaautomation\api\tests\modules\academics\addcoursetostudent\addcoursetostudentfornonpassfail-generictest.generictest" id="4198f061-2f03-41ac-b989-ca6e97adf3c3">
      <Execution id="e8df4a34-aeca-4cd8-85fa-e426709f612a" parentId="db482d52-2c39-4cf1-b925-acda2e71682b" />
      <TestMethod codeBase="c:\agt6\_work\10\s\qaautomation\api\tests\modules\academics\addcoursetostudent\addcoursetostudentfornonpassfail-generictest.generictest" adapterTypeName="executor://orderedtestadapter/v1" className="c:\agt6\_work\10\s\qaautomation\api\tests\modules\academics\addcoursetostudent\addcoursetostudentfornonpassfail-generictest" name="addcoursetostudentfornonpassfail-generictest" />
    </UnitTest>
    <UnitTest name="requirementrules-generictest" storage="c:\agt6\_work\10\s\qaautomation\api\tests\modules\academics\requirementrules\requirementrules-generictest.generictest" id="006f0543-278c-434b-9d84-efe5113a45db">
      <Execution id="0bebf011-2003-42f0-bfda-feec989aa1c8" parentId="975c70bb-18bc-44e2-963d-471bef2b4959" />
      <TestMethod codeBase="c:\agt6\_work\10\s\qaautomation\api\tests\modules\academics\requirementrules\requirementrules-generictest.generictest" adapterTypeName="executor://orderedtestadapter/v1" className="c:\agt6\_work\10\s\qaautomation\api\tests\modules\academics\requirementrules\requirementrules-generictest" name="requirementrules-generictest" />
    </UnitTest>
    <UnitTest name="commonline-generictest" storage="c:\agt6\_work\10\s\qaautomation\api\tests\modules\financialaid\commonline\commonline-generictest.generictest" id="3fb08cf5-d009-44f9-98b7-31fb80e76822">
      <Execution id="ceefc0bd-d405-4c59-b5a3-686d6e6a8f25" parentId="f8722d4b-878b-4c0e-af2f-4cb352a1c558" />
      <TestMethod codeBase="c:\agt6\_work\10\s\qaautomation\api\tests\modules\financialaid\commonline\commonline-generictest.generictest" adapterTypeName="executor://orderedtestadapter/v1" className="c:\agt6\_work\10\s\qaautomation\api\tests\modules\financialaid\commonline\commonline-generictest" name="commonline-generictest" />
    </UnitTest>
    <UnitTest name="onlineregistrationconfigurationparenttermforsettingno-generictest" storage="c:\agt6\_work\10\s\qaautomation\api\tests\modules\academics\onlineregistrationconfiguration\onlineregistrationconfigurationparenttermforsettingno-generictest.generictest" id="9e8bb6e7-3eec-494e-9fd6-1fc7d714d292">
      <Execution id="82e67f7f-fada-4b20-b409-171b154dc946" parentId="f8aab9b5-0642-448a-9708-44bd65dac28d" />
      <TestMethod codeBase="c:\agt6\_work\10\s\qaautomation\api\tests\modules\academics\onlineregistrationconfiguration\onlineregistrationconfigurationparenttermforsettingno-generictest.generictest" adapterTypeName="executor://orderedtestadapter/v1" className="c:\agt6\_work\10\s\qaautomation\api\tests\modules\academics\onlineregistrationconfiguration\onlineregistrationconfigurationparenttermforsettingno-generictest" name="onlineregistrationconfigurationparenttermforsettingno-generictest" />
    </UnitTest>
    <UnitTest name="courseandcoursescheduledetailsforallowoverridecourse-generictest" storage="c:\agt6\_work\10\s\qaautomation\api\tests\modules\academics\courseandclassscheduledetails\courseandcoursescheduledetailsforallowoverridecourse-generictest.generictest" id="e4151b0a-d75e-4c85-b66f-642a712ea393">
      <Execution id="eadb2735-997e-49f3-b042-09a943b55a46" parentId="aa30ad8d-fa70-4a54-8c2b-bd6d5d9ec9d0" />
      <TestMethod codeBase="c:\agt6\_work\10\s\qaautomation\api\tests\modules\academics\courseandclassscheduledetails\courseandcoursescheduledetailsforallowoverridecourse-generictest.generictest" adapterTypeName="executor://orderedtestadapter/v1" className="c:\agt6\_work\10\s\qaautomation\api\tests\modules\academics\courseandclassscheduledetails\courseandcoursescheduledetailsforallowoverridecourse-generictest" name="courseandcoursescheduledetailsforallowoverridecourse-generictest" />
    </UnitTest>
    <OrderedTest name="OTCheckingStudentsChoiceafterchangeonClassSchedule" storage="c:\agt6\_work\10\s\qaautomation\api\orderedtests\modules\academics\otcheckingstudentschoiceafterchangeonclassschedule.orderedtest" id="e71884c7-e95b-4895-92a3-1a2f4a68c1f0">
      <Execution id="9059987a-faae-46f9-b683-a9a4b358f9b0" />
      <TestLinks>
        <TestLink id="970482c1-f5ff-49f8-8a70-f81fc0013ffa" name="addcoursetostudentforstudentschoice_passfailchecked-generictest" storage="c:\agt6\_work\10\s\qaautomation\api\tests\modules\academics\addcoursetostudentforpassfailcheck\addcoursetostudentforstudentschoice_passfailchecked-generictest.generictest" />
        <TestLink id="d7efbccd-c63c-4a7f-999b-53b612c5668a" name="registercoursetostudentstudentschoice_passfailchecked-generictest" storage="c:\agt6\_work\10\s\qaautomation\api\tests\modules\academics\registercoursetostudent\registercoursetostudentstudentschoice_passfailchecked-generictest.generictest" />
        <TestLink id="6a11b895-1bb1-492d-8df8-7b2438721210" name="updateclassscheduledetailsforstudentschoice-generictest" storage="c:\agt6\_work\10\s\qaautomation\api\tests\modules\academics\updateclassscheduledetails\updateclassscheduledetailsforstudentschoice-generictest.generictest" />
        <TestLink id="eb54c809-adfb-40ff-a3d4-e0a8313a18a8" name="checkingregisteredcoursedetailsforstudentschoice-generictest" storage="c:\agt6\_work\10\s\qaautomation\api\tests\modules\academics\checkingregisteredcoursedetails\checkingregisteredcoursedetailsforstudentschoice-generictest.generictest" />
      </TestLinks>
    </OrderedTest>
    <UnitTest name="campusinternational-generictest" storage="c:\agt6\_work\10\s\qaautomation\api\tests\modules\common\campusinternational\campusinternational-generictest.generictest" id="8cc75546-bcb7-4086-9229-4109e3642e1c">
      <Execution id="e8bdfd84-27bb-4086-b510-5bd524aae1ae" parentId="c8803a03-a4a6-4e57-8f0f-0ed6b90c0554" />
      <TestMethod codeBase="c:\agt6\_work\10\s\qaautomation\api\tests\modules\common\campusinternational\campusinternational-generictest.generictest" adapterTypeName="executor://orderedtestadapter/v1" className="c:\agt6\_work\10\s\qaautomation\api\tests\modules\common\campusinternational\campusinternational-generictest" name="campusinternational-generictest" />
    </UnitTest>
    <OrderedTest name="OTCheckEnrollStatusandHoursinRegistredCourseforAllowOverrideAndMatchOverrideCourse" storage="c:\agt6\_work\10\s\qaautomation\api\orderedtests\modules\academics\otcheckenrollstatusandhoursinregistredcourseforallowoverrideandmatchoverridecourse.orderedtest" id="2cb36e42-435c-4545-99fe-85bbd5251072">
      <Execution id="51eed433-cb75-4b69-a5a6-91aca0ca5ced" />
      <TestLinks>
        <TestLink id="5c9014b2-4ebd-49d4-9997-036927b56464" name="addandregisterallowoverrideandmatchoverridecourse-generictest" storage="c:\agt6\_work\10\s\qaautomation\api\tests\modules\academics\addandregistervariablecourse\addandregisterallowoverrideandmatchoverridecourse-generictest.generictest" />
        <TestLink id="eecd4b2a-d9b9-4d31-937a-35fb4f87a266" name="courseandcoursescheduledetailsforbothallowoverrideandmatchoverride-generictest" storage="c:\agt6\_work\10\s\qaautomation\api\tests\modules\academics\courseandclassscheduledetails\courseandcoursescheduledetailsforbothallowoverrideandmatchoverride-generictest.generictest" />
      </TestLinks>
    </OrderedTest>
    <UnitTest name="createnewclassschedule-generictest" storage="c:\agt6\_work\10\s\qaautomation\api\tests\modules\academics\createnewclassschedule\createnewclassschedule-generictest.generictest" id="b525afe2-8a3e-4ceb-a03d-39371f2251c2">
      <Execution id="d1a8083d-f0f5-4b36-a989-49a075f2c281" parentId="e5986f61-ad3a-487a-bc84-dfd8df0a6d16" />
      <TestMethod codeBase="c:\agt6\_work\10\s\qaautomation\api\tests\modules\academics\createnewclassschedule\createnewclassschedule-generictest.generictest" adapterTypeName="executor://orderedtestadapter/v1" className="c:\agt6\_work\10\s\qaautomation\api\tests\modules\academics\createnewclassschedule\createnewclassschedule-generictest" name="createnewclassschedule-generictest" />
    </UnitTest>
    <UnitTest name="registercoursetostudentstudentschoice_passfailunchecked-generictest" storage="c:\agt6\_work\10\s\qaautomation\api\tests\modules\academics\registercoursetostudent\registercoursetostudentstudentschoice_passfailunchecked-generictest.generictest" id="810435de-6428-40a8-ab32-2a68ca8a1d29">
      <Execution id="a49406e0-08ae-44ba-9f4f-93fad3d281b0" parentId="287e44df-1fc5-442d-9925-f238ac9da39a" />
      <TestMethod codeBase="c:\agt6\_work\10\s\qaautomation\api\tests\modules\academics\registercoursetostudent\registercoursetostudentstudentschoice_passfailunchecked-generictest.generictest" adapterTypeName="executor://orderedtestadapter/v1" className="c:\agt6\_work\10\s\qaautomation\api\tests\modules\academics\registercoursetostudent\registercoursetostudentstudentschoice_passfailunchecked-generictest" name="registercoursetostudentstudentschoice_passfailunchecked-generictest" />
    </UnitTest>
    <UnitTest name="rooms_save_validation_dupecheck1-generictest" storage="c:\agt6\_work\10\s\qaautomation\api\tests\modules\common\rooms\rooms_save_validation_dupecheck1-generictest.generictest" id="a243acfc-4f2b-44da-b48d-4a7931f65822">
      <Execution id="cdb7a231-7bf1-4075-90c3-9b9205bca8e6" parentId="c8803a03-a4a6-4e57-8f0f-0ed6b90c0554" />
      <TestMethod codeBase="c:\agt6\_work\10\s\qaautomation\api\tests\modules\common\rooms\rooms_save_validation_dupecheck1-generictest.generictest" adapterTypeName="executor://orderedtestadapter/v1" className="c:\agt6\_work\10\s\qaautomation\api\tests\modules\common\rooms\rooms_save_validation_dupecheck1-generictest" name="rooms_save_validation_dupecheck1-generictest" />
    </UnitTest>
    <OrderedTest name="OTCheckthePassFailfieldonRegistratingthePassFailRequiredClassSchedule" storage="c:\agt6\_work\10\s\qaautomation\api\orderedtests\modules\academics\otcheckthepassfailfieldonregistratingthepassfailrequiredclassschedule.orderedtest" id="961446e5-cddd-4367-a187-97547c455a8a">
      <Execution id="a30754e8-d59e-433c-b758-12cbd27987af" />
      <TestLinks>
        <TestLink id="26afcecc-3dbb-4dc9-886c-a8503e08da92" name="classscheduledetailsforpassfailrequired-generictest" storage="c:\agt6\_work\10\s\qaautomation\api\tests\modules\academics\classscheduledetails\classscheduledetailsforpassfailrequired-generictest.generictest" />
        <TestLink id="34a0acc8-9a92-4560-b199-5a3e0e07480e" name="addcoursetostudentforpassfailrequired-generictest" storage="c:\agt6\_work\10\s\qaautomation\api\tests\modules\academics\addcoursetostudent\addcoursetostudentforpassfailrequired-generictest.generictest" />
        <TestLink id="8a0f7953-630b-4d09-aea5-5c61f043242d" name="registercoursetostudentpassfailrequired-generictest" storage="c:\agt6\_work\10\s\qaautomation\api\tests\modules\academics\registercoursetostudent\registercoursetostudentpassfailrequired-generictest.generictest" />
      </TestLinks>
    </OrderedTest>
    <UnitTest name="degree-generictest" storage="c:\agt6\_work\10\s\qaautomation\api\tests\modules\academics\degree\degree-generictest.generictest" id="b473dc6a-2d00-4c87-82b2-2583ba80e768">
      <Execution id="ce92da90-18f4-46d0-bcde-ad6e0a722e07" parentId="975c70bb-18bc-44e2-963d-471bef2b4959" />
      <TestMethod codeBase="c:\agt6\_work\10\s\qaautomation\api\tests\modules\academics\degree\degree-generictest.generictest" adapterTypeName="executor://orderedtestadapter/v1" className="c:\agt6\_work\10\s\qaautomation\api\tests\modules\academics\degree\degree-generictest" name="degree-generictest" />
    </UnitTest>
    <UnitTest name="careerfield_crud-generictest" storage="c:\agt6\_work\10\s\qaautomation\api\tests\modules\careerservices\careerfield\careerfield_crud-generictest.generictest" id="e60e00f7-b30c-4486-8e3b-fd42c4821fa7">
      <Execution id="4336adc1-9c72-4c9d-83ea-7988800190e3" parentId="f57c4edd-1dc5-4910-be1c-3d0ea8d5267b" />
      <TestMethod codeBase="c:\agt6\_work\10\s\qaautomation\api\tests\modules\careerservices\careerfield\careerfield_crud-generictest.generictest" adapterTypeName="executor://orderedtestadapter/v1" className="c:\agt6\_work\10\s\qaautomation\api\tests\modules\careerservices\careerfield\careerfield_crud-generictest" name="careerfield_crud-generictest" />
    </UnitTest>
    <UnitTest name="registrationtrackcrud-generictest" storage="c:\agt6\_work\10\s\qaautomation\api\tests\modules\academics\registrationtrack\registrationtrackcrud-generictest.generictest" id="3896d278-ef5b-48f6-8253-5488fa1827de">
      <Execution id="5b6dbb9c-081a-475c-994e-e987b9d527d9" parentId="975c70bb-18bc-44e2-963d-471bef2b4959" />
      <TestMethod codeBase="c:\agt6\_work\10\s\qaautomation\api\tests\modules\academics\registrationtrack\registrationtrackcrud-generictest.generictest" adapterTypeName="executor://orderedtestadapter/v1" className="c:\agt6\_work\10\s\qaautomation\api\tests\modules\academics\registrationtrack\registrationtrackcrud-generictest" name="registrationtrackcrud-generictest" />
    </UnitTest>
    <UnitTest name="careerservicescertifications-generictest" storage="c:\agt6\_work\10\s\qaautomation\api\tests\modules\careerservices\certifications\careerservicescertifications-generictest.generictest" id="8da75105-4b33-499e-b39a-5864c1547602">
      <Execution id="e6528cd2-d5fa-4af0-a515-e34aaa6ae13e" parentId="f57c4edd-1dc5-4910-be1c-3d0ea8d5267b" />
      <TestMethod codeBase="c:\agt6\_work\10\s\qaautomation\api\tests\modules\careerservices\certifications\careerservicescertifications-generictest.generictest" adapterTypeName="executor://orderedtestadapter/v1" className="c:\agt6\_work\10\s\qaautomation\api\tests\modules\careerservices\certifications\careerservicescertifications-generictest" name="careerservicescertifications-generictest" />
    </UnitTest>
    <UnitTest name="jobtype_crud-generictest" storage="c:\agt6\_work\10\s\qaautomation\api\tests\modules\careerservices\jobtype\jobtype_crud-generictest.generictest" id="e68212a6-6e95-4a22-b4c6-0876e6f3d6cb">
      <Execution id="3bbacb89-fb18-409d-89c7-39eed08b5bc8" parentId="f57c4edd-1dc5-4910-be1c-3d0ea8d5267b" />
      <TestMethod codeBase="c:\agt6\_work\10\s\qaautomation\api\tests\modules\careerservices\jobtype\jobtype_crud-generictest.generictest" adapterTypeName="executor://orderedtestadapter/v1" className="c:\agt6\_work\10\s\qaautomation\api\tests\modules\careerservices\jobtype\jobtype_crud-generictest" name="jobtype_crud-generictest" />
    </UnitTest>
    <UnitTest name="careerservicehowplaced-generictest" storage="c:\agt6\_work\10\s\qaautomation\api\tests\modules\careerservices\howplaced\careerservicehowplaced-generictest.generictest" id="37181a6c-0a68-46b7-bdb8-171b97617892">
      <Execution id="12748d00-9f53-49b5-aeaf-7d30f2861b24" parentId="f57c4edd-1dc5-4910-be1c-3d0ea8d5267b" />
      <TestMethod codeBase="c:\agt6\_work\10\s\qaautomation\api\tests\modules\careerservices\howplaced\careerservicehowplaced-generictest.generictest" adapterTypeName="executor://orderedtestadapter/v1" className="c:\agt6\_work\10\s\qaautomation\api\tests\modules\careerservices\howplaced\careerservicehowplaced-generictest" name="careerservicehowplaced-generictest" />
    </UnitTest>
    <UnitTest name="admissionregion_crud-generictest" storage="c:\agt6\_work\10\s\qaautomation\api\tests\modules\admissions\admissionsregion\admissionregion_crud-generictest.generictest" id="dfc605f1-22b1-4c8f-85ea-caf01df041c8">
      <Execution id="40dbca32-c0ac-448c-8161-784f05a55c34" parentId="abfacd55-93a6-4088-9022-286aa3b7c61b" />
      <TestMethod codeBase="c:\agt6\_work\10\s\qaautomation\api\tests\modules\admissions\admissionsregion\admissionregion_crud-generictest.generictest" adapterTypeName="executor://orderedtestadapter/v1" className="c:\agt6\_work\10\s\qaautomation\api\tests\modules\admissions\admissionsregion\admissionregion_crud-generictest" name="admissionregion_crud-generictest" />
    </UnitTest>
    <UnitTest name="getsubstitutecoursedetailsfromcourselistcourse1-generictest" storage="c:\agt6\_work\10\s\qaautomation\api\tests\modules\academics\registersubstitutecoursetostudent\pre-req\getsubstitutecoursedetailsfromcourselistcourse1-generictest.generictest" id="51f0e0e7-312d-445d-9ed8-101c61daf912">
      <Execution id="a105d9c8-f5f3-4ddc-afca-2729c3969e2b" parentId="7e8ae2bc-688c-4cf6-874b-a52ce6d030b6" />
      <TestMethod codeBase="c:\agt6\_work\10\s\qaautomation\api\tests\modules\academics\registersubstitutecoursetostudent\pre-req\getsubstitutecoursedetailsfromcourselistcourse1-generictest.generictest" adapterTypeName="executor://orderedtestadapter/v1" className="c:\agt6\_work\10\s\qaautomation\api\tests\modules\academics\registersubstitutecoursetostudent\pre-req\getsubstitutecoursedetailsfromcourselistcourse1-generictest" name="getsubstitutecoursedetailsfromcourselistcourse1-generictest" />
    </UnitTest>
    <UnitTest name="register substitute course to student course1-generictest" storage="c:\agt6\_work\10\s\qaautomation\api\tests\modules\academics\registersubstitutecoursetostudent\register substitute course to student course1-generictest.generictest" id="7486e07b-8c5e-48ac-bada-dbfb24dc13e5">
      <Execution id="aacdbe79-2675-4060-aba3-391cb3cbac1d" parentId="7e8ae2bc-688c-4cf6-874b-a52ce6d030b6" />
      <TestMethod codeBase="c:\agt6\_work\10\s\qaautomation\api\tests\modules\academics\registersubstitutecoursetostudent\register substitute course to student course1-generictest.generictest" adapterTypeName="executor://orderedtestadapter/v1" className="c:\agt6\_work\10\s\qaautomation\api\tests\modules\academics\registersubstitutecoursetostudent\register substitute course to student course1-generictest" name="register substitute course to student course1-generictest" />
    </UnitTest>
    <UnitTest name="coursebookslist-generictest" storage="c:\agt6\_work\10\s\qaautomation\api\tests\modules\academics\coursebooklist\coursebookslist-generictest.generictest" id="4f0ce3af-fb33-4f20-acdb-a9c9d76c2257">
      <Execution id="35ff44f6-6eea-4a91-a3fc-5808638d9dfa" parentId="975c70bb-18bc-44e2-963d-471bef2b4959" />
      <TestMethod codeBase="c:\agt6\_work\10\s\qaautomation\api\tests\modules\academics\coursebooklist\coursebookslist-generictest.generictest" adapterTypeName="executor://orderedtestadapter/v1" className="c:\agt6\_work\10\s\qaautomation\api\tests\modules\academics\coursebooklist\coursebookslist-generictest" name="coursebookslist-generictest" />
    </UnitTest>
    <UnitTest name="leadsourceexpense_crud-generictest" storage="c:\agt6\_work\10\s\qaautomation\api\tests\modules\admissions\leadsourceexpense\leadsourceexpense_crud-generictest.generictest" id="308d2d48-a14c-4fa3-a398-b15dc1bd2634">
      <Execution id="6610478a-7001-4bcd-addc-ce1bcd89eae7" parentId="abfacd55-93a6-4088-9022-286aa3b7c61b" />
      <TestMethod codeBase="c:\agt6\_work\10\s\qaautomation\api\tests\modules\admissions\leadsourceexpense\leadsourceexpense_crud-generictest.generictest" adapterTypeName="executor://orderedtestadapter/v1" className="c:\agt6\_work\10\s\qaautomation\api\tests\modules\admissions\leadsourceexpense\leadsourceexpense_crud-generictest" name="leadsourceexpense_crud-generictest" />
    </UnitTest>
    <UnitTest name="paymentprocessor-generictest" storage="c:\agt6\_work\10\s\qaautomation\api\tests\modules\studentaccounts\paymentprocessor\paymentprocessor-generictest.generictest" id="4b1683f2-c0cd-44e3-84e1-0a6f84aefea3">
      <Execution id="bfda74d8-6410-4609-9e8c-5054c233efef" parentId="8d25963c-9e1a-4fad-96d3-9915c9d8660b" />
      <TestMethod codeBase="c:\agt6\_work\10\s\qaautomation\api\tests\modules\studentaccounts\paymentprocessor\paymentprocessor-generictest.generictest" adapterTypeName="executor://orderedtestadapter/v1" className="c:\agt6\_work\10\s\qaautomation\api\tests\modules\studentaccounts\paymentprocessor\paymentprocessor-generictest" name="paymentprocessor-generictest" />
    </UnitTest>
    <UnitTest name="updateclassscheduledetailsforstudentschoice-generictest" storage="c:\agt6\_work\10\s\qaautomation\api\tests\modules\academics\updateclassscheduledetails\updateclassscheduledetailsforstudentschoice-generictest.generictest" id="6a11b895-1bb1-492d-8df8-7b2438721210">
      <Execution id="e2b03786-2801-4ef1-aefb-9ca22ef53549" parentId="9059987a-faae-46f9-b683-a9a4b358f9b0" />
      <TestMethod codeBase="c:\agt6\_work\10\s\qaautomation\api\tests\modules\academics\updateclassscheduledetails\updateclassscheduledetailsforstudentschoice-generictest.generictest" adapterTypeName="executor://orderedtestadapter/v1" className="c:\agt6\_work\10\s\qaautomation\api\tests\modules\academics\updateclassscheduledetails\updateclassscheduledetailsforstudentschoice-generictest" name="updateclassscheduledetailsforstudentschoice-generictest" />
    </UnitTest>
    <UnitTest name="placementstatusreason_crud-generictest" storage="c:\agt6\_work\10\s\qaautomation\api\tests\modules\careerservices\placementstatusreason\placementstatusreason_crud-generictest.generictest" id="bd6c164e-6411-45b4-b218-606407168ca1">
      <Execution id="6a837ad3-1298-4245-a88f-5c28af4f6d5e" parentId="f57c4edd-1dc5-4910-be1c-3d0ea8d5267b" />
      <TestMethod codeBase="c:\agt6\_work\10\s\qaautomation\api\tests\modules\careerservices\placementstatusreason\placementstatusreason_crud-generictest.generictest" adapterTypeName="executor://orderedtestadapter/v1" className="c:\agt6\_work\10\s\qaautomation\api\tests\modules\careerservices\placementstatusreason\placementstatusreason_crud-generictest" name="placementstatusreason_crud-generictest" />
    </UnitTest>
    <UnitTest name="coursegroup-generictest" storage="c:\agt6\_work\10\s\qaautomation\api\tests\modules\academics\coursegroup\coursegroup-generictest.generictest" id="22f67e19-95af-4610-9fba-c290eb37227d">
      <Execution id="74ef5512-7932-4f29-9ddb-ae90100a5f8c" parentId="975c70bb-18bc-44e2-963d-471bef2b4959" />
      <TestMethod codeBase="c:\agt6\_work\10\s\qaautomation\api\tests\modules\academics\coursegroup\coursegroup-generictest.generictest" adapterTypeName="executor://orderedtestadapter/v1" className="c:\agt6\_work\10\s\qaautomation\api\tests\modules\academics\coursegroup\coursegroup-generictest" name="coursegroup-generictest" />
    </UnitTest>
    <UnitTest name="agency_branch_delete_validation-generictest" storage="c:\agt6\_work\10\s\qaautomation\api\tests\modules\common\agencybranch\agency_branch_delete_validation-generictest.generictest" id="5e707158-ba2b-4a2f-abb7-e563ecd00195">
      <Execution id="8fa37124-18fd-49f4-bd1b-b4217f1afc45" parentId="c8803a03-a4a6-4e57-8f0f-0ed6b90c0554" />
      <TestMethod codeBase="c:\agt6\_work\10\s\qaautomation\api\tests\modules\common\agencybranch\agency_branch_delete_validation-generictest.generictest" adapterTypeName="executor://orderedtestadapter/v1" className="c:\agt6\_work\10\s\qaautomation\api\tests\modules\common\agencybranch\agency_branch_delete_validation-generictest" name="agency_branch_delete_validation-generictest" />
    </UnitTest>
    <UnitTest name="programversion-generictest" storage="c:\agt6\_work\10\s\qaautomation\api\tests\modules\studentaccounts\programversion\programversion-generictest.generictest" id="2611fac2-cf12-44c4-8db6-17740077bca2">
      <Execution id="14acaf22-6ed9-49f8-b5f6-145dd4b43a28" parentId="8d25963c-9e1a-4fad-96d3-9915c9d8660b" />
      <TestMethod codeBase="c:\agt6\_work\10\s\qaautomation\api\tests\modules\studentaccounts\programversion\programversion-generictest.generictest" adapterTypeName="executor://orderedtestadapter/v1" className="c:\agt6\_work\10\s\qaautomation\api\tests\modules\studentaccounts\programversion\programversion-generictest" name="programversion-generictest" />
    </UnitTest>
    <UnitTest name="courserefundpolicy-generictest" storage="c:\agt6\_work\10\s\qaautomation\api\tests\modules\studentaccounts\courserefundpolicy\courserefundpolicy-generictest.generictest" id="0b62e3ae-be13-4a90-a50e-18d56c2e2441">
      <Execution id="b1199268-eb3d-4a1e-aeab-88cd5bdbc14e" parentId="8d25963c-9e1a-4fad-96d3-9915c9d8660b" />
      <TestMethod codeBase="c:\agt6\_work\10\s\qaautomation\api\tests\modules\studentaccounts\courserefundpolicy\courserefundpolicy-generictest.generictest" adapterTypeName="executor://orderedtestadapter/v1" className="c:\agt6\_work\10\s\qaautomation\api\tests\modules\studentaccounts\courserefundpolicy\courserefundpolicy-generictest" name="courserefundpolicy-generictest" />
    </UnitTest>
    <UnitTest name="corporation_validations-generictest" storage="c:\agt6\_work\10\s\qaautomation\api\tests\modules\careerservices\corporation\corporation_validations-generictest.generictest" id="b474e4a5-a2ef-45a0-8e2c-801824d665d8">
      <Execution id="cfead4c4-9f75-4a7d-9899-0d02151a6437" parentId="f57c4edd-1dc5-4910-be1c-3d0ea8d5267b" />
      <TestMethod codeBase="c:\agt6\_work\10\s\qaautomation\api\tests\modules\careerservices\corporation\corporation_validations-generictest.generictest" adapterTypeName="executor://orderedtestadapter/v1" className="c:\agt6\_work\10\s\qaautomation\api\tests\modules\careerservices\corporation\corporation_validations-generictest" name="corporation_validations-generictest" />
    </UnitTest>
    <UnitTest name="employers_validations-generictest" storage="c:\agt6\_work\10\s\qaautomation\api\tests\modules\careerservices\employers\employers_validations-generictest.generictest" id="769b9c95-ec95-4ce0-b42c-d9938b421505">
      <Execution id="444ebc9e-54f7-48c8-845d-71351d3ff85a" parentId="f57c4edd-1dc5-4910-be1c-3d0ea8d5267b" />
      <TestMethod codeBase="c:\agt6\_work\10\s\qaautomation\api\tests\modules\careerservices\employers\employers_validations-generictest.generictest" adapterTypeName="executor://orderedtestadapter/v1" className="c:\agt6\_work\10\s\qaautomation\api\tests\modules\careerservices\employers\employers_validations-generictest" name="employers_validations-generictest" />
    </UnitTest>
    <UnitTest name="areaofstudyrequirementrule-generictest" storage="c:\agt6\_work\10\s\qaautomation\api\tests\modules\academics\aos_requirementrules\areaofstudyrequirementrule-generictest.generictest" id="3e45b771-db9b-4e88-bdd4-4c9238d2d749">
      <Execution id="88d81d4f-1c40-4eac-be29-a2b4decb77fe" parentId="975c70bb-18bc-44e2-963d-471bef2b4959" />
      <TestMethod codeBase="c:\agt6\_work\10\s\qaautomation\api\tests\modules\academics\aos_requirementrules\areaofstudyrequirementrule-generictest.generictest" adapterTypeName="executor://orderedtestadapter/v1" className="c:\agt6\_work\10\s\qaautomation\api\tests\modules\academics\aos_requirementrules\areaofstudyrequirementrule-generictest" name="areaofstudyrequirementrule-generictest" />
    </UnitTest>
    <UnitTest name="academicyears-generictest" storage="c:\agt6\_work\10\s\qaautomation\api\tests\modules\financialaid\academicyears\academicyears-generictest.generictest" id="3170fd3e-d419-4712-885b-e0c179db779f">
      <Execution id="bc59450f-c973-4a69-bb62-84336236ae62" parentId="f8722d4b-878b-4c0e-af2f-4cb352a1c558" />
      <TestMethod codeBase="c:\agt6\_work\10\s\qaautomation\api\tests\modules\financialaid\academicyears\academicyears-generictest.generictest" adapterTypeName="executor://orderedtestadapter/v1" className="c:\agt6\_work\10\s\qaautomation\api\tests\modules\financialaid\academicyears\academicyears-generictest" name="academicyears-generictest" />
    </UnitTest>
    <UnitTest name="salarytype_validations-generictest" storage="c:\agt6\_work\10\s\qaautomation\api\tests\modules\careerservices\salarytype\salarytype_validations-generictest.generictest" id="7413bbd6-3def-47e2-ad05-c4e55facdecf">
      <Execution id="1ba9fdfc-24fa-4179-884b-e2645f5abcd2" parentId="f57c4edd-1dc5-4910-be1c-3d0ea8d5267b" />
      <TestMethod codeBase="c:\agt6\_work\10\s\qaautomation\api\tests\modules\careerservices\salarytype\salarytype_validations-generictest.generictest" adapterTypeName="executor://orderedtestadapter/v1" className="c:\agt6\_work\10\s\qaautomation\api\tests\modules\careerservices\salarytype\salarytype_validations-generictest" name="salarytype_validations-generictest" />
    </UnitTest>
    <UnitTest name="servicetypebillingmethod_validations-generictest" storage="c:\agt6\_work\10\s\qaautomation\api\tests\modules\studentservices\servicetypebillingmethod\servicetypebillingmethod_validations-generictest.generictest" id="aad19ad4-fdd0-452f-8fe2-84722d41dd3c">
      <Execution id="ef0891ab-9896-45be-8817-d7262f70161f" parentId="e9811b83-52c2-47f7-9702-4c8288be0f1c" />
      <TestMethod codeBase="c:\agt6\_work\10\s\qaautomation\api\tests\modules\studentservices\servicetypebillingmethod\servicetypebillingmethod_validations-generictest.generictest" adapterTypeName="executor://orderedtestadapter/v1" className="c:\agt6\_work\10\s\qaautomation\api\tests\modules\studentservices\servicetypebillingmethod\servicetypebillingmethod_validations-generictest" name="servicetypebillingmethod_validations-generictest" />
    </UnitTest>
    <UnitTest name="codfunddrawdownreturnsource-generictest" storage="c:\agt6\_work\10\s\qaautomation\api\tests\modules\studentaccounts\codfunddrawdownreturnsource\codfunddrawdownreturnsource-generictest.generictest" id="0d2bd962-bd07-4871-a71b-0866d86657c2">
      <Execution id="d6b5ac5b-7c3e-4aa9-b521-f8fc6b3f7290" parentId="8d25963c-9e1a-4fad-96d3-9915c9d8660b" />
      <TestMethod codeBase="c:\agt6\_work\10\s\qaautomation\api\tests\modules\studentaccounts\codfunddrawdownreturnsource\codfunddrawdownreturnsource-generictest.generictest" adapterTypeName="executor://orderedtestadapter/v1" className="c:\agt6\_work\10\s\qaautomation\api\tests\modules\studentaccounts\codfunddrawdownreturnsource\codfunddrawdownreturnsource-generictest" name="codfunddrawdownreturnsource-generictest" />
    </UnitTest>
    <UnitTest name="careerservicehowplaceddupchecksave-generictest" storage="c:\agt6\_work\10\s\qaautomation\api\tests\modules\careerservices\howplaced\careerservicehowplaceddupchecksave-generictest.generictest" id="b7d69751-60a1-4f51-96a4-4e02c352fd82">
      <Execution id="33a0d9db-fef4-4265-932e-1e697b559f0f" parentId="f57c4edd-1dc5-4910-be1c-3d0ea8d5267b" />
      <TestMethod codeBase="c:\agt6\_work\10\s\qaautomation\api\tests\modules\careerservices\howplaced\careerservicehowplaceddupchecksave-generictest.generictest" adapterTypeName="executor://orderedtestadapter/v1" className="c:\agt6\_work\10\s\qaautomation\api\tests\modules\careerservices\howplaced\careerservicehowplaceddupchecksave-generictest" name="careerservicehowplaceddupchecksave-generictest" />
    </UnitTest>
    <UnitTest name="organisationcontactcrud-generictest" storage="c:\agt6\_work\10\s\qaautomation\api\tests\modules\admissions\organisationcontact\organisationcontactcrud-generictest.generictest" id="5467bcb8-f3ef-40bf-a45f-e52a75f29202">
      <Execution id="97ca950f-5329-40f2-aabf-8ae922fba434" parentId="abfacd55-93a6-4088-9022-286aa3b7c61b" />
      <TestMethod codeBase="c:\agt6\_work\10\s\qaautomation\api\tests\modules\admissions\organisationcontact\organisationcontactcrud-generictest.generictest" adapterTypeName="executor://orderedtestadapter/v1" className="c:\agt6\_work\10\s\qaautomation\api\tests\modules\admissions\organisationcontact\organisationcontactcrud-generictest" name="organisationcontactcrud-generictest" />
    </UnitTest>
    <OrderedTest name="OTPublishScheduleforaTermwhichisalreadypublished" storage="c:\agt6\_work\10\s\qaautomation\api\orderedtests\modules\academics\otpublishscheduleforatermwhichisalreadypublished.orderedtest" id="7f32ed84-d670-4651-920d-8596e941ca46">
      <Execution id="954bbd78-b39a-491c-ac35-61258c954cb1" />
      <TestLinks>
        <TestLink id="b3eaedc6-7cdb-4d78-a3e8-3d98e040fb82" name="publishingschedulescenario3" storage="c:\agt6\_work\10\s\qaautomation\api\tests\modules\academics\publishscheduleonclassscheduling\publish schedule for a term which is already published\publishingschedulescenario3.generictest" />
      </TestLinks>
    </OrderedTest>
    <UnitTest name="gradescale_savedupcheck-generictest" storage="c:\agt6\_work\10\s\qaautomation\api\tests\modules\academics\gradescale\gradescale_savedupcheck-generictest.generictest" id="5860294f-4641-4464-ab5f-53527466999d">
      <Execution id="5a8b57c0-971b-40db-b2b2-5f3d5fcda21b" parentId="975c70bb-18bc-44e2-963d-471bef2b4959" />
      <TestMethod codeBase="c:\agt6\_work\10\s\qaautomation\api\tests\modules\academics\gradescale\gradescale_savedupcheck-generictest.generictest" adapterTypeName="executor://orderedtestadapter/v1" className="c:\agt6\_work\10\s\qaautomation\api\tests\modules\academics\gradescale\gradescale_savedupcheck-generictest" name="gradescale_savedupcheck-generictest" />
    </UnitTest>
    <OrderedTest name="FinancialAidAllApis-OrderedTest" storage="c:\agt6\_work\10\s\qaautomation\api\orderedtests\modules\financialaidallapis-orderedtest.orderedtest" id="f265a6ea-82ee-4052-bb78-9fb65f79b593">
      <Execution id="f8722d4b-878b-4c0e-af2f-4cb352a1c558" />
      <TestLinks>
        <TestLink id="3170fd3e-d419-4712-885b-e0c179db779f" name="academicyears-generictest" storage="c:\agt6\_work\10\s\qaautomation\api\tests\modules\financialaid\academicyears\academicyears-generictest.generictest" />
        <TestLink id="9c7adc63-413a-4708-b090-303adb19e74a" name="budgets-generictest" storage="c:\agt6\_work\10\s\qaautomation\api\tests\modules\financialaid\budgets\budgets-generictest.generictest" />
        <TestLink id="65ab3f14-e4e7-446c-b889-d444e21e3fec" name="budgetsdeletevalidation-generictest" storage="c:\agt6\_work\10\s\qaautomation\api\tests\modules\financialaid\budgets\budgetsdeletevalidation-generictest.generictest" />
        <TestLink id="8d8015e5-b72b-4fbb-b66d-a332a4d440cd" name="cod-generictest" storage="c:\agt6\_work\10\s\qaautomation\api\tests\modules\financialaid\cod\cod-generictest.generictest" />
        <TestLink id="b563f5e8-3a80-4a2e-83aa-22671e3251fd" name="codgrants-generictest" storage="c:\agt6\_work\10\s\qaautomation\api\tests\modules\financialaid\cod\codgrants-generictest.generictest" />
        <TestLink id="3fb08cf5-d009-44f9-98b7-31fb80e76822" name="commonline-generictest" storage="c:\agt6\_work\10\s\qaautomation\api\tests\modules\financialaid\commonline\commonline-generictest.generictest" />
        <TestLink id="6d384dc9-3d84-49b8-9337-0b3a0c62f8b6" name="commonlinerecipientcreateandupdate-generictest" storage="c:\agt6\_work\10\s\qaautomation\api\tests\modules\financialaid\commonlinerecipientcreateandupdate\commonlinerecipientcreateandupdate-generictest.generictest" />
        <TestLink id="62a8c8b5-6986-4281-870f-ad1e9932c820" name="directloan-generictest" storage="c:\agt6\_work\10\s\qaautomation\api\tests\modules\financialaid\directloan\directloan-generictest.generictest" />
        <TestLink id="adc8826e-be63-4376-95a3-7f3d74c253aa" name="disabledfundsource-generictest" storage="c:\agt6\_work\10\s\qaautomation\api\tests\modules\financialaid\disabledfundsource\disabledfundsource-generictest.generictest" />
        <TestLink id="f744eadb-6561-446d-95a4-49fc7639bdbe" name="disbursementapprovalrule-generictest" storage="c:\agt6\_work\10\s\qaautomation\api\tests\modules\financialaid\disbursementapprovalrule\disbursementapprovalrule-generictest.generictest" />
        <TestLink id="0017d07b-712e-44de-910e-208b3183bef3" name="disbursementapprovalrule_validation-generictest" storage="c:\agt6\_work\10\s\qaautomation\api\tests\modules\financialaid\disbursementapprovalrule\disbursementapprovalrule_validation-generictest.generictest" />
        <TestLink id="81fccace-dc30-44cb-b778-b8f2692be908" name="excusedabsencepolicycode-generictest" storage="c:\agt6\_work\10\s\qaautomation\api\tests\modules\financialaid\excusedabsencepolicycode\excusedabsencepolicycode-generictest.generictest" />
        <TestLink id="ecf4c4eb-442a-4c80-83ba-7afe00646c1a" name="fapackagingstatus_crud-generictest" storage="c:\agt6\_work\10\s\qaautomation\api\tests\modules\financialaid\fapackagingstatus\fapackagingstatus_crud-generictest.generictest" />
        <TestLink id="24bbe8b9-5486-40cf-b173-fd44abd241ae" name="fasapstatus_savedupcheck-generictest" storage="c:\agt6\_work\10\s\qaautomation\api\tests\modules\financialaid\fasapstatus\fasapstatus_savedupcheck-generictest.generictest" />
        <TestLink id="03e094ee-d349-4317-b903-a14a29933f99" name="fasapstatus_savenewdupcheck-generictest" storage="c:\agt6\_work\10\s\qaautomation\api\tests\modules\financialaid\fasapstatus\fasapstatus_savenewdupcheck-generictest.generictest" />
        <TestLink id="645075a5-cb89-4950-8452-2b16ea3f41fe" name="fasapstatuscrud-generictest" storage="c:\agt6\_work\10\s\qaautomation\api\tests\modules\financialaid\fasapstatus\fasapstatuscrud-generictest.generictest" />
        <TestLink id="80b0a665-78f0-465c-9fa8-90add9185cec" name="falender-generictest" storage="c:\agt6\_work\10\s\qaautomation\api\tests\modules\financialaid\frmfalender\falender-generictest.generictest" />
        <TestLink id="178e7964-ed69-479f-ae9e-30371aace094" name="fundsource-generictest" storage="c:\agt6\_work\10\s\qaautomation\api\tests\modules\financialaid\fundsource\fundsource-generictest.generictest" />
        <TestLink id="a074d4c5-baf7-4763-9493-8fad9b3e0d00" name="generalledgerfunds-generictest" storage="c:\agt6\_work\10\s\qaautomation\api\tests\modules\financialaid\generalledgerfunds\generalledgerfunds-generictest.generictest" />
        <TestLink id="6beef60c-5edc-4317-9254-4f892c9d4d64" name="hopescholarships.generictest" storage="c:\agt6\_work\10\s\qaautomation\api\tests\modules\financialaid\hopescholarships\hopescholarships.generictest.generictest" />
        <TestLink id="532b1862-d028-4d52-b05d-6c4acfee7e90" name="icutreportings.generictest" storage="c:\agt6\_work\10\s\qaautomation\api\tests\modules\financialaid\icutreportings\icutreportings.generictest.generictest" />
        <TestLink id="482e8b43-6367-48d6-8ea2-3ac3f6e68517" name="packagingmethod-generictest" storage="c:\agt6\_work\10\s\qaautomation\api\tests\modules\financialaid\packagingmethod\packagingmethod-generictest.generictest" />
        <TestLink id="3945606f-fed6-4996-ac03-6b693b16ceba" name="packagingmethodvalidations-generictest" storage="c:\agt6\_work\10\s\qaautomation\api\tests\modules\financialaid\packagingmethod\packagingmethodvalidations-generictest.generictest" />
        <TestLink id="88d5ca4b-277c-48f1-9bf0-ad21d785a214" name="packagingstatuspromotions-generictest" storage="c:\agt6\_work\10\s\qaautomation\api\tests\modules\financialaid\packagingstatuspromotions\packagingstatuspromotions-generictest.generictest" />
        <TestLink id="bbf114db-2b76-4370-b791-fff9c6e6651f" name="programsetup.generictest" storage="c:\agt6\_work\10\s\qaautomation\api\tests\modules\financialaid\programsetup\programsetup.generictest.generictest" />
        <TestLink id="e1d81e87-3f55-43e3-b8ff-5e4872f77049" name="setawardlimits-generictest" storage="c:\agt6\_work\10\s\qaautomation\api\tests\modules\financialaid\setawardlimits\setawardlimits-generictest.generictest" />
        <TestLink id="4b2d4469-086e-42e8-ba0c-98331d65b6c8" name="thcbreporting.generictest" storage="c:\agt6\_work\10\s\qaautomation\api\tests\modules\financialaid\thcbreporting\thcbreporting.generictest.generictest" />
      </TestLinks>
    </OrderedTest>
    <UnitTest name="roomresource-generictest" storage="c:\agt6\_work\10\s\qaautomation\api\tests\modules\common\rooms\roomresource-generictest.generictest" id="ae40877d-7d45-40f5-9f1b-50ae9038f506">
      <Execution id="cb42e7e4-28a6-49e0-b143-ea55bcb24762" parentId="c8803a03-a4a6-4e57-8f0f-0ed6b90c0554" />
      <TestMethod codeBase="c:\agt6\_work\10\s\qaautomation\api\tests\modules\common\rooms\roomresource-generictest.generictest" adapterTypeName="executor://orderedtestadapter/v1" className="c:\agt6\_work\10\s\qaautomation\api\tests\modules\common\rooms\roomresource-generictest" name="roomresource-generictest" />
    </UnitTest>
    <UnitTest name="publishingschedulesceanario1" storage="c:\agt6\_work\10\s\qaautomation\api\tests\modules\academics\publishscheduleonclassscheduling\publish schedule for a term which has class sections present\publishingschedulesceanario1.generictest" id="732b4b80-1915-4682-96b1-71eb94455fa4">
      <Execution id="95d76463-8a58-42e3-9e87-ef6c5ceb475e" parentId="b53301db-5aed-494b-910c-40b249f19319" />
      <TestMethod codeBase="c:\agt6\_work\10\s\qaautomation\api\tests\modules\academics\publishscheduleonclassscheduling\publish schedule for a term which has class sections present\publishingschedulesceanario1.generictest" adapterTypeName="executor://orderedtestadapter/v1" className="c:\agt6\_work\10\s\qaautomation\api\tests\modules\academics\publishscheduleonclassscheduling\publish schedule for a term which has class sections present\publishingschedulesceanario1" name="publishingschedulesceanario1" />
    </UnitTest>
    <OrderedTest name="StudentAccounts-OrderedTest" storage="c:\agt6\_work\10\s\qaautomation\api\orderedtests\modules\studentaccounts-orderedtest.orderedtest" id="31d2723c-b3d9-4fff-9f77-e20b9beae0f9">
      <Execution id="8d25963c-9e1a-4fad-96d3-9915c9d8660b" />
      <TestLinks>
        <TestLink id="4107d142-2edc-4e6c-b9c4-6bc1fde11230" name="accountstatus-generictest" storage="c:\agt6\_work\10\s\qaautomation\api\tests\modules\studentaccounts\accountstatus\accountstatus-generictest.generictest" />
        <TestLink id="ac373464-f2e3-4bdb-9631-754852db711e" name="achbatchfilenotificiationchangecode-generictest" storage="c:\agt6\_work\10\s\qaautomation\api\tests\modules\studentaccounts\achbatchfilenotificiationchangecode\achbatchfilenotificiationchangecode-generictest.generictest" />
        <TestLink id="378893ca-cfb6-404f-a928-d29c13c3c2ce" name="billingtransactioncode-generictest" storage="c:\agt6\_work\10\s\qaautomation\api\tests\modules\studentaccounts\billingtransactioncode\billingtransactioncode-generictest.generictest" />
        <TestLink id="75f9fa4c-19e7-403f-8d75-abcbe7ad4244" name="cashdrawer-generictest" storage="c:\agt6\_work\10\s\qaautomation\api\tests\modules\studentaccounts\cashdrawer\cashdrawer-generictest.generictest" />
        <TestLink id="0d2bd962-bd07-4871-a71b-0866d86657c2" name="codfunddrawdownreturnsource-generictest" storage="c:\agt6\_work\10\s\qaautomation\api\tests\modules\studentaccounts\codfunddrawdownreturnsource\codfunddrawdownreturnsource-generictest.generictest" />
        <TestLink id="7b812793-e283-4d3d-ae0d-7b1e27caec91" name="termgroup-generictest" storage="c:\agt6\_work\10\s\qaautomation\api\tests\modules\studentaccounts\termgroup\termgroup-generictest.generictest" />
        <TestLink id="dfc38cdb-ba52-4025-88b3-757a9d4fbe66" name="tuitiondiscountpolicy-generictest" storage="c:\agt6\_work\10\s\qaautomation\api\tests\modules\studentaccounts\tuitiondiscountpolicy\tuitiondiscountpolicy-generictest.generictest" />
        <TestLink id="4b1683f2-c0cd-44e3-84e1-0a6f84aefea3" name="paymentprocessor-generictest" storage="c:\agt6\_work\10\s\qaautomation\api\tests\modules\studentaccounts\paymentprocessor\paymentprocessor-generictest.generictest" />
        <TestLink id="bc85f5e8-bf41-4d4a-9dc2-61f12b7198c9" name="creditcardbatchresponsecodedetail-generictest" storage="c:\agt6\_work\10\s\qaautomation\api\tests\modules\studentaccounts\creditcardbatchresponsecodedetail\creditcardbatchresponsecodedetail-generictest.generictest" />
        <TestLink id="82bd3ed2-58ff-47e1-8e29-0df7846d3ea5" name="creditcardbatchresponsecode-generictest" storage="c:\agt6\_work\10\s\qaautomation\api\tests\modules\studentaccounts\creditcardbatchresponsecode\creditcardbatchresponsecode-generictest.generictest" />
        <TestLink id="0b62e3ae-be13-4a90-a50e-18d56c2e2441" name="courserefundpolicy-generictest" storage="c:\agt6\_work\10\s\qaautomation\api\tests\modules\studentaccounts\courserefundpolicy\courserefundpolicy-generictest.generictest" />
        <TestLink id="2611fac2-cf12-44c4-8db6-17740077bca2" name="programversion-generictest" storage="c:\agt6\_work\10\s\qaautomation\api\tests\modules\studentaccounts\programversion\programversion-generictest.generictest" />
        <TestLink id="fa931096-c9c6-4bed-8684-59e94b9774d3" name="automaticcharge-generictest" storage="c:\agt6\_work\10\s\qaautomation\api\tests\modules\studentaccounts\automaticcharge\automaticcharge-generictest.generictest" />
        <TestLink id="a22fa927-2af3-4f4a-a335-b786d35782c2" name="studentaccounttransactionpaymentdescription-generictest" storage="c:\agt6\_work\10\s\qaautomation\api\tests\modules\studentaccounts\studentaccounttransactionpaymentdescription\studentaccounttransactionpaymentdescription-generictest.generictest" />
      </TestLinks>
    </OrderedTest>
    <UnitTest name="createnewclassscheduleforupdatedsetting-generictest" storage="c:\agt6\_work\10\s\qaautomation\api\tests\modules\academics\createnewclassschedule\createnewclassscheduleforupdatedsetting-generictest.generictest" id="5636c408-fcdd-4012-886c-e164379dc32f">
      <Execution id="d78575d1-5fe6-41e7-9427-dcdccb0ca275" parentId="885f4b1f-aa10-4de9-8c81-ba981614ddbe" />
      <TestMethod codeBase="c:\agt6\_work\10\s\qaautomation\api\tests\modules\academics\createnewclassschedule\createnewclassscheduleforupdatedsetting-generictest.generictest" adapterTypeName="executor://orderedtestadapter/v1" className="c:\agt6\_work\10\s\qaautomation\api\tests\modules\academics\createnewclassschedule\createnewclassscheduleforupdatedsetting-generictest" name="createnewclassscheduleforupdatedsetting-generictest" />
    </UnitTest>
    <UnitTest name="placementstatusreason_validations-generictest" storage="c:\agt6\_work\10\s\qaautomation\api\tests\modules\careerservices\placementstatusreason\placementstatusreason_validations-generictest.generictest" id="3c825dc6-61d3-4098-a7d8-75050bc0c29d">
      <Execution id="beded39b-b782-403c-9336-ffa95b8f28a4" parentId="f57c4edd-1dc5-4910-be1c-3d0ea8d5267b" />
      <TestMethod codeBase="c:\agt6\_work\10\s\qaautomation\api\tests\modules\careerservices\placementstatusreason\placementstatusreason_validations-generictest.generictest" adapterTypeName="executor://orderedtestadapter/v1" className="c:\agt6\_work\10\s\qaautomation\api\tests\modules\careerservices\placementstatusreason\placementstatusreason_validations-generictest" name="placementstatusreason_validations-generictest" />
    </UnitTest>
    <UnitTest name="ldaattendance-generictest" storage="c:\agt6\_work\10\s\qaautomation\api\tests\modules\common\ldaattendance\ldaattendance-generictest.generictest" id="6b401679-f46a-4605-835b-f504016e8a79">
      <Execution id="b4309a42-3846-46ed-b03a-9987a452b259" parentId="c8803a03-a4a6-4e57-8f0f-0ed6b90c0554" />
      <TestMethod codeBase="c:\agt6\_work\10\s\qaautomation\api\tests\modules\common\ldaattendance\ldaattendance-generictest.generictest" adapterTypeName="executor://orderedtestadapter/v1" className="c:\agt6\_work\10\s\qaautomation\api\tests\modules\common\ldaattendance\ldaattendance-generictest" name="ldaattendance-generictest" />
    </UnitTest>
    <UnitTest name="viewingandupdatinhidefacultyandlocationvalues" storage="c:\agt6\_work\10\s\qaautomation\api\tests\modules\academics\viewingandupdatinhidefacultyandlocationvalues\viewingandupdatinhidefacultyandlocationvalues.generictest" id="836fa66f-53d7-40fe-a90d-c7797e531fc1">
      <Execution id="fb0642b6-f8a6-4710-9f14-f802f842ce0d" parentId="a0ee7f23-cc58-4760-a02e-f210b15b844f" />
      <TestMethod codeBase="c:\agt6\_work\10\s\qaautomation\api\tests\modules\academics\viewingandupdatinhidefacultyandlocationvalues\viewingandupdatinhidefacultyandlocationvalues.generictest" adapterTypeName="executor://orderedtestadapter/v1" className="c:\agt6\_work\10\s\qaautomation\api\tests\modules\academics\viewingandupdatinhidefacultyandlocationvalues\viewingandupdatinhidefacultyandlocationvalues" name="viewingandupdatinhidefacultyandlocationvalues" />
    </UnitTest>
    <UnitTest name="registercoursetostudentstudentschoice_passfailchecked-generictest" storage="c:\agt6\_work\10\s\qaautomation\api\tests\modules\academics\registercoursetostudent\registercoursetostudentstudentschoice_passfailchecked-generictest.generictest" id="d7efbccd-c63c-4a7f-999b-53b612c5668a">
      <Execution id="062e03c3-3070-4da7-a6a5-d321c24545f3" parentId="9059987a-faae-46f9-b683-a9a4b358f9b0" />
      <TestMethod codeBase="c:\agt6\_work\10\s\qaautomation\api\tests\modules\academics\registercoursetostudent\registercoursetostudentstudentschoice_passfailchecked-generictest.generictest" adapterTypeName="executor://orderedtestadapter/v1" className="c:\agt6\_work\10\s\qaautomation\api\tests\modules\academics\registercoursetostudent\registercoursetostudentstudentschoice_passfailchecked-generictest" name="registercoursetostudentstudentschoice_passfailchecked-generictest" />
    </UnitTest>
    <UnitTest name="building_savenew_validation_dupecheck1-generictest" storage="c:\agt6\_work\10\s\qaautomation\api\tests\modules\common\building\building_savenew_validation_dupecheck1-generictest.generictest" id="78db93ea-de56-4dce-82ce-c501369e6dd5">
      <Execution id="08dbc18e-e714-4e6b-a465-a41cbc6ea4f8" parentId="c8803a03-a4a6-4e57-8f0f-0ed6b90c0554" />
      <TestMethod codeBase="c:\agt6\_work\10\s\qaautomation\api\tests\modules\common\building\building_savenew_validation_dupecheck1-generictest.generictest" adapterTypeName="executor://orderedtestadapter/v1" className="c:\agt6\_work\10\s\qaautomation\api\tests\modules\common\building\building_savenew_validation_dupecheck1-generictest" name="building_savenew_validation_dupecheck1-generictest" />
    </UnitTest>
    <UnitTest name="postfinalgradetostudentcourse-generictest" storage="c:\agt6\_work\10\s\qaautomation\api\tests\modules\academics\postfinalgradetostudentcourse\postfinalgradetostudentcourse-generictest.generictest" id="c9620a32-f65c-42c7-9347-fcb7718eeb98">
      <Execution id="ca7cf3ef-cb9a-414a-9904-086e5bbdeac2" parentId="724e859a-d2d0-4e1a-9e59-155f8067e3f5" />
      <TestMethod codeBase="c:\agt6\_work\10\s\qaautomation\api\tests\modules\academics\postfinalgradetostudentcourse\postfinalgradetostudentcourse-generictest.generictest" adapterTypeName="executor://orderedtestadapter/v1" className="c:\agt6\_work\10\s\qaautomation\api\tests\modules\academics\postfinalgradetostudentcourse\postfinalgradetostudentcourse-generictest" name="postfinalgradetostudentcourse-generictest" />
    </UnitTest>
    <UnitTest name="generalsetup-generictest" storage="c:\agt6\_work\10\s\qaautomation\api\tests\modules\common\generalsetup\generalsetup-generictest.generictest" id="835f5d74-555a-4b70-b3cb-981ee9c51e3a">
      <Execution id="c995ab26-908e-4ca1-b580-06c7e475cb2e" parentId="c8803a03-a4a6-4e57-8f0f-0ed6b90c0554" />
      <TestMethod codeBase="c:\agt6\_work\10\s\qaautomation\api\tests\modules\common\generalsetup\generalsetup-generictest.generictest" adapterTypeName="executor://orderedtestadapter/v1" className="c:\agt6\_work\10\s\qaautomation\api\tests\modules\common\generalsetup\generalsetup-generictest" name="generalsetup-generictest" />
    </UnitTest>
    <UnitTest name="servicetypecustomfield_validations-generictest" storage="c:\agt6\_work\10\s\qaautomation\api\tests\modules\studentservices\servicetypecustomfield\servicetypecustomfield_validations-generictest.generictest" id="4d83edc7-fe33-4aa1-820d-d350b0acf36e">
      <Execution id="dffea6ce-3c5a-4385-98bf-c16d30fb74a0" parentId="e9811b83-52c2-47f7-9702-4c8288be0f1c" />
      <TestMethod codeBase="c:\agt6\_work\10\s\qaautomation\api\tests\modules\studentservices\servicetypecustomfield\servicetypecustomfield_validations-generictest.generictest" adapterTypeName="executor://orderedtestadapter/v1" className="c:\agt6\_work\10\s\qaautomation\api\tests\modules\studentservices\servicetypecustomfield\servicetypecustomfield_validations-generictest" name="servicetypecustomfield_validations-generictest" />
    </UnitTest>
    <UnitTest name="industryprogramversion-generictest" storage="c:\agt6\_work\10\s\qaautomation\api\tests\modules\careerservices\industryprogramversion\industryprogramversion-generictest.generictest" id="4762b4f8-2025-466a-9b66-aa1b7c8ec379">
      <Execution id="e1d30e83-657d-4fb3-8e16-771ead94e630" parentId="f57c4edd-1dc5-4910-be1c-3d0ea8d5267b" />
      <TestMethod codeBase="c:\agt6\_work\10\s\qaautomation\api\tests\modules\careerservices\industryprogramversion\industryprogramversion-generictest.generictest" adapterTypeName="executor://orderedtestadapter/v1" className="c:\agt6\_work\10\s\qaautomation\api\tests\modules\careerservices\industryprogramversion\industryprogramversion-generictest" name="industryprogramversion-generictest" />
    </UnitTest>
    <UnitTest name="cod-generictest" storage="c:\agt6\_work\10\s\qaautomation\api\tests\modules\financialaid\cod\cod-generictest.generictest" id="8d8015e5-b72b-4fbb-b66d-a332a4d440cd">
      <Execution id="6dc6238e-ca7e-48bf-88f8-388f5ae93d48" parentId="f8722d4b-878b-4c0e-af2f-4cb352a1c558" />
      <TestMethod codeBase="c:\agt6\_work\10\s\qaautomation\api\tests\modules\financialaid\cod\cod-generictest.generictest" adapterTypeName="executor://orderedtestadapter/v1" className="c:\agt6\_work\10\s\qaautomation\api\tests\modules\financialaid\cod\cod-generictest" name="cod-generictest" />
    </UnitTest>
    <UnitTest name="clearingwaitlistforspecificstudent-generictest" storage="c:\agt6\_work\10\s\qaautomation\api\tests\modules\academics\checkingclearwaitlistfunctionality\clearwaitlistsettingischecked\clearingwaitlistforspecificstudent\clearingwaitlistforspecificstudent-generictest.generictest" id="af41faf8-569c-47a3-87a5-a8d8a9c4163e">
      <Execution id="5568f9a0-a364-42cc-8401-d167446e31f5" parentId="4fabbed2-0a7a-4c3c-acdf-7e7925ec29b0" />
      <TestMethod codeBase="c:\agt6\_work\10\s\qaautomation\api\tests\modules\academics\checkingclearwaitlistfunctionality\clearwaitlistsettingischecked\clearingwaitlistforspecificstudent\clearingwaitlistforspecificstudent-generictest.generictest" adapterTypeName="executor://orderedtestadapter/v1" className="c:\agt6\_work\10\s\qaautomation\api\tests\modules\academics\checkingclearwaitlistfunctionality\clearwaitlistsettingischecked\clearingwaitlistforspecificstudent\clearingwaitlistforspecificstudent-generictest" name="clearingwaitlistforspecificstudent-generictest" />
    </UnitTest>
    <UnitTest name="courseandcoursescheduledetailsforfixedcourse-generictest" storage="c:\agt6\_work\10\s\qaautomation\api\tests\modules\academics\courseandclassscheduledetails\courseandcoursescheduledetailsforfixedcourse-generictest.generictest" id="ff357f17-d96f-4cc5-a87f-b990e5440b42">
      <Execution id="c93bac7f-0f4a-41c0-aaaa-763208b747d5" parentId="3e995ff7-fae1-4788-99fe-84045f43c681" />
      <TestMethod codeBase="c:\agt6\_work\10\s\qaautomation\api\tests\modules\academics\courseandclassscheduledetails\courseandcoursescheduledetailsforfixedcourse-generictest.generictest" adapterTypeName="executor://orderedtestadapter/v1" className="c:\agt6\_work\10\s\qaautomation\api\tests\modules\academics\courseandclassscheduledetails\courseandcoursescheduledetailsforfixedcourse-generictest" name="courseandcoursescheduledetailsforfixedcourse-generictest" />
    </UnitTest>
    <OrderedTest name="OTCheckingandUpdatingHideFacultyandLocationvalues" storage="c:\agt6\_work\10\s\qaautomation\api\orderedtests\modules\academics\otcheckingandupdatinghidefacultyandlocationvalues.orderedtest" id="ff23713c-bb01-4121-a6e7-7c1967f193c4">
      <Execution id="a0ee7f23-cc58-4760-a02e-f210b15b844f" />
      <TestLinks>
        <TestLink id="4151ae03-e4ab-4c20-aec1-83b687187f79" name="createnewclassscheduleforhidefacultyandlocation" storage="c:\agt6\_work\10\s\qaautomation\api\tests\modules\academics\viewingandupdatinhidefacultyandlocationvalues\pre-req\createnewclassschedule\createnewclassscheduleforhidefacultyandlocation.generictest" />
        <TestLink id="836fa66f-53d7-40fe-a90d-c7797e531fc1" name="viewingandupdatinhidefacultyandlocationvalues" storage="c:\agt6\_work\10\s\qaautomation\api\tests\modules\academics\viewingandupdatinhidefacultyandlocationvalues\viewingandupdatinhidefacultyandlocationvalues.generictest" />
      </TestLinks>
    </OrderedTest>
    <UnitTest name="courseregister_startdateandexpectedenddate" storage="c:\agt6\_work\10\s\qaautomation\api\tests\modules\academics\registercoursestartdateandenddate\courseregister_startdateandexpectedenddate.generictest" id="a91bfc5d-e0b1-40dc-aa11-b3d90dd2680b">
      <Execution id="120d09f8-7e73-4cf3-8359-e013cb6eb7ea" parentId="17ea93a9-49d8-43db-be06-103c3401b10b" />
      <TestMethod codeBase="c:\agt6\_work\10\s\qaautomation\api\tests\modules\academics\registercoursestartdateandenddate\courseregister_startdateandexpectedenddate.generictest" adapterTypeName="executor://orderedtestadapter/v1" className="c:\agt6\_work\10\s\qaautomation\api\tests\modules\academics\registercoursestartdateandenddate\courseregister_startdateandexpectedenddate" name="courseregister_startdateandexpectedenddate" />
    </UnitTest>
    <UnitTest name="termgroup-generictest" storage="c:\agt6\_work\10\s\qaautomation\api\tests\modules\studentaccounts\termgroup\termgroup-generictest.generictest" id="7b812793-e283-4d3d-ae0d-7b1e27caec91">
      <Execution id="d54ff314-5d1d-4592-a459-321b8ee74355" parentId="8d25963c-9e1a-4fad-96d3-9915c9d8660b" />
      <TestMethod codeBase="c:\agt6\_work\10\s\qaautomation\api\tests\modules\studentaccounts\termgroup\termgroup-generictest.generictest" adapterTypeName="executor://orderedtestadapter/v1" className="c:\agt6\_work\10\s\qaautomation\api\tests\modules\studentaccounts\termgroup\termgroup-generictest" name="termgroup-generictest" />
    </UnitTest>
    <UnitTest name="careerfieldprogramversion_crud-generictest" storage="c:\agt6\_work\10\s\qaautomation\api\tests\modules\careerservices\careerfieldprogramversion\careerfieldprogramversion_crud-generictest.generictest" id="ffd7bdb4-0ddf-4ba9-b82b-7214242e7e51">
      <Execution id="1d7fc2f5-bc35-46e0-8a69-e57fab5d2b60" parentId="f57c4edd-1dc5-4910-be1c-3d0ea8d5267b" />
      <TestMethod codeBase="c:\agt6\_work\10\s\qaautomation\api\tests\modules\careerservices\careerfieldprogramversion\careerfieldprogramversion_crud-generictest.generictest" adapterTypeName="executor://orderedtestadapter/v1" className="c:\agt6\_work\10\s\qaautomation\api\tests\modules\careerservices\careerfieldprogramversion\careerfieldprogramversion_crud-generictest" name="careerfieldprogramversion_crud-generictest" />
    </UnitTest>
    <UnitTest name="achbatchfilenotificiationchangecode-generictest" storage="c:\agt6\_work\10\s\qaautomation\api\tests\modules\studentaccounts\achbatchfilenotificiationchangecode\achbatchfilenotificiationchangecode-generictest.generictest" id="ac373464-f2e3-4bdb-9631-754852db711e">
      <Execution id="82b142fe-f8e9-443f-9c77-519c3b3e9590" parentId="8d25963c-9e1a-4fad-96d3-9915c9d8660b" />
      <TestMethod codeBase="c:\agt6\_work\10\s\qaautomation\api\tests\modules\studentaccounts\achbatchfilenotificiationchangecode\achbatchfilenotificiationchangecode-generictest.generictest" adapterTypeName="executor://orderedtestadapter/v1" className="c:\agt6\_work\10\s\qaautomation\api\tests\modules\studentaccounts\achbatchfilenotificiationchangecode\achbatchfilenotificiationchangecode-generictest" name="achbatchfilenotificiationchangecode-generictest" />
    </UnitTest>
    <UnitTest name="gradescale_savenew_dupcheck-generictest" storage="c:\agt6\_work\10\s\qaautomation\api\tests\modules\academics\gradescale\gradescale_savenew_dupcheck-generictest.generictest" id="db06978e-e459-49bc-9a0c-097d4ee3e59b">
      <Execution id="f5675418-9096-456d-98fb-455e02db55c7" parentId="975c70bb-18bc-44e2-963d-471bef2b4959" />
      <TestMethod codeBase="c:\agt6\_work\10\s\qaautomation\api\tests\modules\academics\gradescale\gradescale_savenew_dupcheck-generictest.generictest" adapterTypeName="executor://orderedtestadapter/v1" className="c:\agt6\_work\10\s\qaautomation\api\tests\modules\academics\gradescale\gradescale_savenew_dupcheck-generictest" name="gradescale_savenew_dupcheck-generictest" />
    </UnitTest>
    <UnitTest name="staff-generictest" storage="c:\agt6\_work\10\s\qaautomation\api\tests\modules\common\staff\staff-generictest.generictest" id="e496eb08-39ad-43af-b3ce-c225317b7f03">
      <Execution id="0df4ddf4-235b-4e5c-a352-e0932ae35bc0" parentId="c8803a03-a4a6-4e57-8f0f-0ed6b90c0554" />
      <TestMethod codeBase="c:\agt6\_work\10\s\qaautomation\api\tests\modules\common\staff\staff-generictest.generictest" adapterTypeName="executor://orderedtestadapter/v1" className="c:\agt6\_work\10\s\qaautomation\api\tests\modules\common\staff\staff-generictest" name="staff-generictest" />
    </UnitTest>
    <UnitTest name="copyclassschedulesfromonetermtoanother-generictest" storage="c:\agt6\_work\10\s\qaautomation\api\tests\modules\academics\copyclassschedulesfromonetermtoanother\copyclassschedulesfromonetermtoanother-generictest.generictest" id="d3360dd4-847b-415e-b149-eebba7ccedaf">
      <Execution id="399225a1-e820-4f2c-a6f4-4aeb77f1e57d" parentId="d3541e75-7c72-43c4-98ec-b4c43a3937d2" />
      <TestMethod codeBase="c:\agt6\_work\10\s\qaautomation\api\tests\modules\academics\copyclassschedulesfromonetermtoanother\copyclassschedulesfromonetermtoanother-generictest.generictest" adapterTypeName="executor://orderedtestadapter/v1" className="c:\agt6\_work\10\s\qaautomation\api\tests\modules\academics\copyclassschedulesfromonetermtoanother\copyclassschedulesfromonetermtoanother-generictest" name="copyclassschedulesfromonetermtoanother-generictest" />
    </UnitTest>
    <UnitTest name="registercoursetostudentpassfailrequired-generictest" storage="c:\agt6\_work\10\s\qaautomation\api\tests\modules\academics\registercoursetostudent\registercoursetostudentpassfailrequired-generictest.generictest" id="8a0f7953-630b-4d09-aea5-5c61f043242d">
      <Execution id="b7d72011-9b73-42f9-997c-5f1f8eace483" parentId="8ced95e6-b239-4e21-a515-99449902fbcb" />
      <TestMethod codeBase="c:\agt6\_work\10\s\qaautomation\api\tests\modules\academics\registercoursetostudent\registercoursetostudentpassfailrequired-generictest.generictest" adapterTypeName="executor://orderedtestadapter/v1" className="c:\agt6\_work\10\s\qaautomation\api\tests\modules\academics\registercoursetostudent\registercoursetostudentpassfailrequired-generictest" name="registercoursetostudentpassfailrequired-generictest" />
    </UnitTest>
    <OrderedTest name="OTClearingWaitlistforspecificStudentwhenclearwaitlistisallowed" storage="c:\agt6\_work\10\s\qaautomation\api\orderedtests\modules\academics\otclearingwaitlistforspecificstudentwhenclearwaitlistisallowed.orderedtest" id="09f33df9-de79-42ee-9d44-a1972cd2eca3">
      <Execution id="4fabbed2-0a7a-4c3c-acdf-7e7925ec29b0" />
      <TestLinks>
        <TestLink id="396d9239-2082-478a-b25a-3c6d420bf5ea" name="allowclearwaitlist-generictest" storage="c:\agt6\_work\10\s\qaautomation\api\tests\modules\academics\checkingclearwaitlistfunctionality\pre-req\allowclearwailistischeckedforstaff\allowclearwaitlist-generictest.generictest" />
        <TestLink id="af41faf8-569c-47a3-87a5-a8d8a9c4163e" name="clearingwaitlistforspecificstudent-generictest" storage="c:\agt6\_work\10\s\qaautomation\api\tests\modules\academics\checkingclearwaitlistfunctionality\clearwaitlistsettingischecked\clearingwaitlistforspecificstudent\clearingwaitlistforspecificstudent-generictest.generictest" />
      </TestLinks>
    </OrderedTest>
    <UnitTest name="studentserviceroomtypedupchecksave-generictest" storage="c:\agt6\_work\10\s\qaautomation\api\tests\modules\studentservices\roomtype\studentserviceroomtypedupchecksave-generictest.generictest" id="f7df1a34-da4f-4bed-838a-ee978c3e8fce">
      <Execution id="feec1d90-e6ae-495a-80dc-7fc210c30c32" parentId="e9811b83-52c2-47f7-9702-4c8288be0f1c" />
      <TestMethod codeBase="c:\agt6\_work\10\s\qaautomation\api\tests\modules\studentservices\roomtype\studentserviceroomtypedupchecksave-generictest.generictest" adapterTypeName="executor://orderedtestadapter/v1" className="c:\agt6\_work\10\s\qaautomation\api\tests\modules\studentservices\roomtype\studentserviceroomtypedupchecksave-generictest" name="studentserviceroomtypedupchecksave-generictest" />
    </UnitTest>
    <UnitTest name="admissionsregion-generictest" storage="c:\agt6\_work\10\s\qaautomation\api\tests\modules\admissions\admissionsregion\admissionsregion-generictest.generictest" id="e4ba3691-944c-4c61-82ca-fce9a808fed4">
      <Execution id="cdfd0df3-d023-447e-8a64-6511ea1873f4" parentId="abfacd55-93a6-4088-9022-286aa3b7c61b" />
      <TestMethod codeBase="c:\agt6\_work\10\s\qaautomation\api\tests\modules\admissions\admissionsregion\admissionsregion-generictest.generictest" adapterTypeName="executor://orderedtestadapter/v1" className="c:\agt6\_work\10\s\qaautomation\api\tests\modules\admissions\admissionsregion\admissionsregion-generictest" name="admissionsregion-generictest" />
    </UnitTest>
    <UnitTest name="building_save_validation_dupecheck1-generictest" storage="c:\agt6\_work\10\s\qaautomation\api\tests\modules\common\building\building_save_validation_dupecheck1-generictest.generictest" id="d5b7755b-c375-49ff-9dfa-9ac98a7a3514">
      <Execution id="d693aa36-6963-4882-947c-965a6bc0b983" parentId="c8803a03-a4a6-4e57-8f0f-0ed6b90c0554" />
      <TestMethod codeBase="c:\agt6\_work\10\s\qaautomation\api\tests\modules\common\building\building_save_validation_dupecheck1-generictest.generictest" adapterTypeName="executor://orderedtestadapter/v1" className="c:\agt6\_work\10\s\qaautomation\api\tests\modules\common\building\building_save_validation_dupecheck1-generictest" name="building_save_validation_dupecheck1-generictest" />
    </UnitTest>
    <UnitTest name="checkclassscheduleinstructorattributes-generictest" storage="c:\agt6\_work\10\s\qaautomation\api\tests\modules\academics\checkclassscheduleinstructorattributes\checkclassscheduleinstructorattributes-generictest.generictest" id="1f0092a3-b1bf-4f3a-9c54-fc1d075487a8">
      <Execution id="2d451474-9c63-402d-bd0c-166eb1b8168d" parentId="e5986f61-ad3a-487a-bc84-dfd8df0a6d16" />
      <TestMethod codeBase="c:\agt6\_work\10\s\qaautomation\api\tests\modules\academics\checkclassscheduleinstructorattributes\checkclassscheduleinstructorattributes-generictest.generictest" adapterTypeName="executor://orderedtestadapter/v1" className="c:\agt6\_work\10\s\qaautomation\api\tests\modules\academics\checkclassscheduleinstructorattributes\checkclassscheduleinstructorattributes-generictest" name="checkclassscheduleinstructorattributes-generictest" />
    </UnitTest>
    <UnitTest name="areaofstudycourselist-generictest" storage="c:\agt6\_work\10\s\qaautomation\api\tests\modules\academics\areaofstudycourselist\areaofstudycourselist-generictest.generictest" id="575c6b98-b60f-4705-91fc-cff1ff1dc701">
      <Execution id="58ce12b5-623e-4f40-aec9-226d6bfa6f35" parentId="975c70bb-18bc-44e2-963d-471bef2b4959" />
      <TestMethod codeBase="c:\agt6\_work\10\s\qaautomation\api\tests\modules\academics\areaofstudycourselist\areaofstudycourselist-generictest.generictest" adapterTypeName="executor://orderedtestadapter/v1" className="c:\agt6\_work\10\s\qaautomation\api\tests\modules\academics\areaofstudycourselist\areaofstudycourselist-generictest" name="areaofstudycourselist-generictest" />
    </UnitTest>
    <UnitTest name="leadcategorybudget-generictest" storage="c:\agt6\_work\10\s\qaautomation\api\tests\modules\admissions\leadcategorybudget\leadcategorybudget-generictest.generictest" id="f3847ca6-d68e-4d14-bf57-6e38aa85524d">
      <Execution id="8013e1a4-537c-493e-a05a-ddfe29706e83" parentId="abfacd55-93a6-4088-9022-286aa3b7c61b" />
      <TestMethod codeBase="c:\agt6\_work\10\s\qaautomation\api\tests\modules\admissions\leadcategorybudget\leadcategorybudget-generictest.generictest" adapterTypeName="executor://orderedtestadapter/v1" className="c:\agt6\_work\10\s\qaautomation\api\tests\modules\admissions\leadcategorybudget\leadcategorybudget-generictest" name="leadcategorybudget-generictest" />
    </UnitTest>
    <UnitTest name="addcoursetostudentfornonpassfail-generictest" storage="c:\agt6\_work\10\s\qaautomation\api\tests\modules\academics\addcoursetostudentforpassfailcheck\addcoursetostudentfornonpassfail-generictest.generictest" id="a3461089-9573-411d-8812-74ebb5f07489">
      <Execution id="71e52e77-c635-4907-a8e1-4c3e55a67b64" parentId="d14506b3-816b-478b-9a6a-719f2a02dfe8" />
      <TestMethod codeBase="c:\agt6\_work\10\s\qaautomation\api\tests\modules\academics\addcoursetostudentforpassfailcheck\addcoursetostudentfornonpassfail-generictest.generictest" adapterTypeName="executor://orderedtestadapter/v1" className="c:\agt6\_work\10\s\qaautomation\api\tests\modules\academics\addcoursetostudentforpassfailcheck\addcoursetostudentfornonpassfail-generictest" name="addcoursetostudentfornonpassfail-generictest" />
    </UnitTest>
    <UnitTest name="skill_crud-generictest" storage="c:\agt6\_work\10\s\qaautomation\api\tests\modules\careerservices\skill\skill_crud-generictest.generictest" id="08a20801-df92-4958-92dc-c2ad09b7ff66">
      <Execution id="b3c9cb43-83d8-4891-8481-03ddcad7ac2c" parentId="f57c4edd-1dc5-4910-be1c-3d0ea8d5267b" />
      <TestMethod codeBase="c:\agt6\_work\10\s\qaautomation\api\tests\modules\careerservices\skill\skill_crud-generictest.generictest" adapterTypeName="executor://orderedtestadapter/v1" className="c:\agt6\_work\10\s\qaautomation\api\tests\modules\careerservices\skill\skill_crud-generictest" name="skill_crud-generictest" />
    </UnitTest>
    <UnitTest name="prospecttemplate-generictest" storage="c:\agt6\_work\10\s\qaautomation\api\tests\modules\admissions\prospecttemplate\prospecttemplate-generictest.generictest" id="e99f1ae7-4a69-450f-a64c-213da9bd187d">
      <Execution id="c23995f3-723a-4f00-9f56-54e2ae11875e" parentId="abfacd55-93a6-4088-9022-286aa3b7c61b" />
      <TestMethod codeBase="c:\agt6\_work\10\s\qaautomation\api\tests\modules\admissions\prospecttemplate\prospecttemplate-generictest.generictest" adapterTypeName="executor://orderedtestadapter/v1" className="c:\agt6\_work\10\s\qaautomation\api\tests\modules\admissions\prospecttemplate\prospecttemplate-generictest" name="prospecttemplate-generictest" />
    </UnitTest>
    <UnitTest name="courses-generictest" storage="c:\agt6\_work\10\s\qaautomation\api\tests\modules\academics\course\courses-generictest.generictest" id="cbc2713e-40c2-4b17-a507-eb9eb91f16d7">
      <Execution id="763cce7f-7d28-40b6-8795-2611da117fd6" parentId="975c70bb-18bc-44e2-963d-471bef2b4959" />
      <TestMethod codeBase="c:\agt6\_work\10\s\qaautomation\api\tests\modules\academics\course\courses-generictest.generictest" adapterTypeName="executor://orderedtestadapter/v1" className="c:\agt6\_work\10\s\qaautomation\api\tests\modules\academics\course\courses-generictest" name="courses-generictest" />
    </UnitTest>
    <UnitTest name="register course to student as retake with max attempt 0-generictest" storage="c:\agt6\_work\10\s\qaautomation\api\tests\modules\academics\registercoursetostudent\register course to student as retake with max attempt 0-generictest.generictest" id="467eee6f-e52c-4392-8aeb-8e986f85204e">
      <Execution id="18b80a0b-69f5-4f0f-a012-81f219245531" parentId="724e859a-d2d0-4e1a-9e59-155f8067e3f5" />
      <TestMethod codeBase="c:\agt6\_work\10\s\qaautomation\api\tests\modules\academics\registercoursetostudent\register course to student as retake with max attempt 0-generictest.generictest" adapterTypeName="executor://orderedtestadapter/v1" className="c:\agt6\_work\10\s\qaautomation\api\tests\modules\academics\registercoursetostudent\register course to student as retake with max attempt 0-generictest" name="register course to student as retake with max attempt 0-generictest" />
    </UnitTest>
    <OrderedTest name="OTClearingWaitlistforselectedTermwhenclearwaitlistisallowed" storage="c:\agt6\_work\10\s\qaautomation\api\orderedtests\modules\academics\otclearingwaitlistforselectedtermwhenclearwaitlistisallowed.orderedtest" id="274b8f4e-cbf7-4b70-aa9a-56cde80cd788">
      <Execution id="4ea6c5b3-3878-4ef4-a258-20b6f2c80b92" />
      <TestLinks>
        <TestLink id="396d9239-2082-478a-b25a-3c6d420bf5ea" name="allowclearwaitlist-generictest" storage="c:\agt6\_work\10\s\qaautomation\api\tests\modules\academics\checkingclearwaitlistfunctionality\pre-req\allowclearwailistischeckedforstaff\allowclearwaitlist-generictest.generictest" />
        <TestLink id="8b4cf61d-4b9b-4477-ae08-f5079fcba135" name="clearingwaitlistforselectedterm" storage="c:\agt6\_work\10\s\qaautomation\api\tests\modules\academics\checkingclearwaitlistfunctionality\clearwaitlistsettingischecked\clearingwaitlistforselectedterm\clearingwaitlistforselectedterm.generictest" />
      </TestLinks>
    </OrderedTest>
    <UnitTest name="addandregisterallowoverridecourse-generictest" storage="c:\agt6\_work\10\s\qaautomation\api\tests\modules\academics\addandregistervariablecourse\addandregisterallowoverridecourse-generictest.generictest" id="7523a384-8542-4c9d-a584-4870d9a2f9ce">
      <Execution id="23ddc609-c755-4efe-a3fa-b80ea5dc172b" parentId="aa30ad8d-fa70-4a54-8c2b-bd6d5d9ec9d0" />
      <TestMethod codeBase="c:\agt6\_work\10\s\qaautomation\api\tests\modules\academics\addandregistervariablecourse\addandregisterallowoverridecourse-generictest.generictest" adapterTypeName="executor://orderedtestadapter/v1" className="c:\agt6\_work\10\s\qaautomation\api\tests\modules\academics\addandregistervariablecourse\addandregisterallowoverridecourse-generictest" name="addandregisterallowoverridecourse-generictest" />
    </UnitTest>
    <UnitTest name="academictranscriptconfigsetting-generictest" storage="c:\agt6\_work\10\s\qaautomation\api\tests\modules\academics\academictranscriptconfigsetting\academictranscriptconfigsetting-generictest.generictest" id="3f5b89c9-3343-4d86-a73f-ab992ae75a8b">
      <Execution id="ff2b8ef5-189e-45d7-8b7f-213a97eab402" parentId="975c70bb-18bc-44e2-963d-471bef2b4959" />
      <TestMethod codeBase="c:\agt6\_work\10\s\qaautomation\api\tests\modules\academics\academictranscriptconfigsetting\academictranscriptconfigsetting-generictest.generictest" adapterTypeName="executor://orderedtestadapter/v1" className="c:\agt6\_work\10\s\qaautomation\api\tests\modules\academics\academictranscriptconfigsetting\academictranscriptconfigsetting-generictest" name="academictranscriptconfigsetting-generictest" />
    </UnitTest>
    <UnitTest name="onlineregistrationconfigurationparenttermforsettingyes-generictest" storage="c:\agt6\_work\10\s\qaautomation\api\tests\modules\academics\onlineregistrationconfiguration\onlineregistrationconfigurationparenttermforsettingyes-generictest.generictest" id="9e0024fb-fb2d-47ec-9ad2-39aac1bfc8c1">
      <Execution id="afc0b730-0ec0-4a56-873a-c553f53d9d0e" parentId="e290b94d-b0cf-48c2-9f36-b12927874a00" />
      <TestMethod codeBase="c:\agt6\_work\10\s\qaautomation\api\tests\modules\academics\onlineregistrationconfiguration\onlineregistrationconfigurationparenttermforsettingyes-generictest.generictest" adapterTypeName="executor://orderedtestadapter/v1" className="c:\agt6\_work\10\s\qaautomation\api\tests\modules\academics\onlineregistrationconfiguration\onlineregistrationconfigurationparenttermforsettingyes-generictest" name="onlineregistrationconfigurationparenttermforsettingyes-generictest" />
    </UnitTest>
    <UnitTest name="getsubstitutecoursedetailsfromcourselistcourse4-generictest" storage="c:\agt6\_work\10\s\qaautomation\api\tests\modules\academics\registersubstitutecoursetostudent\pre-req\getsubstitutecoursedetailsfromcourselistcourse4-generictest.generictest" id="f43b5902-2f45-42f3-914a-db55dd221f9b">
      <Execution id="5b414b54-92f5-4225-8fc3-bc2f62ffb36e" parentId="54614626-df18-4d50-9899-ddcffb178352" />
      <TestMethod codeBase="c:\agt6\_work\10\s\qaautomation\api\tests\modules\academics\registersubstitutecoursetostudent\pre-req\getsubstitutecoursedetailsfromcourselistcourse4-generictest.generictest" adapterTypeName="executor://orderedtestadapter/v1" className="c:\agt6\_work\10\s\qaautomation\api\tests\modules\academics\registersubstitutecoursetostudent\pre-req\getsubstitutecoursedetailsfromcourselistcourse4-generictest" name="getsubstitutecoursedetailsfromcourselistcourse4-generictest" />
    </UnitTest>
    <UnitTest name="rooms_savenew_validation_dupecheck1-generictest" storage="c:\agt6\_work\10\s\qaautomation\api\tests\modules\common\rooms\rooms_savenew_validation_dupecheck1-generictest.generictest" id="48bbb256-7a2b-4351-b6ed-b013fa9be3d7">
      <Execution id="a7e99c7c-987f-42bc-bed0-d889521b77e7" parentId="c8803a03-a4a6-4e57-8f0f-0ed6b90c0554" />
      <TestMethod codeBase="c:\agt6\_work\10\s\qaautomation\api\tests\modules\common\rooms\rooms_savenew_validation_dupecheck1-generictest.generictest" adapterTypeName="executor://orderedtestadapter/v1" className="c:\agt6\_work\10\s\qaautomation\api\tests\modules\common\rooms\rooms_savenew_validation_dupecheck1-generictest" name="rooms_savenew_validation_dupecheck1-generictest" />
    </UnitTest>
    <UnitTest name="add course to student(student2course4)-generictest" storage="c:\agt6\_work\10\s\qaautomation\api\tests\modules\academics\addcoursetostudent\add course to student(student2course4)-generictest.generictest" id="6e16461a-950a-4720-8f34-8cfecb9a4a6a">
      <Execution id="969c8be4-ccf5-4462-ab20-312e0bbb81ab" parentId="0b866407-4328-4ae4-8a7a-3bd9c5830b9d" />
      <TestMethod codeBase="c:\agt6\_work\10\s\qaautomation\api\tests\modules\academics\addcoursetostudent\add course to student(student2course4)-generictest.generictest" adapterTypeName="executor://orderedtestadapter/v1" className="c:\agt6\_work\10\s\qaautomation\api\tests\modules\academics\addcoursetostudent\add course to student(student2course4)-generictest" name="add course to student(student2course4)-generictest" />
    </UnitTest>
    <UnitTest name="campusesacademicrecordgradesregistration-generictest" storage="c:\agt6\_work\10\s\qaautomation\api\tests\modules\common\campusesacademicrecordgradesregistration\campusesacademicrecordgradesregistration-generictest.generictest" id="9b2a366d-4b24-43da-940c-b6aa2d4910bc">
      <Execution id="20ca56e6-7831-4a9d-be06-d3b54ff78334" parentId="c8803a03-a4a6-4e57-8f0f-0ed6b90c0554" />
      <TestMethod codeBase="c:\agt6\_work\10\s\qaautomation\api\tests\modules\common\campusesacademicrecordgradesregistration\campusesacademicrecordgradesregistration-generictest.generictest" adapterTypeName="executor://orderedtestadapter/v1" className="c:\agt6\_work\10\s\qaautomation\api\tests\modules\common\campusesacademicrecordgradesregistration\campusesacademicrecordgradesregistration-generictest" name="campusesacademicrecordgradesregistration-generictest" />
    </UnitTest>
    <UnitTest name="meeting pattern-generictest" storage="c:\agt6\_work\10\s\qaautomation\api\tests\modules\academics\meetingpattern\meeting pattern-generictest.generictest" id="e94fda7c-c752-4545-9d4e-191e3256c352">
      <Execution id="f6d6be83-2930-49fa-a60a-004fcaa2db01" parentId="975c70bb-18bc-44e2-963d-471bef2b4959" />
      <TestMethod codeBase="c:\agt6\_work\10\s\qaautomation\api\tests\modules\academics\meetingpattern\meeting pattern-generictest.generictest" adapterTypeName="executor://orderedtestadapter/v1" className="c:\agt6\_work\10\s\qaautomation\api\tests\modules\academics\meetingpattern\meeting pattern-generictest" name="meeting pattern-generictest" />
    </UnitTest>
    <OrderedTest name="OTDeletestudentcourseregistrationlock" storage="c:\agt6\_work\10\s\qaautomation\api\orderedtests\modules\academics\otdeletestudentcourseregistrationlock.orderedtest" id="a01bdadc-6e6b-4ae9-8da3-d156e4b33aa9">
      <Execution id="d7d4b0e3-42d4-4263-9256-fe3a488b0cd6" />
      <TestLinks>
        <TestLink id="3239eb19-f049-4b5a-9beb-66f2ffddc87c" name="add coursetostudent" storage="c:\agt6\_work\10\s\qaautomation\api\tests\modules\academics\deletecourseregistrationlock\prereq\add coursetostudent.generictest" />
        <TestLink id="387fe72b-e5e3-452e-a94d-fcd36ed16014" name="registercoursetostudent" storage="c:\agt6\_work\10\s\qaautomation\api\tests\modules\academics\deletecourseregistrationlock\prereq\registercoursetostudent.generictest" />
        <TestLink id="60c260b2-3e79-4b96-a1cb-4567ba5ef5f3" name="deletestudentcourseregistrationlock" storage="c:\agt6\_work\10\s\qaautomation\api\tests\modules\academics\deletecourseregistrationlock\deletestudentcourseregistrationlock.generictest" />
      </TestLinks>
    </OrderedTest>
    <UnitTest name="industryvalidatedelete-generictest" storage="c:\agt6\_work\10\s\qaautomation\api\tests\modules\common\industry\industryvalidatedelete-generictest.generictest" id="b6960fad-4942-4920-8960-cd0c51405dc0">
      <Execution id="25b03f91-4302-44cf-a9ff-18df2b5c5bbd" parentId="c8803a03-a4a6-4e57-8f0f-0ed6b90c0554" />
      <TestMethod codeBase="c:\agt6\_work\10\s\qaautomation\api\tests\modules\common\industry\industryvalidatedelete-generictest.generictest" adapterTypeName="executor://orderedtestadapter/v1" className="c:\agt6\_work\10\s\qaautomation\api\tests\modules\common\industry\industryvalidatedelete-generictest" name="industryvalidatedelete-generictest" />
    </UnitTest>
    <UnitTest name="campusgroups-generictest" storage="c:\agt6\_work\10\s\qaautomation\api\tests\modules\common\campusgroups\campusgroups-generictest.generictest" id="68276702-1cbc-44a7-9a89-447daae2b738">
      <Execution id="7417dfa9-9f29-4d8b-a5fe-240f1efbc893" parentId="c8803a03-a4a6-4e57-8f0f-0ed6b90c0554" />
      <TestMethod codeBase="c:\agt6\_work\10\s\qaautomation\api\tests\modules\common\campusgroups\campusgroups-generictest.generictest" adapterTypeName="executor://orderedtestadapter/v1" className="c:\agt6\_work\10\s\qaautomation\api\tests\modules\common\campusgroups\campusgroups-generictest" name="campusgroups-generictest" />
    </UnitTest>
    <OrderedTest name="OTCheckOnlineRegistrationConfigurationForParentChildTermForSettingYes" storage="c:\agt6\_work\10\s\qaautomation\api\orderedtests\modules\academics\otcheckonlineregistrationconfigurationforparentchildtermforsettingyes.orderedtest" id="3a29b0ca-affd-4bb7-a0dd-f1e995b60ee4">
      <Execution id="e290b94d-b0cf-48c2-9f36-b12927874a00" />
      <TestLinks>
        <TestLink id="b2676063-c5be-487f-9ffe-03658c007ea9" name="createnewterm-parent-generictest" storage="c:\agt6\_work\10\s\qaautomation\api\tests\modules\academics\onlineregistrationconfiguration\createnewterm-parent-generictest.generictest" />
        <TestLink id="6a499470-8283-499f-8ab0-02df50938e96" name="createnewterm-child-generictest" storage="c:\agt6\_work\10\s\qaautomation\api\tests\modules\academics\onlineregistrationconfiguration\createnewterm-child-generictest.generictest" />
        <TestLink id="a92fd839-4413-4f9d-9eb3-342de4b9db88" name="associatechildtermtoparentterm-generictest" storage="c:\agt6\_work\10\s\qaautomation\api\tests\modules\academics\onlineregistrationconfiguration\associatechildtermtoparentterm-generictest.generictest" />
        <TestLink id="098490f1-b539-4c2b-af07-49c482ee69c0" name="onlineregistrationconfigurationchildtermforsettingyes-generictest" storage="c:\agt6\_work\10\s\qaautomation\api\tests\modules\academics\onlineregistrationconfiguration\onlineregistrationconfigurationchildtermforsettingyes-generictest.generictest" />
        <TestLink id="9e0024fb-fb2d-47ec-9ad2-39aac1bfc8c1" name="onlineregistrationconfigurationparenttermforsettingyes-generictest" storage="c:\agt6\_work\10\s\qaautomation\api\tests\modules\academics\onlineregistrationconfiguration\onlineregistrationconfigurationparenttermforsettingyes-generictest.generictest" />
      </TestLinks>
    </OrderedTest>
    <UnitTest name="registercoursetomultiplestudents-generictest" storage="c:\agt6\_work\10\s\qaautomation\api\tests\modules\academics\registercoursetomultiplestudents\registercoursetomultiplestudents-generictest.generictest" id="14404893-07f2-40da-99b2-9e92305da549">
      <Execution id="c53e39dd-2067-46f9-99a7-c1602eb65ed2" parentId="23611168-0744-4bd7-bd05-240c71cde469" />
      <TestMethod codeBase="c:\agt6\_work\10\s\qaautomation\api\tests\modules\academics\registercoursetomultiplestudents\registercoursetomultiplestudents-generictest.generictest" adapterTypeName="executor://orderedtestadapter/v1" className="c:\agt6\_work\10\s\qaautomation\api\tests\modules\academics\registercoursetomultiplestudents\registercoursetomultiplestudents-generictest" name="registercoursetomultiplestudents-generictest" />
    </UnitTest>
    <UnitTest name="periodtemplate-generictest" storage="c:\agt6\_work\10\s\qaautomation\api\tests\modules\academics\periodtemplate\periodtemplate-generictest.generictest" id="99a89e89-714a-4be2-b702-6e3b51104f7b">
      <Execution id="497ab861-6f0a-4a8b-a1f1-2d31f6f50cf9" parentId="975c70bb-18bc-44e2-963d-471bef2b4959" />
      <TestMethod codeBase="c:\agt6\_work\10\s\qaautomation\api\tests\modules\academics\periodtemplate\periodtemplate-generictest.generictest" adapterTypeName="executor://orderedtestadapter/v1" className="c:\agt6\_work\10\s\qaautomation\api\tests\modules\academics\periodtemplate\periodtemplate-generictest" name="periodtemplate-generictest" />
    </UnitTest>
    <UnitTest name="lmsvendor-generictest" storage="c:\agt6\_work\10\s\qaautomation\api\tests\modules\academics\lmsvendor\lmsvendor-generictest.generictest" id="c610d88d-8fc3-4ab5-acb6-c549d5acfa43">
      <Execution id="8c9a765c-e604-4c60-b787-4c27b0b10224" parentId="975c70bb-18bc-44e2-963d-471bef2b4959" />
      <TestMethod codeBase="c:\agt6\_work\10\s\qaautomation\api\tests\modules\academics\lmsvendor\lmsvendor-generictest.generictest" adapterTypeName="executor://orderedtestadapter/v1" className="c:\agt6\_work\10\s\qaautomation\api\tests\modules\academics\lmsvendor\lmsvendor-generictest" name="lmsvendor-generictest" />
    </UnitTest>
    <UnitTest name="budgetsdeletevalidation-generictest" storage="c:\agt6\_work\10\s\qaautomation\api\tests\modules\financialaid\budgets\budgetsdeletevalidation-generictest.generictest" id="65ab3f14-e4e7-446c-b889-d444e21e3fec">
      <Execution id="41edc0ac-6172-4999-a1c7-27573ef16b97" parentId="f8722d4b-878b-4c0e-af2f-4cb352a1c558" />
      <TestMethod codeBase="c:\agt6\_work\10\s\qaautomation\api\tests\modules\financialaid\budgets\budgetsdeletevalidation-generictest.generictest" adapterTypeName="executor://orderedtestadapter/v1" className="c:\agt6\_work\10\s\qaautomation\api\tests\modules\financialaid\budgets\budgetsdeletevalidation-generictest" name="budgetsdeletevalidation-generictest" />
    </UnitTest>
    <UnitTest name="tasksystemcrud-generictest" storage="c:\agt6\_work\10\s\qaautomation\api\tests\modules\crm\task\tasksystemcrud-generictest.generictest" id="ce8bad3b-5b7e-4ad1-ade0-51c7bc02a8fc">
      <Execution id="f429b329-89ad-4173-8b7d-6b9a052e421c" parentId="2493fed7-0e59-4dfe-b7b7-5181f5053aa7" />
      <TestMethod codeBase="c:\agt6\_work\10\s\qaautomation\api\tests\modules\crm\task\tasksystemcrud-generictest.generictest" adapterTypeName="executor://orderedtestadapter/v1" className="c:\agt6\_work\10\s\qaautomation\api\tests\modules\crm\task\tasksystemcrud-generictest" name="tasksystemcrud-generictest" />
    </UnitTest>
    <UnitTest name="salarytype_crud-generictest" storage="c:\agt6\_work\10\s\qaautomation\api\tests\modules\careerservices\salarytype\salarytype_crud-generictest.generictest" id="91a29196-bde2-49d3-be9d-74e81d9a00b6">
      <Execution id="4bb6adb4-59e7-4de9-98d2-6c3c87eeba3e" parentId="f57c4edd-1dc5-4910-be1c-3d0ea8d5267b" />
      <TestMethod codeBase="c:\agt6\_work\10\s\qaautomation\api\tests\modules\careerservices\salarytype\salarytype_crud-generictest.generictest" adapterTypeName="executor://orderedtestadapter/v1" className="c:\agt6\_work\10\s\qaautomation\api\tests\modules\careerservices\salarytype\salarytype_crud-generictest" name="salarytype_crud-generictest" />
    </UnitTest>
    <UnitTest name="classscheduledetailsforpassfailrequired-generictest" storage="c:\agt6\_work\10\s\qaautomation\api\tests\modules\academics\classscheduledetails\classscheduledetailsforpassfailrequired-generictest.generictest" id="26afcecc-3dbb-4dc9-886c-a8503e08da92">
      <Execution id="7052b077-3d06-4c04-ba42-b848f3d83e20" parentId="a30754e8-d59e-433c-b758-12cbd27987af" />
      <TestMethod codeBase="c:\agt6\_work\10\s\qaautomation\api\tests\modules\academics\classscheduledetails\classscheduledetailsforpassfailrequired-generictest.generictest" adapterTypeName="executor://orderedtestadapter/v1" className="c:\agt6\_work\10\s\qaautomation\api\tests\modules\academics\classscheduledetails\classscheduledetailsforpassfailrequired-generictest" name="classscheduledetailsforpassfailrequired-generictest" />
    </UnitTest>
    <UnitTest name="add coursetostudent" storage="c:\agt6\_work\10\s\qaautomation\api\tests\modules\academics\deletecourseregistrationlock\prereq\add coursetostudent.generictest" id="3239eb19-f049-4b5a-9beb-66f2ffddc87c">
      <Execution id="80253fbe-29f0-4a9c-a97d-d71765cd7338" parentId="d7d4b0e3-42d4-4263-9256-fe3a488b0cd6" />
      <TestMethod codeBase="c:\agt6\_work\10\s\qaautomation\api\tests\modules\academics\deletecourseregistrationlock\prereq\add coursetostudent.generictest" adapterTypeName="executor://orderedtestadapter/v1" className="c:\agt6\_work\10\s\qaautomation\api\tests\modules\academics\deletecourseregistrationlock\prereq\add coursetostudent" name="add coursetostudent" />
    </UnitTest>
    <UnitTest name="packagingmethod-generictest" storage="c:\agt6\_work\10\s\qaautomation\api\tests\modules\financialaid\packagingmethod\packagingmethod-generictest.generictest" id="482e8b43-6367-48d6-8ea2-3ac3f6e68517">
      <Execution id="03b9b3a7-86c5-4871-bcc7-15f56439bfe6" parentId="f8722d4b-878b-4c0e-af2f-4cb352a1c558" />
      <TestMethod codeBase="c:\agt6\_work\10\s\qaautomation\api\tests\modules\financialaid\packagingmethod\packagingmethod-generictest.generictest" adapterTypeName="executor://orderedtestadapter/v1" className="c:\agt6\_work\10\s\qaautomation\api\tests\modules\financialaid\packagingmethod\packagingmethod-generictest" name="packagingmethod-generictest" />
    </UnitTest>
    <UnitTest name="cashdrawer-generictest" storage="c:\agt6\_work\10\s\qaautomation\api\tests\modules\studentaccounts\cashdrawer\cashdrawer-generictest.generictest" id="75f9fa4c-19e7-403f-8d75-abcbe7ad4244">
      <Execution id="c35569f0-772d-4d4d-a619-db4c76075c38" parentId="8d25963c-9e1a-4fad-96d3-9915c9d8660b" />
      <TestMethod codeBase="c:\agt6\_work\10\s\qaautomation\api\tests\modules\studentaccounts\cashdrawer\cashdrawer-generictest.generictest" adapterTypeName="executor://orderedtestadapter/v1" className="c:\agt6\_work\10\s\qaautomation\api\tests\modules\studentaccounts\cashdrawer\cashdrawer-generictest" name="cashdrawer-generictest" />
    </UnitTest>
    <UnitTest name="leadsourceexpense_validations-generictest" storage="c:\agt6\_work\10\s\qaautomation\api\tests\modules\admissions\leadsourceexpense\leadsourceexpense_validations-generictest.generictest" id="55823607-8718-4c14-aa97-dff2ff523404">
      <Execution id="76de8876-c73b-4ad0-a263-66c7f706ae2c" parentId="abfacd55-93a6-4088-9022-286aa3b7c61b" />
      <TestMethod codeBase="c:\agt6\_work\10\s\qaautomation\api\tests\modules\admissions\leadsourceexpense\leadsourceexpense_validations-generictest.generictest" adapterTypeName="executor://orderedtestadapter/v1" className="c:\agt6\_work\10\s\qaautomation\api\tests\modules\admissions\leadsourceexpense\leadsourceexpense_validations-generictest" name="leadsourceexpense_validations-generictest" />
    </UnitTest>
    <UnitTest name="ivp" storage="c:\agt6\_work\10\s\qaautomation\api\tests\ivp\ivp.generictest" id="a60bfe08-ca0d-4d04-94d7-6e0f3c73eb77">
      <Execution id="46fc49a0-9288-44d4-9877-c61c549aed40" parentId="cdc2558b-f4fd-42a0-a8e4-8dfd1fb50e4f" />
      <TestMethod codeBase="c:\agt6\_work\10\s\qaautomation\api\tests\ivp\ivp.generictest" adapterTypeName="executor://orderedtestadapter/v1" className="c:\agt6\_work\10\s\qaautomation\api\tests\ivp\ivp" name="ivp" />
    </UnitTest>
    <OrderedTest name="OTVerifyWhetherUserIsUanleToRegisterSubstituteCourseWhenMainActiveSubstituteInactive" storage="c:\agt6\_work\10\s\qaautomation\api\orderedtests\modules\academics\otverifywhetheruserisuanletoregistersubstitutecoursewhenmainactivesubstituteinactive.orderedtest" id="ac6231a6-453b-4291-996c-28544d7b4118">
      <Execution id="ca1f5a6b-e0ca-47ad-beff-97a7fd55d440" />
      <TestLinks>
        <TestLink id="727d38f4-8d26-4fb5-a0d1-b498119a08db" name="getsubstitutecoursedetailsfromcourselistcourse2-generictest" storage="c:\agt6\_work\10\s\qaautomation\api\tests\modules\academics\registersubstitutecoursetostudent\pre-req\getsubstitutecoursedetailsfromcourselistcourse2-generictest.generictest" />
        <TestLink id="49b70fd1-f49b-4487-afd4-b5424bc6e3c5" name="register substitute course to student course2-generictest" storage="c:\agt6\_work\10\s\qaautomation\api\tests\modules\academics\registersubstitutecoursetostudent\register substitute course to student course2-generictest.generictest" />
      </TestLinks>
    </OrderedTest>
    <UnitTest name="employercontacttype_crud-generictest" storage="c:\agt6\_work\10\s\qaautomation\api\tests\modules\careerservices\employercontacttype\employercontacttype_crud-generictest.generictest" id="e0d5d105-a2e5-4729-af40-844c8dcc7355">
      <Execution id="0db90904-dcdd-4602-9f5d-b8c85592d7f8" parentId="f57c4edd-1dc5-4910-be1c-3d0ea8d5267b" />
      <TestMethod codeBase="c:\agt6\_work\10\s\qaautomation\api\tests\modules\careerservices\employercontacttype\employercontacttype_crud-generictest.generictest" adapterTypeName="executor://orderedtestadapter/v1" className="c:\agt6\_work\10\s\qaautomation\api\tests\modules\careerservices\employercontacttype\employercontacttype_crud-generictest" name="employercontacttype_crud-generictest" />
    </UnitTest>
    <UnitTest name="employerjob_crud-generictest" storage="c:\agt6\_work\10\s\qaautomation\api\tests\modules\careerservices\employerjob\employerjob_crud-generictest.generictest" id="4838804a-48e4-4210-96be-15d66477992e">
      <Execution id="9c3f7537-9d88-40f4-aae1-beeedfc61e17" parentId="f57c4edd-1dc5-4910-be1c-3d0ea8d5267b" />
      <TestMethod codeBase="c:\agt6\_work\10\s\qaautomation\api\tests\modules\careerservices\employerjob\employerjob_crud-generictest.generictest" adapterTypeName="executor://orderedtestadapter/v1" className="c:\agt6\_work\10\s\qaautomation\api\tests\modules\careerservices\employerjob\employerjob_crud-generictest" name="employerjob_crud-generictest" />
    </UnitTest>
    <UnitTest name="courseparentcourseequivalents-generictest" storage="c:\agt6\_work\10\s\qaautomation\api\tests\modules\academics\courseparentcourseequivalents\courseparentcourseequivalents-generictest.generictest" id="e5a62a42-f9df-4c9d-801e-b756196830ab">
      <Execution id="3bbce6a2-c0cf-4d4e-8ea5-c2bb5523606e" parentId="975c70bb-18bc-44e2-963d-471bef2b4959" />
      <TestMethod codeBase="c:\agt6\_work\10\s\qaautomation\api\tests\modules\academics\courseparentcourseequivalents\courseparentcourseequivalents-generictest.generictest" adapterTypeName="executor://orderedtestadapter/v1" className="c:\agt6\_work\10\s\qaautomation\api\tests\modules\academics\courseparentcourseequivalents\courseparentcourseequivalents-generictest" name="courseparentcourseequivalents-generictest" />
    </UnitTest>
    <UnitTest name="documentaddtrigger-generictest" storage="c:\agt6\_work\10\s\qaautomation\api\tests\modules\crm\documentaddtrigger\documentaddtrigger-generictest.generictest" id="bdf42bb7-0605-4b9c-8b03-bb884efc4fbe">
      <Execution id="dc43ea1e-b2b4-4255-9085-0418d58730c8" parentId="ad942967-ee41-4483-9f64-3e46aad96f49" />
      <TestMethod codeBase="c:\agt6\_work\10\s\qaautomation\api\tests\modules\crm\documentaddtrigger\documentaddtrigger-generictest.generictest" adapterTypeName="executor://orderedtestadapter/v1" className="c:\agt6\_work\10\s\qaautomation\api\tests\modules\crm\documentaddtrigger\documentaddtrigger-generictest" name="documentaddtrigger-generictest" />
    </UnitTest>
    <UnitTest name="falender-generictest" storage="c:\agt6\_work\10\s\qaautomation\api\tests\modules\financialaid\frmfalender\falender-generictest.generictest" id="80b0a665-78f0-465c-9fa8-90add9185cec">
      <Execution id="601846ad-2d26-4339-8f61-da69b8bbb40e" parentId="f8722d4b-878b-4c0e-af2f-4cb352a1c558" />
      <TestMethod codeBase="c:\agt6\_work\10\s\qaautomation\api\tests\modules\financialaid\frmfalender\falender-generictest.generictest" adapterTypeName="executor://orderedtestadapter/v1" className="c:\agt6\_work\10\s\qaautomation\api\tests\modules\financialaid\frmfalender\falender-generictest" name="falender-generictest" />
    </UnitTest>
    <UnitTest name="register course to student(student2course1)-generictest" storage="c:\agt6\_work\10\s\qaautomation\api\tests\modules\academics\registercoursetostudent\register course to student(student2course1)-generictest.generictest" id="bfbc3b63-90a3-4eae-8002-928b6b4480bd">
      <Execution id="d30e11e5-ff28-49c0-88b1-30cfa99d4985" parentId="02ea6333-26ed-4913-b3ea-4450a60d8a48" />
      <TestMethod codeBase="c:\agt6\_work\10\s\qaautomation\api\tests\modules\academics\registercoursetostudent\register course to student(student2course1)-generictest.generictest" adapterTypeName="executor://orderedtestadapter/v1" className="c:\agt6\_work\10\s\qaautomation\api\tests\modules\academics\registercoursetostudent\register course to student(student2course1)-generictest" name="register course to student(student2course1)-generictest" />
    </UnitTest>
    <UnitTest name="agency-generictest" storage="c:\agt6\_work\10\s\qaautomation\api\tests\modules\common\agency\agency-generictest.generictest" id="08686a50-29fb-46b4-bf4b-665b4414e5a4">
      <Execution id="c461cc70-1712-4a7a-a11f-bb3221caf68a" parentId="c8803a03-a4a6-4e57-8f0f-0ed6b90c0554" />
      <TestMethod codeBase="c:\agt6\_work\10\s\qaautomation\api\tests\modules\common\agency\agency-generictest.generictest" adapterTypeName="executor://orderedtestadapter/v1" className="c:\agt6\_work\10\s\qaautomation\api\tests\modules\common\agency\agency-generictest" name="agency-generictest" />
    </UnitTest>
    <UnitTest name="corporation_crud-generictest" storage="c:\agt6\_work\10\s\qaautomation\api\tests\modules\careerservices\corporation\corporation_crud-generictest.generictest" id="cfa745ba-31da-4d12-99e0-5234eaad79cb">
      <Execution id="7abd64e2-6ff2-4562-9a3d-cc2e2643847c" parentId="f57c4edd-1dc5-4910-be1c-3d0ea8d5267b" />
      <TestMethod codeBase="c:\agt6\_work\10\s\qaautomation\api\tests\modules\careerservices\corporation\corporation_crud-generictest.generictest" adapterTypeName="executor://orderedtestadapter/v1" className="c:\agt6\_work\10\s\qaautomation\api\tests\modules\careerservices\corporation\corporation_crud-generictest" name="corporation_crud-generictest" />
    </UnitTest>
    <UnitTest name="publishingschedulescenario3" storage="c:\agt6\_work\10\s\qaautomation\api\tests\modules\academics\publishscheduleonclassscheduling\publish schedule for a term which is already published\publishingschedulescenario3.generictest" id="b3eaedc6-7cdb-4d78-a3e8-3d98e040fb82">
      <Execution id="bc1d51e1-854d-4b5e-8e89-850579776afc" parentId="954bbd78-b39a-491c-ac35-61258c954cb1" />
      <TestMethod codeBase="c:\agt6\_work\10\s\qaautomation\api\tests\modules\academics\publishscheduleonclassscheduling\publish schedule for a term which is already published\publishingschedulescenario3.generictest" adapterTypeName="executor://orderedtestadapter/v1" className="c:\agt6\_work\10\s\qaautomation\api\tests\modules\academics\publishscheduleonclassscheduling\publish schedule for a term which is already published\publishingschedulescenario3" name="publishingschedulescenario3" />
    </UnitTest>
    <UnitTest name="shiftschoolstartdate_crud-generictest" storage="c:\agt6\_work\10\s\qaautomation\api\tests\modules\academics\shiftschoolstartdate\shiftschoolstartdate_crud-generictest.generictest" id="24946aba-36bf-4ddb-a70a-482f187ed5cd">
      <Execution id="fab32b74-44e1-450d-a6a4-e861a191c6a1" parentId="975c70bb-18bc-44e2-963d-471bef2b4959" />
      <TestMethod codeBase="c:\agt6\_work\10\s\qaautomation\api\tests\modules\academics\shiftschoolstartdate\shiftschoolstartdate_crud-generictest.generictest" adapterTypeName="executor://orderedtestadapter/v1" className="c:\agt6\_work\10\s\qaautomation\api\tests\modules\academics\shiftschoolstartdate\shiftschoolstartdate_crud-generictest" name="shiftschoolstartdate_crud-generictest" />
    </UnitTest>
    <UnitTest name="entrancetestimporttesttype_validations-generictest" storage="c:\agt6\_work\10\s\qaautomation\api\tests\modules\admissions\entrancetestimporttesttype\entrancetestimporttesttype_validations-generictest.generictest" id="21871336-5a56-4802-bc78-7765ac6cddb3">
      <Execution id="810890ce-4c82-4395-9919-295a0d832e41" parentId="abfacd55-93a6-4088-9022-286aa3b7c61b" />
      <TestMethod codeBase="c:\agt6\_work\10\s\qaautomation\api\tests\modules\admissions\entrancetestimporttesttype\entrancetestimporttesttype_validations-generictest.generictest" adapterTypeName="executor://orderedtestadapter/v1" className="c:\agt6\_work\10\s\qaautomation\api\tests\modules\admissions\entrancetestimporttesttype\entrancetestimporttesttype_validations-generictest" name="entrancetestimporttesttype_validations-generictest" />
    </UnitTest>
    <UnitTest name="createnewclassscheduleterm2-generictest" storage="c:\agt6\_work\10\s\qaautomation\api\tests\modules\academics\createnewclassschedule\createnewclassscheduleterm2-generictest.generictest" id="1a7a4b75-5925-412e-b356-0a22f6900e5a">
      <Execution id="c731f637-8ff6-4670-8a59-b5033df13cbb" parentId="724e859a-d2d0-4e1a-9e59-155f8067e3f5" />
      <TestMethod codeBase="c:\agt6\_work\10\s\qaautomation\api\tests\modules\academics\createnewclassschedule\createnewclassscheduleterm2-generictest.generictest" adapterTypeName="executor://orderedtestadapter/v1" className="c:\agt6\_work\10\s\qaautomation\api\tests\modules\academics\createnewclassschedule\createnewclassscheduleterm2-generictest" name="createnewclassscheduleterm2-generictest" />
    </UnitTest>
    <UnitTest name="register substitute course to student course2-generictest" storage="c:\agt6\_work\10\s\qaautomation\api\tests\modules\academics\registersubstitutecoursetostudent\register substitute course to student course2-generictest.generictest" id="49b70fd1-f49b-4487-afd4-b5424bc6e3c5">
      <Execution id="b35127b1-e167-4e0f-9d77-c73139eb106d" parentId="ca1f5a6b-e0ca-47ad-beff-97a7fd55d440" />
      <TestMethod codeBase="c:\agt6\_work\10\s\qaautomation\api\tests\modules\academics\registersubstitutecoursetostudent\register substitute course to student course2-generictest.generictest" adapterTypeName="executor://orderedtestadapter/v1" className="c:\agt6\_work\10\s\qaautomation\api\tests\modules\academics\registersubstitutecoursetostudent\register substitute course to student course2-generictest" name="register substitute course to student course2-generictest" />
    </UnitTest>
    <UnitTest name="add course to student(student2course3)-generictest" storage="c:\agt6\_work\10\s\qaautomation\api\tests\modules\academics\addcoursetostudent\add course to student(student2course3)-generictest.generictest" id="90180760-e0a2-48ef-a27d-55b62573c3e9">
      <Execution id="d0083f30-6c42-40fc-b6e0-ce49c3eb0fdd" parentId="0b866407-4328-4ae4-8a7a-3bd9c5830b9d" />
      <TestMethod codeBase="c:\agt6\_work\10\s\qaautomation\api\tests\modules\academics\addcoursetostudent\add course to student(student2course3)-generictest.generictest" adapterTypeName="executor://orderedtestadapter/v1" className="c:\agt6\_work\10\s\qaautomation\api\tests\modules\academics\addcoursetostudent\add course to student(student2course3)-generictest" name="add course to student(student2course3)-generictest" />
    </UnitTest>
    <OrderedTest name="OTCourseRegistration_StartDateandExpectedEnddate" storage="c:\agt6\_work\10\s\qaautomation\api\orderedtests\modules\academics\otcourseregistration_startdateandexpectedenddate.orderedtest" id="2af2ad18-152a-4fca-91c6-00afc25da371">
      <Execution id="17ea93a9-49d8-43db-be06-103c3401b10b" />
      <TestLinks>
        <TestLink id="bc852938-1813-4a9a-833a-29cd6377f438" name="courseregistration_startdateandexpectedenddatearenull" storage="c:\agt6\_work\10\s\qaautomation\api\tests\modules\academics\registercoursestartdateandenddatenull\courseregistration_startdateandexpectedenddatearenull.generictest" />
        <TestLink id="a91bfc5d-e0b1-40dc-aa11-b3d90dd2680b" name="courseregister_startdateandexpectedenddate" storage="c:\agt6\_work\10\s\qaautomation\api\tests\modules\academics\registercoursestartdateandenddate\courseregister_startdateandexpectedenddate.generictest" />
      </TestLinks>
    </OrderedTest>
    <UnitTest name="financialaidservicerconfiguration-generictest" storage="c:\agt6\_work\10\s\qaautomation\api\tests\modules\common\financialaidservicer\financialaidservicerconfiguration-generictest.generictest" id="011c2ea3-afd7-4712-9c78-f1adf6f82a08">
      <Execution id="46acb5ff-d2be-48cb-8d1b-42350f55815d" parentId="c8803a03-a4a6-4e57-8f0f-0ed6b90c0554" />
      <TestMethod codeBase="c:\agt6\_work\10\s\qaautomation\api\tests\modules\common\financialaidservicer\financialaidservicerconfiguration-generictest.generictest" adapterTypeName="executor://orderedtestadapter/v1" className="c:\agt6\_work\10\s\qaautomation\api\tests\modules\common\financialaidservicer\financialaidservicerconfiguration-generictest" name="financialaidservicerconfiguration-generictest" />
    </UnitTest>
    <UnitTest name="aosconcentrations-generictest" storage="c:\agt6\_work\10\s\qaautomation\api\tests\modules\academics\areaofstudyconcentrations\aosconcentrations-generictest.generictest" id="b62b3254-27f9-48b2-9223-f5ccc8bf136d">
      <Execution id="e1a1d321-775f-42de-b4bd-8bb1a109f20a" parentId="975c70bb-18bc-44e2-963d-471bef2b4959" />
      <TestMethod codeBase="c:\agt6\_work\10\s\qaautomation\api\tests\modules\academics\areaofstudyconcentrations\aosconcentrations-generictest.generictest" adapterTypeName="executor://orderedtestadapter/v1" className="c:\agt6\_work\10\s\qaautomation\api\tests\modules\academics\areaofstudyconcentrations\aosconcentrations-generictest" name="aosconcentrations-generictest" />
    </UnitTest>
    <UnitTest name="holdcodes-generictest" storage="c:\agt6\_work\10\s\qaautomation\api\tests\modules\common\holdcodes\holdcodes-generictest.generictest" id="98e4edbf-99ab-415f-be3e-f0bd480f56ac">
      <Execution id="7cac7be6-6ccd-4845-bafa-dcf365897870" parentId="c8803a03-a4a6-4e57-8f0f-0ed6b90c0554" />
      <TestMethod codeBase="c:\agt6\_work\10\s\qaautomation\api\tests\modules\common\holdcodes\holdcodes-generictest.generictest" adapterTypeName="executor://orderedtestadapter/v1" className="c:\agt6\_work\10\s\qaautomation\api\tests\modules\common\holdcodes\holdcodes-generictest" name="holdcodes-generictest" />
    </UnitTest>
    <UnitTest name="creditcardbatchresponsecodedetail-generictest" storage="c:\agt6\_work\10\s\qaautomation\api\tests\modules\studentaccounts\creditcardbatchresponsecodedetail\creditcardbatchresponsecodedetail-generictest.generictest" id="bc85f5e8-bf41-4d4a-9dc2-61f12b7198c9">
      <Execution id="42462cf2-1977-4a71-ac1f-a9a872cec885" parentId="8d25963c-9e1a-4fad-96d3-9915c9d8660b" />
      <TestMethod codeBase="c:\agt6\_work\10\s\qaautomation\api\tests\modules\studentaccounts\creditcardbatchresponsecodedetail\creditcardbatchresponsecodedetail-generictest.generictest" adapterTypeName="executor://orderedtestadapter/v1" className="c:\agt6\_work\10\s\qaautomation\api\tests\modules\studentaccounts\creditcardbatchresponsecodedetail\creditcardbatchresponsecodedetail-generictest" name="creditcardbatchresponsecodedetail-generictest" />
    </UnitTest>
    <UnitTest name="getstaffdetails-generictest" storage="c:\agt6\_work\10\s\qaautomation\api\tests\modules\system\getstaffdetails\getstaffdetails-generictest.generictest" id="d75c9cb8-4d86-4bab-b299-9da309845e9b">
      <Execution id="c02cab39-f61d-41fc-baab-545f71038a28" parentId="724e859a-d2d0-4e1a-9e59-155f8067e3f5" />
      <TestMethod codeBase="c:\agt6\_work\10\s\qaautomation\api\tests\modules\system\getstaffdetails\getstaffdetails-generictest.generictest" adapterTypeName="executor://orderedtestadapter/v1" className="c:\agt6\_work\10\s\qaautomation\api\tests\modules\system\getstaffdetails\getstaffdetails-generictest" name="getstaffdetails-generictest" />
    </UnitTest>
    <UnitTest name="campusadditionalsettings-generictest" storage="c:\agt6\_work\10\s\qaautomation\api\tests\modules\common\campusadditionalsettings\campusadditionalsettings-generictest.generictest" id="46c0cce3-bf82-4e44-9f37-3b4780233b55">
      <Execution id="1300e908-0768-4bab-b9b8-a6e6e8174792" parentId="c8803a03-a4a6-4e57-8f0f-0ed6b90c0554" />
      <TestMethod codeBase="c:\agt6\_work\10\s\qaautomation\api\tests\modules\common\campusadditionalsettings\campusadditionalsettings-generictest.generictest" adapterTypeName="executor://orderedtestadapter/v1" className="c:\agt6\_work\10\s\qaautomation\api\tests\modules\common\campusadditionalsettings\campusadditionalsettings-generictest" name="campusadditionalsettings-generictest" />
    </UnitTest>
    <UnitTest name="register substitute course to student course3-generictest" storage="c:\agt6\_work\10\s\qaautomation\api\tests\modules\academics\registersubstitutecoursetostudent\register substitute course to student course3-generictest.generictest" id="006b6c77-8893-4b32-b5d8-063ddd7bf928">
      <Execution id="3f4ccb8c-7e5b-4f9d-ab8b-85bfab4088fb" parentId="a7ed55cb-9285-44b0-9f3d-f1bc01a909cd" />
      <TestMethod codeBase="c:\agt6\_work\10\s\qaautomation\api\tests\modules\academics\registersubstitutecoursetostudent\register substitute course to student course3-generictest.generictest" adapterTypeName="executor://orderedtestadapter/v1" className="c:\agt6\_work\10\s\qaautomation\api\tests\modules\academics\registersubstitutecoursetostudent\register substitute course to student course3-generictest" name="register substitute course to student course3-generictest" />
    </UnitTest>
  </TestDefinitions>
  <TestEntries>
    <TestEntry testId="20d61801-fb09-4a6b-b8cc-2bedb2509591" executionId="e5986f61-ad3a-487a-bc84-dfd8df0a6d16" testListId="8c84fa94-04c1-424b-9868-57a2d4851a1d">
      <TestEntries>
        <TestEntry testId="d1aba1b8-56d8-4cb5-9efc-8ea201fc0614" executionId="5612d575-3c74-4d9e-8c84-a263f5650dcd" parentExecutionId="e5986f61-ad3a-487a-bc84-dfd8df0a6d16" testListId="8c84fa94-04c1-424b-9868-57a2d4851a1d" />
        <TestEntry testId="b525afe2-8a3e-4ceb-a03d-39371f2251c2" executionId="d1a8083d-f0f5-4b36-a989-49a075f2c281" parentExecutionId="e5986f61-ad3a-487a-bc84-dfd8df0a6d16" testListId="8c84fa94-04c1-424b-9868-57a2d4851a1d" />
        <TestEntry testId="1f0092a3-b1bf-4f3a-9c54-fc1d075487a8" executionId="2d451474-9c63-402d-bd0c-166eb1b8168d" parentExecutionId="e5986f61-ad3a-487a-bc84-dfd8df0a6d16" testListId="8c84fa94-04c1-424b-9868-57a2d4851a1d" />
      </TestEntries>
    </TestEntry>
    <TestEntry testId="7966ec3b-d647-4f4c-95f9-7c5404137041" executionId="d3541e75-7c72-43c4-98ec-b4c43a3937d2" testListId="8c84fa94-04c1-424b-9868-57a2d4851a1d">
      <TestEntries>
        <TestEntry testId="d3360dd4-847b-415e-b149-eebba7ccedaf" executionId="399225a1-e820-4f2c-a6f4-4aeb77f1e57d" parentExecutionId="d3541e75-7c72-43c4-98ec-b4c43a3937d2" testListId="8c84fa94-04c1-424b-9868-57a2d4851a1d" />
      </TestEntries>
    </TestEntry>
    <TestEntry testId="05b716f6-fc3c-4d9c-a316-b3c37d39e512" executionId="54614626-df18-4d50-9899-ddcffb178352" testListId="8c84fa94-04c1-424b-9868-57a2d4851a1d">
      <TestEntries>
        <TestEntry testId="f43b5902-2f45-42f3-914a-db55dd221f9b" executionId="5b414b54-92f5-4225-8fc3-bc2f62ffb36e" parentExecutionId="54614626-df18-4d50-9899-ddcffb178352" testListId="8c84fa94-04c1-424b-9868-57a2d4851a1d" />
        <TestEntry testId="8b88a2cc-9b1a-4778-9956-6b1699c08311" executionId="45a58f95-bd80-4ec7-b597-184b518489e6" parentExecutionId="54614626-df18-4d50-9899-ddcffb178352" testListId="8c84fa94-04c1-424b-9868-57a2d4851a1d" />
      </TestEntries>
    </TestEntry>
    <TestEntry testId="71df5334-bb42-4053-bdc8-0055b821512a" executionId="aa30ad8d-fa70-4a54-8c2b-bd6d5d9ec9d0" testListId="8c84fa94-04c1-424b-9868-57a2d4851a1d">
      <TestEntries>
        <TestEntry testId="7523a384-8542-4c9d-a584-4870d9a2f9ce" executionId="23ddc609-c755-4efe-a3fa-b80ea5dc172b" parentExecutionId="aa30ad8d-fa70-4a54-8c2b-bd6d5d9ec9d0" testListId="8c84fa94-04c1-424b-9868-57a2d4851a1d" />
        <TestEntry testId="e4151b0a-d75e-4c85-b66f-642a712ea393" executionId="eadb2735-997e-49f3-b042-09a943b55a46" parentExecutionId="aa30ad8d-fa70-4a54-8c2b-bd6d5d9ec9d0" testListId="8c84fa94-04c1-424b-9868-57a2d4851a1d" />
      </TestEntries>
    </TestEntry>
    <TestEntry testId="aebf4dfa-2985-4c15-ae68-06b8bf9b19bd" executionId="3e995ff7-fae1-4788-99fe-84045f43c681" testListId="8c84fa94-04c1-424b-9868-57a2d4851a1d">
      <TestEntries>
        <TestEntry testId="ff357f17-d96f-4cc5-a87f-b990e5440b42" executionId="c93bac7f-0f4a-41c0-aaaa-763208b747d5" parentExecutionId="3e995ff7-fae1-4788-99fe-84045f43c681" testListId="8c84fa94-04c1-424b-9868-57a2d4851a1d" />
        <TestEntry testId="88a89aa2-40a5-4161-8840-98c73b985c47" executionId="387c160c-1559-4203-8729-f46b4d6c03d1" parentExecutionId="3e995ff7-fae1-4788-99fe-84045f43c681" testListId="8c84fa94-04c1-424b-9868-57a2d4851a1d" />
      </TestEntries>
    </TestEntry>
    <TestEntry testId="ff23713c-bb01-4121-a6e7-7c1967f193c4" executionId="a0ee7f23-cc58-4760-a02e-f210b15b844f" testListId="8c84fa94-04c1-424b-9868-57a2d4851a1d">
      <TestEntries>
        <TestEntry testId="4151ae03-e4ab-4c20-aec1-83b687187f79" executionId="42eb1338-1af2-4d25-b57f-496f2efdc74d" parentExecutionId="a0ee7f23-cc58-4760-a02e-f210b15b844f" testListId="8c84fa94-04c1-424b-9868-57a2d4851a1d" />
        <TestEntry testId="836fa66f-53d7-40fe-a90d-c7797e531fc1" executionId="fb0642b6-f8a6-4710-9f14-f802f842ce0d" parentExecutionId="a0ee7f23-cc58-4760-a02e-f210b15b844f" testListId="8c84fa94-04c1-424b-9868-57a2d4851a1d" />
      </TestEntries>
    </TestEntry>
    <TestEntry testId="e519f48f-6f0a-4a9d-a7cd-8b1be4a46b96" executionId="cdc2558b-f4fd-42a0-a8e4-8dfd1fb50e4f" testListId="8c84fa94-04c1-424b-9868-57a2d4851a1d">
      <TestEntries>
        <TestEntry testId="a60bfe08-ca0d-4d04-94d7-6e0f3c73eb77" executionId="46fc49a0-9288-44d4-9877-c61c549aed40" parentExecutionId="cdc2558b-f4fd-42a0-a8e4-8dfd1fb50e4f" testListId="8c84fa94-04c1-424b-9868-57a2d4851a1d" />
      </TestEntries>
    </TestEntry>
    <TestEntry testId="82a4445b-e0c0-4dbe-970f-61c916daca04" executionId="7e8ae2bc-688c-4cf6-874b-a52ce6d030b6" testListId="8c84fa94-04c1-424b-9868-57a2d4851a1d">
      <TestEntries>
        <TestEntry testId="51f0e0e7-312d-445d-9ed8-101c61daf912" executionId="a105d9c8-f5f3-4ddc-afca-2729c3969e2b" parentExecutionId="7e8ae2bc-688c-4cf6-874b-a52ce6d030b6" testListId="8c84fa94-04c1-424b-9868-57a2d4851a1d" />
        <TestEntry testId="7486e07b-8c5e-48ac-bada-dbfb24dc13e5" executionId="aacdbe79-2675-4060-aba3-391cb3cbac1d" parentExecutionId="7e8ae2bc-688c-4cf6-874b-a52ce6d030b6" testListId="8c84fa94-04c1-424b-9868-57a2d4851a1d" />
      </TestEntries>
    </TestEntry>
    <TestEntry testId="8e1d58bd-646c-47f0-ae37-5e4f703a1d4a" executionId="02ea6333-26ed-4913-b3ea-4450a60d8a48" testListId="8c84fa94-04c1-424b-9868-57a2d4851a1d">
      <TestEntries>
        <TestEntry testId="a33177c5-a4a5-49ec-a403-774fe71447f3" executionId="9447e9a5-76e9-4905-a982-2712b663e4fd" parentExecutionId="02ea6333-26ed-4913-b3ea-4450a60d8a48" testListId="8c84fa94-04c1-424b-9868-57a2d4851a1d" />
        <TestEntry testId="254de41a-0619-42d0-9570-86260c37e3e3" executionId="568115b3-eb25-4712-8d2f-ff257d3b5765" parentExecutionId="02ea6333-26ed-4913-b3ea-4450a60d8a48" testListId="8c84fa94-04c1-424b-9868-57a2d4851a1d" />
        <TestEntry testId="f8f11c65-5dd1-4438-88ec-159581b70f18" executionId="53772306-ebea-4809-9a7e-a050bc168377" parentExecutionId="02ea6333-26ed-4913-b3ea-4450a60d8a48" testListId="8c84fa94-04c1-424b-9868-57a2d4851a1d" />
        <TestEntry testId="bd6fac14-3568-45c0-b393-c73c22487313" executionId="db711e2c-747d-46ca-a379-758754110f48" parentExecutionId="02ea6333-26ed-4913-b3ea-4450a60d8a48" testListId="8c84fa94-04c1-424b-9868-57a2d4851a1d" />
        <TestEntry testId="dc9807bc-d415-4bd5-b684-7feebf7ab79a" executionId="5aafce8c-5c4a-4266-b592-e50dcb9d496b" parentExecutionId="02ea6333-26ed-4913-b3ea-4450a60d8a48" testListId="8c84fa94-04c1-424b-9868-57a2d4851a1d" />
        <TestEntry testId="18703160-0ac6-42be-be8f-07f205b156ba" executionId="f00c54ec-e0b1-4dd4-909c-1974c1d4daa8" parentExecutionId="02ea6333-26ed-4913-b3ea-4450a60d8a48" testListId="8c84fa94-04c1-424b-9868-57a2d4851a1d" />
        <TestEntry testId="bfbc3b63-90a3-4eae-8002-928b6b4480bd" executionId="d30e11e5-ff28-49c0-88b1-30cfa99d4985" parentExecutionId="02ea6333-26ed-4913-b3ea-4450a60d8a48" testListId="8c84fa94-04c1-424b-9868-57a2d4851a1d" />
      </TestEntries>
    </TestEntry>
    <TestEntry testId="fb5bd640-a76d-49cd-bbc3-d81ec04f12e4" executionId="d5dcfb5e-575d-4722-af68-cd2a9a91cf93" testListId="8c84fa94-04c1-424b-9868-57a2d4851a1d">
      <TestEntries>
        <TestEntry testId="2ed37b5e-f83e-4ac7-a7b3-dcb3a2f7204c" executionId="9cf80774-f147-491e-ab6d-6f80d262c786" parentExecutionId="d5dcfb5e-575d-4722-af68-cd2a9a91cf93" testListId="8c84fa94-04c1-424b-9868-57a2d4851a1d" />
        <TestEntry testId="283a7192-8b92-40e7-a804-c2ea1f7ef0a0" executionId="ed4349cb-42b7-4a3c-ba67-abba65beb3a1" parentExecutionId="d5dcfb5e-575d-4722-af68-cd2a9a91cf93" testListId="8c84fa94-04c1-424b-9868-57a2d4851a1d" />
      </TestEntries>
    </TestEntry>
    <TestEntry testId="f76c6185-0ff9-48a8-8426-f3f7f30d99d5" executionId="51bf71d5-e650-4b19-8fb6-2c79965d36b2" testListId="8c84fa94-04c1-424b-9868-57a2d4851a1d">
      <TestEntries>
        <TestEntry testId="430caaf1-1443-4b34-9927-147535979093" executionId="d0358dbd-8542-43e0-bfb7-3b4e5c615f87" parentExecutionId="51bf71d5-e650-4b19-8fb6-2c79965d36b2" testListId="8c84fa94-04c1-424b-9868-57a2d4851a1d" />
        <TestEntry testId="90c5fab7-52b7-46be-9017-e97c600867d9" executionId="18df9d55-87eb-463e-8312-3e62b4b1450a" parentExecutionId="51bf71d5-e650-4b19-8fb6-2c79965d36b2" testListId="8c84fa94-04c1-424b-9868-57a2d4851a1d" />
      </TestEntries>
    </TestEntry>
    <TestEntry testId="ac6231a6-453b-4291-996c-28544d7b4118" executionId="ca1f5a6b-e0ca-47ad-beff-97a7fd55d440" testListId="8c84fa94-04c1-424b-9868-57a2d4851a1d">
      <TestEntries>
        <TestEntry testId="727d38f4-8d26-4fb5-a0d1-b498119a08db" executionId="e39123c7-d49f-4fa5-bf9a-2bf604c1edc0" parentExecutionId="ca1f5a6b-e0ca-47ad-beff-97a7fd55d440" testListId="8c84fa94-04c1-424b-9868-57a2d4851a1d" />
        <TestEntry testId="49b70fd1-f49b-4487-afd4-b5424bc6e3c5" executionId="b35127b1-e167-4e0f-9d77-c73139eb106d" parentExecutionId="ca1f5a6b-e0ca-47ad-beff-97a7fd55d440" testListId="8c84fa94-04c1-424b-9868-57a2d4851a1d" />
      </TestEntries>
    </TestEntry>
    <TestEntry testId="05b22b7f-444e-4bc0-851a-6f1060666ae9" executionId="c4382cad-3fdd-427e-ac18-f93f0d5475c9" testListId="8c84fa94-04c1-424b-9868-57a2d4851a1d">
      <TestEntries>
        <TestEntry testId="a294acc9-b435-4199-a4e8-4616f521d039" executionId="bc79dc82-5d62-4fd2-a9e1-6f74750e268a" parentExecutionId="c4382cad-3fdd-427e-ac18-f93f0d5475c9" testListId="8c84fa94-04c1-424b-9868-57a2d4851a1d" />
        <TestEntry testId="8e1cf152-0f70-4b9f-b12d-37fa85ac3ea1" executionId="affb28cb-7ea8-4805-8906-3f918048397e" parentExecutionId="c4382cad-3fdd-427e-ac18-f93f0d5475c9" testListId="8c84fa94-04c1-424b-9868-57a2d4851a1d" />
        <TestEntry testId="1bdadd23-367c-4cb2-9629-33ecc80a2f6d" executionId="b5619afa-a2ef-4e7a-bc06-b26e3f539eb4" parentExecutionId="c4382cad-3fdd-427e-ac18-f93f0d5475c9" testListId="8c84fa94-04c1-424b-9868-57a2d4851a1d" />
      </TestEntries>
    </TestEntry>
    <TestEntry testId="4b38391c-0e11-4dde-9d6c-f80a36b8ff91" executionId="64f4eb58-b854-439a-8bcf-9ea33a5f030a" testListId="8c84fa94-04c1-424b-9868-57a2d4851a1d">
      <TestEntries>
        <TestEntry testId="7356f06b-177a-4046-9f9c-d16da1d7da6c" executionId="51298212-f556-4e02-b2c4-efbf1f9f2d98" parentExecutionId="64f4eb58-b854-439a-8bcf-9ea33a5f030a" testListId="8c84fa94-04c1-424b-9868-57a2d4851a1d" />
      </TestEntries>
    </TestEntry>
    <TestEntry testId="e71884c7-e95b-4895-92a3-1a2f4a68c1f0" executionId="9059987a-faae-46f9-b683-a9a4b358f9b0" testListId="8c84fa94-04c1-424b-9868-57a2d4851a1d">
      <TestEntries>
        <TestEntry testId="970482c1-f5ff-49f8-8a70-f81fc0013ffa" executionId="5b1dd542-a0ac-4cec-9787-08e4afecefea" parentExecutionId="9059987a-faae-46f9-b683-a9a4b358f9b0" testListId="8c84fa94-04c1-424b-9868-57a2d4851a1d" />
        <TestEntry testId="d7efbccd-c63c-4a7f-999b-53b612c5668a" executionId="062e03c3-3070-4da7-a6a5-d321c24545f3" parentExecutionId="9059987a-faae-46f9-b683-a9a4b358f9b0" testListId="8c84fa94-04c1-424b-9868-57a2d4851a1d" />
        <TestEntry testId="6a11b895-1bb1-492d-8df8-7b2438721210" executionId="e2b03786-2801-4ef1-aefb-9ca22ef53549" parentExecutionId="9059987a-faae-46f9-b683-a9a4b358f9b0" testListId="8c84fa94-04c1-424b-9868-57a2d4851a1d" />
        <TestEntry testId="eb54c809-adfb-40ff-a3d4-e0a8313a18a8" executionId="04a22d2f-ce60-4b5e-b25f-3a6f69911acf" parentExecutionId="9059987a-faae-46f9-b683-a9a4b358f9b0" testListId="8c84fa94-04c1-424b-9868-57a2d4851a1d" />
      </TestEntries>
    </TestEntry>
    <TestEntry testId="c227bb34-2dfd-418a-9385-dc60cb846e9d" executionId="2493fed7-0e59-4dfe-b7b7-5181f5053aa7" testListId="8c84fa94-04c1-424b-9868-57a2d4851a1d">
      <TestEntries>
        <TestEntry testId="a1b78339-d65b-4ad8-919b-a211092bc622" executionId="3717c634-b2f4-4c35-8d3d-2f072fb18468" parentExecutionId="2493fed7-0e59-4dfe-b7b7-5181f5053aa7" testListId="8c84fa94-04c1-424b-9868-57a2d4851a1d" />
        <TestEntry testId="ce8bad3b-5b7e-4ad1-ade0-51c7bc02a8fc" executionId="f429b329-89ad-4173-8b7d-6b9a052e421c" parentExecutionId="2493fed7-0e59-4dfe-b7b7-5181f5053aa7" testListId="8c84fa94-04c1-424b-9868-57a2d4851a1d" />
        <TestEntry testId="d8ffadf1-5058-44a9-8909-5a00b6e9f532" executionId="88a68c2b-3283-42a8-85aa-f8d10448a9e7" parentExecutionId="2493fed7-0e59-4dfe-b7b7-5181f5053aa7" testListId="8c84fa94-04c1-424b-9868-57a2d4851a1d" />
        <TestEntry testId="2513b3fe-625d-4505-a0ac-270158766b03" executionId="488f08b2-2b61-47b9-922a-a378fc61f079" parentExecutionId="2493fed7-0e59-4dfe-b7b7-5181f5053aa7" testListId="8c84fa94-04c1-424b-9868-57a2d4851a1d" />
      </TestEntries>
    </TestEntry>
    <TestEntry testId="347295d5-5bb3-4115-82e3-05fbdbb1bf32" executionId="23611168-0744-4bd7-bd05-240c71cde469" testListId="8c84fa94-04c1-424b-9868-57a2d4851a1d">
      <TestEntries>
        <TestEntry testId="14404893-07f2-40da-99b2-9e92305da549" executionId="c53e39dd-2067-46f9-99a7-c1602eb65ed2" parentExecutionId="23611168-0744-4bd7-bd05-240c71cde469" testListId="8c84fa94-04c1-424b-9868-57a2d4851a1d" />
        <TestEntry testId="99a5de8b-b4c1-4a85-87c1-d1cd49d06bbe" executionId="2280f223-c09b-471e-be0f-961bab434248" parentExecutionId="23611168-0744-4bd7-bd05-240c71cde469" testListId="8c84fa94-04c1-424b-9868-57a2d4851a1d" />
        <TestEntry testId="eb0d2d33-fd74-4882-852c-e3309f10bc61" executionId="5c5f454a-db7e-4863-a900-97dc0453f9ad" parentExecutionId="23611168-0744-4bd7-bd05-240c71cde469" testListId="8c84fa94-04c1-424b-9868-57a2d4851a1d" />
      </TestEntries>
    </TestEntry>
    <TestEntry testId="e6b190c3-d26f-4dd0-a877-f506f95b750e" executionId="c6b16948-1d58-49b8-9d79-97ced3639990" testListId="8c84fa94-04c1-424b-9868-57a2d4851a1d">
      <TestEntries>
        <TestEntry testId="baf34c8c-12ed-4553-88cd-66fce6ca7490" executionId="967c7e88-c32d-4a92-b201-90c54fa836e8" parentExecutionId="c6b16948-1d58-49b8-9d79-97ced3639990" testListId="8c84fa94-04c1-424b-9868-57a2d4851a1d" />
        <TestEntry testId="b67db915-27ea-45f9-a6e0-4bec6849499b" executionId="ec3cd0ed-8a4a-48a3-bfd0-681f0c2636cd" parentExecutionId="c6b16948-1d58-49b8-9d79-97ced3639990" testListId="8c84fa94-04c1-424b-9868-57a2d4851a1d" />
      </TestEntries>
    </TestEntry>
    <TestEntry testId="edbb3e5c-15b3-4837-b0d7-62e887f15551" executionId="b7110f69-1976-450d-bb5d-c8abcf76c026" testListId="8c84fa94-04c1-424b-9868-57a2d4851a1d">
      <TestEntries>
        <TestEntry testId="08fce4ac-65e4-43ca-9cbf-a7ea7850021c" executionId="4cf77c16-c1f8-4d4f-bcbe-8f2492c42a93" parentExecutionId="b7110f69-1976-450d-bb5d-c8abcf76c026" testListId="8c84fa94-04c1-424b-9868-57a2d4851a1d" />
      </TestEntries>
    </TestEntry>
    <TestEntry testId="f265a6ea-82ee-4052-bb78-9fb65f79b593" executionId="f8722d4b-878b-4c0e-af2f-4cb352a1c558" testListId="8c84fa94-04c1-424b-9868-57a2d4851a1d">
      <TestEntries>
        <TestEntry testId="3170fd3e-d419-4712-885b-e0c179db779f" executionId="bc59450f-c973-4a69-bb62-84336236ae62" parentExecutionId="f8722d4b-878b-4c0e-af2f-4cb352a1c558" testListId="8c84fa94-04c1-424b-9868-57a2d4851a1d" />
        <TestEntry testId="9c7adc63-413a-4708-b090-303adb19e74a" executionId="ef74269b-1419-413f-8bd8-fe83bc956c5a" parentExecutionId="f8722d4b-878b-4c0e-af2f-4cb352a1c558" testListId="8c84fa94-04c1-424b-9868-57a2d4851a1d" />
        <TestEntry testId="65ab3f14-e4e7-446c-b889-d444e21e3fec" executionId="41edc0ac-6172-4999-a1c7-27573ef16b97" parentExecutionId="f8722d4b-878b-4c0e-af2f-4cb352a1c558" testListId="8c84fa94-04c1-424b-9868-57a2d4851a1d" />
        <TestEntry testId="8d8015e5-b72b-4fbb-b66d-a332a4d440cd" executionId="6dc6238e-ca7e-48bf-88f8-388f5ae93d48" parentExecutionId="f8722d4b-878b-4c0e-af2f-4cb352a1c558" testListId="8c84fa94-04c1-424b-9868-57a2d4851a1d" />
        <TestEntry testId="b563f5e8-3a80-4a2e-83aa-22671e3251fd" executionId="43603322-c2f0-441e-b313-1fd2588dae55" parentExecutionId="f8722d4b-878b-4c0e-af2f-4cb352a1c558" testListId="8c84fa94-04c1-424b-9868-57a2d4851a1d" />
        <TestEntry testId="3fb08cf5-d009-44f9-98b7-31fb80e76822" executionId="ceefc0bd-d405-4c59-b5a3-686d6e6a8f25" parentExecutionId="f8722d4b-878b-4c0e-af2f-4cb352a1c558" testListId="8c84fa94-04c1-424b-9868-57a2d4851a1d" />
        <TestEntry testId="6d384dc9-3d84-49b8-9337-0b3a0c62f8b6" executionId="ffe45fed-9770-4689-93f4-bd0054cb8706" parentExecutionId="f8722d4b-878b-4c0e-af2f-4cb352a1c558" testListId="8c84fa94-04c1-424b-9868-57a2d4851a1d" />
        <TestEntry testId="62a8c8b5-6986-4281-870f-ad1e9932c820" executionId="fe701124-2b29-4c34-ba02-68936d6298a4" parentExecutionId="f8722d4b-878b-4c0e-af2f-4cb352a1c558" testListId="8c84fa94-04c1-424b-9868-57a2d4851a1d" />
        <TestEntry testId="adc8826e-be63-4376-95a3-7f3d74c253aa" executionId="e8be9cca-d750-44ce-bc3a-c6b4494d0ae5" parentExecutionId="f8722d4b-878b-4c0e-af2f-4cb352a1c558" testListId="8c84fa94-04c1-424b-9868-57a2d4851a1d" />
        <TestEntry testId="f744eadb-6561-446d-95a4-49fc7639bdbe" executionId="193c0c6f-74ee-4baf-a33b-969480953c6c" parentExecutionId="f8722d4b-878b-4c0e-af2f-4cb352a1c558" testListId="8c84fa94-04c1-424b-9868-57a2d4851a1d" />
        <TestEntry testId="0017d07b-712e-44de-910e-208b3183bef3" executionId="53c24a8f-d163-4559-8253-fcf7ed0eea21" parentExecutionId="f8722d4b-878b-4c0e-af2f-4cb352a1c558" testListId="8c84fa94-04c1-424b-9868-57a2d4851a1d" />
        <TestEntry testId="81fccace-dc30-44cb-b778-b8f2692be908" executionId="638a4e41-3638-44f1-ae90-fe278c71e606" parentExecutionId="f8722d4b-878b-4c0e-af2f-4cb352a1c558" testListId="8c84fa94-04c1-424b-9868-57a2d4851a1d" />
        <TestEntry testId="ecf4c4eb-442a-4c80-83ba-7afe00646c1a" executionId="a942711a-6d55-4fd1-828f-50e9ffbf115a" parentExecutionId="f8722d4b-878b-4c0e-af2f-4cb352a1c558" testListId="8c84fa94-04c1-424b-9868-57a2d4851a1d" />
        <TestEntry testId="24bbe8b9-5486-40cf-b173-fd44abd241ae" executionId="c254c6e0-54aa-4d0b-bed4-9fc720528867" parentExecutionId="f8722d4b-878b-4c0e-af2f-4cb352a1c558" testListId="8c84fa94-04c1-424b-9868-57a2d4851a1d" />
        <TestEntry testId="03e094ee-d349-4317-b903-a14a29933f99" executionId="585d6a52-15d7-4822-81a3-ed0be6deb2e5" parentExecutionId="f8722d4b-878b-4c0e-af2f-4cb352a1c558" testListId="8c84fa94-04c1-424b-9868-57a2d4851a1d" />
        <TestEntry testId="645075a5-cb89-4950-8452-2b16ea3f41fe" executionId="dbae27f1-b91a-4cae-a9e9-accf4fada209" parentExecutionId="f8722d4b-878b-4c0e-af2f-4cb352a1c558" testListId="8c84fa94-04c1-424b-9868-57a2d4851a1d" />
        <TestEntry testId="80b0a665-78f0-465c-9fa8-90add9185cec" executionId="601846ad-2d26-4339-8f61-da69b8bbb40e" parentExecutionId="f8722d4b-878b-4c0e-af2f-4cb352a1c558" testListId="8c84fa94-04c1-424b-9868-57a2d4851a1d" />
        <TestEntry testId="178e7964-ed69-479f-ae9e-30371aace094" executionId="1df1c8b7-7a6c-4604-bcc7-bb3bc86ca020" parentExecutionId="f8722d4b-878b-4c0e-af2f-4cb352a1c558" testListId="8c84fa94-04c1-424b-9868-57a2d4851a1d" />
        <TestEntry testId="a074d4c5-baf7-4763-9493-8fad9b3e0d00" executionId="d3c682af-f3b2-4643-9f75-410e1455a594" parentExecutionId="f8722d4b-878b-4c0e-af2f-4cb352a1c558" testListId="8c84fa94-04c1-424b-9868-57a2d4851a1d" />
        <TestEntry testId="6beef60c-5edc-4317-9254-4f892c9d4d64" executionId="8c2b05b2-55ec-490c-811a-7e10d9508aad" parentExecutionId="f8722d4b-878b-4c0e-af2f-4cb352a1c558" testListId="8c84fa94-04c1-424b-9868-57a2d4851a1d" />
        <TestEntry testId="532b1862-d028-4d52-b05d-6c4acfee7e90" executionId="b53bfa01-9444-4e60-bc0a-ea3f300ac439" parentExecutionId="f8722d4b-878b-4c0e-af2f-4cb352a1c558" testListId="8c84fa94-04c1-424b-9868-57a2d4851a1d" />
        <TestEntry testId="482e8b43-6367-48d6-8ea2-3ac3f6e68517" executionId="03b9b3a7-86c5-4871-bcc7-15f56439bfe6" parentExecutionId="f8722d4b-878b-4c0e-af2f-4cb352a1c558" testListId="8c84fa94-04c1-424b-9868-57a2d4851a1d" />
        <TestEntry testId="3945606f-fed6-4996-ac03-6b693b16ceba" executionId="ab57c626-67a5-435b-b78e-81548c17603e" parentExecutionId="f8722d4b-878b-4c0e-af2f-4cb352a1c558" testListId="8c84fa94-04c1-424b-9868-57a2d4851a1d" />
        <TestEntry testId="88d5ca4b-277c-48f1-9bf0-ad21d785a214" executionId="11022cfc-60f1-4f98-a1cf-b52c7d9ba8f0" parentExecutionId="f8722d4b-878b-4c0e-af2f-4cb352a1c558" testListId="8c84fa94-04c1-424b-9868-57a2d4851a1d" />
        <TestEntry testId="bbf114db-2b76-4370-b791-fff9c6e6651f" executionId="3867b1ca-2b87-4d1a-b008-b8ece6d1c3eb" parentExecutionId="f8722d4b-878b-4c0e-af2f-4cb352a1c558" testListId="8c84fa94-04c1-424b-9868-57a2d4851a1d" />
        <TestEntry testId="e1d81e87-3f55-43e3-b8ff-5e4872f77049" executionId="24319e8b-e501-4b33-98e4-c1bea802cf34" parentExecutionId="f8722d4b-878b-4c0e-af2f-4cb352a1c558" testListId="8c84fa94-04c1-424b-9868-57a2d4851a1d" />
        <TestEntry testId="4b2d4469-086e-42e8-ba0c-98331d65b6c8" executionId="ad7fe121-7d4b-4e13-b44d-3b77c0795469" parentExecutionId="f8722d4b-878b-4c0e-af2f-4cb352a1c558" testListId="8c84fa94-04c1-424b-9868-57a2d4851a1d" />
      </TestEntries>
    </TestEntry>
    <TestEntry testId="e954d55c-5f2e-4de7-acfa-878c625f0a5c" executionId="ab4dcdc8-40cc-45ee-a111-90d510c291bc" testListId="8c84fa94-04c1-424b-9868-57a2d4851a1d">
      <TestEntries>
        <TestEntry testId="c4916e63-f885-4961-b7f3-b84cbeee239e" executionId="fbd370db-d1d4-48fe-bc49-544056779d2b" parentExecutionId="ab4dcdc8-40cc-45ee-a111-90d510c291bc" testListId="8c84fa94-04c1-424b-9868-57a2d4851a1d" />
        <TestEntry testId="023a13bb-6aeb-41e8-9261-324cb6268c82" executionId="85d570bc-d8b0-42e1-80dd-6d06f4082dbd" parentExecutionId="ab4dcdc8-40cc-45ee-a111-90d510c291bc" testListId="8c84fa94-04c1-424b-9868-57a2d4851a1d" />
        <TestEntry testId="d7efbccd-c63c-4a7f-999b-53b612c5668a" executionId="45b94115-9352-49de-9019-54fc1f837d9d" parentExecutionId="ab4dcdc8-40cc-45ee-a111-90d510c291bc" testListId="8c84fa94-04c1-424b-9868-57a2d4851a1d" />
      </TestEntries>
    </TestEntry>
    <TestEntry testId="7eba80ce-c0c1-4f25-aa9f-65bf21fb4d5d" executionId="a7ed55cb-9285-44b0-9f3d-f1bc01a909cd" testListId="8c84fa94-04c1-424b-9868-57a2d4851a1d">
      <TestEntries>
        <TestEntry testId="551cc2f5-1893-4e33-8d34-9eb5e855900f" executionId="db3ce370-a2be-4bcb-9d68-b4debae6025b" parentExecutionId="a7ed55cb-9285-44b0-9f3d-f1bc01a909cd" testListId="8c84fa94-04c1-424b-9868-57a2d4851a1d" />
        <TestEntry testId="006b6c77-8893-4b32-b5d8-063ddd7bf928" executionId="3f4ccb8c-7e5b-4f9d-ab8b-85bfab4088fb" parentExecutionId="a7ed55cb-9285-44b0-9f3d-f1bc01a909cd" testListId="8c84fa94-04c1-424b-9868-57a2d4851a1d" />
      </TestEntries>
    </TestEntry>
    <TestEntry testId="7f32ed84-d670-4651-920d-8596e941ca46" executionId="954bbd78-b39a-491c-ac35-61258c954cb1" testListId="8c84fa94-04c1-424b-9868-57a2d4851a1d">
      <TestEntries>
        <TestEntry testId="b3eaedc6-7cdb-4d78-a3e8-3d98e040fb82" executionId="bc1d51e1-854d-4b5e-8e89-850579776afc" parentExecutionId="954bbd78-b39a-491c-ac35-61258c954cb1" testListId="8c84fa94-04c1-424b-9868-57a2d4851a1d" />
      </TestEntries>
    </TestEntry>
    <TestEntry testId="274b8f4e-cbf7-4b70-aa9a-56cde80cd788" executionId="4ea6c5b3-3878-4ef4-a258-20b6f2c80b92" testListId="8c84fa94-04c1-424b-9868-57a2d4851a1d">
      <TestEntries>
        <TestEntry testId="396d9239-2082-478a-b25a-3c6d420bf5ea" executionId="4e3568b2-d641-4eae-a957-45f18b7e2378" parentExecutionId="4ea6c5b3-3878-4ef4-a258-20b6f2c80b92" testListId="8c84fa94-04c1-424b-9868-57a2d4851a1d" />
        <TestEntry testId="8b4cf61d-4b9b-4477-ae08-f5079fcba135" executionId="049be5f5-7b26-4164-a898-c332f16f4ff2" parentExecutionId="4ea6c5b3-3878-4ef4-a258-20b6f2c80b92" testListId="8c84fa94-04c1-424b-9868-57a2d4851a1d" />
      </TestEntries>
    </TestEntry>
    <TestEntry testId="8c671b03-f75b-41ac-bbae-2dc7793cc516" executionId="f988a6a6-e6f8-490c-8bca-826a0a97ce6a" testListId="8c84fa94-04c1-424b-9868-57a2d4851a1d">
      <TestEntries>
        <TestEntry testId="c85a667e-aa08-473a-a05e-e5c26139379c" executionId="293d4c55-f32a-4e05-98d3-1d5232d12c01" parentExecutionId="f988a6a6-e6f8-490c-8bca-826a0a97ce6a" testListId="8c84fa94-04c1-424b-9868-57a2d4851a1d" />
      </TestEntries>
    </TestEntry>
    <TestEntry testId="5749c0aa-c1cf-4387-9ffc-ea8946c734f4" executionId="e9811b83-52c2-47f7-9702-4c8288be0f1c" testListId="8c84fa94-04c1-424b-9868-57a2d4851a1d">
      <TestEntries>
        <TestEntry testId="30da92b8-eaa3-4a28-b643-1d099093f473" executionId="ff83ab04-88bf-41c3-a374-8000963b0eb4" parentExecutionId="e9811b83-52c2-47f7-9702-4c8288be0f1c" testListId="8c84fa94-04c1-424b-9868-57a2d4851a1d" />
        <TestEntry testId="c87055d1-8c88-4128-9922-f1632d28fdd2" executionId="2a0f9dd1-cd3b-4079-ae24-fa7b6d2ff613" parentExecutionId="e9811b83-52c2-47f7-9702-4c8288be0f1c" testListId="8c84fa94-04c1-424b-9868-57a2d4851a1d" />
        <TestEntry testId="4f703dd2-495d-42b4-abb7-df6b0cc95a17" executionId="29c088e5-598e-4399-aae0-375b44d771ab" parentExecutionId="e9811b83-52c2-47f7-9702-4c8288be0f1c" testListId="8c84fa94-04c1-424b-9868-57a2d4851a1d" />
        <TestEntry testId="c68c23c0-2864-4144-8b40-12201b58df09" executionId="20166f5d-2ef8-46c9-a715-77bde5464b30" parentExecutionId="e9811b83-52c2-47f7-9702-4c8288be0f1c" testListId="8c84fa94-04c1-424b-9868-57a2d4851a1d" />
        <TestEntry testId="492af55e-1811-457f-8137-73c65d72c2c2" executionId="9bfb31ab-c5d5-4413-a5c7-c5a51e892838" parentExecutionId="e9811b83-52c2-47f7-9702-4c8288be0f1c" testListId="8c84fa94-04c1-424b-9868-57a2d4851a1d" />
        <TestEntry testId="a3200d13-0d0f-4c2a-92c4-6e1405f75d5c" executionId="01a16536-1bbc-4390-b64d-f3ba165c775a" parentExecutionId="e9811b83-52c2-47f7-9702-4c8288be0f1c" testListId="8c84fa94-04c1-424b-9868-57a2d4851a1d" />
        <TestEntry testId="21b50477-db36-4a10-a262-bfbafb395965" executionId="819847ad-90c6-4f3c-b97c-b2246b9d445e" parentExecutionId="e9811b83-52c2-47f7-9702-4c8288be0f1c" testListId="8c84fa94-04c1-424b-9868-57a2d4851a1d" />
        <TestEntry testId="3db8715e-c8cf-4552-8fd4-43baaa012ae3" executionId="c243a835-2c59-48d5-8cc3-945462ca3a61" parentExecutionId="e9811b83-52c2-47f7-9702-4c8288be0f1c" testListId="8c84fa94-04c1-424b-9868-57a2d4851a1d" />
        <TestEntry testId="22f7d323-45a9-4d40-ba1a-92eb87bd0bf5" executionId="452f3f39-0663-4b69-bb0e-149f37814fa2" parentExecutionId="e9811b83-52c2-47f7-9702-4c8288be0f1c" testListId="8c84fa94-04c1-424b-9868-57a2d4851a1d" />
        <TestEntry testId="5eb57926-3d57-4647-bbcc-5781b76c974b" executionId="170250fa-dbe0-4a92-9de9-a90bdd1ce939" parentExecutionId="e9811b83-52c2-47f7-9702-4c8288be0f1c" testListId="8c84fa94-04c1-424b-9868-57a2d4851a1d" />
        <TestEntry testId="4bfb99f8-7eeb-4944-a8b7-e96cb889aadc" executionId="57d43134-d66a-4b21-99cf-4b106d533498" parentExecutionId="e9811b83-52c2-47f7-9702-4c8288be0f1c" testListId="8c84fa94-04c1-424b-9868-57a2d4851a1d" />
        <TestEntry testId="f7df1a34-da4f-4bed-838a-ee978c3e8fce" executionId="feec1d90-e6ae-495a-80dc-7fc210c30c32" parentExecutionId="e9811b83-52c2-47f7-9702-4c8288be0f1c" testListId="8c84fa94-04c1-424b-9868-57a2d4851a1d" />
        <TestEntry testId="074071cb-caf5-4739-b199-eefa55820e2c" executionId="a04ecead-d480-4b65-9059-3c100116a442" parentExecutionId="e9811b83-52c2-47f7-9702-4c8288be0f1c" testListId="8c84fa94-04c1-424b-9868-57a2d4851a1d" />
        <TestEntry testId="8d747b50-4ebc-4a79-9a09-67dc3d71502a" executionId="ba730ff0-a0b9-4637-b82e-4804cf295c80" parentExecutionId="e9811b83-52c2-47f7-9702-4c8288be0f1c" testListId="8c84fa94-04c1-424b-9868-57a2d4851a1d" />
        <TestEntry testId="e00d7d41-b561-4b34-8f3e-4ac1e6ac7bcc" executionId="c148b564-5ed1-4ead-9c27-24d2210ea2b1" parentExecutionId="e9811b83-52c2-47f7-9702-4c8288be0f1c" testListId="8c84fa94-04c1-424b-9868-57a2d4851a1d" />
        <TestEntry testId="2ced6296-deb8-4010-8ec9-10ad806b6779" executionId="650d102c-6093-45d3-a747-455d60ec4ece" parentExecutionId="e9811b83-52c2-47f7-9702-4c8288be0f1c" testListId="8c84fa94-04c1-424b-9868-57a2d4851a1d" />
        <TestEntry testId="b0bccff2-cd54-4248-a7e8-88ad9f6c2887" executionId="dd6a1efc-935d-40b8-b2ed-9957ed622ac9" parentExecutionId="e9811b83-52c2-47f7-9702-4c8288be0f1c" testListId="8c84fa94-04c1-424b-9868-57a2d4851a1d" />
        <TestEntry testId="aad19ad4-fdd0-452f-8fe2-84722d41dd3c" executionId="ef0891ab-9896-45be-8817-d7262f70161f" parentExecutionId="e9811b83-52c2-47f7-9702-4c8288be0f1c" testListId="8c84fa94-04c1-424b-9868-57a2d4851a1d" />
        <TestEntry testId="2022d5d3-3243-48eb-b584-761b0e7df5bf" executionId="b11af35c-d29c-493a-b9ab-0d1b41436039" parentExecutionId="e9811b83-52c2-47f7-9702-4c8288be0f1c" testListId="8c84fa94-04c1-424b-9868-57a2d4851a1d" />
        <TestEntry testId="4d83edc7-fe33-4aa1-820d-d350b0acf36e" executionId="dffea6ce-3c5a-4385-98bf-c16d30fb74a0" parentExecutionId="e9811b83-52c2-47f7-9702-4c8288be0f1c" testListId="8c84fa94-04c1-424b-9868-57a2d4851a1d" />
        <TestEntry testId="780556a7-c13c-4b96-b98f-3d836a9fac62" executionId="4e93e904-6aa7-4d56-a5d3-7295d3bba978" parentExecutionId="e9811b83-52c2-47f7-9702-4c8288be0f1c" testListId="8c84fa94-04c1-424b-9868-57a2d4851a1d" />
      </TestEntries>
    </TestEntry>
    <TestEntry testId="73d6ce1d-b321-401e-b525-541f2ae4a7c2" executionId="abfacd55-93a6-4088-9022-286aa3b7c61b" testListId="8c84fa94-04c1-424b-9868-57a2d4851a1d">
      <TestEntries>
        <TestEntry testId="dfc605f1-22b1-4c8f-85ea-caf01df041c8" executionId="40dbca32-c0ac-448c-8161-784f05a55c34" parentExecutionId="abfacd55-93a6-4088-9022-286aa3b7c61b" testListId="8c84fa94-04c1-424b-9868-57a2d4851a1d" />
        <TestEntry testId="e4ba3691-944c-4c61-82ca-fce9a808fed4" executionId="cdfd0df3-d023-447e-8a64-6511ea1873f4" parentExecutionId="abfacd55-93a6-4088-9022-286aa3b7c61b" testListId="8c84fa94-04c1-424b-9868-57a2d4851a1d" />
        <TestEntry testId="978b46b3-a94c-4763-8d25-3a1ce659fa4e" executionId="f1c06808-130c-4cd9-afd0-0695353bda10" parentExecutionId="abfacd55-93a6-4088-9022-286aa3b7c61b" testListId="8c84fa94-04c1-424b-9868-57a2d4851a1d" />
        <TestEntry testId="3ad9a973-8ee4-4a0b-9086-bdb7a1a01a4d" executionId="f4178eea-c33f-44ab-93d7-1a3a6ea022ca" parentExecutionId="abfacd55-93a6-4088-9022-286aa3b7c61b" testListId="8c84fa94-04c1-424b-9868-57a2d4851a1d" />
        <TestEntry testId="784f78b5-6b68-4bf6-9a0a-5ce3513e7349" executionId="767380bd-9922-4b85-8de1-ccff3f069267" parentExecutionId="abfacd55-93a6-4088-9022-286aa3b7c61b" testListId="8c84fa94-04c1-424b-9868-57a2d4851a1d" />
        <TestEntry testId="21871336-5a56-4802-bc78-7765ac6cddb3" executionId="810890ce-4c82-4395-9919-295a0d832e41" parentExecutionId="abfacd55-93a6-4088-9022-286aa3b7c61b" testListId="8c84fa94-04c1-424b-9868-57a2d4851a1d" />
        <TestEntry testId="106e728e-63b5-4349-a46a-13b8619b4ac6" executionId="fed960ce-8f13-4f72-8ad5-087d5e7d5bec" parentExecutionId="abfacd55-93a6-4088-9022-286aa3b7c61b" testListId="8c84fa94-04c1-424b-9868-57a2d4851a1d" />
        <TestEntry testId="3f70c2ae-92da-4cbe-9e3f-901c002268db" executionId="0517ec74-7a88-4582-a48f-af3f44984070" parentExecutionId="abfacd55-93a6-4088-9022-286aa3b7c61b" testListId="8c84fa94-04c1-424b-9868-57a2d4851a1d" />
        <TestEntry testId="f3847ca6-d68e-4d14-bf57-6e38aa85524d" executionId="8013e1a4-537c-493e-a05a-ddfe29706e83" parentExecutionId="abfacd55-93a6-4088-9022-286aa3b7c61b" testListId="8c84fa94-04c1-424b-9868-57a2d4851a1d" />
        <TestEntry testId="308d2d48-a14c-4fa3-a398-b15dc1bd2634" executionId="6610478a-7001-4bcd-addc-ce1bcd89eae7" parentExecutionId="abfacd55-93a6-4088-9022-286aa3b7c61b" testListId="8c84fa94-04c1-424b-9868-57a2d4851a1d" />
        <TestEntry testId="55823607-8718-4c14-aa97-dff2ff523404" executionId="76de8876-c73b-4ad0-a263-66c7f706ae2c" parentExecutionId="abfacd55-93a6-4088-9022-286aa3b7c61b" testListId="8c84fa94-04c1-424b-9868-57a2d4851a1d" />
        <TestEntry testId="9ec9165c-c9c9-4222-8be1-6942d1b42ee6" executionId="090f09c0-a3a6-48de-b333-c816a213f65b" parentExecutionId="abfacd55-93a6-4088-9022-286aa3b7c61b" testListId="8c84fa94-04c1-424b-9868-57a2d4851a1d" />
        <TestEntry testId="5467bcb8-f3ef-40bf-a45f-e52a75f29202" executionId="97ca950f-5329-40f2-aabf-8ae922fba434" parentExecutionId="abfacd55-93a6-4088-9022-286aa3b7c61b" testListId="8c84fa94-04c1-424b-9868-57a2d4851a1d" />
        <TestEntry testId="e99f1ae7-4a69-450f-a64c-213da9bd187d" executionId="c23995f3-723a-4f00-9f56-54e2ae11875e" parentExecutionId="abfacd55-93a6-4088-9022-286aa3b7c61b" testListId="8c84fa94-04c1-424b-9868-57a2d4851a1d" />
      </TestEntries>
    </TestEntry>
    <TestEntry testId="2af2ad18-152a-4fca-91c6-00afc25da371" executionId="17ea93a9-49d8-43db-be06-103c3401b10b" testListId="8c84fa94-04c1-424b-9868-57a2d4851a1d">
      <TestEntries>
        <TestEntry testId="bc852938-1813-4a9a-833a-29cd6377f438" executionId="a48d09e7-fa55-4bea-910c-96d31e5e07d2" parentExecutionId="17ea93a9-49d8-43db-be06-103c3401b10b" testListId="8c84fa94-04c1-424b-9868-57a2d4851a1d" />
        <TestEntry testId="a91bfc5d-e0b1-40dc-aa11-b3d90dd2680b" executionId="120d09f8-7e73-4cf3-8359-e013cb6eb7ea" parentExecutionId="17ea93a9-49d8-43db-be06-103c3401b10b" testListId="8c84fa94-04c1-424b-9868-57a2d4851a1d" />
      </TestEntries>
    </TestEntry>
    <TestEntry testId="c29e0283-e85c-4a50-9514-4ad3c9dcbd90" executionId="8ced95e6-b239-4e21-a515-99449902fbcb" testListId="8c84fa94-04c1-424b-9868-57a2d4851a1d">
      <TestEntries>
        <TestEntry testId="ae8ebc79-89b8-4953-8167-fc04f6526565" executionId="0bbdf79d-9ebb-4d06-ac97-cff04cde15aa" parentExecutionId="8ced95e6-b239-4e21-a515-99449902fbcb" testListId="8c84fa94-04c1-424b-9868-57a2d4851a1d" />
        <TestEntry testId="8a0f7953-630b-4d09-aea5-5c61f043242d" executionId="b7d72011-9b73-42f9-997c-5f1f8eace483" parentExecutionId="8ced95e6-b239-4e21-a515-99449902fbcb" testListId="8c84fa94-04c1-424b-9868-57a2d4851a1d" />
        <TestEntry testId="9ff0b9ae-5781-4760-a5a8-294e4e46ed6a" executionId="a8c6c218-d777-4b06-a0da-23c2e3f7604a" parentExecutionId="8ced95e6-b239-4e21-a515-99449902fbcb" testListId="8c84fa94-04c1-424b-9868-57a2d4851a1d" />
        <TestEntry testId="c187ea8f-591f-4075-a11d-787461dd5556" executionId="5481e230-74a1-4a42-8113-3ee3951bcce0" parentExecutionId="8ced95e6-b239-4e21-a515-99449902fbcb" testListId="8c84fa94-04c1-424b-9868-57a2d4851a1d" />
      </TestEntries>
    </TestEntry>
    <TestEntry testId="f00228c2-de04-4ac8-9570-54985daa724a" executionId="ad942967-ee41-4483-9f64-3e46aad96f49" testListId="8c84fa94-04c1-424b-9868-57a2d4851a1d">
      <TestEntries>
        <TestEntry testId="bdf42bb7-0605-4b9c-8b03-bb884efc4fbe" executionId="dc43ea1e-b2b4-4255-9085-0418d58730c8" parentExecutionId="ad942967-ee41-4483-9f64-3e46aad96f49" testListId="8c84fa94-04c1-424b-9868-57a2d4851a1d" />
        <TestEntry testId="407b673b-4b41-4500-b9cf-882eba4a19e8" executionId="1bb19e8f-ada3-454b-a609-fa745186fffd" parentExecutionId="ad942967-ee41-4483-9f64-3e46aad96f49" testListId="8c84fa94-04c1-424b-9868-57a2d4851a1d" />
        <TestEntry testId="63bbe4c5-582b-4c50-af89-4977ef1e71b3" executionId="fa8eb2d7-d349-40e7-a0e8-80bb35dcfc28" parentExecutionId="ad942967-ee41-4483-9f64-3e46aad96f49" testListId="8c84fa94-04c1-424b-9868-57a2d4851a1d" />
      </TestEntries>
    </TestEntry>
    <TestEntry testId="d0e1ee3e-1d27-4421-8fc4-7df592928616" executionId="f57c4edd-1dc5-4910-be1c-3d0ea8d5267b" testListId="8c84fa94-04c1-424b-9868-57a2d4851a1d">
      <TestEntries>
        <TestEntry testId="e60e00f7-b30c-4486-8e3b-fd42c4821fa7" executionId="4336adc1-9c72-4c9d-83ea-7988800190e3" parentExecutionId="f57c4edd-1dc5-4910-be1c-3d0ea8d5267b" testListId="8c84fa94-04c1-424b-9868-57a2d4851a1d" />
        <TestEntry testId="70603481-2b8f-4a38-a034-8111f5b94444" executionId="2fd86a9a-c69a-492b-bb09-654e3066c680" parentExecutionId="f57c4edd-1dc5-4910-be1c-3d0ea8d5267b" testListId="8c84fa94-04c1-424b-9868-57a2d4851a1d" />
        <TestEntry testId="ffd7bdb4-0ddf-4ba9-b82b-7214242e7e51" executionId="1d7fc2f5-bc35-46e0-8a69-e57fab5d2b60" parentExecutionId="f57c4edd-1dc5-4910-be1c-3d0ea8d5267b" testListId="8c84fa94-04c1-424b-9868-57a2d4851a1d" />
        <TestEntry testId="8da75105-4b33-499e-b39a-5864c1547602" executionId="e6528cd2-d5fa-4af0-a515-e34aaa6ae13e" parentExecutionId="f57c4edd-1dc5-4910-be1c-3d0ea8d5267b" testListId="8c84fa94-04c1-424b-9868-57a2d4851a1d" />
        <TestEntry testId="cfa745ba-31da-4d12-99e0-5234eaad79cb" executionId="7abd64e2-6ff2-4562-9a3d-cc2e2643847c" parentExecutionId="f57c4edd-1dc5-4910-be1c-3d0ea8d5267b" testListId="8c84fa94-04c1-424b-9868-57a2d4851a1d" />
        <TestEntry testId="b474e4a5-a2ef-45a0-8e2c-801824d665d8" executionId="cfead4c4-9f75-4a7d-9899-0d02151a6437" parentExecutionId="f57c4edd-1dc5-4910-be1c-3d0ea8d5267b" testListId="8c84fa94-04c1-424b-9868-57a2d4851a1d" />
        <TestEntry testId="e0d5d105-a2e5-4729-af40-844c8dcc7355" executionId="0db90904-dcdd-4602-9f5d-b8c85592d7f8" parentExecutionId="f57c4edd-1dc5-4910-be1c-3d0ea8d5267b" testListId="8c84fa94-04c1-424b-9868-57a2d4851a1d" />
        <TestEntry testId="0ea23f47-02a2-4627-aa9e-d1aac2caf562" executionId="562cda1c-62ac-4cc7-aef0-db14b45b9829" parentExecutionId="f57c4edd-1dc5-4910-be1c-3d0ea8d5267b" testListId="8c84fa94-04c1-424b-9868-57a2d4851a1d" />
        <TestEntry testId="4838804a-48e4-4210-96be-15d66477992e" executionId="9c3f7537-9d88-40f4-aae1-beeedfc61e17" parentExecutionId="f57c4edd-1dc5-4910-be1c-3d0ea8d5267b" testListId="8c84fa94-04c1-424b-9868-57a2d4851a1d" />
        <TestEntry testId="a5892264-1b40-41b4-89d7-94bc830bc665" executionId="baee6d40-0407-4ee3-9ea0-140bc52a31a6" parentExecutionId="f57c4edd-1dc5-4910-be1c-3d0ea8d5267b" testListId="8c84fa94-04c1-424b-9868-57a2d4851a1d" />
        <TestEntry testId="769b9c95-ec95-4ce0-b42c-d9938b421505" executionId="444ebc9e-54f7-48c8-845d-71351d3ff85a" parentExecutionId="f57c4edd-1dc5-4910-be1c-3d0ea8d5267b" testListId="8c84fa94-04c1-424b-9868-57a2d4851a1d" />
        <TestEntry testId="37181a6c-0a68-46b7-bdb8-171b97617892" executionId="12748d00-9f53-49b5-aeaf-7d30f2861b24" parentExecutionId="f57c4edd-1dc5-4910-be1c-3d0ea8d5267b" testListId="8c84fa94-04c1-424b-9868-57a2d4851a1d" />
        <TestEntry testId="b7d69751-60a1-4f51-96a4-4e02c352fd82" executionId="33a0d9db-fef4-4265-932e-1e697b559f0f" parentExecutionId="f57c4edd-1dc5-4910-be1c-3d0ea8d5267b" testListId="8c84fa94-04c1-424b-9868-57a2d4851a1d" />
        <TestEntry testId="3465f9f5-7d63-48f5-b556-f14aef3c2440" executionId="3d8e7c34-0ecf-45f5-8f43-4c20496b7240" parentExecutionId="f57c4edd-1dc5-4910-be1c-3d0ea8d5267b" testListId="8c84fa94-04c1-424b-9868-57a2d4851a1d" />
        <TestEntry testId="4762b4f8-2025-466a-9b66-aa1b7c8ec379" executionId="e1d30e83-657d-4fb3-8e16-771ead94e630" parentExecutionId="f57c4edd-1dc5-4910-be1c-3d0ea8d5267b" testListId="8c84fa94-04c1-424b-9868-57a2d4851a1d" />
        <TestEntry testId="7d3bd02b-dcf5-4fb4-aebd-2e53bdcd7299" executionId="828d23b9-eadf-49bc-b1a7-cb0eabf328f3" parentExecutionId="f57c4edd-1dc5-4910-be1c-3d0ea8d5267b" testListId="8c84fa94-04c1-424b-9868-57a2d4851a1d" />
        <TestEntry testId="bd45dd11-a29c-452a-b351-777ab7b2f487" executionId="8dc88aea-720f-4b7d-b128-ac2d08928520" parentExecutionId="f57c4edd-1dc5-4910-be1c-3d0ea8d5267b" testListId="8c84fa94-04c1-424b-9868-57a2d4851a1d" />
        <TestEntry testId="630086d0-3757-4d9d-9ebb-363ddb353eff" executionId="fccd457a-f94f-47d2-95da-6d0653d76119" parentExecutionId="f57c4edd-1dc5-4910-be1c-3d0ea8d5267b" testListId="8c84fa94-04c1-424b-9868-57a2d4851a1d" />
        <TestEntry testId="e68212a6-6e95-4a22-b4c6-0876e6f3d6cb" executionId="3bbacb89-fb18-409d-89c7-39eed08b5bc8" parentExecutionId="f57c4edd-1dc5-4910-be1c-3d0ea8d5267b" testListId="8c84fa94-04c1-424b-9868-57a2d4851a1d" />
        <TestEntry testId="9dd58238-e87d-4561-9d2a-e9aff760b237" executionId="da771c46-096d-4d90-9a57-0ba829b50361" parentExecutionId="f57c4edd-1dc5-4910-be1c-3d0ea8d5267b" testListId="8c84fa94-04c1-424b-9868-57a2d4851a1d" />
        <TestEntry testId="bd6c164e-6411-45b4-b218-606407168ca1" executionId="6a837ad3-1298-4245-a88f-5c28af4f6d5e" parentExecutionId="f57c4edd-1dc5-4910-be1c-3d0ea8d5267b" testListId="8c84fa94-04c1-424b-9868-57a2d4851a1d" />
        <TestEntry testId="3c825dc6-61d3-4098-a7d8-75050bc0c29d" executionId="beded39b-b782-403c-9336-ffa95b8f28a4" parentExecutionId="f57c4edd-1dc5-4910-be1c-3d0ea8d5267b" testListId="8c84fa94-04c1-424b-9868-57a2d4851a1d" />
        <TestEntry testId="cc085735-6455-4162-822e-badf4721f545" executionId="9002bcf2-1a0d-43bc-b30b-5b70a3d9376c" parentExecutionId="f57c4edd-1dc5-4910-be1c-3d0ea8d5267b" testListId="8c84fa94-04c1-424b-9868-57a2d4851a1d" />
        <TestEntry testId="b9652c7e-bac7-4084-88f9-d13a0867bf0d" executionId="cc46454d-260a-437e-8518-9942d2c25571" parentExecutionId="f57c4edd-1dc5-4910-be1c-3d0ea8d5267b" testListId="8c84fa94-04c1-424b-9868-57a2d4851a1d" />
        <TestEntry testId="0ad5cbb6-bef0-49cf-b849-b0e4ba38b0e6" executionId="2797ff6d-6169-4c10-849d-a3043abc190e" parentExecutionId="f57c4edd-1dc5-4910-be1c-3d0ea8d5267b" testListId="8c84fa94-04c1-424b-9868-57a2d4851a1d" />
        <TestEntry testId="97002c4d-9be8-4056-bd03-22e4cd445325" executionId="85695a8c-b1d8-4a5f-9d42-e0460a2e4e67" parentExecutionId="f57c4edd-1dc5-4910-be1c-3d0ea8d5267b" testListId="8c84fa94-04c1-424b-9868-57a2d4851a1d" />
        <TestEntry testId="91a29196-bde2-49d3-be9d-74e81d9a00b6" executionId="4bb6adb4-59e7-4de9-98d2-6c3c87eeba3e" parentExecutionId="f57c4edd-1dc5-4910-be1c-3d0ea8d5267b" testListId="8c84fa94-04c1-424b-9868-57a2d4851a1d" />
        <TestEntry testId="7413bbd6-3def-47e2-ad05-c4e55facdecf" executionId="1ba9fdfc-24fa-4179-884b-e2645f5abcd2" parentExecutionId="f57c4edd-1dc5-4910-be1c-3d0ea8d5267b" testListId="8c84fa94-04c1-424b-9868-57a2d4851a1d" />
        <TestEntry testId="08a20801-df92-4958-92dc-c2ad09b7ff66" executionId="b3c9cb43-83d8-4891-8481-03ddcad7ac2c" parentExecutionId="f57c4edd-1dc5-4910-be1c-3d0ea8d5267b" testListId="8c84fa94-04c1-424b-9868-57a2d4851a1d" />
        <TestEntry testId="200fea6a-228d-47d4-bc7b-8b05e5d69d4a" executionId="efb14ff1-bc08-46a9-9ea3-581aafc8a643" parentExecutionId="f57c4edd-1dc5-4910-be1c-3d0ea8d5267b" testListId="8c84fa94-04c1-424b-9868-57a2d4851a1d" />
        <TestEntry testId="6985639d-a1fa-4f9a-838c-84270460eda9" executionId="dff7f3ca-e050-45f1-a2a8-ea454a030178" parentExecutionId="f57c4edd-1dc5-4910-be1c-3d0ea8d5267b" testListId="8c84fa94-04c1-424b-9868-57a2d4851a1d" />
        <TestEntry testId="158872a0-5a99-4428-a81b-bc25cb8260e1" executionId="7c5f5118-27aa-4aeb-9115-8c3f5ac3492b" parentExecutionId="f57c4edd-1dc5-4910-be1c-3d0ea8d5267b" testListId="8c84fa94-04c1-424b-9868-57a2d4851a1d" />
      </TestEntries>
    </TestEntry>
    <TestEntry testId="09f33df9-de79-42ee-9d44-a1972cd2eca3" executionId="4fabbed2-0a7a-4c3c-acdf-7e7925ec29b0" testListId="8c84fa94-04c1-424b-9868-57a2d4851a1d">
      <TestEntries>
        <TestEntry testId="396d9239-2082-478a-b25a-3c6d420bf5ea" executionId="5956ce19-0668-498f-b96b-2eb9e99fd4a2" parentExecutionId="4fabbed2-0a7a-4c3c-acdf-7e7925ec29b0" testListId="8c84fa94-04c1-424b-9868-57a2d4851a1d" />
        <TestEntry testId="af41faf8-569c-47a3-87a5-a8d8a9c4163e" executionId="5568f9a0-a364-42cc-8401-d167446e31f5" parentExecutionId="4fabbed2-0a7a-4c3c-acdf-7e7925ec29b0" testListId="8c84fa94-04c1-424b-9868-57a2d4851a1d" />
      </TestEntries>
    </TestEntry>
    <TestEntry testId="baa567ed-47fb-4d66-85d3-f184befa49a7" executionId="724e859a-d2d0-4e1a-9e59-155f8067e3f5" testListId="8c84fa94-04c1-424b-9868-57a2d4851a1d">
      <TestEntries>
        <TestEntry testId="0a19221e-9930-4078-9ab5-99a0624b0db1" executionId="2cfd4f7e-6084-4290-9954-3f4b858fbd60" parentExecutionId="724e859a-d2d0-4e1a-9e59-155f8067e3f5" testListId="8c84fa94-04c1-424b-9868-57a2d4851a1d" />
        <TestEntry testId="856cc882-53b8-4d4d-925e-f6d2881dd707" executionId="0f05cc1a-c939-48fe-835b-d1dd41d18ddc" parentExecutionId="724e859a-d2d0-4e1a-9e59-155f8067e3f5" testListId="8c84fa94-04c1-424b-9868-57a2d4851a1d" />
        <TestEntry testId="348c1e4e-2eb5-49cd-9a0a-7cd94354416b" executionId="99bda22b-b909-4978-94f9-2a0413026768" parentExecutionId="724e859a-d2d0-4e1a-9e59-155f8067e3f5" testListId="8c84fa94-04c1-424b-9868-57a2d4851a1d" />
        <TestEntry testId="1a7a4b75-5925-412e-b356-0a22f6900e5a" executionId="c731f637-8ff6-4670-8a59-b5033df13cbb" parentExecutionId="724e859a-d2d0-4e1a-9e59-155f8067e3f5" testListId="8c84fa94-04c1-424b-9868-57a2d4851a1d" />
        <TestEntry testId="2bab6b22-c3e6-4e52-a790-e369156c20dc" executionId="2c5a3cc9-1c91-4f02-8521-05d3c6f76c54" parentExecutionId="724e859a-d2d0-4e1a-9e59-155f8067e3f5" testListId="8c84fa94-04c1-424b-9868-57a2d4851a1d" />
        <TestEntry testId="d75c9cb8-4d86-4bab-b299-9da309845e9b" executionId="c02cab39-f61d-41fc-baab-545f71038a28" parentExecutionId="724e859a-d2d0-4e1a-9e59-155f8067e3f5" testListId="8c84fa94-04c1-424b-9868-57a2d4851a1d" />
        <TestEntry testId="bb9c2622-eeb9-4886-b602-211a67ac329e" executionId="19b0eed0-cbe0-4e65-92a8-eb2b3dc1176c" parentExecutionId="724e859a-d2d0-4e1a-9e59-155f8067e3f5" testListId="8c84fa94-04c1-424b-9868-57a2d4851a1d" />
        <TestEntry testId="cfc402a6-342d-4179-8c39-b94553e8104e" executionId="45d5fa1c-7652-40a0-b647-c274f33f2908" parentExecutionId="724e859a-d2d0-4e1a-9e59-155f8067e3f5" testListId="8c84fa94-04c1-424b-9868-57a2d4851a1d" />
        <TestEntry testId="c9620a32-f65c-42c7-9347-fcb7718eeb98" executionId="ca7cf3ef-cb9a-414a-9904-086e5bbdeac2" parentExecutionId="724e859a-d2d0-4e1a-9e59-155f8067e3f5" testListId="8c84fa94-04c1-424b-9868-57a2d4851a1d" />
        <TestEntry testId="467eee6f-e52c-4392-8aeb-8e986f85204e" executionId="18b80a0b-69f5-4f0f-a012-81f219245531" parentExecutionId="724e859a-d2d0-4e1a-9e59-155f8067e3f5" testListId="8c84fa94-04c1-424b-9868-57a2d4851a1d" />
      </TestEntries>
    </TestEntry>
    <TestEntry testId="253d66d0-d07d-40f1-b744-7e3075e4c685" executionId="db482d52-2c39-4cf1-b925-acda2e71682b" testListId="8c84fa94-04c1-424b-9868-57a2d4851a1d">
      <TestEntries>
        <TestEntry testId="ddf2c3e8-2d54-433c-b14f-4b1f359b159b" executionId="fea8cdec-7042-4e73-a85b-2f1e323ff86f" parentExecutionId="db482d52-2c39-4cf1-b925-acda2e71682b" testListId="8c84fa94-04c1-424b-9868-57a2d4851a1d" />
        <TestEntry testId="4198f061-2f03-41ac-b989-ca6e97adf3c3" executionId="e8df4a34-aeca-4cd8-85fa-e426709f612a" parentExecutionId="db482d52-2c39-4cf1-b925-acda2e71682b" testListId="8c84fa94-04c1-424b-9868-57a2d4851a1d" />
        <TestEntry testId="91b64f06-2e4b-4582-8c48-89cc27a2550a" executionId="105c78c6-a0b9-4d40-a2fe-106d3d167c85" parentExecutionId="db482d52-2c39-4cf1-b925-acda2e71682b" testListId="8c84fa94-04c1-424b-9868-57a2d4851a1d" />
      </TestEntries>
    </TestEntry>
    <TestEntry testId="b7fa5ed3-fda6-4dda-b993-20ef0e1e272f" executionId="4996864d-968d-4515-94bf-d10dc54b5962" testListId="8c84fa94-04c1-424b-9868-57a2d4851a1d">
      <TestEntries>
        <TestEntry testId="b525afe2-8a3e-4ceb-a03d-39371f2251c2" executionId="50da5058-3431-470b-8337-cff08d282874" parentExecutionId="4996864d-968d-4515-94bf-d10dc54b5962" testListId="8c84fa94-04c1-424b-9868-57a2d4851a1d" />
        <TestEntry testId="a8da4608-4d8e-4859-bcfc-3bb8926c177a" executionId="32ada70f-cd32-476e-8645-8c1e237a1cd6" parentExecutionId="4996864d-968d-4515-94bf-d10dc54b5962" testListId="8c84fa94-04c1-424b-9868-57a2d4851a1d" />
      </TestEntries>
    </TestEntry>
    <TestEntry testId="3a29b0ca-affd-4bb7-a0dd-f1e995b60ee4" executionId="e290b94d-b0cf-48c2-9f36-b12927874a00" testListId="8c84fa94-04c1-424b-9868-57a2d4851a1d">
      <TestEntries>
        <TestEntry testId="b2676063-c5be-487f-9ffe-03658c007ea9" executionId="440aef64-c72d-41e5-b035-c6bc3272f42e" parentExecutionId="e290b94d-b0cf-48c2-9f36-b12927874a00" testListId="8c84fa94-04c1-424b-9868-57a2d4851a1d" />
        <TestEntry testId="6a499470-8283-499f-8ab0-02df50938e96" executionId="827d823b-a82f-4793-98fa-c6a6585a2971" parentExecutionId="e290b94d-b0cf-48c2-9f36-b12927874a00" testListId="8c84fa94-04c1-424b-9868-57a2d4851a1d" />
        <TestEntry testId="a92fd839-4413-4f9d-9eb3-342de4b9db88" executionId="702cedab-a535-4762-8f30-8be782e50d78" parentExecutionId="e290b94d-b0cf-48c2-9f36-b12927874a00" testListId="8c84fa94-04c1-424b-9868-57a2d4851a1d" />
        <TestEntry testId="098490f1-b539-4c2b-af07-49c482ee69c0" executionId="c1bcc7b7-7f51-4eca-836b-9ce38ac10432" parentExecutionId="e290b94d-b0cf-48c2-9f36-b12927874a00" testListId="8c84fa94-04c1-424b-9868-57a2d4851a1d" />
        <TestEntry testId="9e0024fb-fb2d-47ec-9ad2-39aac1bfc8c1" executionId="afc0b730-0ec0-4a56-873a-c553f53d9d0e" parentExecutionId="e290b94d-b0cf-48c2-9f36-b12927874a00" testListId="8c84fa94-04c1-424b-9868-57a2d4851a1d" />
      </TestEntries>
    </TestEntry>
    <TestEntry testId="dfad30d4-9d42-458a-a3c5-ff5ed564094d" executionId="f8aab9b5-0642-448a-9708-44bd65dac28d" testListId="8c84fa94-04c1-424b-9868-57a2d4851a1d">
      <TestEntries>
        <TestEntry testId="b2676063-c5be-487f-9ffe-03658c007ea9" executionId="6abbdd49-7c07-4040-84e1-0104876dc11e" parentExecutionId="f8aab9b5-0642-448a-9708-44bd65dac28d" testListId="8c84fa94-04c1-424b-9868-57a2d4851a1d" />
        <TestEntry testId="6a499470-8283-499f-8ab0-02df50938e96" executionId="41423c46-23bf-42e7-9fa6-fc7c2f7e619b" parentExecutionId="f8aab9b5-0642-448a-9708-44bd65dac28d" testListId="8c84fa94-04c1-424b-9868-57a2d4851a1d" />
        <TestEntry testId="a92fd839-4413-4f9d-9eb3-342de4b9db88" executionId="7dbb80f7-b767-4301-ae0f-fcaa3435c7b0" parentExecutionId="f8aab9b5-0642-448a-9708-44bd65dac28d" testListId="8c84fa94-04c1-424b-9868-57a2d4851a1d" />
        <TestEntry testId="8c4f68e4-5b95-43ae-b76e-f304c33ba666" executionId="8b738d6b-d827-420c-a4f9-ec0ecd9c471e" parentExecutionId="f8aab9b5-0642-448a-9708-44bd65dac28d" testListId="8c84fa94-04c1-424b-9868-57a2d4851a1d" />
        <TestEntry testId="9e8bb6e7-3eec-494e-9fd6-1fc7d714d292" executionId="82e67f7f-fada-4b20-b409-171b154dc946" parentExecutionId="f8aab9b5-0642-448a-9708-44bd65dac28d" testListId="8c84fa94-04c1-424b-9868-57a2d4851a1d" />
      </TestEntries>
    </TestEntry>
    <TestEntry testId="c6be914b-1ffd-4bbe-aa10-09fc5e14091e" executionId="287e44df-1fc5-442d-9925-f238ac9da39a" testListId="8c84fa94-04c1-424b-9868-57a2d4851a1d">
      <TestEntries>
        <TestEntry testId="8e1c547f-c450-4b93-8706-4004c659e44a" executionId="fa0a9f4c-ebfc-44a2-b81e-4d5e48f01e44" parentExecutionId="287e44df-1fc5-442d-9925-f238ac9da39a" testListId="8c84fa94-04c1-424b-9868-57a2d4851a1d" />
        <TestEntry testId="98cc5469-ae8a-44b0-afe5-0d9c79e9826b" executionId="e08eee9c-7e9c-4f70-8ed7-1cd805ebbf1a" parentExecutionId="287e44df-1fc5-442d-9925-f238ac9da39a" testListId="8c84fa94-04c1-424b-9868-57a2d4851a1d" />
        <TestEntry testId="810435de-6428-40a8-ab32-2a68ca8a1d29" executionId="a49406e0-08ae-44ba-9f4f-93fad3d281b0" parentExecutionId="287e44df-1fc5-442d-9925-f238ac9da39a" testListId="8c84fa94-04c1-424b-9868-57a2d4851a1d" />
      </TestEntries>
    </TestEntry>
    <TestEntry testId="da849ce0-67c0-4802-99de-082d0f50bf06" executionId="771df665-c07b-48b0-a474-fa615392a961" testListId="8c84fa94-04c1-424b-9868-57a2d4851a1d">
      <TestEntries>
        <TestEntry testId="b2676063-c5be-487f-9ffe-03658c007ea9" executionId="560cbe71-cb3e-44b7-9462-2af9fc7584d4" parentExecutionId="771df665-c07b-48b0-a474-fa615392a961" testListId="8c84fa94-04c1-424b-9868-57a2d4851a1d" />
        <TestEntry testId="6a499470-8283-499f-8ab0-02df50938e96" executionId="c983b53a-5944-4c81-bb1f-5cb481d78cff" parentExecutionId="771df665-c07b-48b0-a474-fa615392a961" testListId="8c84fa94-04c1-424b-9868-57a2d4851a1d" />
        <TestEntry testId="a92fd839-4413-4f9d-9eb3-342de4b9db88" executionId="9c376443-fcae-4135-b002-5fdce45aaaa4" parentExecutionId="771df665-c07b-48b0-a474-fa615392a961" testListId="8c84fa94-04c1-424b-9868-57a2d4851a1d" />
        <TestEntry testId="d89165c8-9197-4607-baef-4682daeae350" executionId="25872fb9-b7d7-4d9a-856a-3c8af1f3eb65" parentExecutionId="771df665-c07b-48b0-a474-fa615392a961" testListId="8c84fa94-04c1-424b-9868-57a2d4851a1d" />
        <TestEntry testId="d37dc675-9792-43d4-8ec2-8f7addcc71b5" executionId="e3a77aea-9e53-4a3b-b6bf-bd961a975ecd" parentExecutionId="771df665-c07b-48b0-a474-fa615392a961" testListId="8c84fa94-04c1-424b-9868-57a2d4851a1d" />
      </TestEntries>
    </TestEntry>
    <TestEntry testId="2cb36e42-435c-4545-99fe-85bbd5251072" executionId="51eed433-cb75-4b69-a5a6-91aca0ca5ced" testListId="8c84fa94-04c1-424b-9868-57a2d4851a1d">
      <TestEntries>
        <TestEntry testId="5c9014b2-4ebd-49d4-9997-036927b56464" executionId="d48130f7-e3d0-49ee-9ed1-1fc1b35e5463" parentExecutionId="51eed433-cb75-4b69-a5a6-91aca0ca5ced" testListId="8c84fa94-04c1-424b-9868-57a2d4851a1d" />
        <TestEntry testId="eecd4b2a-d9b9-4d31-937a-35fb4f87a266" executionId="3ab14ee9-ea48-482f-bc06-2f54dc466eb8" parentExecutionId="51eed433-cb75-4b69-a5a6-91aca0ca5ced" testListId="8c84fa94-04c1-424b-9868-57a2d4851a1d" />
      </TestEntries>
    </TestEntry>
    <TestEntry testId="05ab52ad-1451-4474-8260-872840a6fea4" executionId="6a8a4bb6-3b8d-4dc1-8917-5bd89fc99a9e" testListId="8c84fa94-04c1-424b-9868-57a2d4851a1d">
      <TestEntries>
        <TestEntry testId="f473e7a6-4e4d-476b-851d-3a0bffe28a38" executionId="1215982f-f053-41b7-993f-7dbb1024f73a" parentExecutionId="6a8a4bb6-3b8d-4dc1-8917-5bd89fc99a9e" testListId="8c84fa94-04c1-424b-9868-57a2d4851a1d" />
      </TestEntries>
    </TestEntry>
    <TestEntry testId="961446e5-cddd-4367-a187-97547c455a8a" executionId="a30754e8-d59e-433c-b758-12cbd27987af" testListId="8c84fa94-04c1-424b-9868-57a2d4851a1d">
      <TestEntries>
        <TestEntry testId="26afcecc-3dbb-4dc9-886c-a8503e08da92" executionId="7052b077-3d06-4c04-ba42-b848f3d83e20" parentExecutionId="a30754e8-d59e-433c-b758-12cbd27987af" testListId="8c84fa94-04c1-424b-9868-57a2d4851a1d" />
        <TestEntry testId="34a0acc8-9a92-4560-b199-5a3e0e07480e" executionId="73cc4ddd-175a-4cee-aa50-fb2d7ffd39f6" parentExecutionId="a30754e8-d59e-433c-b758-12cbd27987af" testListId="8c84fa94-04c1-424b-9868-57a2d4851a1d" />
        <TestEntry testId="8a0f7953-630b-4d09-aea5-5c61f043242d" executionId="494f43de-ebe6-4a52-9e8f-d3531b149aa6" parentExecutionId="a30754e8-d59e-433c-b758-12cbd27987af" testListId="8c84fa94-04c1-424b-9868-57a2d4851a1d" />
      </TestEntries>
    </TestEntry>
    <TestEntry testId="669fd08a-4c16-421f-9862-c508b053e427" executionId="146f054e-e9ea-4aa5-981c-1fbacda70429" testListId="8c84fa94-04c1-424b-9868-57a2d4851a1d">
      <TestEntries>
        <TestEntry testId="eb51f444-3483-4046-8a45-0f3daf464161" executionId="823636c3-17d3-4ab5-a4d8-27cfb2ef9995" parentExecutionId="146f054e-e9ea-4aa5-981c-1fbacda70429" testListId="8c84fa94-04c1-424b-9868-57a2d4851a1d" />
      </TestEntries>
    </TestEntry>
    <TestEntry testId="316705c5-13c3-4baf-b9b3-2780900de82e" executionId="b53301db-5aed-494b-910c-40b249f19319" testListId="8c84fa94-04c1-424b-9868-57a2d4851a1d">
      <TestEntries>
        <TestEntry testId="732b4b80-1915-4682-96b1-71eb94455fa4" executionId="95d76463-8a58-42e3-9e87-ef6c5ceb475e" parentExecutionId="b53301db-5aed-494b-910c-40b249f19319" testListId="8c84fa94-04c1-424b-9868-57a2d4851a1d" />
      </TestEntries>
    </TestEntry>
    <TestEntry testId="43222e69-ce5c-46f0-978b-a3096ebe7a17" executionId="c8803a03-a4a6-4e57-8f0f-0ed6b90c0554" testListId="8c84fa94-04c1-424b-9868-57a2d4851a1d">
      <TestEntries>
        <TestEntry testId="08686a50-29fb-46b4-bf4b-665b4414e5a4" executionId="c461cc70-1712-4a7a-a11f-bb3221caf68a" parentExecutionId="c8803a03-a4a6-4e57-8f0f-0ed6b90c0554" testListId="8c84fa94-04c1-424b-9868-57a2d4851a1d" />
        <TestEntry testId="dc6be907-fd6a-444d-bf5d-ca8b969f62af" executionId="e504296d-1d6c-4ee0-bfd2-5e3e7dd30cb8" parentExecutionId="c8803a03-a4a6-4e57-8f0f-0ed6b90c0554" testListId="8c84fa94-04c1-424b-9868-57a2d4851a1d" />
        <TestEntry testId="5e707158-ba2b-4a2f-abb7-e563ecd00195" executionId="8fa37124-18fd-49f4-bd1b-b4217f1afc45" parentExecutionId="c8803a03-a4a6-4e57-8f0f-0ed6b90c0554" testListId="8c84fa94-04c1-424b-9868-57a2d4851a1d" />
        <TestEntry testId="b022af0e-45ed-4bf7-8b1f-cdd6ac566b95" executionId="4c85dce4-3da7-4dcb-bf39-6caaddc442b3" parentExecutionId="c8803a03-a4a6-4e57-8f0f-0ed6b90c0554" testListId="8c84fa94-04c1-424b-9868-57a2d4851a1d" />
        <TestEntry testId="991a2003-aeba-4783-9db2-8c5158837738" executionId="865a8b36-cb05-4502-ac40-a3369e41da40" parentExecutionId="c8803a03-a4a6-4e57-8f0f-0ed6b90c0554" testListId="8c84fa94-04c1-424b-9868-57a2d4851a1d" />
        <TestEntry testId="d5b7755b-c375-49ff-9dfa-9ac98a7a3514" executionId="d693aa36-6963-4882-947c-965a6bc0b983" parentExecutionId="c8803a03-a4a6-4e57-8f0f-0ed6b90c0554" testListId="8c84fa94-04c1-424b-9868-57a2d4851a1d" />
        <TestEntry testId="78db93ea-de56-4dce-82ce-c501369e6dd5" executionId="08dbc18e-e714-4e6b-a465-a41cbc6ea4f8" parentExecutionId="c8803a03-a4a6-4e57-8f0f-0ed6b90c0554" testListId="8c84fa94-04c1-424b-9868-57a2d4851a1d" />
        <TestEntry testId="74ace49d-4e09-40b6-93f3-6783a4241141" executionId="5c2ef3f4-5d8e-417e-8967-de6a6bb40895" parentExecutionId="c8803a03-a4a6-4e57-8f0f-0ed6b90c0554" testListId="8c84fa94-04c1-424b-9868-57a2d4851a1d" />
        <TestEntry testId="46c0cce3-bf82-4e44-9f37-3b4780233b55" executionId="1300e908-0768-4bab-b9b8-a6e6e8174792" parentExecutionId="c8803a03-a4a6-4e57-8f0f-0ed6b90c0554" testListId="8c84fa94-04c1-424b-9868-57a2d4851a1d" />
        <TestEntry testId="a251de96-b822-42e6-9753-05f3723da022" executionId="de3287f3-40b5-4609-a359-177af2a179cb" parentExecutionId="c8803a03-a4a6-4e57-8f0f-0ed6b90c0554" testListId="8c84fa94-04c1-424b-9868-57a2d4851a1d" />
        <TestEntry testId="60e7253d-ca41-463b-b9c9-1ecc6dff86aa" executionId="637101cb-1026-4384-84ad-84f03b95083c" parentExecutionId="c8803a03-a4a6-4e57-8f0f-0ed6b90c0554" testListId="8c84fa94-04c1-424b-9868-57a2d4851a1d" />
        <TestEntry testId="9b2a366d-4b24-43da-940c-b6aa2d4910bc" executionId="20ca56e6-7831-4a9d-be06-d3b54ff78334" parentExecutionId="c8803a03-a4a6-4e57-8f0f-0ed6b90c0554" testListId="8c84fa94-04c1-424b-9868-57a2d4851a1d" />
        <TestEntry testId="43324639-762b-44ac-a2aa-161fa3a3d3eb" executionId="988f84b2-2819-4b12-a88a-81486e90b0cc" parentExecutionId="c8803a03-a4a6-4e57-8f0f-0ed6b90c0554" testListId="8c84fa94-04c1-424b-9868-57a2d4851a1d" />
        <TestEntry testId="4fb01a2d-4b98-4040-8db0-51805ebf268c" executionId="a7239c96-734d-40cb-bb4a-8bcc1f5bcca9" parentExecutionId="c8803a03-a4a6-4e57-8f0f-0ed6b90c0554" testListId="8c84fa94-04c1-424b-9868-57a2d4851a1d" />
        <TestEntry testId="4713b86d-9c72-4685-9f18-a55246db10a7" executionId="d98b37a3-1c71-4166-9d50-a1f476eab784" parentExecutionId="c8803a03-a4a6-4e57-8f0f-0ed6b90c0554" testListId="8c84fa94-04c1-424b-9868-57a2d4851a1d" />
        <TestEntry testId="bc05badd-a60d-476a-b452-43cc385785a7" executionId="6fa06e21-a185-45e7-80a8-841ceb29fea0" parentExecutionId="c8803a03-a4a6-4e57-8f0f-0ed6b90c0554" testListId="8c84fa94-04c1-424b-9868-57a2d4851a1d" />
        <TestEntry testId="8c25812d-610a-40a0-8f1a-4578591ea48e" executionId="3328a702-7eba-40b0-bcae-cf0817c705a2" parentExecutionId="c8803a03-a4a6-4e57-8f0f-0ed6b90c0554" testListId="8c84fa94-04c1-424b-9868-57a2d4851a1d" />
        <TestEntry testId="68276702-1cbc-44a7-9a89-447daae2b738" executionId="7417dfa9-9f29-4d8b-a5fe-240f1efbc893" parentExecutionId="c8803a03-a4a6-4e57-8f0f-0ed6b90c0554" testListId="8c84fa94-04c1-424b-9868-57a2d4851a1d" />
        <TestEntry testId="8cc75546-bcb7-4086-9229-4109e3642e1c" executionId="e8bdfd84-27bb-4086-b510-5bd524aae1ae" parentExecutionId="c8803a03-a4a6-4e57-8f0f-0ed6b90c0554" testListId="8c84fa94-04c1-424b-9868-57a2d4851a1d" />
        <TestEntry testId="d566bf62-2ec0-4ab0-acd2-da7f9833859f" executionId="c8799f59-8f71-4690-b886-dbb201b80102" parentExecutionId="c8803a03-a4a6-4e57-8f0f-0ed6b90c0554" testListId="8c84fa94-04c1-424b-9868-57a2d4851a1d" />
        <TestEntry testId="bd6588dc-11f8-4d89-8b1b-dd4bd935ea7e" executionId="a0c5669d-8280-4299-be15-5d161b66dace" parentExecutionId="c8803a03-a4a6-4e57-8f0f-0ed6b90c0554" testListId="8c84fa94-04c1-424b-9868-57a2d4851a1d" />
        <TestEntry testId="3871fe0d-3508-4736-b2b5-22f60f4d9db5" executionId="02286e13-b9ca-4e66-9fd5-e43607963c53" parentExecutionId="c8803a03-a4a6-4e57-8f0f-0ed6b90c0554" testListId="8c84fa94-04c1-424b-9868-57a2d4851a1d" />
        <TestEntry testId="9a8dadbb-c9d9-4b96-b33d-9a911a281531" executionId="9fc518c4-dcfe-4ee2-a272-225c0fa3d575" parentExecutionId="c8803a03-a4a6-4e57-8f0f-0ed6b90c0554" testListId="8c84fa94-04c1-424b-9868-57a2d4851a1d" />
        <TestEntry testId="4c826a47-5c29-42be-a1f9-3d97a36efb36" executionId="cb69d80c-2bdc-4b82-bdde-26069cfbb671" parentExecutionId="c8803a03-a4a6-4e57-8f0f-0ed6b90c0554" testListId="8c84fa94-04c1-424b-9868-57a2d4851a1d" />
        <TestEntry testId="56385dcd-c5e0-4906-8e47-ea9baef12d19" executionId="65204145-807e-429c-b873-38c032ed9c15" parentExecutionId="c8803a03-a4a6-4e57-8f0f-0ed6b90c0554" testListId="8c84fa94-04c1-424b-9868-57a2d4851a1d" />
        <TestEntry testId="242fe6f8-b5b4-4bcf-bf3d-76bf2d8ba241" executionId="8dec0c99-353f-460f-8915-c2425d694da8" parentExecutionId="c8803a03-a4a6-4e57-8f0f-0ed6b90c0554" testListId="8c84fa94-04c1-424b-9868-57a2d4851a1d" />
        <TestEntry testId="011c2ea3-afd7-4712-9c78-f1adf6f82a08" executionId="46acb5ff-d2be-48cb-8d1b-42350f55815d" parentExecutionId="c8803a03-a4a6-4e57-8f0f-0ed6b90c0554" testListId="8c84fa94-04c1-424b-9868-57a2d4851a1d" />
        <TestEntry testId="835f5d74-555a-4b70-b3cb-981ee9c51e3a" executionId="c995ab26-908e-4ca1-b580-06c7e475cb2e" parentExecutionId="c8803a03-a4a6-4e57-8f0f-0ed6b90c0554" testListId="8c84fa94-04c1-424b-9868-57a2d4851a1d" />
        <TestEntry testId="98e4edbf-99ab-415f-be3e-f0bd480f56ac" executionId="7cac7be6-6ccd-4845-bafa-dcf365897870" parentExecutionId="c8803a03-a4a6-4e57-8f0f-0ed6b90c0554" testListId="8c84fa94-04c1-424b-9868-57a2d4851a1d" />
        <TestEntry testId="34f850ab-5a81-4b4b-856a-d7d471e24ec4" executionId="cd4d0e88-1352-46f6-b468-9405f7b33ec3" parentExecutionId="c8803a03-a4a6-4e57-8f0f-0ed6b90c0554" testListId="8c84fa94-04c1-424b-9868-57a2d4851a1d" />
        <TestEntry testId="b3f318f1-73fd-46a8-9c1e-3d14e775df5b" executionId="23c9dc7a-b222-4211-9aed-cbf18117e346" parentExecutionId="c8803a03-a4a6-4e57-8f0f-0ed6b90c0554" testListId="8c84fa94-04c1-424b-9868-57a2d4851a1d" />
        <TestEntry testId="8c95d41b-bddd-4e98-a9d3-286550af6854" executionId="fde1cd94-1f48-4e97-b61a-def9c1aae303" parentExecutionId="c8803a03-a4a6-4e57-8f0f-0ed6b90c0554" testListId="8c84fa94-04c1-424b-9868-57a2d4851a1d" />
        <TestEntry testId="2c175dd7-b426-46fc-a5eb-91e21f7504da" executionId="68fb7669-0ac2-4575-b1df-544e15a5f66a" parentExecutionId="c8803a03-a4a6-4e57-8f0f-0ed6b90c0554" testListId="8c84fa94-04c1-424b-9868-57a2d4851a1d" />
        <TestEntry testId="b6960fad-4942-4920-8960-cd0c51405dc0" executionId="25b03f91-4302-44cf-a9ff-18df2b5c5bbd" parentExecutionId="c8803a03-a4a6-4e57-8f0f-0ed6b90c0554" testListId="8c84fa94-04c1-424b-9868-57a2d4851a1d" />
        <TestEntry testId="6b401679-f46a-4605-835b-f504016e8a79" executionId="b4309a42-3846-46ed-b03a-9987a452b259" parentExecutionId="c8803a03-a4a6-4e57-8f0f-0ed6b90c0554" testListId="8c84fa94-04c1-424b-9868-57a2d4851a1d" />
        <TestEntry testId="faf01475-c00f-4eee-99fd-1df36ed07c8f" executionId="8ba4e65c-3c82-48d9-a0db-de735718ac83" parentExecutionId="c8803a03-a4a6-4e57-8f0f-0ed6b90c0554" testListId="8c84fa94-04c1-424b-9868-57a2d4851a1d" />
        <TestEntry testId="5d919470-52e5-4a2d-8e78-c8244b5c85f9" executionId="a746cab9-dadc-44d9-853f-2c586084c32f" parentExecutionId="c8803a03-a4a6-4e57-8f0f-0ed6b90c0554" testListId="8c84fa94-04c1-424b-9868-57a2d4851a1d" />
        <TestEntry testId="ae40877d-7d45-40f5-9f1b-50ae9038f506" executionId="cb42e7e4-28a6-49e0-b143-ea55bcb24762" parentExecutionId="c8803a03-a4a6-4e57-8f0f-0ed6b90c0554" testListId="8c84fa94-04c1-424b-9868-57a2d4851a1d" />
        <TestEntry testId="a243acfc-4f2b-44da-b48d-4a7931f65822" executionId="cdb7a231-7bf1-4075-90c3-9b9205bca8e6" parentExecutionId="c8803a03-a4a6-4e57-8f0f-0ed6b90c0554" testListId="8c84fa94-04c1-424b-9868-57a2d4851a1d" />
        <TestEntry testId="48bbb256-7a2b-4351-b6ed-b013fa9be3d7" executionId="a7e99c7c-987f-42bc-bed0-d889521b77e7" parentExecutionId="c8803a03-a4a6-4e57-8f0f-0ed6b90c0554" testListId="8c84fa94-04c1-424b-9868-57a2d4851a1d" />
        <TestEntry testId="e45a768e-bd1d-44db-800c-bacd60c6c0be" executionId="4c90fc80-be73-4c0f-95f4-f7af4ff22181" parentExecutionId="c8803a03-a4a6-4e57-8f0f-0ed6b90c0554" testListId="8c84fa94-04c1-424b-9868-57a2d4851a1d" />
        <TestEntry testId="82c01489-9529-4e84-a33d-a92cf34b912b" executionId="4fb3f687-6109-4fb0-9619-94f59f683951" parentExecutionId="c8803a03-a4a6-4e57-8f0f-0ed6b90c0554" testListId="8c84fa94-04c1-424b-9868-57a2d4851a1d" />
        <TestEntry testId="e496eb08-39ad-43af-b3ce-c225317b7f03" executionId="0df4ddf4-235b-4e5c-a352-e0932ae35bc0" parentExecutionId="c8803a03-a4a6-4e57-8f0f-0ed6b90c0554" testListId="8c84fa94-04c1-424b-9868-57a2d4851a1d" />
      </TestEntries>
    </TestEntry>
    <TestEntry testId="b8960b60-a145-4098-b8bd-dad2a4992d60" executionId="885f4b1f-aa10-4de9-8c81-ba981614ddbe" testListId="8c84fa94-04c1-424b-9868-57a2d4851a1d">
      <TestEntries>
        <TestEntry testId="d44a9155-c153-47c8-8c58-249f59b365ec" executionId="a03487f9-77d7-49d4-a69f-8119d20035b6" parentExecutionId="885f4b1f-aa10-4de9-8c81-ba981614ddbe" testListId="8c84fa94-04c1-424b-9868-57a2d4851a1d" />
        <TestEntry testId="5636c408-fcdd-4012-886c-e164379dc32f" executionId="d78575d1-5fe6-41e7-9427-dcdccb0ca275" parentExecutionId="885f4b1f-aa10-4de9-8c81-ba981614ddbe" testListId="8c84fa94-04c1-424b-9868-57a2d4851a1d" />
      </TestEntries>
    </TestEntry>
    <TestEntry testId="f66834d7-c95c-4f2c-9d98-b772554dec73" executionId="0b866407-4328-4ae4-8a7a-3bd9c5830b9d" testListId="8c84fa94-04c1-424b-9868-57a2d4851a1d">
      <TestEntries>
        <TestEntry testId="a07a12d3-5e7e-49e3-a66b-b7459fe9f525" executionId="02575331-5094-4c2e-8e2d-ba3cbcea0dca" parentExecutionId="0b866407-4328-4ae4-8a7a-3bd9c5830b9d" testListId="8c84fa94-04c1-424b-9868-57a2d4851a1d" />
        <TestEntry testId="09be2742-7e2c-493d-bcc2-43b84692ddf0" executionId="86d4bc22-27d9-498b-8d5a-8baa5b65b933" parentExecutionId="0b866407-4328-4ae4-8a7a-3bd9c5830b9d" testListId="8c84fa94-04c1-424b-9868-57a2d4851a1d" />
        <TestEntry testId="c4925ed9-8fdc-4ed8-8bd6-cababb3e135e" executionId="cc903977-290a-4788-9a71-0040fa195f47" parentExecutionId="0b866407-4328-4ae4-8a7a-3bd9c5830b9d" testListId="8c84fa94-04c1-424b-9868-57a2d4851a1d" />
        <TestEntry testId="b05d4c38-4cf4-4236-b8a4-213450466b37" executionId="c92cab02-4963-4f65-ac31-0a6d75b004a9" parentExecutionId="0b866407-4328-4ae4-8a7a-3bd9c5830b9d" testListId="8c84fa94-04c1-424b-9868-57a2d4851a1d" />
        <TestEntry testId="90180760-e0a2-48ef-a27d-55b62573c3e9" executionId="d0083f30-6c42-40fc-b6e0-ce49c3eb0fdd" parentExecutionId="0b866407-4328-4ae4-8a7a-3bd9c5830b9d" testListId="8c84fa94-04c1-424b-9868-57a2d4851a1d" />
        <TestEntry testId="6e16461a-950a-4720-8f34-8cfecb9a4a6a" executionId="969c8be4-ccf5-4462-ab20-312e0bbb81ab" parentExecutionId="0b866407-4328-4ae4-8a7a-3bd9c5830b9d" testListId="8c84fa94-04c1-424b-9868-57a2d4851a1d" />
        <TestEntry testId="94f42d72-b521-4aed-bdfb-aa6bc9cd0741" executionId="2545678d-74a3-4202-8168-c027436663d2" parentExecutionId="0b866407-4328-4ae4-8a7a-3bd9c5830b9d" testListId="8c84fa94-04c1-424b-9868-57a2d4851a1d" />
      </TestEntries>
    </TestEntry>
    <TestEntry testId="31d2723c-b3d9-4fff-9f77-e20b9beae0f9" executionId="8d25963c-9e1a-4fad-96d3-9915c9d8660b" testListId="8c84fa94-04c1-424b-9868-57a2d4851a1d">
      <TestEntries>
        <TestEntry testId="4107d142-2edc-4e6c-b9c4-6bc1fde11230" executionId="5c6f2178-5643-4632-8de7-a0075280847b" parentExecutionId="8d25963c-9e1a-4fad-96d3-9915c9d8660b" testListId="8c84fa94-04c1-424b-9868-57a2d4851a1d" />
        <TestEntry testId="ac373464-f2e3-4bdb-9631-754852db711e" executionId="82b142fe-f8e9-443f-9c77-519c3b3e9590" parentExecutionId="8d25963c-9e1a-4fad-96d3-9915c9d8660b" testListId="8c84fa94-04c1-424b-9868-57a2d4851a1d" />
        <TestEntry testId="378893ca-cfb6-404f-a928-d29c13c3c2ce" executionId="deced993-2007-430a-ac25-bfd6432123aa" parentExecutionId="8d25963c-9e1a-4fad-96d3-9915c9d8660b" testListId="8c84fa94-04c1-424b-9868-57a2d4851a1d" />
        <TestEntry testId="75f9fa4c-19e7-403f-8d75-abcbe7ad4244" executionId="c35569f0-772d-4d4d-a619-db4c76075c38" parentExecutionId="8d25963c-9e1a-4fad-96d3-9915c9d8660b" testListId="8c84fa94-04c1-424b-9868-57a2d4851a1d" />
        <TestEntry testId="0d2bd962-bd07-4871-a71b-0866d86657c2" executionId="d6b5ac5b-7c3e-4aa9-b521-f8fc6b3f7290" parentExecutionId="8d25963c-9e1a-4fad-96d3-9915c9d8660b" testListId="8c84fa94-04c1-424b-9868-57a2d4851a1d" />
        <TestEntry testId="7b812793-e283-4d3d-ae0d-7b1e27caec91" executionId="d54ff314-5d1d-4592-a459-321b8ee74355" parentExecutionId="8d25963c-9e1a-4fad-96d3-9915c9d8660b" testListId="8c84fa94-04c1-424b-9868-57a2d4851a1d" />
        <TestEntry testId="dfc38cdb-ba52-4025-88b3-757a9d4fbe66" executionId="5e9a16ad-02ce-4889-b2c7-f4ff4868deb6" parentExecutionId="8d25963c-9e1a-4fad-96d3-9915c9d8660b" testListId="8c84fa94-04c1-424b-9868-57a2d4851a1d" />
        <TestEntry testId="4b1683f2-c0cd-44e3-84e1-0a6f84aefea3" executionId="bfda74d8-6410-4609-9e8c-5054c233efef" parentExecutionId="8d25963c-9e1a-4fad-96d3-9915c9d8660b" testListId="8c84fa94-04c1-424b-9868-57a2d4851a1d" />
        <TestEntry testId="bc85f5e8-bf41-4d4a-9dc2-61f12b7198c9" executionId="42462cf2-1977-4a71-ac1f-a9a872cec885" parentExecutionId="8d25963c-9e1a-4fad-96d3-9915c9d8660b" testListId="8c84fa94-04c1-424b-9868-57a2d4851a1d" />
        <TestEntry testId="82bd3ed2-58ff-47e1-8e29-0df7846d3ea5" executionId="76fe278f-9f21-4843-9f47-eb76ce9e7659" parentExecutionId="8d25963c-9e1a-4fad-96d3-9915c9d8660b" testListId="8c84fa94-04c1-424b-9868-57a2d4851a1d" />
        <TestEntry testId="0b62e3ae-be13-4a90-a50e-18d56c2e2441" executionId="b1199268-eb3d-4a1e-aeab-88cd5bdbc14e" parentExecutionId="8d25963c-9e1a-4fad-96d3-9915c9d8660b" testListId="8c84fa94-04c1-424b-9868-57a2d4851a1d" />
        <TestEntry testId="2611fac2-cf12-44c4-8db6-17740077bca2" executionId="14acaf22-6ed9-49f8-b5f6-145dd4b43a28" parentExecutionId="8d25963c-9e1a-4fad-96d3-9915c9d8660b" testListId="8c84fa94-04c1-424b-9868-57a2d4851a1d" />
        <TestEntry testId="fa931096-c9c6-4bed-8684-59e94b9774d3" executionId="4334a29d-785a-45c3-b499-dda0e5fbc91f" parentExecutionId="8d25963c-9e1a-4fad-96d3-9915c9d8660b" testListId="8c84fa94-04c1-424b-9868-57a2d4851a1d" />
        <TestEntry testId="a22fa927-2af3-4f4a-a335-b786d35782c2" executionId="3645c24b-2963-46ad-bb59-5a7a73ee8b59" parentExecutionId="8d25963c-9e1a-4fad-96d3-9915c9d8660b" testListId="8c84fa94-04c1-424b-9868-57a2d4851a1d" />
      </TestEntries>
    </TestEntry>
    <TestEntry testId="9350228e-b057-4b70-89dd-dfea14984673" executionId="14dcee77-e56f-4a69-86da-ce1a3e8ded1e" testListId="8c84fa94-04c1-424b-9868-57a2d4851a1d">
      <TestEntries>
        <TestEntry testId="430caaf1-1443-4b34-9927-147535979093" executionId="06c056a3-df28-4c2c-b91b-154460e36fa3" parentExecutionId="14dcee77-e56f-4a69-86da-ce1a3e8ded1e" testListId="8c84fa94-04c1-424b-9868-57a2d4851a1d" />
        <TestEntry testId="7d36834b-529e-4bad-be34-08eb7420b669" executionId="d481d263-fee9-4b81-a1c7-7b55116d6316" parentExecutionId="14dcee77-e56f-4a69-86da-ce1a3e8ded1e" testListId="8c84fa94-04c1-424b-9868-57a2d4851a1d" />
      </TestEntries>
    </TestEntry>
    <TestEntry testId="a01bdadc-6e6b-4ae9-8da3-d156e4b33aa9" executionId="d7d4b0e3-42d4-4263-9256-fe3a488b0cd6" testListId="8c84fa94-04c1-424b-9868-57a2d4851a1d">
      <TestEntries>
        <TestEntry testId="3239eb19-f049-4b5a-9beb-66f2ffddc87c" executionId="80253fbe-29f0-4a9c-a97d-d71765cd7338" parentExecutionId="d7d4b0e3-42d4-4263-9256-fe3a488b0cd6" testListId="8c84fa94-04c1-424b-9868-57a2d4851a1d" />
        <TestEntry testId="387fe72b-e5e3-452e-a94d-fcd36ed16014" executionId="3b967701-05f6-413c-af87-13338ca7689d" parentExecutionId="d7d4b0e3-42d4-4263-9256-fe3a488b0cd6" testListId="8c84fa94-04c1-424b-9868-57a2d4851a1d" />
        <TestEntry testId="60c260b2-3e79-4b96-a1cb-4567ba5ef5f3" executionId="78919151-15a6-48ee-a94e-507bc2465d7f" parentExecutionId="d7d4b0e3-42d4-4263-9256-fe3a488b0cd6" testListId="8c84fa94-04c1-424b-9868-57a2d4851a1d" />
      </TestEntries>
    </TestEntry>
    <TestEntry testId="c4366d9e-0bcd-4963-976f-5053ffaf4f4a" executionId="975c70bb-18bc-44e2-963d-471bef2b4959" testListId="8c84fa94-04c1-424b-9868-57a2d4851a1d">
      <TestEntries>
        <TestEntry testId="3f5b89c9-3343-4d86-a73f-ab992ae75a8b" executionId="ff2b8ef5-189e-45d7-8b7f-213a97eab402" parentExecutionId="975c70bb-18bc-44e2-963d-471bef2b4959" testListId="8c84fa94-04c1-424b-9868-57a2d4851a1d" />
        <TestEntry testId="3e45b771-db9b-4e88-bdd4-4c9238d2d749" executionId="88d81d4f-1c40-4eac-be29-a2b4decb77fe" parentExecutionId="975c70bb-18bc-44e2-963d-471bef2b4959" testListId="8c84fa94-04c1-424b-9868-57a2d4851a1d" />
        <TestEntry testId="198f76a4-8d1b-4dd8-830f-db26e4b9b3c0" executionId="f6cdba27-0f96-47c4-9d29-9604060a53cd" parentExecutionId="975c70bb-18bc-44e2-963d-471bef2b4959" testListId="8c84fa94-04c1-424b-9868-57a2d4851a1d" />
        <TestEntry testId="b62b3254-27f9-48b2-9223-f5ccc8bf136d" executionId="e1a1d321-775f-42de-b4bd-8bb1a109f20a" parentExecutionId="975c70bb-18bc-44e2-963d-471bef2b4959" testListId="8c84fa94-04c1-424b-9868-57a2d4851a1d" />
        <TestEntry testId="575c6b98-b60f-4705-91fc-cff1ff1dc701" executionId="58ce12b5-623e-4f40-aec9-226d6bfa6f35" parentExecutionId="975c70bb-18bc-44e2-963d-471bef2b4959" testListId="8c84fa94-04c1-424b-9868-57a2d4851a1d" />
        <TestEntry testId="e85014e8-4738-4b78-abca-e5f425ca70c4" executionId="c75428ba-7097-4c74-ac02-d19c8a83287f" parentExecutionId="975c70bb-18bc-44e2-963d-471bef2b4959" testListId="8c84fa94-04c1-424b-9868-57a2d4851a1d" />
        <TestEntry testId="cbc2713e-40c2-4b17-a507-eb9eb91f16d7" executionId="763cce7f-7d28-40b6-8795-2611da117fd6" parentExecutionId="975c70bb-18bc-44e2-963d-471bef2b4959" testListId="8c84fa94-04c1-424b-9868-57a2d4851a1d" />
        <TestEntry testId="7866c717-34c1-4e8a-9c63-49d7193c3bec" executionId="3aa66ccc-cfb9-420d-823e-723dd3b78175" parentExecutionId="975c70bb-18bc-44e2-963d-471bef2b4959" testListId="8c84fa94-04c1-424b-9868-57a2d4851a1d" />
        <TestEntry testId="932c4f0a-bf3d-4d59-a0a0-177d0bebb4f7" executionId="597f6739-0372-4c83-8a17-2e1045e20232" parentExecutionId="975c70bb-18bc-44e2-963d-471bef2b4959" testListId="8c84fa94-04c1-424b-9868-57a2d4851a1d" />
        <TestEntry testId="4f0ce3af-fb33-4f20-acdb-a9c9d76c2257" executionId="35ff44f6-6eea-4a91-a3fc-5808638d9dfa" parentExecutionId="975c70bb-18bc-44e2-963d-471bef2b4959" testListId="8c84fa94-04c1-424b-9868-57a2d4851a1d" />
        <TestEntry testId="14a5bfd2-3b1d-4d1b-8f39-d90b40ec8d63" executionId="093178d6-70c9-4e1f-80b3-93db715587d8" parentExecutionId="975c70bb-18bc-44e2-963d-471bef2b4959" testListId="8c84fa94-04c1-424b-9868-57a2d4851a1d" />
        <TestEntry testId="22f67e19-95af-4610-9fba-c290eb37227d" executionId="74ef5512-7932-4f29-9ddb-ae90100a5f8c" parentExecutionId="975c70bb-18bc-44e2-963d-471bef2b4959" testListId="8c84fa94-04c1-424b-9868-57a2d4851a1d" />
        <TestEntry testId="6fef274f-d884-49a3-a25c-92d00d06566b" executionId="5403fbe7-20dc-460b-a890-cba98da77255" parentExecutionId="975c70bb-18bc-44e2-963d-471bef2b4959" testListId="8c84fa94-04c1-424b-9868-57a2d4851a1d" />
        <TestEntry testId="e5a62a42-f9df-4c9d-801e-b756196830ab" executionId="3bbce6a2-c0cf-4d4e-8ea5-c2bb5523606e" parentExecutionId="975c70bb-18bc-44e2-963d-471bef2b4959" testListId="8c84fa94-04c1-424b-9868-57a2d4851a1d" />
        <TestEntry testId="8376c87c-7a21-4ba1-aacc-9c241444f9ee" executionId="75105f72-8803-4269-9249-5625ea483da0" parentExecutionId="975c70bb-18bc-44e2-963d-471bef2b4959" testListId="8c84fa94-04c1-424b-9868-57a2d4851a1d" />
        <TestEntry testId="b473dc6a-2d00-4c87-82b2-2583ba80e768" executionId="ce92da90-18f4-46d0-bcde-ad6e0a722e07" parentExecutionId="975c70bb-18bc-44e2-963d-471bef2b4959" testListId="8c84fa94-04c1-424b-9868-57a2d4851a1d" />
        <TestEntry testId="611a4100-101e-4e64-8647-7898fa1760a6" executionId="86583c49-a342-432f-846a-1e5f02de6ac0" parentExecutionId="975c70bb-18bc-44e2-963d-471bef2b4959" testListId="8c84fa94-04c1-424b-9868-57a2d4851a1d" />
        <TestEntry testId="9da3b122-7a11-4797-b694-9b80f6537902" executionId="eb264ce6-80f0-47b7-8602-2d9b00692b93" parentExecutionId="975c70bb-18bc-44e2-963d-471bef2b4959" testListId="8c84fa94-04c1-424b-9868-57a2d4851a1d" />
        <TestEntry testId="a91d7520-04a7-4936-a0f9-110397ed8bfd" executionId="18d26f5e-e602-4f1a-9ab7-7d876c260333" parentExecutionId="975c70bb-18bc-44e2-963d-471bef2b4959" testListId="8c84fa94-04c1-424b-9868-57a2d4851a1d" />
        <TestEntry testId="5860294f-4641-4464-ab5f-53527466999d" executionId="5a8b57c0-971b-40db-b2b2-5f3d5fcda21b" parentExecutionId="975c70bb-18bc-44e2-963d-471bef2b4959" testListId="8c84fa94-04c1-424b-9868-57a2d4851a1d" />
        <TestEntry testId="db06978e-e459-49bc-9a0c-097d4ee3e59b" executionId="f5675418-9096-456d-98fb-455e02db55c7" parentExecutionId="975c70bb-18bc-44e2-963d-471bef2b4959" testListId="8c84fa94-04c1-424b-9868-57a2d4851a1d" />
        <TestEntry testId="b5d4447c-75a6-44b3-bb46-ee84a0fbcd4f" executionId="4c3ca1bc-3c20-4a77-b254-080392cd8263" parentExecutionId="975c70bb-18bc-44e2-963d-471bef2b4959" testListId="8c84fa94-04c1-424b-9868-57a2d4851a1d" />
        <TestEntry testId="c4ade073-31aa-439d-8ffb-1c832efd2c09" executionId="c15a89bb-cd37-4fd4-a1fc-e95f04739826" parentExecutionId="975c70bb-18bc-44e2-963d-471bef2b4959" testListId="8c84fa94-04c1-424b-9868-57a2d4851a1d" />
        <TestEntry testId="ebed6a25-d46a-4075-8741-2f22f6d120c5" executionId="df18bd01-6184-432e-9bf6-aaf954813903" parentExecutionId="975c70bb-18bc-44e2-963d-471bef2b4959" testListId="8c84fa94-04c1-424b-9868-57a2d4851a1d" />
        <TestEntry testId="c610d88d-8fc3-4ab5-acb6-c549d5acfa43" executionId="8c9a765c-e604-4c60-b787-4c27b0b10224" parentExecutionId="975c70bb-18bc-44e2-963d-471bef2b4959" testListId="8c84fa94-04c1-424b-9868-57a2d4851a1d" />
        <TestEntry testId="e94fda7c-c752-4545-9d4e-191e3256c352" executionId="f6d6be83-2930-49fa-a60a-004fcaa2db01" parentExecutionId="975c70bb-18bc-44e2-963d-471bef2b4959" testListId="8c84fa94-04c1-424b-9868-57a2d4851a1d" />
        <TestEntry testId="99a89e89-714a-4be2-b702-6e3b51104f7b" executionId="497ab861-6f0a-4a8b-a1f1-2d31f6f50cf9" parentExecutionId="975c70bb-18bc-44e2-963d-471bef2b4959" testListId="8c84fa94-04c1-424b-9868-57a2d4851a1d" />
        <TestEntry testId="3896d278-ef5b-48f6-8253-5488fa1827de" executionId="5b6dbb9c-081a-475c-994e-e987b9d527d9" parentExecutionId="975c70bb-18bc-44e2-963d-471bef2b4959" testListId="8c84fa94-04c1-424b-9868-57a2d4851a1d" />
        <TestEntry testId="3896d278-ef5b-48f6-8253-5488fa1827de" executionId="2f2c033c-8aff-453d-b5af-9b18b9d400ba" parentExecutionId="975c70bb-18bc-44e2-963d-471bef2b4959" testListId="8c84fa94-04c1-424b-9868-57a2d4851a1d" />
        <TestEntry testId="006f0543-278c-434b-9d84-efe5113a45db" executionId="0bebf011-2003-42f0-bfda-feec989aa1c8" parentExecutionId="975c70bb-18bc-44e2-963d-471bef2b4959" testListId="8c84fa94-04c1-424b-9868-57a2d4851a1d" />
        <TestEntry testId="24946aba-36bf-4ddb-a70a-482f187ed5cd" executionId="fab32b74-44e1-450d-a6a4-e861a191c6a1" parentExecutionId="975c70bb-18bc-44e2-963d-471bef2b4959" testListId="8c84fa94-04c1-424b-9868-57a2d4851a1d" />
        <TestEntry testId="c3dd2e11-a10a-4e79-94db-179a58bc1057" executionId="4667740c-cf62-414d-bca2-6634b3bf9afd" parentExecutionId="975c70bb-18bc-44e2-963d-471bef2b4959" testListId="8c84fa94-04c1-424b-9868-57a2d4851a1d" />
        <TestEntry testId="8d092a9e-83be-4dd5-b6ea-84ed367cac3e" executionId="4dd8affd-bf4b-481f-b0b9-8675f10f1106" parentExecutionId="975c70bb-18bc-44e2-963d-471bef2b4959" testListId="8c84fa94-04c1-424b-9868-57a2d4851a1d" />
      </TestEntries>
    </TestEntry>
    <TestEntry testId="e973b008-10c6-4095-91c6-17c2d0b597b4" executionId="541785e5-a7eb-48a6-9821-1745b15d55bf" testListId="8c84fa94-04c1-424b-9868-57a2d4851a1d">
      <TestEntries>
        <TestEntry testId="b7b2912f-9241-4a87-979b-58e4e8968e1b" executionId="8567b66c-2c94-4bd4-b637-c182cbb06dd6" parentExecutionId="541785e5-a7eb-48a6-9821-1745b15d55bf" testListId="8c84fa94-04c1-424b-9868-57a2d4851a1d" />
        <TestEntry testId="3f922647-99e3-4060-9da8-2ed5fd64dccf" executionId="12881e18-0c02-4797-befe-21d345314171" parentExecutionId="541785e5-a7eb-48a6-9821-1745b15d55bf" testListId="8c84fa94-04c1-424b-9868-57a2d4851a1d" />
        <TestEntry testId="e099a956-5f2c-4c81-b895-a89df96db395" executionId="71208b55-0c8d-4be0-9b05-34fc98b85de5" parentExecutionId="541785e5-a7eb-48a6-9821-1745b15d55bf" testListId="8c84fa94-04c1-424b-9868-57a2d4851a1d" />
      </TestEntries>
    </TestEntry>
    <TestEntry testId="e701c3b4-981f-4e2f-8926-8ed8060b794f" executionId="d14506b3-816b-478b-9a6a-719f2a02dfe8" testListId="8c84fa94-04c1-424b-9868-57a2d4851a1d">
      <TestEntries>
        <TestEntry testId="a3461089-9573-411d-8812-74ebb5f07489" executionId="71e52e77-c635-4907-a8e1-4c3e55a67b64" parentExecutionId="d14506b3-816b-478b-9a6a-719f2a02dfe8" testListId="8c84fa94-04c1-424b-9868-57a2d4851a1d" />
        <TestEntry testId="91b64f06-2e4b-4582-8c48-89cc27a2550a" executionId="c3109bb9-5352-4c8f-b0b8-f0d690d09bcf" parentExecutionId="d14506b3-816b-478b-9a6a-719f2a02dfe8" testListId="8c84fa94-04c1-424b-9868-57a2d4851a1d" />
        <TestEntry testId="49ed6fd3-d4fc-405d-8842-da0e3422f89e" executionId="0103cc46-7f4b-4314-a1b8-70a019ab66bd" parentExecutionId="d14506b3-816b-478b-9a6a-719f2a02dfe8" testListId="8c84fa94-04c1-424b-9868-57a2d4851a1d" />
        <TestEntry testId="2dbbb26d-2dc9-453c-a6bc-2eab9bfc5360" executionId="15fa13f7-7f13-4d95-9d42-7fcf25718b80" parentExecutionId="d14506b3-816b-478b-9a6a-719f2a02dfe8" testListId="8c84fa94-04c1-424b-9868-57a2d4851a1d" />
      </TestEntries>
    </TestEntry>
  </TestEntries>
  <TestLists>
    <TestList name="Results Not in a List" id="8c84fa94-04c1-424b-9868-57a2d4851a1d" />
    <TestList name="All Loaded Results" id="19431567-8539-422a-85d7-44ee4e166bda" />
  </TestLists>
  <ResultSummary outcome="Failed">
    <Counters total="365" executed="364" passed="6" failed="358" error="0" timeout="0" aborted="0" inconclusive="0" passedButRunAborted="0" notRunnable="0" notExecuted="0" disconnected="0" warning="0" completed="0" inProgress="0" pending="0" />
    <Output>
      <StdOut>Test 'courseandcoursescheduledetailsforbothallowoverrideandmatchoverride-generictest' was skipped in the test run.&#xD;
</StdOut>
    </Output>
  </ResultSummary>
</TestRun>